<?xml version="1.0" encoding="UTF-8"?>
<!-- Generated by org.testng.reporters.JUnitReportReporter -->
<testsuite skipped="0" hostname="LAPTOP-JEI8AS0O" name="testcases.MyInfoFeature" tests="2" failures="1" timestamp="2021-10-10T15:51:00 EDT" time="1.514" errors="0">
  <testcase name="getMyInfoSideMenuItems_005" time="0.753" classname="testcases.MyInfoFeature">
    <failure type="java.lang.AssertionError" message="Lists differ at element [7]: Tax exemptions != Tax Exemptions expected [Tax exemptions] but found [Tax Exemptions]">
      <![CDATA[java.lang.AssertionError: Lists differ at element [7]: Tax exemptions != Tax Exemptions expected [Tax exemptions] but found [Tax Exemptions]
at org.testng.Assert.fail(Assert.java:99)
at org.testng.Assert.failNotEquals(Assert.java:1037)
at org.testng.Assert.assertEqualsImpl(Assert.java:140)
at org.testng.Assert.assertEquals(Assert.java:1103)
at org.testng.Assert.assertEquals(Assert.java:1065)
at testcases.MyInfoFeature.getMyInfoSideMenuItems_005(MyInfoFeature.java:56)
at sun.reflect.NativeMethodAccessorImpl.invoke0(Native Method)
at sun.reflect.NativeMethodAccessorImpl.invoke(NativeMethodAccessorImpl.java:62)
at sun.reflect.DelegatingMethodAccessorImpl.invoke(DelegatingMethodAccessorImpl.java:43)
at java.lang.reflect.Method.invoke(Method.java:498)
at org.testng.internal.MethodInvocationHelper.invokeMethod(MethodInvocationHelper.java:133)
at org.testng.internal.InvokeMethodRunnable.runOne(InvokeMethodRunnable.java:45)
at org.testng.internal.InvokeMethodRunnable.call(InvokeMethodRunnable.java:73)
at org.testng.internal.InvokeMethodRunnable.call(InvokeMethodRunnable.java:11)
at java.util.concurrent.FutureTask.run(FutureTask.java:266)
at java.util.concurrent.ThreadPoolExecutor.runWorker(ThreadPoolExecutor.java:1149)
at java.util.concurrent.ThreadPoolExecutor$Worker.run(ThreadPoolExecutor.java:624)
at java.lang.Thread.run(Thread.java:748)
]]>
    </failure>
  </testcase> <!-- getMyInfoSideMenuItems_005 -->
  <system-out>
    <![CDATA[Actual:[Personal Details, Contact Details, Emergency Contacts, Dependents, Immigration, Job, Salary, Tax Exemptions, Report-to, Qualifications, Memberships]
Actual:[Personal Details, Contact Details, Emergency Contacts, Dependents, Immigration, Job, Salary, Tax exemptions, Report-to, Qualifications, Memberships]
<img src="data:image/png;base64, iVBORw0KGgoAAAANSUhEUgAABVcAAAJWCAYAAABcXLeiAAAAAXNSR0IArs4c6QAAIABJREFUeJzs3XeQXed55/nve8LNt2/37YyOQCNnAiBIgkFMEkmRSp6V7Z2VvfbWVm251qr1Fv/0uqamamprw3hnZmvsCeWqVVkzli3LEiVKJkVSEkmRBBGIDDRy6m50DjeHc8777h/3otFANwIpCiDk51PVbPbtE95z7u1/fnjO8yhjjEEIIYQQQgghhBBCCCHEvJdffvm221h3YR1CCCGEEEIIIYQQQgjxG0fCVSGEEEIIIYQQQgghhPgEJFwVQgghhBBCCCGEEEKIT0DCVSGEEEIIIYQQQgghhPgEJFwVQgghhBBCCCGEEEKIT0DCVSGEEEIIIYQQQgghhPgEJFwVQgghhBBCCCGEEEKIT0DCVSGEEEIIIYQQQgghhPgEJFwVQgghhBBCCCGEEEKIT0DCVSGEEEIIIYQQQgghhPgEJFwVQgghhBBCCCGEEEKIT0DCVSGEEEIIIYQQQgghhPgEJFwVQgghhBBCCCGEEEKIT0DCVSGEEEIIIYQQQgghhPgEnHu9gF+nsl9hujTDcP4Kw7kRrhTGGC9OMFuZo+yX8Y0P5tr2BkPMifHYsof55+u+jkKhlLp3FyCEEEIIIYQQQgghhPjM+o0LV33tM1aY4NTsGU5Mn2Q4P8JcJUtFV/ACn0D7BEZjMMwnq0aBAoMm7IRZ1TiAQkJVIYQQQgghhBBCCCHEzf1GhaujhXH2jR3gwMQhrhTGyFfzVIMqGg2AMbXqVGMMUSeCpWw87RHg11+LMpBaztrm1VKxKoQQQgghhBBCCCGEuKXfmHB1ojjFK2d/wvHpQSZKk3jaqxWmKlAoDAaNJubEGGhYTtgOMVocY7o8g29qwWtLtIXHlj1MMpS415cjhBBCCCGEEEIIIYT4jLvvw1VjDJWgwusX32T36B5yXo5anKpAmas1q8SdGBua19EVX0ZgAs5nLlDwiwQmwBhNwo2zvmkNm1o2YCmZ8yWEEEIIIYQQQgghhLi1+z5c1UZzcuY0713ZTd7L13ulqvmeqnEnRn9DHysbVzDQ0M9YcZITM4NcyF6i4BfrR1Esi3fyYPs2GkLJe3g1QgghhBBCCCGEEEKI+8V9Ha4aYyj5JX429C7T5VmMMShVC1bDdoiWaAurUgNsb9tKOtLE8ZlBfj70DhPFiVrHAKXQRtMQSrIuvYZ10mtVCCGEEEIIIYQQQghxh+7rcDUwmvHiFHvG9qO1xgAWFo3hBlY1ruSRzp2sbFzOVGmaN4d+wS+G3wXAUvW2AYClLNan1/BQxw5ibuweXo0QQgghhBBCCCGEEOJ+cl+Hq772uZwdIu8VCFsuruXQHG3mqa7HeXTZQ6QiKQanT/HKuR9zbGYQW9nzoSoYtNG0xVrZ0rqZlU0D9/RahBBCCCGEEEIIIYQQ95f7Nlw1xuBrj/OZC4DBtmx2tG/j+b5nWZ1eSTWo8ouh9/jJhdcZK47hqOsv1dT3eaTzIXZ2bCNku/fmQoQQQgghhBBCCCGEEPel+zZcBagEVU7PncPC4rcGvsKzfZ8jHWmi6BV5Z/g9fnLhp4wXJ7GVvWjfauDxdPcTPNr5EE2RxnuweiGEEEIIIYQQQgghxP3svg1XtdFUgwoxJ8r/uu1/ZlvbVlLhJIVqkR+df513ht9jujSNpRQsaAUAtVB2R9sDPNf/LP2pXixl3bPrEEIIIYQQQgghhBBC3J/u23AVIObG+OrKl1iR6ifuxtBG896V3Xw4uo/p8gxGXY1VDcbUAlmlFI907OSF5Z9nRaof15J2AEIIIYQQQgghhBBCiI/vvg1XLWURd+OsTa8mbIcwxvDR+CHeHn6PkcIovglAKSwUYTtMOtLEioY+BlLL2dKyga7kMiJ2GKXU7U8mhBBCCCGEEEIIIYQQN7hvw1WlFI5y5i9gtpzhw/GDFLXHQONyGt0EDaEkiVCCVKSJlmgz7dFW2mKtpMIN2NIKQAghhBBCCCGEEEII8Su4b8PVxQxr0ytZ27iCBuWSUhYNVpioGyMabiAabQQnApYj1apCCCGEEEIIIYQQQohf2WczXDW1wVNG+6ADUBZYNkpZcJNgtAHFM+EOyI6hc1egnAO/CgqMHcaLJFHxZlSiFSvZhoqmwInUjimEEEIIIYQQQgghhBAf02cqXDVGg1/BlHOY8hymlIFqEZwwKpxEheMQTqBCcZQTroWudXa1gB4fRA8dxEyewy/OYqoFjF8FDNghrGQrqrkPu2MDVutq7HQfxFsgFJWQVQghhBBCCCGEEEII8bF8NsJVYzBBFVOcQU+exR85hL5yBJ0dw1RLYIex4mmsVCdW2yrs1jVY6X5UvAlC8VowGm2Enu1YLQOQn8SZHUZPnUPPDqMLU1ApoOdGYGaI4Oz7qEQbdt92nIHHsDs3QixdC2yFEEIIIYQQQgghhBDiDihj6s/g3yPGGAg89PQ5vMHX8Y6/jslPgWUBCqWs2jZGX10yKtqA3b0VZ81TOMt3ocINoKxFvVSNV8bkJwkmTuFf2od//j0oZkB7XL1sK9mGu+YZnHXPYbWuRln2TVsPCCGEEEIIIYQQQggh/ml4+eWXb7vNvQ9X/TL+pT14e79NcPkgWHbtC0BrMMG1bVG14LO+ZGWHsPu2E370f8RqXYtyQjc/j/bRs0N4J9/AO/C9WssBq34sY7A71xN65A9xVzwG1mejoFcIIYQQQgghhBBCCHFvfObDVRNU8U68hnf4+wQTZ1E6ABSgwYBq6cfqWIcVbwZlYyo5TOYKem4YPTeKCjywXVSsidBTf4K74lFUKLb0uYwB7YNXJpgYpHrg7wgu7a+1HVAWKBu7dQWhrV/D3fQVUPZdvRdCCCGEEEIIIYQQQojPjjsJV+9diabR+Offxzv6Y4LxM9ce+1cGFWsmtP13sHq2Y8VbwA7VM1cNfhlTyqCnzxMMH8Q79x4mM0b17X+HMhq7/2GsaGrR6ZRSYLtgu9jLthCOt+A1fB//9DuY3ASGgGDqPJUD34N4C+7AE3f3fgghhBBCCCGEEEIIIe4r9yxcDcYH8QffQE+cBhOg6o/8W03dhHb8c+zlj6JiTWA51/dSNQaTbMdq7MJqX4fdsx3/5Ft4l/ZS3f83hKONqJ5tKNu96bmVE8Zq6sXd/DWwQ/gnforJT9YKZmcu4+3/DlbraqxkW21YlhBCCCGEEEIIIYQQQtzgnoSrupzDO/6PBEMHwSvXAkyjUck23G2/g7P6GVSkYemdlaoFp9FGrEgKK9WJle5Hta7AO/JD/Et7sJp6UanOW65BWQ5Wuh93/RcxlQLm5FtQyYP2CUZP4B3+PuGH/xCcyMcecBUEAYHWKKVwbHvRoK2FjDForQmCAAPYloXjfPpvizGmtq4gQCkL13Vuua6Pe0xQWJaFZSmUuvZ14/ZX3e7cxhi0MQS+jzEGy7KwbRvLur/DbmMMBkPBK+JaLiHbxfqEAb42Bl/7VIIKcTeO4vb3VQghhBBCCCGEEEJ8eu5NuDp2jGDoAKY0Vx9QpSGawu7fibPqyZsHqzdQSkEojt25ARVtAK+Mzoyi54ZQyTaUdeu+qcqysdL9OKuexOQmCM69X1tPUMUf/CnuuudqQe2CKthq1WNubpa5TIZQKIRSip7ubpRSeJ7H5aEhzpw5w/T0DD29PWx/4AESicSicxcKBcbGxxm6PMTExAS5fB6loKGhgfb2dnp6eljW2YnrurcMzLQxVCoVRkZGsG0b3/NpbGykqakR27YplUqMjY9z8eJFJicnKZZKhFyXdDpNd1c33d1dpFKpOw4tgyAgm8sxNjbG0OUhJqcmqVQqgMK2LcLhMLFYnEg4jOu62E4tXK5Uqhit2bJ1Cy3NzUtekzGGUqnE+MQEly9f5sroKIV8AWM0oVCIpqYmuru6Wda1jHQ6Tchdujo5W80xUZyk4lfQxmAri/Z4G83R9G2vr+SXmShOkq3kcCybol+mJ7mMdKSJbCXHRGmSglfEUhaOsvFNgBd4VLWHRuMoh5gTJRVuoDmSJu7GsG/4HFaDKq9dfJPGcCMPtG6iJbr0/bgVg2GuMsfRyRNMlqZ4vv9Z4u7S/YaFEEIIIYQQQgghxK/HXQ9XjVfGP/ceOjcBxsxXhVrpXpzVT9d6rH4CVmMP7gNfxz/9c6Ae2HL7oVTKdrA71qP7HyIYOQzVAsaAmR3CHz6AG29BLejhmi/k2b//I/bs3Us8HqetrZXf+8Y3qFQq7N23j/fff5+Dhw4xNTXNM08/zfq16+bDVWMMvu9z6dIl9h84wLmz57hyZZS5uTkKhQKVagUFtLW3s3btGh7csYNt27bRkExi20tfi9GafD7P97//A/wgoFqt8uQTT7B9+zYKhQIHDh7iwIEDnDp1ionJCYrFErZt09zczIrly9m6dSsPPbST3p4eQqHQLe9VoVjkwvkLHDh4kNNnzjAzM0M4HCYei6GUIpvLMTk5QblcxnVDdLS309bWhjaG2dkZjDZ0dHbSnF4cclYqFUZHxzhy9AhHjx7l4qVLaG2IxWLYtk0QBPi+RyKeoK+/jwe2bmX9unU0NTUtOla2kuX9K3sYyV/BGENjuJGneh6/o3C14BU4PjXIgYnDhGyXvFfkS8ufJ+kmuJwb4sPRfYwURnGVQyqUojmaxgAlv0SmmmWukiFkuzRHmulL9rC6aSX9DT2EnXDt/cKQqWR56/LbhO0wqVCSVLiBkH3re38jX/tczFzmR+dfI+/leXTZw8TcaK29hhBCCCGEEEIIIYS4K+56uKqzo/jDhzDVYq1azxgIx7Hb12Iv2/QrHdtO96M2vgRWCD5GyGRFktitK7FaB9BDh2oVr8rCP/MOTu9OTCQ533u1WChy6MhhvvOd7xCLx3nyyc/xjf/uG+zdu4+/+A//gVOnTlGplMFAsVTCrVdXGmOoVqvs3bePn/70Dc6ePUs0FqOnp4fVq1dhWRZzc3OcPHWKwcFB9uzZwwcffMDv/97v8+STn6M5nb5pdaPWmtdef52xsTEsy6JrWa2y86MDB3jn3XfIZrMkEwl6e3qpVqtMTExw6tQpjh49wocffsjly5f58pe/xLq1a29awVosldi7dy8/+tGrHDhwgFQqxWOPPcaju3bR29uDZVkMj4yw+4Pd/OznP+fcufMEQUB/fz9tbW1k6oFqLBZddOxSqcTgyZP842uv8e4vf0k2k2Hrlq088/STrFy5kmgkwuzcLCdOnODDPXv46MBH7N79IV/+0kt84fOfXxSw+jrg7Nx5Dk0ewVKKFanl7Fq2844+C74OmCxNs3tsL45V+/N4vGsX2mimSjMMzpzmQvYSjuWwsnEFOzq2kQwl8I3PeGGCo9MnGJw5yeHJY8ScKFtaNvHC8s+zLr0a27IxxjBdmqUSVBgtjHN06ji9yW464u13XL1qjGG2NMeRqWOcnDtFa6SZsl+utV2QbFUIIYQQQgghhBDirrnr4WoweRpTnAWtwbIwOsBKtmN1bsAKL358/uOyEm0ffydloRKt2C0DBEMHa/mUZaPHBjGFSUgtA7sWOrquQyQcwbIsQq5LR3sHV0ZH+da3vsXE+Djd3d04tk2xVKQxlcJxahWnWmvmMhn+/V/8Jblcjt//vd/j4Yceor2jnXC9YrRcqXD27Dl+8MorvPLKKwwODvJXf/VXtLe3sfPBBwmHw4uXrhSRcITGxhRTU1OEQiFKpRJvv/MOR44eZWDFCp566il6e3qJx2NkslmOHDnK3/7d33Hy5EkmJib44Y9+RCQSobenh2QyuegcWmtOnz7DX//1t3n/g/fZsH493/jGN3jpxRevW1NXVxebN22itbWVv/3ud8lkM4RDIV54/jmamprme64uDBGDIODMmbP87d99lx+9+iqNqQaefeZZ/uiP/oiuZdf3zX34oYfY9cgu/uY73+GHP/whY2NjRKNRnn/uueurbpXCUTaO5aAARzk46uYDzhaylEXIdnEsB1tZKCxClotSFpaysC0HSykcy6I91sr29i1EnMj8/js7tvODsz/mg9E9TJen2T95gEQoTm+ym4Zwsv44fwZtNErB0akTbG7ZSEusGfcO1+hrn/PZi3w0cQgLC20MuWoec/tdhRBCCCGEEEIIIcSn6O6Hq0MHwatcNyPKamjHTvdzL8vuVCgG8ebaGpQCFKaUQecmsIMq1PuuhkIhIpEIuh4UVsoV/uvf/FeK5RJ/8id/woYN63Fdl9HRMWzbng8UtTaUS2VCboj//V/9K9avX7foMfxYNMrGDetpb2tlenqan/3sLc6cPcMv3n6Hvt4+enq6l6xudBybcChcGyYFvPHGGyxfvpwvvfQiz33hC0Qi18K/q+0Aenq6+b/+73/N4OAg09PTHDhwgMFHH+XBHdsXnaNYLPLdv/8uhw4dIhaLs2vXLp5/7rklw95oNMpXvvIVhq+M8O1vf5sfvPIDWtta+a2vfW1RawNjDLOzs/zD97/Pa6+9RjgU4rFHH+Ob3/wm7W2tS1ynw4YN63nhhRc4f/48+/bv59//xV8wMDDA+nXrau+jUoQtd77qtDYkzCa2IAC9FVspQtaCkFNBxAnXglbLqg+fUoAFWHg6YOGRm6Npnut7hrHiGLPlOSp+laH8CJdzQ2wMr8cYw2RpEm00jrK5lLvMiZmT9DZ00x5ru6NBX2OFCQ5PHuNSdghHOQRGM1OexUi8KoQQQgghhBBCCHFX3fXR63ryLGifq0GqUhYqnKgNpLqXlEJZNspekDcbMJlRjFeef6nqeVSqFRzHplwu89M3f8o777zD//anf8qLX3yBVStX0t/XxyMPP8TOB3fMV4JaliKVauDP/uxP2bBh/U37m1qWRVNTE7/z21/Hsh1s22b//n2Mjl5Ba73EshWO42C7terKQrHI5eFhtm17gOefe+66YHWh7du28dJLL9HZ2QkYhoaHOHz40JLnuHjpMmfPnCWbyzEwMMCmTZuJx+M3vZWJRJy1a9bS37+cS5cu8+abbzI7N7fktr987332799PoZBnYGCAF1/84pLB6sLrXbtmNQ8//DCWpZiamuJv//bvrttGG10PGtV8WOmb4KbHXMhSNmE7XIsp6yG7Xz9exArjKBuDQaEIWQ6OWvwn1BRppCGUmh9kVfJLTJWmgVrP1Xy1QGCCWm9f4NDEEU7NnLmjcFQbzYmZkxyYOIxStTBdG022mp0P8oUQQgghhBBCCCHE3XHXw1VTmK61BKj9hAGMHYZ7PencUOv/Ov8DYFno3Dj4lUWbK2XhBwH5QoFv/vE3WbF8OY5z80Jgy7JIpVIMrFhxy+0AbNumo6OTpsZGbNthcnKKbC5HECwdEFqWRSxa62VarVZ54vHH2b59+20HVD3+6KP09vailEUmk2F4eIRyubxou5MnT5LNZlEK2tpa64HsrbW2tNCcTtd6lU5Pc/r06UXbzMzO8t5773Hx0iWikSh9vb1s2nT7vrvJZJKurlpf2VKpzNtvv8Ps7Nx8MGwpGwurFt8bsLBwrTsr0g6MpqJ9HCyMMdjKImKHsJRF3IniWg6G2utWPXy9kTYaMChV+4S7lkvCvTbUbLI0TXB1rVhczg8zOHOamfLSAfRCI/krHJ06zlhxDFtZGAXaBGS9vFSuCiGEEEIIIYQQQtxldz1cpR48XSeogr841LurrmZkOrj+pWr5utcsZdUf99dYlqKtrY3t27cTiURu+Ui3UrUqStu2b/vot1KKSCRMY2MjSil836da9eYDuRvZtk2kHqRaStHT3U1Lc8ttz5NKNdDU2EgoFMKrehSKBcqVxUHy2NgYlWoFpSxCoRDh8O0n24cj4Vq4a6BcKjM1Nb1om9OnTzM6Okq1WqUpnWZgYAWphttXMLuuS3M6TVtbG1prcvkcZ8+exff92u8tp/74vsFgsJQibN1+zVB7f68GqMZcrVB1USg846ExWPU/G20MmsXvSa6aI1vN4WkfS1k0R9L0N/SijaESVJkoTV79ZwVQtUB3cPY0x6ZO1IPZpVWDKgcnjnJy9gwKq/4FGsNseXZBxa4QQgghhBBCCCGEuBvufrh63Slr0RDVIqacv/tLWSjwMV4JozXzSavW84+GX6UshWXVqhodx2XlypWkm5qwrE//VgaBD/Vw0LLULcPSq+d3XJempkZisehtj++6LslkgnA4jDYGz/epVquLtguFwyhlXRtIdQe9catVD8/359d84yPrWmtOnTrN9MwMxhhaW1pYcQdVvVevNRaL09CQQmuN51WZnbtWueooG0up+ZjRqg+3uhOOsona4fmQUgG2slHKouRXCExQr1ilPuTq+ntR9st8MLqXodwwgQ7oT/bycMcOGiONgMHTHtOlaTSazS0baYu24CibkfwVjk2dmG8fsJTL2WGOTZ+gHFRYl17DuvQaAqMxRjNTmsXT3qJ/txBCCCGEEEIIIYQQvz53faAVkUStNQDMP7ZtijPo7Ch226q7vpyrTLWIKczAwto/VR9utXD4llL1qshaxWhTY+MdBYK3Pb8xBEFALp9nbHSMd3/5LlNTUxhtsGwLx3EWBXkLlcplLKtWVeu67qLhUTc759WKWqXqtZBL9BDt7e0hFo1ijKZYLFEoFG577EwmQy6XwwCRSITWlpbrfh8EAcMjI+TzeSyr1iv22LHjBL6mWq0QjkRwHBvHcQGD7/l4vo/neTiOzcWLl5ianATA8zwK+QJa1985pa4LgDOVDPvGD9CcaUIpi4quglI4qlbhqk2AbwIsoBp4nM2cZ/5NV1zX2/RqL9da3akhMJpAB1SCCmOFCfaNH+C9kd1kqlnWNa3hia5dbGrZgGPZ+Dqg4lfIVHME2mdH+wOMFybYPbaXidIUp+fOcmDiMF/oe3rR++AFHvvHD3Iuc4HuxDIe6XyQydI0R6aPYQxkvRxlv0LCjd9R+C2EEEIIIYQQQgghfnV3PVy1mroxc8OYoBZSoRQ6O4YeP4npfwjlLJ5A/2tndC3gnb2MWlDxCKAiSVhY9VgPIjG10M11Q1jWxw+zyuUy2WyWmdlZZqZnmJyaYnZ2ltm5OWZnZ5gYn5gPCy3LwrHtW1bHVj2vFpBaFkEQLDmYatFlG1PfrnYex3EIhxff/zWrV9Pa2sLpMzZjo6MMDQ+zdeuWm66nWq1y6dIlxkZHCYVCtLW30dffd902lUqFqclJyuUytm2TzWbZt38/586fRylFLBartxUw14ZSBQGeV0VrQ6FQIBQO0dfXW69kjV7/PizIxDPVDPsnDhJ341jKRqNxlI3CwgCB8QlMgF3fY7w0ueR1LczZfe1zMXuJH59/nagdYa6S4UphjFwlRzqSZlPLBja3bGB100qaIo1ArTdqppqlrCsoLHoSXQyklnMxd5nJ8jRjxXEOThxmW+sW2uLXD/U6P3eBQ5NHqARVNjavY3PLRvaPH0ShMBhyXh4v8GoVwpKtCiGEEEIIIYQQQtwVdz1ctVtWoi9/NP+zUhaU5ggmTqMzV7Cbl9/tJWH8Cjo7ipkbBsu+lk0ZjWroBDdy030/To5lTC0UvHDxIsePH2fkyhWKxSK2bePYDoZawNnR3k5vTy/nL1ygWCjU2xAsfrR+yfUohdb6jsLV2ppq369WvS4VFHd0dPDggzs5d/48I1eucPToUXbs2E7XsmVLXuO58+c5MXiC6ZkZurqWsfPBBxdVrmqtKZaK+L6PMYZ0Os3WLVtoa28j5IZwXRfHsQkCjVJgW7UgVGuN7/sEQa3nrTEG27ZZtWrlogrienxP3I2zsnEFqXAKhcK2bGxl16qFqT1WT72XajWoYiubM7PnlnzC3sz/1zBdmuHdkd14QYWiX6IclHm2+ym2tm2mN9lNSyxN2L4WVvs6YK6SIdA+cTdOyAnRm+xmRaqfS7khMtUsl3JDHJo8yrPRJ+fD64pfYc/YR1zOj9CX7GFDeh3NkSbCdghFrYK25JepBBXpCiCEEEIIIYQQQghxF939ytX2NeDGoJSpJXtKYQIfPX0B/+IerMYulH1nw4c+LbowhZ46jynMgmUtTBxRDe3XV9NeDTnrPQ3uJPCE2mPwmUyGt995hw927+bgwUMkEgkGBlawdu1a1qxeTXt7B83pJhLJJBMTE7z66qugwLadjxWY3ilV7+UKtYpXZSn8IFi0XTQS4fOff5aRkWF+8Yu3+ejAR/T29vD5z3+epqYm3HqoWa1WGR0b48c//gnHjh0nnW7iscce46mnnqpVoS5gWRZGm/l2CN1dXXz1K19h3bq1i9YI11oY3Hi/F7Y2uP4X1761RJp5pudJOhPtt70n2UqOmBPj7ZH3uFV07lguLdEWmiNpDk8doeSXsZVN3I2xPNVHa7QF+4bK3sAEzJbnCExA3IkTsl2iTpRNzeu5kLnEkenjTJdm2Tu+nwdaN9MarwXSl7JDHJw6gq89NjWvZ0WqD8dyCdthLFUbruZrj1w1Xw+Kb98SQgghhBBCCCGEEEL86u5+5WrrKlSyDZ2fBB2gAGXZmMwV/MHXsbs2Ybevq1W03gUm8NBjgwTDh8Bo5gduGQPxFqxY+rq2AMZcH6jqOwhXjTHMzWV4/aev86///M8pFots376D3/md3+bRRx6hqanpuh6pvh/geR6lchljTK2HqmPXh2st7VqQd+e1i5ZV6+V6NZh0HAfbWjqYG1ixgt/93d8lmWzgzTff4Nv/5b8wOzfHls2baWxsxGjD1PQUu3d/yN69e4nHYrz04ou88MLz9Pf1LTqesiwi0cj8+T3Po1Kp3LTVgJofInVntcLmuv832Hf8eapVpS7dt/Taa5ZS9DX08FzvMziWzQeje9BG88bQz0lH0zzS+SDpSNN16/W1z0RxEgM0hBOE7TBKKdamV3Muc5Hz2UvkvBwXspf5cGwfL654Dl/7/GzoHa4UxljbuJr1zWtJhpN4gUfIDhG1wxT9EtpoZitzaPPpBvBCCCGEEEIIIYQQ4ubufuVqogWrazPB9MVa9erVoVFao6cv4R38HtYTf4yKpWs73GH7eH3hAAAgAElEQVSY9kkYo9H5SfzL+wnGTqIWBos6wO5YgxVvQS0MV2+sVr2DcNXzPE6fPs2f//n/Qy6Xp6u7i2/+8R+zdesWopGlWg4YAj+o9041OLZd67l6i3sRiUauBb93WE1bCwsVRtcevXcdd1GF6VWWZbF2zRps26ZQKPDmW2/x6quvsufDPaQaG9FaMzMzg+PYPPHEEzz++ONs3LCBZDKx5PFCrktbWxuRSIRcLkehWGRubm6+EvVXcfUx//mfMQRmcUXuUjQG/+q26urxDKbeNkCZWr9dbTQK6G3o4qsDX+Ri9jJX8qNkq1lev/QmyVCChzq2E3bCtb6oxuBpj/HiFApIOHEc5aBQJMNJNjSvZXDmFAcmD5OpZPnF8Hs82vUI2XKWPWP78QKPnR3bWZHqw1JWrd+v5RJ1YhT8EhrNbHmWQMJVIYQQQgghhBBCiLvmroerKBt39VME5z9Al6+1BsCywCvin34H5biEH/9jCMUB61cO25ZijMFU8vgn38C/sBtMAJa9IJg0OCufQEVT1wW81ypXa8Hk7SpXjTHMZTLs3beXmdkZXMfl6aeeZmBgxU2C1atnN2hdG0x1dVDVre6DbTvoICAINKFQGNd1b3sPPN+rDYgytXPYtnXT4VzGGM6cPcfff+8fGJ+Y5OWXX+bRRx5GWRaz9VC0KdVIQ0OSaDR6XSXuUlzXZdWq1Xy4+0MmJyaYnZ1lZHT0UwlXA6PRmPk6U2MMgb7DcNUYKtqvB6u1UNTXtb6wCTeOa7kE6Pq2Gm0M/Q19/MnWP+Jf7v0/KHpFLmeH+enFn5EMJdjSuhFb1e5Fxa8yWa4Ny0qFU7i2O3+t/Q19rEuv5vjMSXztcaUwyhsXfsZEaZK5yhxbWjexrnkNyVASAFvZxNwoUSdauz5jyHsFDBKuCiGEEEIIIYQQQtwtd+fZ+xvYLQM4neuxwskbqiwVeEW8Y69Ref8/YvJTH6MK82MKqnjHX8U/8RrkJuHGx8ajDTjd22r9YRe6oS2A0bdfXzab5fiJQUKhWu/W1tbW+T6lSzHG4Hkevh/gOA5+4BMEwU37u17d/uqwJTfk3jbcBNBBgO/7AFjKIljw841yuTzf+ta3eP2111i7ZjVffP55Ojo6aG9rY82qVaxdvZqOjnbi8fhNH+2/0Y5tD9C5rBPLsRkfH+f4sWPkcrk72vdWKtq7Vn1KLWwtBZU72tcYjdYBqt4YQBtNRVfR9XYBC/vs2srGUTaO5bCisZ+vr/wqcTeOpSxOzJ7ivZEPuZwdhvpxin6RmdIsoEg4MawFn7lEKM7a9GrWp9egAU9X+cH5n/DelQ/xdcCOtgdojV4bCmYpi7AdIuqE69XUmmw1d0dtKoQQQgghhBBCCCHEp+OehKvYYdyNX0K1rsIs7I55tWIx8PCO/Jjyz/5PgpGDmGrxUz29LkxR3fvXeAf+gWBmqH7q+uAkDMYO4277OirZXqtmXbivMfVq0quv3D7M0oGmUqlcLYakVCrecjhVrYrUplQqXbe2m/F9n2KxWF+TolgqU616t10XgNZ6fkBXoDWet3S4euDgQc6eO4eyLFKpBiKRMJZlYVkWtm1j2/Z8de2dVp729vby4PYdtLe1UyqVOHnyJLt3f3hH+17l+z6zs7PX9cK1VS0YvVaDbLiT9wlqoWXIdghMUD+GwdM+xmjyXpGq9rCUwtTbB/jGr71fls2zfU/y2LJHiLkxtNHsHt3DTy/+jKniNL72matkyHl5lKq1Arha0Qq197i/oY8dbQ/gKgdjoBpUKAUltrZsYl16DYlQ/Lp761ouMTde2x+YKs7gae+Oh6wJIYQQQgghhBBCiF/NPQlXlVJYratwVn0Oq7EbAn/hL2vfgyrB5QNU3v5/qR78e4LJsxiv9InPaYzGVHL4F3dT+cW/xTv6KiY3Xhtipeaba6KUhZXuxl3/RagPHLrhQPW+prUfPd9fNOTqRrFYlJ6ebnzfx1KKE8eOk88XltxHa00mk+GHr/yQUqlUD3ItLMteMrQ0xhAEAZVqZf541WoF3799uOp5PpVqFd+vVXm6jkM4vHTP1WKhgO955HI5BgdPcvT4cbLZLJVKBd/3KZfLVCoVqtUqvu/fMjy+ynVdnnnmGbZv24bruly8dIlXfvhD9u7ff9t9jTHMzs7ys5//gh//5B+v+12gr1X5GhYPIbuVQAeUvDIWV8N26r1uFb72awOjVK0dxI19XGNOjC/0Ps3yhj7ClkvRL/HRxEHeGX6Pkl+mElSp6mqt56obXzRkKxlKMNC4glWNA/jar7UiNprPdT9KW6z1uiFbV3uuJtwYRhmMgenKDNWgev0/WAghhBBCCCGEEEKIX5u733O1ToWiuCsfx8xexitnMeXstYFSV0NEr4SeOI1XmCEYOoDdtRG7extWug8VSaHs2/QVNQbjV9C5cfTUWYJL+wjGTqBnLoNXrp/qWrCK0ah4C6Ed/20t9F0izHRcFzfkzg8O8rxbh5hKKRobG9mxfQff+94/AHDk2DHefOstnn/uOTo7O+Yf4S+VSgwOnuTNt94il8vR0tLCxMQEmUyGTDaL53k4S7QT8H0fr+rVLsEYfM8nCG4fbjqOjQ50fXCWA6ibPtLf29tLU1MTJ0+dYvfu3YyNj9HZ2Uk8FicUctHaYNs2bv3+JOIJ2tpa6enpob+vj8bGxiXvTV9fL//NP/tnBEHAz3/xc/bu20vVqzLz9d9m54M7aGxsvG5NgdZkM1lODJ7g3Xff5djx43ztq1+7Lnj2tY+vfWrRqEIbTVXfWSWvwaDRaKOxlIUxUPYraKPxjU9gAkx9oJUfXF8lqpSiJ9nFi/1foOJXOJM5x3R5ht1j+3Asl0pQO45NrZUAXP/5si2b7mQnD3fs4OTs6fl+ruua1xB3Y4vCdduy5gdmoWC2MkvJL8+vXQghhBBCCCGEEEL8et2zcBUUKtmOs+ZZTDmHf+Zt8Ku1wVbzm1i1gDQ3QVCaRc9eIhg5ipXqRjX1YDW0o2JpVCQJlnNtOJZfxpRz6MIUJjOKnrmInhvBzFzGlLNcDd0WVqwaY1CJFpw1z+As34Wylr41vu9TqVQIfB9vQZXmrfqMRqNRNm/ayJdeeokfvfoqmUyGH7zyCpOTE2zcuJGGhgaKxRLDw0MMDQ2TSqX44otfJBKL8b3vfY+5uTneePMNcrksGzZsoK+vj4Zksr50Q7Xqkc1m8LxaFWqlUsEPln68fyHP9+v7eCilKJfL+L5POBxetG1vbw/PPPM0pXKZM2fOcODAQUKh4ziOMx/6ObaNVW8REAmHaUilaG1pYfWa1Tz80EPs2L590aAt13XZvHkzAPF4nA9272b//o/IZXPs3v0B6zdsoLkpTSQawfd9JiYmuXDxAufPX6BSKbN1y1Z2bN9+3TEDUwtHrw7H0ibAC+6wTYLRVILqgpYCujbQqt5rVRtdC2Dr25WCCnHi8/s7tsOm1g2MFEbJVrOMlya5kh/l50PvErLd+VYAtrKXyu6JuwlWp1exIrWcc5kLPLFsF03hxiXDUkvZhK3wfERb8stkqzl8HdTDWyGEEEIIIYQQQgjx63RPExhlOdidG8BoTFAluPAhxitdq2CFWgCqFAQ+OjOKnhtFOYdQsab6VyMqnKiFq1dHOvkVTCWPKc5iCjNQzoL2ma8UXBhUXQ1W42mc1U/hbvkqVix98zWjaGluYfu27cQTCTo62m8brtq2TVdXF3/wB/89oXCIwcFBhoaG+PFPfsK+/R/R2JgiGo2RTCYZWLGCJx5/jIGBAdJNafK5HBcuXmRmeoYzZ87S0dFJd1fXdcf3A5/+/n6WdXZRrpRpaWm5o6FSnufR1dXNzp0PYSlFW1sbfhAsuW0ymeTpp56iUq2Sy+W4cuUKzc3NNKQaiMfiRMJhPM+jWCqSmcswPT3N5aEhlFIcOnyIkydPUvU8Hn/00UV9WZPJBDt2bKelpZm1a9dw+PARzp49y1tv/Yz9Hx0gmUwSiUTq9x8ikQhdy5axceNGHtq5k87OjuvWGrbDbGxeTzrShFKK5kiahlDytvcDwLFcOuMdPN3zBLay0UbTHmvFVjbtsTa2t22lr6EXS1l0J5bhLBF6JkMJHul8EGM0Q/kRXKsWqrqWw/KGfqqmSldi2ZIBqGPZdCU6eXH5Fzg6Pcijyx4i4kSWbAkRd2KsaVpF3stjWw7GGGJO9I573gohhBBCCCGEEEKIX40yn4HpN8Yr4w8fxD/8ffzLH0ElX69gvUlIVHv+/frOkqoWfBqu9kM1879QSi35iP/V46hEM/byR3C3/hZOx/qbnxcoFIpcvHiRy0NDRKNRLEvxyMMPX1fBeTNaa4ZHRvjoo484cWKQyclJgiAgFo/R093Dpo0b2bJlM42NjfN9Qk8MDnLp4iXKlTLNzc2sWL6c9vb2+epSrTW5XI4P9+wlHA5TLpfpWraM5cv7SSQSt1zPzOwsZ86cIZ8vgIHGphTr160jGo0u2jaTyXD8xAn27t3H2XPniEWjrFy1krbWVhoaUsRiMcrlMvl8nqnJSS5cvMix48e5dOkS+XyOcDjCE088wb/8F/+CxsbUkuGvMYZCocDQ8DDHjx/n7JmzTE5NUS6XsWyLWDRGT083a9asYe2aNXR0dCyqhAXIVwv1Cs5a9a5t2TSEkiRDt74fABW/wmxljmpQq+bVOqAp0kjcjZP3ChSqBXwTgIKwFSIdacJdoj1FoAOmyzMUqgUcy8Wxaq0AAqOpBhXSkSZibmzJitRAB5T8MrOVOTrjHdjKWvKz5WmPXDVPtpLDtmpBcDrSRMyJYt8wiE0IIYQQQgghhBBCfDwvv/zybbf5TISrAMYrEUycwjvwXYKhA5jiLNcqTW8eWi5cvFritYWvL9yr1kFAoeLNOCufwN3wReyO9ddXtd7Jum/ouXmn++TzebLZLAaIx2IkEoklg8LPglKpzLu//CXf+4fvUa1Uee6553jqqSdpbWlZsgdsEATMzs3x/vsf8Oqrr7Jv/36q1SqpVIp/92//Ldu3PbDkfgtpbahUKuQLeYrFIrZtE4/HScTjn9n7JIQQQgghhBBCCCF+c9xJuPqZacyo3Ch250asx1vwTr6Jd/RHmMIsBJVahSksGbIuFWcuGbLe8INyo1iN3Tjrn8dd+3msZPsnW/cneARbKUUymSSZvLNH1e8lbQxHjx3jP/3n/0yhUOB/+MM/4Ktf+cqSfVmvsm2bluZmXnj+ORKJBFPT05w4cYJqtcLxE8fZunXLbT94lqWIRiNEo5FP94KEEEIIIYQQ4jMsU83yn078f7w/9iEjhdF7vRzxK+iOL2NXx0P8T+v/kFSo4V4vRwjxa/KZGimuLAersZvQzt8j8sKf4Qzsqg2rulpNerUdQP3rtsczBlXfp5au1vdxwjgrdhF+6n8htOVrnzhY/aegUqnwne/8DWfPnuHRXbvY+eDOWwarC4VCIVYOrGDbtgcIggCFIpPJ3tF7J4QQQgghhBD/FP2bI3/Jd8/9QILV3wDDhSt899wP+DdH/vJeL0UI8Wv0malcXUhZDk73Nuz29QRD+/BOvUVwYQ+mMF3LR5V1y1YB1zELQ9UQ9opdhDZ9GbtrCyr82a8cvdeGh0cYHDyJ7/t0dHaQakx9rP1j8TgtLa21HqtK0dvTgyUDl4QQQgghhBBiSR+M7bnXSxCfsv2TB+/1EoQQv0afyXB1nhPG7nkQq20tesNL6PGT+CNH0BOn0LlJMPpaFaTW1w+uUgqUDdEkdssAVud67L4HsZsHUOEEOKF7d133kWw2S6VaBRSu42Dbn2RQUu09CofD9C9fjnWLYUvGGKrVKtPT0/i+TzQapampCcdx8H2fXD5PqVRCa41j2yQSCeLxOAAzM7NUKpX5ymZlKeLxONFolHKphDGGxsbG2nXlcgS+TzweJxS69lnQWlMul5mZmUFrTUNDimQyMX/d1apHLpejVCriOA4NDQ3EYjGgNvTL930aGhpwXZdyuUy5XMZ1XUKhEJlslkq5gjEaULW1J+K49f6znudTKBTI5XI4jk06nSYUChEEAZlMlnKlXPu8G2rXFouRSqVQSmGMwfM8ZufmSCQSRCORWm/fQgEdBCQSCSqVKplspn4MQygcpjGVwnXd+fYWxtR63WYyGVCK1pYWlFK117JZHMchEY8TDofn71Umm6WluXl+qFu1WiWbzRGJhInH4xhjKJfLlEolGhsb5+9lsVikWCySSCaJLKiGrn0GPGZnZ/G8KqFQiHQ6jeM4BEFANpejVH8/MbU/9VgsRkNDw/z7lkqlCIfDeJ5HLpcnCHySySSWZTEzO4sOgnohvCEcDtHQ0EAQBFSrVaLRKJFIpH7fM/PXms/n0cZgKYU2BgXE4wlSKXm8RwghhBBCfDpyXp6Zyuy9Xob4lE2Wpsh5eZLu7YcsCyHuP5/pcFUpBW4E5YRRkQbs1tU4q55CF2cwuXFMfhKdn8JU8rUK1cBD2S4qFINYE1ayA5Vsw4o3QySJCsXBDtV6skr15B2xLIVlKYIgoFgqU61WP9b+pWKJ6alplFIsX7GclQMrsO2lu1ForZmcnOLw0SOMjY2RiMfJFwos71/Ols2bADh8+DDDV64QCYcJ/ADHdXhw+w66upbx3gfvUywWCYcjWJaFY9v09/XR2trKicFBJqemeOmLLxCNRjl16jRzc7Ns3ryZ9ra22vmDgLHxcQ4fOUKuUMBSikKxyMM7d9Lf10elUuHY8eNcvjxUCzSBSCTMo4/sorW1hSPHjjE3N8cjDz1ES0sL4+PjXLx4iXQ6TVfXMnbv/pCZ2VkSiTiBHxDogI0bNrByxQAoOHX6DCdPnwJtCOqB6JOfewLHcdi9Zw+5XI5IOIyyFK7r0tvdTTKZxLZtjDHMzMzwi3feZdsDW1ne34/v+5w4MUipVGLzpo2Mjo2x/6OP5gPmQqFAb08P69ato6W5GaVq7/PExATv/PI9tA746pe/TDKZ5OTJUwyeOklzOs3GjRtZ1tlJqVRicPAkR44d47FduxgYWIFt22QyGXZ/uIeGZJLNmzeRSCS4dPky5y9c4KnPfY5oNArA3v37uXx5iJ07drBixXJCoRBaayYmJjh85CiTU5PEolEy2Rz9fb08sHUryrI4eOgwo6OjJOJxlFI4jkNX1zJWrVzJ2++8Sz6fZ9euR1ixfDkjIyMcPHwYYwxbNm8mEo7w5ltvkUgmCLkhAh3Q3NzM2tVrmJyc5MzZs3R1LWPH9u1UKhV279lDX08PoVCI8xcv1gNfD9dxaWhI0t/fTyq1/hP+dQkhhBBCCHE9Cd9+MwUmkPdWiN9gn+lwdZ5SKCcMThgiSexkOzQvx3hl8CuYwKttZzQoC2U54IRQbhScMMp2r/VtFR/Lss5OUqkUQ0PDjF65wsz0DK0tLXe0bxAEDA0PcejwIZqaGvmtr32NRL3KdCm5XI7z588xPT3NtgceqA3Dmpri1OkztLa20JxOUyyViEdjbNq4gUqlyplz5zh89CgtLc3Mzs3R1dlJb28vsWgMpWqVq55XJZ/PcWV0lMGTJ9myeTPlcplCoUjg+/Pnr3oek1NTTExNsf2BB2hINnDy1ElKpRKe53H6zFkmp6bp6emmo72DQrHA8PAw+/bv59lnnqZSrpDPF/CDAADP8yiWisQqcTzfp1gq0tKcZtOmTWitOXL0KJcvD5FuSlMqFblyZYSOtja6u7spFoqcOnOGTDZLYypFLpejrbWFvt5ewuEwyrKIx2K1dgt1vu+Ty2YJ6uc3xlAqlSgWC/i+T6VcQWvN1s2bsW2b0dFRzl24QFNTE6mGBkKhEMYYfD+gUCjgeR5TU1NEIhHGxseYnZ0jEonieR7GGHL5PEMjI3jVKqfOnKa3twfLstBBrcpzbHycxqZGVq9ahed55PN5jK5VMRcKBUZGrpDL5xmfnKC1rZXmdLr2GbhwgdnZWbZt3UoikWB8YpKpyUlKpRLhcJhSqUgiHmfrltp1KMsiGo3WK3XzzM7NMTc3R7lcZi6TZWpqmkg0QrVaxbZscvk82x54gMamRhSKcDhEMpngyugVJqcmqXhV+np7iScS5HI5yuUynZ2dxOJxzp87z5WxUdrb2lg5MHBfDKUTQgghhBBCCCHEr8/9Ea4uoJQFtgW2Kz1T74J0Os2zzzzLxMQkH+75kFWrVtZ6rzbc+lFoPwg4duwYP/7JT5ienuGFF17gySc+d9O2AsYYMtksU9PTdLa3s3rVKv5/9u49usn7zvf9W7LkuzGWbMzFGHWMKaZJkwFWA0XOjjk7pXs3maZJF8ZpF5tMdtqOQwLnuJNdmFLiJg2dpF7H5EJPJycNh9VgYCVt0mSmk0wXMFgpZAaz06SNwYZGGHOLLe628VXnj0eSJVm2ZWFjGT6vtZTg5/r7PZff8+ir3/N9LBYLU3JyONHczJkzZ0lKTARMJCYlMnnyZNrbO8Drpb29Ha/XS4LJRHtHh/EI/dWrJCYmkpJi9GJNSLCQmpLC4SMNzJg+HWuiNSQwCWA2m7FarPT19XHy5Cl6c3uYPn062dnZeL1eTvl6zBbOnk12djZXr14lwWxm/wf/wYULFzCbzZhMJkL7RBt/myCQtiLBnIAJEz09PSSmGL0nz3z2Gb29vcwpLCQ3N5fu7m4mT57M5MmTA/O2t3dw4eJFEhMTjbolJwce58c3jddk5Mnt7Oyip6ebVo+HlJRkoxym/un8j/D39fUFhgUvJzk5mazJkzlz9jMyMzO52tlJamoqVqslkILgwvkLdHd38dd/fTt/rq/n/IULTMnJwYuRcqDvshHQzsjIMLaLyQQmo4ey2+0mIz2dGdOncfHiRVpaWsiaPJnzFy5w9rPPmDF9OrNnzwYgLTWNyZmTSElJpa+vF7zGi9bOX7hAgjmBBIsFW1YWJt+2tWVl0d7ezrlz57h6tQOr1dj33j5voJ6XLl0Ck9Hh3ZY1OZAyIDkpma7OTuoPH+bWW27BYrEGehHbbDYuXrhopEHIzmbGjBkh201EREREREREbj4TLrgq15fVauUrd99NS0sL//b7f+Odd/6ZxMRElnx5Cbm5U0hMTAwJMHV3G7kyP6mv59333uPIkSMUFzu5/xv3Y7NlDbmurq4uunt6yMrKCuRBTU1NJT0tjfb2djo7OwEvnnPn+OjjPxmBNmBO4Wwjb6jZTFt7OxcvXSTRaiU5OZnMzEwsFgsWi4Xp06YBXurrD2NKMPuCoP1lt1gs5OZOoejzn6elpZVP3cdJsCSQlJiIJSGBzq7OQI5Vs9lMYmIiGZMm0dfXR0dHhy+4F/qyNZPJ9x9fXtQLFy7QePQoFy5cIMFkZlZ+PinJyVzt6MDsyyGbkJBAQkIC+fkzAbhy+QpgBJEvXryI1Ve3SeEBbpMRLbx06RJms4menl7aO9p9QVhjks6rnbiPH+fS5cv0dPfwOYeDqbm5A4LeVouFadOmce78OZpPniQxMYlMX35WvF6uXLmC55yHpMREZkyfwZGGRiMFQpaxj43h0/H2efnLX/5CWlpaIKDb3d1N49Gj2LKMdAmHPvwjHs85OvM76bxqfGw2G2az2UitcPw43d3dJCUlkZycDCa42tnpC2gnkGi10tvTgzUxES8wdepUurq6OXX6NF1dXWROyiQxKRGvL/evEcg3cs/29fWRlJhIVlYvXq+XzMxMIxXBxUt86j4eEoD3B4eN3WnqDxiLiIiIiIiIyE1LwVUZ1l/91ee4/xvfwGK1UFd3iH/5l99x8uQpZs8uwG7PJinJCIR2d3dz4cIFmptP0ni0kfPnL3DHl+7ga1/778wrKho2EGVJSDDynLa109fXh9lspru7m46rV0lOSibBF5zr7emls7OTlORkHA4HcwpnG8P7+sjOziZv+gySk5OxWi1kpKcHAp+TJ2cyfdo09n/wgdFLMTEpJPVuT08PfV4vU6dOZWpuLi2trRxpaOBIQyNfvPUWzGYzXV1dgbyzvb29dHR0AJCYmIjVasVs7u+52tfXR19fn7EOr9fXIzSFlNQUmpqasNmyyMqaTGpqKgkJCfT5Xqjk9Ro5V8+ePUt6eoYvZurFbreTNyOPpKRELBajbiG8XsCE3W5j6tSp9HT30Nbehv+FYoAvgJuB59x5Ll26xC23fIFJkyaFBBH9LwOz22181vIZDY1HmZqbi9ViwWw24wXOn7/AmTNn8Hq9nD5zGrPZxNFjx5hXNBf/Fpg6NRcTJtzHj3Pu3DkSfS+tunzlCqfPnCEpKRmP5xxXO4wXiF28eDEQCPf3Ru7r6+Py5ct86j5OamoqM6ZPx2QyMSkjg/yZM329khOw+vK19vb1YsvK4ty5c5w40Wz0/s3M5GqX70VnvjdgTZ8+nazJWYCXtLQ0rFYrfb19pCQnM3PmTFo9rRw+csTYFhFSigRemqbgqoiIiIiIiMhNTcFVGZbZbObWW28hNzeXO770MQcOHKChoYGjx44Zb2VPTMSUYKars9MIjPb2kjczj3vvvZcv3nILWVlD91gFoydgekYGkzImcaL5JDOam0lPS8fj8XDhwkVu+cIM4wVGQG7uFO6440tk+Hp5+t9m7w+OpaWnkZqSij+o2NvbR19fL709vcyYMYO8GTP48KOPyM2ZQnDP1c6uLpqbmzl95gzzb7+d2QUFnD9/nouXLpOQkEC2PRuPx4P7+HF6enq4cuUKx93HmTw5k6ysLGy2CzSdOMFnLS0AtJ47F+hx6Q/GTZuay5cWLiQtNZU/fvQRJ0+dYk5hIXa7nUuXLvHpp256+/pou3KFQ//7QxbM/2tsNhsAqakpZGRkkJhoDQT1/EFoMAJ+AFNzp1LwV39Fd3c3LZ5W2trafIFFoyfw7bd9kVn5M/n3fbWcOHGCSRkZTJkyJbCcPq8RFE5PTyctNY3DDQ0UFs6m70IvfX1eenp6OHfuHJevtDE1N5eLly5hy7Jx9NgxWlpbSUlKpqenB4vFwsy8mQZNu9oAACAASURBVLS1t/HhHz9i+rRpRh7epiaSkpJJSEigrb2dyVmTaW9v48zZs0ybNg273U5T8wlyp+aSnpbGrPxZnDx12ldno96JiYmBR/n9vWGNfLE9pKam0tbWxvkTJ5g0KYPUSRlcaWszYs9eYwmTMjJIT0/HZDKOb38gt7evj/S0NNLT0/jLp248584xd05h4BjxeqHPty9FRERERERERBRclahNmZLDf/0/lrLky4tp9Xg4c+YsHo+HtrY2EhOtJCUmYc+2M23qVGw2m/EI9whkTppEfv5MWjweDh6sIzs7m5OnTjEpI4O8GTNITEzEYrViNhuP6lutVqA/qJiSmsKZs2fp6urGarXi9faROyWXSZnGy5rMZjNWq5XbvvhFjp84gTUoSAmQnJRESnIKLS0tHKw7xOSsyZw+c5bZswuYNGkScz8/h//94R9pPHqUlpZWrl69ypUrV1gwfz7JyclMnzaNP39Sz5EjDZw8dYoLFy6QOWkSuVOm4PV6sVgsmH2Pks8pLOQvbjfNzSeZkjOFmXl5nL9wgSONjZw7f44rV9pob28nI8PoVZqcnMyp02dob+8wlmM2MyUnh9mzCwJBUZPZTHJyfyAXjFQHiVYjdUNCQgJJiUZO2ezsbD7/+Tl89NHH2Gw2srKySPL1LDWbjO2UnJTEtKlTOXX6NJMnTaK9rY2+Pi+dnZ20t3cwbepU7rrzThIsCVy9ejXQI3X61GlYrVYSzGYyMyeRPzOfk6dOk5CQQEdHB03NzcyZU8j8228nKSmJtrY2/uM//5OLly7xOYeDWfn5nD17lv/8z4PkZOcY6Qd8eXaTkoz93traysd/+hMJZjMmcwJTcowcqFaLlaTkJKNOkyeTMWkSKSkpmM0mX7oFM0mJiRw+coS0tHTAS3JSMg7HLMwJZiyWBExmE1lZWdx266384cCBQAAfIMFsxmqxDJo7WERERERERERuLglPPvnkk+NdCJlYrFYrmZMm+V46VMC8oiI+P2cOBQUFTJ82jYyMDCyWkcftExISyMjIYNrUqXT39NDW1kb+zDz++vbbyMrKwmQyHgHPyppM1uTJIQEuk8mEJcFCcnKy8Wi+yYTJbCI9PQ1bVhYpqalMnmzMl5ycTGpqKna7nWy7PRBU9K8/d0oubW1tdHS0M3t2AUVz55KWlkZGRgbZ2XYSrYl0dnUyOTOTL956Kw6HI/ASqNycHHp6e+jpMV6GNffznyc7OxuTyYTVaiUnJ4dJkyaRkJCA3Wbz9dg1XpaUbc8mLTWVjo4O7DYbixbdgc1mvKjJyC1qISHBDJhISDCTnpZGVlZWyHZITEpi6tRc0nx5Yc0mI8Bps9lItCaSnp7OlClTMJlM2Gw2LFYLqamppKalBfLnmkwmUpKTyc7OJj09nYz0dPLyZpCclERGegaJiYmkp6eRN2MGWVlZmM1mLBaLUS9fQDU9PQ2b3U56WpqxrW02MjIymDw5k57eXoo+//lAftnExEQSrVZSU1JIT0/Hbrczbdo0vH19XLlyheycbG6/7TbjRWRWayBIbjIb28JsNpOWZuxPq9XIrZuZmRkIbGdmZpKamkq23e6rp9WY35c71WK1Ysuyke7bx1lZWaSlpjFp0iSSkxKZOnVqoJcsJqP3r81mIy0tTWkBRERERGTU/VP91vEugoyB78xbdV3W09LSgsvl4oMPPuCdd96hqamJ06dPk5mZSVpa2nUpw2DeffddfvzjH5Odnc2sWbPGtSwSPy5dusQf/vAHfvKTn/Dzn/+c1157jX379gXiA/6YzXh57733hp3G5NXzrSIiIiIiIiJxYeEbd43xGr7JL+5dzYLE0KFu9118s25kS9r4lb3cm/QhVW+vpWb0ChidBds46LBR98d7+O7RcS5LFA4+sHdMl19fX89vfvMbDh8+POg0c+fO5Rvf+AZFRUVjWpbBPPPMMxw+fJi5c+eyfv36cSmDxJ8//OEPvPTSS7jdbkwmE5mZmVy6dIn8/HweffRRvvzlL49r+SoqKoadRmkBRERERERERG4KP+D1B76K4/K/svDtn/YPXrCNg469HLT/Kwvf++ngs8eTupUsHGEw+EZVW1vLyy+/DBgB1OLiYrKzsykqKqK+vp7W1lZqa2s5fPgwmzZt4pFHHqG4uPi6ls+/foDDhw/zzDPPsGzZMhYsWHDdyiHxp6+vj1OnTlFXZ5zMGRkZPPzww1RXV3Po0CFOnToV8q6ZeBXfpRMREREREZFr0rK7kpUrX6V+0CnqeXXlSla+OvgU0ah/9dqX0VJfT0vUE++mcmUlu6OeQcrudOKgibfDA6h1K6lquQIZ89g4PkWTGPkDqykpKaxbt47169dTXFwc6J1aVFREcXEx69evZ926daSkpPDyyy9TW1t7Xcr3T//0T7z88ssDetQePnyYzZs3B4LCcnM6efIkR44c4dKlSwAsWbKEu+66iyVLlmCxWDhy5AhnzpwZ51IOTz1XRUREREREbnQFTeyq3E35xqXkhI2qf3UXTQXjUqoQLbsrqagtpmrj+DyyfPOwMX02cDR0aM2+e4Iep/elDugM68m6YBsHHfkDUgjc9ZW9VGT4/7oSeFTfb+NX9nJvRv/fdA18fL/szneoyEkP/H255UVK9r0eKMucix/iybkdh3/+UzYqgtICRFuWSGkRYkmJEA/q6+sDgdX169cH8pjW19fz7rvv0t7eDkBxcXEg4Lp+/XqeeeYZXn755UDv1rHy61//GpfLNeQ0tbW12O127r///jErR0D9q6zcBOu2PUR/rVvYXVnBVlZRFdI+1vOqMTEPDbOJ+tuuge1rfDHqtCfCmJIo6hn1Wl5dySbWsS2KBX766adcunSJv/u7v+N//s//icViwWq1UlFRQWdnJ2fPnuXEiRNMnz59dAo3RtRzVURERERE5IZXTHF+LR8P6OVZz4GmYorzx6NMcr3VnDrKZdJZcNte9tz5zdFZaOLtLEj6kKo37mLhG3dR1QILbnuHX8w2RhuB1Sbe9o1f+MaL1HE7FV/5QWARG7+yl4ocqPujb5o/fgg5q0PKmJFzO7h94wfLqzpMWYy0CKtZQP80C91NOBx7eX0CPp3+m9/8BoC1a9cGAqu1tbVs2rSJQ4cOcfjwYQ4fPszLL78c6CE6a9Ys1q5dGzL/WGhpaeHNN9+Matr33nuPlpbr0AW9aBElNHE6ZFWtHD9WQAFh7WPLaZooYFb22Bfr+ipgVdU2tm0L+lStomnTSq7xwYOY9PX1MWXKFBYuXEhycjIWi4Wenh4SEhIoKSlh5syZTIRXRannqoiIiIiIyE3g1kX5VLxTz9Kg3kQtu3fRVFzOouNhE9e/yspNof2bClZVsXFpjm/0SnbNWkX+1q3swej1tGjAIlayaU/wfL4eYsf8U5QEepC17K6kYusx4BgVK2tZVbWRae+sZBOrWNW0tX+ekiF6Q7XsprJiK8eCh4VPH16vsPH+MvtqzKqqjSyN765oI3N0LSWZRu/TjJzVHHxgtW9EE2+/sZLKmBbaxNtBwc6afVu5697VLPirH8DRo0xPAi5/ErTs1/nu26/3zz67mrsywO0O6mF6dC3/NP0dKjKdlOHr+dj1IW8M27t0qLL81JcW4Qp19UHB2bqVvG3fy72ObWysi3UbXH8tLS2Bl0MF9z791a9+BcD8+fMDOVcPHTpEbW0tTqeToqIiioqKmDt3LocPH6alpYWcnNE/yId6sVa49vZ2mpqaxqQcobKZVXCM2o9bWOo/sesPsKdkOVWzdrElaHjLx7UcKyim3F+ksLZjyJ6eYW1RcNsZ3ns0ZFzLbiorjrN8HWzyr6tkHdvuOR20vJKwnrdhvVGHaiMHk7OU5SVb2XW6BYoitdUD2/+Qnqktu6msqKU4hvYyLy+Py5cv09fXx8WLF0lLSwPgypUrmM1m5s6dy7Rp04ZcRm9vL719fUMGYRPMZiyWsQuBqueqiIiIiIjIzaBoESV7DgTlXm3h41oovjXs23DLbio3NYX0bqpaVcCxrVtC8pse21rLLN804d/ljSBlCeu2bfN9Ia/n1ZUV1BZXBS2ziU2+XLA5SzdStaoAClZRtS3oC/qerUHzrKNkzyYqIyZZrefViq3krwvqjbWuBPZs6u+N5QuOlASmCV5eC7srfQGDwPz5bK24AXO61q309SC9y8izCkA+9z6wl4NBvUmj1nWOhpABr7P3oj9/q//fX+XgA8E9SINk2sjgCp6LoYNr9t0T2kO180zk3qpRl+Wb3JWZDl1H2RuWEqHS00QgXcIEcejQIYABL6Zav3499913H2vXrmXZsmV85zvfCYyrr+8/+/3z+Zcz2kbaE/X48fBfeMZCDrcWF3DseGtgSP2BPZQsKiJnWj7Haj8O5HxuPX6MguJbjcf8A+kEgnt6DtY2hLdF68jfWuFrh4xAaNOqqpBxoW3aHjYdWBRYT8GeTaysOM7ybdvYtq2KVQV72BWYvj91wTb/+KbB2sho+QKr+euGbP9Hw5/+9CfOnj1Lb28vH374IR999BE9PT309PRw6NAhPvzwQ3p7ezlx4sSwwfr2tjbOeTyDfrq6uka38GEUXBUREREREbkpFLGoZA8H/PGVlo+ppZjw2Co5S9m4LbQHUs6txQxIy1oQYV6CA6tBvavqD7CnYBXlQQvNWVoeFiiIIGSeIh5aV8Kxre9EeDlXEQ+FB3mLFlESXK4De6BkXdA0xjwbl+YY2+JYCeuCF1D0EOtKjrH1nXF4VvY6qdl3T/+j+l1AxldH/nj8MEHPmn33sPCPHwbSERx8YG9IoLUszRZj6UdeFgASb6fiAX85fB/HxMuL4Q9eZmeHPrc+a9asQP7S+vp6nnnmmcC44B6u/vnG6nF8f77XeJNzazEFgR+ZWjjd5Hv0v2gRJcf8qQFaON0E+dN8vTh37aFkXVB7lrOU8lVEbBtadu9iT8Eq7glrZx4q6h83dJtWwCr/zDm3UlwABavu8a07NDjcsnsXe0LatByWGgUb4gWGEdS/yqY9Bb4f2nJYunFbSO/XiO3/Nbh06RJ1dXUcP34cs9lMeno6vb29HDlyhD179rBnzx6OHj1Kb28v6elGHua//OUv1NXVcfny5QHLM5lMmM1ment76ezsHPABSEhIGMUaDKS0ACIiIiIiIjeJokUlbDpQz0NFRbR8XAvF5eQArRGnDn/5SQEhfeTypw18ecueTWwCKJhFcMin5XQTHNtDxcqtA9ZSUDxg0ODryJ5FAbWcboHID74OfJy1xDf8dBMUFA+SQLH1OMfYw6aVEV71UjJw0MT0A15/4KvYAy+KCvY63613sue227GnjTAXa9JUymDooObRtZQEeosa5Vhw2zv8gnvYO7K1XXtZLoe9pGuCampqAhj0hVR1dXVs3rw58Pe3vvWtkGn9//YvZ6zKF62RpBG4JjnTyA+0IcYPTMaj/0UsKjnGgVYA48eW5UVg5GSFPZtWDnwRVIS2ofX4MchfHvHFVhHHZc+igKF77RpB3kGWt2cTA5utoRqtY2ytWEl4S1yybtuAR/rD06QM1VSPhNvtprW1lcmTJ2O320lLS2PevHl89tlnnD59GoBJkyaRk5PDlClTSEpKwuv10traSkpKCvPmzQtZntlsJjk5mc7OTnp6egasLz09fUxTAoCCqyIiIiIiIjePokWUbDpA/UPZnK6F4vIIX9qD8gUWrKpi29KcQE694ZWwbtsiDqzcxJbdtwZy9LUeP2Y88j9mb9MOCgSXrGPbxqLAsGi0nG5iYC7DG81P+fjyV7k352/YyOuD5hb1tL0ORA6wRuxlmmhjTsgA3+P3l12DrOOnfNM9j4OOfOyZxku2vpNzO/bMsMkWbOOgw0bdHwcG5Ac1ZFlep+ziKhbkzGMjhJSt7M53qMg5dw15Z6+//Px8Dh8+TH19fcQA67vvvgtASkoK69evD7zwys+fIiA/f2x67Y60R2xra+SfeEZffxC15XT/D0wQ9OPTouMcC/uBaMgcq+NpxDlWh88lHQiqFqyiattScqJu/6Nz9OhRcnJyyM3NxWq1YrFYmDt3Lrm5ubS1tQFGQHTy5MmkpqaSkJDAtGnTOH36NJ9++umA4CqA1Wo1AqxdXfR0dweGJyUlkZySgtk8tg/uKy2AiIiIiIjITcOXGmD3ICkB8L/IZRVVgXyp+Hp2RqFkEUUUcU9Yjr7sWQVw7PggPWSH0HSa0Bd7H+cY+QzoyFV/gD0YOV77X7Jymv6+czlMyyck12KwnGn5MOAt4jeeyvf+FTf53PvANjaGjPkBr992OxmX/5Vv1kF/rlJnf57U2dV8Jyc9wlLzuTcoV+vGr6xmQeIV6v7yU+Cb/OLevRy8t5qyoDk22o3t/XEdcHQtey+DwxGck/UHvO7Ih8uu/pdcRWWoskDNPpdR/+Dy+Op1ueW3EyawCgRe/jRYULK4uJj77ruPb3/72wMCq8HzjcVLpOrr6/F4PCOap7W1NSQn7FgqWlTCngO7+bj2WGiv0OxZFDSdZveBPf35VslmVgE0Rdk4ZBsTE2nqiOOibVtHuK7Y1XNgT4GRc3sMfgzr7Ozk/PnzgZdPdXd309fXR3JyMtOmTWP27NnMnj2bqVOnkpycTF9fH92+YKnX6+X8+fMR86eaTCaSkpJISU7uH+ZLOZBgNmMymUa5JqEUXBUREREREbmJZM8qYM/WrRAIHkQQHAht2U3lpgiPyw/ByKd6jK1bdtMC5CxdTgl72PRqUPCkZTeVK1cGXjiVY0Q/QwOwx7ayJfjlLZv2BOUfDBccHDVeKhMctChaVAJ7doW8lKX+1ZWsfLUeiu4JKW9gGStXXuPLYeLNT/nmG3fx9mXfC6wCn6+C+66Qx+Vr9t3D25eD8qTeZmPvHz9kQMbDrg+p46uBZd2b0cTbb9zjC4q+znfffpE6QvOcGtP09xKtfO8uqloIyslqpC8Y8eP7Q5bFX/+w8tx2Ox73XRFSJcS3uXPnAlBbG7lHYXt7Oy6Xa9Dcp/755s+fP6rlam9v57XXXotp3tdee+365GrNnkVBUy21x0pYFNyY5NxKMVvZGsg/CpDD0uUlYS90Ml6AF6ltyFm6nJJjW+lPx9o/rX9c9G3a0AYuD1p2V7Kycvc1BlyP0f871MC2NHtWAQS9HLH+na1RB4gvXLiA1+ult7eX7u7uEX16e3vp6+vj0qVLEZft771qsVoxmUwkJiaSmpo65oFVUFoAERERERGRm4r/5STFkbqtAjlLN7Lu+Mqg/KMFrKpaR37FJmo/bmHpUM+T9i+FpeWrqK3YSsWr09j2UBEPbVsHK0PzA4Y8alu0iBI2sWnlHkrWbWMRQMkqimsr8KdqLVhV1d+bNljRQ1StqqQiKJdgyboqVu2qYKsvxyxFD7Ft3ausDM43GPRI7dKNVVBZEZIXdtD1TXCV790VVS/NSNNVHh16/ECv8923hw9c1uy7Z5BcqYPMX7eShXUjLUv05Yl3s2bNYu7cuYOmBvAHOF977TWWLVsWMq6+vp7Dhw8zd+7cUe+5+qtf/SrmPK5NTU289tprPPLII6NapgH8QdSS5WFBTeOFURwL6x0foX0ZvG0o4qGqVVRWrGSlf1DJOiO9Cjk8tG0dr66Mok2Lin9d/cu79vQrxku2VgZyzBrtf0lQ+5+ztJxVtRWBa0TJunWU7NkV1dLPnz+PyWTC6/VGzI86FH9v14sXLw54kRsQCKimpabS1t5ORkYG5uvQaxXA5PWXTkRERERERCRO1L+6kk2MNJ/gxLfwjbvGuwgyBg4+MKqv7gKMIOmmTZtITU1l3bp1IY//P/PMM4EA6vr16wPDjx8/zqZNm2hvb2fdunWDvhArVt/97nfp6OiIef6UlBR+8YtfjGKJJJ7s3r2bpqYm8vPzycrKGtG858+fp7m5mdmzZ/PlL3950Om6urq4cuUKNluEHNExqKioGHYa9VwVEREREREREZlgioqKeOSRR3j55ZfZtGkTa9asCQRL169fP6BHa319PZs3b6a9vZ1HHnlk1AOrAE8//fSgqQqiUVw8Wu+kl3jU2dlJX18fXV1ddHR0YDKZAj1Lw3uY+vuCer1evF4vXV1dgXmHkpiYOGqB1WgpuCoiIiIiIiIiMgH5g5H+AOvcuXMpLi4mJyeHoqIi6uvraW1tpba2lsOHDwPwyCOPjFkQMycnh/vvv3/A8Pr6+pDgWUpKSsQXbcmNraCggPfff58PPvggkCM1NTWVtLQ0UlNTSUpKAowgbHt7O21tbbS1tXH16lV6enrIy8vjzjvvHOdaDKS0ACIiIiIiIiJxQmkBbkxjkRYgWH19Pb/5zW8CAdRI5s6dyze+8Y0x6bE6nOrqag4dOhT4e/78+axdu/a6l0NkpJQWQERERERERETkBldUVERRUREtLS0cOnSIlpaWQG7LnJwc5s+fP+ovrxqJ73znO1RXVwfywH7nO98Zt7KIjDYFV0VEREREREREbgA5OTksW7ZsvIsxQGpqasiLtURuJObxLoCIiIiIiIiIiIjIRKTgqoiIiIiIiIiIiEgMFFwVERERERERiRNTU3PHuwgyyrRPRW5sCq6KiIiIiIiIxImFOX893kWQUfalKfPHuwgiMob0QisRERERERGROPF/frGcVEsKfzjzAc1tp8a7OHINZqRNY8nURXx33kPjXRQRGUMKroqIyLjwXr1E5/sv0/PpH/BeHP6Lg9cLmLyYMI194caR15SA2eYg9Rv/iDlzxngXR0RERK6zzMRJPHH7mvEuhoiIRElpAUREZFx07n2e7g9fjyqwCmAyccMHVgFM3l68nmN0vL52vIsiIiIiIiIiw1BwVURExkXPp38YwdTeMStHvOq7dHq8iyAiIiIiIiLDUHBVRESuv87LeNvPRzmxF26CHqsD9PXSd1EBVhERERERkXim4KqIiFx/SRkjmPgmDKz6mDOnjXcRREREREREZAiWjo6O8S6DiIiIRKBrtIiIiIiISHyz9Pb2jncZREREJAJdo0VEREREROKb0gKIiIiIiIiIiIiIxEDBVREREREREREREZEYKLgqIiIiIiIiIiIiEgMFV0VERERERERERERioOCqiIiIiIiIiIiISAwUXBURERERERERERGJgYKrIiIiIiIiIiIiIjFQcFVEREREREREREQkBgquioiIiIiIiIiIiMTAMt4FiFrDdsqrXeAo46knirEPPwPby6th7RYenBPbKj21z7Jh/+Io1zfePNQ+u4Ead6RxDsqeeoJifyUatmNsmgeZE/i7OXSaSMsm2m0/1ozy7F/8FE9ELrAMeTz4ONfy1Mw3J9AxHouht4PzGtqH0dSwvZxq1rIlUJgGGhrmMGfcy+ahoQHmzImHo6OUlEfXYmn/Zy6/+nTkSZbVkHGLg94/Lab93djXkdBSzZVdO6Ofbf5LpJfMxwR4T4xw3nHgqX2WDYOcFI6y0WlXG7aXU+0CcPZfa+S6GHT/Rn3/NKKV8eyG/Swe9P4hUvs2vuKqPP572wEGnjfX7Z60oYGGOXNu4HPW+H7QPERbZ5xDDHFfHGGpMRxXHuMCe4Pef40XY/8OPKscI9qfIiIiIzVhgqsNB13gcOBw1/BuQ/F1CYjYi59gS/HYr2c0Rfpi7Kl9lg0btpM7zBfc/a9sJ/eJgdN4al9hP45RL6uMJTvFT2whcPiGB9QDJt4xHouIAaOG7ZRXl1/TDzCjZc6DW9gS+Kv/h6HxLVbQjxhx9C3bm3on6ctLIwQwf0jqbDvecShT8m3zMZ0bIugbjyIF2jy1PLthA9tzr/Gc8NTypktfZMdVhP3bsL2cDeUnFOyOO4MEUsufDTmHrss9aeBe4SY4Qva/wvbcJwa2dZ5aXtnPiO96Q6/jw+sPlt8E23ochP94bnwXehZ0XRIRkTEyQdICNHDQBc77HmaxA1wHG8a7QBOKvfg+nLgYerPlsXhxc4RpPHyyP4/Fi8eufCLjYs6DrHWqPZlwWhrpy7kTa/jwZV/A3NJI33UvUCmmVPC2NV73NY86ezH3jcY54TmBmzxy9QU2rsx58CnKHC6qt6vNi3f24idY63RT80otnvEuzA0qb/FimiO0dZ5P9pOnm94bjvFdyM0JnVAiIjJGJkTPVU/tm7hwsnaOHftiB9QcpOHB8EeWQh8DcZSVkReyDOMX4rK8Gmr8EznXsuVBQuYL/qUz5BEs/6Nvaxezv7oGd4TpJ7rceYvZ/0otnuDeLg3vUpO3kKdoHs+ixSj8kfDw3iGRHhn3TzNI6oHwHqCeWp7d0H88GMfUxDkgQh8z9PWYLCujucZfJ6P32bxPgh4zHaRHVP+TjROlx5qHs80Q0lDAgMc0B/Z6DX/krP+48tQ+y4YTiylrrqHG7Zt33icDH5sNe5S2/3HCoPaouhxXUBs12vvFv+/XLt5PdeAkCD3+a9yAewPl++MlJQjAPvra12JdBt2BR/9LSZltp3f/nzHNDBoWIY1A8kP7sRJ9L1P/9N18DavNN/DqIa6+9Cjd/JDUiq+RADBzLRkV99FdVcZV/3z+6blMz56v0HHo2mo+LoZs4xrYXv4mM8vyqKlxAU7+tqyZX/qOp+pyV//5M0xb2bC9nDdnlpFXU4ML49q68GA51ZQFzicIPqdCz4X+U3Sodp3+c2+Ya3n4o/Xh7cDEbPPsFN/npKY69B4qtC4QOZVQ0ASRrnOfbKc8cHMVaXucpfbZ6v79EmEZw23Tocs58Fj07/OQ+RxllIW3+XFqzrIyHBv284mnGOMUCr9eR65vzNewoPmqy11B58TQ91IDzt2/LaP5lzXkhZxT156qa9TlzmPx/leo9QQfZw28W5PHwqcYeNcbIYVD8LYNSQswTDvT37642VC+v/84jqKdrGYta6kOOaZDrs9RlnPIZQzY58O1sxMz/UukVA7BwwZNseJcy5YH7YOmnbqRvhuKiEj0JkBw1cMn+93gvM+4aBffh7OmAaiwAgAAIABJREFUmoMNDwblI/RQ+2y1LxAxh/4coeAMXpS7hv2Ln2LLFv8XvWrKXU7WbtnCg/hudqq3s3DQGwQ3NW8u5qktW7BHNX18aNhe7QtODzOhfR6LeSVwIw9GOgbnwgfh7JgXc5T159Ta8oRRGeMxu+1BX7g2UJO3li1PzAmZp3r7QrY8OId5ix3U1LxLQ3HQl4iDLnCuDctVuwVjFcZxV759YgVYw7lqTrB2y5b+L6UbynGU+c4b3zZ6pXae70bdd67lrWWL/zHChu2UT4RHrxrepcbtoOzhoHB77bNsqMkL1N+o7waexf/FxPelNOgLT8P2cqqfnclTT/ie13TVcGLtFgJPVY6ol8QcHtyyFkK+hDb4FjsG+8Vdw5v+NtE3j//4L37iKYjT3MZXT7nJmP5DwBcgnX8nCTTSeQisJf6pdtLT8jCWmV8gGbgKwA8x26D3TyN8fN/2Ncx/WszlV41lpFZ8jaTlpXTvepr2qsawPK2+oC6HuFr1KN2Adfl7JJe8RwpxHmBt2E61C5xrg46ZYds4NzX7+6+LAAtzI+X1NoI1T/iO6e3l1ZSHfal11+xn8VNb2BK4/hB6PjVsp7x6A+WOssD6GraXU/1KLfN8gYHh2vVAmYe4lvfnW9wSFPDwp0uYwG0egH0mDvZz1gNzfAG76uYyntriD6z46uffpp5anvUdA/1BzGq2LwwOHoQeAxFTEYW0i8Yynp35VGh7RX85wh/hHbacEcqBbznVrrAfwAbcHMYpey55/p52EY+ryPWN/Rr2IP2XnweD5vdN/0TQ9OWhaYZCz10Ptbuh5mADD/pv1BsORncfel3ZmbcYXvnEQ3H/TS8u50IeDL/pHXAe+Lf1K9TOG+y8H6KdKX6CpwjLoRvtPaWrmoNrt7DlQRhw7Y+2nEMtY9Dz0X9OD39/HY88tW8ax/EICjggFYd/Hy0zFhKSfgvfudFcxrJ43QgiIjKm4j8tgOcT9rsdgQsZzGGhE1xvBj0q1fAuNW4nawM3H3aKHy6LkC/JyX2B5FXzWOwAR9mywI2APXf47gzO+/p/2bXPW4yDZs7G0SMm7poNlJeXh3yCv1gMzbjR3P+Jv0INHHQ5WTgRbxIaDuJylPFw0B2vvfhhyhwu3qw16jfnwS1hQVDj2OqfPjydgi89hW+DNBx04Sh7OOim2nfcud6kNo6OiZEKPifmLHQSct5gZ2bwieX5hP0h5x6+x+3d1LwbP4+eRjovBr7Ezfghx7k2+FyZw4Nrnbhr3jVCnP4viEH1nfPgFraE9PgYm3NmbPZL6DLmLXZA89n4fwz13T/TazOCpgDW2YXQso/usMm6jzbixYF5mW/Asi+QgJu+kb7s6uqhoF6yT9N3DkxphZGnnX8nCcmX6dn/aKA83bteoedqBgmzS0e44jHkrmHDgHPCFdLjJto2zrF43pC9mv0/SvUfjsZ5hesgIa2EYzHzwhfkCPqiOmchTsKuwzNDr/TDtet+g1/LjXYgpN72Yp7Y4tsuE6TNi5a9+Imw9svXDvh5ThDaMWsOD24Z2Ctr2HujCPs/0K767/MeDlpG8cOUOdyB+5Fhy+kTeiw28G5NaJtuLHeoLTKxhNZ3tK5hQSJOv3ZgqqmQc9e3b4LOb6MNWBh3gTe7cdMbuOYZHQoilNJezBNbQoOoxnE+tJF8Z4j6njK4TfS1b27/s+7RlnOoZUQ8H59gS+DHsuHvr+OBqzr0+rahxn1t9zeeWp6tduFcGzmYHvghJ26e8hERkest7nuuej7Zj9uxmIeDrlRzFjrBFfSo1NlmcCwOvZjZcwc87Ytj5jVe8BzMjPMr5rW+6dlu/IyPp7gYe+AX/BF2vosDnrPN4HaxobxmwDhHWCqtAY/9BL6IGzec1f7eFyE9L4xHyt2uDQxchYOJnK0rbySJEj0ncOOiujzC247jqGdQyHkR6EUXfoPs4YTbuCEfWBujMhHbmgEru9Z2JrIx2S9jVNax9zR95/YbQdN3S7HkQO/+ncAPQyc7tI/exfOx+Hq5Jk93wLl/9vViHYH20wMCt4PKsWHCgzekh6qvF+1gAdnxMOyb46Nv44Y+No3lOBaHTTNnIU7eDPSg9C1oYHkiDYvC4O06DH0tN9qBvPsGmWCCtHkjFv4osf9COWcZZY4N1GwopwYGSX0z/L2RI3yC4B60vhy9oZvcCNDVhHfbHKycPiHHoucszThYHLbcKH5HnzBCz71RuoYFLzHi9Ma90ZvBJ2/YeWoE9Gp8T5n5fpiOr26rhpAntnwdCoa86Q1PqTDU/d5IvjOM4J4yqjZxmHIOtYyI52PQ6BHcX4+nAY/m+1IubNieG8PTZQ1sNx5niPy4f8N239MO8dtzV0RExp7F6x2PdytHy+h1YOQkGngR3//nVpzFdowqePF6vUFvivb9y+vF6yXCNL7/e41hobMY40Lm8U3j9S3Pv+wBw8ZNhPoMPqnxP/+2CP7bVsQifsmfW53kHnThXFAWVL/wbTxehq9r6wk3OFbw47+PHDzwer001DzKZheAkzUv/b3xuHXNo2ymf7mFC5yw+SBHygrhoAvHih9T6PXipRVjFT/m7yMGs+PhmAgSvs/9g0P2a+g5E3m+0G3vOdOMsf3KIt5Qjn/7EuFYKSzjxyua+VF1Oax5ibLA4/tnaAacwcNCFuXFM8x5EPE8iaLtCGxbr5fwtmvg34zKfolU1vDjIeo2ZRwEUgPMnxZICTDQTjqO3kfGLV8gOdaUAKMkIS0jpvnGYttH155H08ZFODaNUb7BQxxHvvMtL+I5ELyY4GED1xdel2Hb9WHPx0HqFCh2vLd5w+zf1hO4HYv4W5tRP0/tc/xohxtwsOLHL/kewX+OHx3wz2/D+fcvGaG5hhoe3VxNuQtwruGlsjnRt2/h+z/CfOHlbT3hDtRj+HJGaicj36NFOtbGzSB1B3zniJOvF0a6j41Q31G4hg15H9xfMM4YJ2/oNSh4e9qcfN1Zw+aDRyjz1uHCyZrCeLkvCt52NooWwS//3Ioz9yAu5wLKIt3ze2p57kc7cGO0iS/5HsF/7kcHIl/HozkvQrZtdPeUw7aTIy1npGUMdUwS3f31+BqkDbc5+dsV+/nRgTO0eguxE8W2AMBD7XPVuJxreMlpG1g/Ty3PVbtwrnkJpy1ejnERERkP8Z0WoKEOl+9G+qWXQj9rnODe8R4N+B7ndzeH/tDsOTshX8E0/uzMWwQHPqmlzuVkwQT9Cdae5xh4TIRooM5lfAl5KfAl2feCo2BzFuDERV1tLW+5HCwKPPdmx1jFROvTO7qMVBrxlRojGvbiv2WFA1yba/ofS/b1dm8eojIR25pYeJqJ8A6EUTNR98uI+FIDpAySEiBkOuyYlseYEmCkWs7hxY5pfvDAUkyp4G1rHOOVj6bRauOMnoIDluNpxk0eI+mQPbwo2/UhGfUerB2Y2OeWh9q3XDgW+R8l9/DJAbcRhHnp7/tzNDYP0jrNKTPuwdY4wVXHSJIgDLn/7XkRHpf29XjOs4+8nH6+nKXNEZY7ETS8twO3c0H0PeHG4BoWeXoPze7hn6aYs8AJzWeprXPBSOpxndmNm15q61w4B7np9XxyALdjBT9+6aX+4OeoXsdHp70dlXJGPB+DRw93fz2RDWwfGmp+xA5W8OOIv1g0UPOjHbDix5F/0BARkZuK2d9TIx4/DXUucH7d90tg6KdwgRNwUdfgxVt4N6UOF5trGnzjW9n3yx2+mwn/PMH/Dvq1PfzvkGGh8xijQpcRadi4fcLrM9R0wdOG/W3LzcO9Ywcu5wKjl+Zg2y+O62pzfh0nwceEF2/rPp579FFqGvz1geYzrf3HW82P2OEmbJ8WcnepA9eOHbgdd1AUOBZtOL/uBNdm3/KMT+u+53j00Roaxnv7DLfPI+7XwERDzxf8d+HdlDrc7PjlPloD0zRQ8+ijPLev9drLPWbHig3nQ6U4cPFWoJzGvnbv+CX7Wvunbah5lEef89Wv0Ai2vxVct4aaoH0e4TyxGV/wd7wX1D695Qo5zvo3s1G2GY7gY3Os9kukczp4mC0QFBurfXNtGvFedWCZCb1Hdw4x3dP0ncvAMtMB5/488pQAI3VoH71XM7Asfgmrb5B1+cNYki8PU87Ixmbbw/DteTRtXKCUA885o/B4vb7rdchyGqjZbARc/NeYSPUdOCzS+oL/NsYO165H2q79w2wU3eEwfrwNjG9l33O+c2citHmD7F9jWzj5uq/3lX9fBZ/jrfue8/X89Y1vqOHRR58LbRPrBu67wbenb6dE2P+O0ruNZdiKuCNsm7bu+yU73A7uKLJFV86Ix4bv+r25/5psLHcsz60RfsLOldD6OSi9u3DIYz1Sfa/pGmabgYNmzvjn900ffC/VULMZF04WFAbt30jbs3ABTvcOdrjAuaBw+G1xXc+PoG1nyyXPvYMdrv46DTyuMQKK/r9b9/Hc5qGu48OfFzZ/4NrrJdp7yuHbyZGXc8Aw//n4Xvj9s9EODH9/Pd6fSOeGF6+3gfd2uHF+3YnNvw9mOMD1Vv/50vBeSPsQOA8f6p+n/9PKvuc243KU8lBwm6qPPvroo88N+YlG/OZc9dTylgucawbJUecLqO6sa2RFYSHF36+En21k9WpjtKO0FKd75F9kBfDdTLMgjvIDRuDeuZHV4bvYUUrl94uxU8iKF9fA6s2sDko+5lzzIisKAQpZUVnKzzYGLcO5hsrSt9i4s47GFYX4a2+fdwcO3HBH2EtbCldgrGJ1UF4rJ2teXEF8b7nRZA+cexuDdoajtJLvx/trs+3FfN25k807N7JjqnFc2Iu/TyU/Y+PG1QRqEzimAN9xtWN18LHXv88j9+QwjrXmjf5j0UHpmlIcmz8YrGDMu8PBzp0bWf1BKZXfnxpL5UZlvxhpMTaz2hWPx7Uvj2lOIz0RUwL0u3rKjdXmoPfU9UgJsJOOl3aS/NB+kiv2+166dZmePV+hY5hyxp3RauMKV/Bi5Qx+tnE1qwOLWcOLK0b7iIq+XR9KoB1YHShtyLkzIdo8986Q8gFGW/Zi6Euhir+/hpPB10lHKZVr8ti4+QMjD2XhCipLI7WJI9x3zlJmvLWa1W7/IoK3l53i77/I1B2rg8rsoLTy+75eqlGUc5BNP2BfOkopdbqJr7tDF5tXh2dJja3NvdZrGPZ53OHYyc6Nq/mgtJLvFxey4sVKZgTdX0dftkIWOMHlcsb57aSvnCwYtE724u+z5uTqoP3koLRyDXkbN/PBJx6KYzn3CxfgZDObV7t896bX3t6OTjntA75ThZ6Pw91fxwdXyHY0hJcxsL3854tzDWucLjYD0Mi/7TQarJ3B5xMY59TXT2KMHtjWxt31QERErgvTxYsXlR1GRESuO9PLy67PipbVkHELdFeVjX3P1VHmfWSs8xiIiIyNxh2r2cxY/JAiIiIicv1UVlYOO02cv9BKRERuVKbrtJ7k6Q68J6onXGAV4uHlICIisWjkoMtB6ZOz1Y6JiIjIDU/BVRERuTHNf4n0kvmYrh7i6qvx9SBwtHSNFpGJxuOqonLXcWYt30ip3qAuIiIiNwEFV0VE5MZ06FGuTLQ8p2F0jRaRica25P9i8xLj32rDRERE5GZgHu8CiIiIiIiIiIiIiExECq6KiIiIiIiIiIiIxEBpAUREROKUrtEiIiIiIiLxTT1XRURERERERERERGKgnqsiIiJxStdoERERERGR+KbgqoiISJzSNVpERERERCS+KbgqIiISp3SNFhERERERiW/KuSoiIiIiIiIiIiISA/VcFRERiVO6RouIiIiIiMQ3BVdFRETilK7RIiIiIiIi8U1pAURERERERERERERioOCqiIiIiIiIiIiISAws5tMfjncZREREJAJdo0VEREREROKb6dL/facSuomIiIiIiIiIiIgEefLEwmGnsdDbdR2KIiIiIiIiIiIiInJjUc5VERERERERERERkRgouCoiIiIiIiIiIiISAwVXRURERERERERERGKg4KqIiIiIiIiIiIhIDBRcFREREREREREREYmBgqsiIiIiIiIiIiIiMVBwVURERERERERERCQGCq6KiIiIiIiIiIiIxEDBVREREREREREREZEYKLgqIiIiIiIiIiIiEgMFV0VERERERERERERioOCqiIiIiIiIiIiISAwUXBURERERERERERGJgYKrIiIiIiIiIiIiIjFQcFVEREREREREREQkBgquioiIiIiIiIiIiMRAwVURERERERERERGRGCi4KiIiIiIiIiIiIhIDBVdFREREREREREREYqDgqoiIiIiIiIiIiEgMLF7veBdBREREREREREREZOKxKLYqIiIiIiIiIiIiMnIWr7quioiIiIiIiIiIiIyYeq6KiIiIiIiIiIiIxEA5V0VERERERERERERioJ6rIiIiIiIiIiIiIjGw4AVMgD/K6v93pP8T4d9EMd9gyx5s3vBhftEuN9ppBltu+LDwchJh2FDrjjRtpHVHu9xgw9VpsGkj1Wm4ukTaRoOVN3h4NNMOtz9GUqdI6x5u/4xGnQgbHm2dhpp2tOoU7b4NX1c05R5uPw22TcPHBZd5uHGRljvYuGsZHz58sHlVp+jKNRZ1ilSfweZVnaIrl4690V92tHUKX4bqNPRyVafh5x3J+TTYfdlw642lXNcyr+oUf3WKNF51ir86qd2b+HUKHxc8vzds+tFYb/C48PVfjzpFWrfqNPhyo5lmpG2XN8I0keYfbnsO1+4FTxPPdRqCxYs3dGLvMP+PtPKRzhc+/2hPO5JpolnuYH9Hu+6h1jFey43093DrHKu6DTVfLHWKNDza/T+aZYi2TtGuI3z4SOo0Gvv0WrfRcMsaavi1jLuW8dE0pKrT6IyLdXyUFzvVaZTGXcv4G+3YG+m8qtPorXcsl30z12mo+7JY1hvLeNVp+PlVp7EZrzqN3rJVp7FZ9ngfe8P9HcuyVafRW2+s00RTrmjnj3Z7TuQ6DUFpAURERERERERERERioBdaiYiIiIiIiIiIiMRAwVURERERERERERGRGFi8iq6KiIiIiIiIiIiIjJhyroqIiIiIiIiIiIjEwNKn6KqIiIiIiIiIiIjIiFn6lBZAREREREREREREZMT0QisRERERERERERGRGCjnqoiIiIiIiIiIiEgM1HNVREREREREREREJAbKuSoiIiIiIiIiIiISA/VcFREREREREREREYmBcq6KiIiIiIiIiIiIxMDiNZnHuwwiIiIiIiIiIiIiE44lId0+3mUQERERERERERERiS+Xhp/E5PUq66qIiIiIiIiIiIhIsIqKimGnUU4AERERERERERERkRgouCoiIiIiIiIiIiISAwVXRURERERERERERGKg4KqIiIiIiIiIiIhIDBRcFREREREREREREYmBgqsiIiIiIiIiIiIiMVBwVURERERERERERCQGCq6KiIiIiIiIiIiIxEDBVREREREREREREZEYKLgqIiIiIiIiIiIiEgMFV0VERERERERERERioOCqiIiIiIiIiIiISAwUXBURERERERERERGJgYKrIiIiIiIiIiIiIjG4LsFVr9d7PVYjclO6nueXzmURERERERERuRlEGwOxjGUh2trauHjxIn19fXR3d4/lqkRuWlarFbPZTGZmJmlpaWOyDp3LIiIiIiIiInIzsVqtUU03ZsHVtrY2Lly4QEpKComJiWO1GhEBurq6uHDhAsCoB1h1LouIiIiIiIiIRDZmaQEuXryoYIzIdZKYmEhKSgoXL14c9WXrXBYRERERERERiWxMeq56vV76+vpITk4ei8WLSATJycl0dHTg9XoxmUyjskydyyIiIiIiIiIigxuT4KrJZKK7u1svvxG5zrq6ukYtsAo6l0VEREREREREhjJmaQFEREREREREREREbmQKroqIiIiIiIiIiIjEYEzSAvjpUWKRG4POZRERERERERGRgdRzVURERERERERERCQGCq6KiIiIiIiIiIiIxEBpAURkWDqXRUREREREREQGUs9VERERERERERERkRgouCoiIiIiIiIiIiISA6UFEJFh6VwWERERERERERloTIOrIiLBGnesZrNrkJGWDGyfm8d/f+ABFuWlXtdyxRcPtT/byE5Kqfx+MfZBp2tkx+rNRNyclhRsuQ4WfOUB7l4wlWvdmp5PdvCRdQUlhbHMXMvPNu7E7VzDiyuMBRjHgZM1L64glkWKiIiIiIiIxAv1XBWRYY3WuexfzJSiJRTaQsf1nGvko8YP+NVP6zjwrR+yZtHgYcUbW/+29nq9DL7l/eOmULSkkJDN2XGWjz6q599efZo9taX8cI1ziCDtMBp3sHHL+yx5vJSYDgP/PF5v4Dgy/ucdpn4iIiIiIiIi8W8C9FxtZMdjz/N+xHFLePyF0e351LjjMZ7ncV5YMfRSPa4qntzpvrayeFxUPfkBdzxZgdMeum6Pq4onP7iDJyuuISgiEqcK715BxFPMs4eqJ3/N0V/v5dNFD/C5616yiaiQu1cMbHtWcImPXv0pLx/aSdWOXCpXFGIdj+LZnVS84ByPNYuIiIiIiIiMuQkQXDUsefyFAcGYxh2P8XxV3nUOQPqCvY5SnnyhIrBej6uKJx+rotQXKL1WdmcFikfITcfu5O75v+blQx9w6NMH+Jyiq9dgEl98aA1/0/w0v31/B66SDZTkjneZRERERERERG4sEya4Gknh3aU4nvyAeo9zVAKa0Wjc4QushgV07c4KHm9+jOe3uihSb1ORGFlJSQHooLsneLiHT97ayRvvN/JZRw9YMpi94G944P5FBKdnbdzxGM+fLOV/3e9h58/34u6AKXc8xJpvf5FJnk94a+cbvN/4GR09YEmx4fjifxuwDIBLjXt4441/46OTl+nBQsqUQpY8UMrX5wWd2R4XVU/uZMbjL3B39xv86lcujl72lc35bb79wLywdsCow28PuTl7roMehi7D6Mjljrtn89vXjnKo0UNJbnCJht+mjTse43nfYwPvP/8Y7+MI+gEpyvr4tpN7yTBPBIxg/4iIiIiIiIjEiwmQc9XrX9jAfH9eL15/3j4vxpf4yl0cD55myWM8X+r7Qu9xUVX5AXdsDOpdGjbMlxFwkLI3Uvc+LHlsCbYIuQJnlz7P84Fy+ebY+TgvBHIazGJ58LrDyh+8bo+risoP7mBjhRM7jex8/AV47DF44YVAioRZyzdSERRV9riqqNzlr/0Sli9vZldgGUb5dz7+QlCKhSU89nypXigjwxq1nKv9Cxwkf+dZPm0EKGL2dN807Y3sfPbnvH8OZnzpfv7HfBs9R/+d3+19jX/8xM1j/1BKYWrQ8s/+C1uet+L4m2/xvZSTHE2ZRUZrLT/7yS5OTirirtL7mZ3RwblDv+fXH7zGP356iX/44d34O3V6XFX8ZNdxmDGf//atLzHDco5Dv/81v//509T/l8d57AGH8YIo33ne/NbPePpkD/Pv/xbfs/Vw9N9/x969P+fps/+DJ/9uAZMAcPPbJ5/n9+dSmP1f7uVbRTZSOs5R/x+/5/0PXqPqkiVoWm+UOUmjy82a4SjCxlHcjc10LbEZqQGi3KZTlnyP79l+z//z9lFm3/s9/usMK7kZXrzeEdQnULagnKvh5fa4qIpy/4iIiIiIiIjEkwncc9WDa+sujs9azio7QCM7K3eR99jzVPijhY07efyFF9g5/3lKRyOC6DlLM7O4wzb8pODBVVXJLpaz8XkjuOlxVVFZWQUbY0sd8P4Lh3js+ecpBV/dtuIq8i2rcSeVu2D5xucDfz/+wnGYdUdQeV6geflGnvetvHHn47ywc35/8FlkHHVfaubQb/9ffvcZWOYvocgXMHX/bivvn7Pype9t5NvzfAPnzeOOJXupqvw1P99VxD+u+mJ/PtGOy+R+62keuWMSsIB5gGfv+xzvmcH9j/0dd/nPvXkLKMx9mn/c+xH1zXeTmwec3cvPdx2HWcv5h6Ae6PMWzKdo6w/5//79ZX634Cc84Ogv9/GTsPwf/lfgnJ43r4jc53/Ia/X/QWP7AhakQvcndRzqgP+fvXePkSu77zs/59x761ZVP9gPijPhKOFMTMKkYhvwUCtjOFEmWMkjGzEFON4ZI1Z2E2yCKLtWHElJsIq9VtYTROuFEUmOFawnGwOrwFKwo8TaHRqwNLB2MxkPBxI0IyBKMnRIi6SGbPHRL3Z3Pe7rnP3j3HvrVnVVd3Wz2WzO/D5CT1Xde+65576K6m9/z/d3/CP/E7/0E9Pltu85/TiP/h+f4ovf/Xf8h7XT/Pneqr3DbzAFLC+tsQbM7+CcTr/7Pbyn813gEg89+h7ek39V7PXxLH13zOsjCIIgCIIgCIIgCAeMB0ZcffW3fmlzUatjz1ZcmSf4+X/2z/rXn3icJ0eUwto97+ahcYTRpTf55tVjPPuPegLN/J//6zz7zV/jm28u8ed3oa4ee/aDPZdpfmzXl4H5Jf7oxVc59uw/6om2J36ev/Pkq/zWtWKDZa5fBX6i19+JwmkrCPvM0Oc5x3/kg/zSsz/m3KFc5JuvrsOxZ/np9wzMDZ9/kp98/Pf4l2+8wZsf+TF+rFRXH+HHjg9T9Za5cmUJ5nvP3kM/+T/z2Z/stbjyR3/ALeY4+1cHoz2anP7pn+bcG+d49ZsX+blHK3+Q+LGf5Cf6Gk9z/McegUttOh2gCcF7fo7/5X/7uSFjavLoqWPwXSAZcULulvk5HoKKo38357Sfe3M8218fQRAEQRAEQRAEQThoPBCxABY487HfHO4+3TQddolXP/scL1SyAc4UU5BtZZvyff+y6nTcIUMBrnFz0XJ8O2106RpXeYSzc9Xpz3Oc/IljvHBtCWvnttx3/7RZ9/mRI3OVceVtrMXaJa5dhUfOzvWNe/aRY3Ct6OM4H3j2GM+98Gv80gsAZ/jYb0okgDAeexYLkHdz5OQZjg84wBu2aoauAAAgAElEQVTvPsGpY8c58e5pyqnxSze5lgJBh5v/+T9zc6C/paQBXOHmksU+VPR/hNmp/tiBuR95kmMvvsAbX/w13vjSFMd/9C/yvidPcurEu+nJsGtcu9IBfpRHjgyJLThyjJPA+Ws3WbTHmc/XN6am8Ae+h6zvA7e4uWaxfceZ0L55navLyyxfvMjFqxe4cGUZOFb5Xhpvun/5HbBdfMDScnnerLXYHZ7T4kRYO+ScjHM8fd9zRV/94x7v+giCIAiCIAiCIAjCweOBca5uz0X+r7/7Bc4DnPkYv/nJE+WyPWP+CI9wlWvLMLRi1dKrfPa5a5zdQrRcvnZ1xJp7z/yTn+Q3n4TivHzh755HRFbhfnD8gz8/XlTH8jXnuLx0jt++NKpRh6U16IVyNmgMOi7nn+ST/+gIr577Gn/wxiUufeccl75zDvB55Km/yd/+y6eYLq2W/o6+GI88NDVyXEnp3mxz7dUv8zu/912Wi0Jd/hSPHH+c9/3od3n5OzvY4U5JO6wDPDTnvrZ2dU4H2ePjGev6CIIgCIIgCIIgCMLB4+0jrl58g/ODQuHSLa4Dj2y1XS40/MRWbUpO8MFnj/HcuVf54Cef3KSvXvxDlwE7BzD3bo7xTW4twYmy4RK3rsOx8UJbd8Ac7z4G3+zfWS7kDjuyE/z8b/4mP5+LrG9c/HlOiLoqHETmHuIRYPmpT/Drf/nRbZtvyfQJnvzICZ78CCQ3r/DdS6/y7869wdWXf5vfmvtlfuUvNvKGKemWHe2ctTe+yOdeuADHPsDHPvJBHn2oWWbE3vzDeyuuLl36DywDxx494hbswTm9J8ez7fWRklaCIAiCIAiCIAjCweMBiAUoextRXbzKdW4u2Xy68SVeeO4FrgKPFNvOOefpC394kTPPHgeWefXceeCYm3pf6X/U2OfOnOXMC1/guc9aPv2JJylk0uVXP8cXzh/jmU+fYc5a7NxJ3nfsBV744h9xMm+3/OoXeeHqMZ75a8X0/XJS7+Z9F9OD+6b7DjsHFmvnOHP2DC984Yv80clP8OQccOkFvnAeOFb0cYkXPv4Frj/zaT7xZD7qS7kgfXyccyu8k9nbZxnGe56BqTmOANevXGPJHqP/zxIJ3/3iP+TLV3+UZz7+13i8am3se27W+NbvfJ6vXvlRPvqPf5ZHAf/IMX78yDF+/OQxPvfcV7h6cw1rj3D00QZc/S5vXracHNQdb17hAuA/csQ948Ue7JDzY3tvrO1w8ZsXSHmEn/1rZ933Uzm+hJvXloGpvu8B2+t4i1iAUcdb5Qov/8FV4DhP/kj+vbPbc1qOb6fH0x9zsHnc418fQRAEQRAEQRAEQThovH2cq8ef5dPPfI7nnvs4X8kXnfnYp3nm3HN85Y1LPHv8OHCcZz/9DNef+wIfPw9wjGc+9gzHvvCtneyIZz//eR5/4eM89/GvVJaf4WOff5bj5ec5nvzE53mor90xnvl0Ln7uNZuO/wzPPHOMr5SH5o79c889R2/YbjzHh3QnCAeC4CRPnmnwnfO/z9fefJxfONXorbvy+7zwnZTO8VMMrV9VMs2x4z6d736L82/+FI9W++gssw40AvdV+OiZn+LIy1/l1a++ylOVP55Ahze+9jWWafDU+3b6xPgEDdfHWqd/TefK73PuOwDrdPa8oNUyb3zxd3h5Haae+hneV5yjXZ7TtBzfXh/P+NdHEARBEARBEARBEA4aD8BvrE7MHIe5Jz/B558cWPiJz/NkfyM+MdDoycrn489+nnH2dvzZz/P5Z++y3cBYqvvuP5Zh52DzssHjX371c/DIQz2BaMixC8LBJuD42b/Bme9+gfPP/yrX3/ezfODH50gvvczXXr7Aun+MZ37hfdvmcT70vmc584df4Pzv/AZrT/0UTx2forP8Hb7x1W+x7J/kv/tAblN96Cn+9jNv8JmvfIXP/MYlfuqp9/GIv8x3vvFVvnUd5s78DX5qxzPpA04+eYbGd87zjd/+Apz9AMen1rn+rZf52ndu8ujxY9y6dJXldbbION2KS/zhCy/wRmVJunyVNy9dZz0F//gzfOJnq4Pe4TmdmmMOeONr5zjJKR49fnzPj2fs6yMIgiAIgiAIgiAIB4wHKBZAGM0yr37+H/NvHvlFPvdM7qpbfpUvfuUqZ37xh+Q6CHfNXt1DvdnyO4iiqP8Qzzz3q/zI73+F//vVr/KvvpWCX+fI8Q/wt/7Kz3BqenA6PWUV+r4+/uHf5+hXvszXX/4yz38D8Kf4oR//K/z9n30fjzR6fcye+Ti/Ovv7/Ovf/xZf+/J3SPGZOnqcD/ytZ/iZU3O9KfDlTu2m82N7A8Fa8H/oGT71t3z+1b8+zze+/Dzf8OscOf4k//2v/n1OJX/Ic79+lUvXbmB/6CEoAwfs5uMYejZvceH8rf5V/hSzx36cv/SBn+GD1THv4pxy5Az/7Qe+y/Mvf4N/9fzLnPnF3+CZ4zs4nt7JKM/Tpuu0g+sjCIIgCIIgCIIgCAcJZe+R8nb58mWmp6W+8/5xia984p9zvrLkzC9+jmdkzv87irW1NR577LE97VOeZUEQBEEQBEEQBEEQ3ol85jOf2bbNAxALIIzHcZ753Od45n4PQxAEQRAEQRAEQRAEQRDeIej7PQBBEARBEARBEARBEARBEIQHERFXBUEQBEEQBEEQBEEQBEEQdoGIq4IgCIIgCIIgCIIgCIIgCLvgnmauSpV6QXh7IM+yIAiCIAiCIAiCIAjCZsS5KgiCIAiCIAiCIAiCIAiCsAtEXBUEQRAEQRAEQRAEQRAEQdgFIq4KgiAIgiAIgiAIgiAIgiDsAhFXBUEQBEEQBEEQBEEQBEEQdoGIq4IgCIIgCIIgCIIgCIIgCLtAxFVBEARBEARBEARBEARBEIRdIOKqIAiCIAiCIAiCIAiCIAjCLhBxVRAEQRAEQRAEQRAEQRAEYRf496rjRqPB+vr6vepeEIQhNBqNe9KnPMuCIAiCIAiCIAiCIAibuWfiaqfT4Sv/5v/ZtFwpVf4Un7XuN9BqrfuW5U2B3jbVV1AodN6vt2l/w9jcx3hk2LvaHsB14RVvBjCgwFpbNna7sH3td7XfkcNR1ZPch8IburwfnY/X7GCv7vr2jrMcDHt3ZHfPpvHtYhuLoXrtdtJnta21tvw8qo+/9FNP7WCk49HpdPhTDz+85/0KgiAIgiAIgiAIgiA86NwzcfWgYK3dUogsRKq9FCvHY1yBTe2g7V5z787JaIHRMo72uP/Xa//ZjbArCIIgCIIgCIIgCIIg7B/7Kq7eK0FsP2W2/ZY6+0+ZAhRK3YMRDHSpyv+Mt92OzkvuTt2kHb5NxESllAijgiAIgiAIgiAIgiAI7wD23bm6ncC61fphU/GVUmDvXl7dzuFaGcWoGfR7Sm8shUh373Y6qued7NHupL0Caza3P4hyZHEd7kYsVai+qIfqfbbTfgvhVgRcQRAEQRAEQRAEQRCE+8++iKtVUXSTMDqifX+74X31FpIrc/s7VXzXTlylRiuJamsP6OZ97oXAtvk47pnLuOh3oP/xxe37w07FzD4BdSCnt9rPVuLtoAg7KKwe5PMlCIIgCIIgCIIgCILwTuCeiquDQuh2r8X76vJ+EWl0QSvnKFUjBaedLt8JgwLZtn1aRhaQcnPmNwt5/X0Wx78jv+g2qCHjV9uLirlQrIr32+1FKax9MDJTtxNTB49hVPtxnKvbuVmHCaviXBUEQRAEQRAEQRAEQbi/7Ku4WrwfR1wdJpQOc72WsQAjthk1pt2uZ8CFOI4TdzxGCHND+uxftncC2+bzPXoMfbsvG465n2rn7Ny1ul+i4qCAudt7Zxznatl2jAJs4lwVBEEQBEEQBEEQBEG49/y9v/f3tm2zL+Jq9f124urw9qPXuTfOHajU9q7AYWPbCYULce+xff1uzlwdPpr9jkLYaw66+3K/M1d3Iqwe9HMnCIIgCIIgCIIgCILwdmffxNXBz6OE1c3i62aX3+Z+lBOwttj/wXP57VwY280xjOO8HCVCu8XbOSQP2nk9uIxyropIKgiCIAiCIAiCIAiC8GCyr+JqsWyrwlbFOq11LjpVHanD4wVGiaujxjBq3W4LFlU/j9WHgvHFVYVSutJ+68JHBcU4xnHvDnNPumXu/A9OQe/7nLuG7cDYdiMajrvNdtPrtysONS7bFZ4a+xhV//bDzuU4/RTPhAiygiAIgiAIgiAIgiAIB4N7Kq5uxzgZlsOyJccRynaTjzlWv+V/hm+3Vw7Z4eLZmAWzKm201mO3reJ5Xr7cCXrFz+D4tnMnjxZ31aY2o8YyjK1Exr26BluJmHu5j1GMU1BLRFZBEARBEARBEARBEIT7x76Kq6MKVQ1r0/s8Rr+l2vl2n6KuKj/gxNbxKtpvJcJ5SkMhoALKWrAGVO5IzbfVeX8qF2zz1ADXtzUUcbRVAdqSRzvY3hEMXierVLmP7Y9IEARBEARBEARBEARBEA4G+x4LMGzdsFiAnitvdLu+1zEE1j1xG27hWt1LRjk9oSqU2rHE56K/kQJrxV2q8v7dD4Aplw/frj8fV20ae/81dG37jwdrx1PRy+b9hZ32k924qB29czyO23bYsUkkgCAIgiAIgiAIgiAIwsHinourg1O+NxesYtP7/mWbp5WPI6zuVHQbO+/TNd5R33tJNUu1jD0d4QYenMpftB3sK8sMWmu01pucrkp55TJjDMaYsl+XjeuhtQdYrDV912bU+ezluQ4Zr9t4y3PwoAuM2wmpW4nG1XX3Q1wWBEEQBEEQBEEQBEEQetzzWIBhrtRh74ctqxa0GtZX3+sOogFGCVLjCFV2SJPtiintlp30u5Pc0sF+qyLsqBgBY0zf+s0RD2rs8doiT2APGbbvHRUZ26bfu7quamf5rVvtczDH9kEWmQVBEARBEARBEARBEB507ksswFYO1p183mrq/G4cfbstaLXTPnbCoHjWX6DKOUC3Eu0KAW6U+KqUwmpb9lt1xlbfF209z+tzuBpjMcaNo3rowxyzwwpiDY5JFTmvYzDuFPs9EUj3gJ0U6xqnL3GuCoIgCIIgCIIgCIIg3F/2RVwdXTF+9JT2YYLYljmtuyxqda/F0L3ssypKF+KaMRlgy+n6xbqqCOramdJ9aq3tW6d9Ly9MBdb2HKrWUvYLTtit7iMfXV+frrhVOXCXuLpJDC/yXPvZjbD6ThIXq8d8v4ViQRAEQRAEQRAEQRAE4Z7HAhSiYG9JTxzsrS90IqWGCbKb+9vkULVgKYS2zW22HOEWwu/ojQY+3yt9T6myaFQxTmMMSmt0ZTq+LQaR22qV0pCLo1Cc33x5sU1ZjErhaZ2Lr71zobXG87QTXHOB1RhLmqakSdrXTmuN9rTrTStslouq9ITdviGi0EqjtCrb9OewHjzBVARNQRAEQRAEQRAEQRAEYZB7nrlapSqo9gtog8u2n+rdT7Ui/b0V6PTA58HSTH3Zn1v0s93oym1VMV3fiZ9O4DOARWtVFpXygooTNXeQpmnqPldEUNdXbyo/gPJ9lNIoZcqiVEp5+L6Pp1y/WZYRxzFRlJKmqRN5lcL3fcIwxFOuqBXK5dJa4/ZrrSXLMrIsK8+P1pparUYtCMq+kyRxx+cU9jHOUE94H1f0HC8Tdq+dz3bgdbw+h7lyt4taEARBEARBEARBEARBEPaXfRVXYeuiVNu17y0bva663bjZlbvhnktalSn1fcKosWQmy6fr95zAnufjebpcbm2GMRbP03ha5+Jp4WI1lR0pOp0Iz/PwPA+lPKw1pUO1EGaL/TQajUreai9qIE3TnsvWGCeyaudmdS5YH6VcRqtSkGWGTqdTiRhQKA3KOsftsMJhe3nWR1/34cv3O4LgXt+/giAIgiAIgiAIgiAIwt1zjzNXB32eUFSVHyasVivPV6vPb6sf9WWubhZtR1VX3yrrdTtsMUxGyXHbDHmMFsq641KoXPh0Ww06QRUKTO6izXVTjUfgFYNVubipMMYQJxlRFNHtdsmyjDAIMMaUfYITRBVgTb/jNAgC5zqt1dBa4/t+6ZSNoyhXRbUbk9KAxfOcC7ZwqYITY5M8XsD3nTCsqhEHOzmXIwpWHQzhUWHHFIXFiSoIgiAIgiAIgiAIgvBgse/O1Sq7FzcPgmh2b3HiZE80zLKsdJAWLlNjnMM0juO+YlWe51Gr1co21YiANE3pdDq0223a7TZxHLN+5w7tdptut4sxhiAI3FR/T2Mz55INw5BarUaz2WRiYoJms1ku830f3/dpNibRWpOmKVEUkSYpJld7sywrhVgo3KzeQIEmtSlmQRAEQRAEQRAEQRAEQRAOKvucudrvWi2WDb4fZ8p233Yjlm+1j63abIXZvskeYSsFqWwpQhYRAZ7n9QmUheOxEFcLp6i1liiKWF9fZ2VlhdXVVVZXV2m1WnS7XdI0JUsSsizbtA93rVx2qkIRBAH1ep1ms8nk5CRTU1NMTk3SaNSphw0ajQka9YYTcbMMm7tWq7EC1bEGQYCx7jiNtUU9LlC7k1cPhlN1M6pXyWv7thX36jAnazWPVVyugiAIgiAIgiAIgiAI95d7HAugRn4eV2CtdrGVcKoYvq/tBKidCnJK3b2zcrw99kcnFA7UwqFaLAdKIbXaLoqi8ufOnTvcvn2bhYUFFhcXWVtbK4VVYwyB7zsBNRdWi4iALMvwPFe0qua7OIB6vU69Xi/dq82JJmFYox42mJqaYXZ2hnq9gVJOPO3FAaQYY9HaK6MBiqgD52617uQeTH10S7a7h8aNBaj2J8KpIAiCIAiCIAiCIAjCwee+FLSqioZbC6vVdZU+0JRyahF+OqLI1U7E03Ha2oGx7JaRXVSOR1V2VuSaFm1sZvF8jfLyQld5dECSJMRxTLvVYm19nevXr3N7cZHV1VXu3LlDp9PBGNMXL2CtJSkLUvX6MsagtZvSH3g+nufRaDTySIAa1mTcWV3JYwkszeYEs7NzzByaZWpqgqnpKSYnJ6kFNTzPFaoyWUbh/zWmKFxlS5ds5SQMPzXl2dv9dS6OsbfxFkKm7d2LwwTPcfa7E+fqqNzYqlu1+ioIgiAIgiAIgiAIgiDcP/bVuTpq3XbRAEP72SuVc6t93G2fu96q2NKWgmdViLZ5MKlznjpBNYoiWq0WnU6HbrfL2toaKysrXF9YYGV1tXSqaq0Jw5AgCEonbBzHpXCpc/eq7/tYa9HaOWMbjQYTExNMTk4yMTFB4HtkWUraTkjimG43ot1us7GxzuLtW0xNTTIzc4jp6UNMTk4wMTFBvR7iec4l6w4hA0uZw+qiEEaLhmURsQGNczfXTvWr9Zs77V+55bj20rkq0/4FQRAEQRAEQRAEQRAeHO6puDrE50e/eJjncJbrqu2GvadXUX6IntXra7zR9K+1m6IFRjOGw7UijFXFt2qeJj0jKuSCWjEGawwUOaWmJ+wZa7AGsjSlG0V0Om3W19e5c+cOq6urrG+s02l3aLXbtDY22Gi3iKOYLHer+p7vBE6ty6n/cZy4rFat0b7npvN7Hko5YTUIAiZyx2o9DPF9D8/TKOUThmHphI3iiPX1O6yuLLG4GNBsNJienmZmdob5uVlmZmY5dOgQQVjD9wNQYIxFYbCAsZvjHQbPui2dvbbv/A1uN0qY7F0L2+t0q3tDbb47N7N3Iug4MRYiugqCIAiCIAiCIAiCIBwM7rG4qocs7RdYq236xdERAmvF2donMZVdDtun29P24x1nqvU2MtuIad3FumK97/suP9VqJ6Ra0Er35aYqpfC0VxaGyrKMqBOVLtVCUF1aWmJ5eZmNjQ2iKHLRAEniilVlWS6qenmhqyDPOtX5NPxKkTGlMLlmWbhXywJWzQb1ep1GI8TPowSK43MFqyCJY1ob6yRJjNaajXXN2p1l1tcOsX5nhdnZWeYPH2Z6eppDM4cI6w20UhibVUTTXvGr6jlz58NzrlelsPn/eldkPMG7T9xWdpytGLP7kQyOb1xxdKviVsMEe0EQBEEQBEEQBEEQBGF/2afMVZVrou7VCUOqT0Qb1q5/Wf5pSGzAYJstRzJqyvmYAtXIVrYiolUFvNxTaXN/JVApHuWhcGKizYs89cUh0BPUiiJVi4uLLC8vs7qywu38/Z3VO7RaLQBqtRq+77u+VYZSGq01nufj+y43tXB5utxVN+XfGFMWuEriGFU4aXNhNgxDwjCkFtQAS5qmJElCt9ul22nTabfodFokSewcr4HGVxpjUlob62RZTLu1xvqdVWbm5jjSOcLc4XknsJZib35eVNXRbJ1zl56Qa4pr1VfMbLjYOCjS9q5g714b4+ruAZtjLsa554a1HRRWJXtVEARBEARBEARBEATh/nCPM1e9gc/9cQDOjbdZMO0vegWF6LW5WJUrbDXmaEoBdrCfnQlUg9EGA1hbWacqAmkuAearktiJqWGg8TyPNC8i5XJONVppTGboRl263S5xHLO6ssq1t97i5s2bTlS9s0YUxW5Kv+dRq9UIarV8GAo88DxbulCLbFObWbI0I8szV43J+hySquKgjeOYTqdD4Htu+j8Wz+tFCmRpQpYmWGMIPJ/M8zAmQ2WWoO4z0WwQ1kM87Y6/226xZFKSqEsUd5g/fITJ6WmCoJYL76CULcdUFN5SSpHmBbuK626rJ7QijPYfy0BBKFz/wy/3vRJXxxc/t5r2f3f3rSAIgiAIgiAIgiAIgrDX7JNzdbhwOqrdZnF1dH/j7neY+LY7thBWh1B1nhbOS2ud8xOAICiLRxXLPM/D0x5xFNNut7l16xY3b97k9q1b3Lxxk+WlJdbW18kyQ60WMjHhCkaFYYgFkiTpCZO+j/Z6YmkpimYZqTFYLFmWonWvkFUt8N3UfyCOY9c2iWk0GqRJTBjWnNiZxw4Ur2DzQlkarRRhGDA7M8P01CRaKzqdDq1Wi/Z6RLfVJoojstSiPY+pKR8/8LDGuHHl4y/ctlprVJkTa0rB2mJdNu0W5x6q951F6cH1935a/VYO1HEdrDL9XxAEQRAEQRAEQRAE4WCxb+LqOAx34o0SM7cWaO8Xw/ZdiGJaKbwi21Qpl6EaRb1cVN/HpBntjRYbGy2Xp7q4yA8WfsC1a9dYW1tzQmaSUvN8UptBZkiimI7WGGPKYlSe51zDxWtmzCZxTiswKBqNOsrTeCoXV/NoAZOLqtYYOp2Oc7G2W/i+h9bkxbBi4m6XJEnwPI96PWRqcpIwDAk8jbKWbqeDUu48TExMYK0lyyztdpvr166x0Wlz6NAM9XqTelinXq8T1GoEtSCPK+i4e0P7uQO3sCBrbFWst1Bk7maZASiLbVV/LIPnYv9Ey2Ei6bA8VRFSBUEQBEEQBEEQBEEQDj4HSlzdiSj6IE6JrhZUKhyscRyTJAn1ep0wDGknLW7fvs21a9dYXFxibW2N5cUlbt68SbfbpVarofLp/L7vEwQ1PN8JqEmSkGWZc756HioXXLMsI80yMpOVxbKstb30UaXxtEbrouiVE1iNMWgFWZqSxBFxHNPttLHW5MWwAGuxxpT9drsQBjWmJ6dohvVyqr/WPReyBWyW0elGtNtdNlodVpor1OoNVzxrcpLmxART01M0Gg1833fXOnf3ugJaeSwAA25QKtmsxmAtWGt6kQj5f6uiqyAIgiAIgiAIgiAIgiDshnucuTqYkVqd7t8vbA3GAQzbfif72i3b9WPt8PX5jPOh6Mq09SwvXFUIoJ7nkWVO9Gy32ywuLnHt2nUu/peL3LxxkyiKytxTbcFXGqWLPFUnrtbCEE9rkjSlG0elwKo9DwUYa0mzDGNNfgyVglBaEUUW3/gEvkXnjtokcTmqSZJg8izYIp8VwNOawPfwfB9P5/mw7S5JFNNWLTr1BvUgZHKyQb1Ww/d8UpPSarfp5qJqN+oSpxnpujtugHqjwcTUJBMTTWZnZ5mbm2Nmdo6JiQlqtcCJpLmz01qLKYRia13xrkpGqxNUbS6w5jmsFMXF+jOAN188W1m3Ndvfe5ufg77rIAiCIAiCIAiCIAiCIDyQ7Gvm6mDhqur7nYiquxNS87zNEduOJ3Sp3LE5JKrAjs6H1bnrsnCROjHQ4HkeQRCgFGxstFheXuba99/i+99/i9uLi7TbbdI0wVrwPQ+tNJ6nSyHR89xP4DuR1mBQCXkxKIM2GTpvb+kJq8X+QaHRpMYUJ6EUUQvnp0lSrM0weaaqVgrf19SCgFoQuIgAzwcLgVcjy1J8rUnTjHa7g681NrNYuiRxTKfbpd3pkKQZnucThgEqSYiTBGMMGxsbtNotamHNxSIsLTE3f5jZ2VlmZuZoNpvUGw0nnOaiqSkzWkHp3vmBnkN4cNp94WQtL17f9azeC/fH2ToqPqDgQXRuC4IgCIIgCIIgCIIgvN3YV+fq4Lpxnap7ISK5Pu42p7VaHKvnbFTVVYDGFY8qW1u3WufV7VNjyNIUrQGjiaIOt2/e4MrVq3z/6vdZWlqk3erkLlGL1pqwXsPXHr7voXDT4lEK7SnQYDAYm5FlKWmWoD2NVgGepzHWYDPnYHUiqxuQMRnKWiyKJDWAj7WGNE2x+SG6glURGrevmh/go0H7oD1QHliNAvxajYbfRAOBr1HaoxPFdLoRaZoQJzFp4uIJlNIEgQdaoT2NZ5wjNU0Sok6XVqvF6sodbtVuM3nzFvPz8xw9+m4OHz7M7Nwc9XodpT1Uef5VKW67Kf82v780SvXE1UJ4dY7erO/auu3zQlkVXXNQ1NzZPVP0vXXWquSsCoIgCIIgCIIgCIIgPHgcqMzVnTCusLXX7r6qGNYrpDRYKEo5AVFr55w0FnKnoefpvBhUSpYmtDob3L59i8tXLnP16lVu3bhFu93GWovn+Xi+V24X+rV8anyvSJXBkqQxaZq6/NY0wmKcgKhBewplde5UteSGVScuGoMxFoMuc0w9z8MYW3HYWlxtKDeZPrEp1lrS1BD5LqvVy12iQeDjTWWq4fsAACAASURBVExQrzc4ND1JLQjodtq0Wi263S5ZlqK1h+8HAERxTJqlZLntV3uamqq5dVFEt9tlfX2dldVV7ty5Q7cb02q1iJOEmZkZJienqNVCPM/PfbmA7UUGVAV8XTpa3Xoz1J1aCPBmYN2oe2hn99ZWbtTq2AbXlYe2hfgqLlZB2D0Xn/8HrP3sb3D6yJB1r5zjzdXBpSFHn3ia9668wouXm5x5+jSHx9zX4usvcb79GB9+/4kR+5rh1Nn3c6K3AV9/rc2frS4TBMGx+Dpff22BKDw68Bwu8u2XXmMhyp9VRj9Hi6+/xPml+SHPsetjaf4JPnQavv3Sa3QeO8uQR3cEF3nl3AVWZk72Pe9bfQcIwjuSW3/AS1/9Mzz90T+3ed3i63z9tSXmn3ia9477D+0WXHzlHN9rPsGHTg92Js+rIAiCcHfsu3N1O8fqsJiAcfrdzdh24xQcFO2qjkjoZXr2HafqTcd3IqZHksasr69z48YN3nrrLd566y0WFxdptduYzE3L11rh+35euCqgHtTyGAHnjI3TlCiO6EZdut2uc5zi8ly1VmUxqWLKvHNlmsrx5wWfAHIhuMgphV42rFIhZCnGGJIkJY4TNKA9jZ9v43teXpTLTfefmJwiDAKMyWi12pjMAhrf9/F8nyzLaHdc/ioK/LCGrzV+4JdCbyEYdzsd0jRFKU0URURxzJEjR3j44T/FoUMz1MJaPnYPrCozbKtFq9w56UUEWGOd63fofaF7BbtG5KVut2wU2913o/JYt3K9CoKwS279AS/9D5doPP1n4KtP8dKjv8fTH5rf3G7gl62Sw+/nw3v++9Yq33t9kRObfvETBGE4ISFLXFmEw8Vjs3iVJULCosnh03zo7H0a3uplvr14Yk+EIUF4u3Hx+ae4zH9Dg0u89HP/L4/9279zf/+QKM+rIAiCsEv21bm6VYGr6vpxBNad7GfUumHTvbfbZzWr07pKSX39uar2lEWVnJBnym2ttSRJzNraGj/4wQ/4kz/5E65fv87q6ipxHON7Hl6t/HWAIAhoNBo0m00C7ZXFppzw6NydURS5AlTWonJhsir+FlmvWeam5DOYOZofc9EOeuu11q7olgVjEud0NVnp+7R5NIDyfOe09ZyrNo4TlAVjLL7vU6vVSjdslqYYa9HKia2pychSt19rbOk0rdfrKKXwkwBrLd1uxMrKCt0ootVqkWWGNM04NDNDvdmgFtQAd46LwmHVfNVq9qrWqnroQ+6R4SLnvXKI7qbIlbhVBeEuOfLTPP1v/xOv/Nz/CL/2Mk//yA63v9hzrq68co7vdUKiKCI8+gQfOnbVOeqAqtP1/EIEXODFVxgq2IYzM7DwBt8+NsKlc/EVXrzQs9LOnsyddPlYjjYWWFgFmOHUE02+l48hPFpx6hRuP/J24ooVHmgazM93WLraU1cXry7B/DzNBVcsc5MDvHyOQmZn+nsr3erhDLOjdjn2M+T6X3jjdRZHONwXX38p/15w7Y/mDj3nsDtKc2GBFYCZk5xpXs7b9trRdzzAJhevIBxcTnz0ZWa//g947f/7r3ni3/70Du/bwqGef6ze+33/VrpndPb1l9yzvfoaX2eYe1WeV0EQBGH36O2b7J6qyFcVTLf7XH3dzb62arPd9tvh5eKlNaYUTQsBT+fV6gtKMU/1RNk4do7VWzdvcf3a9VJYTZO0FDK11qUgGYYhjUaDiWaTWq1Gmqa0226qfavVptPpEMcx4ITYMAyp1Wp4ntdX7KknKnp9bthareZyXCtOSM/zCMOQIAgAhckMmTFYlxyLUhqUy0i1lWM11qKUR5qmbGy0aG20UUrTbE4wOTlFGIaYzNLpOqetpxT1fLw6P6eFCOxiETzqjToTExM0Gg2UUkRRxNqdO9y+dYuF69e5ceNGKUwb21+0q3pdq+fCLdebJvX3in1VBPM8f9UtqoqulLm02/7s4F4bdf+Pc38LgrBTlnj9U/8nzf/992j+7j/g9Vt311vEPGfOnnVTiN9YoHnyLB8+e5YPn2yw8OZFOPF+zhwNRzthAZqnOH0U136Qxdf5+oUOR59w/Z45GrJy+XUWywEs0Hn4LB8++wRHw1XefK3Nnz17lg+fnCFaeBPX40Veea03tlMzq7z5UqUPQXgAOTTdIFq6mt/Hi1xZgvlj08MbL77O1y+sMnvyLB8++ziNTlRZ9VIezXGWDz/epB0N62Bnz1Dj1OMcZYFhjzQXX+H8QsPt7+xZTs1Efc9+tNDm4bNn+fATRwlXL7jpyYPt+r4XnuAoC5x/ZdjOBOEA8h9/i9eu/HXO/tVLvPb8f9rRphdfeY2Fxkn37+zZk8xGxXN2kVf6/q3s8L3XFzl8+mlOzQz8sXEAeV4FQRCE3XJfM1f3rlDVPlIIqwPxAFgLxpTT8rMsc1PP86JK4HJEV1dXuX3rFt///hVu3LjBxto6GkVYq2Fysdb3PcKwTq0WlmJpZgxxp1s6VaMoIkpiktRN1y+E2Xq9Tr1eL8VEP5+CX/RNJaYgjmO01iSpc7x6nlf+WOuiB5I4JUkS54zFoMtog1xctQpjLGmakaQpUZJgjCHNMmyjyeRkk3ojpBbWUJ4ijmOy1BDFkRtz4IPWeF6AVtoV2sqjCwonrckyJ2Tn51EpRbfb5eatWySpE2K1UvhKU6vVwRg8rZ22mbtYh+aXKsos3OGX2h0fNr/euhBXVc+xPNb9N0JlHXmLqaEZrIPrBUG4W+Y5/eu/4d4Wr8NYvcCL5y6UH0u36CCN6eHukxM7iw84fPoxZs9d4JWLJ3j/bN+KvqnNh6cbsFTdcoaHTwAc5lADluZPOTfdbJOQtmty8QYrzHAqH8+JU0f53mttVkCcM8KDy4mHmb1w2UUDcJUl5jl9GN4c1nalTRQe5XT+rLz3sRlevFysigiPPu6em8On+bMzC3xvcPsdP0P5Pi68wsUT7+93ww58N8w2Q4pHFYCZh/OxTNNkifl8p9V2i1eXiMJ5Hj1cPZ41FkeORxAOED/ydzj7IwB/Ln8dnxPvP1txjM/SCKEzpN3h00/zobF7ledVEARB2B0PVEGrYW6+nW5ztxTCajG1vuoQNflUdK01tVoNjBMwk1xwXF9f56233uLq1SssLd5mfX0da21fjqrv+zSbTSYmJqnVQrR2OaN37tyhvb5BmjqxM45j4iQuxVzf98vxNJtN6vU6QRBgjCGKojJ/FAVxktBut0vRNaw3CIIwjyxI6HS6pGnmpt0nWSUuoKcluq50rilbyB2eURSRlVEClihKyNIMiyHLDNrz8AOfOImJogiSmKBWww9q4GmMNRjbc9umaUq323VO1qCG77tbNooi2u0O6+sbdLu9zNkjRx5mcnKStBBmK+7iIrLAXa/MCaQjbg+Vi+J2B6LoVuxUEK0KrINsJbwKgnAP2MppWiFsFr+GHea9T5/klXPnePEC7Hzq/Qnef/IGL15+ncWBecmbCmyFzb73I6cx97HKm+fOVYSnkDvym53wQHOCh2cucGMFFteWiBqPjbydF9c6QHPYGu6MWrWJHT5DJ97PqRvn+N7ri5we2GfftGaASkxB7ztlG6IFzp9b6FskfzAR3vb0xXM43BNzgvc/scbXXzvHi7DzqffyvAqCIAi74IESV0dSTtnOX9Xgur3dmaI/y7OgmrNqjMHTCqUhMwl37tzh+rXr/PGFN7l27RpKqVKwLIRPrTWNRoNDhw7RbDYBRafTodVqsba2RrfVrUxdV3ieT1ALXB5rEKC0doWv6nWmp6dpNBokuZCapi52wBiDyceXJAme59EI6zQaDeIkLyDVdeKqO1wXg+D7fpkxawyYzJCSC7ZYfE8TBB7GWIKwxsTEBPVGHZOmrLfaxFEukHrKxRfU6xgFWWpJE0OWRaBiJ9rmp9XmrtU0TV1BqzhF5+5cFGSpIYnXSeKYVqvlhN3M8vDDDztxWym8Ypo9DOTj6vx4yrXlzaKVQqv8Wqqsso0qc3MFQRC25gTvP5vLqRdf4cWXXmf26dNbb9K3+SmOXn6N19+s/OZ28ZV8ynIlN/LyLoYmGW/C25ATD8/w5o3XudKJmH3sBDB8qu1mx3e5xjm+x9nZLp4h53B9g+ojvfj6GyxwlDNnXV+uMvkOOi0Y8w9AgvD2YZFvv7EAR5/gw6cPUwifpXP18Gk+dNb9m7v4+kucf+Xijp4ReV4FQRCEnXJPM1e3YzDf8u7o5WGqyv+K5UVGZn925vbrNv2o/szM4hiUUmXmqVKK9fV1NjY2CAKXnVq4VhcWFlhfX8+FwF5Ve601k5OTzM/Pc/jwYSYnJzEmo9XaYH19vZzaXuSGBkHA5OQkhw4d4tChQ0xPTzM1NcXk5CSNRgOtNXEcl47N4sf3/TLXtVar0Ww2qdWCMt+1eK3X64RhHd/3+wRjk2eikscD1Go1Go0mzYkm9XqDMAzxfa9XyEsparkA3Gg0yv6U54TkMKyV7tooiohi9xrHMWmagrX5PhpuTLUaKJcvWxyvMZbV1VUWFha4du0a169fZ2NjgzRJAEpROY4i4ihyQu0QR2j1nhk343QwV3joT3Ff3kWOsOStCsKDxEVeOfcS366GMI6KDBjJYd77+FFYXWVo7COLfPvy6tA1W3Li4Uounfvl8MVzr4yQoQThAWK2Sbi6wEJUxGOMoO8Z6H+OTjxcySdefJ3vDXvEdvsMHT7N6aOwsjr8iYaLvLkwat0W3R6bJ1y9XH7fXHzlHC9KjrLwTuPimz1H6eLrfH3gmRzbVVogz6sgCIKwQ/bVubrn4lCf63CLZntoNKwWSLI2d7Hm4yiEzCSJ0AqMyYiiiE67za2bN7l18yZRFKGVItAeKOdMrdUCvLDG4blZ5g/PEQQB7VaH1voGd1ZW2VhbBwsGTWYtvucTNhpMT0+6LNPcWVoLwzIeIBkQFoufLMvKda6YlV9mwhYFobRWgBNIM2PBKiiMrPl5MAq8vogAJ1InSYLNXA5smtTxAx9Nnj3ruaxWHfiQxLkorUsB0prclZtL/kVhr/Im1e7YtNbUwhph2ABc/mpmMjqtNstLywR+AFCKr2EYloLyYIRDEe9QrKv+FPdrEf0A9LJrc0ZN3d8rqiJ+dZlEAwjCQSaf1l9MSWSGU7mL9fB0AxYu8OIrbO9cOXya00eXOF/MHszdrG46csjRk0cJL+w0L7UyXfICuCrGO4ksEIQDyuFjzIcLLDQe3uZ+zp/PC+4ZmD16lLCwq+bTgd0zNsPRo+EQJ+vun6HDpx/n6NJrLJSfXb6ymyI8w6mTM6zk+Ytjc/g0Hzr5ysD3jTjThbcTEQvl/Q3umXs6z0Z9jRcXgJmTnJpZ5Xtri3DiNKePvsT5IrojPMqZp90TMdsMiRZe4+uMLmpVIM+rIAiCsBOUvUfqzOXLl3npG+f7d1Zx3w2+H9amumwYCs0wcXVz8aJi+Y4OYSjWZnlho2IMhbiai4GeR7fbLgspdbtdVpaXefM/v8nly5fZ2NggSzM0kGUZ6+vrTE1NcfjwHMdPHGd6epput8sPfnCDa29dZ2VllU6n68RBLwClqNcbTE1NMTt7CM/3iOMIpRT1eh0/CMhyd2lxLovPWeaKTrU7bbrdLsaYPEbAxQpEScLGRosoigGFBdLUOWVNXjiqcM66qfMK3/PxtHbT/X0Pz9Ngsjz7te7csEFAox5SqwWgXI5qz71rydLe1HurLJZeTmrxqrXGr4UEQc9h6/lBKQwX59v3nRv30MwMs3OzzM/PlxEJRQZtkYFr8/NTZNUC5fEV1zPLsj7htcyu3eJ+G3LXlDfJsMdt1CNY7bdoM+q14C++/7089thj24xnZ1y+fJk/9fDDe9qnIAiCIAiCIAiCIAjCQWd5ZWXbNvvmXB0UULdrM1Z/QzSpodO981zQvcBYi0e/exVbiHspaUIp4mVZysrKMjdu3CCKutTrIdYa4iim2+6QJAlZluD7mulD0xw6dIggCFhbW2NtbY1WewNjKpXuFfi+TxDU8DznOLUGkjjFWFdUys9Mn7haLbiVJGk+/T4mSdL83GS02x206tKNYzrdLkmS5o5SjakIx1jjprj3MhQwJsVahTGQJhalIE0SlFJ0OjXq9ZB6PcSYSZSeIAxrBEFAEAR5bIGlFgb4nivqZXHiqs2LWhnjlnieRz2sU683aEw08TyX74pygrbJi1+1291KrECCNU68tTOGieYEXu7sdQJxEe7ac6C6LFZTirWD0RWD4v9e/G1imDt1p9sKgiAIgiAIgiAIgiAI+8++iKtbCUB7Lw6N6m8v9uNyRp3wmC8x1ankhswYPE+TpimdTpu1tTu0WutorZiYaJKmCd1OhzRNsdZSC2s0J5pMTEwQ5K7TdrtNt+si2YMgwMsdqyg/d1gqktxlCpYocoWgrLF4QVpmuSqlqNVqZTRAkmREUUwcJSRphlJgDGDdNP4oiYmTBGNs7gh11aWUUuCBtQYwbih53TClK+K1tU5zzVdaa0iSGDB4viYI/FJcbTabfU5Q3wtw+bcGVM8laowhsy6TNvADAt9Hq2IavyFNU5I4Jopj0jQjjpNcgA5obbTQSpMmCVmaYmYNE5OTKJ1HAahceMbmx9y70oWDVamq8Nr/B4LdRALsdiq/RAAIgiAIgiAIgiAIgiAcPO6puLobUXVYVMB22271uapH3Z2O65yhCg+lbFmkyEIpwmntoYBWq0Wr1eLO6gpRN8LzPMIwLIs0dTrOtRrWakxPTzI3O0ez0SRN3JT9drtFHMdYa1AaAi9woqp2WaLGZHQ6ToRVeXEn3w+IkwQbJ6RZQpZZwFKv1wmCAGss3ahLp9ul243ITJY7N11xpzRNSbKUzBhKkRPnJO05f13GLAoXC6AVntbuuJVFmWJ6vcXznJiKNVhjiOOIbtSlkdbxfM9N6/ec6JumGVjIUjdVn6qQmRfxcsK2izjodjr4gY/SHmmasrGxwfrGRn5OGxyaOUTg+5g8diFJEudUzTNca/VKBquxGNMfo0B+TV2hMZcl2+9+3lksgB1wTY9yqlYF1K2eD8lbFQRBEARBEARBEARBOBgciIJW47j/Rk/3L5YPirI6/1y07i9EdDcYY/FUvgelMErheRqFJUtTlpaWWFpaottuUavVaDaadDtdl3UadUhTN22+HtaZn5tjbnaWsFYj6nZZW7uTC4JxKfZp5URBtF9O+Y/jhDiOCAIXE+D7AWmW0O3GJGmMySzGpCRxRlDzAUUSx3S7MXGSAiYvHOUEOjcF3hVvKlyr1qmK+VE7cdXmZ9oqMFi0wgmr2mWwep52gnAQEIa1PK81QWuFsYYojlFa4SmdC5weWWbI0txdai3oXg6qpzVenn2aphlJ4py5nucRhCFx4vJbNzY2iKKYqUlo1OtEfkAcxWTGENRcTIPnefi+z6SdotFo4GkfpRUqL+TlxNTivikE0OqVV2O8H6QqxI8WU6vLhr0XIVUQBEEQBEEQBEEQBOHgse+Zq6MKWQ22GbZ80zI7ZNk9wzkXFU7osvSOxfOcY7Xb7bC8vMz169dYWVmhXqvRaDSwWNrtFndWV4njmCAIUNpN2Z+YmKBer2OtZW1tjaWlJVZXV8vp7UppVH6ZimnyJrNkqcmzUZ2z0hhDHCW02+0yK9QYQxQluWCqcoEydaKoLoqBKZRyn7VWeL4TYovp/b1sWZNnodpeHqrNSDFY47JKA89zGa0ZOI0yIAwDvEbNiaG+j4sxiLCZK6altXaFrZKELM0w1mIVPXE1z4xNEhdlkOWZskoplOcRJymtlnP6RlGENRDHMWtra/kYLX7gs76+TrvdptPp8K6HjvCud70LPeHlMQ/9U/57BaxctMGgo3XwftvWuVopqLaVmLqdgDroWpW8VUEQBEEQBEEQBEEQhPvL2yZzdWTBLFtosE5EHLJltemItb3p4AqLtm55IXaCK+J048YNrly+zO3FW2RpyvTRRzDGsLGxwdraHTqdNsYYfN8vhbSien0UdVldXWV9bY0oinvT2L0AYxTdbpc4LURRr3Rhau3yXbMso9Pp0Ol0ym0BNyUeN43ficIWpXU5Ld5NlXfT89Ea7WmMsWSZKduZPGu1moNqTYY1hjRLyQAPhadCTCkgOhHU9+vU63XCeojvabIkJY7jcqw6d6Wa1PXn9pG7PLUq95llGVluPva0RmlNGjsXbpFfq5Wm0+kQRRFra2vl8dVqNeIoot1u0263SZKEmh/gaY9aLUT7fnnPFNsYU5h2+/NWxynMthWSuSoIBxP5g4Ug7C97/czJMywI+8e9eN7kGRaE/UOeN0HYew5c5urd9tujlFTR2PFDAYo575U+oAgZyJcpC9a4Qkm5S3RjY4OrV67yn/7jf0QpmJ6eZrLZpNvtsrK4SHtjA5tlKGMx1omBhduy3Xaia6fTIcsMYegyQRv1BkFQJ4piOp2IbreD7/v4fg2UIQydIzRNncDYyoVD5Wl0IQp6Pqp4jxMMfd+nVqsRhmHp3CwKSxksSZqSZb0zZpXF83x3Fo1CZWAyQwbY1ImfKO1EWK3zY7QYDMrT+LWAWhjiez6pdg7UKEmI49jtPz/NNjOu38wVBstyUbUQsD3Pc25XX6E1+NoD30UIJImLWog3OsSpK8pVy53DaEUnimh3u7Q6bTJrCMIaYb2RO271kHvKuLgD1XO2DrpWxxM8N99Ld4OIrIKwt2xsbLC8vFz+oUsQhP3B912Rzrm5OSYnJ3fdjzzDgrD/7NXzC/IMC8L9IKjV0EoxPz/PxMTE/R6OILwtuMfO1WGSpsJJldsJpEVBI1tKo7l3MBfjVE+uUrnTUZHnW9qyfeE8Vbnz0gmMvTWm4k01xXR4ekIk1qDygkqe76bOR3GGRuEpSLOU5eUVrn7/Kn9y6b+wsrTI/OHDTDabmCyj02rR7bRRGGqBRxwnGGtpNieo1UP8WkAn6oK1dLpdPC/gUGPSOUaNod1us7HRLv/PRpIkpGmai691tNZ0ul2iKAGl8Gs1MmNJ84MqCm7ZzImnvu/hac/lt1p3Lm0GxijSLCPNEhKTYsiwSqGtExETk4Iy5Xnx/IAgCNFKuc9aEQa+u+bWoj0PL/CIkhjbhiRN8bzATfFPDVYFREmEtQlhUEOhSJKUJE7JUoOxvevl9mGxWUacZWS+TxAE4HmkaUY3iklSFxVQC0OSLCNKUrppRtzu4McxtSDA933a3YjbS8vMzC7xroceoj7RIDAZKFecy03dN6jcMQs4sVq7GApj8ntIa3fPDE7zL++eXIMv7lKlilCJvnu/P4e1/5kYlFCL7Xuvw1odZP6Y3/3oZ/n3w1Y99gt85lNPcXibHhZf/nV++bUn+MynnoLK+83b5fv6C5/kX3zkh0f2sd3+hLc3Gxsb3L592/3BKQypheH9HpIgvKPI0pRbt25hrWVqamrH26+vr3P79m2CIJBnWBD2mbt9fkGeYUG4n2RZxq3bt3mXtXf9RxJBEPa5oNUwRuauVosAKZsHV2oKcarfD6j6dKmipbKg8inqSrkp8VVByqJBZWC1E1mVdgKatU4wxAmJKneqmjQjMalzfwYBxkCrtcEPrl/j+1eucOvmTbrdLvWgRs33IZ8+r3KxTluLsgZPKaanp6g3GzTqDbpRlzRN0drH9wPq9TqgaLc7tFptWq0W1rop63EcA+69E+zcqbH0BGKjLJnNz5JWGDRWGZSFzFgyY0gy5541ykNbTZq56fqJSckw7uA12NhibQa+RimLpxS+9vB8V0grrNXcFHsflDFkJsFk7pplxtLpxnSiBK06aO2iCExqSKLETfM3ENsMLGSpIU0NWZr1IgxUfg20glxw7cYdIi9Cez6ZMcRJQpZZtO+jfR/f84kzSLIUk6T4ebEui8IYy507a9y4eZPD73oXzWaTMKgRBD5KuZiGwhnqbsUic9b2HKPlebcDUml+d/b0/eqdXd67mzaoNtmSspxYEeA6zkYHjMf4yD/5FE/tl6r57z/L7773ef7qD2/fVHjnsby8jB8EeJ53v4ciCO9IXM47rKys7EqcWVlZIQiCsh9BEPaPu31+i23lGRaE+0Px/3+Xl5dFXBWEPeAA/0uWO1ELx59yE/yLVY58anZ1M1dxqupr7fn81CgpyrkvC9GMQkzL96+VctPcs9RVuvcUSRyzvLjElcuXuXjxv3Djxg3SOGZqYoKJRoOJRoPA8/GUQhmLTTOyNMWajFpYZ+bQFGGjgYeHNRke4E15+H6AUppuNyKJYrqdLt1u5L78tPsCLHJICxdsnCSkWYbBYtG5KKlR2kN7Gg9cnqlxEmyappjMkCiFVhpf+6RZRpTEZNaUx10UYDIYSA1aK5TWGAzGZFiboRX4vsL3vFJYjaIUYxKMcUK1KUVIjUZhMuduVUrlRtfIxQ1Uz71xbdAupcFSFJkymCwDY1w2rLWuUFfmnK06y0B7KBSe8lwkAgqswmQWk2WYrMPi4jLXry8wMzPD1MQUYS3Mz6vFGovSCq3zQmC2V0QLpTAUon1+9wz+gSC/0RQWrBpwpw7ceXcxzf/tGBGw2VXqHKh8cjcC6WP8hb8A//6zX+K/ev4jjNx88WX+11/5Mpcr2/UE4D/mdz/6Vf70J5/g/GfzNo/9Ap/51MN8rXThDgrGi7z867/Cl4oOx3TlCvuPtRZfhFVBuK94vk8cRTvOfyv+v5A43QTh/rHb5xfkGRaEg4DnecRper+HIQhvC+6ruLrlP8JqoJ3tLVRD2vT1V7j68o82XzZS5lL9fZeilR0QaBWAwRhYWV7m+rVrXL1yhYWFBTrtDp7WNBtN6mFIvR6i81iBNE2I44gsS/A8TRgEYDKyKCZOM7Tv0Qjr6PzLrbXRZmO9RafTyaedK5I0Q3tFJXtIM0Pa6TiB0Zi8AJTOx6jQnofOi14ppbCmEBYzTJaSmaQUOH0vwGDJcGKlxUIGyiqUVrlIq5xr1dMoXF9x1EWZDJPUCHwfrJvan8YJmTWle+HDwgAAIABJREFUUGrI3bXWYDMnnLqIAh8MpGmGsuBrjVYVx7KzEWPy8+jE1bzwFXmnygm7WoOxLojCGoOnPbRXy92yhSxvSbMMayztdpeFhZs88sgjvGv+XTQbE5X7DJTSaM+Jq2mS5cW53OMymL069B4s7ldVCQPYIzH07Siq3iv+9If+Jh9561f4p19676Z4AKAUVv/0J5/nH/4wlMLov3yZP1cKopf50lef4DPPP8/hXOz95Y8+xkf+yfP8i8Pwx1/6KP/063/MUx/54XL780/8E/7Fp3J5+Esf5Ze/9PDw/Qv3lTiOCWq1+z0MQXjHU+Sm7wSllCtQKcKMINxXdvP8gjzDgnBQkKxjQdgb7pO4WkxiL/SxEdEAKpdDywJTPfG0kEJt6TqtbF/tw5reZOpyKnV1BANda422zr1ojXFFmfKsUU8rJyqmCUuLi9z4wQKLi7ddpmqeO+p5ijCs4XuaJIno5tXrsyxFK009rBMGPmurK1g0WZoyO3+Y+kQdpTXtTof1jXU2Wm2yzOLlAmk3jjFphvY8LDiR0AJagafRSmO1c/carIs4yP27SuUiqXXxBjbL3Zd5xmxmXb5qoQca61RKjXOqaqWoBb5LClAKTIY1GWmWYtOELI4I/ABPB1jywlNezblUrRN/jTFYA9az+ax2hdb/P3vvDiNJll5pfv99mJk/Ih/14FbPFoEqgERjZ1voXeQKg110KQRGSWWAkboplNA7VAschcNRUllqS5Ta3BZK4UgEqKSyAIHFcImhUkILXIFDLrqwLJL1zsiIcHd73Hv/Fe41d4/IZz0ys7vqfkBUeLibmZubmVdkHD//OUIKKauiqqXcKp8ZIbtU92dpFrs15jzU8lqsczjfYJ0jac6NnZLmyAGxOazbGDQmYgwICRLEKXBxds52s2PoR2KMOWoBgzFgrcM6lwXho1gAKdfQpU/o91EWh4tJioP6afi67tV8eH5dxNZf8qf/8ff400v3/Yh//zhn6dfiFd766Y/5L//xEfEAr7zFf/jZW5eW/+//1Zvw15cX+9G/mYXW7/M//Qj+kn+zd6p+/9aP4M8/4jO+zyt/+3/yp/yYPzrKPfj+T36fH/3en/Of//VzjEOoVCqVSqVSqVQqlUql8lx4gc7VWQx6umIr4SgW4OixvQD7qK3PUQD777IvStJ9a9VhHXMUAxA1kDRijGIFjBimCOOu54vPP+PTTz/h/Ow+KUXapqH1nrZxrJYd3lk2FxdstxfEMNF4j3eOxaID4P79+4SYR9vX6xNit4SUGMeREEIWRY1BjEPMhCLEqEiKQM6IFWvyl8kRAPNr05TQkh2rIe+/lCDQQz6rlDxTQYV9gZRqfp3zWLw1FiuCVYuVLFajlLH9WETbLLimpFjjcN6XBkJLjJEpBCIBjMFaWwqqcv5plIAzgoaUxVRNKAkjippZHgYjWqJ3DdicHZs0Z8A21uAbjyJMQZApEorwbgGjEItgLCqoJsIUCNPENEz0/UAIEe/zfllrs3PVmAcKq/IldBBDj2MpHnUlX4pVfUbu1a/iGHgxPOfMVYBX3uJ//fFf84clHuDlhy50pWzrzX/12E2++frDt/LZR/8Av/xL/vD3/tPVNfjJl9vrSqVSqVQqlUqlUqlUKr8GPFdx9eEC0MMbfeTYDXg0rp3vk/2o9dWt7EVEcqGVPiRndRbEHshrnQUzI5hEdoAWIdaaLEbGGOn7HZuLC3a7LYLSeId3jq5tWHQty0WH954QAjEGvHe0zQmNdxgjjOOEppwVmqKy63uc3yLGEpPim5aolnEKhDQyxUTCkDRlgVUSxjvEWNTk0iqZC65SQos4POeWismioWgubJpLm1I5vjKP7BfrqjEGZ10WQk1xRk45e1VIiEbQhKA4IzRGsEbQmLL4G/JxT8UxKjFiUi4Vc2QnrLFSslQt0QrJBGI4zrk15bxlQd2IFidtyX3dHwvB+ryfc65uFMU6S4hADHmvY8rHI6W9uJpSIoRACFMRKg85s7NjlSIEH5dZcSSsPjXPQPv89XOtvjheeeun/OSvczzAH71+/MhBVH3zx/8bf/LWKyX39Ws8Wc1YrVQqlUqlUqlUKpVK5TvDMxVXn86l9wTfnwg84Fh9xPJG9pPYj9KyjgWxy8LqZbdrFvlmoa+M1pMYdju2FxeM/Y7GWq6t10zTREpp73pVVYwokGiahpP1ei+sDsPAOAWarkOmyG43cHZ2zhQS7WKJcQ1Nt2LSnmmY2I2B3RjzmLuxJE17p2oypjhypThSdV8gNTs7NQUkshcr9633JZLWoEjKR9iU8jBRQRLk+XlBRA+ZqQRIAU0BK0qMhhATmJAjUlEmcjSALZmlcwaDCoSpxxQHq3MOYwzeQDSg1iDqsWRHqhgBEpIUIzlv1jqDc9mlm5SSOQtRIaaESQJqiCpojMSYhfYUIymkXPolgJoiNEdSioDm3NakxJRzWY0rsQjG7K+dyyI+jwjwz0KtHnTYh16D35Qo+uvjWn2RHOIB/o833zzc/bfv85ffoBj6ymu/Cb/8kM+hiquVSqVSqVQqlUqlUql8B3jGzlU9Nvp9AzwoIs0FTnt19Oj5NPcJPbBPs0PzENZaRDPdL1IeliKYZvExFzIFpnEkpZiLlBYLrBH6fkdKkZgCFxdnNE12fi4WC1rvcCW/M4SINY7FYoV1gWGc2PY9UQymaVm0HmcNuhvoh4lhiowhkhS8azDOI1LqmSS7VuFQ5JQ05YzT0sCZQsSgqGTH6P4VF0fmPOpvjGDFQBJiTKQpZIGyuEydsUiKaApomtA4EUlgFLVCkOL6lITBQWMxrsHYLITmnNTEFCMoWGeRtsM2vuS6KuIEbyzeGpw12TUrIDG7ZK3LguxyscT7nO86hcgwjOyGgX6cGDVvfwgJ0XA4/ymQUo5bwFiM0VwqFrODNUvTuTArxpidtylhjdkfq32J1nyZPKYZ9Xl6Sb9NztUsTv41/89nb/HWK/DZf/5z/hL40Tey8RIP8J9+eXns/1gM/ds/ffDxL8P3/zU/efNKgdbf/in/7o95hrmylWfHKe///F3ufvjgI6/ffoef3rrxzTzL+z/n3V/8kHd+eotvZouVSqVSqXyL+OAud957/+iOW7x95zZvPO36p+/z83d/wQ/f+Sm3bnzA3Tvvwdt3uP3G8e1nsN+VSqVS+c7wzMVVOMSaShEzZ7Fqvu8gUOkDjz9cNjoStOa2qiuNVtnNeZxJeZjoVs1CWnYl2lzqFPN9MeZMU0OOAjBa1jVAgH7XM40Dq+UCTRFVpd95RCPTFCBFhmHHdnvB9evXWSwW9H3PMAwM/YBzDe1C2N3fMIyBKSSmlLBRCFHop0hIkYvdxHYIuZwJi4owFbepswaxtuxvyA5VBdV4dAjyyL5aA8pBJC7CrOwLohSTIk4sRpUUIyYqRnOhlRXBqEHHCUiY4loVElbAGYMzhsZbuoWnW7S0zQLrDc6UsilrAQhxYhwHYoyICG3bYpzdXwfOWKwYvDG0jadpPEpCpwAozjmapmG5zOKqtQ5FGMaJzW7HZrPj7OyCz07vQx+JSZimmHNTbX7t2aMqpBgwRtltcy7u+cUZsM5ZsTYXY2lK+32boxauOlYfKq7O9+2TBA7ZFA/LSX2cSPsovk2C6iW+/xP+/Y9+j/+9lF69+ePf5ydv/jH/8A1tfo4H2Bdqzc/3eyVt9c0f80e//yP+8I8PAu+XfAbe+oPf5x9+74/5d/sA12dZ2FV5Htx64I+uD7h7511+zjcnsFYqlUqlUnmQD+7e4b33b/H2nTt7MfX0/Z/z7p2fc/udn/L1fg2/we07d76BvaxUKpXKd50XWGj1zXKcwSoclVyJKW7DtDcdHvJcsxtxFltTAmOvbkywBkCJYcSYPGq/Xi5pvWccBwzKNC6wdqTruhwLYExxqyrDMGQBzQi+bVFjGcZTtsNALPsYorLZ9Xi1YBxRISQIQQkxZSHP5DF6JZdBYcr4eUo5U1RjEfwUwyGvVkQRyn2aSs5qjg3IGakBQihlVoI3LjtOk6JxQiK0zoIYxHhQwYhmQbVrWCw8i0XDat2Vnzt8k0VVa/KeqGY3rUrJSTUGrC1u3uwoddbS+oalb2nbBucMJCVM+fg5Z2kaz7Jb4psW37Q454kpsdv13Ds945NPPgVJ6L0zQoQUcnaqNVpiEIQEJFHGYeDs7D737n3BjZvXaRpP0zY46/aZvHM+7VcRQCtX+T6/+7M/ePJSP/kZf3Lc/vTWz/Y3X3nrD/iTt+b7j24/9XO9wlt/8DOOV3vg+YA/2T/l9/ndn/3s0mPf/8nP+A+X7+BPLj1VXud3H7VrlW8Bb/C/3H6ddz86heI1zX/8HS1y623uFEX2QWdqdcpUKpVKpfJEPrhbhNXLLtUbt37K2x/d4b2/+oBb+1+k+Xfr/Kv46SZMLv8+/uDuHf7itdu8dvfufjuXP2C9PNFy6/ZtPro7O2IpDtm7zAMv3+SUS6VSqVR+tXnO4moJ3zxIf49YZl+1dFjuuJhKlavrz633+7v1ICoeogB07yKUXI/0hPHtnJ1qxCApEEJAVLHWcO3aGk2Js7MztpsLrBHarmF9sqJtWqy1jGHi/OKc03v3maaA957lYomxiWmKDP2EWAcIISWGiw1tAN8uSDHl8X8xs8EUW8q18ovRfJhIECIaQy6ZErBOsJiclUpCUiri6lEsAJrvDxFJOTpAEKx1eGNwYrJIacEejeo3jaNtLIu2YbnquH5tzcnJiuWqpW0tvrF0XUfXdojJ4mSMudhLjKFpW5rG45p86U0hMIWQnavO0TUty6bDO5dLr2JimkZICecN3nmaEjdgncf7BrG5/Ovze6d4b+mnnm0/Mk0TGsFEZUq5kCslRY1BsAzjjtN7X/DxxyvWJ2u6xYLlek1jDY6cFxtjJBZVPhdclSiK2Qp9JMTPVy2PubofxtNlEz9+/Uql8uL44O4d3vvoNu/cKeLpB3e589573P1BFU8rlUqlUvmqfPA378Ottx86/v/G7TscPKdZJP3o9jvcuXWDrzNh8uHdX/DDd+5w50b5cPS9u/ygiLsf3H2Xu8y/77PQ+j6v88N5H969y2tv3+Gnb8z79C53X6n/FqhUKpXvAs/duXosBB1HAzycfWAmx6VWwrweRezKY9tHc9j7tADV2aU6bwdEiuBKdiSmebvWZsE1FQn4qCleU0RjxAqsl0sE6PueGAL9bscwDDRdS+MbmqYhoZzdv88/f/QxX3x+j6bteOmllxDr0DAxxcAUA23ToSkRpshunEg4MNnxaq3FGJPjDGLOe1UjGKMld1UxKYFGRPPAuxWDB4yUHNGUowqklEQdRwNgFGwui3LW4MQWt6lgVBErWexcLlh0HW3jWa+WLBYdy2XLarXg5GTNar2kbS1JR8RA4z1N0wDCOI37jNqmbbh27RqL1ZKua8EIU3GtWmfx3tM4T2M81uQM15RiFrVT3BdhNb5BS5mVWIvzHhVDt1wwTRPn2w3b3YBqAk3shoE0RsYU83FUC06JAU7vn+KahvXJCTdu3uSVV1/FWpuvi5Jbe+mKvKLrF7310hX7OKnz6wqpx9upVCoviNP3+bO7H3Lr7fzX0uU/8IA3fsAt3n/oqpVKpVKpVJ6GUz77CF7/4ZPF0dP3/4L3X7/NO3sh9Q1uv32LO+/9FR/c+hLZrAC3fmcfNXDjt37I6/yCz07hjRsf8Dfvv87td+YplBvc+p1b3H3vo0dsqEYOVCqVyneJ5yauXhZV4ZDHah667EGEKjms++8cMlWP1smilxxul34r9FDgdLn46uBGnNe1xqIp5S/JTs4stka0NMo33nPj2gkXFxf0uy3b7Ybdbssw9FjvGKcR5xvGceLs7JzPP/+C09MzXnrZY5wnpjz+P06BGLPXMbs7S5GSKpqUEHPZkqBYk8fqs9s0Zncqs4inuXwpN25hSVgFoymLiyk7Wq2AJeeaOpNy3qwKOIuTXBTlrcNZizUWI4ITw3q14tr1a9y8fp2ubViv1ywWHV3X0nYNi0VL17U4Z5hCFjStNXjvEYEpNMQQQJS26x4QV6NGTBFIvXc0vsEbX/Jg82vQlMowf4k8EEsIkXGKOcrAWcRYThReffUVLrY7xjEAwhRGxmnYC9D7WICUr4O+7zk/P+fs/hm7XZ/vLz7eEOP+gjWmlIhduVb1SE59WrnzOGv16n2H6/lbmqlaqfwa8v57dx6QSl+//c4DTpTT93/Ou0ftV7ee/a5VKpVKpfKd5/SjD+G137lcCnnjNV7nUcLnV3mSz/iI1/jB8ZNceo4SGTT/m+EoHqhSqVQq336eqbj6OHfdscD61Ns7+prX1P1t2Qumx2PaxwEEx67BQ9bq/JjBiKBicjHUXtg9FD+hiaZxoIbTe19wcXHOOPRFBFTGceT+/TOsa/AK/TCyG0amGHFNS9ctiQkuNluGcSSEwDQOTCEQo2anLLmlfhoGht0uN9aLINYgRrAyC6iaJUBNJI3FpRkxqtl1qooQMSSMUZwxeGtonMF7h3cWZxwi0Lgsbja+oW0auqbJhVLOs1wuOVmvuXH9Om3bsFotaduOpvH4UjrlmyzKJk2klDBGaBqPMXNZFRhn8vJtQ9O2OY9WlCQ5ZsE6hzEWax1WDKkI2lLOg5FZCE9oUqzz2EZJSYkpkRI477l+4wa/eeQ23W43bDdbtvQYQE12OWtUUCGGyDiMbLfZfRxjJCUlxVxudnAPyz6b94Fr+/iCfNS1+xDH6uNcrE9yplbxtVJ5fjxYaHWZg6h6i7fv/JQ35gy3SqVSqVQqX5EbvPIafHiUb/6rzo1bP+XOLfbxQHfer7mrlUql8l3hucYCPCgYPSkW4KiUiaNgAC2OwdnGug9kvZzPOueszo7H3BOfMzOzsHX5eeYSIzGCKGjS/fMIZEerJuI4Mg4DMQSszRmjYwgM48g4TqzW1zDGYqzBNw3OB5qmxTrPbtez3e2YpokQJnbbDVEBYxExxBgYhp5hGAjTmB2kxpSMWHIGrCYkgZDK7ZCdrZrH/52As5LLqZyncYK3lq7xtG1D17Z0bUPnO5yz+LbBNw1t27DoOlbLJatlR1cE165tWC6XeN/Qdm1+Tc5hrcN5h3MO5yxgSKXMq2kc3jU5YsAarM/HQ4zJ30VIpJxfaoqDuTiWD2dESnZuca1qAjV5VN8K3tlckjVNhDFHJnTLJTeBGBJhClxcbNgNI8MUiDqgSUglUoByRcSYGIaB3a5nGMbiIC7n3+Z4CGPy84rqpf18nMh59ZFHCawPrPclhNMqslYqL5pT/v4XHz5RgK1UKpVKpfLleOMHt+C9v+GD2288MNp/qSzytdfhF59xyhsHGfb0Iz7kG+TGK7y2jwi4/Bw/fGDHb3Pnzu2yj3/P6a1bvybycKVSqVS+Ks89c/UYkSc59K6OW+vR3XLpkX1wwLw9TVkoRcogOJeWzYKr7I2pxTKKsQYjFo2JFCJJEtYJGg0xRrabLbvNOeMw0PiG5SI7HPtxZLPdsesHttsNXdfRti3r9ZoQFWMdISa2ux273Q7VvN4wbDDOY12DGKXfbVGV7HY1ZKEXsqinFIExHwshYUjlvogRxRmhbSxd42h8/t41jq5tWC1alt2C1WrJarlkvVzRNC1+mfe1aTxd17JcLFguW7zNbl5rLN45rHNY77PL1Banqck5rbmYy6IIxgiuOGONKWK1MeX2UVyDmKyfoihZeNw7mkXAmOJWleJgnau4ji+gQ+auGME1hja1vPLKy2hSxmkiqjKFSPjsC8JuyuuLlOeEGCO7Xc/mYsN2u+PkJOZoBGNBcwmaKfvysCK1x12+R2kV++WfJIg+bS7r3oVdBdZK5YXz0f6vrVPe/3luK55jAW688hp8+Av+/vQWt26UbDhqbEClUqlUKo/ljdu8fesO792Bt+8cslPniZFbb/80i5a3fodbd9/jz97/reIS/YC7773P67ff+XJ5q4/fGX5w60Pe+7P3+a2flkKrv3gfeL08XqZW9h+25g9fX//hv63CaqVSqXwHeH7i6mwq/RJFPHt36UNagh6YxC6Ca07MfOBpi2d1FmsNismC3LwtVea+d2OK6Jbtq4g4kOxw7PsdF5sLnLesV0sUZbszeGuzt1SVYbcjhEDTdFy/fh0RR9s0jOPAZnPBbrcDIKkyTQEnFmOyKzaEkRgVsQZnXYk6KBEAoljIBVQlQ9UiGDFYMTgLrTesuo71wtM1nkXXsGg9i7ZhtVxkUXW1YrVacbJa0XQt7XJJ07Y0TYP3lqZ1+CYLo3t7rwjGWqzzRVj1RYDMIqtYl8vDTC4FM9ZgKGVcUNyi+eXo/sTYg7iqhwKrlGXP7FqdM3HT8Wk2udCqlE6BQYzFqBI1XzftcsnNV17iXww9u92Os/NzLjZbdsOEpHyOQxQUJSZlGAb67S6fu2nCLRwGi5KzdmfhV4paesm5esUBPadTfMnUiyfyMNG1CqyVyovmBrf+7W1+8e673Lmb77n19jvc/ot3ufs3H3D7jTcOfxy+e4e7wOu33+b26+99k0lwlUqlUql8K3nj9h3eee3nvHupHGqO4dkvxe07b3P3zuF38bMYx3/j9jvc/vm7vFue5Nbt27z+4Ue8cqPsw9u3uHOc037rbe7USIBKpVL5TiD6jFSZX/7yl/xf//d/ufxkR47RWZwSsVfKri7/nAWqPEZ+EE0TqWwrASoGxAAGTPawiuYyIqNZlJT9GkLS7FoUyWPqUSGkmB2WIjhrMETisIMw0TmDhpEvPv2Ezfk9tttzbty4wW7X8+GH/8hnn33GMIxsdz3TGLDOc+36Ta7ffBnftKgKISbOLi74x3/6Jz7++FPOzs/Z9gNhSmWs3qNACDGPn4vBWoMYcM7SOMfC56/GOxprsJIwGrACrbMsOseqa1i2nlXrab1l2XoaZ/HWsejmSICWtm3pug7XeJpFR9O2OTvVWay3uMYiTvZCohpBjEPEgnEYaYqw6jGSC6WwORpAkJJTajFl3F+V/RnAHK4B3WfvCioKklCJQB7Bn7vHJGWRWedx/qSkFPP2xOT82imf82EYUDFM48hnn3zMh//fP/Bf/+7v+a//7wd88I+fcDEJm6AME0RVFl3D9ZM1//Jf/nf88H/4H/kXr/8my9WamCJKzpDFyCVRdVaI57fPpetT5UhYTVdN1k8ku3Uf/rY8FlOPl5u/v/U//5A333zz6Z/sKfjlL3/J91577RvdZqXyq8Df/d3fsVqvX/RuVCrfeTYXF/z2b//2l16vvocrlRfPV33/wrfgPXz6Pj9/9yN+58hVW6n8uvF13sOVyneFL+7de+IyzzcWoIzpH358CsVJuLTO5SqrsgBlGSlfRZCFORpASzXVocxqnjzX4mOV/Vi6khNOIc2xn6Wwam6Nb0shk3OWxaJjuVjmPRCDLiCp0HhL4x3r9QoF7t+/oN9u2W63jNPANEVCCKSoqLV5h9LslFWMBe8tbeNpi/P0ZNGxXi5YNg3egiUhGrCS6JxjvWhYL1tWradzBu+ExlqcybmtjXd472icx3lD6wRrwUnCEZkH+61k5+heDDcGMY4S9AoqKBHVfIwRs3fYJg5in5FDAdRhpD/nqKb5zJV4gH3BmNE5Jbc8v+7Ns2YuLVOAVNyu2bkrYoGIiGCtBWNBlPW1Fa++epOzs1f5/ItTPr13zu5iII3zHpgi1GopswpAwpgcN5BSEYHnq04Pr0eeeA1/859bzO7V4+e9+nOlUqlUKpVKpVL5Jrk69g8f/NVdPrz1dhVWK5VKpfL8xNXL7tQn3340TydY5W0dxtpljg3Y92DNz5X24p1qolgpEQFrDElMLsMScN7ivUc1MI0jpMT19QmS4P7ZGf04YYxFMTjn8N5jRBhCYLPdcP/+fS4uLkpZ1USKsch7JTcVcs6ptfimYblacv3ammvrJcuu5dpqwY3r11i1Hc4ohBHCgKRAYw2rZcvJomPZOlxxtXopJVhFGLbG4IwFK1jJAqiVhDX5tkiEOYohFccmJmeOXhLGFUT3i+5H1qW4UFWLgJpFWiki9XwOZjdr2Vo5s1nE1iJmihZBtSjhqRwjEUhFyLXGIFYwCmIUYwQvllTE7murJfbVV9hsdnz06RecfHrKaR9RchmZpvzcMUamaWKaplKYZSCB+UoCqZbX+xVWfQxXBdWr91UqlUqlUqlUKpVnwSPG/mubZaVSqVR4wYVWT8chNfVYWJ1dp3OR1eM3sU9WPXIhFk+lKikduVqVMm6eQLNYNwuzTvLg9zgMnPc9IsJquebll5tsOr24QFVZLNY474kJzs/PuLjYcXrvHn2/RWNENI/6Iy0CNM7nUigRnPO0XctiueTa9RNeffVlXrpxnUXrWXYNN6+dsPAeo4nQb4nDFo0jVpSFtywaS2NLHAKKkezhNZowqphyGE3KmaYkEBUMtuSclsapREk+tZiYwM7HLgutlOMiojmRYRYTiy1YL6mLh2O7P5PpIA7uR9uL71XlcEajHjJ05UitPB6LnyMGRPTgXI0R1YQzkoXp9YrrJyvWqyXNvQ2NDUxqsSaLwTEmhmFktxuYpoDs82ITe5vzl+b42v2Saz5lqVWlUqlUKpVKpVJ5Drxxmzt3br/ovahUKpXKryDPVFy9lE+pcil38kHHXVborjarP06XmkutpLTG55VNHl+fnX1Hoirku+ft6tHI+fGId4yRpBGTIr5IjDFmV+XYD5yf3mez2dAtOm5cu4HzDWfn55gLYYwBZ7PDddjsuLjYcHGxpe93pJRovGe5XNA2cxkT2CIOWmtZdAtW6yUnJ2tu3rzJ97733/DyyzfpWktrLYuupTEGYiC0QhqEODqIAScJKxFJB0eqN6aUYYE1ipiYnaxWscZiTUIkASEfTTVFYQZKoVPCYFIqpVZZXBVjy1fOhQWKoHq5QkzlIFwf35pv7M/HfJnwoONTVeeziByvjCKziFxHFVweAAAgAElEQVSE5HwsIYWUG7RIOGtYLVqunay4tl7Rdvdph0Aas7BKUmII7PqezXZLP46lP+sgrJcL8pGCpzzktsjR9fUEcfZ4uw8TVi8VaD1kvSrEViqVSqVSqVQqlUqlUqk8f56rc/Vydmq+52FLwUPEqFlJLY9dlZL2295PkZsyfj4Lq2k/lk7JZ53jO0UMpoz+K4qmhMaAaEJFiSkyTXmUf7fdcnFxwTRNLBYLnHN5ZD4pKUZSiAzDQNTE0PdAwnmHsw4rhsZ7jLEkwBiDwZDCREqKc5Z1EVZPrq25fm3FjWtrXrpxQtc1eJEcG6AJDdCoJ+GJEklTwmjCiWKN4g14k/NW7exgNZKduMYUlywYKxiTMJJyERX5uAhZ5NSU3ZsxJIw1YCUXVdkirhbbaipJqbM6fiirymhKj782ZoH8+LpQOPiMyzlOus/hNbNvOUVI2RFsZzdtikgKUM5j6x0nqxUn61Uu+HKWIeRCrJQCUwjsdjsuNptciFXyI/SKafWq8Hkp1uLq5apaTNNPdr3Wkf9KpVKpVCqVSqVSqVQqlV8/nq24eiVTE46yUDk0rx/uO17msOossM0i6Sy1PVycPTyfzKPpeizGHm9rDhXQ0gZfRLG0L4MHIMVImCZiDIzDwDiMNI1ntVzivSeEQJjGnNWpmnM7yW5I7xzGeLbbHWJy7mljDNY5mqbBiWMYe8IYcN5xslxwslqw7Boab7Am4QwsGkdjLYYEMaFJUQtqIRpINo/3WwRnoDHk0isDFnLmqjUl5sAgYrBGsrhqhTzpPxdESclYNajmUicNgBhELeAQDsLqwW2qWVAVEFPKp+ajXpTs2btqjtyg8zmW8t9jE6aUEyGUE8OcxVpOkGo5Hjm31kjONBAihkRMAU0JZ4WT1ZLrJytan4+ld0LU7DYO08i2COd935M0YWZL7v6aOr6uHnHpHV2Vz3q0/1Fu1kql8nQ0TfOid6FSqUDJs/9y5Yyqivf+Ge5VpVJ5Gr7K+xfqe7hS+VWhaZpakFypfAM8Y+fqwwXTw6i1XLn/EW/oI9fqQx/eux7lEcuXxnc93N5HghZRUPb7A2oMYLGaC42iahZOZyFWla7tWC1XNI1nmsYs4pFAwFqbHa02YpzLmaam+CzL/7ga71kuFjTO43phNEWwXXQsu4bWGyQF4jQQxh6jbS5vIqEx5ZHzUusE+WchOzedUETGMt5fDKVGDhmyRsjiqhGMsXn/iuhqjMWKJYklxSJBp/KlpnhGLai5LIbuzadZcDXlfKZyoI9Pie6jGmax2xxFlM4hAPn2Xhqf+7LQLK6W1TUlNMV9rqySchGVKEkjGiPOwLJrWC8XtI2j8R6fIpIgTEKM2XG82+2y8zhGuCKiXhX9H3od7l/gkYj/uM8B9os/nUA6C7bHwm39RVipfDVE8nvfWvuid6VS+c4SQyj/Bvlyv8ukfBAcQ8C6X4MKgUrlW8hXff9CfQ9XKr8KxBj3/SWVSuXrYZ68yAtizmnlqkvwMNYPB2FJ9sre5fCBfdHRkai63z5FABST2+2TFhOrwVqH9z7/0o+RlFJ2hhqLs5au6+i6Dmvs/vlFBLFC13WsViu65aJ8IiuklEiaiiCm+MbRtQ0nJyu6pmHRNizbhmWXvzfWQgyM/Y6h3xCmAU0TQnZn5tekkErcQckedSJYk1XHLDomUkrEFEkpv479yLtk4TMLpAYo4qrYvXiav1tM+ZkkUERW5q/sjWW+nIxIcabm1yoyq6KXv3JMg5ZirDLqr2RRW2XvUJ1v5/vZxxbY4rKVIqpaAVJAUsCKYs1BaDYorbcsFx1d4/HO0npH23i8dxjJ/7gb+1xodRBt9xfSYy/Xb/oX0sO2dyjuevRjlUrl6XnppZfyVEIIL3pXKpXvJDEEpmni5s2bX2n9mzdvMtX3cKXyQvi671+o7+FK5UUSYySEwEsvvfSid6VS+Vbwgj4mPBaCHqXvzmP7B5HueN2so0rJTIUjbfVyufs8rr6PEih36yxIGTRBSoGoCVSy+9ManLWkGAhTIIwTcQoIgrMOXz5hjTESY8xOTZuFyW6xoOlaQoJpCgxjIKWIpuzGdM7RdS1d13KyXjPuthADXeNomyz4iWjOeR16xn7LNKzQxmKNA5tdpCGl/fOTEtbmfRDRUuaUHZHz2H5MmsfzIVtXVSDlOIGstwoiDrA5CgApAqvB4FA1aBJSFKTECxhTogHEkMiWWJkdwBz8qlKU0lxOJcUArMUtW87XPgJgthUffLCqR2VWpeDqIKjnGAJV0DiRNCIkrCjibM5jJWENe9eqs4a2cZgEsWnZuS2CkOZjWV7XIb3gyztq5uP/ZZevImml8nxYr9cAfPHFFwx9T6h/3FUqz435A+zf+I3f2L8XvywnJyeISH0PVyrPmW/i/Qv1PVypvCj27+FXX2W1Wr3o3alUvhU8U3H1q4lEB6fqYf3jueorYtWVvNYDxy7Jhzy0H2cvje4quZSqOCnVGFAlxsQwjGw3O6ZhS4gBay2qyjgOIMJ2t2OKE9Y5FoslTdugkkVURHDDmKMCvMMYy2K5YL1ec+3kGtevX6PfXGBSLl2a3ZRoJE5KDBPTbmAcemLXIs5hgAjEGJimkRRDHoe3hwxUI3n/xebiLDHziLpFxZLrqyxiDInsTFV1JLVokr1wrZdyUIsgu3eP5vVELCqwr7USoMQUpPn4FlH0cD4fPD8iZbtFPL10TaCHLNz9f4p7dx4rioKmSAoT1posABuIKEYV0Vzs5a2lbRo0GWRKBGfxLgvm1mWx1yAYZ0mknD/7JLFUD7EHwtFL3V9wT/de+LI5rc8617VS+bazXq9Zr9f1g41K5TnzTb3n6nu4Unn+fJPvt/oerlSeP/X9Vql88zxX5+pcgPR4oelhj8vRvVmyOxRSXZVP00Hd2gerXt3+g2gR9Mw+OkBJCVJUwhQY+oHdxQWaIk3jEQPjNBJTou97NCmLxSKPxogjojRNg4SAcy4LqlNgmgJd27Jer7h+bc3JtTXn9xaEfoezBm8tjXWAITqHJmUaBvrNlqFp6ZxFjaAxZWdpyUlFFLEONRZMKr1fBts4vDXFSaokhah5tL9oqKQAhiwgpqCImUf5i3PTZIE2P1d2liqgaV6mnB9ln/2qWlyyJZbhKOCWfZ4qx6PuBoNBVDnM4s9u2nwrYUAjsxVXixBuRLKYLELSvF9RQ96X4lqFnMuqMYDGHK2AYkg4Iyy6lsWyo2sbRIQpBBpr9lmMj5Iv98KmPK18+vQ8rXBaBdZK5etT/4FZqTxfnkecTqVSeTY8i/dbfQ9XKs+P+n6rVL55npu4+lRv4ONipKtFV/vHlBwlcOxqvUraC6RijkbIMdmhijzwaY2qYo2jcTaXQWkgxkCMCcGgCuM44p2wKFmqMSVCHAkhu1mXyyUn10+4d/8cYz1t49FecN6zPlkjxrDZbBGBpvG0bUvbNFgnJA2EKRHGkRjGHEtgDCFNhDAx9APDbkfvHV1puHbOQ9MRhCwcYkp/lWCMy8IpwpTy2DwqxJQLuoiCSYpLQgRssaOqy4kBBhCTYwasdXtxNWecKsSEEomaxVMVRUzMIqrJQqeYHLEAgpoicaoexv+LqDoLrAbJJV0plWgHmbut5gshj+6XLF4p4at5ubxdsQaHYeh3GHIWaxbNs6c3pUQMkTANTBOMMQvJq2XLyckJq8UCIdHvNkRNLLt2f3Eql4XMS4LmkTm1RNp+ZR5XVnX8nLXUqlKpVCqVSqVSqVQqlUrlxfKcxNU5V/VxAtDjslev/nycv3rkKpS0F+AuO1Zn5atYNXUWo2S/DWNyfqh1HkMiTpE4JSSBd56mCJpN27BetiAwTBMhhNIsD0nT/mfn27KOYZwCUwjElJhSKZ+axTBNaEzEKaCq7Jzb54GqxrzvCilpznbV7No11iG+QUMkpkTSiaSJWBJSxVmcNTQuC6OKkmIixUiaIjGmnAEbIi4GrIOYwCbF2oS1CaMOh0UkYYpjNCWDkoVQUdk7U8WWbFTJrtNZzEXnQNX8eo1IFljnM6O6P35KQpIWpymlNEtRcySCU5TLObZAcvRAijGLspLF7GkckJRy2RXgxOCMxRmKaxVSKMdABOcdbetzAZnCMAwYa9Ami6t6eAkPdYpW32ilUqlUKpVKpVKpVCqVyneP55i5Kg+574E1Hvg5L19Kj/YZnSX/cr/M3gzJJZmrjH4f4j7ncXQ52rbsnZ7zRpWctZpiRNCcl2od1joa37BYLBjGkRh2jNPIFAIhJTbbLUkE6xqMy5mdC+cIKdH3A9Y6VqsV1hgEYZwm+t2OaRr34+8aI2EYMSjOCd5ZmqbZF2gVUyfG2CyuxkRMKZc55XYqVAwYh1gH1mULqirJRDQZkgohTcSkJI00OJxEUhA8gitlU3Z/vpSoCWssxgliBYwUV6tijGCMIBLREhGwTwE4cnQK2bmqKaE6C5SKqhI0YBCcCHafu5uy5TQdzmlCs6tWyK9LIGkkaMrZs8ZgrKFpGnTKubQpZZHaWotzHmstxlq8l5Ivq2X/5wiCVETsRwn+h+t47xy99BhfW2190qj//HiNBKhUKpVKpVKpVCqVSqVSeXE8J+fqlXqiI9foA0teigM4uu+4DEl0//jliqSHq1oHIezq8wpSHLNzRGtKCVJ2NJoysq6qRcDMQiAKIWQ3aggBJS87DAPDFHj51VcRI4Qw5RF5I4g1+MbTmA4jwrDbcnF+zrjdcH5+QUyRpmmykOo9zjmsBe8drfMYMXmkPUY0gWCwvkH0EEitMaAaiUnpx0AICWcjtrhyRQxiPX7RYjWhSYgoKUVSiRBIlGxWAUMWXzUqGkdEHCYoxgasbXBOoTFZ6NUigoqSJGW3aZIibEtxmGZ3bEp6FKuaSDkSFaPkPNkiPosIojmOIJ+jLPLO5VnHftY0P6ZgMRhniRPEEIkhkDS7k52zuewKxRiDNxZTUiZymoEiCFYMTWlR1KOyqkcil384/gzhq0qfV2Mrju+/+nOlUqlUKpVKpVKpVCqVSuX589ydq8c/f3VR6OBWfUBOLXfOXUxXn+8gpmoRzTSP3KeEMTmTNKt9grEWTYaQImGaCDEyTRNTDEzTyDRNxBj3It0QAn2/y4Krwm7XE1FizKPsvvEY40gxMg4j4zBAmDg9/QIvhmXb0rQN3aLFWgNkt6iIkGJkCoYpJhKCWIezFiM2lzghhGkkTiPD1JNCQJjzRk123jqPWAti504oEopKFjYDiahKSAabEtbEUhZVnLISMSYhJmBtxHvNorRqHuGXkLNPKeJqCTvN6QCmZN3mvipVQYw5jP6XDq4QAU0YKTENlyTUfB5DiiAJI2DN4VpQhKj5fFrJ+bNTKrEJGLAGsTkPVstyxju8tWAkO1pNFtSNEbzLxzimBJqy8FxU4fnaPVzDj3OZzv95NE9yn1aHaqVSqVQqlUqlUqlUKpXKrx7PrdDqYcyOy+xMPXasHkb2M+nSevvp//1YP7lQ6fjxfGd59PIYt0oR+TSRNLseE4oUQW5WZw3ZcaooIQX6ocd7Zdc7+nFknCaSKk3T4JyjnybidkcMgTAGzs7OiSmPl8fyEkKc6Lc7Tu+f0m+2xHHg4v4pi6bhZL3EWkPTeqzANGWnagg5wxXjUXFE8USTHa7GRozmoxBiZDtFdtuBYbsjhImUUok9MIhYpNg0lSxuijG4xuMbz6L1tI3FWcllUALW5GItZyzGOqwJiAScS2hURBXRgFdBJRRXcdqP2MucjYoBsdkNjM1ip5j9OcwdWVncjQJWLM45ELA2C8w5V0AIKQujzmbh2DqfRVwgxam4kC1iHeJdFtC1OFCtJaTIFCamSWm9L0q87EVXI4IzDiMWa22+P2iR5Q/i/OEa5tI1dvlazdfbk3hccdXj1qmCa6VSqVQqlUqlUqlUKpXKi+OFiqszB2HpIIQ+IFQJe6H08p1mn8WqqrlICQ6N9HNRlhTBqrTKqwFNWVRNmDx5bgxqpGwv57waLGKERGKMI0MQxjiVSICY2+mdwzdNHiMXQwyJoR8Y+j4XR4mQFEKMjMPE5mLD/XunDP0OYmSaRpw1JedT91of5JiChGCcxzcLbLNAXAO2Qa3LjlUMQ4KLfuT0fMvF+QWb8wvGYSDGUPJYSzFWyZ9VzU5NMRbftnSLlvWqY9F5GmewKFYUZy2Nc3S+xBVYh7MTjY9oiogGhAbBggn7Ei5bhFWZbcRFXBXxRWT1pCKYJoUpJUIMxJhDZY0YbMm5da7BGEMSIWliSrn8yzlDbBxeLRoD424khYloFfU+O3xdAyghJEaNDGFiN/QMfc84QtMtiCkClMKwUnBl7aEYbf4Q4OgajRoPl+zDtFMR5g8FLn9Q8GQel6V6NWu1RgJUKpVKpVKpVCqVSqVSqbw4nqm4ehCHLmdQfr1IgMvbOfz3MuZoiWOJam6Yzw9KztnE5EhXKW5OydmbeSTe5VF6A6k4XUGYQmCKgdZ1WOswxmKNw4hhHCeQHdZYQowMw8gwjOz6gd2uZ3ux4ezsPjFMdL7BOUvbNDSNR4zJIl/ZRescTdPSLToWyzWr9Zrlak3Ttogowzhyseu5f/+czz/7gs8//5zz+2dszs8ZhpEwTXmsnTkKgaOvLCO7kvW6WjYsFy1d42icwVuh8Y7WOa6t1rRtm/fTObq2pZtaYmxJ2qI4RCJoACBKzqG1xmDEltxUSyQCBjWRJNlFupsmhhK3EGLMZWIlPiCfp1xAhZjsOjZFAHWWrvU4a4jTwLjbIqosG8fJaoF3prhzLVOc2Ox2nG8uuNhsGIaBKeRjjTGkpIQYsqxuLcbYXAIWIunKyL+qFtH4+Kp62NV5VLb2lFQnaqVSqVQqlUqlUqlUKpXKrw/P3bl6aGT/cus8lUL1mA1fWr1sT0peZ8IWoezyyDelQX7ODY0li1URhnFkGEd80+b7EsSYCNPEbpdzV9cn1wgxEKbA5mLD+WbDdrNlu9myOT/HCHS+oWlblqsli8UiZ3zGWGIKBO89i+WS1XrN+toJJ9evs1ysMM7SDz3DOHH//IJPP/ucjz7+lM8++4zN2TnbiwvGcSr5rwk4KrUSS1IlhCxkKoI1lq51dJ2naz1dY2m8pWsbWu+5sd6xWCxYLjq61rNqOxZjSwgtqh1KmzNZSVmUNuCMAWNRYxGxaIokDXlEXyIRoZ9Gzrdbtn3PMAVCSkwxME6BYRgZp5BzWAWMyUK3WIOxhrb1dF2DM0IYB0K/wzvL9dWKePM6J+sF3aIBDDEqfT+y3e4YhoEQI5pKrIQIKYYcoVBEW+sskN2sWMNVnqLiqlKpVCqVSqVSqVQqlUql8i3nORZaHciZmA8sfEkBfVKe5Jzl+dDHHnH/pezL+enmYqwyup1IpBQhBozMu6UEjYwhZ6wqyjhN9MOA9w390APCdrtls90yxkTbtrz08stMIZBiZLfdsj0/Z7fr6bc7+r6n8Q5roGtblosFXdfivIWUcimTNfgivC7Xa9YnK05O1ljXEGJkt+v5/PSUf/74E/75n/6ZTz75mLPTM/q+L5EE8ZC5ainZqR4x+TmCKsMU2W62oOCc0PgsqjovNM5kh2rjOb9xnZPVktWyY9U1bBcNy0XDMC4IaUWMLc6ANXm/nTVgLeJcFnMxpCTEKExRidEQonLR77h3/4yL7S4XgoWJi75ns9txcbFhs92y6wNRE2Itznmats0ZsUXsbZwQp4EUJpbdgldu3MDllFeMEbBCiso0TgzDyDROpJgwcymYtWiYAMEVp7B3HoCkOVfWWLsvQcuXjVwSWI8jK/bX/VcwZx9nAx/fnh+rkQCVSqVSqVQqlUqlUqlUKr86PCdx9dGZk8cC0dUG9keJRw8tDnqM2HqMHt+QPCYPSiotWZoSISVIEa+GJBCBkCLDlEusQopEzRmh235XWuRhu+3px4Fhyi7InEGghGmi3+3YbbeM40gMU84rFY+1trTUH72mcluMoWkbusWCxaKj6zq8dyRVdv2OL07v8dEnn/BP//wRH338Maf37jHs+iwCksfbnWuyW7WMx2MsiiFqZAojwxhQbIlPMES1DFEYYmRHZDsoXZPdo9vdwGrZsew8JwvPetUSwgpNExpbWmfxzuC9RV0WVo0mEIuqkKIwTol+CAxjYhhDiTS4z/lmyxAifQycDz1nmw2n9884P79g2+fIALEO5xtW6xVd17JaLhlWSzrvQCMWpXGeEANDH+j7gbZrsE0WeK31iFiyQ3nOnDVFrARjDL5paNtmf5xT1MP5uCJqKqVE7QnO6q+aufqo2zU6oFKpVCqVSqVSqVQqlUrlV4NnLq4+vJTnweWeqIw+pNAqa1YHoevLUuJTURRNkKQUEBlBxGGcYIgoyhSyc/Vit2W1W6CqxBg5Pz/n7Pwi54FqHiOfphFrLZvtNrtZN1t2uzKOPk1oSiwXC1bLjvV6hTMQQmA79BgD3jm8cywWHcv1kuV6Qbdc0i46XOPZbgc2mwu++OILPvvsc764d5+z8w39GFDJI/PGWESErukwxh0VWWU3ZkqQEEKCqKYc4JI1KhCjEmPATBO7MRIS9GNk2/d0jWO3auiHlhhHYhrRtGK9aGgbB8kh6jCANSYfTzXEEBn6kd1mYLsd2PYT293Adrth2PX0Y+Bs7Lm3veB8s+HsfMOmH+iHiaQgLuGSkjQy9g1pDOgUSYuOtnG0XUPrW5zx7LY9gpJSpFsvCJBFZgRNWej1xuZzFiJTDCBC0+SYBuccwziRUsJiL13HUoq4DKYI2emB63MuwJqvUZEHowUuX4u6/378vjn+IOHqPlSRtVKpVCqVSqVSqVQqlUrlxfKcCq2u8uXHmR/hYX26dR+h3c5lV7PTE6Q4SB2iETEQ48QUIyHlEftpHNlsd/TDRD9M7PqhjPDnUqspREJMDOPE6b1T+t2OYbclhYBBsUZwxrJaLrl54wbf+973QCMaIt55nPO0bcP6ZM2NG9d5+eWXuX7jBotFh7OWlBLb7ZbPv/iCjz/+mE8//YTz81PCNGKtIK7BWlv2ybLsVjjvc3mV5teaEoxTyC5OY9luxhwfUJytWJPdpiWbNYkwTJCITGFi5yBOnhQm0ISWGAWNS+LCI7LAOrMXvDUlYkyMY2C37dlsdpyfbbnY9YxDyG7gfmIcR8ahZ+pH4hSLONzifAticE2Lb5rsMLWWZdeybBqWbcty0XFtteRkecKi6QhT4PxsYpoGFv0CaTy73cAwDIzjyDRNtCKkpKgmYoz7vFW3dxLrJdHzKjkmID35MixREo9f5Os9XqlUKpVKpVKpVCqVSqVSef48F3H1caP/Bx6tUD11odVTsN9UUVbnQnotBVJiDEYEkqIaSTERQxnzl1xm1fc9u/lr1yNicF5RDYQQsNYRY+Ti/Dy30k8T1hrapiHFCMByueSll17iv/3e91BNDP0W7x3LRcd6seTGjevcvHmDazf+f/beHUjO60zTfM7lv+WlLriJUpOiMDM7mN2O2I2NYBvdBmj2GOtoTXKMNXoEd4Jy1JIjR91yxBiXijbGGNKcdmSMTNLo3oiWuYoN9vQIreFFuBRQharKzP9yzveNcf7MyiqCJEiRBCSdB5EsVP6X/DPzgAm89X7vu8d0OsM4BwjdquXR0RH37t7jNx9+yL27dzl+dIyIUBQlRVHgvE/X5AuaZkJZVljjAIOqIYjS931y36oyRGUYIqJKVNKwu3Wp7R4w1tHHgahKT6A0gqyLsoyCRowK1gLUFL6iqiyKRTQ5LIch0nYdq1XLctlycrLgeLEkBiWK0nU9bdcyDAMmCg4oXUFROExR4HyBr2rKsqSpauoiFW1V3tNUJdOmTpmw9YTCW7wzDKEjxkjf91gMMQgiaV1aa3DOIiiisnl/3ZjBCiCiGHvmON0WOHUUXkUVay56qs+TkieefAF/kqCbyWQymUwmk8lkMplMJpN5dvgKM1fHUWlz1tC+LbR+/Nj0E7hTt/qDLspRG6EqPdBYRGSSMKgG6y0qFhHZ7GudxRhHHAb6tqUbxbm6qghD3IiqfT+garDOYbAMYWAYAkVR4r2n7VpUdCOqemtBkpxblSXTpmF/fz9llEpAVSkLn1yt+3vs7e1SNw3WeqJEYowsFksePjzg4O4d7t35DUcPHxCD4LzDW4O3Njk7i4q6qmkmU8qqwlmfRuBFCFHwhSPEgcVqgTFg7JgRa5Wogmhy4xa+IMaIRkcYAkniFYwKzoA1Bo0RVCgLR10V9EHAenzZYLwj9oEggSEK3TBGAbQdfRcJQ2QIga7vWbUtQSLGWJzxFE4wRYF6T91MqJoJTT1hZz5nZzKl8h5vDJVzlEVB6S2zZkJdlxTe0g0dfWzBJhFdRAghOZDLuqIsK5T0mhhjqJua+c4O3jlWq5ai8GMObXK2rteqqqJGx8xVs1lfHy2e+vSl+4nL+kKh1fb9OX81k8lkMplMJpPJZDKZTObp8xWJq8DFPMoL4mra42Km6icXWunmrGbMTh0zLi8ITutsVaPrCqKzIiKDQa3FmeTqRBURhRjRGIghEIZhvEUkDBg8OoqP3lucLwDDEJIA55zDew8Kzhu8S4VRwXt0FHHrqqRuKiaTmqapsSaJf4VzKWt1mkRRay0xBNquo+t6Hh4ecv/uXR7cv8/Jo0f0bYuzDocfa8M0xQ+YVNBkjKEoCuq6wbuCIQRWXYvpDEXhcc5inOJtyoxVUm5sEAVrcUCIglGDwVKWJd5EQlhxdLyka1vi7pSmruiiIqYAV2J8gStqvHcYE1A8Q7RY1yMsGaLS9QOrZUvbDwx9oBt6BoRoIaiCS+5bV9c00yl1M2XaJHfqtJkynzSUzlEaQ1WUNFVJXZd477BWKauCLhS0YcWi7+m6jigRay3eeJxz9CIYoK5rduZz5vM5ZVWN7lYHxiIxFZ2dW4/rNWW2vv+CuJizevHPwbaw+nF/RjKZTCaTyWQymUwmk8lkMnRPlj0AACAASURBVF8+X6q4+oXyuEIrnkzTWutPyV0oo0vWoCaJqWkc3CIRRCJRIkYD1hi893ibskf7fsDBeH9BVRmMdUkAjQLGbsbxi6JMnfTjyLh3jhiGTcTApGmYTBqapmEyqXHOoSIUzlJVFeWYLSpRGLqe5ckpx8cn3L1/j/t37/Lw4QPa1RKNIUUZqKJRiCZgjEFiJMQBUUFVsNakwidKfOmpqgFVpes6dCzy6vohOXKHAYlKNIZo/ZgZOr6W1mGMJUjL0A6EXimLgm5QgjiMr/BVgytrXFlTlCWFCkUZMbaibQV/skLU0A+RVTfQ9gNxiAxRGDTSa0QM2LpCjcH5AmM9ZVlR1ROc8xgMVVExrUq8MUyrmt2dOSBEGRCN1HVNgSMuAmG5oOt7jE2lVWFIgnwYArawzOdzdvf2mM1mVNU6RuHMiWrHeIAzYf/CyhsX4/YPDTC6vekPnt/cufO0LyGTyWQymUwmk8lkMpnMHxhff+65L/X8z6y4+pFIgcfFA5i1dfCi0GU27tVzYphueV1H55+IgHVYm0qMJGga4TdQFSWVESZ1TemSyOjLgsKXSGlwLgIGUSWEHjBY5/G+oCwrnDWoCBag8KiUhDCgEtmZz9iZzZnPZ9R1TVmkRnpnLYX3lEWJMYa+71ktlxw/esSDBw+4+5sPuX/3LseHh/TtCpWUd6oqhGHYxBuksirDUJasVkkcLMuSyXTKdD7HOcfly5e5fHmfgwf36Yee+wcPGMIAbQQUiSaJtePrJZqyUYexgAvjsQ6GoJwue/oIxlWU9ZRqMqeazmnqCgvEPoBZUpy2uKIEa4kGZIxpMM5ROEccOmQIqLNgXdpuLEOMqLFY77HOgzFYY6mKktJZmrpmNpkiMtB2StsNuMrjfUkVUkyDd5aiKKjqml4DokI39NRFzc7uLpf295lMJhSFT889CtZdjLRYr8ptJ/bZSj3nyD6/FH9rftdjAL7s/5llMplMJpPJZDKZTCaTyXzVPJPi6vkCLNjM/F/Y56LMtB71Z3tcWlMEgMUQ1+7C9QEytsHrKLCOMQFmLCkqnMeakqooU16qpmNQxY4j8wrEIRDiWHo1Xpv3nsJZQgiggjUW6x3eWwwwm02Zz2fMZtPkVC3c5jkYY7Cj+7RdrTg5PubR0REPHz7g8MFDTh89oluu0BCxY+2UREXiAENAFIz1iDHoYsmq7ei6gagQVZnNZjhXU1YF+/t7WA9d1xFiYNWuUFX6LtCHiMQBg8FhMShRIsPQYTVQlwVl5cEa2r5nCIpxBWU9pZnMmczmTJoaROhdx6odwDp8WVJPJjRdTwjA6CS2zmH7Aukd6h1+OsGWFUXTgLWp1MsY1KSc1H4YCCHSFMXoHg44a5NIHiMhBLy3VFXJfD6lF6WuT6iqiuWQxutDjBibnKuz+ZyiKFJUhApRSC5n89EitvNif8peNRf2++gK/ew8Lnc1Z65mMplMJpPJZDKZTCaTyTwbPHPi6nlh9QnzJM0FsfWCc3XtbbWcFVuxFsM0OQ0tYzkThoDFiKIhIhKRGJEgSIgs2hWh7zHWJcHPJgG1XbW0bQck4U9VU+v8GANgncVah3OWovBMpxNmsynT6ZSiKCi82+TFikRiCHSrltPjEw4PH/Lg4ICHBw84OjxkeXrC0Hegqd0esUSJ9BJBIQqIWlwQui4QVbHuhIdHRxRlSVWV6dqAyWTCbDahKAp2d3ZQVWbTGScnCx4dHbNatSAmnc9YvLeIGjSOObcGxCTNOUbFOk9ZNTTNlMlkSl1XSAiEELHOUVYVs51dLgfwVU1dnbJYLIkhogZKmVDGKYMBU5WYuqKazYjG4KqSCKy6jkiHjREXhcKAxkjXrmiaCpEe0UgYFJzDl46dnR16NdT1EVVVUnZCMA7vHFVVMZvPmUwmKZ5B9dztcc1UZ2vzbPtacD2LBTiLnXhSnfVi3ur2/VlQzWQymUwmk8lkMplMJpN5tnjmxNWPcjZz/bhogLWstZ2BuXZ/Alsz2VsxAeM2Z1Lhk7HJEWlMEiuNOIipxEpDh4aId46mrFjGlFXqjMGNI+ohxDEaIKAKwzDQDwNl6TfRA2qTGOm9pyormqbZ3JxzOJvEXpVICEofIm3bcnp6yuHhIQ8eJNfq4vgk5aSK4owFLFGEKMIQAlHBidJHwRYe6wrC6OKMklyaTdNQFCVVXfL888/TNFO8d7Rth10LjmVBXZf0XUffD3jrEYlgHc5aFIdopB86wBG1IKqgalLEgi+wzmHs+HqPI/1lVdJMGmJQyrJmPttluVyxPF1yslhgw0AIhsVqyfL4BF2tKIeAqwrarsepocIycQ4pO1wUvFWaosRZRXWHohhFZ4QYA4WtqIqSuqqSkF16itJjKVJMwmy6yVpVVURTfq61F8TSc+vuwpobXc/b33NBHP2sfJKQmgutMplMJpPJZDKZTCaTyWSePr8D4mriorCqjIbAjUlwe4/zdUO6OWAteqXjjDE4mwRKHUf+rbEY51GJqASswqSZ8NzVqwyrFSenx0SJxChEVRQzCqqBtu0REdo2NdPXVTk+7OiOtenmC0dd19R1TVVV6eJUgSTEhhDo+o7lcsnp6SmPHj3i8MEDDh8+YHF6QhyGVJZlPYIhRCWKIJLG2fshokMHXU8U6GNgGAbarkvO1NmMyWTC5Sv7zHd2eOGFF1itVty/f8Dh4SHL5ZK6brh25Sp7O7ucPjrh5OSEbtWmUi8L1iiKECTCEOiGgiEM9CHSh8Aw9HTdkN4TTc7dsq6Y7swwztNMZsRBCUNkcbrg4cND5J7h9MEBD46OuHP4kDuHh7QScE3DdHdOVVQUWC5N51yaTOmqmn65ZHn8iGlT0zQV3TCwszuhqQusTS+rqoBxGGMoCk9V1xSd4E2FLSt2d3aZzWYURZHWi6RYCGwqKMPasQxNz9yjRjkb/D8vgJ5ztX6BZNdqJpPJZDKZTCaTyWQymcyzxZcsrn6JrrrNqdchqo8RXwHZfNXzAq0oWAWTxuNjjKiG5CI1ipoUE1AWJX6+w8w7SmPpw8BiueR4ccrJYkHXD3jfbs4tIgzDwDAMiKRrsy4VSiXXLDjrKIqCsixxziEaUuzAKKwOw0Df9bRtS9uuRpF1wenJguVihUQFTRmkZsxCNTicERCIEoiSnlMUxRWeoqywRUHbdQwxsuxadgWmO3MuX7lGXdfs7Oyyu7vD++/9D05PTkAGKm9gWkPosRIJQ49KBKMYlx4dETREhi4ydB19n8Tlru0wRnHOYEZRuaxLrPdUtXB6vOTo5Jh79+9x585dPrhzl0U/0AsEhS4EluvHKwtUQH1B0dTU8zlVURJj4ODoIScLz+58xqpd0A97XL12mdoVKbtWk2AqxmALT1GVeD+gxuNdQdNMKKsa5zyMgqkhvWcYu3E6Z2Ezk8lkMplMJpPJZDKZTCazzZcsrtoL35ut20VGkdSsR50Nxoy+QEmpqcJWwRVp383RqmkE/eK5TXKl2jFXFQyy3jRGBERRgkSMjgEDEvAGJlVNMe4dsYSdjqCByWQKWIaQHJFlWWFdgQiEILRty8mJZXe+g3ekoqZRXLXO4gpHUaUyKF9Y+l6JMZwJq8NAN/S0fcdq1dJ1Pau2pw8R6/yY21rhypo+Kqu+hyEydD2uLIgS0Di+VqKUdY33jqJuKPuOvm+pmprpfMaVq9f4xgvPs7M7Z//SDpNpSV1abv/TPzF0HYXzNJf3Od2ZcHT4iIP791ktesIQcKWnrCssCsGgIdKtWkI/MHSB5XKJsUJdl1jvcLWnpES6gbouWQ094pX37/2G9z/4DQ8PjwnOo3WFqSfYsqZftajC6ckCYyx1XTO/tMelK9cogdPDh5wcLSl6Q4wDhTWIBIw3XP7aZabTGRFPiAZXNkymc6x3qBEikaaeMJ3NqasJqCMMgkFwRXISJ3nebVbt2sGaVtLoODZg1sJrCs4da8YsGEVGd/Pn4ZMKrTKZTCaTyWQymUwmk8lkMk+XZ8i5uhaLtkeqU27luZIfzvqFtuUls77Dnn9cHTMBLpxhI+CmgxXrzBgLoBgLVgWJSoyR9uSE5aNjDu7fY4g90SjdqkWGiMaUMeBdcqOKBLq2oy48EgesL/HWpSxXy1amJ1hrx2xQEE3OVREhxkiIMWW1quJcihGYzWbjY3nqZoIra9o+cHScXLS2HyiKgso3aQzepcItnE2uWAkUladrHfuXdvnmC89zaX+fS5f2mM+nFAgyrBgWJ2i/4vTRI4hC4Qv2Zg17sxmVs9y/e4+jw0M0RpwaCu/w1qIihCEgIRJDTM7Z8auxAIJaBQdYgzgFZ3FVQdnUVEOgLCqoawZnqZoGv1jQhhRpMJUZVV1z+coVrn39a6nQygrDakFctazalmgNi8WCSTtlOsyomVEWJYXziAhFWeGcw1oYouAKT1kUWGNRNRhjx+2WqIpoHLNtzxbU2hV9tlS3Sq90nT8xrrW1sXpz32djI+Q+RlDNeauZTCaTyWQymUwmk8lkMk+XZzJzdbsV/XElVttstpox/1I+puRntB1u9KnRYRhjQA04uxaylJTCCm50ux4fHvHB7dv86lf/hCL4qsR4jxglAjoMGJGk60YhMBCHQBgGKIok3I6j6TiwxuKcHwuxHGosokrcElhVBNCxZMsyqSu8MVRlTdM0zGZzrC85Pl1gEPpuycoIpYPprKasJhR1RV1XRFVCiDjvwCh933H12mX+t3/zb7h2aQcNLd1pJHZLKgvXLu1iv/VNlicnSIjppRNYLFZ4FMLA0K6IIeCM4q3B2eQcXccBSAjo+DxEBMUBBmMt3nuM8fiyZDKb8rXnnqMsGnZPFgzWMVhLedIwSMBYeHS6RI2wO59x9coVLu3vs7e7i0epLXgRFg+PkK5lUhQ00wZRoR8GQhQqa/FlgUTBulReJqTiMWsdvigw1o7vfyrkwoDEiGDASMrmXa8xQHTtbN3WUdP7tXGxjtm/+pjYikwmk8lkMplMJpPJZDKZzO8+X6m4+mlOu22X3uY+Pl6WMhd+Zz5y//a+JsUIrIUvTQKZiKCjgKkoqoIBnDXjiHnk8MEDfn37Nr969x8RIxRNxXx3l3o6pagrjEQ8UFgYjAEVYggMXQ+TyRgJsDY4WpxPGai+KLHOo0rKZ91cfBpHNwreW5qqZDZrYDphd7bDdDpjOp1inWNyXNGuTjl9ZFk5KIwwKR07uxN29/eYTqfjKDtMphPKqmQYOvYv7fGtF59n3pS0J0f0BqTvMKFjd1oz+6PnCP1lEKXve46OHuENnMwmnO7OWZ3OaVcrvDUpFoDI0Le0qwXL5Sl9P5w5LcfpejUGxGCdx5qSum7Y3YUXXoSrVzpOlitO+4HTYWB2OqdqKnb3djg6PqYPA5cvX+br165xaW+X3Z0ZpTVMS09lLY/Kkvb0hFlVUdUF1aRKoumZ+n6WnYoiEum6HmMMZVlSFAXe+5SzivlIF9WZJr/lIDVrxf7CGjbnfyRg9Kx47bclRwJkMplMJpPJZDKZTCaTyTw7fOXOVWPM5va4bR/lk4Uks3YTntvtYmBAEsE2XsNNlmv6jxl/OQNocmJ6IPQtp4cP+M37/4PffPAep48OGWLAFR4HNFVFZSdoUVB5T1N4qMs0Cj/0LE8X7M7n+MZhHESJY/5rGvP3RTm6IcdRc5PG0o1ZxyFAU5XIzozCGqqiYn9nl6qqsNbSdh2Fjcybgiv7c8oieW5LD156Sg3sNiV1k8qaptMJzaQhxsBk0jAvHXRLVv0KZw0WwYjQOEMxrZGqIITAcegoEDxCXVh25xO6/V0WhSMMAxIDiDD0LYvTE06Oj2lXS2JIMQaoSRELqsSgqLNYB0VRMJ97qqpBg7LqBk66jtO+Z7Fa8dxz1zg+PeV0saDre5qmYX9/n/mkoXCW0jmq2YzGOWZ1Sb9aMps06f0rPUVTUFbVxom6WWPGEKPQ9x0GKMuSpmmo6npcT2O+r7VjqZVBxjW1caGOIrjBkHrKzgTVs3VsUobvJ67gz0cWWTOZTCaTyWQymUwmk8lknj5PNRbgyQXWTz7+I0dsm0Avbtz6PulsqRXeGbMpgHIAMbI8Oebend9w78P3OT58gFXBoVTOsT+f842r19i5tM/pakUcBrwz9M2ExXLBYrlkcXzMcj6nqWtKWwAGiYKI4osS49wo9poxHgCcKt45nLM4Z6jrEiMTSmdpqpq9nR2MKsPQI0OLI3Jpb8psUtL1A4vliuVySd8taU8sujOhbEq8VQoiXgdKb3DS058+2hg6yyIVZRkVjFiss8R+oF+tOD18yLBcggxUhWNSl8wmNUYCXWfoOyVITwiB1WrJ6ckJy8WSoRtQSYVkMUBQIUYFFYJGwOALR1GUGDUUfaAYapoQmPdTdndmdH1PHwIxyljkVVKVBQ6DNYai8DTFnEldYiQynTRJJDcgVsBajPOotVglZd8aQ4yRvu9RVbz3VFVFVVWEGBAVjBqM9VjniQoicrbmtuJTNxVtxqRCtC3XqlmbWrfiBDKZTCaTyWQymUwmk8lkMr8/PPXM1W0xdSOWXhBYL1ZdPfY8fNTjali3uCfn4ToTc31OgxnLi1JmqFFN+8XkPF2dnnD88IDT42O6xQKNgaYsuXrlMv/r//Kv+Jc3bjDf2+Pg8BBjDLPjGSLKvbt3kRhp25ZHR0c4b5nOZljvsM7QD0PKQY1CFNlEBaharDFoWVJWFVVZQBig8BjxVIWjcCBBQAJ16anLHazdx1jLMAQOHh5y8OCAo6NjSiuEdsGw8litCSYQ6CnLEomGbmjxZYG3FihAHEYV4yyohdCjfYf0LUO7wmKoCkddeErvGAoPKqgEdDCgkaHvWC1PWSxO6bqWGARkVHDFgkoSmDVisBgM1hoQMCblB6gEIFJ6i3cVczfBObcRRr0rkgBtUnyDQzF1gbOGuqywDqwxBE2Zq2Is0Ricxs05Qkj5sDFGAJxNgnYUQxTFiGIt47VtxQBs1uY6sGJdYLUVBbD5fZZUM5lMJpPJZDKZTCaTyWR+n3nq4io8XmA9vwMf0akuHmNUz8Stx6msF8Nbx7F7a23arBFDEv1EIiYMDF1Lu1hACGiIxH5g99I+/+L6i/yf/8f/zr/41/8a4z3215a7d+6ARoqyIvY9USIPHjyg7zqOjo7ow0BV1/jKUy0XnJyccHp6wqrdR1Vx1iYNzzqKoqCpa+Jkkh57GDDRUVggBowECqv4ylNWJbP5nKZuCDGwM58wn5TcKTxRIk4GwuqEgoiO4qrTaizRAqsV6jxKIBoLFtQ7JDpMFJymkiyrkkqcRLA2OUa998QYsc5iIogEhqFjuVxwevyI5ekp/d4edVXjrcMahzVKjIKKUpRu86ZEjYhGVAIiPRpTZqvF4oDSpSgF5z3eeqw1eDtGKEjAWSh8Ek6L0qfrFIsNkaCgIhhrcDYJ2DFGurZjCAMxBMLojl2vJzUpSCKqpudtz0dZjNGqWzmusL3AtpdgllgzmUwmk8lkMplMJpPJZH4/eWri6mcZ//+k4z5OjDUXYle38ylTwdOYoamaHJMSiKJYVby1qDHEMNC3HYjgDBhvuXb1Ct968UVe/OY32d/d4cHRIw7u3+PDD9/ndLFkvrdHXddc2b+EiDDEgIrSth0BpRBPuVhwdHTEfD5ntVqRKpQUFUFVwEBROOqmIvYlNg6IA4/Fu2SkdMamQqvJhN2dGXXdpNF1iZSFpykLumFAQgBjkhO2KrEWCm+Tg1PZjNh7A1YjHotD0RgI/cDQtsQQ8M7QrgaGvgNRvEviatd3rOXDECJD39O1LcvlksViQde2yGQGvsDY8X0RgTFb1hi7VWSmeG+pxKExYiSiEglDEpidgqkqtDAYLM4nt6mqw9tUTCUaKauCOASIgiqoKGGrLM1YiyqEENAoiEiKAxDBGIPzY1yDtWMcwPmc4O2IADOure0IClGw40oTPn+Z1cdlql7MW01r+AtqzMpkMplMJpPJZDKZTCaTyTwxX4m4uj3u/3FlVh93zHZL+8XCoI91vOrGUJi+1W034uYAIAllMrpWiULhLM6OY+TO0TQNZVmmvE7r2NnZ4VsvvMCVK5dxhePRo0MeHNyn61a07ZK6r5nOd5jvTBkksOp7ogpqoI+B9qTDWMfDhw/Z3d2lXS5TQRUpR9Voynx1zlH6Aq1quhARAw7wFox3qAiu8JSlHwXIDmMM89mEqqrYnU3p+o521aIqOJ8yVa09ew/s+BpUdZ2cnSJYFAlJ1IyhZxg6Yt8zDANt26KairlEYhKxrUVgHK9XVu2SYUgj9+2qZeh7+r7HFQXW+JRv6z2KQURwLsUClGVBWRaEGKlDyRAC7aqjbVu6bgCNSOgJNhWPqSkQcRibMnNxBrUG70uCpnxWETM6k5Pj1ozvt7cWjYLGiLMWYy3ep2sTFayxWO8YoqTXyDpUdSNoWmsxJn0voqNo/Jgoi3WO7yaZ9eP5vOVUudQqk8lkMplMJpPJZDKZTObp8UzEAnwZXMxpTeLr+eb2jTClCqQiqcJZvDW4qmQ2nTGbzaiqCuc9RiO7u7vs7e9T1w2roeP09JS+76jKCp1bmqZh2kwQlEkzwVdlyleViOlaogghpDzWvm3pui7lvqLEEMYSJMFgqKoSHQp0KBAiViJujDPAeVSEoe82Tsa1QDidFMymE0DpVukxjbUYe/a8VXRLgDZojMktqoqRSBgdtxIjIkIcv4qM36sSVFJJlTJeMdhRnDbJ0kmMgsSASgQsljTOH9ObkpyiYw6qMYaqrpgwoe8HSr+i8B7vemIIKKSv3o/vq6C6qZRK96hiUETS70VTBMF6TayfCwbc6L4timLMdLUp+9Weic9ybv1wTmQ95x4do1nXV3IxhSKTyWQymUwmk8lkMplMJvP7x5cqrn6aQ/VJXKzJ+KejAMroONWzr+NOui1ljb89Fw0wyl6G9WEKRkaBbHTCWrtxtDrnmEwn7O7uUpUVBgsIfT/QDwN936cm+77He8+lS5dQY6iahhCEGAPTWUMDhBg5bZe0w5gvOma4qsQkSBozuikdqCQJUgWJZ1ZbVSGEwBBCcrc6iy+KJKgagxFJOaPG4IwZXaqWwo5j96PYKSLJeaoxvaaanrMYi1oLEpGQXJ4a16KqohEQENHR7SvEmITiGCNKEnebpqZpKsrSk04XiHFA4oCTFGVgRjepqILGlKvqXIoIGN/rwjvcZJKyZOcyCrpJHFVVrLV457E+CbnWmjM1U5J4rJKEVR3XghkjAuIQcNYyqWumkwmTqqbwBda6sbTqfIaqwZxTSnUU4zfLcX3/ekmO8QcXgig+cZ1vneUTvn/c79fnzlJuJvPbkOM1MpmvlvxnLpPJrMn/P8hkMpnM7zrPlHP1ceP+sBZY19/pBYF1e6fzbEtaqroRYM92tRgjmLWlkyQeBhUKUcqyZjKbUZQVxjqGPqTtIdIPw1iCFFFJYp+xFkQ4PnoE1lAWBa4s6Pqetu+wo7ibRu4HwjCgQbCqOOsQa5AI6Famp00iqViLqKZjVPGStrkoqIlJGF3nimoSFkUkjcyvBUM9y5hNwnMKp92UM6FjbqukLNIQkSjjS202blQRQWJMYu8QCCFiraVpKnZ3d5jtzJlMJhRliUGIcSDGAScOX1iMcxgV+iEiCnHMXjVGk7fYgLOWsmhwzmOsQ0gu2BiFvu+TwOotxq7XjGKtScev3aUXcnfTtUdiCBS+YHd3j535DtPJhGIUqUWSkC0oKoxC8GaBbv3lb/xqHiOwbh4wFa09CetznN/90479LKJtJpN5HKenpzx8+DBlZA/D076cTOYPBu89zjkuXbrEbDZ72peTyWSeAvkzOJP56inKEmsMly9fZjqdPu3LyWR+b/jKxNXtvNUvoszqohD7WIlp+2F0+y6zJdiejZSndniBGLEKdVkxm+8wne9QTaYMQ0hiYFQWp0uOjo+58+EdPnj/Q9q+S2PoQLtqKaqSvf1LTIuCwnuaqmZYuzw1wlpg7TskNpjCY9jKlU1PDmsdznuIBWrTXzrSaLpBohCGAcZReGtJTlSRcyPr1o3OXhUMmkb/0eQSxSAxCZIxpGtiLHeSmBy2FkjG0BQTMPQDfdfTtx1D14FKynnd2eHK5avsX7rEfD6naaokeGokxpCybY3iLKiYJHTGtTU3icWQXMPGJTer9w7rCgRwLrldrU+RCMaugx50FDF1zIPVzWuQSsIY3axCDIE4BOqyYtrscWlvn+lkiksvUspR1eTYVZMEcxE5E3E3S8lslo6e3bN59zYiq0l5AU+64rfLqi4WV2UymS+Wk5MT7t+/T1EUlFVFWVVP+5IymT8oYgjcu3cPVWU+nz/ty8lkMl8h+TM4k3l6xBi5d/8+V1XzDzgzmS+Ip+Zc/bgyqi9tJMSYTemQGWMEjEkz3KqpEV5IjkeNqVTKliWT6Zyd/X3me3ssFwuMsTjr6NqOBwcHfPDBh3z4wYcMMdD1HV3fY4yhrCrCEJAoVNMJO7MZddNQFAV919LUdcoejSHFBEjBWSu9TWLg6Bi11iE2jc1jbRpxH922IpFhiIgEUE1CKIyO1fG5axrDXwuRqCRn6ygKipDEVYlIjBhJ+yURdxRkUSQKfdvRLpcsF0u61QoJA6X37OzMuXT5MleuXmV3b4/pdEJVlVi3zrqNpGyBdE40CaI6XstaBLUuPS8VJYTkFFYjo/v2zMmrm1gIxbAuq9KNiKoxbgmspOcbhRjSc2zqmr39a+zt7lJXFdaA6BiHIElgNdZhUh3WmFF7lqiqnHesbhYW54f0txIZ8uA+7/Kfb73OO4/ddp1Xf/Q9Xr7yJTzqm7f4Ca/x01dvfPEn/214902+8zp8941XefyVpdeL197g3z1jl/77wuHhYcpc9s/UEEcm8wfD+s/e4eFhFle/Eg54+8c/4M3bW3fdvPj5mPZ579vrz56v4rPo0x/jmf0sz3xu8mdwJvP0M1bw6QAAIABJREFUcM4B8PDhwyyuZjJfEE81c/WT9vkkwXXzvTFnxVVbv08C3oXzXTwn51Mr10GbyQCpqXDJWurJlL39S+ztX+Lubz4EUmFT13Y8fPiQ+/fvc3R4iKCsViuWq1UqqPKedtXRdz1f+8bXeeHat5jMZlw6OWG1OuXS/i478xnO2Y3wt44DSGPtZ8/LmDTynyb5LdalcXUVZQgBkZgyR2PEW4N3LuWwGiU1MulGjDSsW5cUoiCcFwPX+aXGWZw1o7CaogzC0LNaLjk5Pubk+Jh2zJudzSZcu3aV5577Gl977hqTpqYpS4qiwFqDtcn5igoaA5JMtBgEm2RujK5LpJJ4DSZFAAyCSI8aMM6nwqzxw2BdRJZiDkaBNm591XX2ahKGJZ6JuNPJhK8/99yYqVum9/5sMQDpdTTOonGUpS8opNv5UI9bx+vkhbVT+tP+NPxhOFa/PBE1k/ks6Bhxkp0ymczTxXlP33U5c/HL5uBt/voHb3H75mv89HtnAuW7b97iO7dufsIP+jKZL578GZzJPH2cc/QhPO3LyGR+b3iqPyr8ONH08/zleiOUji7Bi5EAKXLzY/7ibs3o1hwH80dxSzH4smA6mzGdzVKZkypDiJycnHD48JDjR8cslwuMs8SYRugNEPqeo8NDjLXs7O2yO5/zwjdfpOt7Vu2CqvLUTcW0afDejTGy43j7WuXbaqWPIgSJmyxRFSVqyj2NYcBZS+VTIZZRAQ1ohCgpj9WsnaxjJEDS/BQj6zKvJKqqcxTGoWYsjLIOa5M4GcLAarnk9OSExeKUqEpZl8x3drh27RrXrn2Ny1cu463BqeK8w9i1aJpyUUUCo3KNMclha7fiIqyxSUweXaJmlH9VQWJMJVjrkfzRVbuOLFjHAIjoKFRvFU9pyqI1mvJc68mUK5cvM5/NKH0xvuS6jqfFMMYTWIeKEETOhNKtKIBN9upFNiGqT7yEf89F1Sfn3Tdv8V+ef40/+/vXR3dNEmSf+/ktfjLaXq+/8iP+clRoP27/jxNwD97+Md9/a23b2foH5WOcpAdv/5jv//2f8lffe5krm33OvLc3L7psPm37p3Du2m7e5OaTH5r5jBhjGIYh/8Muk3kGGIYhC6tfKge8/TdvwSs/4qcXPhxvvPoG3+UWP3nzJX766uUzZ+vrt3jvlR/xly+PO/5i+/Ptohh7wRF7/ZWzz03e5T/f+gUvvPIeb751+8K2T7rkUQweH+9m/kD8vSJ/BmcyzwY56ziT+eJ46nMY24Ln53YtjMeIOf/9mf3zzJ15Vmu1doWOO9h0giQy2nFkHdQY6umM6XyOcQ5Rw3LVIcsFjx49ol0uicNAYQoq76iKCUGEYQgs246+71ARdqYzXvjGN3DesWpXaUzeKGVREhG8Sa33auwozqbCqxgjIfT0fUfXdcRhwIhgNBU4nTlaz0ThGCMSU/GVHUfpnRsFVkwaxddxhJ6z4Xpj7VakgMNXDWU1IGYAs2S5bDldLlmsWtq+p6hqJvMd9q5e4+pz3+Dytavs7M2RoUdCj/UO4xxqzOicNaP6bRBVjPE4C7IWWo1BVNAQ0rWO1+18up64ER4lOVJVkmqqBjVjxMD6Ga1F9o1HOR1rjaHynvlsyu7uDk3TYJ0jjOJsEnwNDrsRyo0x2PE1Or+WPqqdrpeTnrPCnmXpftH8vgqyt9/6W/7sR2/w0yvjKOAPbnH9lR/x0zeujALmz3n35bN/2N1+63VeeO0NfnqDtP0HP4bHCKxJvHyB777xPW6sv7/1ZvpH4o2XuMnr/MO7r3LjBsABv/z729z89ve2hFX47htvpMc9eJu//sGPeXv9OJ+2/VO4eG1pBJIssGYymUzmt+Pgl/zd7ev82V88/sPoxp+/wvUf/IJ3X32Vl7/3IzgXC/AAgHfee56/euMNroxCahJjb7AWVv/uT3/ET7939kPP77/53NYI/zu8+f5r/PSNJ/xp4yisvvDaG/zl+nP9dfIHYiaTyWQymWcW+2We/ElLrLa3b49Gw+ggVJNua2fplpYkgKApP3RtOVzfrBmbmMZrGN2ZG5ekNUm8S81IqSVeUr6ndY5BAsu2TeP8164x3d0D52j7geWqo207JEacAZuslUgYkBCIEghhoGlq5rMp8+mEvfmMK3t77M1nzCYTqqIEVUI/MHQdMYRxdD7Sdx2r1Yo4BOIo1nZDEllXXcuiazldLFmuWoYQCVEYhsgwDHRdR9/3qUQqRnTMdQ0hEOKASERGF6xqREmuWOMdxnvUWNR5ymbCzqXL1LM5Ecu9+w94ePSItu/BFcz2L/GNF6/z4r/8V/zRi9e5fO05qnqKK2psUeHLmqIsMcaOiQepnMq7ArAUvsQVZXLgSkRMKgSTtUAsERCcdxTe4Z3BEEEGkAGjATSiGohxQCRsRGvcmKHLVpFVCDgD89mU/f19ZrMZvnCoUUIYkDhgLVRFQVUUSBgIfcqyTS7WMVrBJGHbuiQA65lmnCIPxlWZFvT4ny9AXd3+c5LWr93cfpuiuK+W27z5g1t859aF24/f5mB7t5vf3giSN166Cdzk/z67g5u8x53tA26+duYQvfHnvHr9Nn/3y3NnBN7lv751m5uvnYmyV17+C169/g7/5e0D4AZ/chPe+cW7aePBL/m72zf5k1Fofftv3zl3LFde5t+/Am/+/N0n2P5pJCH3+it/vjn+xquv5X9HZjKZTOa358H73OYFnvu4H/RdeY4XLn6uXuDmt9du0yv88Z9eh/fupM/td3/Om7zCv9/6KeKNV1/j5jt/y9tb57v50pOPcRz88u+5ff0V/u3ZByLfzR+ImUwmk8lknmGeunP1s2LZyFYfZdtSeBEz+gfPufwU1TNBShWMmo0jMYpiVambmv1Ll7j2tWu4omS5WrFcndJ2Ldam8XlQYgwMYSCIIdpks59Oply7do2maei7HmvAW4uIRb2n73s0CtGM1yVJ8IwxJkE0RoahJ2hEROjDsMkTRSQNzkvyVfbBMwwB1Yg1JsUN+OTBVDUpcmCstjKqyPiQ1oCMzk9rXRrNF4OpPMaVHJ0sOTw64eDwkOWyA+uZz2Y89/U/4psvXuePvvkie5evUDqHJeCKiLHgfXIEiyhRADV46zF47KhGpnIrIf0anaOkwq5NeZUKcV2CtS2i69qLLOO7GUeZ/SxSwYxZs1EiKpHCe65cvszu7i5N0+CdTykFY0SBM3YssUpnjRIx1p5l9up65awdo+eF00226to0vbncz+Iu3UoDHqMcPn6fj/v+WeVzZq5ef57Ln7h5e+sVnnsBbr//ALYHDw/u8B7X+bNzJ0r7rrnx0k342zsccIMrD97n9s2XRrHzAe/dhndev/XRQq6bT7L900jHv/Dt7RfmMi9ch/ee5PBMJpPJZJ4CB3feg9vv8P1bb13Ycp1XP+c5H7x/G1749rnogMvPX4f3P+cJM5lMJpPJZL5knmlxdVvMOn//x+qnG7a3p/HuxxQO6UW3bMoeXYtrIQSMKmVVMdvbYefyPlVT0w49okpVlzTTmnpVoSoU4vHR48uGVeg5Pj6hH3ratuXevXsY4NKlfea7c4qioMAT+h6rEEWwzhI2I/1JMAwxOU5jTK7aIQpxCGN+aMobdXiiFUQiMUrKTjUGguKMRY3BuPVrtJb61jVeZ4ImKM6AN6nIyXgLNrJq03Pp+sB8b5/5/iX2r13la1//BpeuXEXVcP/eAYWzOCNo7PEOTF1QFg6/cVdCjBEMySGMICrEOIBEUMGVNdYXSQwf3cZK2l/G98laN55jK4NWFYkga/fxKNoaHduzxsiJSTPh+eefp5nvM5tOwTtiUKw5c6EKQlAhCoiAIxWIbQrHOHNVb0fAbuIm1gr/uUX6hOKnGY8zW8ev1dpP/D7zhXDjJW7e/lt+efAyz/3iHW6+dP6fhh+fofrup2zPZDKZTOYpcfl5rvP33DmAG4/74ebBHd7jBf7k85ZNPmmOaiaTyWQymczvKV9qLMCTksbTP0Z82h7zP3f/mcC1rVuNwQE4wCo4ffzh6/Z3XWerqmKtxzqPcz4VGRmbip3Kkslsh729S9jC8ej0GEHxRYFqEmFFkruyHXq6vkVDpKkbqqpCVTk+Pubu3bt8+MFveHD/IWFImagxxDEjNTlTQwiEELHWjSHvhmGIxJDEvhjHCIAoxLG8SVSSu3MsXopRkZiE1s1rq2xFI1ictTjncM5TOE/pCwrnsHYtrHqsL4iqPDg84uHxMYt2oKhq5nt77OxeoqwmDEPkwYNH/POvP+CDD+9w/+Ahh4+OOTo+4eh4wWLZMgwDIUSGITD0A0PXE/qevuuSUCyKHYVdOzpoRWRz3es1kt52g3MOv36fTHLliiQBNgYlDgEJARVJsQcaAcVZx3Q25Y/+6Hn2L1/CVyWqEFWTCXYj5Op4k1FwPxu913ExfXQC32x+nV+mZt3N9WQ3zn8124918bHN+X1+J1IBviSSS3XNAXfeu+hmZRx7vM1727uO+55xgz+5eZu/++Xb/MM760gA2LhIP3Zm8tO2fxqPOz65WTOZTCaT+a248sf82WPjchLv/vytrUmNz3jqNCrCg0/f9Ym5/PxW7MDIg/fzB2Imk8lkMplnl2dCXF3zSbmRSooDWE/xX9CXxjb49Rh2+rUuJLIYzOYEW+fUUZDTcbB8LH9idH6qNeAcrihophMuXb1KURWcnp4AiveOGCN93xNioB9STurJyQlt2zJpJpRFQegH+q5juVhy7+5dPvzgA06PT+jaLo3/x0iMazFQRlHP4r1HNOWt9kNgiEqUdJOoxKjEuBZUhRjiKM6u3a4pyzSMY/VJrDQYY7HWj+KqwxlH6Uq8K3HW4bxPwrF1nLYd9w4POTg6phfB1Q31ZI6vGvqoHDw85r0P7/BP//3X/P/v/jd+9ev3+M3dA+7ee8D9g4ccnyxpu0iIStcNnJ4sWCyWdH3P0A+EIaCjRTT1cyn9MND3A33fMQx9crs+Zo2YcytAt8TysdxKIhIDIhFjFOcMZVky292hqkqiRLowMMQwLg2zJbqnMjPrXSr4Ovd46etaOLUXJNX1GrTjejwrtpJPvZnxALM5cL1NH7vfR8/7B8p2ttu7P+fN21sZrRtu8G9fuc47r7/JOgX14O2/+ci+N166ye233uKdc//QvMLL377J7bf+ZitD7oC3f3yLv3774Am2fxrr43++ubZ333z9oxEDmafAEb/4mx/ywx+Ot5/982fc/s/87IeftH1715/xwx/+jE/YI5PJZD4HV3j5L16Bt37Ad948nwP+7pu3+Mk7N/nuq59z7OLGn/Pq9Xf4yfZ5332T79w6+6z9zFf78re5efst/uvZByI/yR+ImUwmk8lknmGe2ViAdQv6Oal1jAO4KMBeFFrPfn8mh8kFW6BZn0/HAXljMWN2qoiAJNdkNBAAV1bsX71M154ix0JZlzRhQl1XOOcAxTvLbNIQ1TKEgHeO5ckp9+/epalrdDduRsbbr13DF8ktGp1L+a4YrLFExusSIYRI1/d0oxDZD0IcBIPiULCKjRCNSfmsMQAWN2a4ppiAmF4NkwQ4a+zodByFStHkWDUGYxyuKBEci5Mldx8ccv/omNOuI1rHaR+4f3TC4WogCgRJYuhqdcqk9pwudtidTyi9oSosR0dH7O/MmU8m1FXFpKqpm4bJdIp1ZiyuErRP4qYvFcGiGKxYVBVXFGOhVBI5U6RAem4qOkaSJtHYGNk8p7PYANm8384m0XoVQnpdgyLG4goPxowCfhLZLanYDFJp2iZjdWtV2q21eE5gZXSSbo75LOiFr2MUxoXTGHPm6P3dIRVavfmYLddf+RF/+ZnDWEduvsB7P7jFd9KZePVH33usA+fKy9/jr/gx3791a30g333j1fP73niJm7wDF8s3brzKX73yY76/df3nrvnTtn8a6+PHa7v+yivc5GKGXear5p9/9h/52XP/Dz/8i2+RhNT/yN/84j/wFy/tPcH2f+ZnP/xP3Pm//gM/fGnvscdvPRI/+0+/AF76Sp9fJpP5A+HKy/zlG3/M2z/+Ad+5tXX/zdf46Rvbn3epsOrN12/xzs3X+OmnBqde4eXvvcZ7t17nOxsB9DGfrZ+JG/y7H73CX68/16+/wqs3eezfHTKZTCaTyWSeBYx+SerM7du3+X//4f/76AMac+62vm/763oEGwBN9lply7U6btuWuZQkdNktiWtdJpREWYvoWOY0zlCrppF6AYwlCXgoGiMaAiYMeGBaljiBh/fv8t5//0fuffg+z127Qt8u+e//7R/59a9+xWJ5irHJGdl1/5O9t4mR7DrPNJ/vnHPvjYj8qayqLLJEkS2Vx0YBo8FAaJcHkBfFTQNuDLSR4RWphYBRi1uD2sjShhvb2ojwlrIXXohcNayNMGgD3pBoWBiIg/HMtAZd7e4uukm3iqz/qqzMiLjnfN8szrkRkVmVVcVi/ZLnKWRlxL03bpz7k3Hzvvl+75fYne5heNbW1jl+/Dhf+cpXeO7ENqO2Y+PIJr/9O7/N0e1jjEcdu7MZMfU5k9RyAytNkRh7rly5wvWrV9m9tUs/mzHd2yX2CSdGEKNx0ARPGwLjUcdkPCJ4ITihDYFu1NGELE6GkEvpnQ/Zjen8ollTExrEe8QHfNNxa9rzTx/+d/6f/+8/8v7/9f/yX85/yCwZR4+fYLy2ieGYzXum856+j6Q0Z33ScuzIOkc21+hCzl9dGzdsrk1YH49ZG4/Z2txkc2OTraNbiFh+rUZ8CGxsbbK2sYFvunxAyjnim6aMfQiOzcd4iA5YdfymFNE0hzTP4qoqMRlRjaQOfEcYb7IzS9ycRmYKLozwXQc4UlmXAGqCeI+aoEXoNHRFOc1TDNsv7Juu9LkqDba4f5F1+JE87Efz4PTV57/7P/+PnDp16r7e5345f/48Xzp58qGu82Fy7u3X+Amv89MHdd3cvkZ+9tr7/N5nujGsPAv84z/+I2vr64cvcO19/uov/oGv//F3WWihH/yCN/7uJH/83TNs3Wv+B7/gjb+G77zxTb7KHeavvNUHv3iD/8AZ3n//wPKVyheAWzs7/M7v/M6THkalUnmM3PMaXKlUHjn1+lup3B9Xrl695zJPrXP1ThzmWF19vJhmq8+z9OWKM3EQdksBdulOL6jZSp6lgPOoKfOUaF1gfXOTzSNHuX7lEjs7t0j9lLW1CZtHNri5cx3tE41v0D4hydib7SEKbQhc/uQi3oxjR7cYdS03r99gNOpYG40IIrmZEuRmVKrMSlk/DA2cBFUjJiWmhCuqswOcQlQhJi1OVT8YbxfNnoYvLY2wFnvHwDdhIaxK02I+sDO7xT9duMB//C8f8N8vXebmrEdCx81ZZI9dVGE665nuzehjxIkx62fM53P2ZnPGXcBpT3DKuGtYG41YG404sr7BxsY6R44cIcY5s9kMHxxbR7d40Tsmaxu0TYs4h5oRUyLFuDxmZgsHawnLPXCOFGFeyEK5DTpoCSV15Ti7LN467wlNgw9tFlbLPhcniOWM1ZhSyeR1iJOF43k4TfLaZeUclMUJuDj/7iMP9X7/zjHsh9XnlYfIufd57+wZvv2kx1F58ly7wEec5F+tqqBbJ3nxo3/gP187w5l7zf/qN3njjQOrvHQBOPDHig9+wV/zHd74n/4D77//iLalUqlUKpVKpVKpVCqPhCcqrq42KRqeHyYULeWqA9NX6qVlEFTvojXtE8Ekl+FDSbW03CBKKO7ZMiOV+d1kzNbRLa5fPsKNq1eI857J2jrb2ye4eeMGOzd30KS0TUPTNDg3wzmPJeXa5cuIJkZdy8bGBjeuX6Mbdxw7djSXtmtuquSc4J0DATXDe0/TtDjvSWa5qZVmt6ST3MgpJcWJkjQ3sfLeYU5yluwQe8CKyFq8lFJ2lvMBcx68B/HMeuXK9Zt8dOETzv/zP3N55xa9OLzz7PYR0gw1iH1iFvM+c2LorM/NtRDmXQCdI9rTBc+4a5l0LTdv3mJydcRodIndWzvsTXc5+aXnadqWlHI8QdO0MIiaQ2Mq7xdxAJS4iEW26orQmXXVLJzLYn45g0QwhGRaYiA8Thp8CFl01ZJaaoYjN7FSZF/DtbzuVeF0hTs2TzvszL3LOXpAPK08Li7x7o9/xNvnz/L9t6pntVJ48eQ+hylb2/ul0XvN38cH/PtffMSZ73x35TXXeP/vLvDNP/omXLu92qNSqVQqlUqlUqlUKk83T79zdUUsu23WorGRLDJWF99XFK7s4MxrcFKCW80wJziXcz2lCLsxRYQs8uEcWC4ITyg+tEzWN3juuZOkvmf3pjJqA60PWFIuX77MdDrj6NYxxuMx8z6xs3OLmHpme3vMp9NFruqNG9eZrK8t8lqz6KmousWgzYwQGkLTIpJzWbNgmhdRywKqJMNJbmbVx4j3Du9k6XIt3e5dWbFZLlYPIsjQvEvAO08Cru3c5MPf/IZ/vnCB//7JJWbJSIQsSvYRExDxOcc2eCxC0ojG3Gjp1nSKJg8W8SQ05QZd3gfaqMgssje9yY3rV5nN9njpX/wLNjePsL6+Ttd1eO8WjtXBtYplMXn1wGYxvLhKEZyzhUE1krdRVYkKSmlUBqQYiRZAHM773AoqJZIm1BRMURzB+yy0J7cQdmXQSlec0VLOqaE73P4/ENjK//c41e/hQL2b4PpFdq+efvUtfvpQ1rTNyz94i5cfyroqlYPk/NX3z3yHN1Zq/q+9/2/5h6//Ed/NkayVSqVSqVQqlUqlUnnGeKrE1U8jEO1bVhb/LX2phzQayvmYg4sxO0YBxDnM4krTolwa7vALl2Q0aLoRW8eOcevWTfp+Sj+f45xj+8QJum7EfD7nf/it3+bo0WP0MfHxhY+5ePFjdnZ2mIzHrE0miMB0d4/U97RtyzzOMJSoWdi73ZG5dDLmeVlUdSguWzQRlOhzA6wUlFRUwJQSqWTY5nJ5B15x+EVWaFJFQkB8ICXlxs0dLnxykUuXr7I3nUJowfscO2ARRAEH4hel9patv5gJMSpTSzhSzoUtpfdra+tsbW0xHo3QPovAppHnTjzH9vZzHNnaom1bNCmpj8S+x1TxIeBEFk7b5f7R7GrVhJb5ZhSRWklqRFOS5fgHLPcpi2bEIlKrKZoUtez8VV22PhuE/SHrdZkFrCvn4X7RU+AOSup+sf9O3I9T9X4c3pVK5SHz0QWuwdJpeu0S+wr77zUf2CesfnOfssq//Yev80ffPdjcqlKpVCqVSqVSqVQqzwpPlbj6oBhZCF0Ua99Bp8oCJQwhnIMDUU1LPIAs3KLLJkUuZ3iWJld97PHBsba1xebNG1y9coWLVz8hzvbYXF/n+PETrE0m/Mt/+bu88MILiAv81/Pn+c//6RzXrl2la1s2NtYxges3Z/Sxp20DbWyzszS57JzULDzuE9MQMAeWs0hNc+MkUTDJ8/s+0fue4MuYEXonC3FYRBDncOYwS4AHPFET3rLAGFPi1u4trl+7xt7eHgKEEDAnuUxfDcUV96zDh1CEWwg+ICiz2YzeIiHApA20bcPW1hYvfOkFXvrylzl+dAsxiHGO88Jv/dZXOHFim83NTUSEWT8nxoiq4pzDe493Lpf5l/xTswTFZSqWFsdOE6ilLCqnlMVmE/ABhyDiMHMlk9ZISVFJKy2pBJGlkD0cA+99ebyMBBhc0kNMwLKZmi1E4E/L/UQC1NiASuUxsXWSF/kHLl2Drw7657ULfPTi1/mjLYB7zac0xfoFfPOPeePMfhH12n/+Bz766CP+4o1f7Jv+129c4JurTbIqlUqlUqlUKpVKpfLU8kTF1Qd13z3Q61Z0r4VYCaCG5YhT3NAMaV82ackt1YTGyJG1CQFj49hRjlw7xuUrl7h27Sq7u7ugRts2rG9uEjVx8uQLxBSZp56oCZ3PmF6aMpvNuL5zg7WNCTdv3mTWz3IjK0toTn/Fe08Igfl8vhAZQ/ALYc1UUTGSy2X+JHBOmfWJEFLZR0IvS7HZe09YOGNLgyuNiLRoTMyZEpOiqUdQJqOWjckYlUBvRgB8cDlTdd6TtBhhnceJ0QZBzDGbT1HrGbUdG+vrPH/ieU599RSnvvIveOmFL3P06BYWE6oRxDhyZIMQAv18nh3EKTtyGxdwwdM0DUARTCNgi3xVJ4o50OJgTZrQmEgx0ceUtwePF3KmrAuIBhAhaXa0ikhu6CVS3LBZvE59RPzyRyQLmrpwt97feejYlyNw2OlZnaiVytPH1hn+1Zlf8Nf//gPOfPOr5HzU93nx63+cnar3ms8H/KIIq9+9g1K6dea7vHFmZcIHv+CNv4bvvPFNvnrb0pVKpVKpVCqVSqVSeRp5apyrd2tkdRgrPe8XTr5UXuBXX2m5fVOWxsCV2u2htFxwJauzZLBmWyMqWRTzZRUJuHFrl3HXsrZ1lBNf/jLXb97g+vWrXL10kZ0bN9GUWNvcRJrAaG2dnb1ddm7d4tLly8znM2Lfs7u3y950l9G44+LFi7Sjlq5riSmiGM4LbdeSLLG3N83bEzxt2xHCjPk8gXiEUhovWQzUZKQU6XtXthFcVpMRgaZpsnBYskpT6nE0eB9BwfoEKZ8Uk6ZhY9QxaQO70zkkaHE0oUFxSN8z04gkw7sGzIizSOOFRoy2azl+5AgvPL/Nl194jhdOPseXnn+ek88/x/raBE0JTT0x9ngHGntUQMzl/NJyLJzzOHI5v8aIaVoedFeOoypmcSGwGrrSssuxiDBwbuh4Vc458jTnwGVxVYqbeSGwawJzpaw/O1cX2aqUJmqL7mD34n4F1APBrvuwIT64fK8O1krlUfLVb/4x3/yrv+CNN8qEM9/Z50C92/xr7/8d7wP84i/Yb049UwXUSqVSqVQqlUqlUvmc8ETE1UX+58rzg/MW0+5TOxpKuAdX6qKjuw0yVUlblf05mYv3UcXl+FDMDfmkViq8Bedz46um7Uiq4BzPAi6nAAAgAElEQVTN2pgXvvISGxsTrl2+xD9/+BGXL11kfWuTbn1CMx4h3jFPkcvXr3Lz5g36+Zz5fIaYcXPnOlevXubkCydxDrIVFEJoQMgxBD6XxbdtS+yUtp1m16jZEDCaG1QJRFV8hLnv83YUodJUEYG+7wlNg1NPFvCyUCnO8AJmHmfQOWGta1jvOja6ljibo5oQ39B4IZnSE0nW482y6Np6unaNtbUxa+MRW5vrPL99jOefO8Hz28d5/sQ2G+sjNM1JvadpWsQFRLIg2vcJUIJviupZHMQp5W0t0QO5AZmCaHHeZjerasSK8OkRkvOIo8Qg5KxZM4eZZKEWwTmP4hdxEcvGZ0O3quz6HXJU89NyDi29z3nROwin+8v3P40z9c6ZqmaDirsUWD/deiuVyqdnizPffYMzDzD/NmfqvfjqN5cibaVSqVQqlUqlUqlUngmeqliAT1savdrgaN80li2HhmxMG5yAi45Dkh2IzmGSy8oHS6ITh3PZxShmC5EOYNb3YErrHa7t2Dx2jI21CVtbW0zW1jhx9Tm+8pWv8NzzJwldm12R3uHbQDsa0Y06VMegRtM07OzsIJJL9ukld61PcdGQKzQhC6sxEkJD0zS0TcM8KRbTQmRTU2IUnOVSfWeCqYAlTB2IERpPiAHphRBWSuvVIaZ4cmOqxglrbVsE1pZZCFhMiDOcJcSMUXC0vqNpWybjMZO1CZubmxw9eoTjx46yfXSTo0c22dpcZ208YtS2oIk4nzE1QyaGxci8n+E8eC8IDiNhKUcPDMdMnBBCyIIxEAdF2RRLisZI0pSzUkvTLnE5X1VE87oW+6k4lkv+qhRHc9ZUl03EXBH4lf3CqXBQSL1d/b99ynAW3gVbCrrLPw0YKyrqyorLMjV3tVKpVCqVSqVSqVQqlUrlifJoxVUr5c2LMmy5o4D6YHmTRUgb1r+qMx22ulIRbjoIrX4he6naomI8O1ilCHg5cxUTxAFe0KgkDBcawmSNZm3CxpFNjhzdIvWRo1tbHNnYyBKZE9rRiGPb2xw7brRNwGH08zkbG+v0qc9ZqE2Di3NsFpnN51k0VqMJgbZrmM8C3s9pmkATAtHNiWU35HxYxQyiKSIeb0Yuhw85+kCgnff0bY8r+aI5BgG8BLzk8npSwqOMGs84eCZNw46DXkpjLI04oB21tKMR6xsbbGxscOToFieff57t7WM899wJjm5uMGob2iY3okp9D6qk2NNjTLRj3s/o+ymdtJgImmI5Z7KzVIvY6bzDh+xIVtWc1YoWgTFlJ2tpaqWSj5OZK2eJUBJSc3SCgNog3sodzks5IGIOp9vKCbbifL6zy3TlhJQ7eVpvZ+lvlaWD1oZ1Hbr2SqVSqVQqlUqlUqlUKpXKE+QRO1dXSvuHzEpb9llfXWS/XLRfOrpz+uSKuLV/Rfvee9nb3ZbPV99z9bHlju+ysqCJsKjGLq91wS9yTk0EJ46ma9joRgTn6EKDOWHv1g5JlfF4xPb2NqNuxGQ8AlN2dm7Qx57LV6+ws7vLeH0NHzw+BdQ0C7qAiMN7l4VdjOCFJgizIW/UtOSQZrFZRVA1+qQlCiELjSKJWd8T5vOSK5sQOpoguCGGVHKDK00R72DUNWyurzGfz2naPovRzuG8px1PWN/YYGtri80jRziydYTt7W2OHt3i+edOsDYZ4QUEJcXIXITYR7wITQgE76BrEVG8dzjn8rmhhqIkI8cvlO2KKUcYmKX94qoqmCJDWT+gaWjaNejjWWBVQE1I4tGcRlsO6dLbLCKHnGuHyZl3kk7lwOJ258Xuwf5YgXs/r1QqlUqlUqlUKpVKpVKpPF4ej7gKS1VTDoirrIpF3DZtVadaOgS1zCqCaWnsI0OpdxFyh4xKGyyrq1maB95n0QBqX9ZryepcjMPAEs7JIufUigiYzOiCz02z5j39bMqtG9fZ3dvFOc9kPGE8GtG1HX2c06ty5fo1/vnjCzz3wpdoRh1d1+GbAKqQStf60lhJBJyHEBwhCN4bIlk+tSEnNOcXYAhJpTg6DSw7dGe+x/sZgpGCxwm0jSvl8AkzR0qRlCLeCWtrY5577jijyZh5r5g4nAuEpmE0GrO+scGRrS3W1tcZj0esra+xOZmwMR7TNQ2guRkVDt9CchEn0I06mhDouoYmeFKK2T3qBMg5saqKphzVIGbElLIAK+DL/s/CasrRB3Z7+b9qFlaNLMUmHIon4bCyn4aDvRqNOnhNl5r67eLo3dzWi7Xa8Np7e03vFJEx5AjndVURtVKpVCqVSqVSqVQqlUrlaeMxZK4+iiLmg02CVjyIDxQxsOS2V+9zMloRX4c0UJe1QFMS0KuhpvTzyO6tXW7euMnOrT2mszn9bMaNmzfRlJjNply+epnLlz9hZ3eXL7/4ZdbW1nn++edounbpyTUjpURKWdBtmkAfspM1BI/zQoosxWInWBGjzUAxooKkhBPo+8isiKshZLdo2zakpIgkkip932fnqnesTSY417C+sZnjBXCI83gfaLuW8WTMZLJO23W0TWDctnSNp/GeIAJ4ghfEe9oQ0BQxU7zLcQRN8GCB+ZB1uuIQXhidERTDSx6vK83GTEGjkTRlAVptmY/qsvBqNojgUmRej4krntdy/IbzhtWzdJnU+2nO3dVzz2x5WFbPnwflMJfqZz3fK5UvKmY597pSqTx5mqbZ9wfFSqXy+aZegyuVp4O2bev1t1J5SDzRhlYPi+HD4I6fCSJL6ewzfWgMyp+UDFbLJfLOgZai81zVToyRmBJRjajG3qzn8sVLXLt6ld29W6TYszfdZTrdxQSuXbvOtWvXOXr0KE3X4ZwjpoSqksp3cQ7vPT4EXAiEEBDnQSK4vIXilk2YMMNZThZNyRFFcX3EieUM1OQJoaHvEzFGwIgJ+r4npYjzwmg8oh2N2cTjfLdoFuW8J4RA07aE0ODE4b1kIRUjxTnRPIIQJORMWe8x9fTzOSn2zHUK2uTtiwlDEXGlqVjJgxWHSnbmKnl7rDR5svJ4IUSLDMkOi5zcrNfKIr7UVrJ/F2bU1azVlW/Dgwc9Y2rJfqXydJMzpx0pRnz4XFwKK5VnkhQjzrl6Y1epfIGo1+BK5cmTUjq0J06lUvn0fK6vZoOI9pDWxhAxYKZQxL9czm6IpdwMC0Oalm5s9DEymk5pdndR54gGPrSMx2M2jqyzvjbh+IltTp06xbFjx2nbtgiruSQ+lZxR59xie5xzuOCR4HHeId5jCpDHNPQQS5TM1QSQGDJKpYiTqoG2jVkIjj0ikBJoyo2hnHMEL8WdGwi+KWKuIN4RfItvPCJgmkjRmM9cbkqlSnCCE2E8GjEajWibAKbM9naZTqeo5l+mXBGoQ+PxXnCQG27hcBix5MqqKtEMUkIsAQnTHAcgzuEkNyUzg2TD1jpMfIlLyFuvi1PCcUeeIj30TgLtalxAFW8rlc/G0aNHuXjxIkC9uatUngApRvq+58SJE096KJVK5TFTr8GVypMjpWywOrG9/aSHUql8bvicXske7V9fskRp+5JjlVziEoBmNMa1Ha5pcT4Lkrf2puxOZ+zcuEE0ODJZ59Rv/RZf//rXGY07JpMxbdsQnEcMkvR472nbFikNnUxAvMM3ARc8zmeB1cgl8MkUS6XfvCnOciZpipC8oMmT1BOTp0mJEAKjUct83iDi0GLt9N7TNg2qiT4lxBTEQHL2q5hhGkl9ynmmMZFSZOfGDVQTITRYyUjd3NhgY32dtckYTYkbN66zt7dLP5/jgmc0atnc3GRtbY22HSGhNBUrsQWenJ2qJPoYSWlWhNsiFIsUUTvHAaSUm2DlTFWXM3hd/souVYfZwfNjv0v1SUuWq8JpzVytVB4dGxsbiAhXrlxhNp0WF3+lUnkcNE2Dc47nnnuO9fX1Jz2cSqXymKnX4ErlybC4/p44wdra2pMeTqXyueFzKq7eiYeU/SqAc2CWxUyz3IAqd08iYXiyc9O3HZvHjjMaTWi7Ee14xH/74ANu3bxBaEZsbGzy4osvYaa5NCb1iygAgFCcnSLCfD5fPHYul+YPDlZMsZiIVgRftaVLtTTbSolFgyw0u1dn0zl7ezPG3QgnOWZAyNmuySClGX0/J1lCo2LO5wxTVXRwk/aJ2PdMZ1NuXL+JxjniAjHOEYSN9XW2jhxhc3MTJ8Lu7g57e3v0fU/TNIzXRhw7dozNzU3abkQ3XmO8sUEzHtN1HU3b4kN2yKr2xNSi/RxNCdNICQzAgGQ5dzUL3UIOa3AYvizjWEqoq4+fDapbtVJ5+Kyvr7O+vl7zpiqVx0z9matUKvUaXKk8furPW6XyaPjciKtDXsjyg2IQog5maX42zKRkjwqmRlJDhkZaIiTLfw3SpNndmZQkwmTzCNvPn+TW3l7JEHXMo2GSHajeCcb+KICUNEcQYDjvlu8LiHOENtBYzitV1VzSr6Ug3sCJoFYyYhX6pHkflRzSqZvTNFN2u7aU5reA4X0gBNC0y87OLaazGTEqmMPM6FMWVPu+Z95H4rwnph7THJzQtSNi6rOLNEXQBCninWNnZ4fdvT2SRZqmYTYfMdubcuXyFXzT4NuObm2dtY0NNo5sMllfZ21jnWbUECQLxEMma85Zzcd5cKPmWAAp0QC5mZUtBNYsuCIuB7AeclEp3t/b2lw9GA9H1D/oZq0XxUrl4VJ/niqVx0v9matUKgP186BSeXzUn7dK5dHwuRFXD0WKSPaQPkNUNYtzRX7LGp0gEnDZXkmv0HifRbAYSTh827K2ucXWsRNMd6fE6R4xKvN5ZDRqs1CblNmsL4KqElOk7+fEGEvOa37/QVgLIWSna0xElzDNuauURk5Dgy3UhshYnBouZZftrI+0sznT6Yyu7RAXSoZszpWdzafcuHGNmzdvsTed4SS7PZNqyWpdfonBZLJG27asr00wU/q+J4RA8B4ngveerutImkiWH4sI09mU3ekeJg58oJ3cZH1vj2nsOaIJc8JEJhAcahFLEUwXja3ycVh4dVE1kgpJXHauFheryRDkkPfN4ReWZeCD3MeJc7CEf5iWn+d51W9aqVQqlUqlUqlUKpVKpfL545kSV5ci1v0tv6+hldlnFlhXBbLsnPSIWHGDOlQNVc1l+SJ455GmI4ijsQ4Tz9rGDs3oCtNbt9i5tcuVq9f40peeJ7SBPvU5I3Qh/AUYHKmmSMk9TSgqlvNXQ8iOz6SkEgEgIojPJf6klAVhM5wKqpAki5KuV3anc0bTOV2by/lDCMQU2dnZ4cqVK1y8+AkXL16m7yPee8ajMSHknJY2BNYmI4L3tE3L2mSDI5ubbG5s4LwnpYiZ0YQmZ6o2DX1pXtGnvD7nA+KEGBOzfs40JpJztKMRPnh88ITW0zQB5wQ05cZbZkVgZSkom+WmViUOQHGYyLKVl5WGX/dz7tx2xO+y7B1OyEdVwl+jASqVSqVSqVQqlUqlUqlUnh6eKXH1MPbHATwaBjlLSll+Lk0HKJ3oB3HPwIkjkQVXnMeFnPDpm4hrAuIdSY3ZPHJrb4qa4UIgNAHVJmeJasREcE5wQ86qE7x3eC+5kZU6XHLFbTqMw8A5RDwmgviAqKIpEpPiBEQ8jc/uTFWYznq62YzQtHifs1e993SjjvX1dfb2psxmOfN1fW2NUclDHY9GjEZj2qaha1sm4zU2N3JzqrDS9dN7z2g0ynEJqsSSK6tmhKbB+4CaMZ3P2esjPYaEQNu1jCcTuq7DOcFUSyzA8pgILFyrapqF1OLcXQqsrrQfKy7W4mA9vLR+JU7iKaMKq5VKpVKpVCqVSqVSqVQqTw/PlLi6KoQND59UZkjWuGTfYytuVkRyU6XimERywyWTYRlHwpGAqImYLAueTYtpJPaJPimqCTNFJPfQCsETgstfyWHqwSVMQEtrJ8r6TXLTLXEBk0hUI6kC4H0gK74ecPQxMY8p58e6wKhr8aGhaVomk3WOHTvGrVu7pJSYjCesra0xmYwZjcZ0bUvw2fHaNC3j0YS2a/E+C7TOObwLtG2epmYYlnuAmSI+4EODSM6EjQLqHOIdzjlwAs5QS6WJVcp7fchbXVTwy2LbE0YahFU8JsOXK8civ2hx5thKMuojOZ2yEH8/wujBZVaf3+n1VWytVCqVSqVSqVQqlUqlUnlyPDPi6tMirC6dq7CqxGXJMDtIcxxB7lxPiQzIizvEeVwISPCYE9Ryl3uEXAafPDEOTZoGyVRL/ADZyTp8eaFYUYswWJo1lec5btWKsArOwMoYxGdxVRGSQlIj5U5ZtE1HNxrTtPn7ZDLhxo0bzGYzRl3H+to6a2trdF1HEwLeOZwL4BxN02AYMUXUFOcc6gwjO1jFu9zAK/i895zPbl5xtC003iGhQcp2JU30cU6f4rK5V9ntNjR2suEYSHEPD1EArojdfiGq2h3U00GffdQy5Z3O10Ec/TTC6d1eU6lUKpVKpVKpVCqVSqVSeXw8E+Lq7aKUsDrpcYiswztYkecMKZbVlXROEYTcEEpTKn2k8j8TA/GEpqUdjWhGI3zbgXNFPiU3xHJDsyUr25izRVVTeb8sJg6CoCuRCM65Eg2Qx6RmmBp9n+hjziZ1rmSchgbnsxiKFFFSpWTGFiG0CKVt29J1HaNRh2oqjlS3EHiHfFjvcwQCYsQ+Mp3OiCnlbFfxhGFd4zHdaETbjhDv8r4qojEiSHH5MkQ9iMOGXY0tnaolhsEY5lGiGQbHcHHvFnF16V4tK7Db5VRZWdfDdLDmtxxczgfe85DplUqlUqlUKpVKpVKpVCqVp59nQlx9mhh8q84McLnEvUidVoTVLO6lZSbo8FrvaEYdk7U1xpN1mlGHeJ/FQ3KTqVLZXxpbCWIGlrDhC0Vcdm+6krXqhi8RIpIdqGZYSvSxZK3aIDhKDoB1DudzOX7wOZs155RmF6tTPSD4ZWHXUNRyeb6liEneLu89EgLiHDEl5nHO7u4e/bxHnKdpW0ajMeuSnamhlUVjLPE5IzaX9bMQNo3cwEvIQq5q2S6KsFoeg6Gmi9zbsoGLGIDBzbsUVYeM3kFB1XJsl8frcUmdVVStVCqVSqVSqVQqlUqlUnl2eWbF1dVmRIc3JnoUb5z/EySLf5RO9UUVHZI81UrOpngo8qv3gcl4wuaRLaa3dhmPG3wIGCUaoAhtQ/MqKw7WLDDmx14oTa0cKbFodpVdnlkeTCkBQoyRVJpsmRq9JXwvtLGhbQUXGhoPTZPFUYAYEzHGLBIXgXVwxnrv8S5HHKQUiTGLuqoKovjg8D43rRLn0KT0KSKqiPdlLEUc9UVU9T5HKRRh15zsi14w29+wbJ+waoYZKEoyKTmuhhanqDgHrois5XgNzchWhe/HFS5xtzzVOzlYZWhQdoBh+mHzK5VKpVKpVCqVSqVSqVQqj4dnVFx9coLSPicqLATVO5V7l6r7hWgavGc8GbN5ZJPp3i1aR85eLWJiGnywpUxeZSksyspjJ4L3gneCF4eXQZA0oiaSJjBI0YpTE1JKuYEURtcWAVQE70MWgdWYzXqMXdSUrutyk6nYk0wXAisiqCp93xeJUjFLOUe1HS1EzRACTdcWgdjRdh1d19GNRzRdS2gCLnicBMTn9YqWZlcl/kA1C6jJli7aYaxD/qpZEVQ1i835uOR4AYYmVgeyVgeBlTsmsD5ZDoqsB/9ocFisQKVSqVQqlUqlUqlUKpVK5fHzTIirB52pZsumVvfxah6mGJubJuXHrgh3bihOL42pANxKLqyJoCjBCW3XMpmMWV+fQIxFNB3GWLyVNoh+q028ZJGvuirYru4G1exaTVEByaIoguLo1bAYEaCPqWSrlrzTEMAL0RIWe5jn6cH7xfv4psWnROM9PmRh1IdACAHvQxZeyzgleELX0qniuw7nhqzZMb4bIU1DkhwPq6a5ah+33H+yPGLJFE2JpLoYi5mhxVU7ZK6qJpKBUhp6Dc29ShSCAonc6ErErezfg+ENj57DHKxVKK1UKpVKpVKpVCqVSqVSebZ4rOLqqvtwaLw0cLuutCqKugPzVvMy5cD0AV2ZJAfmfRb8ooXVYjPKCHNiQCmld0ODpaGkPzeqct7RdA1d1+AaIaY+N69CQSNiWtYnuDJqx1D6T2kmVdyYljDTLA+KlCZTjjkJ0xxG4JxDxaFFYJyrstf3tLM5zWiGCx1zzcKsE0hRURTDaNsW7xyuCThgVBpZheBpvSe4XNbvvEe8gCi9RgzFdw2tCI2B+AYJDb5psSYwN7JgisN7aNQh3sBRvLAl3dWWAioMDawM09yga2jApWokLUehHGZxDhOftx1HKt8NKVrqIK8uox1WzxczWcQxPAkOlvyvCrA1EqBSqVQqlUqlUqlUKpVK5engsYqrq9mZecJyeubuYtHtzj45ZPpBHkIL+NzCftnJflhjKWGXYZ7ZIOsW0TOXqWf9Thfl7G7IFrU8zVSLaLgUhV2JHBABsUFMy6/1pYGVCDgBcZKbSnmPc0oqwm52cxrmHHiPOuiTsjebE3b3SBqJKdA2juA93jvULIu5zkEIIELTNig5c7UJgSZ4vAhBhOADPviSaJrAOwINeI/hs7jqG5wPSGhKzqrHnCybWJX9moMRcjSAllzVsltRBEuGprK/TEmqJM0Zt0ksi/ROEOdBHIZDi2PVRDBxiA3Hw8gBrUuh/3E0s7pX6X+lUqlUKpVKpVKpVCqVSuXZ4KmIBchOvDvN+fSi06NtbiX7HokZK62XYOUZpYxfsSKYDiXsuau9Cx6LqZS4FwHUDNNBsM3rGMRZwXLUgIGzIqgWQ64MzaZCIDSBlLKQmzSimlCzXArvAyJKUmM6nWEos5ln3jeMu4ZR19F4j3pFLI/fSXaqhhBANAurbZPjAURwSG6wFRoIAecDuEDI6bEg+TniwQ3ibx7vIsfVlTL+wbdaxGbVpeg8uIBVjZRyLICqlSZZg3jqEPH5/VzI4mrJDcinRPEDC4uIgWUkwKqs+nSInavu1Ds9ru7VSqVSqVQqlUqlUqlUKpUny2MSV+UQ8XSVgyLRgwtcj05gzQ5VsIVj9SALjfC2ibnUPJebCz6E3Hiq5INqEWZtuTg2uCsBV5yqroxAzIq4m4VWL9nNGnwg+iw8RgHV7O4c0hHMIKaEpki0RN87TLSU10PrPSkExFisz7vcnMs5R9MEurahDQFXskuzWBqQpgVfxE1hIaguGkuJB+eWoipDXMKQVVv2qymmCUtpIaoCef+RYwOSQVIjKqhlgRkXwLeIb/J7rZb770+h2HdMwZb5DsO0p8RNeq+GVpVKpVKpVCqVSqVSqVQqlSfHU+FchU/bpOoJUMQ/jKXAutJ3fnBAGm6xHVqaX2Vhs3SsF0GcI4QWVHNeqfNFHMwuTjQLq1pK5JEsdDZNkx2dMeGKzLr8tyKyekdKiivORtUiIGp2fKIJMSOZYupxwWf3pxq99/QhgRreOdo2ELzksTpH8EMsQFNyYLOoK86Db1CXIwpwDicBgs9u0iKsmizzc62kqy4V6SydOlNEE5bisgGVDBECudQ/mdIrxAQqgpOAdx3mOsw1uZmVDdm0pQmZLd95eVyM1ZnLJNaHHxBw0Gl6N+fpweiAu62zUql8dh5t1UOlUjlI/ZmrVCoD9fOgUqlUKs86j1hcXW3Icy8XXhHAOCwi4FO+8yPKsywe1OFd9s84xG2bN6tIoJLzQH3TIKa4EHIGqXdgHsyjRDTlhk5JdZGB2niPhUDykeA83nm802U2axmBc24hfC7GoLkRlKaExYSgmOQ8Vd8rRkSV7HptjCBC1wb6PtIGh2kDliXdrJ3mjNfhvRCf40vLe4kUN6hlnTM3vBpEy+H4pH17FbQ4chWxtBA9rZwbarlxVUxGr9CrkEzydriAuAYkYAR00Q5seIdhcMO3QRxfNsxa7q7H18jqXiLq/YqslUrlwdjZ2eHKlSuoKn3fP+nhVCpfGEIIeO85duwY6+vrT3o4lUrlCVCvwZUvMk3b4kQ4fvw4a2tr91z+/H/5r9y6dWvx/Pj2cb70wgsAzKZTPjj/AX3sF/e7p37rFGvl+vrJxx/zycefLF47Go/47d/5nYe4NZVK5ZGKqwddevtnsnAsHvxr5Urk6F2QA9/vvMzDd8Tuz+cU8vqXWassm1sNYxjiBMQBrpTXt6iA966Iji6LrHhUhWRGVCWlRIwRb4al7FrFIDhP6z3RK713uXS/CJ+enJWa3325n9SGL0ANk0QywCtJHSklrAEvSkxGjErse+ZeaNsG7wXVREqJ5BREs1hchHMZHKjlmw3l/UXIzA5WcsbqosA/RxyYDCbS/BosByVk16mSkjGLib5PzOeRpIbiMeeR0GDSkQgYHlt8z65Xh6C4EsmwFMjdIg5gv8j6JDJXD/sjwEFRteasVioPj5s3b3Lx4kWapqHtOtque9JDqlS+UKQY+eSTTzAzNjY2nvRwKpXKY6RegysVSCnxycWLnDC75x8azYwXX3qJzSObfPLxJ6im5TzAe89XT52iaQL/6dx/uu21R48d40svfIlbO7e48JvfPIrNqVS+0Dy2WICDLtWF7HebpiQHvg5OP7jsHVdy4L3JpeW4uy53dwYnZv5ajubOTZCW75Xnq6xstTicb3JjKpe73qsqfiUawMhl+32M9LMZFiPaJ1IfS+MrwztP0xghJrxPOJdw4ihxpnm5IWxUyM2mkNxAywyNkDShLhEbGNPgHbncPirzeWQ6m+PE6JqAYHifs0xjAh9ScZ4EvAcfsns1a6iCmqKxCKhDMyvvFmLskHMq5NgBo2S/mpbzJc9PSZnFxHQWmc4j83kP4mnagG9GEFrUeVQCJkPeasl2FZczFnCYZNHbIStipiwjH4ZJlsXwp1nDfDZF1nP87LU3ee+26ad49U9/wMvbd3nppXf58x/9kt+/13IPNKy3+d7PX+TPfvAyn27V5/jZaz/npcPG9CjH/Ai59O6P+eE73OGY5OPH62/x7RVInvoAACAASURBVNOP6H1/+Y0HOA4PztWrV2maBh+emoScSuULxfCzd/Xq1SquPlIu8e6Pf8SH3zrs8/vRfr4/Ms69zffevP23CgBOvfIQricPd7/k6+v522ecfZ2fvvop3uCBf295uqjX4EqFcm8NV65cOVRc/T/P/+8AuL3jHJfjxURlfHz9PL+Z/995oRQYxedxTnDeo6ac+83/gYUZADLd4PmNU6W6FXZm1xbr/d1T/+uj3chK5QvC03E1O7TZ0IF5B/VZW/l+NwYn5eA2/QxW1kXvpfLmq6Xktw97EO6WJelD1qeIw3zOTVWFZKWQvbhgVa24VhOz2Yw4m9FP56Q+4qW4XH2D9x4fAj5kgdW7gEgPuEU5PVAaSJVGUiLM54bGRFSjn/UkAyeB4I0+KlNJOOlxYpASbdtmn6l4ohq+V0JoaELC+YgPPSEEzEn5RSnnAagVZ7KLiHmwkAVW5xA3WJSzCGxJy9fqcROiGfOY2Jv1TGc9fUr4EAi+xbUj8C2GQ3GoeJzzWc1eca4KUnyyrByToZmVHiKRHzyiD8rDzVndt+ZHFH/x6LiDkHrubb73ox/D3UTI7Zf5k7defhwDfHg8i2NecJ63/+pdvvaM37jdjZxHrdUpU6k8YXwIzGezmrn4RDnNt99660kP4sF4KCLqYTyC/XKbkJqF7++9/SkF1meceg2uVJZ475nHeOj8yzd+w7HjRzFSMSLlnirmInRZPKVXdC/f86tmw5KF2XL+fFQaWJd5plgz5crlq49hCyuVLwZPXly1Uha/Ur6/LDFfWWYhVA7TZCG+3d24+pAzV4swJ4NSeii2KEPf/3qHEHASMRyUsnnVnL9qCUgKZsUkm79rMubzyHw6Qyy7UKVJ4Bua0DKZeMCjaY9p36OqmBrO5YZSauQPU8uNtQYXK6oQGhIwixExxaLDmgja0HhHCMZ0njDxiI+oCF6FlIyYdJHvGoLDtwEzxZvivS/uWfDicZa3V0mYClnndeCyczclw5LlY+qyI1YTpPls4VrtFcS3uGaUG2iJXwiryJC5muMHZPX4mCEm2OA+dstYgkfHs+YsfUKcfpU/e+XH/HAh5p3jZ6+9z0uvfMjb75zPN07fhb8sLtCTf/saP2H/Tcild3/MDz/61mLafnfIfkH33Nuv8asXX+HDd97hPKd49X97ad9wzr39Gj9ZGGHO8v23XuWBbnduc64ecO6evcM23GXMf/PiK7z0zjuL159dcdLc7bX3M/82zp7l7Hvv8Jfvfo0/OWTB252m+x0+wzH5Pm8u9ufZ19/iX19YGcttN5kf8e9+/BrvnV8uv88tdMCldHAf/CXfWOyj2157ABGh7/t6Y1epPAX0fV+F1SfKQYfmo7te5WvjOyxe/cqf7r/O3OVz/kG4vRoji5lvv5S3KY/3dX7/l2/y9vmD27N/vxz8/eFf/S/n+bvR6r7J6/77b/zpodfO29nm5R+8zoevvcnPziy3df/vIiyPwcr++eFrHy1/R3nI++1RU6/Blcp+7pY5nKLRtIEEfPzxx1y9eoW9vT0IOb8cwNQT+55/+qf/Bhjz+QzvPVLmJxGuX7tG38+JfQTKOmO9X61UHhZPWFxdLeu/nx/sB4sFkIcosJrIQrQ77D5A5JCS8lIJL5JL01nNZlUr5f5a/qKUm09lQVSJmpj1PXt7e2jU3HLJB6Rps1AqHjMIXcdYIaonqaDTGfMYSWUdmrTEAghIgwQw7zAgqjFHS0OpnHnqvCMhmJ/RJaU36BI0rdA0jgYj+JLTimJOEIllr2dx2cxIZb80vjTAcg6zRIw9apGUjBQT2V0bMBUisDdP3Ly1x96sJxo439KNJzTtGNd04APgSxZBAAnosGdlNf02n2NSGqYtQgfucmrs0/cf4nXns95APpuRAHdn+2vf4NQ7H3EZilD3Hm9/9Do/fWuhnC2WPX3mLLz5PudePV1Ez0v8+pfnOfutFWH1l9/gz976QV7Xubf53o/e5uSKSPreOx/x/bfeys8vvcvf/+NJtstrf/LhK/zZWy8vnv/wx+8+BFfMJd798Zt8+Mqf8tOXtxluwP783XwDdj9jPv/OL/n9P32Ln26Xcb35Nr/31qucPvc2P3znJb7/1g+WN1grr72fdd/OGb79Onzvzb/i3a99hliD997kV6+/xU9fHcb8Gu+dLcf10rv8+Y9+zrt/sLL+8+/lffSD7TL/NX423CCee5vvvcm+4/bnP/ox767c1K/uo0qlUqk8CI/wesU5fvajd3jp9bf4k4WI+yN+dvL+P+c/Ldsv/4Dvf/QaP/nbc7z86mkuvftXvM0r/NmKWHz+nTd56fW3+OkwhrtU0+z7/eHc2/zd6u8jl37N358/yx/+4NMO9jS/dxb+5sIlOL2dhdWV30XyfhnE11f56evsjwV4BPutUqk8PaSYY/Pc5g57cZc9gDG4tmfRwyREbOsq1+1afr4FNMv5brJH7z/mOkADblSaZ1dxtVJ5aHyWENKHjGTHormV7/s7vj81yEKmu6skbOiybJtslhQbHJWl4ZQIoiyyXM2UbDM1RC1HCWiJDkjGLEZu7U25duMml69e49Kly1y8eJmrV65w69YuqkrTNIy6EePxmLZt8T4gpaFTVCOqoTmENYuT4jERksE8KtN5Ynev58bunGs7U67e2OXKtZtcubrD1eu3uHZzl53dGXuznr7X3HgLUAQzyZEGakUwtdKEqmc2mzOb5b+WpZQbU/V9JPaK5cwBVGHWR3anU27c3OH6jRvs3Joy6xPOtzSjCeO1Tbq1DUI7xvkGXEBcQBYicz42UMrmzUCzYDwcA7c8SCigKENC7cphrjwutk/yEh9y4dJy0tkzh0h/p89wlvf41bnyvNzM/F65Uft378Cr310RQ0+/yvfPvsffvLtv5Uthcftl/uSQUrztl3/ATx9GueG5v+Xt82f5w8VdzjYv/+Ct4my53zF/a3GTtP21b3DqwP5i5bU/Xdzk3ue678TpV/n+2RwPcI8lD+fUK/zr06tjPsWrf7CYwO+fOs+Hl/cv/28WG/kyf3gW3nv/HHCJd3/+Hmdff3Xfcfs3r8Dbf3tu5fXf4Gv1RrJSqVQenMd5vSpl99lheZ+f8wc5/w4/fO01vnfg689XxnP6D17h1Htv8rN33+UvD44f4OzrS5fn6T/g1VPn+ftfH3LlW/394cDvI5d+/UvOr87/FBx/8RTnP8oXxNOvvrX/d4/TZzh76CsfcL9VKpVnhtQr1y7tcH3vIjf6jxdf129d4dqVnfx17QY35p/sn3/9+mL+9Z2r++dNP+HapR1S/6grOSuVLw5PPhZgwFixCh5sZPWUYCsO22GsNvy3HKfZ/ufZRDl0pNf96QZD0ynLYqqkLASiWnpo5XmaIKkSozHte6bTGbM+0SdDDcQ52m5MN14jtB3JHC40+NDiEyQVJCkmilrKeqPLyqL4bOVc5LCkRDRjNo/M+kjXzNmbzWm7hsl0zmQyZr1XNhKAxySL4CaGs7yFSXNWq6oSUySp4kNgjGAiODP6PpI0FSdndu7GpMz6yN4ssjuLzKIRCfh2QjtepxtNCN0Y8U123xZRFsnxB4Zb2EwVy/uviNQ5biC7WvMRysdj0cxqRVl9is66ym1kh8dP3j/Ht0+fLjcz3ypujQt8yHne+9FrvH3gVadeufeat1/+FmffeZMfvvYO91U+f59cuvAhnPoGx+888zONOd8I/oifvJbLAfeXX362dZ9+9XXOvvZmiQe4j7Hck5c4ebf9+dLJfTe8x188Bb+8wCXgw/Pw3puv3d4Q7fA7zkqlUql8Sh7p9YrT/OtXTuUqBjgQN3D5wT7n7ydzdftl/s0rv+SH77zDqVf+9Lbr+qkXV7d2m5MvsRA677U9q47Tyx+dP/wPww/AwQZYd94ND7jfKpXKM8N6OEHTj+Dw5IAHwgPrYfJwV1qpfIF5esTVp56hjdXQqupBPI63+1yH8nugiKoGSZGUxVZTQ6MSYyTGRJ8S85iYxZgbPM0js3mPKvhml260RzMa430LzhOTAQ5xPrs7s3UWpbyXWJ5W3jel7ER1SXEos15ogmc672laz3g6Z23WM+sT817pozGZR7pRQ9s4kgktDm+CS1msjTGLq0HB+Yji8N7oUyKpLmIbkirzvmd3OmdvHpn1hrlAO5kwWtukG63jQksywaJikt24qx3PhpxakeIaNoormGX/KrHloZDDjsu9YwMqD5FLF/iQl/i9+xQyl9EAx7mwEgmQ+SyiaHHRDJlsP3qNtz9L7up981nGnF1FL1My2t58jfeG9X3mdZ/m26+fLfEA33qQFTxUnvYMuUqlUvn889n+8Lj98g/4ab5g8b033+R77w25q3n+o/6cz6LpwytxOH3mLOd//msuvXySX713lt979cHWc/mj8wuRdymqni2RPyX79S7U62Ol8vnluclvc/LklxC3rMxcjZlbfX6w2fHdmkWaGhcu/OZRDr1S+UJRxdUHwIocaOXRYdEAWaDb74pclQJlZTkHOFZjAXQhtqakzGY909k8i6l9/prOe3an2cU67xO4KS7s4UODDx0+dHTdCJzPTlIE5z3ODNPsKjVYZLtK0hJHQKmVt1xKHxPTecR76PZ6bk3n7O7N2bk15ebNXSbjjtG4ZTIZsbY+oRuNaELAeZ9dt6qICD5BtBlNowTvUSClhJqiSUmamPeRaR+JBviWdrTO+sYW3doG4juiCfNZj5nifIOIWxqKdZGkWi4sum9PC1nM3tfnatWAvG/JyuPk0q9/yfnDnDJ34vQZzvImv3r3RT48f5Y/HG4otk/yEqXU/DPdOw2CZb6h+dW5Vzn9GW5atrMNhjsO66GNuZQSvloaavz6Ei+//BDWffpVvn/2NX7yVz/nFPDSPV/wGfjwApc4vRjq5Y/Ow0vfYpvjvHQK/r64gyqVSqXyaHhc16shwiZnuP6aSy9/7dF9zl8qcQCvv8Lfv7m/cRQcFFwvkc27x4H7cK+ePsPZ8z/n1+++xHtnz/DtBxrgOX71Hrz0es64/fUvz38KsbReHz//fMAv3vhr+M4bfPOrDzK/8sxj/z977xIrx3Xmef6+c05E5PM+yEuKctMNceAaTZfd01qw0WOPQW4KqFpoU41aSV7UQiVuDXnjsjbauKyNBW/l1sILU6vBeKNFG/AMRsTAxkwRGDXgKoAod1GWZIuy+LivfETEeczinMjMe3kpkRQlUtL52al7MyIy4kREMuPGP//f/4PhaEhZlvH+PQmmXR+O1efep4xVpW6bt/pcKUXTNLn/cibzAHmEMleP4qNErrsVwB6sUNZVl4cDMumdt7yazCqha2GVpkn8VkmJoAhIJxC6Ze5qcAHvPG1rmdctTdPExlZ1fNRNfDRNy7yumUymbG/vcOPmLW7evMXu7j6T6ZTZvKa1Dh8CogSlNErr9CGc4gBCSPunCKLwaBwK64VZ65nUlr1pw+7ejJvbu3x4/SbvX/uAP/zhfd77w/u8f+1P/PHah7x/7UP++MF1PvjTDT68uc3NnT229ybs7E3Y3tnn1vYet3b22dmdsL29x/UbO3x4Y5sPb+6wuz+l9R5lSvrDMcPxOlV/gDYFHoX1ARdiFEJnSF0c7RV36mp+qkhI4vXSf7x6Pg+eRoG7OLeZB8iVi7GT7+EMtI8kluJdev11rp45vSLKxpLDS69cZJk0doWfX7jAz+8ieuz6my/z/MsrGaNXLnOJLs/1E/DkX/LsmYOZdFcuXuD5i1c+8Zi5cpHnL6y89vo/8eurZ/jW17c++bq74T/7AueuXuXqyrR4A/4buli662/+4vaSxHvl6uv8125cVy7y40tdRusW5//6HFdff43lIbzOmy8fzNXLZDKZzCfk07xe3bZsFBLPfPPrbH1qn/PXefO11+GZ5zj/5Hn+7rbxA5d+sdzmbZmzH8eT/MdzV7n4+qX7jASIDcQurea+Au8uQmrT/Du+Pl8fM5kvOoFAVVVUVUVRlGitKYqCsiwxxqC1pixLqqpaPK+qKvVeWS5bFMXiebe+kNXVTOaB8Qg6Vw+LW3Jo+uFlOWL6Uet8UB8citR9iZgzmrI7D60+pJ71t406EEvxibGtIqBEEARJuat4T7AuPnzAe4e1SVhtoqg6nccc1KaxtDaW1wdRuOCSiOrQ2mFdQBcGURqtNZIE1W5QUdxVoDyENF4RQCOSvt1KjlqPwwKNA2qLbS3z6QythaIw7OzvL5toGU1RGIrCoI3GGENhCkxh0MZgjEFEYa2ldZaQXLX9QY9Rb0B/MGY43kBVA4JoGutpfYsLgmiNShmrwrJ5VTzNSXVNuyiLn2El0veQ23g1Ijcc+JF54FxNpfarnFt2ur8Hnjx7Di5dSjdlSxadgS8sb0Xu1gGydf45nv3NiylzFbryxzu/9Kj9WS3JX6yZ899/gXcvvMjzi1U/wz98/8lPPOaFs/TQa5d9oT7Bupcb4TsvnOPSKyu3d9120/6feeYFnj3zCu/ey2oPc+4ZvvqLCzx/9fb94Mln+YdnXuYHK8c7lpJmp04mk8ncDUflct5+PfgUr1eLqJmVcZx7gZ92n+P38zl/9fWVa/Yq8Vp86pcvcvHqOb73/a00/nid//HFs8u813Nf5d0XL/D8yuvu5RIZ/x7h7r6IvRSjEA6M9JkfLo8BW5x/7hl+/eLy+J974Yc8+4sXuZiy5qNb9hV+cOE38e+NL+L18e03iGbMp+nMmNuXX+Mnbz3Fd/8G/refvMVT332OsxuHl/8211/7CW899V2eW85Mzs7vcupXd5p3B9fn9mVe+8k1/uJv4Wc/uxynnf1bXvr2dV77yRu8Fycsx3mvy9+B7cuv8ZM33kuvP8vZe5yf+YKRYu9Can5tnQNYOFWdcyilEBGsdYQQKIoUz+fcwrnqnMOl59368k1vJvPgkBAOy4IPhqtXr/Kb/+efDm4s/cNefQCLD4O0FEoJIp2pNmWcChzMC5EklsnK+o8aidw2/U65I3dDFBuTWNeNL0QhNRAdnwsDZVBpe1GglJA61ounUCDBIrZhfdRnWBhKcdjZhPn+HrPJHrPplMlkwq3dHf504xYf3thme3fC7v6U/ek0iqvWYVubmlppfIDG+rht0QQREIXWGm0Myhi0NigFSmIGq1IQUrm8BEFQyZ67LLOXVGavBbQEjHhU8Ehwcf8UKK2oyhKtFSIhCqqlwSRxVWu9GIdJ354hClGKXtWnPxwyHI8Yb6wzXtugP1ojSMEsZbt6UYgyaFOilAaIblufPMICIQjBB0RcFK6JjuHYHCy+XUJ6eIgNvhbarKT9Z9njqosNOOKfyd380wmd0HsPHvHV9X7U74uLIsv39H/4+v/AmTNn7n5jd8HVq1d5/NSpB7rOTOZR4F/+5V8YjkYPexiZzJeeyf4+f/Znf/awh5H5EnLl4gV+zGpjrftaCc9fPvvJ1vEl5KOvwYdFz20uv/YTrv3FSzz9RPx9VSR9+42X+NWp+Hwhwj53lo04k5d+dYrvPncWPmLexlHD2L4cRdGzf8tLTz+xfL4QSA+N5V6XP3KTr/GTN04tBNi333iJn12Gs+lYfNz8zOeTj7oO/re33uLPv/51yrKkbVvatkWne2tnLc45iqJYlPqHEJ2uznts22KMQSkV4/i8Xzhdm7rmn//5n/kPTz31Ge9tJvP54+atWx+7zCMYC7D8VmYh7B2hhS6nrdSC32F9DxLvu0CAg67UWFYfs0Vjab1O5fVRKE6F/5AyTkSEqjAYFeeUWsWM1eAgOLyzOJ+aWDXx4SxYG2gXzaQ81gVsgNZBbX3MKjWGoBRt8DSua37VMJnN2Z/MmExnTGc186albR3WeoIXlBiUKkGnh+lB0Yeij+6NMb0RpjdEVYM0vQemAl0SxOCDpm4d02nNzs6Emze2uXn9Fts3t7l14yY3rt/gxs0b3Lx5k5s3bnHj5i32pzO8KMrBgOHaOuONLYZrW5jeGE+BdYL1AY+kplwalMKL4BC8xN+9dCX+AaVBK4XuRHwloIVghJB0YwSUgKDQQaGCWgqrsBBhF08/gSB/r3yW28pkMplMJpPJ3D9XLt9vJEDmzjzBN87C5d++HZ9u/4633jvLN54A2OBrT53mvbd+xzYAb/Pby6d56mtRrNz42lOcfu8tfhdn8vZvL3P6qa+x8THz7sxpnv52Ui03vsZTp+H0099OztM0lmvbn2D5Vbb53VvvrSwPTzz9tyvO1I+bn/lCEiB4T/A+iqnWYZuWtmmwbYtzjraNVa42ia1t28Z51i0EWdvaxfzY9yTclVkok8ncHY9gLMCjjU4WxOA8gSjkiVII0fnpug+oEFITqYiIj85JVBJlbVosHHDuhhBSXqjHO4d1Dts62tbifSB4okMWRQiCdwFrPa2LzalEGRBwAazzKBXdqz4QJzqLc/EbK+cCjQj9qheFxtjxKXXYisKkIuWyShx5UAGjAoUUaAkIHsGjCWid2nv5QGvnBOcQFe2i3gckOIIEUAodAqYqGY/X2Tp5gmPHtxitbVD2+yhTEkTT2oAloFR03KIMHsEFoltYOsH68LcE/kADseVJuF1qV3Hp+0pY7Uoqut9XOTBd8kUrk8lkMplM5gvF9Tf50Yuvc/XcC/w0a6sPnCe+cRZ+dZ1tnmBj+xrvnf3GQlDc+NpTnH7jGtvAxvZ1rp1+im9vLGby1Ok3uBZncv3aaZ7qZn7UvHvg1Na9vebul9/m2ntw6i9Wl9/g1Gm4dlfzM19EQmoQ3fVI8SHqCiFIquL0BKUWy9JNWywrC/Na6Oal9WVxNZN5cDwy4mrXue7wNHi0nHxKYn5roMtLVaBY5J14HxBRKKMpy5grqgh410axMe2n1gZHy7xp8QRs+pBsWkddt1gX3ZrOOxpnaZyjdRbrPTbED9bY2GlZHu5DJ2DGllkxSiEKt65bjui+9cQMVZXEUCUSM0xVzGVVOuaiKq0X+wys2D5BVECz0GIxJua0aoSyiqUH1jaE4BCIOaxVSW8wYDQaM97cYOv4Y5x87CTj9Q2Ksge6wIvCuhBzZCHmxGqdausF73ws/0+hqgu3MEDwB4TSz8Pl4vD7PF/kMplMJpPJZD59nnz2VX56vy/eOs/fv3r+45fL3B9PfIOz7/2K322fZeu3lzn7jaeX85JI+tu3n2bj+lvw1N+suE+jO/SN377N0xvXeYun+JuNj593IMeUVGZ/77rrPdGV9EdO8/R3/+LT3WDmc0lgea8PKWpRKZRS0c2a7oc7w1YAlNawkreqlIp6S8prjffN+Z4zk3mQPDLi6ueFRe+j9CGltUpOU4ULMRpAa7NoFBVdrQG8BjwoUMZQVhrXeFrrkpAYUBKdr41ztKkUvnOgOufiz+DxSXj0PkQ3a+iCChSkh4hauFGjEHygxj3uSwgEERrbopKHU5SLgqpO69cxE1dJQOHjUjo+nAaNBzyKgHOxFL80Bm0ErTVRatUUhaYsC3qDAeP1NTY2j7Nx/Bgb68dZ39jAlGUs/7eWoAxBBGU0AYnfynmfulPFRlYh5e0uBMn030C43Sj6gLT5Vafq6rQ7Ldsd44/iTpmqmUwmk8lkMpnMl5cn+MbZ9/jV7y5z6vJZVrXVpUh6mVPX4Km/OaiCRmfrb7kcZx4o+7/TvI2zz/HSbZ2jHvxerfLE0y/x0oH92ubyaXjr+jY8sbGYdm2h+UaX6p3nZ76IROdqdJx6F6tbO5yPz326T3VpnrM2Ol2d71aS9AO/aITlvSf4fP+ZyTwoHmrm6mpDns8LnoBLztWYy9l1q49iqzEGUxQ475nNZ0ynU+q6IXgfBU+tKYqSXm9AUVZJlAUXBLRGmTKWxaOwPtA4T+uTABsC1ieB1Qec8zGmNXVoEmQhnEaE4IXYCDB2VeqcrJ1Q6LxflBT4kERcG2MI6nnDbDZjOp0wnU6ZdI/JZPmYTplOZ2m5GfvTCbv7e+zs7bG7u8tkMqG1MXR7OBqxtbXFY4+d4vHHH+fEiRNsbG7QH/QpTIEoFffR2dhcq/tGDlkphfCLb99UV/5A915KJ4UVJ+sdiO254uOTclSjtk5cjT+PFmDvRXjNZDKZTCaTyWS+TDzxjbO898YbXF6JBOjY+NpTnL78Bm/wFF877DDd+BpPnb7MG2+wyGK9q3kPnQ3O/sVZ3nvj/yalzfL2Gz/j8l3Pz3whCeBDvBd23uF8d8+e8lO9j1GCK3mq1lqsc3H5FDXoFo8kyKYq0Uwm82DIztX7oMsy8UFg8cVRwBiDNgUoQ1s3NI1FRKGViaXtRHHQhYAuSrTvoZNjs3EudrbXBboo8SLMW0tjbWxcZZPL1Xuc7+IAlgKeUjqKqEEWNv+Q2t53jbRWhddOuItxDGrhyBWR+Noktnrvkhs0pJZcASueNmWvahXQAkoCRhSiAkYpikJRGE2/32djY42treNsHjvGxuYmo/GY0XiNst+jKApIArVSGhX8Uiz1IQnCQLf1sHTjHiWgxuZhvtvrB879lO5Lii/IYmkmk8lkMplMJnOXPPENznKZ1MnqIKlZFEc2pIrOVo4SXj9y3iPAE0/z3adf4ycvvQTA6aef5ixv3P38zBeOLifVJw2iK+ePt/qHnkNXtnpg3oH1sYwWzNEAmcyDI4ur90h0fBI/3NzKh1EgxQQYXIhZrNqY6LDUOmakWou3DYIHFFXZpz8Y42zD1NU4BeIdQTTOC3XjaNtAaz2Nc1jrcTbEcgDfZa6o2GiKmIsaS+JD+r/c0Tm5KvR15QGBKJKSRNSAP/Ch64mZsQGLtw4rHi1gFIgEQmspK82w36c/GLK5vs7W1jFOntzi5MkTrK2vU/V7McvVlHS5BSF4fBJ/tdbJUduNMQms3T6KpNyZTliV7sSsnqQY8s3R7tUHcQl50DnAj2K+cCaTyWQymUwm83A5e6S2Gjn9ke7T00cKrx8/b8HGWZ47kBWwwdnnXjq0yHO8dL/L33GzhyIKkdPYfQAAIABJREFUzp69p/mZLxZL45Ff9FBZFUUXzzuT1GLGoWVXBNUuwzVLq5nMgyOLq/fN0vkJSWz1HvEOH6KwWilDAJzz1PWMej4HZ6NMKIqqio2d9nduMps1NMFSKvDW4xx4B86D9+B8iNEAnbC6yCWIPzvRd5kKGyMASJmlXRB2x8FO98t0iOWHsU8/YmfBmOiaCumDw3lLwCM6Jq4aLZS9ktGwz/Fjx3js1AlOnTzByZNbHD++ycbGBmVVESQeK+/BCyglKZdWFq5ZQhpfJzQmF21ILta4++FQBAKLC4hP2bBHyZQP+gJyJ1H0fl2qRzV2y2QymUwmk8lkvnS8/Vsun/0GTx81b/t3h5pVHZjJ7966PYv14+dlMo8gISwj8vyhzNVU3u/oslmjAOusjffcbtns2blYRetFolCbls1kMg+GLK7eJyIscj99CHg8wTl8axFVoIxBi9C2LdPZjO1bN5lNZ1SFYdDvgQhlUTEarzGf7FPbCXVdYxXgLdaDR/BBCCiCF7zrGlgBQQh+oUUu8msXRlO1/OZqMf/ADix/VZ25NS5IwEfnaxJB8S5mn0pAgiMEhwSPqIDWmjLt09axTY4f2+Sxx07y2GMnOHniGMc2NxgM+qn8H1pn8dYvMlW1NiitcQuD7HKcXYZsSAHeQem7KvX3IaTU1YP668O+eBzVECuTyWQymUwmk8msss3l137CG++d5W9fut22+vYbL/Gzy6d5+rvP3e4+ffsNXvrZZU4//V2eOzzzo+ZlMo8oy/v8pciaZiyed/eZnbi6KsbCymtDwKeGVtFEle9NM5kHxWcqrh525X2cQ+9Oy97pdZ+N6y9+AMUIAB0/yBYfaLHEnuDwyT06nc/Z3tnhj++/z2w65dTJk5RlBUERUIyG60z6e9STKfP9fRrboAg0rcd6wfkosC57j8XGVV3F/FJcPRirshRThZQVsMxjSQ7RRX6od0lsVWn9K5UGISB4jJIYZyBd/qpQFYbhoMdoOGRjbcxXHn+M01/5Co+dOsHa2pi18ZDxaIAxGu89rW1xzqZIg3j8jNGIUngXPacioJXCBcEHT+fKRZL+G0Icw1HnuWsihYLgbp//KXCn99vdZLMedA/fvp4sxmYymUwmk8lkvnzEcvo7Fbs/8fRLvHSknRV44mleutPMj5qXyTyirBqplsht949H35eGRUPrWPUaFuvz4UG0ds5kMh2fqbj6SYTPR6lcOjaQkkW3+gVKIaIJQNM0WAf7kyk3b97i/fev4ZzjK49/hY2NYxRllT7YhF6vT683ZGr2ado2ul3rhnnd0LQ2ukeVjg2fJIqy3kcXa/wuKvo9A6Ts0tScCklh1Yd24MCEeFwlkETYKHwqiGX/0plcPSIBlbJlq0IxHPTY3Fhnc2OdE8eP8cS//SqnHn+Mzc0NytJQGEXwjrZ1i5wYfBJR0/HTSoEotHicElSIjl2VhhmSkGpEEwhY5xANiOK2lJj0VBb/uT0GICxnZTKZTCaTyWQymUwm8+iycu/eGbyU0gstQlLfEqXUQoTtTGBA+j2ZqERQSWxdRPJlMpkHwucyFuCjhNaj5j1oYTZ+KCXJccWKX+gC0QWtdTSzOZNZzfb2DrdubbOzs0tRGKqqYrS2ji4qvLO0eHr9EeP1hvlsQtvUNLM589oybxyzumE2r6nblsZZrHeE4FO2aMofTV9EeVhREyWFWvskVIYDouLCvUp6kbDIPRUJKImiZxRX47daWgSjFFVRMhz2OLaxxqnHTnDixHGOb2ywvr5Gr1dRakOh9WK7hBDFVC3oIHgnKXfVYW0LohbdD+MPQUSjdXSwSgAlcqB/WOeoDaiDEQdpfzrBefW8LyJpM5nMl54QQowryWQyD52iKB6pL9EzmcynS74GZzIHKcvyjtfBAAsx1BiD1hpYGr46RGTx7your45YVhNFVhYNrTOZzIPhcymuPgr44PE2Zpe44FHaUJQFqqhoJ1Ma65jOZuxPJ9S2xRQl/V4Po0u8D1jnCdbiraUqDUV/RG+4xnxWM5vNcSE2s6pbz7Sx1I2NDa1CwAW/zEwB4P4+GBfC6iJAQJAgcW3SNbFSqBQtYBRUhWbQL9lYG7F1fJPHTp7gsZMn2Fhfo9/v0atKRC3dqSQRNSRlNMYm+C7cgLDSOMu7ZZ4sIunbt9jYKwRHCKCVXsQgLKICbtuzcOTUTCaT6ZD0GeOsRZt8KcxkHhbOWpRSWVjNZL5E5GtwJrPEObd0kt6Bf/mX332GI8pkMvfDI3U1+6j8yQex7ge5Xu8DBI/zPmmByw/E1nrapqFpW7wPaG0wRUEAprMpO3t7VFWFEsW8aeP4UBT9Ab3RiHI+Q00mBD3DBmidp/UBG8AFsB7a4PEsFUY5JLB2TtCOVdu/dBmsEp2e3TdeKh4oukDXIBCUpOUEHRRGQ69XsjYasLE2ZmNtxHg0YDTsMxgMKIzBKEGpuD7nHNY2+JA6F3oPSqMLg9GCTselbR2CQ4uC5FLtnLRKxYzZ4BySvn1LZxXw3OtZPZhWk8lkvqxsbm7y4YcfAuSbu0zmIeCspW1bTpw48bCHkslkPmPyNTiT6e6VLSe2tu64zH/6X/7TZziiTCZzvzzUhlZ3szzcu9j6mTa20lEMRIS2tXjrU96qhSAUpqQoSkKAyXTO9Rs3uXHjJsePb1FWFWE2p/EO8R4xhnIwYDBaYzabM5vXSFHgEBpnqW3L3LZY70EkCp+LQviD+9/pqgfyVGS55DJLNSAhCq6Cis2iiPOUErRWGCVopSiNZjjosTYasDYesTYeMhz06JUlWim8c2BinEAIAecC1rV4b+P2lCKE1KTJe7zzKNXiRR1otiUhliooJQQPKEGUwrplwmwcuqTxrpRDHDg7R/CxC2QymS8L4/EYEeHmzZvU8znW2oc9pEzmS0NRFCilOHnyJKPR6GEPJ5PJfMbka3Dmy87iOnjiBMPh8GEPJ5PJfEI+VXH1cKfzo7qffx7LwBair1JoHUvZfIC2baitZzabYVsb9UwRtDIorambCdc++IB33n2Xr/7bf8twNECMxhNL5YPSqKKkGg4YtWs0tmZ3b8zu7h56OiEwo3XRLRsbV6kuhCV1/guEzsG64k7tMlWj/XOlQVV6aedU7QRXEdApLLswBqMVVWnoVSVr4wGba2usjUcMB316ZUlhFEYptBKM0slp6haB2t3xUgpMoVOZP3jnsGIJomLTrhCwtsUGwVR9yqJg3li8c4hSiBJE6Zgzm8RiCXd+/3SzPn/vsEwm81kxGo0YjUY57zGT+YzJ/+YymUy+Bme+zOT3fSbzxUJ9/CKPDqtC3WGR9iNfB6zmkn6SRM74ARhlTASU0mhdIKJwzlPXDdPZjNY6nIvlbgBlUSGiuHFrm3fe+wO7+xOsDwRRUVwEbCr9x2iKfo/eaMRwfZ3xsWOMNjbpDUYoE52sNuWtBontpnxqO+VSXEA3viBptKHba794CKnZlHRHJ00PHglu8VB4+lXJoN9jNBjQ7/eoklsVAsHH12kVna8hZcIGYiOqZXaqSxcRoiO20BijUyxBwAfPfD5jNp+hRCjLEgSapsU6h4jCGLO4CHWXIll5HDhXt53kB33xCocemUzm80r+4zaT+WzJ/+YymUxH/jzIfBnJ7/tM5ovFQw+46QTTO324hK7pkRDL1jksrHb17VFeW1Z9q0PzQxT+0rSwssRiTYtY0nBgGiuTAoEgsey+kykDMQd13lqm85rprKa1nqZpaVuL84GqN2AwrLl16xZ/vPYB//3qVXShOXlii2Y+p7YOHwIOaANYUaiypDceM24bZtYyqxuKZs6ssTjnQEFA8D4KkzEHNiBKxX3rBi+yEFIXwnAIhJX5cd9czGCV+HqFQ6MotaZfFoz6PYZJWBXAWUdd15RFQVEYtNFoH1tVeR/F29Wz4gMx/kA0SgvaqFjy7wNBPNY1TOcTagfD9Q2qQQ87mVA7i7YGU/SSmCzJo9ud9dUYhHSqwrLb1cLN270fOCjGdnu/XCYsXns7YUWj7RaQ9E5Qty16hMKbyWQymUwmk8lkMplMJpP5gvDQxdWOowTWzm0ZDuVqLud3uuCKd3GxDrX8KRAWMmh6bZqyeLXIwu3ZLQHLb5SW7s+V7SPRfeoc86ZlOquZzObUTUPbeqx1aYyKstdjMBqzP52xs7fP//fWfwMCX/nKv2E2nVI3LSLgRLCADeCVQpUFRa9P2e9j+n3K/gA1rVEBnPM457HBxcZaIaAQ1MLZKaiVbNXumMX/eAKSxEhFJ0GKgNFQpqzVqtAMeiWDKoqr/V5FoTUCWNsyn9cYrdE6ulaVEgptYik/oBYiZcx+lU7sFolNrrxNIrWl9S21bZi3ntZbTFVGN64oCIJWmtaH2KyrO3eyKrAGRFTX5isJrlHi9dKNIemdaVyrAq3v3L7dmwKOetetZNeueqFXf3bbDXfWaDOZTCaTyWQymUwmk8lkMp97Hhlx9ZMjR/6M5kFZ5m+uiH2dV1HJqmt11f96pygCiQGigPOepvVMp3Om0xmz6Yy6aXA2RKemUhitUcbgvKc/GLC7t8s///M/MxwO+Pf//n+maWY45zGF4ELA+uhgdUHwKFAalMaUFWXVp+rPcQFC0+KCA/ErWavRc7pMYD3sz12KgiH4KP5qFcv3RaEVMWO10PQKQ7/XZzgcMB4NGPR79IoSYwxKhOADtmmYKRAVEAmxsZU2IKAlHSdJInVqrhVEYvxriKJ3kHhsnXc453A+nQsRlDEobVBK40LAu+TOXfwv7VPwSfOMUrE78F4IHHhfyEp/rwPz70UGPWrZVSdrJpPJZDKZTCaTyWQymUzmi84XSFzt6ASu6EtdSnDLcnglh4XY9Gw1yzNIFB8POVZDiF3sRWlCEHxrqec10+mUyXTKbD7HWk/w4EWhRaGNwYjgnKff71MUJTevf8i7777LW2+9xdbWcbY2NzDKYGmwraVt2ijsEsvgXYj5rmVZUVU9nPP4EHNaRamUaxp/RwTvITgHKjlwQ0AONLRKR0eWJfNKJDal0pqyKOj3e6yNxoxHI9bW1uj3e5RlhdKxkZeWgHctTe0QPEZF12woS5RSYDQiOjloO/G3Ox8ShVIVBdiYyRqzWkU0kkRipQxKGbQx+ADeexSdQTksTsrS9HzILyorgqccEpoPRT7cxYxMJpPJZDKZTCaTyWQymUxmwedHXF01H37kAodLtDVHNx06KoXz6NV2pewigluIfxrrPU1jmUxm7O9Pmc5qbOsoiooQBEQvhE8RoapKhsMR62vrbN+8yfvvf8D/+X/8X/yv3/4mg15F0wgER6/XhxDYb1uc87StZTab0bYtIUBRFJRlhfPRHRudnCwaSIUQcC5mvTrv0Mm/qiUkl65CIWjpchWEqIUKxijKoqTf6zMaDNgYj1lfW2O8toapDIUyoKIhVaVwheAdrq1p64LaKBQBYzQiBUrFhlak7a4e6pAcqPH4KHyIEQVKxeMWgsQ4AK0pipK6jQ2xokC7ehoPnvOYp9slyHYb7Bp23Za0e+e3VCaTyWQymUwmk8lkMplMJvMRfA7EVUnNiY4Swbr2VCvPb1uua4YVPlJG6wyOksTJ+IBOjFMSBVJ0FHGt9czmNXt7++zsbLM/mVG3fjEaEYkCISQ3ZhQN+/0+Gxsb7B/b4p133uadt3/P1oljDPs9NjfWqQqNMYLSBhENKJz1TCdzpvOGxjqCaJQp0MZjXIiNrFZcmc45PDY1uHIEwIig1LI0P4aPxtcUWlEYTWmEXspYHQ4GrI3HrK2NWVsbMRz20YVKMm2I4qoC7x0hOERHpy/O4pxFqUAIKj1W4gmCWjlj0QGsdYHWnuDjuRYV5WDvwiKzVmsDrSOElN3aCaxJWEa6TF21zHdgeT4WYauHm6FlMplMJpPJZDKZTCaTyWQy98nnQFz9JHRuRVmU9q82zTqQoUpYCKs+NYfqlhdZ9pYXUTStYzKds7Ozx/buDru7e8zrliAarTUudcoKomOTKaUpigKt43ylNNZa+v0hwQf+9b+/TVs3/Pm/+x85dfIE/X6VyvMLtDGIKOq6pq7r5F5djk0lZ6zWerFf3nuUKJSO0QVq0blJFg2bVJeBiqC0pjAFvcow6BWMB30218ZsrI1YG0dhtdcr0VqnqAKP1jFCQNCE4BGl0IWOeaxq9bgtT4VP5ftKNIjCoxBlUKogEF263oW4zxicC1hrsa3HVwFrY2wAynQnMJ3f1WZlftlKahEdsNrwLLAI4M1kMplMJpPJZDKZTCaTyWQ+AV8gcTUc+BGJjlFJpfNwyKu4iOzsgkhTNmsyOErXiInYgMn7+JLptGZ3Z4/t7R129/eZzea01hPEo8QTxOKcx4X4+rIsoggqQnAO17a0rV0IkO+88y6zyT7DQY9CGzY2xvR78TUmCbIhsIgIEIm/x7L/OC4fkjMVQVRAmUCx6N7lkZBaeKUc2Wh2jdtXWlOWJf1+j/FwwMbakM31MevjEWvjAcN+j6Isk1PVE7xHadBKUl+vENdlNEWhYx6rjvNW822FlMGqkntVBCFGAoSgsDYgYuj1BhRlhQvQNJbptEbpAmttEpMlNSaLUQ+BkJzHYUVQXX0uLOMAUjTAIkEi56pmMplMJpPJZDKZTCaTyWTujy+QuBpZdI+/TWBbToq63MES8RCWea1dJEDXVAmE4MF5T91aJpM5e/sTJpMpdd1gXSdyOry31G1L08QSfqUUg8GAEKAsCurZnMlkstgOQNs2XLv2Af/4/15mPp3w5//uf+LxUycRFEoVGFMAUdh0zgFgncU6i3MO55Ojk054FLQxoDWCh5BEVedSVEA8JipFAxRFRdXrMRgOWVsbs7GxxsbmmLXRgFG/ol8VKReVtD2LEjBGoVWXMKBAdc5VtRCTo2FUETonq4rbFG2QIIhoAgrvwbYeo0uGgzFVNUBQ1I1jMpmhTQ8vUBQmnRd/IGJ3VTQPi/+unvgub1UOCavZxZrJZDKZTCaTyWQymUwmk7k/HmlxtSvT/zhC6HJVk2q2Uo7exYseXk1c9+LZgRL2rvFSzAuNOaDWOuZNzaxu2NufMJ83WNuVmCtCcFhraa1jPo8l/POmQWmd3Ksltm2Z7k+YTqcYo6Po6h2TyT7zes6Nm7f4/TvvMhwMKIuC8WjAfF4zmc4BFcvmPfjgU4k8BASfHnHMEESlbNUoKOqUNRqUQjBoEYwCpTVGKfqDIf3BgPF4jfWNNdY2xozHI4aDHv1KRxFVUnaqCOJB8CiJ0QBaCaI7cTXGHnSZriIqzhNNQAhB8AGMaJQonIsxrLNZzWzeUPSGDIYjer0+3kPbOGazGs8uw9EIER2PaXAEHyD45fsg7b9SGh+3tvSlylJw795TKsU2ENJyyeUqxAiDxaTPgKNiKzKZTCaTyWQymUwmk8lkMo82j7S4Ckdkdx6aF39ZiqiRVUdqJ5ItmzndLtpKcqqmXM4QIIl0SkUBzjnLfB6F1f39CU1jcd7jPFjnaVpL07S01tK2NgmhHh8CTdMwnU5RIswmU9q2pdfrUVUlQmB/fxfbxDzVP33wJwptKEzBv3n8FHv7u2xv79C0ltb6hUvVhy5XdPnwqfQ/HRICghaF0golUWw0WlEWRWxipaMYOur3WRsNWd9cZ31zjfW1IaNRn0FlKLUgElAIBB8zUxWAR6XflZIoqCpJxtToXBVlUNqAUikVNTWrSpmrIhoXhKZp2d+fsru3z7rp0+sN6fWG7M9qmqZlMp0xqy1F2YtidugyVJMTNahFsyoffBRzu8iAsNL27JC91RNfs2iOxUHP80J0PfCe+9i37KfGUV82ZDE2k8lkMplMJpPJZDKZTObh8UiJq50zsvt5twiyyPYMoZPHZCVGNT1PIuRSQOu8jXHZKKQKQULq/xRjAZx3NG0UV3f39plOpnhkkYFa1y3z+ZzGOpxzWOcIEEvzAe8c9XwOAeq6JgRPfzAkeI9NQms9m9K2Dbe2d/De0+/38M4ym03Z3d1hPq+TYBuiqBuIYrHSKOVTTuyqGJgacCmNNhqtwGhFryzp9/tUpaEqSopCM6gqxsMB6xtrjNeGDEY9yqpAFwqRgAQXtxVSbmw6gCIpa1WpKJqqLkM1NdrSGlSKBEBS3mp8+CCIEhDNZHefvf0p0+mc0TqYokKbEuvmzOYNe/tTUIrx2jrWebRSnawaBVu6c9rl4x7hdk75ubKyTGz8JanP19LnusjgPcry/BlyJ9f23bi5M5lMJpPJZDKZTCaTyWQynz4PVVztRKLVkuh7FVbjCiBGi6bmTZ1gtiK4dv/rFl9GrnaiqyKgYtd7ics4H7BNw3Q6Z293l939fXZ395nNZihtorhqHXXdMJ/XtNbFbamYLaqJkQBGa/AB72NeqSih369o2zZmpKacVO89tmnY9o533nmH2Wy6yEq11qbGT2B9iNmpnZCpDYiKzaZCiMdQCUhAmdgQyxhNVRqGwwHra2uMBgMGgz79qqTX6zPsV6wP+4x7Bb1C0BqQQMADMcNVkiAZfMA7h4SAClFY1doshFal4/POTYuomBurdIovEJwPGKMhKHZ295hM4zEtyh5Kl7ggzOYN09mcyXRGaz1raxOGozlq2Kc0KonfcRuKeA6VqKSJepY+VEn5tRpQ8b2SpNjuDRGIx813cntys97+Xvx0hM3D2zlKQL3baZlMJpPJZDKZTCaTyWQymc+GT1VcvRvhZ1VUWhVW7yWDMoTo5lxGA0Tn5KLEP7ktYw+jkLI/w0Jc7bbjXBRmtdYEH6ibhr29CTvbO+zu7jGdz5hOZ9R1jSlCigtIbtXkWoXoFu3WaYxGK51yPON4lYrbaJo5rW3w3rLw0iaB+eatW0wm+/SqikG/R1VVSbBsorjpOxmwE4SXAi2AVlFULXTcltYKbQxFWTEajTh+/DjHNjdZG48YjUZUpaanFQaP8g3iG8S3sQTfg5gCFTx4T7CB4JKQnEr9ldELx6qkOAUf4nFXJAFYG7wLuC4jVhl869mfzHAeNo9tsXHsOMpo2tYyn9c0raO1jul0zq1bOxhToGQLNRpQ6CiI++CikzaJ1EJKDghRZA1IEl3joztGi/dOCATvoxS7cKzeQfBMTuhPsxr/7nKGs6iayWQymUwmk8lkMplMJvOweajiaickfpSQ+lFO1i55c+FPlGVJ+mLTPmVrJmEtpGkrHYwIqZu9S45M37TUKQJge3ub7Z1dZrM5zllaa6mbNjkyoyC7jCJY7tfq+J2z0ZVq7WK0dT2jrudY26CUwhiD1goX4vqm0ymTfcdwOAQRdFHE3QkSm1q55L5UIbpGRRDvwbnYQKswlGUZRdXUdKoqCnq9HsPRmGPHj/P4449zbHOD0WiI0QrtHaGd45oJrp7iGyHYduHqDCqW9is8OhTgNcooRJuYo9pl1yIoMWijYhQqgnWO2AYrNbZKuat1XVPPG4qi4tTjX+HkicfQpqBuWxrrQCm0LnA+Nvyaz+cYozFaowcVWpnorg1+mT3rPT65ZlMixOL9sHSjphiAJKzSxSxIdN/G14QDQmx83acrrK6y+u/nTv82Di+XyWTuj/uqmshkMvdN/jeXyWQ68udBJpPJZD7vfKaxAHfjRl2Utd9L5mrnmJToUFyIgSEQXGz+pMyyzDs2POqcrIDSydEo1PWUne3YRGp7Z4f9yZSmaRA0RVHgfZNK9GPp/6KrvKR80hXnrQhYa/HW0rYtIfjoZNXC7u42dd3Qti1VVeL7FdY2Udz1PrpgQxRko6BoUEpwyTHaCYGx5N+glMIlYVVEKIqSsiwpi5KqNJSlYdDrsb6+xsbmJsPhiF6vR1n1KMoKowUVHGgwKmBVwKuAq8G2ARcguLR/SmOKqFjGDFaF951rOOAdUAq6KFGiYl5t3eLFUVR9Qirnn83m7OzvEgT6/SHrm8cYjsd4FLZtEaXjflQVRTGPgvNkwnA4pCoLimKTQb+kUEUUVwn4ELfvgsfLStYuMUohxE5WKaM3JEFWpXgGBV1EA2FxLlbPqdKf7h9+dxJMc/5qJvPpsL+/z82bN/He07btwx5OJvOlIX6prDl27Bij0ehhDyeTyTwE8jU4k/nsKcoSJcLx48ejkSuTyTwQHqmGVvdPytQUFZ8GYsbpwlUKoeswn9yt0ZUIPnhcXQNC3bTs7Ozx4fUb3Lh+g+2dXZq6RSlFvz+g19OpvFzwAEEWea5+Jc+VFBfgfRRCvbPYtgFiJIDzlrqe46wlBEdRGGxZxvJ9pWLKqRRpPZ7ZbAZAkdyrUTAkxgGkfFOlNCIarR1FcqiWVcmg12M4HDAeDVgbj1gfj9lYX2M4HGKMifECSTDVSlMUGqk0WIOvK9r5DFvPmE4meALiPbEPlUYrQZLzs7WOsiiSg1XFxmAegoql9o6AD55CBG00rQ1s7+xw88Yter0em5ubjEcjTFEwbz2OQFlVmKJCKYOpejSTKfPphD/+8Y8YI5SFRqs1ykKnGIhACC6W+ROiIzjl0drgcS46XBUKrRSiTDon8cQFiefQh3Q2pYuXWP1CIIuZmcwXhb29PT788EOKoqCsKsqqethDymS+VDhr+dOf/kQIgfF4/LCHk8lkPkPyNTiTeXg45/jThx9yIoT8BWcm84BQn+XGOlflYT55eXPnVIVO2HM+ltAjGrRJOahL4c+5wDx1or+1s8ONm7f44IMPuX7jJrv7e8ybBusc1jtaZ2lsS20t6Lg+pc3CLRu6bE/vCMHhbct8PmM2m9E0c7x3aYwe7x3eObQWkFhyrpRKUZ5RECyKgqIo0FrjfaCua6bTKXVdE6vUFaDxHlrrsTY6LJVS9HoDxuMxGxsbHNs8xrHjW5w4cZITJ09x4rFTbJ04yeax46ytrzMYjegPBhRFSWEKiqLEVH3K/pCyP6IYjjCDIWYQf1L0cGLwohFdoEyJmIKAwiEErcEUYAyNc8zqhrq2OCcYU1EUPXRRYYo+KMVsVsLyAAAgAElEQVTO7j57+zNG43U2t07QH6+jTEEQhTYFZa+PMgU2xBxb6zyTecMf/3SdP7z/J67f3GZvf8ps3lI3Fms9zhGbfYnG6JKi6mGqKNB6F2hbu3Cjikpu2+BxrqVtGubzOXVd07Yt3vvo/i3LhcOmO+fd+zU7R++V67z58gWev7DyuHjl9sWuXDy4zIWXefP6gQX4+R1ee/3Nl3n+5Te5ftuclfm3rW+5zp8fMZwHwceNK/PZc+vWrfhZa74g3zNmMp8ztDEURcGtW7ce9lC+FFy5eOj6e/iadOUiz1+4yJUDz4+6LsZr+Y9uv5B2L7zva/Qn5crFO/xdkXnkyNfgTObh0VW/3rx582EPJZP5wvDIXs0ONrdKPYZCAFl2ee/co4KK3tE2IBK71Qdlonimk2NVaZwPNPNYit82LbNZw2Q2YTad0XpP23RNlCxiDOVgQDBJZJVA0LH8XZe9mMXpPUoUZVlG92Zo8Dha78C3hOBADKY0KIlCqfceh6coC4zRzEJskGVdS1EYjBaCD7RNi/UOpQSlirgPKFSXr6rUooGTUgqlNGVV0Rv0GQz6DEcjxmtjxqMx49GQ8WjIaDRYNMcqSoMpKsSYmF+q4nHyIeCDQlQFhUFLiRQNpZRIPaNVM5xtCGk/FCHmrqJwaIypQBka2+KtR2lPUfXolT1Ea2wQJtOanf19giroj9Y5dvIUw7UNvGia1tKGgJQlKiiaEGiCx4mmGAzpB2jmM/7wwYdMZzOuXTvOVx5/jBNbx9hYG1OUsfGXDZbWB2xjYyatLihLjW1bvLPM65pS6XTshEIZVPAo38UHxPdWl7m6EFHl4Yqpn28x9zpvvvwiv/7mD/np97cOTHv+5Wf4h++fZwvizdwr8L1XX+XJ7qVXLvL8ixd494VX+c6TK6u89Ao/P3to2l1xlYuvvcnXu21mvnR0mcrZKZPJPFy0MTR1nTMXP2WuXLzAj3mBn7765IFpP7jwHt979Vk+6jJ66ZWL/MePWeYOL7zPa3Tmi06+BmcyDx+tNY21D3sYmcwXhkdCXO3+mL7rP6qlazK0Igj66FhUSoFO5f9qmYvqradpYn7pbDZjVtdMpzP2JhPm83ksJQ9gnYsl7UqBUYg3MZ9TCV7S9C7fNAS0FkoxqKrCKHDBoa0iBIe4Fq01RRGbVS2aWgkUZYF3UTz13qXogR7eOtq2xbYtWkfhVikTs1sDKKUxpsAUUZxVWqFSPEBZllSDPsPhgNF4xNraOmtra/H5YMBw2KcqSwqTmk1pk4Tp2HQqINgQkmCtEaWR0qBMRUkBpsSLxs8n2LbBe48W0KJRWvC6wKX8WlEmnh0dXa7aFHgUs9mM7b0Jk+mcojdgtDFg49gJTNVj3lpqG4VUg+BROMD6QONDXF6XfDiv2d3eZndnh73dXWbzGbP5nPnWccajEUoL1luUUZiqxBhBKxPzCcSgtCB4go9OYkTiORaJ2auLZljRFdxFAUTndYjpEnIP79d7oIus+EJy/Z/49dUzfOu5VTlzi/PPPcOvX/wN/3T9POe34MrlS3DuhYM3cU8+y/fOXeLHl6/wnSe7OWc4d+4+b/rOnePcpdf5L29+nb8/f7S8ev3Nl/nBb765FH25ws8vvAJJ4L3+5sv84L2/5nu8wo8vpdW+8Cp/de1lfvD61W4CP312dWTv8V9fvsClq8vlD9x0XrnI869cWg5zZf71N1/mv/BNvvr661w66rWZe0JEaNs239hlMo8AbdtmYfVT5Qr/eAnOvXDwovHksy9w7tIr/OOVZ3nyTteTM+c4xyV+fPHsoevZx3F31+iF6Pvs4mLHj178Dd/64ffj3wQXL/C/n36Bb/3mFS5ejet99off59QvLyyuvWee+eGha/llfn7hFS6xXH45O36pe/FqN8xnDl3nL/PVZ97l4utXD83LPEjyNTiTeTTIWceZzIPjkRBXP56Q3Kt3/sNbWHZ6Vyh8yl91PmCtpa4b5rOa2WzG/nTKbDZjMp0ymc2wrVtkbHoEpTSBgHUO5x1BABW73Hdu0TiquF2tFYqY3RlUoLAW0WBsdJl2Dae60n1SHmhXnq61RlXRnepaG8vUi4KyLOn3+4ho9vcnEGKEQFn16Pf7VFVJURq0idtRWlFWFcPhkOFozGAwpNfv0+v1qRbNqwq0CEpHMdUFcN4jCCG5VwMxpkCJoFWBMp5CNMqkcFICbYBgG7zEfRKlUdoQgqR9LpLAHcvorXPUbcPe3j57+xMCirXxmM3jJxgMRzTOMW8aautBlwTjsd6BKHwQ5nVDWVb0i4qq16OelQTbMpnOuHbtT0wnU65/+CFr4zXKqmC8PmYwHNALQlkKUXMXtBK0LqK4aluCdzjvY85t2g9RggqKEMC7KK4uRE+BfPt3n2yd4qtc5eIvr3B+9QZt6zx//+r5xdPjp8/A67/gzb9cvRmCJ599lZ8eWuVX//I5nn33xfu46TvLd16A5195jTe/fnA798SlV/jHF17lp88msfWVC1w6l5xB19/kRy8e2o+rl3j3meTcvf4mP3rxAj/vRNLDjt3rb/KjF1/mzZWbwquv/4Zv/fBVfprv9DKZTCZz1xznq2fg4i/e5K8OiIVP8p1XX/2Y157mr557hndfvHcX6v1fow9y9fVfLK59Vy5e4McvXuDMMz/kp69upWvnL7lyfkXAvXQJXniVn3bX1hdfhh9+n/Nbt1fQXLl4gR9cPLUyvktcfO+gwzeTyWQymUzm4/hMM1fvltUM1ttNfCvTQud4VShl0NpEhyIK72O+5nQ6Y293n+1b29y6tc2t7R22t3fY3t1lb3/CbF5TNw11G3M7m7altZbW2liibm1qThWbJElqyGQKE52jSTwUAa0VhTH0elUszR8OGQ6HSQitorO0qjCmWJSbV1WVmk9VlGVBYQxlWTIejzl+/DgbG5uMRiN6vQqTslj7/R6j0YiNzQ22trY4cfIEx09ssbG5ydraGmtra4xGY3r9mKeqdRRgtTGL36NoCdZ5GutovMcheDGgCoIyBDExs1YVmLJH0RvQG4zoDUaUvQGm6qFMhTIlyhRRmEwNv0xhKHsVpijxASbTGbt7e0wmM7wLDIZD1jc22NjYxBNompa2bXFJ0G5tS2MtSkcH7Ww+I4SAMYayqCjLXlq3sLc/5f1r1/jXq7/nX//1bd7+/Tv8/vfv8M477/Leu3/g/fc/4MaNm+ztT1KWaoBAGusyQ7WLbQjeEwVwwRh9W95qdtfcL0/ynR8+w5lLr3xElipsnf8+3zt3lYsvfkwua1ya88/Fdd5zVuqTz8btvPYJst/OPMNfpfuvra9/kzOc4dm/XEzgW2eu8u6Ng8v/XaeUbp3nP5+DS5evANd58xeXOPfCys3h1nn+7hm4+MuVHTvzTb6ehdVMJpPJ3BNbnP/+C5y7+jo/WMlcvevr5tZ5/u6ZM1x6ZSWP9W63e7/X6FXO/fXiS8Ynz54DzvGflxM4x7tcW72Qn3thKQI/+Zc8e+Yqv/6n63Dll1xk5TpM5979xYG/Rc6dzcJqJpPJZDKZe+Nz4FyN/lBYiq4xf1WQFAtAcq0SYrMq7wN1UzNPjaCmsxmT6YR53TCvG+q6prEtzjqs81FQE/A+Oli1CdG9GpLgFjwhWKyzVLpCG4MSwGmCd3hrcbYl4NGiES0UhUEZnZybXWSB4JwDPE2bogAGfUSE2dTTNg2BQFVVDAZRmHXOM5/X9Ho9nI/zqqrHYDBgfX2d4WhEUZWEELDOorVmMBjQ7w+oqhKldDqKkkRolaZ5gg+4EMcSUHHc2hB3LuBDwBJQHrTSiCrQZZ8inQdXG4Jrotc1ldYL0QHabQ8E66LDdDKb44PQHwzZ3DzOYDhClGZ/MmVWN9E9qjUeaG2LdT46kXUUV6uqF13AWseYAWfjPniPDx5Cyz7T6JCdTCgKQ9XvMRgO///27ja2qvPO+/13P5ntJzDYUBNwgzmO3BOnasSxj+R0tJ2I3NA0Ue7JaG5S40ilUwYrkze5zRsCmZZWJeGNXXSkTGVKm4wUQ8mMmlFEmoKKGlvTWLrtgzInIZIHD4bbJiFgY4Oftr33Wuu8WGs/em97Y2xvg38fCYW9rmtd61o7thf77//1vygsXM3qwtWsXV1Ifn4u/lU+vG4XXrdzby47y9kuMWHgctuZu16vJ/q1Z3/9mTgVWeO+HhVszVh8lqqzBL7tUCNtSUvvKhvsbNDo8r2OFvZ1pFkKX1LH3+/u5KCz9LD4LqZT2dBEoLHFKQ9wz3cHlFE6W/CzrDRheWHx5nLovM4g0N8HHS2NdCSfE1iIeYmIyMpmZ6m+BM7KiJPOMycwZ81VgJK6vTR0RrJQ7+JJew/P6LTKN886Tvnm+NYSSsugb2CIQfqhr4ODjSeTz6BhIeYlIiIiK9ayDa6m2tAqJrYs34lzYZoWhhHGtAwMw2JsYpzR8THGRseZmJxgcirI1HQsK9U0TSzLspfFGwaGZWIYJqZlkZPjJ2eVvczdZZiEQ9P2hlOhED5fDl6PXVMUl0E4ZGIYYaZD01iWidfy4rZc4LYzWd0eO9sxspGVy7Jrt7rdbrxeL3l+P6ZpMD5mMj09jdsCf14+69atJS8vn7GxcQzDJDc3Fwu3HVzNycHv91NQsJrVRWtYtWoVFhbTTs2y3Nxc/H4/Pp/XrinqdkffN5fbbQd9XR4sw8Aw7OxVXPbmU24PeF0eu0wAJoZpYGBiYuG2XLjcPrw5ubhxYXq8GOEpLDOMyzTx4MKyTAzLwjBMLOx6poZpEjYMwEVuXh75q9dQWFSEx5vD1PQ0d0bHMMHOhPV4mTIiAVPnf7zbLgsQnA6RkxPGm7OKnFWrCIWmMMN2aQa324fbY2fjTofCuAw3k8EprNFxvN4R/P5b5OXnU7S6gHVrVrNmdQH5uavIy/VTkOe3a9t6IBQ2CBsGpmFgusFterGzpZ3SAEvxxb9SVDZwvLWBSC3TP/bUpVhuWELdgVbqcJbdz1jS6PSK+9D3xua7mgQvNQWc8gAv3MPNLAzVURURkUUX/UWn/QvM37fvTFt/PO4kp0Z6C+9WH6Hsri4332f0IlAdVREREVkEy7IswExW6k1+LDur1bIgFA4zMTnJ6Og4t0fHuD06zu3bo9y+M8bY2ATjE0Emp6aYnp4mFF36bzAdCkX/TE2H7OXp4XC0DqflZJ0apkE4HCYcCjnnhwgZYQwj5PxxygcYYcJhe3m7ZcSWmMcvJ3e5wOv1Rv9YluVktII7sjGVk6XpcgKxq/x+u3xATg4+n8/Jbs2joKCAgsJCCgoLycvLi57n8Xrx5eTgy/Hj9fiIlEqwLFd0AyyPx4M7kilqmkyFIvdvYFgWJi57AyvLTdiAkGFhmGDhxuPLwbsqF1+OH483B5dTkzZyL+FwpMSCgYWLVav8FBSuZk3RWlavXoPP642Wbggbdh+P1+tsgGXXqfX5vJiW6bznYTvI7vFGM2Mt0+X8v7EwLXC5vfhy/OTm5rMqJxevNwfTdDE+McXNm0P876sDXOq9zH9eukRv72WuXfuSr7/+muHhYSYmJpieDkXLNYAFll2vN+yUhjAMA8sJytv/H1Ui4G4Mth9l39FUS/DtWnD91wexA62plyqW2KknDM1sIn7p4a8773Ji0fIA79N/l6fetf7rCfc/NNDnZLPGvwciIiILqKeNfY2plvTHsjozEi0PcIJP7moC9/CMnofE+xnker+dzTr7vyNERERE5m/Rgqte72Ilxc4MtJqmSXBqmtu3RxkcvMWtWyPcHrnD6J1xxicmCU5NEwrZGa2GhV1rNGwwNWUHEw3DtAN39jZOhMMGk5NTjI9NMDkxhWFauNz2FvETU0HGxsbsnepH7xAMBqMbVbndsfIF4XA4Gsg1nE2R3M5ye8uy8HjszaHszbamME0zWpPV7XYTCk0TDAYxjDAulwufE2z0er14I8HV/HzyC1ZTULiavLwCclblYrnchAyLsGEHR705Pjw5PiwXhA2DsBHGsuyyB26vD7fHC24PYcNkcmqK8eCkHYQOG5i4cDlL8C1chE2D6VCY6bCBYbnweH14fXYNWZfLTSgUIjgVsssMWHbQ2zBNPF4PRUVrWb9+A0VFRfhzcwmbpp1BDPY4Hp89J7e9GVZuXh7+3DzChsHY5AQhw66/atev9ZOT47fr1/p8WMD09DSTk0GmpqcxDAuX24PXtwq/P88OtvrtYKtlwvjYJDdv3uTy5Stc6r1Ez3/+J//1X//Fl19+yZ07dwhNh3A5AeiI+yWQunjfd/eupO4Fu95bcv3UnrO09UXqp1Xyvd3ldLQk12K1a5KW796Zfumi86Gvr68vXY+0KhuaCPT1EX+m/SGsk4vOPAbb35+5ZP9u9Z3kj5Hb72mjuSNSo7WEuhcC9J08EXffg7QfbeTN5KK0IiIid6NyJw3lHTQn/4JzsJ3fd8TVCs9ASd1eGsr7uOtHbZpndPHmcujojgZ+e86e5O6f4kniaqgOtp+I/Rsj8j7E/zskbeBZREREJHOLFonx+/2LM3CsBGuUaVpMT00zNjbByJ0xLGdp+OTkJNOhaQzseqp2tUx706Jw2GAqFALA5XHjcXvw5tgbTYUNi+DEhL3UH5xNqOyM0KlgkNBUkPD0NG5M/D4fOU6GqcvlwuV2Ra9hWSaWy8LtsWuduiITt+w6rgDTpsXU1FT0PfM5NVInJydxu6cxDMMZ165f6nK58LjdeHxeVvn95Ofnscrvt4O009NMTE4SCoVwu93RYK3LBZZpONmXTiDZyYh1u93RTNNIhqaFXfvU7fXgdXvxusAIhzANMEIhPJh4vG7wunB7PFimF3AxFQpjhKajmz+5PR7CponX46Ng9Wpy/HlOgNtFMDgFzoZgXp+9cZbL5QKXG4/HS15eLq4pu87t5KQdwPb6vPj9eViGade09XiwXC5M7A2qQqGQ/f98eppVuX58OT48Xg+rfH785NrvuxEiHJxkeOwOWGF8Xhj051JUtJp1xSVs+MY3WLeuGG9Ojh1cdSd+sVnRwgDLs0BAbm5utqcwi0peaj1C2dFD7GuMO1y+mzdaY0v0SuoOcLy0jX2HGmmL6xZoauW1OT7/RZYets3eLfXcmgJ0tMSFTysb2B+wdyVuA8p3N9FQ3nJv2a2B3ZS938g+55NjoKk1ukkHlQ28sfsoB+Puu3z3kQyWaoqIiMzGLrFT2taYVG80wP7WA3PWW50x1t7dfHIouW5pBmemeEZHSwY02s/fQJO9wdS9KN9dS/+hRvbZr2g4Eqkpa2/s1d9o13G3ZVZzVkRERGQ2Livlevt7Z5pmdLl1OBxejEuIiMPr9UY3OVvo7NW+vj42lpYu6Jgiy8GlS5fILyjI9jREVrzxsTEeeeSRbE9DRJaQnsEi2afnr0hmbg0Pz9ln0TJX3W43xcXFFBcvyL6gIiIiIiIiIiIiIsvKfbKhlYiIiIiIiIiIiMjyouCqiIiIiIiIiIiIyDwouCoiIiIiIiIiIiIyDwquioiIiIiIiIiIiMyDgqsiIiIiIiIiIiIi86DgqoiIiIiIiIiIiMg8KLgqIiIiIiIiIiIiMg8KroqIiIiIiIiIiIjMg4KrIiIiIiIiIiIiIvOg4KqIiIiIiIiIiIjIPCi4KiIiK45lWfh8vmxPQ0QAn8+HZVnZnoaILBE9g0WWh5ycHD1/RRaIgqsiIrLiuFwu3G43Rjic7amIrGhGOIzb7cblcmV7KiKyRPQMFsk+wzBwuVx6/oosEAVXRURkRVq7di2hUEgf7kSyxAiHCYVCrF27NttTEZElpmewSPYYhkE4HGbdunXZnorIA8Ob7QmIiIhkQ2FhIS6Xi1u3bjEVDBLWBzyRJePz+XC73WzYsIGCgoJsT0dElpiewSLZEX3+rl9Pfn5+tqcj8sBQcFVERFasgoICCgoKsCxLy6JElpC+50REz2CRpafvN5HFobIAIiKy4ukfmSJLS99zIhKhnwciS0ffbyKLQ8FVERERERERERERkXlQcFVERERERERERERkHhRcFREREREREREREZkHBVdFRERERERERERE5sG7WANbk7eZ+uTXhPs6sW5/uViXEYmyrBTHUvazMuiTvn2281PNIdXx+DFmOz+xLfU5AJ6iTfj/jydYU7cPT15R6kmIiIiIiIiIiMiCWrTgarD9/yF88Q+LNbyIxDFGrjHW/S9Y05MU//efZns6IiIiIiIiIiIrwqKVBTD6OhdraBFJI3i1O9tTEBERERERERFZMRYtuGpNDC/W0CKShjE2lO0piIiIiIiIiIisGNrQSuRBYoSyPQMRERERERERkRVDwVURERERERERERGReVBwVURERERERERERGQeFFwVERERERERERERmQdvti48HnbzbwNF/H+3/QxO+bI1DZH7QnFOiP+zYILvld4iz2NmezoiIiIiIiIiIkIWg6un//da/jJYkK3Li9xXhqZ9/PutNUyZburLbmR7OiIiIiIiIiIiQhbLAnx2Ozdblxa5b/WO+7M9BRERERERERERcWQluDoednEn5MnGpUXua7dDXiYNlUoWEREREREREVkOshKlyfda2bisyH3PxEWuaq6KiIiIiIiIiCwLWau5KiIry1fXr2d7CiIiIiIiIiKywmwsLV3U8RVcFZElsdg/zERERERERERElpqKN4qIiIiIiIiIiIjMg4KrIiIiIiIiIiIiIvOg4KqIiIiIiIiIiIjIPCzfmqsvN/Pek5tSNFzj4xf3809LPqGF8DK/PF0HH/+A//mrma3f/8lv2FOVP7PhWju7mlKckPYyzbxXc5t3/u7n/CGD7t//yW/Ys+Wq3f+Zn/D2noe58s6P+dlHmV9SRERERERERERkpVm+wVWA8S9mBAi//5PfsOd0M9y3AdY5zAikPsNPf/tD3mvh7gKsd+EPP/9xRkFYERERERERERERiVnewdUU/vDzbv7b6WrWPwN8BJHgYzThMyEg+zK/PF3ByMUiqqryo21bWn5HLCk2ORM2abyEYOfL/PJ0NSMXR6iq2pT6/Gd+wtt7HiWWfzrOxXvKAv2In/3dFn55uo5fvvyrWMZrUmbvtUg2bPT4JvacbmaLM7d/SLjnxPtKyFxNuvo/zPpeiYiIiIiIiIiIrFz3ec1VOxC65co/s+vFH7DrxR/w8cij7Gl5Oa7PJqqKuu32v/s5/OQ3PFn0Be84/d+5WMSTv/0J348br2qk3Rnvn7lYVMd7CePlU7XltnP+P3NxfBNPRtqdwOrIxz+InT+eT9X/iIw/X7/i0jUoWv+M/fLlZt57Ej527mHXO19Q9ORv+OkzwK/2s+vja3YgOT6wGnfPuz6+Bpvq+OXLs13TDrqmf69ERERERERERERWtvsuuPoPLXVsGr9K10fAy09TxRf8y89jaaH/1NTOtU3VdqDRce1S+uX0f/j5j9kVydh8+Wmq8q/xcTRT9SN+9i9fMJ48Xlckw/Mjuq6MQ9F6O+D40c/50Yvx9VSd9gVwZWSc/KItwDP8tGYT1z6OyyD96Of8y0Wo+m+po6X/1PSD2D0C/KqXa/OYQ8J7JSIiIiIiIiIissIt77IA+Y+y5/Tv2JNw8Bofv2gH+L6/vgjyN6XoM85ImiHtsgJ1zjmJS/a/v74Ixq9yJf6Ej24ysufhu5y4vXFVdDX9wsRXHVsoyodNT/6O955MapojYpq8YdZcAdbZ3isREREREREREZGVbnkHV1NsaDWvPgl+xf988VdESwDs+R3v7bFriV6Z89y5xIKq4xf/mV0//8ipZ3rPA7OlKJ/xkSuAPVi0xmoGYkHVa3z84o/5J2eec0v/XqnuqoiIiIiIiIiIrHT3XVmAeH+4OQL5a5hf7PIjfvZ3P2DXi+1cYxOPvJxmvGfWU5TpkC9XsGncrlH6o58vZIrnyzyyCUZufgRcYWQ8rv7qnJ6hZks+1z7+AbvmHRSd+V6JiIiIiIiIiIisdPd1cJVf/SlxQymwN3s63cw/pDnl+z/5De/Fb8r0cgWbuMalX6Ua7xl++j8eJf9ad+bL4eODsy83JyzDn59n+Olv69h0rd3JVP2In3VdI7/qb+PqwD7DT3/7O97+SfqAaywY64yXwZVnfa9ERERERERERERWuOVdFmBOH/Gzv9vCL0/X8V50mfvsy9b/8PN/pea3P4yr02rXEv2n6Hjw09/+MDbetXZ2NWUYTfzVfj5+5Hc8efp3PAl2yYKPYc+TD1PzDPwhkwDtpvh7sUVKDMRf5531v2HPnt/x3p5Yn2i27K96ufZkHXtO/4aad37Mz/6lhrf3/JD3Tv/QvqWP/5mLNT+k6pGXgdk2+5rtvRIREREREREREVnZXJZlWYsx8Ghz7aztP/5fd7tJlIgAtHz7v0j1TRv5Tv7mP3Yt6PX6+vrYWFq6oGOKiIiIiIiIiCx3t4aH5+xzf5cFEBEREREREREREckSBVdFRERERERERERE5kHBVREREREREREREZF5UHBVREREREREREREZB4UXBURERERERERERGZB2+2LlycE2ZoOmuXF7kvrfWFsj0FEREREZF7FgwGGR0dxTRNDMPI9nREVgSP14vb5aKwsBC/35/t6Yg8MLIW3fzW6iB/GSzI1uVF7kuPFExmewoiIiJyX+nh3cYW+ncf4bW6knm0Z2CwnTcPdfLEkQPUlfTwbuP7lB05QEbDJZyb5g7aGmnuiDtQvps3DtRREuvAvvc3Jx6bzd32lwU3MTHBnTt38Hi9eH0+vD5ftqcksmKYpsnIyAirV68mLy8v29MReSBkLbj64jeHWeW2+Ox2LjenlMEqMpt1OSEeLZjge6W3sj0VERERuR91nuDd0gO8VBl/cJD2oy10AOX3MnZJHa+11t3T9NLpaWukmSaOt1YmHDvYOMD+1gYqZzlXlq/x8XE8Hg9ut6rUiSw1t9sNHg/j4+MKrooskKxFNfO9Jg1bFCiShWNZKY6l7MCUImUAACAASURBVGdl0Cd9+2znp5pDquPxY8x2fmJbmsFFRERE5lBWW0t/dw9UxoUjBy/yCQEC5R30x3cebOfNQyfpix4opyGSWTrYzpsn4Imyk7R1AIEmju+87mSfvkD/ITtYy6FG+pta7WBuTxv7WuJTTwMZBkZ76OqAQFNiz8qGJgIdLXT1NFBJbOz4gOuMbNdAE8cbKhPmEulf3H6Ug521cZmsdjYvkfk7rzuSx5J5sSwL0zSVrSqSRW6Ph3AohGVZuFyubE9H5L6nlFERERERkQddaRVPdJ6lh8poUHPwYifUvkBZZ1xw1QmsljW18lol2Nmth2g70U5VJPjYd5JPao9wvNVZVD943Tm5kpdamyC+LEBPG/ta+mk40uos+7cDlc1t1RkEKIspK4e299v5XsIS/kpeam11/t7A8SYSlvn3tDXS3L+bN1qdc3ra2NfSwrvVrbxUObP/4KxzsLN7+3cf4bgdXab96CHebL+HMgornMvlwjAMBVdFsswwDAVWRRaIgqsissScD2l98ccyzWCZv+iyQmWaiIjIilRCVW0/f4wmrw5ysROe2FsMnfHdkpf4l1BVW57Yh3KeqMowsFjZwPHWhAPUBKAjXf+kOdcdaKK/sYWDjSejRwPRjNJ0l2zleMKBagIZXjGzObWyOEUQRERE5H6k4KqILB0nG4bdRzh+oCTu8FEONh6NLTkUWWLBYJDh4WGmQyEmxsdZ5feT4/Oxdu1a8vPzsz29RbfS719kpSipqqX/rBNdHbzIJ9Ty9yVwMWXvpKXw5bX3dvHkUgOBTE+0s1Rfihujo6WRjgx+MTvYfpSDJ2O/zc34kglKqHshQFvLIfadZOZmWiIiIrLiKbgqIktkkPYTdmA1eRldSd0B9g808vuLg9RF22apbzbYzpuHBnhidz9tkQ9NyR92Ej7EBQjM+EQ1x/jJ9eSU8frAGhoaYnBoiDVr1rB27VrWr1+PaZpMTk5y7do1ClevZsP69Xg8nmxPdVGs9PsXWVFKqnii/wTtgweoutgJtXtTBAljz8dyZyn8YPtRDnbOHC4jcc/jgFNqwF5NMp/5R7Jq7VUwv2/fmXJpfiyoGmB/6wEqIzVU56uygeOtDdF7Odh4Uv82EBERkSgFV0VkaQxe5JO+AH9zIHWuR2VDK69FX8U2kjgeV+8tsb5ZB20Dkd2D7f6/bq+y25PrxfW0sa+FuJSVDMZPricnD6ShoSHujI5SVlaG3+9nYmIC0zQBKCoqoqioiOvXrzMwMMDDDz+ccgz7Q3xZ2gyqudpT9k/YWGXxJN9/vLy8vAzuP1WZj4jFL/eR0mC7s7GOMuFFZiqhqhZ+fbEHOuGJvSkqjvZ007GA2ZmDFzvpm28g0nl+z/xZUkJpGfQNDMGMWQ5ysbNvztIB8xIJ7va0sa+lm56GyqX/GSciIiLLjjvbExCRFWJogL7yzRRn0HWw/X06Ak1xH4pKqNu7G06epSfaq5yGnZEOdv02+0OW80GufDffizY3sD8uczXT8TOuJyf3pWAwyODQEN/4xjcAuHz5MgMDA9E/fX19jI2NUVpaSigcZmhoKP1g5f38/mj7zE1RetoSlqQuJ/H3nxxYjfB4PBndf6CpleOtyX+yEFgVkTmVVNXCyRbaqCXtY65vgOh3/EL8HOu/Hv35ONh+lOZMy59W7qShvIPm5J+vg+38viP+3wGpLhm9Iu1HW2atuFpSWgZ9nVwcjAz/flz/QdqPNvJme2wGPd0dEKjWz7gldKPrFKfO9TI+z/Z5Ge/l3Klz9M5z0PHecws/JxERWZaUuSoiWZNcCy2ytH9ooA86Wtg345NQZtXShgb6oOyFhFyW4s3lMBDXfg/jy4NheHiYNWvW4Pf7uXz5MuFwOKHdNE2+/vpr8vLy2LBhAze+/pri4nS/HqjlibJOLg7WJWRL9nR3EAgE6Ej6Wutpa0wMLsya1TVLCYt7EH//s/F4PBnc/1zmLvPxN03Q3NIRa995PaG0R0LmWk8b+1oS3sBZsmSTsmtVL1FWupIqnigHaqtSfx9UNrA/0Ehzo/M9Vr6bN5oCHGxxfsbNeYFKagJ9NB9q5JPdR3itbi8NnYdiG1IFmnhj9/scPJlJ5qe9eVRpW2PChlax5f6RS1YT6GvhYGOnXb99724+OeTUSAUCTUdoeP8Qbd09vFRZObN/5J4PNdIGlO9uoqG8hf7IHJLGs3+OKLS69C7zl67V7KjZkHB0vPcc53sho9/g3438CnbUVyzwoCIi8iBScFVElkbxZsqdTJjIh7mSugMcdz6lzajntti1zFQrbcWbmp5m3bp1TExMzAisxrtz5w5FRUWEZukDUFVdxq+T6gZ3dQSoaSIhuNrT1khz/27eaHUCfD1t7Gtp4d3qVEtYMymRMT+R+89Ebm7unPefXmZlPpq7m+JqGrawryPA/tZWKpNrK/a0sa+ln4YjrU4g2x6/ua06xfe0fe4ntbFN9HraGjnYVqrvf1lB7A2hYpJ3u09+bZfqOd6QOMrx6BCRuqfxQyYeSz4/eXyIPf+Tz015Bynmk9QjtulVujkmzCG5f4pr1MW9ZxnMUZbA2q1sHb7KDTYQC6+O89VlqKgopnc4vvM4vec+oCtu0UVxzfPsqLA3abzRdYqra2sY7upiiGJqnn+c4Q+usrZmmK6uISiu4fnvwl8+uMzW53dgn5Y0ZnENz++oILbt4w26Tp2n126kQnFZWSKfffYZ36qsxJeTk3A8ND1NT08Pj33721mamcjKobIAIrI0Sqp4oryD37fPWDg9Q/Hm8oQlhHcr1flDA32ztsvKMzkxgdeb2e8YPR7P3Bs6VVZT1nkx9nXV001HimWjlQ2tHI/PnKysTpsznVkJi/lZyPvvaGlkX2P8n6O0xy+vvZsyH05WXfnunc57V0JVbXm07Ie9sUx8PVW7LEhKPWdpYzd/HxeIrmxoItDxPhn8KBIRkWVlNRu3DnP1Rtyh8a+4zFYeXhvfzwmCrt1OfX099fX1PF9TzFDXXxKW+Pd2DfN4fT319ZHgaS9dw4/b5yQETWNjXt76fHTM7Wu7+KArMhk7sDpc47Q/v5Xh3lnKCYkskM8++4zPP/+c8+fPE5qejh4PTU9z/vx5Pvv8cz777LMszlBkZVDmqogskdiyujdJyrqL1HMrr7V71r1A4GTcBlXc3SY/kfP/2FNnB3R62uwl2IHE9vmOLw+GVX5/dPOqTMzdt5KasvejpQF6ujsIVDcA3Sl7J5fFSBUfXMwSFgt5/7NtHDPfeygrneM7MW4H8nTDDV7vh76OpOXEAOXMmgQnIiLLUv7GrQx/cQM22Lmr419dhq3fJZ/L8b2o2FFPRdJ5xQl9gIqHSSwwABUPJx9x3PiCLmp4viIWct1Qs52KU5/S++gOKsav0ksF2yPt+RV8t+YyH1xOPZzIQvlWZSUDAwMMj4xw/vx5tm/fDsD58+cZHhmhqKiIb1VqtY7IYlNwVUSWTkkdr7VW0X40rm4ZAOVxS3wBKnnpyG7enFHfLNPAZ+T8RvY55zYEoG1G+3zHlwfBqpwcJicnKSoqwu12pw0e5ubmMjExgSuDMSury2g+20NdA3ZJgAZITjGNBVUjNQOdZfPpLFIJi8j95+Xlzdk30/tPayHvIS6oGmhq5bVKp9RCuv763hYReXDkb2Tr8BdOaQC7JMDW7+bDV6m73+g6ZddjBaCYrfO87PidYRjq5YNTXUktxdRE2ou3JmS75q9ei8hi8+Xk8PT27fzJCaaeP38eIBpYfXr79hnlAkRk4Sm4KiJLbGZtt9TdZqlvlqKtsqGV47P2SdqE4y7HlwdPUVER1778kqKiItavX8/XX389o8/q1avJy8ujv7+f1WvWzD1oZTWBlm56qqEjUJ1Qz882yMXOvlkzPeMVby6HzusMUrngwcH4+5+r5MHQ0FBm95/CQt/D4MVO+jIM1to7gCfWehYRkftZPhu3DvOX3nF2bLRLAnw3f2avaFC1uIbn6yvIH+/l3L2mkc6osRoznuKYyFJJDrACCqyKLDHVXBURkRUpPz+fwsJCvv76awoKCigvL6e4uDj6Z/PmzZSWljI0NERoepoN69dnMGolNYEOmls6CFSnD/71X48U/Byk/WgLM1bMO0rqXiDQd5JfxxUIHWw/yr6j7fdcMzj+/g3DSNvv7u5/pkW5h7iayYPtR+2yH6lU7qShvIPmtrj04Z429jW23XPNWhERyY78jVvh8lfc+OoybN2YIth5g6u9xdQ8n6p26jyvuXotDA2nDaKmah+/M5ymt8jCiwRYi4qKFFgVyQJlroqIyIq1Yf16+vv7uXr1Khs2bEjI4pyYmGBgYIDpqSk2bdo094ZWjsrqAHRATcrYaqz2cKQkRaDpCA3vH6Ktu4eXZtTEWtwSFsn3n5ubm3D/t27duuv7n2lh76Gkbi8NnYdidVQDTbyx+30Onuymp6EyaQOxEuoONNHfGF/zNcD+1oYZG42JiMh9In8jW/mA813F1DyfLnQ6xPA42JHVG3R90MXQPZQFYMOj1BR/wPmuh6mvceqy3uji1HnYXl/DBqf9095H2VGRD+O9/KVrCIrnfUWRuxYJsEb+LiJLx2VZlrUYA4821y7GsCJppfpKTvXFnfwln7pP+vbZzk/33ZR8PH6M2c5PbEt9TvK53/zH5FpQ96avr4+NpaULOqbIcjM0NMTw8DDhcBi3x4NpmriA1WvWsGH9+nsILN4fVvr9i4jI0vryyy9Z5fdn3P9G1ynOsz0a2BzvPccHl7dGl+knv7YDn5Fiq8XUPP84wx+cZ7jmeXZU5M8YD27QZUdKiR5ySglsfX4HFfmxPtESrlTYgdXYLOPaK6ipGaYrfk4iy8xUMMhDDz2U7WmILHu3hudeibD8g6s7T1H42Ja4A1cINdcTXJjRgdfJ2x/A+vMOJi/c61gvkvvKq7h6a5k4m77dm+LfEcbn6c5JzbfrHP78Dkbf/kVG/f0/6sTHh4y+/Qv73PWXCL71CqHML7nsKbhq/1fBVRERERFZzu42uCoiC0/BVZHMZBJcXdZlAfw/6sS37gqh5tpoMNW36xz+/edwLUgwNDtmBFK3vUXBU53kcXcB1rsRfLt2AQPSIiIiIiIiIiIisnyDqztPOYHVxCzV0Hs78PyoE993XocLkazNpIzQWx/GMjq3vUXBU+sw+ovxlhXax4IXnKzN18nb/ywegKc6yVvvBDfnypbd9hYFT23D5by0+o8x9h6xOTzWScGaY4y9dzqze73wCmPrT1H42Cn8Z+sTA8mROTNK2Akox44/S+ErG517mZkVa8/LnkN85moyO4id5l5FREREREREREQkJXe2J5CO/6EtcOtiyiBf8O3auCChE1Sc+JDR5lpGm48RznuWwh+9HnfGFrz5HU77hxj+baza9SLwCyaaP8RglPCf4wOrxYT/XBvrzxZ80fFeJ++pbZifx9rNslfJ23maybeOEQ7amakZB1Yjzl7EoBjXNvtldOl+s3Odz4fwPnUKP3aAOdg/ageR4wOr0feglmD/KK6yH5O7bfbL+nadw5d3IXqdYH8xvlfewnd3sxcREREREREREVlxlmnm6ou48sC6eWnurjv/Gq//CqG3IsHW00x2Bih4KkDuNpgEYJTwf0Taf4F561k8+Y+kHu9sPaMJS/Od/s4r364AnuAFgmdj7RPNmdU9nd0lrOCzuNYDvI6vDMJ/jquJerae0EOdeHe9CDMCt6eZfCvxWKj3EqvK0tzjLELv7Xig6rCKiIiIiIiIiIgslmUaXM2cb00xBC9hxB+88BXmU3cfWEyQtPSfW/Z/PPmFMPHV4gYgt23ETSGupzopfCqxyRqf/dTEJf6jc14q9F4Hvv3P4t/fiT+u9ICIiIiIiMhCsywLj8czd0cRWVQejwfLsnC5XHN3FpFZLdPg6mmsiVdxpcsuXUxxQdXIxlN2vdLF9ggu/yjWzcjruwt0RoOqwQsEm18htO0tCjIKMEcyb53SAk91UviU6q6KiIiIiMjCc7lcuN1uTMPArSCrSFaYhoHb7VZgVWSBLNuaq8Evr8C6Kvwp2ny7zlHo1AUN3R4C/zoSHsvbNs77xnwVj+C6ZdcunTg7s90YH4W8jQsfbN1ZhYchrAvYmbcUOiUCMvE67nV23Vi7But8nGbyrViNWffOeQ0iIiIiIiIyq/z8fAzDwDTNbE9FZMUxTRPDMMjPz8/2VEQeGMs0c5VojVHf/lMQl0Xp23UOf1khxudOEPHsvxGueBXfj14n+LaTgVm7DdetD+2szzk2dErJCZ6GnOv51hEtCxBZRu/bCaGzEMn49Nw8xth787zXbW9R8NgWjM9rnfv8BaH+AP7HTuE/G7n318nb/yx8njroS0Iw1t50y5VBWYDoxlmRoOzOKjxcce5NRERERERkYeXl5eF2uxkdHSUcDmOEw9meksiK4PF4cLvdFBUV4fenSmUTkflYvsFVIPh2Lcauc/j3xy/Lv0KoeUfckvXTTL4Fua+8SuH+Z+1Dtz5k9O1MN5n6BeatTnxPdVJQcYyx936D95VXnRqk9ljB/gD+MjuLNsgvmPjzRgqe6qTwMWLXczaZCt/8Mf7HOil8KP0cPI/FnQvYJQBqE0oAhN7bgedHnfji7t2IC6yGei+x6qlnKdxfRai5nonPqyiMjjtK+M8fYjz1LJ6KF+FC8gZY8ddJul+nHIFKAoiIiIiIyGLx+/0K7oiIyAPBZVmWtRgDjzbXLsawImml+kpO9cWd/CWfuk/69tnOT/fdlHw8fozZzk9sS31O8rnf/Meu1JOYp76+PjaWli7omCIiIiIiIiIiy92t4eE5+yzbmqsiIiIiIiIiIiIiy5mCqyIiIiIiIiIiIiLzoOCqiIiIiIiIiIiIyDwouCoiIiIiIiIiIiIyDwquioiIiIiIiIiIiMyDgqsiIiIiIiIiIiIi86DgqoiIiIiIiIiIiMg8ZC+46vFk7dIi9yu315vtKYiIiIiIiIiIiCNrwVXLkwceBYpEMuXx+vD587I9DRERERERERERcWQtuukKjWOtKgT/KgVZZdG4Mjy23BlGGGNqkqnx29meioiIiIiIiIiIOLIX1bRMXEEFimThWFaKYyn7WRn0Sd8+2/mp5pDqePwYs52f2JZmcBERERERERERyQptaCUiIiIiIiIiIiIyDwquioiIiIiIiIiIiMyDgqsiIiIiIiKSFSp9JSIi9zvtJCUiIiIiIiJLamxsjFu3bmGaJqFQKNvTEVlSvpwc3C4XxcXF5Ofnz9m/778uMz4+Hn1dXFLMxoceAmAqGORK3xVC4VB0047yreXkFxQAcOPrr7nx9Y3ouf5cPxWPPLKAdyMiCq6KiMiKFQwGGR0dxTRNDMPI9nREVgyP14vb5aKwsBC/35/t6YjIEhsdHeXmzZv4fD5yVq0iZ9WqbE9JZMkZhsGNmzdZb1kUOIHQdCzL4qFNmyhcXcjgzZszNmD2eDyUffOb+Hxeent7Z5xbtLaIb5SWMjE+zo0bNxCRhaXgqogskR7ebWyhI9DE8YbKhJbB9qMc7KzljQN1lMw5ziDtRw/R/0IrL1XGxqUp8noxJV6rp62RZpz76Wlj3/ubM7wHWQ4mJye5fecOHo8Hr8+H1+fL9pREVhTTNBm5fZs1lkVubm62p/MAs5+bbX0zWwJ3+ewcbD/KwYEXZjzHF47zbwWA8t0znqmD7Uc5eDLljcTmNNjOm4c6eeLIAepSPpB7eLfxfcoi7XP2l8UwPDyMz+fD49XHUVm5PB4PALdu3UobXP2Pq38CwJpcQ3FJCT6fD5fLzY3bfdwMf2F3Mjx4w8X4fD58OT4sy6L36/8XhpyM8Mk8Sgoejn7PjQfvRMf9zsNPL+5NiqwQepqJyNLqaOHd6oUMhFbyUmvrQg12d1duaOV4Vq4sC2FsbAyPx4PbrfLjItkQ+d4bGxtTcHUJzAikDrbz5qFG3l2SX05mqKebjhRB1QQzfklrB2Tf3HyE1+pKoKSO11rrlmCyMl+WZWGaprJVRbADrNPhcNr2r29fZc2a1fisXEzTjP4JWUFM14jTy4fbWIfL7XLaLaYZxXIFAXDjSjjXtMKEGOb27TtLcIciK4OCqyKyhMoJBKCjpY2a1gbSfpYbbOfNQyfpizuv4cgB6krism9aGunffYTX6oZmZK4mZrYE2B93rZ62Rn6/eTdlJ0/amTEkfeBMe+2Z04xmrlZ3s6/FHu1g4wD7j2zm98lZMD1t7GshYS6SXZZlRTMGRCQ73G43YdVazI6SOl5rGmBfwjN5ZpZr+W47aBl7trawrz8WAE185qZ/Zkake0bHHz/YePIusmorqQlAf+wCcZmoPbzb2E3Z7n7aTvZB+Xb+777z/C+AQ430N7XyUrF9Wv/Zo+zr6IvctFaiLCKXy0UoFFJwVcQxW81hI2yRm+vHGHVx69YQExPjjI6O4fG4ycm1v4esaR/G7TBfX78eHc+X48Ptt2sHGFNuxkZH+erLL5mamgYgN9fPraHbi3xnIiuHgqsisqTKdu6lof8QzW3VqZcVOsHNsqZWXquE6Ae9E+1UHaij7sARSCgLMJR0+lEOnixjf+uB2Ie1xraEoGbfyU6eONLK8RKnPfLBco5rp/2QVdnA8SbiygIM8kT5ST65OEid8wmzp7uD8t1HFFhdRsLhsJYjiiwDqnecRZXVBHif64NQGfkFZlkTxw84odb2oxw8eYL2qgPU1R3gDRLLAkTL+rQesJ+RPW3sO9RGaZpfJM76jK47wPHS+ZTY6aGrI8DftKY7o4O2gSaOt0Zm9B38CWUBAProINLHzoT9dXuVnQkrIpJFRtjCsEzwB7kdusZtJw7rypnCNE3nRRgz9w5fj47Zr3MBdzjW7ptmMnyDydGbdvc8A8MyMcIWIrIw9KlSRJZYCXV7d/PJoTTlAWYs5yuhqrYcOjMZu4c/nuwj0HQg+qGupG4vDZ2H+H37ztiHpMAL0ayakqpayul0Pljey7UT77Gqtpy2zosM1tVRQg9dHeU8cUQf0kREZDkppqy8j/4hoKSEugOtJDwFnWdkaj388SQ0HIkLhFY2sD/QmPjMTeifwTN6Lh0t7OtIPlhO2SBUphkiUD3XrzbLadgZ6WNnwnYMDIFyV0Uky8yQRXBiCk9OCHKSgqFTcX/Pm0xsM5w/AO5pyE9qnrAwQwquiiwUBVdFZOmV1PH3uzujGaPFKTvFbWoBUF4797iD1+mnnCcSBiyhtOxuJziPaycpqaql/OQAQ0DJ4HX6y2v5nj6jiYjIfaCnrZHm2EOQJ1J1GrxOP310HGqkLampfHe6/gvwjJ5Rc9XJuD3bQ92ibbQlIpIdbiuH4evBRRtbRBaGgqsikhWRbJXmtmre2BzfEgtslu8+wvFInbe7zh6djwW8dkkVT5SfpKungeLrnVC7V/kvIiKyzAzR31dOmRPwjAZVy3fzRmsdJU790vTmrrG6+EqoeyFAW0s3PQ2VKr8jIg+ULav/L9aVFONyubCshck0jYx1a3Bo7s4ikhEFV0UkS2LlAX5dXh47nMlOwWmHLKWMyPLGyMFBrvcDm9OftiDXnjkZuzRAdztl/fDEXoVWRURkmenppoMy9tsFU+nquItgacpn7t32v4tn9FzKN6dZCSMicv+ysCgsLMTn82FZFpZl4XK5ogHSyGsgGnx1u90z2uJFNpUbGhxc0nsReZApuCoi2RMpD3CyL3HpfZ+znB6gp21me1qVfG93eWyDKmCw/QRtfQH2H8gwuDnva89klwY4SVv5bt5QbPXBcqOLU+d7Ka55nh0V+XP3X/DLn+I826mv2bDk1xaRB8RgO2+2dBBoao3L9owPfvbw7qGT9KUrC5DimRtZAUJTiprqC/GMTn0jtL/fQXntEa0QeUCNdJ/g2PWnOfzcloTjV84c5p1u58Xm53h1bzVFdgtnDr9DNzNtfu5V9lYXASN0nzjGmYH41mr2HH6OLSnOS5oR3SeOcf3pwyROKWnM6j0z5pzeFc4c/hOlr+6luijhJjn8TuKdxO5BVgQL/H4/OTk5GIaJaRq43W7cbjemaWKaJh6PB5fLRTgcBsDr9WJZFoYxs6/b7cbj8eDxeEAlV0UWzPINru48ReFjaR5GwQsE33qF0NLO6D7xIrmvvIrXHzti9R9j7L3TC3eJnacorLi1MP8PFnIsuS9FygNE67U5m2E0NzrF3sp380ZTgIMtnVwcrKOuxMkIbWmkI9DE8Ybk8ZzdjBsbnSMBexfiTCYz57VnO7eaQF8LBxs7Y1k/JVU8UQ7UVukD3wNlnN5Pe6moqKC36wtuVNSw1CHODTX11C/xNUXk/tbR0kjiPlDlNBxpjXu2VfJSU4B90X7lNBxpInCohU8uDlJXV+L80rCFfR3Os7XuAPsH4p6bQCBlYNV2T8/o2I3M3NAq0MTxjGsTVFIT6KP5UCOf7D7Ca1V3c3FZaiPdJzh2ZgCqE4/bgdW4YOiVMxw+0e0EWLfw3OHDPDdjnFKejgQlR3r5lOd49XAkIJvxjKIB1KQpceXMMc6U7uHw3i3Rfie6MwmERoLBmxPmDHDl826q9yQHcWUlsbBwu1y43W4Mw8A0zYTM1fjgaiRbNb6v2+1O6BsJtrpdLixFV0UWjMtaqMIdSUab55fpFaWg293b9hYFT22DhGDq6+TtfxbPrQ8ZffsXC3OdZRpcTfWVnOqLO/lLPnWf9O2znZ/uuyn5ePwYs52f2Jb6nORzv/mPXaknMU99fX1sLC1d0DFXjkHaj56AvdmuRyepfPnll6zy++fumGy8l3MfDPN4/cNcPXUettcTn0A63nuOD4YfZzvnOd9rH6vYXs+jd87xQddQ5EBi1qmTCRtRETfmeO85/sJW1nZ10eu0PXw1MXN1vDdubIqpeX4H0YTapLGhgu31dkDYnutWaoa7iJyerWxcuf999tlnfKuyEl9O4gYZoelpenp6eOzbAAeN0QAACoxJREFU30553lQwyEMPPbQUUxSRZeLSpUvkFxSk7zDSzYljZxigmurqbrqJzwK1g5EkBB3TZZPGxiqN73/lDIc/f+wuMkvjA73VVHd3J15/pJsTxz7l8fjM0ytnOPyn0riM2pki2bebq6uh+3ri+YzQfeJf4W+TslnlgTM+NsYjjzySsu0/Pv2UqqrHyFmVQygUIhQK4fF48Hq9hMJhTMPA5/PhdruZnp7Gsiz8fj+GYdh9vV68Hg/hcBjDMPB6vfh8Pqanp/ni4kW+8/jjS3y3IvefW8PDc/ZZvpmrGXmdvP0BrM8v4XlsGy5wslq/wrf/WTwAjBL+8w4mL0TOScrsTMiCfZ28/VVY/cV4ywpjbfFZtMELhCe24SU+WOkEMCOXiA9kbnuLgqfWYUTGnHFNokHRSDWUSKap/0ed+BKuY8/dczNVJuqL5NYmB1YBfsHEnzdS8FSA3G3E3oeEzODE98i36xz+/EuE87ZF36do9mv0vC3495/C01xPEOy5rou7bFIwN7H9CqHmeoIpx5rlvRS53wxe5BNq+XsFVh8o419dZqjicTawASrg/NUb1GxIyl3tPc/V7fXU1zgBzPOn6K3YTn39Bic4+ym9jzoB0Btd2DHaejsDdryXcx+cozcuQDrUdZmtz9dT77y+cTXuWje6+KBrLdvrd9jn3+ji1AddrK6vYcONLk6dH6bm+XpnrBt0nTrP+a6HY8Hd3i6Gt9dTvyEyl7/QuzEuOCuSgc8++4zPP/+cawMDbN++PRpgDU1Pc/78eYZHRrCAb6cJsIqIJHt8z2H2boErZ7pTLPHfTGmKgOP1wRHYkthw5d/PMFC9h71xcdSRwetsvn6dw4eja/gzKAnwOHsO72ULVzjTnTSjkesMUMrT8ZcuKmXzwKf0jlSnD46WOtmzI92c6L6e1DjCdeD6scOcidy1SgKsPBaYlr2k3zAMDMOINpnhMIaTyRrJVsWyCIVC0f52RxPDjI3h8XiwTEtlAUQWkDvbE7h3hXgrYKq5ltHmDzH82/DvD2D9uZbR5lpCtwrxfud1p28sODna7LRPbMP/o9fjxtuCN7/Dbn/rFULb3qLgsS0Yn9v9R3vX4Y0PIjrBQCLtzccI5z1Lwa4XU4/pzHFVtP118p7ahhk9/0PMslfJ2wnBL6/AuiqieVXbAnj8VwinWuK/LYDHP4rRm6LtwiuMNe9ICqwWE3beo9HPh/A+dY7cbXHnrNuGqzfSfgVX2Y/t9rP1jH5+xQ4QxwdW8y4QbI71Z92z5O20h/LtOpfQHuwvxvfKW/hmjPUiua88i7v/2Czvpcj9oaetkX2HOnli70JsjiXLxw2+6Bqi4mE7MLnh0RqKez+ldzypW3ENjzqxy/yNWymmmJrYAbYWDzE8DtESA9vjSgvkV/DdGuj64kbceFvZmDLYaZ9fXPNo7PwNNdQ7man23+MDpRt4uCL9XNnwMBVE5iaSuW9VVlJUVMTwyAjnz58nND2dEFgtKiriW5Xax11EMlRUTXXaSOcWHqse4My/djMSOXTl35PqpzpGuvlT92ae+6vEwUauDzDA47x6+DCHDx/m1eeu887hM1yZdUrVswdfN5cmZqgWlTDX2q8t1bOUJRgZ5PrAAKV77DkePryH0jPHONE9ku4MeQBZWFimiWWamM5Sf8MwMJzAavxr0zAw4oKwkbZw5LVzzDJNTMucsSJTROZveWeu+rfh399J8qLN5BqiRm8kC/QXmLeexUNHNJAY/PIKvoqN+IDQzr/GywWCcecG3/4Q9/7ErE7jy1impK/iEVy3PmTirHPg7L8Rrng1+sb5dgXsJfeRdk4z2Rmg4Km/xs9pggCMEv6PyJjOHPMfiZ0fvEAwev4vmGiO9L2I8dizuHcCZyNz6XDGTLJ+HS6GsC6kaoz3IrkVW7D6j8WCrWfrCT3Uie87r8MF59rBC4Si92zPw7U+9YjBt2sT53T2IkY0K/Z1fGWFGJ/HMnVD7+3IsATAaSbfWsBasSJLqLKhdUY9WHkA3LhKb3ENz0eCkfkb2VrcxeWvxqmYNdVzLavTBEeHh6D3/Cl6k5uSg6Ap2eevfXyONNPxXs590EWkcEBmY4tkzpeTw9Pbt/MnJ5h6/vx5gGhg9em4bFYRkXu15blXee7EMY4ddnI6q/ewp7qbPyX1G+n9lIHNj/O3RcnnH+Zw3Oui6r/luU+P8afuv1o+maFF1ew9HF/ZdQvP7anm8Dv/zpXqTDbekgeBZVmYzh/LPuC0uOy/x72OtLviznV62q+ddtNyArZKXRVZMMs7uDrPjaus8Uspj/vWFIN/S4qA7SjhNGN58guTxjuNNfFqQjvrnqVw/7NJZ872e8/E8Zn4Ks092oFY75oXgdN48gsTAr/z8wguP5i3E4OWxvgovntcAurbdQ5/pPQBYABs24ibUYybmYxwmsnev6bwsVcp3P+qNi4TkWXGzhJlCD44lVTbeOjeNraqSKrbumDigqoV2+vZsQFudJ3i/CJcSiQ5wAoosCoii6SI6r2H4zaVGqH7BJQ+Fh8YHaH30wE2P/63GWxaVURJJM00Wu/VUb0ns9qsA9cZgdi1Rga5DpQSV681OuQ8N6kqKmUzyeUD5IFm2UFSyzSdA/ZmVi63C0w7bOp2XrsAy+XC5XbjtqzoxlcutxtXwqYilh2TVWxVZMEs7+DqYliMgN0i1gUNfnmFwooAPh7Bve4K5ttpOt68hcUjuLYBc2avLqxYUPUKoeYd0bqp83K23s4CdurQ+vd34lfdVRFZDsa/4vJQ0mZREA1gXr1RQ3Lp1bnls7YYLt8Zhw3z+Q3X7Ofb9WGTNs8SWUTxAVZAgVURWRojvXw6sJnHi1IcS05bTbMh1uB1Jzg7I2M0A0WlbOZTEkq+jlyPZs0WVe/lbocc6T7BsU8fT9wQa+Q6A8nlB+SBFikLYFoWRjhM2Ajb2axxZQIAXG43YafGamh6OloSwDJn9nV7PJimobIAIgvoAai5mrnQ7SHwr4ttlpQBY3wUV378zn0v4spLbCfPLjswH3Oef/Yihv8RvLuq8Ny6mLokAMCFDoxgIZ6KVPVJXydvf6dTA/USVhDcaxL7efILU5yXiRfxri90atLWz5zfha8wKUxbUiCtC68wFq3fWjWjNISIyFIb/+oyQ6lqn+ZX8HgF9F69kfK82eVT8XgFQ11/iavbOk7vuVOcm1HIdbbzvyB69fFezp06Fxtv+A7j0aZznJ9Rf0BkYUUCrAqsishiuXLmMIfPRFYKjtD9r2cYqH46ceMoZ5OpkhmRyC08Vg3df4rVbB3p/lfO8Bx/Nd+19kXVPF09wJl/j5vTn7rZ/HjFvAOhRRWPs3ngDNEhucKZd7qpfnqWOq3y4LGwg6NxfwzTrqFqOBtVReqsRuuvxh+P62vGB1otFQUQWUiupqYmfU+JiIiIiIiIiIjIfWn//v2LMu5DDz00Z58VlbkqIiIiIiIiIiIislAUXBURERERERERERGZBwVXRUREREREREREROZBwVURERERERERERGReVBwVURERERERERERGQeFFwVERERERERERERmQcFV0VERERERERERETmQcFVERERERERERERkXn4/wHCwecDWnwXwwAAAABJRU5ErkJggg==" height="600" width="800" />]]>
  </system-out>
  <testcase name="getMyInfoSideMenuCount_007" time="0.761" classname="testcases.MyInfoFeature"/>
  <system-out>
    <![CDATA[Actual:11
Actual:11
<img src="data:image/png;base64, iVBORw0KGgoAAAANSUhEUgAABVcAAAJWCAYAAABcXLeiAAAAAXNSR0IArs4c6QAAIABJREFUeJzs3XeQXed55/nve8LNt2/37YyOQCNnAiBIgkFMEkmRSp6V7Z2VvfbWVm251qr1Fv/0uqamamprw3hnZmvsCeWqVVkzli3LEiVKJkVSEkmRBBGIDDRy6m50DjeHc8777h/3otFANwIpCiDk51PVbPbtE95z7u1/fnjO8yhjjEEIIYQQQgghhBBCCCHEvJdffvm221h3YR1CCCGEEEIIIYQQQgjxG0fCVSGEEEIIIYQQQgghhPgEJFwVQgghhBBCCCGEEEKIT0DCVSGEEEIIIYQQQgghhPgEJFwVQgghhBBCCCGEEEKIT0DCVSGEEEIIIYQQQgghhPgEJFwVQgghhBBCCCGEEEKIT0DCVSGEEEIIIYQQQgghhPgEJFwVQgghhBBCCCGEEEKIT0DCVSGEEEIIIYQQQgghhPgEJFwVQgghhBBCCCGEEEKIT0DCVSGEEEIIIYQQQgghhPgEJFwVQgghhBBCCCGEEEKIT0DCVSGEEEIIIYQQQgghhPgEnHu9gF+nsl9hujTDcP4Kw7kRrhTGGC9OMFuZo+yX8Y0P5tr2BkPMifHYsof55+u+jkKhlLp3FyCEEEIIIYQQQgghhPjM+o0LV33tM1aY4NTsGU5Mn2Q4P8JcJUtFV/ACn0D7BEZjMMwnq0aBAoMm7IRZ1TiAQkJVIYQQQgghhBBCCCHEzf1GhaujhXH2jR3gwMQhrhTGyFfzVIMqGg2AMbXqVGMMUSeCpWw87RHg11+LMpBaztrm1VKxKoQQQgghhBBCCCGEuKXfmHB1ojjFK2d/wvHpQSZKk3jaqxWmKlAoDAaNJubEGGhYTtgOMVocY7o8g29qwWtLtIXHlj1MMpS415cjhBBCCCGEEEIIIYT4jLvvw1VjDJWgwusX32T36B5yXo5anKpAmas1q8SdGBua19EVX0ZgAs5nLlDwiwQmwBhNwo2zvmkNm1o2YCmZ8yWEEEIIIYQQQgghhLi1+z5c1UZzcuY0713ZTd7L13ulqvmeqnEnRn9DHysbVzDQ0M9YcZITM4NcyF6i4BfrR1Esi3fyYPs2GkLJe3g1QgghhBBCCCGEEEKI+8V9Ha4aYyj5JX429C7T5VmMMShVC1bDdoiWaAurUgNsb9tKOtLE8ZlBfj70DhPFiVrHAKXQRtMQSrIuvYZ10mtVCCGEEEIIIYQQQghxh+7rcDUwmvHiFHvG9qO1xgAWFo3hBlY1ruSRzp2sbFzOVGmaN4d+wS+G3wXAUvW2AYClLNan1/BQxw5ibuweXo0QQgghhBBCCCGEEOJ+cl+Hq772uZwdIu8VCFsuruXQHG3mqa7HeXTZQ6QiKQanT/HKuR9zbGYQW9nzoSoYtNG0xVrZ0rqZlU0D9/RahBBCCCGEEEIIIYQQ95f7Nlw1xuBrj/OZC4DBtmx2tG/j+b5nWZ1eSTWo8ouh9/jJhdcZK47hqOsv1dT3eaTzIXZ2bCNku/fmQoQQQgghhBBCCCGEEPel+zZcBagEVU7PncPC4rcGvsKzfZ8jHWmi6BV5Z/g9fnLhp4wXJ7GVvWjfauDxdPcTPNr5EE2RxnuweiGEEEIIIYQQQgghxP3svg1XtdFUgwoxJ8r/uu1/ZlvbVlLhJIVqkR+df513ht9jujSNpRQsaAUAtVB2R9sDPNf/LP2pXixl3bPrEEIIIYQQQgghhBBC3J/u23AVIObG+OrKl1iR6ifuxtBG896V3Xw4uo/p8gxGXY1VDcbUAlmlFI907OSF5Z9nRaof15J2AEIIIYQQQgghhBBCiI/vvg1XLWURd+OsTa8mbIcwxvDR+CHeHn6PkcIovglAKSwUYTtMOtLEioY+BlLL2dKyga7kMiJ2GKXU7U8mhBBCCCGEEEIIIYQQN7hvw1WlFI5y5i9gtpzhw/GDFLXHQONyGt0EDaEkiVCCVKSJlmgz7dFW2mKtpMIN2NIKQAghhBBCCCGEEEII8Su4b8PVxQxr0ytZ27iCBuWSUhYNVpioGyMabiAabQQnApYj1apCCCGEEEIIIYQQQohf2WczXDW1wVNG+6ADUBZYNkpZcJNgtAHFM+EOyI6hc1egnAO/CgqMHcaLJFHxZlSiFSvZhoqmwInUjimEEEIIIYQQQgghhBAf02cqXDVGg1/BlHOY8hymlIFqEZwwKpxEheMQTqBCcZQTroWudXa1gB4fRA8dxEyewy/OYqoFjF8FDNghrGQrqrkPu2MDVutq7HQfxFsgFJWQVQghhBBCCCGEEEII8bF8NsJVYzBBFVOcQU+exR85hL5yBJ0dw1RLYIex4mmsVCdW2yrs1jVY6X5UvAlC8VowGm2Enu1YLQOQn8SZHUZPnUPPDqMLU1ApoOdGYGaI4Oz7qEQbdt92nIHHsDs3QixdC2yFEEIIIYQQQgghhBDiDihj6s/g3yPGGAg89PQ5vMHX8Y6/jslPgWUBCqWs2jZGX10yKtqA3b0VZ81TOMt3ocINoKxFvVSNV8bkJwkmTuFf2od//j0oZkB7XL1sK9mGu+YZnHXPYbWuRln2TVsPCCGEEEIIIYQQQggh/ml4+eWXb7vNvQ9X/TL+pT14e79NcPkgWHbtC0BrMMG1bVG14LO+ZGWHsPu2E370f8RqXYtyQjc/j/bRs0N4J9/AO/C9WssBq34sY7A71xN65A9xVzwG1mejoFcIIYQQQgghhBBCCHFvfObDVRNU8U68hnf4+wQTZ1E6ABSgwYBq6cfqWIcVbwZlYyo5TOYKem4YPTeKCjywXVSsidBTf4K74lFUKLb0uYwB7YNXJpgYpHrg7wgu7a+1HVAWKBu7dQWhrV/D3fQVUPZdvRdCCCGEEEIIIYQQQojPjjsJV+9diabR+Offxzv6Y4LxM9ce+1cGFWsmtP13sHq2Y8VbwA7VM1cNfhlTyqCnzxMMH8Q79x4mM0b17X+HMhq7/2GsaGrR6ZRSYLtgu9jLthCOt+A1fB//9DuY3ASGgGDqPJUD34N4C+7AE3f3fgghhBBCCCGEEEIIIe4r9yxcDcYH8QffQE+cBhOg6o/8W03dhHb8c+zlj6JiTWA51/dSNQaTbMdq7MJqX4fdsx3/5Ft4l/ZS3f83hKONqJ5tKNu96bmVE8Zq6sXd/DWwQ/gnforJT9YKZmcu4+3/DlbraqxkW21YlhBCCCGEEEIIIYQQQtzgnoSrupzDO/6PBEMHwSvXAkyjUck23G2/g7P6GVSkYemdlaoFp9FGrEgKK9WJle5Hta7AO/JD/Et7sJp6UanOW65BWQ5Wuh93/RcxlQLm5FtQyYP2CUZP4B3+PuGH/xCcyMcecBUEAYHWKKVwbHvRoK2FjDForQmCAAPYloXjfPpvizGmtq4gQCkL13Vuua6Pe0xQWJaFZSmUuvZ14/ZX3e7cxhi0MQS+jzEGy7KwbRvLur/DbmMMBkPBK+JaLiHbxfqEAb42Bl/7VIIKcTeO4vb3VQghhBBCCCGEEEJ8eu5NuDp2jGDoAKY0Vx9QpSGawu7fibPqyZsHqzdQSkEojt25ARVtAK+Mzoyi54ZQyTaUdeu+qcqysdL9OKuexOQmCM69X1tPUMUf/CnuuudqQe2CKthq1WNubpa5TIZQKIRSip7ubpRSeJ7H5aEhzpw5w/T0DD29PWx/4AESicSicxcKBcbGxxm6PMTExAS5fB6loKGhgfb2dnp6eljW2YnrurcMzLQxVCoVRkZGsG0b3/NpbGykqakR27YplUqMjY9z8eJFJicnKZZKhFyXdDpNd1c33d1dpFKpOw4tgyAgm8sxNjbG0OUhJqcmqVQqgMK2LcLhMLFYnEg4jOu62E4tXK5Uqhit2bJ1Cy3NzUtekzGGUqnE+MQEly9f5sroKIV8AWM0oVCIpqYmuru6Wda1jHQ6Tchdujo5W80xUZyk4lfQxmAri/Z4G83R9G2vr+SXmShOkq3kcCybol+mJ7mMdKSJbCXHRGmSglfEUhaOsvFNgBd4VLWHRuMoh5gTJRVuoDmSJu7GsG/4HFaDKq9dfJPGcCMPtG6iJbr0/bgVg2GuMsfRyRNMlqZ4vv9Z4u7S/YaFEEIIIYQQQgghxK/HXQ9XjVfGP/ceOjcBxsxXhVrpXpzVT9d6rH4CVmMP7gNfxz/9c6Ae2HL7oVTKdrA71qP7HyIYOQzVAsaAmR3CHz6AG29BLejhmi/k2b//I/bs3Us8HqetrZXf+8Y3qFQq7N23j/fff5+Dhw4xNTXNM08/zfq16+bDVWMMvu9z6dIl9h84wLmz57hyZZS5uTkKhQKVagUFtLW3s3btGh7csYNt27bRkExi20tfi9GafD7P97//A/wgoFqt8uQTT7B9+zYKhQIHDh7iwIEDnDp1ionJCYrFErZt09zczIrly9m6dSsPPbST3p4eQqHQLe9VoVjkwvkLHDh4kNNnzjAzM0M4HCYei6GUIpvLMTk5QblcxnVDdLS309bWhjaG2dkZjDZ0dHbSnF4cclYqFUZHxzhy9AhHjx7l4qVLaG2IxWLYtk0QBPi+RyKeoK+/jwe2bmX9unU0NTUtOla2kuX9K3sYyV/BGENjuJGneh6/o3C14BU4PjXIgYnDhGyXvFfkS8ufJ+kmuJwb4sPRfYwURnGVQyqUojmaxgAlv0SmmmWukiFkuzRHmulL9rC6aSX9DT2EnXDt/cKQqWR56/LbhO0wqVCSVLiBkH3re38jX/tczFzmR+dfI+/leXTZw8TcaK29hhBCCCGEEEIIIYS4K+56uKqzo/jDhzDVYq1azxgIx7Hb12Iv2/QrHdtO96M2vgRWCD5GyGRFktitK7FaB9BDh2oVr8rCP/MOTu9OTCQ533u1WChy6MhhvvOd7xCLx3nyyc/xjf/uG+zdu4+/+A//gVOnTlGplMFAsVTCrVdXGmOoVqvs3bePn/70Dc6ePUs0FqOnp4fVq1dhWRZzc3OcPHWKwcFB9uzZwwcffMDv/97v8+STn6M5nb5pdaPWmtdef52xsTEsy6JrWa2y86MDB3jn3XfIZrMkEwl6e3qpVqtMTExw6tQpjh49wocffsjly5f58pe/xLq1a29awVosldi7dy8/+tGrHDhwgFQqxWOPPcaju3bR29uDZVkMj4yw+4Pd/OznP+fcufMEQUB/fz9tbW1k6oFqLBZddOxSqcTgyZP842uv8e4vf0k2k2Hrlq088/STrFy5kmgkwuzcLCdOnODDPXv46MBH7N79IV/+0kt84fOfXxSw+jrg7Nx5Dk0ewVKKFanl7Fq2844+C74OmCxNs3tsL45V+/N4vGsX2mimSjMMzpzmQvYSjuWwsnEFOzq2kQwl8I3PeGGCo9MnGJw5yeHJY8ScKFtaNvHC8s+zLr0a27IxxjBdmqUSVBgtjHN06ji9yW464u13XL1qjGG2NMeRqWOcnDtFa6SZsl+utV2QbFUIIYQQQgghhBDirrnr4WoweRpTnAWtwbIwOsBKtmN1bsAKL358/uOyEm0ffydloRKt2C0DBEMHa/mUZaPHBjGFSUgtA7sWOrquQyQcwbIsQq5LR3sHV0ZH+da3vsXE+Djd3d04tk2xVKQxlcJxahWnWmvmMhn+/V/8Jblcjt//vd/j4Yceor2jnXC9YrRcqXD27Dl+8MorvPLKKwwODvJXf/VXtLe3sfPBBwmHw4uXrhSRcITGxhRTU1OEQiFKpRJvv/MOR44eZWDFCp566il6e3qJx2NkslmOHDnK3/7d33Hy5EkmJib44Y9+RCQSobenh2QyuegcWmtOnz7DX//1t3n/g/fZsH493/jGN3jpxRevW1NXVxebN22itbWVv/3ud8lkM4RDIV54/jmamprme64uDBGDIODMmbP87d99lx+9+iqNqQaefeZZ/uiP/oiuZdf3zX34oYfY9cgu/uY73+GHP/whY2NjRKNRnn/uueurbpXCUTaO5aAARzk46uYDzhaylEXIdnEsB1tZKCxClotSFpaysC0HSykcy6I91sr29i1EnMj8/js7tvODsz/mg9E9TJen2T95gEQoTm+ym4Zwsv44fwZtNErB0akTbG7ZSEusGfcO1+hrn/PZi3w0cQgLC20MuWoec/tdhRBCCCGEEEIIIcSn6O6Hq0MHwatcNyPKamjHTvdzL8vuVCgG8ebaGpQCFKaUQecmsIMq1PuuhkIhIpEIuh4UVsoV/uvf/FeK5RJ/8id/woYN63Fdl9HRMWzbng8UtTaUS2VCboj//V/9K9avX7foMfxYNMrGDetpb2tlenqan/3sLc6cPcMv3n6Hvt4+enq6l6xudBybcChcGyYFvPHGGyxfvpwvvfQiz33hC0Qi18K/q+0Aenq6+b/+73/N4OAg09PTHDhwgMFHH+XBHdsXnaNYLPLdv/8uhw4dIhaLs2vXLp5/7rklw95oNMpXvvIVhq+M8O1vf5sfvPIDWtta+a2vfW1RawNjDLOzs/zD97/Pa6+9RjgU4rFHH+Ob3/wm7W2tS1ynw4YN63nhhRc4f/48+/bv59//xV8wMDDA+nXrau+jUoQtd77qtDYkzCa2IAC9FVspQtaCkFNBxAnXglbLqg+fUoAFWHg6YOGRm6Npnut7hrHiGLPlOSp+laH8CJdzQ2wMr8cYw2RpEm00jrK5lLvMiZmT9DZ00x5ru6NBX2OFCQ5PHuNSdghHOQRGM1OexUi8KoQQQgghhBBCCHFX3fXR63ryLGifq0GqUhYqnKgNpLqXlEJZNspekDcbMJlRjFeef6nqeVSqFRzHplwu89M3f8o777zD//anf8qLX3yBVStX0t/XxyMPP8TOB3fMV4JaliKVauDP/uxP2bBh/U37m1qWRVNTE7/z21/Hsh1s22b//n2Mjl5Ba73EshWO42C7terKQrHI5eFhtm17gOefe+66YHWh7du28dJLL9HZ2QkYhoaHOHz40JLnuHjpMmfPnCWbyzEwMMCmTZuJx+M3vZWJRJy1a9bS37+cS5cu8+abbzI7N7fktr987332799PoZBnYGCAF1/84pLB6sLrXbtmNQ8//DCWpZiamuJv//bvrttGG10PGtV8WOmb4KbHXMhSNmE7XIsp6yG7Xz9exArjKBuDQaEIWQ6OWvwn1BRppCGUmh9kVfJLTJWmgVrP1Xy1QGCCWm9f4NDEEU7NnLmjcFQbzYmZkxyYOIxStTBdG022mp0P8oUQQgghhBBCCCHE3XHXw1VTmK61BKj9hAGMHYZ7PencUOv/Ov8DYFno3Dj4lUWbK2XhBwH5QoFv/vE3WbF8OY5z80Jgy7JIpVIMrFhxy+0AbNumo6OTpsZGbNthcnKKbC5HECwdEFqWRSxa62VarVZ54vHH2b59+20HVD3+6KP09vailEUmk2F4eIRyubxou5MnT5LNZlEK2tpa64HsrbW2tNCcTtd6lU5Pc/r06UXbzMzO8t5773Hx0iWikSh9vb1s2nT7vrvJZJKurlpf2VKpzNtvv8Ps7Nx8MGwpGwurFt8bsLBwrTsr0g6MpqJ9HCyMMdjKImKHsJRF3IniWg6G2utWPXy9kTYaMChV+4S7lkvCvTbUbLI0TXB1rVhczg8zOHOamfLSAfRCI/krHJ06zlhxDFtZGAXaBGS9vFSuCiGEEEIIIYQQQtxldz1cpR48XSeogr841LurrmZkOrj+pWr5utcsZdUf99dYlqKtrY3t27cTiURu+Ui3UrUqStu2b/vot1KKSCRMY2MjSil836da9eYDuRvZtk2kHqRaStHT3U1Lc8ttz5NKNdDU2EgoFMKrehSKBcqVxUHy2NgYlWoFpSxCoRDh8O0n24cj4Vq4a6BcKjM1Nb1om9OnTzM6Okq1WqUpnWZgYAWphttXMLuuS3M6TVtbG1prcvkcZ8+exff92u8tp/74vsFgsJQibN1+zVB7f68GqMZcrVB1USg846ExWPU/G20MmsXvSa6aI1vN4WkfS1k0R9L0N/SijaESVJkoTV79ZwVQtUB3cPY0x6ZO1IPZpVWDKgcnjnJy9gwKq/4FGsNseXZBxa4QQgghhBBCCCGEuBvufrh63Slr0RDVIqacv/tLWSjwMV4JozXzSavW84+GX6UshWXVqhodx2XlypWkm5qwrE//VgaBD/Vw0LLULcPSq+d3XJempkZisehtj++6LslkgnA4jDYGz/epVquLtguFwyhlXRtIdQe9catVD8/359d84yPrWmtOnTrN9MwMxhhaW1pYcQdVvVevNRaL09CQQmuN51WZnbtWueooG0up+ZjRqg+3uhOOsona4fmQUgG2slHKouRXCExQr1ilPuTq+ntR9st8MLqXodwwgQ7oT/bycMcOGiONgMHTHtOlaTSazS0baYu24CibkfwVjk2dmG8fsJTL2WGOTZ+gHFRYl17DuvQaAqMxRjNTmsXT3qJ/txBCCCGEEEIIIYQQvz53faAVkUStNQDMP7ZtijPo7Ch226q7vpyrTLWIKczAwto/VR9utXD4llL1qshaxWhTY+MdBYK3Pb8xBEFALp9nbHSMd3/5LlNTUxhtsGwLx3EWBXkLlcplLKtWVeu67qLhUTc759WKWqXqtZBL9BDt7e0hFo1ijKZYLFEoFG577EwmQy6XwwCRSITWlpbrfh8EAcMjI+TzeSyr1iv22LHjBL6mWq0QjkRwHBvHcQGD7/l4vo/neTiOzcWLl5ianATA8zwK+QJa1985pa4LgDOVDPvGD9CcaUIpi4quglI4qlbhqk2AbwIsoBp4nM2cZ/5NV1zX2/RqL9da3akhMJpAB1SCCmOFCfaNH+C9kd1kqlnWNa3hia5dbGrZgGPZ+Dqg4lfIVHME2mdH+wOMFybYPbaXidIUp+fOcmDiMF/oe3rR++AFHvvHD3Iuc4HuxDIe6XyQydI0R6aPYQxkvRxlv0LCjd9R+C2EEEIIIYQQQgghfnV3PVy1mroxc8OYoBZSoRQ6O4YeP4npfwjlLJ5A/2tndC3gnb2MWlDxCKAiSVhY9VgPIjG10M11Q1jWxw+zyuUy2WyWmdlZZqZnmJyaYnZ2ltm5OWZnZ5gYn5gPCy3LwrHtW1bHVj2vFpBaFkEQLDmYatFlG1PfrnYex3EIhxff/zWrV9Pa2sLpMzZjo6MMDQ+zdeuWm66nWq1y6dIlxkZHCYVCtLW30dffd902lUqFqclJyuUytm2TzWbZt38/586fRylFLBartxUw14ZSBQGeV0VrQ6FQIBQO0dfXW69kjV7/PizIxDPVDPsnDhJ341jKRqNxlI3CwgCB8QlMgF3fY7w0ueR1LczZfe1zMXuJH59/nagdYa6S4UphjFwlRzqSZlPLBja3bGB100qaIo1ArTdqppqlrCsoLHoSXQyklnMxd5nJ8jRjxXEOThxmW+sW2uLXD/U6P3eBQ5NHqARVNjavY3PLRvaPH0ShMBhyXh4v8GoVwpKtCiGEEEIIIYQQQtwVdz1ctVtWoi9/NP+zUhaU5ggmTqMzV7Cbl9/tJWH8Cjo7ipkbBsu+lk0ZjWroBDdy030/To5lTC0UvHDxIsePH2fkyhWKxSK2bePYDoZawNnR3k5vTy/nL1ygWCjU2xAsfrR+yfUohdb6jsLV2ppq369WvS4VFHd0dPDggzs5d/48I1eucPToUXbs2E7XsmVLXuO58+c5MXiC6ZkZurqWsfPBBxdVrmqtKZaK+L6PMYZ0Os3WLVtoa28j5IZwXRfHsQkCjVJgW7UgVGuN7/sEQa3nrTEG27ZZtWrlogrienxP3I2zsnEFqXAKhcK2bGxl16qFqT1WT72XajWoYiubM7PnlnzC3sz/1zBdmuHdkd14QYWiX6IclHm2+ym2tm2mN9lNSyxN2L4WVvs6YK6SIdA+cTdOyAnRm+xmRaqfS7khMtUsl3JDHJo8yrPRJ+fD64pfYc/YR1zOj9CX7GFDeh3NkSbCdghFrYK25JepBBXpCiCEEEIIIYQQQghxF939ytX2NeDGoJSpJXtKYQIfPX0B/+IerMYulH1nw4c+LbowhZ46jynMgmUtTBxRDe3XV9NeDTnrPQ3uJPCE2mPwmUyGt995hw927+bgwUMkEgkGBlawdu1a1qxeTXt7B83pJhLJJBMTE7z66qugwLadjxWY3ilV7+UKtYpXZSn8IFi0XTQS4fOff5aRkWF+8Yu3+ejAR/T29vD5z3+epqYm3HqoWa1WGR0b48c//gnHjh0nnW7iscce46mnnqpVoS5gWRZGm/l2CN1dXXz1K19h3bq1i9YI11oY3Hi/F7Y2uP4X1761RJp5pudJOhPtt70n2UqOmBPj7ZH3uFV07lguLdEWmiNpDk8doeSXsZVN3I2xPNVHa7QF+4bK3sAEzJbnCExA3IkTsl2iTpRNzeu5kLnEkenjTJdm2Tu+nwdaN9MarwXSl7JDHJw6gq89NjWvZ0WqD8dyCdthLFUbruZrj1w1Xw+Kb98SQgghhBBCCCGEEEL86u5+5WrrKlSyDZ2fBB2gAGXZmMwV/MHXsbs2Ybevq1W03gUm8NBjgwTDh8Bo5gduGQPxFqxY+rq2AMZcH6jqOwhXjTHMzWV4/aev86///M8pFots376D3/md3+bRRx6hqanpuh6pvh/geR6lchljTK2HqmPXh2st7VqQd+e1i5ZV6+V6NZh0HAfbWjqYG1ixgt/93d8lmWzgzTff4Nv/5b8wOzfHls2baWxsxGjD1PQUu3d/yN69e4nHYrz04ou88MLz9Pf1LTqesiwi0cj8+T3Po1Kp3LTVgJofInVntcLmuv832Hf8eapVpS7dt/Taa5ZS9DX08FzvMziWzQeje9BG88bQz0lH0zzS+SDpSNN16/W1z0RxEgM0hBOE7TBKKdamV3Muc5Hz2UvkvBwXspf5cGwfL654Dl/7/GzoHa4UxljbuJr1zWtJhpN4gUfIDhG1wxT9EtpoZitzaPPpBvBCCCGEEEIIIYQQ4ubufuVqogWrazPB9MVa9erVoVFao6cv4R38HtYTf4yKpWs73GH7eH3hAAAgAElEQVSY9kkYo9H5SfzL+wnGTqIWBos6wO5YgxVvQS0MV2+sVr2DcNXzPE6fPs2f//n/Qy6Xp6u7i2/+8R+zdesWopGlWg4YAj+o9041OLZd67l6i3sRiUauBb93WE1bCwsVRtcevXcdd1GF6VWWZbF2zRps26ZQKPDmW2/x6quvsufDPaQaG9FaMzMzg+PYPPHEEzz++ONs3LCBZDKx5PFCrktbWxuRSIRcLkehWGRubm6+EvVXcfUx//mfMQRmcUXuUjQG/+q26urxDKbeNkCZWr9dbTQK6G3o4qsDX+Ri9jJX8qNkq1lev/QmyVCChzq2E3bCtb6oxuBpj/HiFApIOHEc5aBQJMNJNjSvZXDmFAcmD5OpZPnF8Hs82vUI2XKWPWP78QKPnR3bWZHqw1JWrd+v5RJ1YhT8EhrNbHmWQMJVIYQQQgghhBBCiLvmroerKBt39VME5z9Al6+1BsCywCvin34H5biEH/9jCMUB61cO25ZijMFU8vgn38C/sBtMAJa9IJg0OCufQEVT1wW81ypXa8Hk7SpXjTHMZTLs3beXmdkZXMfl6aeeZmBgxU2C1atnN2hdG0x1dVDVre6DbTvoICAINKFQGNd1b3sPPN+rDYgytXPYtnXT4VzGGM6cPcfff+8fGJ+Y5OWXX+bRRx5GWRaz9VC0KdVIQ0OSaDR6XSXuUlzXZdWq1Xy4+0MmJyaYnZ1lZHT0UwlXA6PRmPk6U2MMgb7DcNUYKtqvB6u1UNTXtb6wCTeOa7kE6Pq2Gm0M/Q19/MnWP+Jf7v0/KHpFLmeH+enFn5EMJdjSuhFb1e5Fxa8yWa4Ny0qFU7i2O3+t/Q19rEuv5vjMSXztcaUwyhsXfsZEaZK5yhxbWjexrnkNyVASAFvZxNwoUSdauz5jyHsFDBKuCiGEEEIIIYQQQtwtd+fZ+xvYLQM4neuxwskbqiwVeEW8Y69Ref8/YvJTH6MK82MKqnjHX8U/8RrkJuHGx8ajDTjd22r9YRe6oS2A0bdfXzab5fiJQUKhWu/W1tbW+T6lSzHG4Hkevh/gOA5+4BMEwU37u17d/uqwJTfk3jbcBNBBgO/7AFjKIljw841yuTzf+ta3eP2111i7ZjVffP55Ojo6aG9rY82qVaxdvZqOjnbi8fhNH+2/0Y5tD9C5rBPLsRkfH+f4sWPkcrk72vdWKtq7Vn1KLWwtBZU72tcYjdYBqt4YQBtNRVfR9XYBC/vs2srGUTaO5bCisZ+vr/wqcTeOpSxOzJ7ivZEPuZwdhvpxin6RmdIsoEg4MawFn7lEKM7a9GrWp9egAU9X+cH5n/DelQ/xdcCOtgdojV4bCmYpi7AdIuqE69XUmmw1d0dtKoQQQgghhBBCCCHEp+OehKvYYdyNX0K1rsIs7I55tWIx8PCO/Jjyz/5PgpGDmGrxUz29LkxR3fvXeAf+gWBmqH7q+uAkDMYO4277OirZXqtmXbivMfVq0quv3D7M0oGmUqlcLYakVCrecjhVrYrUplQqXbe2m/F9n2KxWF+TolgqU616t10XgNZ6fkBXoDWet3S4euDgQc6eO4eyLFKpBiKRMJZlYVkWtm1j2/Z8de2dVp729vby4PYdtLe1UyqVOHnyJLt3f3hH+17l+z6zs7PX9cK1VS0YvVaDbLiT9wlqoWXIdghMUD+GwdM+xmjyXpGq9rCUwtTbB/jGr71fls2zfU/y2LJHiLkxtNHsHt3DTy/+jKniNL72matkyHl5lKq1Arha0Qq197i/oY8dbQ/gKgdjoBpUKAUltrZsYl16DYlQ/Lp761ouMTde2x+YKs7gae+Oh6wJIYQQQgghhBBCiF/NPQlXlVJYratwVn0Oq7EbAn/hL2vfgyrB5QNU3v5/qR78e4LJsxiv9InPaYzGVHL4F3dT+cW/xTv6KiY3Xhtipeaba6KUhZXuxl3/RagPHLrhQPW+prUfPd9fNOTqRrFYlJ6ebnzfx1KKE8eOk88XltxHa00mk+GHr/yQUqlUD3ItLMteMrQ0xhAEAZVqZf541WoF3799uOp5PpVqFd+vVXm6jkM4vHTP1WKhgO955HI5BgdPcvT4cbLZLJVKBd/3KZfLVCoVqtUqvu/fMjy+ynVdnnnmGbZv24bruly8dIlXfvhD9u7ff9t9jTHMzs7ys5//gh//5B+v+12gr1X5GhYPIbuVQAeUvDIWV8N26r1uFb72awOjVK0dxI19XGNOjC/0Ps3yhj7ClkvRL/HRxEHeGX6Pkl+mElSp6mqt56obXzRkKxlKMNC4glWNA/jar7UiNprPdT9KW6z1uiFbV3uuJtwYRhmMgenKDNWgev0/WAghhBBCCCGEEEKIX5u733O1ToWiuCsfx8xexitnMeXstYFSV0NEr4SeOI1XmCEYOoDdtRG7extWug8VSaHs2/QVNQbjV9C5cfTUWYJL+wjGTqBnLoNXrp/qWrCK0ah4C6Ed/20t9F0izHRcFzfkzg8O8rxbh5hKKRobG9mxfQff+94/AHDk2DHefOstnn/uOTo7O+Yf4S+VSgwOnuTNt94il8vR0tLCxMQEmUyGTDaL53k4S7QT8H0fr+rVLsEYfM8nCG4fbjqOjQ50fXCWA6ibPtLf29tLU1MTJ0+dYvfu3YyNj9HZ2Uk8FicUctHaYNs2bv3+JOIJ2tpa6enpob+vj8bGxiXvTV9fL//NP/tnBEHAz3/xc/bu20vVqzLz9d9m54M7aGxsvG5NgdZkM1lODJ7g3Xff5djx43ztq1+7Lnj2tY+vfWrRqEIbTVXfWSWvwaDRaKOxlIUxUPYraKPxjU9gAkx9oJUfXF8lqpSiJ9nFi/1foOJXOJM5x3R5ht1j+3Asl0pQO45NrZUAXP/5si2b7mQnD3fs4OTs6fl+ruua1xB3Y4vCdduy5gdmoWC2MkvJL8+vXQghhBBCCCGEEEL8et2zcBUUKtmOs+ZZTDmHf+Zt8Ku1wVbzm1i1gDQ3QVCaRc9eIhg5ipXqRjX1YDW0o2JpVCQJlnNtOJZfxpRz6MIUJjOKnrmInhvBzFzGlLNcDd0WVqwaY1CJFpw1z+As34Wylr41vu9TqVQIfB9vQZXmrfqMRqNRNm/ayJdeeokfvfoqmUyGH7zyCpOTE2zcuJGGhgaKxRLDw0MMDQ2TSqX44otfJBKL8b3vfY+5uTneePMNcrksGzZsoK+vj4Zksr50Q7Xqkc1m8LxaFWqlUsEPln68fyHP9+v7eCilKJfL+L5POBxetG1vbw/PPPM0pXKZM2fOcODAQUKh4ziOMx/6ObaNVW8REAmHaUilaG1pYfWa1Tz80EPs2L590aAt13XZvHkzAPF4nA9272b//o/IZXPs3v0B6zdsoLkpTSQawfd9JiYmuXDxAufPX6BSKbN1y1Z2bN9+3TEDUwtHrw7H0ibAC+6wTYLRVILqgpYCujbQqt5rVRtdC2Dr25WCCnHi8/s7tsOm1g2MFEbJVrOMlya5kh/l50PvErLd+VYAtrKXyu6JuwlWp1exIrWcc5kLPLFsF03hxiXDUkvZhK3wfERb8stkqzl8HdTDWyGEEEIIIYQQQgjx63RPExhlOdidG8BoTFAluPAhxitdq2CFWgCqFAQ+OjOKnhtFOYdQsab6VyMqnKiFq1dHOvkVTCWPKc5iCjNQzoL2ma8UXBhUXQ1W42mc1U/hbvkqVix98zWjaGluYfu27cQTCTo62m8brtq2TVdXF3/wB/89oXCIwcFBhoaG+PFPfsK+/R/R2JgiGo2RTCYZWLGCJx5/jIGBAdJNafK5HBcuXmRmeoYzZ87S0dFJd1fXdcf3A5/+/n6WdXZRrpRpaWm5o6FSnufR1dXNzp0PYSlFW1sbfhAsuW0ymeTpp56iUq2Sy+W4cuUKzc3NNKQaiMfiRMJhPM+jWCqSmcswPT3N5aEhlFIcOnyIkydPUvU8Hn/00UV9WZPJBDt2bKelpZm1a9dw+PARzp49y1tv/Yz9Hx0gmUwSiUTq9x8ikQhdy5axceNGHtq5k87OjuvWGrbDbGxeTzrShFKK5kiahlDytvcDwLFcOuMdPN3zBLay0UbTHmvFVjbtsTa2t22lr6EXS1l0J5bhLBF6JkMJHul8EGM0Q/kRXKsWqrqWw/KGfqqmSldi2ZIBqGPZdCU6eXH5Fzg6Pcijyx4i4kSWbAkRd2KsaVpF3stjWw7GGGJO9I573gohhBBCCCGEEEKIX40yn4HpN8Yr4w8fxD/8ffzLH0ElX69gvUlIVHv+/frOkqoWfBqu9kM1879QSi35iP/V46hEM/byR3C3/hZOx/qbnxcoFIpcvHiRy0NDRKNRLEvxyMMPX1fBeTNaa4ZHRvjoo484cWKQyclJgiAgFo/R093Dpo0b2bJlM42NjfN9Qk8MDnLp4iXKlTLNzc2sWL6c9vb2+epSrTW5XI4P9+wlHA5TLpfpWraM5cv7SSQSt1zPzOwsZ86cIZ8vgIHGphTr160jGo0u2jaTyXD8xAn27t3H2XPniEWjrFy1krbWVhoaUsRiMcrlMvl8nqnJSS5cvMix48e5dOkS+XyOcDjCE088wb/8F/+CxsbUkuGvMYZCocDQ8DDHjx/n7JmzTE5NUS6XsWyLWDRGT083a9asYe2aNXR0dCyqhAXIVwv1Cs5a9a5t2TSEkiRDt74fABW/wmxljmpQq+bVOqAp0kjcjZP3ChSqBXwTgIKwFSIdacJdoj1FoAOmyzMUqgUcy8Wxaq0AAqOpBhXSkSZibmzJitRAB5T8MrOVOTrjHdjKWvKz5WmPXDVPtpLDtmpBcDrSRMyJYt8wiE0IIYQQQgghhBBCfDwvv/zybbf5TISrAMYrEUycwjvwXYKhA5jiLNcqTW8eWi5cvFritYWvL9yr1kFAoeLNOCufwN3wReyO9ddXtd7Jum/ouXmn++TzebLZLAaIx2IkEoklg8LPglKpzLu//CXf+4fvUa1Uee6553jqqSdpbWlZsgdsEATMzs3x/vsf8Oqrr7Jv/36q1SqpVIp/92//Ldu3PbDkfgtpbahUKuQLeYrFIrZtE4/HScTjn9n7JIQQQgghhBBCCCF+c9xJuPqZacyo3Ch250asx1vwTr6Jd/RHmMIsBJVahSksGbIuFWcuGbLe8INyo1iN3Tjrn8dd+3msZPsnW/cneARbKUUymSSZvLNH1e8lbQxHjx3jP/3n/0yhUOB/+MM/4Ktf+cqSfVmvsm2bluZmXnj+ORKJBFPT05w4cYJqtcLxE8fZunXLbT94lqWIRiNEo5FP94KEEEIIIYQQ4jMsU83yn078f7w/9iEjhdF7vRzxK+iOL2NXx0P8T+v/kFSo4V4vRwjxa/KZGimuLAersZvQzt8j8sKf4Qzsqg2rulpNerUdQP3rtsczBlXfp5au1vdxwjgrdhF+6n8htOVrnzhY/aegUqnwne/8DWfPnuHRXbvY+eDOWwarC4VCIVYOrGDbtgcIggCFIpPJ3tF7J4QQQgghhBD/FP2bI3/Jd8/9QILV3wDDhSt899wP+DdH/vJeL0UI8Wv0malcXUhZDk73Nuz29QRD+/BOvUVwYQ+mMF3LR5V1y1YB1zELQ9UQ9opdhDZ9GbtrCyr82a8cvdeGh0cYHDyJ7/t0dHaQakx9rP1j8TgtLa21HqtK0dvTgyUDl4QQQgghhBBiSR+M7bnXSxCfsv2TB+/1EoQQv0afyXB1nhPG7nkQq20tesNL6PGT+CNH0BOn0LlJMPpaFaTW1w+uUgqUDdEkdssAVud67L4HsZsHUOEEOKF7d133kWw2S6VaBRSu42Dbn2RQUu09CofD9C9fjnWLYUvGGKrVKtPT0/i+TzQapampCcdx8H2fXD5PqVRCa41j2yQSCeLxOAAzM7NUKpX5ymZlKeLxONFolHKphDGGxsbG2nXlcgS+TzweJxS69lnQWlMul5mZmUFrTUNDimQyMX/d1apHLpejVCriOA4NDQ3EYjGgNvTL930aGhpwXZdyuUy5XMZ1XUKhEJlslkq5gjEaULW1J+K49f6znudTKBTI5XI4jk06nSYUChEEAZlMlnKlXPu8G2rXFouRSqVQSmGMwfM8ZufmSCQSRCORWm/fQgEdBCQSCSqVKplspn4MQygcpjGVwnXd+fYWxtR63WYyGVCK1pYWlFK117JZHMchEY8TDofn71Umm6WluXl+qFu1WiWbzRGJhInH4xhjKJfLlEolGhsb5+9lsVikWCySSCaJLKiGrn0GPGZnZ/G8KqFQiHQ6jeM4BEFANpejVH8/MbU/9VgsRkNDw/z7lkqlCIfDeJ5HLpcnCHySySSWZTEzO4sOgnohvCEcDtHQ0EAQBFSrVaLRKJFIpH7fM/PXms/n0cZgKYU2BgXE4wlSKXm8RwghhBBCfDpyXp6Zyuy9Xob4lE2Wpsh5eZLu7YcsCyHuP5/pcFUpBW4E5YRRkQbs1tU4q55CF2cwuXFMfhKdn8JU8rUK1cBD2S4qFINYE1ayA5Vsw4o3QySJCsXBDtV6skr15B2xLIVlKYIgoFgqU61WP9b+pWKJ6alplFIsX7GclQMrsO2lu1ForZmcnOLw0SOMjY2RiMfJFwos71/Ols2bADh8+DDDV64QCYcJ/ADHdXhw+w66upbx3gfvUywWCYcjWJaFY9v09/XR2trKicFBJqemeOmLLxCNRjl16jRzc7Ns3ryZ9ra22vmDgLHxcQ4fOUKuUMBSikKxyMM7d9Lf10elUuHY8eNcvjxUCzSBSCTMo4/sorW1hSPHjjE3N8cjDz1ES0sL4+PjXLx4iXQ6TVfXMnbv/pCZ2VkSiTiBHxDogI0bNrByxQAoOHX6DCdPnwJtCOqB6JOfewLHcdi9Zw+5XI5IOIyyFK7r0tvdTTKZxLZtjDHMzMzwi3feZdsDW1ne34/v+5w4MUipVGLzpo2Mjo2x/6OP5gPmQqFAb08P69ato6W5GaVq7/PExATv/PI9tA746pe/TDKZ5OTJUwyeOklzOs3GjRtZ1tlJqVRicPAkR44d47FduxgYWIFt22QyGXZ/uIeGZJLNmzeRSCS4dPky5y9c4KnPfY5oNArA3v37uXx5iJ07drBixXJCoRBaayYmJjh85CiTU5PEolEy2Rz9fb08sHUryrI4eOgwo6OjJOJxlFI4jkNX1zJWrVzJ2++8Sz6fZ9euR1ixfDkjIyMcPHwYYwxbNm8mEo7w5ltvkUgmCLkhAh3Q3NzM2tVrmJyc5MzZs3R1LWPH9u1UKhV279lDX08PoVCI8xcv1gNfD9dxaWhI0t/fTyq1/hP+dQkhhBBCCHE9Cd9+MwUmkPdWiN9gn+lwdZ5SKCcMThgiSexkOzQvx3hl8CuYwKttZzQoC2U54IRQbhScMMp2r/VtFR/Lss5OUqkUQ0PDjF65wsz0DK0tLXe0bxAEDA0PcejwIZqaGvmtr32NRL3KdCm5XI7z588xPT3NtgceqA3Dmpri1OkztLa20JxOUyyViEdjbNq4gUqlyplz5zh89CgtLc3Mzs3R1dlJb28vsWgMpWqVq55XJZ/PcWV0lMGTJ9myeTPlcplCoUjg+/Pnr3oek1NTTExNsf2BB2hINnDy1ElKpRKe53H6zFkmp6bp6emmo72DQrHA8PAw+/bv59lnnqZSrpDPF/CDAADP8yiWisQqcTzfp1gq0tKcZtOmTWitOXL0KJcvD5FuSlMqFblyZYSOtja6u7spFoqcOnOGTDZLYypFLpejrbWFvt5ewuEwyrKIx2K1dgt1vu+Ty2YJ6uc3xlAqlSgWC/i+T6VcQWvN1s2bsW2b0dFRzl24QFNTE6mGBkKhEMYYfD+gUCjgeR5TU1NEIhHGxseYnZ0jEonieR7GGHL5PEMjI3jVKqfOnKa3twfLstBBrcpzbHycxqZGVq9ahed55PN5jK5VMRcKBUZGrpDL5xmfnKC1rZXmdLr2GbhwgdnZWbZt3UoikWB8YpKpyUlKpRLhcJhSqUgiHmfrltp1KMsiGo3WK3XzzM7NMTc3R7lcZi6TZWpqmkg0QrVaxbZscvk82x54gMamRhSKcDhEMpngyugVJqcmqXhV+np7iScS5HI5yuUynZ2dxOJxzp87z5WxUdrb2lg5MHBfDKUTQgghhBBCCCHEr8/9Ea4uoJQFtgW2Kz1T74J0Os2zzzzLxMQkH+75kFWrVtZ6rzbc+lFoPwg4duwYP/7JT5ienuGFF17gySc+d9O2AsYYMtksU9PTdLa3s3rVKv5/9u49usn7zvf9W7LkuzGWbMzFGHWMKaZJkwFWA0XOjjk7pXs3maZJF8ZpF5tMdtqOQwLnuJNdmFLiJg2dpF7H5EJPJycNh9VgYCVt0mSmk0wXMFgpZAaz06SNwYZGGHOLLe628VXnj0eSJVm2ZWFjGT6vtZTg5/r7PZff8+ir3/N9LBYLU3JyONHczJkzZ0lKTARMJCYlMnnyZNrbO8Drpb29Ha/XS4LJRHtHh/EI/dWrJCYmkpJi9GJNSLCQmpLC4SMNzJg+HWuiNSQwCWA2m7FarPT19XHy5Cl6c3uYPn062dnZeL1eTvl6zBbOnk12djZXr14lwWxm/wf/wYULFzCbzZhMJkL7RBt/myCQtiLBnIAJEz09PSSmGL0nz3z2Gb29vcwpLCQ3N5fu7m4mT57M5MmTA/O2t3dw4eJFEhMTjbolJwce58c3jddk5Mnt7Oyip6ebVo+HlJRkoxym/un8j/D39fUFhgUvJzk5mazJkzlz9jMyMzO52tlJamoqVqslkILgwvkLdHd38dd/fTt/rq/n/IULTMnJwYuRcqDvshHQzsjIMLaLyQQmo4ey2+0mIz2dGdOncfHiRVpaWsiaPJnzFy5w9rPPmDF9OrNnzwYgLTWNyZmTSElJpa+vF7zGi9bOX7hAgjmBBIsFW1YWJt+2tWVl0d7ezrlz57h6tQOr1dj33j5voJ6XLl0Ck9Hh3ZY1OZAyIDkpma7OTuoPH+bWW27BYrEGehHbbDYuXrhopEHIzmbGjBkh201EREREREREbj4TLrgq15fVauUrd99NS0sL//b7f+Odd/6ZxMRElnx5Cbm5U0hMTAwJMHV3G7kyP6mv59333uPIkSMUFzu5/xv3Y7NlDbmurq4uunt6yMrKCuRBTU1NJT0tjfb2djo7OwEvnnPn+OjjPxmBNmBO4Wwjb6jZTFt7OxcvXSTRaiU5OZnMzEwsFgsWi4Xp06YBXurrD2NKMPuCoP1lt1gs5OZOoejzn6elpZVP3cdJsCSQlJiIJSGBzq7OQI5Vs9lMYmIiGZMm0dfXR0dHhy+4F/qyNZPJ9x9fXtQLFy7QePQoFy5cIMFkZlZ+PinJyVzt6MDsyyGbkJBAQkIC+fkzAbhy+QpgBJEvXryI1Ve3SeEBbpMRLbx06RJms4menl7aO9p9QVhjks6rnbiPH+fS5cv0dPfwOYeDqbm5A4LeVouFadOmce78OZpPniQxMYlMX35WvF6uXLmC55yHpMREZkyfwZGGRiMFQpaxj43h0/H2efnLX/5CWlpaIKDb3d1N49Gj2LKMdAmHPvwjHs85OvM76bxqfGw2G2az2UitcPw43d3dJCUlkZycDCa42tnpC2gnkGi10tvTgzUxES8wdepUurq6OXX6NF1dXWROyiQxKRGvL/evEcg3cs/29fWRlJhIVlYvXq+XzMxMIxXBxUt86j4eEoD3B4eN3WnqDxiLiIiIiIiIyE1LwVUZ1l/91ee4/xvfwGK1UFd3iH/5l99x8uQpZs8uwG7PJinJCIR2d3dz4cIFmptP0ni0kfPnL3DHl+7ga1/778wrKho2EGVJSDDynLa109fXh9lspru7m46rV0lOSibBF5zr7emls7OTlORkHA4HcwpnG8P7+sjOziZv+gySk5OxWi1kpKcHAp+TJ2cyfdo09n/wgdFLMTEpJPVuT08PfV4vU6dOZWpuLi2trRxpaOBIQyNfvPUWzGYzXV1dgbyzvb29dHR0AJCYmIjVasVs7u+52tfXR19fn7EOr9fXIzSFlNQUmpqasNmyyMqaTGpqKgkJCfT5Xqjk9Ro5V8+ePUt6eoYvZurFbreTNyOPpKRELBajbiG8XsCE3W5j6tSp9HT30Nbehv+FYoAvgJuB59x5Ll26xC23fIFJkyaFBBH9LwOz22181vIZDY1HmZqbi9ViwWw24wXOn7/AmTNn8Hq9nD5zGrPZxNFjx5hXNBf/Fpg6NRcTJtzHj3Pu3DkSfS+tunzlCqfPnCEpKRmP5xxXO4wXiF28eDEQCPf3Ru7r6+Py5ct86j5OamoqM6ZPx2QyMSkjg/yZM329khOw+vK19vb1YsvK4ty5c5w40Wz0/s3M5GqX70VnvjdgTZ8+nazJWYCXtLQ0rFYrfb19pCQnM3PmTFo9rRw+csTYFhFSigRemqbgqoiIiIiIiMhNTcFVGZbZbObWW28hNzeXO770MQcOHKChoYGjx44Zb2VPTMSUYKars9MIjPb2kjczj3vvvZcv3nILWVlD91gFoydgekYGkzImcaL5JDOam0lPS8fj8XDhwkVu+cIM4wVGQG7uFO6440tk+Hp5+t9m7w+OpaWnkZqSij+o2NvbR19fL709vcyYMYO8GTP48KOPyM2ZQnDP1c6uLpqbmzl95gzzb7+d2QUFnD9/nouXLpOQkEC2PRuPx4P7+HF6enq4cuUKx93HmTw5k6ysLGy2CzSdOMFnLS0AtJ47F+hx6Q/GTZuay5cWLiQtNZU/fvQRJ0+dYk5hIXa7nUuXLvHpp256+/pou3KFQ//7QxbM/2tsNhsAqakpZGRkkJhoDQT1/EFoMAJ+AFNzp1LwV39Fd3c3LZ5W2trafIFFoyfw7bd9kVn5M/n3fbWcOHGCSRkZTJkyJbCcPq8RFE5PTyctNY3DDQ0UFs6m70IvfX1eenp6OHfuHJevtDE1N5eLly5hy7Jx9NgxWlpbSUlKpqenB4vFwsy8mQZNu9oAACAASURBVLS1t/HhHz9i+rRpRh7epiaSkpJJSEigrb2dyVmTaW9v48zZs0ybNg273U5T8wlyp+aSnpbGrPxZnDx12ldno96JiYmBR/n9vWGNfLE9pKam0tbWxvkTJ5g0KYPUSRlcaWszYs9eYwmTMjJIT0/HZDKOb38gt7evj/S0NNLT0/jLp248584xd05h4BjxeqHPty9FRERERERERBRclahNmZLDf/0/lrLky4tp9Xg4c+YsHo+HtrY2EhOtJCUmYc+2M23qVGw2m/EI9whkTppEfv5MWjweDh6sIzs7m5OnTjEpI4O8GTNITEzEYrViNhuP6lutVqA/qJiSmsKZs2fp6urGarXi9faROyWXSZnGy5rMZjNWq5XbvvhFjp84gTUoSAmQnJRESnIKLS0tHKw7xOSsyZw+c5bZswuYNGkScz8/h//94R9pPHqUlpZWrl69ypUrV1gwfz7JyclMnzaNP39Sz5EjDZw8dYoLFy6QOWkSuVOm4PV6sVgsmH2Pks8pLOQvbjfNzSeZkjOFmXl5nL9wgSONjZw7f44rV9pob28nI8PoVZqcnMyp02dob+8wlmM2MyUnh9mzCwJBUZPZTHJyfyAXjFQHiVYjdUNCQgJJiUZO2ezsbD7/+Tl89NHH2Gw2srKySPL1LDWbjO2UnJTEtKlTOXX6NJMnTaK9rY2+Pi+dnZ20t3cwbepU7rrzThIsCVy9ejXQI3X61GlYrVYSzGYyMyeRPzOfk6dOk5CQQEdHB03NzcyZU8j8228nKSmJtrY2/uM//5OLly7xOYeDWfn5nD17lv/8z4PkZOcY6Qd8eXaTkoz93traysd/+hMJZjMmcwJTcowcqFaLlaTkJKNOkyeTMWkSKSkpmM0mX7oFM0mJiRw+coS0tHTAS3JSMg7HLMwJZiyWBExmE1lZWdx266384cCBQAAfIMFsxmqxDJo7WERERERERERuLglPPvnkk+NdCJlYrFYrmZMm+V46VMC8oiI+P2cOBQUFTJ82jYyMDCyWkcftExISyMjIYNrUqXT39NDW1kb+zDz++vbbyMrKwmQyHgHPyppM1uTJIQEuk8mEJcFCcnKy8Wi+yYTJbCI9PQ1bVhYpqalMnmzMl5ycTGpqKna7nWy7PRBU9K8/d0oubW1tdHS0M3t2AUVz55KWlkZGRgbZ2XYSrYl0dnUyOTOTL956Kw6HI/ASqNycHHp6e+jpMV6GNffznyc7OxuTyYTVaiUnJ4dJkyaRkJCA3Wbz9dg1XpaUbc8mLTWVjo4O7DYbixbdgc1mvKjJyC1qISHBDJhISDCTnpZGVlZWyHZITEpi6tRc0nx5Yc0mI8Bps9lItCaSnp7OlClTMJlM2Gw2LFYLqamppKalBfLnmkwmUpKTyc7OJj09nYz0dPLyZpCclERGegaJiYmkp6eRN2MGWVlZmM1mLBaLUS9fQDU9PQ2b3U56WpqxrW02MjIymDw5k57eXoo+//lAftnExEQSrVZSU1JIT0/Hbrczbdo0vH19XLlyheycbG6/7TbjRWRWayBIbjIb28JsNpOWZuxPq9XIrZuZmRkIbGdmZpKamkq23e6rp9WY35c71WK1Ysuyke7bx1lZWaSlpjFp0iSSkxKZOnVqoJcsJqP3r81mIy0tTWkBRERERGTU/VP91vEugoyB78xbdV3W09LSgsvl4oMPPuCdd96hqamJ06dPk5mZSVpa2nUpw2DeffddfvzjH5Odnc2sWbPGtSwSPy5dusQf/vAHfvKTn/Dzn/+c1157jX379gXiA/6YzXh57733hp3G5NXzrSIiIiIiIiJxYeEbd43xGr7JL+5dzYLE0KFu9118s25kS9r4lb3cm/QhVW+vpWb0ChidBds46LBR98d7+O7RcS5LFA4+sHdMl19fX89vfvMbDh8+POg0c+fO5Rvf+AZFRUVjWpbBPPPMMxw+fJi5c+eyfv36cSmDxJ8//OEPvPTSS7jdbkwmE5mZmVy6dIn8/HweffRRvvzlL49r+SoqKoadRmkBRERERERERG4KP+D1B76K4/K/svDtn/YPXrCNg469HLT/Kwvf++ngs8eTupUsHGEw+EZVW1vLyy+/DBgB1OLiYrKzsykqKqK+vp7W1lZqa2s5fPgwmzZt4pFHHqG4uPi6ls+/foDDhw/zzDPPsGzZMhYsWHDdyiHxp6+vj1OnTlFXZ5zMGRkZPPzww1RXV3Po0CFOnToV8q6ZeBXfpRMREREREZFr0rK7kpUrX6V+0CnqeXXlSla+OvgU0ah/9dqX0VJfT0vUE++mcmUlu6OeQcrudOKgibfDA6h1K6lquQIZ89g4PkWTGPkDqykpKaxbt47169dTXFwc6J1aVFREcXEx69evZ926daSkpPDyyy9TW1t7Xcr3T//0T7z88ssDetQePnyYzZs3B4LCcnM6efIkR44c4dKlSwAsWbKEu+66iyVLlmCxWDhy5AhnzpwZ51IOTz1XRUREREREbnQFTeyq3E35xqXkhI2qf3UXTQXjUqoQLbsrqagtpmrj+DyyfPOwMX02cDR0aM2+e4Iep/elDugM68m6YBsHHfkDUgjc9ZW9VGT4/7oSeFTfb+NX9nJvRv/fdA18fL/szneoyEkP/H255UVK9r0eKMucix/iybkdh3/+UzYqgtICRFuWSGkRYkmJEA/q6+sDgdX169cH8pjW19fz7rvv0t7eDkBxcXEg4Lp+/XqeeeYZXn755UDv1rHy61//GpfLNeQ0tbW12O127r///jErR0D9q6zcBOu2PUR/rVvYXVnBVlZRFdI+1vOqMTEPDbOJ+tuuge1rfDHqtCfCmJIo6hn1Wl5dySbWsS2KBX766adcunSJv/u7v+N//s//icViwWq1UlFRQWdnJ2fPnuXEiRNMnz59dAo3RtRzVURERERE5IZXTHF+LR8P6OVZz4GmYorzx6NMcr3VnDrKZdJZcNte9tz5zdFZaOLtLEj6kKo37mLhG3dR1QILbnuHX8w2RhuB1Sbe9o1f+MaL1HE7FV/5QWARG7+yl4ocqPujb5o/fgg5q0PKmJFzO7h94wfLqzpMWYy0CKtZQP80C91NOBx7eX0CPp3+m9/8BoC1a9cGAqu1tbVs2rSJQ4cOcfjwYQ4fPszLL78c6CE6a9Ys1q5dGzL/WGhpaeHNN9+Matr33nuPlpbr0AW9aBElNHE6ZFWtHD9WQAFh7WPLaZooYFb22Bfr+ipgVdU2tm0L+lStomnTSq7xwYOY9PX1MWXKFBYuXEhycjIWi4Wenh4SEhIoKSlh5syZTIRXRannqoiIiIiIyE3g1kX5VLxTz9Kg3kQtu3fRVFzOouNhE9e/yspNof2bClZVsXFpjm/0SnbNWkX+1q3swej1tGjAIlayaU/wfL4eYsf8U5QEepC17K6kYusx4BgVK2tZVbWRae+sZBOrWNW0tX+ekiF6Q7XsprJiK8eCh4VPH16vsPH+MvtqzKqqjSyN765oI3N0LSWZRu/TjJzVHHxgtW9EE2+/sZLKmBbaxNtBwc6afVu5697VLPirH8DRo0xPAi5/ErTs1/nu26/3zz67mrsywO0O6mF6dC3/NP0dKjKdlOHr+dj1IW8M27t0qLL81JcW4Qp19UHB2bqVvG3fy72ObWysi3UbXH8tLS2Bl0MF9z791a9+BcD8+fMDOVcPHTpEbW0tTqeToqIiioqKmDt3LocPH6alpYWcnNE/yId6sVa49vZ2mpqaxqQcobKZVXCM2o9bWOo/sesPsKdkOVWzdrElaHjLx7UcKyim3F+ksLZjyJ6eYW1RcNsZ3ns0ZFzLbiorjrN8HWzyr6tkHdvuOR20vJKwnrdhvVGHaiMHk7OU5SVb2XW6BYoitdUD2/+Qnqktu6msqKU4hvYyLy+Py5cv09fXx8WLF0lLSwPgypUrmM1m5s6dy7Rp04ZcRm9vL719fUMGYRPMZiyWsQuBqueqiIiIiIjIzaBoESV7DgTlXm3h41oovjXs23DLbio3NYX0bqpaVcCxrVtC8pse21rLLN804d/ljSBlCeu2bfN9Ia/n1ZUV1BZXBS2ziU2+XLA5SzdStaoAClZRtS3oC/qerUHzrKNkzyYqIyZZrefViq3krwvqjbWuBPZs6u+N5QuOlASmCV5eC7srfQGDwPz5bK24AXO61q309SC9y8izCkA+9z6wl4NBvUmj1nWOhpABr7P3oj9/q//fX+XgA8E9SINk2sjgCp6LoYNr9t0T2kO180zk3qpRl+Wb3JWZDl1H2RuWEqHS00QgXcIEcejQIYABL6Zav3499913H2vXrmXZsmV85zvfCYyrr+8/+/3z+Zcz2kbaE/X48fBfeMZCDrcWF3DseGtgSP2BPZQsKiJnWj7Haj8O5HxuPX6MguJbjcf8A+kEgnt6DtY2hLdF68jfWuFrh4xAaNOqqpBxoW3aHjYdWBRYT8GeTaysOM7ybdvYtq2KVQV72BWYvj91wTb/+KbB2sho+QKr+euGbP9Hw5/+9CfOnj1Lb28vH374IR999BE9PT309PRw6NAhPvzwQ3p7ezlx4sSwwfr2tjbOeTyDfrq6uka38GEUXBUREREREbkpFLGoZA8H/PGVlo+ppZjw2Co5S9m4LbQHUs6txQxIy1oQYV6CA6tBvavqD7CnYBXlQQvNWVoeFiiIIGSeIh5aV8Kxre9EeDlXEQ+FB3mLFlESXK4De6BkXdA0xjwbl+YY2+JYCeuCF1D0EOtKjrH1nXF4VvY6qdl3T/+j+l1AxldH/nj8MEHPmn33sPCPHwbSERx8YG9IoLUszRZj6UdeFgASb6fiAX85fB/HxMuL4Q9eZmeHPrc+a9asQP7S+vp6nnnmmcC44B6u/vnG6nF8f77XeJNzazEFgR+ZWjjd5Hv0v2gRJcf8qQFaON0E+dN8vTh37aFkXVB7lrOU8lVEbBtadu9iT8Eq7glrZx4q6h83dJtWwCr/zDm3UlwABavu8a07NDjcsnsXe0LatByWGgUb4gWGEdS/yqY9Bb4f2nJYunFbSO/XiO3/Nbh06RJ1dXUcP34cs9lMeno6vb29HDlyhD179rBnzx6OHj1Kb28v6elGHua//OUv1NXVcfny5QHLM5lMmM1ment76ezsHPABSEhIGMUaDKS0ACIiIiIiIjeJokUlbDpQz0NFRbR8XAvF5eQArRGnDn/5SQEhfeTypw18ecueTWwCKJhFcMin5XQTHNtDxcqtA9ZSUDxg0ODryJ5FAbWcboHID74OfJy1xDf8dBMUFA+SQLH1OMfYw6aVEV71UjJw0MT0A15/4KvYAy+KCvY63613sue227GnjTAXa9JUymDooObRtZQEeosa5Vhw2zv8gnvYO7K1XXtZLoe9pGuCampqAhj0hVR1dXVs3rw58Pe3vvWtkGn9//YvZ6zKF62RpBG4JjnTyA+0IcYPTMaj/0UsKjnGgVYA48eW5UVg5GSFPZtWDnwRVIS2ofX4MchfHvHFVhHHZc+igKF77RpB3kGWt2cTA5utoRqtY2ytWEl4S1yybtuAR/rD06QM1VSPhNvtprW1lcmTJ2O320lLS2PevHl89tlnnD59GoBJkyaRk5PDlClTSEpKwuv10traSkpKCvPmzQtZntlsJjk5mc7OTnp6egasLz09fUxTAoCCqyIiIiIiIjePokWUbDpA/UPZnK6F4vIIX9qD8gUWrKpi29KcQE694ZWwbtsiDqzcxJbdtwZy9LUeP2Y88j9mb9MOCgSXrGPbxqLAsGi0nG5iYC7DG81P+fjyV7k352/YyOuD5hb1tL0ORA6wRuxlmmhjTsgA3+P3l12DrOOnfNM9j4OOfOyZxku2vpNzO/bMsMkWbOOgw0bdHwcG5Ac1ZFlep+ziKhbkzGMjhJSt7M53qMg5dw15Z6+//Px8Dh8+TH19fcQA67vvvgtASkoK69evD7zwys+fIiA/f2x67Y60R2xra+SfeEZffxC15XT/D0wQ9OPTouMcC/uBaMgcq+NpxDlWh88lHQiqFqyiattScqJu/6Nz9OhRcnJyyM3NxWq1YrFYmDt3Lrm5ubS1tQFGQHTy5MmkpqaSkJDAtGnTOH36NJ9++umA4CqA1Wo1AqxdXfR0dweGJyUlkZySgtk8tg/uKy2AiIiIiIjITcOXGmD3ICkB8L/IZRVVgXyp+Hp2RqFkEUUUcU9Yjr7sWQVw7PggPWSH0HSa0Bd7H+cY+QzoyFV/gD0YOV77X7Jymv6+czlMyyck12KwnGn5MOAt4jeeyvf+FTf53PvANjaGjPkBr992OxmX/5Vv1kF/rlJnf57U2dV8Jyc9wlLzuTcoV+vGr6xmQeIV6v7yU+Cb/OLevRy8t5qyoDk22o3t/XEdcHQtey+DwxGck/UHvO7Ih8uu/pdcRWWoskDNPpdR/+Dy+Op1ueW3EyawCgRe/jRYULK4uJj77ruPb3/72wMCq8HzjcVLpOrr6/F4PCOap7W1NSQn7FgqWlTCngO7+bj2WGiv0OxZFDSdZveBPf35VslmVgE0Rdk4ZBsTE2nqiOOibVtHuK7Y1XNgT4GRc3sMfgzr7Ozk/PnzgZdPdXd309fXR3JyMtOmTWP27NnMnj2bqVOnkpycTF9fH92+YKnX6+X8+fMR86eaTCaSkpJISU7uH+ZLOZBgNmMymUa5JqEUXBUREREREbmJZM8qYM/WrRAIHkQQHAht2U3lpgiPyw/ByKd6jK1bdtMC5CxdTgl72PRqUPCkZTeVK1cGXjiVY0Q/QwOwx7ayJfjlLZv2BOUfDBccHDVeKhMctChaVAJ7doW8lKX+1ZWsfLUeiu4JKW9gGStXXuPLYeLNT/nmG3fx9mXfC6wCn6+C+66Qx+Vr9t3D25eD8qTeZmPvHz9kQMbDrg+p46uBZd2b0cTbb9zjC4q+znfffpE6QvOcGtP09xKtfO8uqloIyslqpC8Y8eP7Q5bFX/+w8tx2Ox73XRFSJcS3uXPnAlBbG7lHYXt7Oy6Xa9Dcp/755s+fP6rlam9v57XXXotp3tdee+365GrNnkVBUy21x0pYFNyY5NxKMVvZGsg/CpDD0uUlYS90Ml6AF6ltyFm6nJJjW+lPx9o/rX9c9G3a0AYuD1p2V7Kycvc1BlyP0f871MC2NHtWAQS9HLH+na1RB4gvXLiA1+ult7eX7u7uEX16e3vp6+vj0qVLEZft771qsVoxmUwkJiaSmpo65oFVUFoAERERERGRm4r/5STFkbqtAjlLN7Lu+Mqg/KMFrKpaR37FJmo/bmHpUM+T9i+FpeWrqK3YSsWr09j2UBEPbVsHK0PzA4Y8alu0iBI2sWnlHkrWbWMRQMkqimsr8KdqLVhV1d+bNljRQ1StqqQiKJdgyboqVu2qYKsvxyxFD7Ft3ausDM43GPRI7dKNVVBZEZIXdtD1TXCV790VVS/NSNNVHh16/ECv8923hw9c1uy7Z5BcqYPMX7eShXUjLUv05Yl3s2bNYu7cuYOmBvAHOF977TWWLVsWMq6+vp7Dhw8zd+7cUe+5+qtf/SrmPK5NTU289tprPPLII6NapgH8QdSS5WFBTeOFURwL6x0foX0ZvG0o4qGqVVRWrGSlf1DJOiO9Cjk8tG0dr66Mok2Lin9d/cu79vQrxku2VgZyzBrtf0lQ+5+ztJxVtRWBa0TJunWU7NkV1dLPnz+PyWTC6/VGzI86FH9v14sXLw54kRsQCKimpabS1t5ORkYG5uvQaxXA5PWXTkRERERERCRO1L+6kk2MNJ/gxLfwjbvGuwgyBg4+MKqv7gKMIOmmTZtITU1l3bp1IY//P/PMM4EA6vr16wPDjx8/zqZNm2hvb2fdunWDvhArVt/97nfp6OiIef6UlBR+8YtfjGKJJJ7s3r2bpqYm8vPzycrKGtG858+fp7m5mdmzZ/PlL3950Om6urq4cuUKNluEHNExqKioGHYa9VwVEREREREREZlgioqKeOSRR3j55ZfZtGkTa9asCQRL169fP6BHa319PZs3b6a9vZ1HHnlk1AOrAE8//fSgqQqiUVw8Wu+kl3jU2dlJX18fXV1ddHR0YDKZAj1Lw3uY+vuCer1evF4vXV1dgXmHkpiYOGqB1WgpuCoiIiIiIiIiMgH5g5H+AOvcuXMpLi4mJyeHoqIi6uvraW1tpba2lsOHDwPwyCOPjFkQMycnh/vvv3/A8Pr6+pDgWUpKSsQXbcmNraCggPfff58PPvggkCM1NTWVtLQ0UlNTSUpKAowgbHt7O21tbbS1tXH16lV6enrIy8vjzjvvHOdaDKS0ACIiIiIiIiJxQmkBbkxjkRYgWH19Pb/5zW8CAdRI5s6dyze+8Y0x6bE6nOrqag4dOhT4e/78+axdu/a6l0NkpJQWQERERERERETkBldUVERRUREtLS0cOnSIlpaWQG7LnJwc5s+fP+ovrxqJ73znO1RXVwfywH7nO98Zt7KIjDYFV0VEREREREREbgA5OTksW7ZsvIsxQGpqasiLtURuJObxLoCIiIiIiIiIiIjIRKTgqoiIiIiIiIiIiEgMFFwVERERERERiRNTU3PHuwgyyrRPRW5sCq6KiIiIiIiIxImFOX893kWQUfalKfPHuwgiMob0QisRERERERGROPF/frGcVEsKfzjzAc1tp8a7OHINZqRNY8nURXx33kPjXRQRGUMKroqIyLjwXr1E5/sv0/PpH/BeHP6Lg9cLmLyYMI194caR15SA2eYg9Rv/iDlzxngXR0RERK6zzMRJPHH7mvEuhoiIRElpAUREZFx07n2e7g9fjyqwCmAyccMHVgFM3l68nmN0vL52vIsiIiIiIiIiw1BwVURExkXPp38YwdTeMStHvOq7dHq8iyAiIiIiIiLDUHBVRESuv87LeNvPRzmxF26CHqsD9PXSd1EBVhERERERkXim4KqIiFx/SRkjmPgmDKz6mDOnjXcRREREREREZAiWjo6O8S6DiIiIRKBrtIiIiIiISHyz9Pb2jncZREREJAJdo0VEREREROKb0gKIiIiIiIiIiIiIxEDBVREREREREREREZEYKLgqIiIiIiIiIiIiEgMFV0VERERERERERERioOCqiIiIiIiIiIiISAwUXBURERERERERERGJgYKrIiIiIiIiIiIiIjFQcFVEREREREREREQkBgquioiIiIiIiIiIiMTAMt4FiFrDdsqrXeAo46knirEPPwPby6th7RYenBPbKj21z7Jh/+Io1zfePNQ+u4Ead6RxDsqeeoJifyUatmNsmgeZE/i7OXSaSMsm2m0/1ozy7F/8FE9ELrAMeTz4ONfy1Mw3J9AxHouht4PzGtqH0dSwvZxq1rIlUJgGGhrmMGfcy+ahoQHmzImHo6OUlEfXYmn/Zy6/+nTkSZbVkHGLg94/Lab93djXkdBSzZVdO6Ofbf5LpJfMxwR4T4xw3nHgqX2WDYOcFI6y0WlXG7aXU+0CcPZfa+S6GHT/Rn3/NKKV8eyG/Swe9P4hUvs2vuKqPP572wEGnjfX7Z60oYGGOXNu4HPW+H7QPERbZ5xDDHFfHGGpMRxXHuMCe4Pef40XY/8OPKscI9qfIiIiIzVhgqsNB13gcOBw1/BuQ/F1CYjYi59gS/HYr2c0Rfpi7Kl9lg0btpM7zBfc/a9sJ/eJgdN4al9hP45RL6uMJTvFT2whcPiGB9QDJt4xHouIAaOG7ZRXl1/TDzCjZc6DW9gS+Kv/h6HxLVbQjxhx9C3bm3on6ctLIwQwf0jqbDvecShT8m3zMZ0bIugbjyIF2jy1PLthA9tzr/Gc8NTypktfZMdVhP3bsL2cDeUnFOyOO4MEUsufDTmHrss9aeBe4SY4Qva/wvbcJwa2dZ5aXtnPiO96Q6/jw+sPlt8E23ochP94bnwXehZ0XRIRkTEyQdICNHDQBc77HmaxA1wHG8a7QBOKvfg+nLgYerPlsXhxc4RpPHyyP4/Fi8eufCLjYs6DrHWqPZlwWhrpy7kTa/jwZV/A3NJI33UvUCmmVPC2NV73NY86ezH3jcY54TmBmzxy9QU2rsx58CnKHC6qt6vNi3f24idY63RT80otnvEuzA0qb/FimiO0dZ5P9pOnm94bjvFdyM0JnVAiIjJGJkTPVU/tm7hwsnaOHftiB9QcpOHB8EeWQh8DcZSVkReyDOMX4rK8Gmr8EznXsuVBQuYL/qUz5BEs/6Nvaxezv7oGd4TpJ7rceYvZ/0otnuDeLg3vUpO3kKdoHs+ixSj8kfDw3iGRHhn3TzNI6oHwHqCeWp7d0H88GMfUxDkgQh8z9PWYLCujucZfJ6P32bxPgh4zHaRHVP+TjROlx5qHs80Q0lDAgMc0B/Z6DX/krP+48tQ+y4YTiylrrqHG7Zt33icDH5sNe5S2/3HCoPaouhxXUBs12vvFv+/XLt5PdeAkCD3+a9yAewPl++MlJQjAPvra12JdBt2BR/9LSZltp3f/nzHNDBoWIY1A8kP7sRJ9L1P/9N18DavNN/DqIa6+9Cjd/JDUiq+RADBzLRkV99FdVcZV/3z+6blMz56v0HHo2mo+LoZs4xrYXv4mM8vyqKlxAU7+tqyZX/qOp+pyV//5M0xb2bC9nDdnlpFXU4ML49q68GA51ZQFzicIPqdCz4X+U3Sodp3+c2+Ya3n4o/Xh7cDEbPPsFN/npKY69B4qtC4QOZVQ0ASRrnOfbKc8cHMVaXucpfbZ6v79EmEZw23Tocs58Fj07/OQ+RxllIW3+XFqzrIyHBv284mnGOMUCr9eR65vzNewoPmqy11B58TQ91IDzt2/LaP5lzXkhZxT156qa9TlzmPx/leo9QQfZw28W5PHwqcYeNcbIYVD8LYNSQswTDvT37642VC+v/84jqKdrGYta6kOOaZDrs9RlnPIZQzY58O1sxMz/UukVA7BwwZNseJcy5YH7YOmnbqRvhuKiEj0JkBw1cMn+93gvM+4aBffh7OmAaiwAgAAIABJREFUmoMNDwblI/RQ+2y1LxAxh/4coeAMXpS7hv2Ln2LLFv8XvWrKXU7WbtnCg/hudqq3s3DQGwQ3NW8u5qktW7BHNX18aNhe7QtODzOhfR6LeSVwIw9GOgbnwgfh7JgXc5T159Ta8oRRGeMxu+1BX7g2UJO3li1PzAmZp3r7QrY8OId5ix3U1LxLQ3HQl4iDLnCuDctVuwVjFcZxV759YgVYw7lqTrB2y5b+L6UbynGU+c4b3zZ6pXae70bdd67lrWWL/zHChu2UT4RHrxrepcbtoOzhoHB77bNsqMkL1N+o7waexf/FxPelNOgLT8P2cqqfnclTT/ie13TVcGLtFgJPVY6ol8QcHtyyFkK+hDb4FjsG+8Vdw5v+NtE3j//4L37iKYjT3MZXT7nJmP5DwBcgnX8nCTTSeQisJf6pdtLT8jCWmV8gGbgKwA8x26D3TyN8fN/2Ncx/WszlV41lpFZ8jaTlpXTvepr2qsawPK2+oC6HuFr1KN2Adfl7JJe8RwpxHmBt2E61C5xrg46ZYds4NzX7+6+LAAtzI+X1NoI1T/iO6e3l1ZSHfal11+xn8VNb2BK4/hB6PjVsp7x6A+WOssD6GraXU/1KLfN8gYHh2vVAmYe4lvfnW9wSFPDwp0uYwG0egH0mDvZz1gNzfAG76uYyntriD6z46uffpp5anvUdA/1BzGq2LwwOHoQeAxFTEYW0i8Yynp35VGh7RX85wh/hHbacEcqBbznVrrAfwAbcHMYpey55/p52EY+ryPWN/Rr2IP2XnweD5vdN/0TQ9OWhaYZCz10Ptbuh5mADD/pv1BsORncfel3ZmbcYXvnEQ3H/TS8u50IeDL/pHXAe+Lf1K9TOG+y8H6KdKX6CpwjLoRvtPaWrmoNrt7DlQRhw7Y+2nEMtY9Dz0X9OD39/HY88tW8ax/EICjggFYd/Hy0zFhKSfgvfudFcxrJ43QgiIjKm4j8tgOcT9rsdgQsZzGGhE1xvBj0q1fAuNW4nawM3H3aKHy6LkC/JyX2B5FXzWOwAR9mywI2APXf47gzO+/p/2bXPW4yDZs7G0SMm7poNlJeXh3yCv1gMzbjR3P+Jv0INHHQ5WTgRbxIaDuJylPFw0B2vvfhhyhwu3qw16jfnwS1hQVDj2OqfPjydgi89hW+DNBx04Sh7OOim2nfcud6kNo6OiZEKPifmLHQSct5gZ2bwieX5hP0h5x6+x+3d1LwbP4+eRjovBr7Ezfghx7k2+FyZw4Nrnbhr3jVCnP4viEH1nfPgFraE9PgYm3NmbPZL6DLmLXZA89n4fwz13T/TazOCpgDW2YXQso/usMm6jzbixYF5mW/Asi+QgJu+kb7s6uqhoF6yT9N3DkxphZGnnX8nCcmX6dn/aKA83bteoedqBgmzS0e44jHkrmHDgHPCFdLjJto2zrF43pC9mv0/SvUfjsZ5hesgIa2EYzHzwhfkCPqiOmchTsKuwzNDr/TDtet+g1/LjXYgpN72Yp7Y4tsuE6TNi5a9+Imw9svXDvh5ThDaMWsOD24Z2Ctr2HujCPs/0K767/MeDlpG8cOUOdyB+5Fhy+kTeiw28G5NaJtuLHeoLTKxhNZ3tK5hQSJOv3ZgqqmQc9e3b4LOb6MNWBh3gTe7cdMbuOYZHQoilNJezBNbQoOoxnE+tJF8Z4j6njK4TfS1b27/s+7RlnOoZUQ8H59gS+DHsuHvr+OBqzr0+rahxn1t9zeeWp6tduFcGzmYHvghJ26e8hERkest7nuuej7Zj9uxmIeDrlRzFjrBFfSo1NlmcCwOvZjZcwc87Ytj5jVe8BzMjPMr5rW+6dlu/IyPp7gYe+AX/BF2vosDnrPN4HaxobxmwDhHWCqtAY/9BL6IGzec1f7eFyE9L4xHyt2uDQxchYOJnK0rbySJEj0ncOOiujzC247jqGdQyHkR6EUXfoPs4YTbuCEfWBujMhHbmgEru9Z2JrIx2S9jVNax9zR95/YbQdN3S7HkQO/+ncAPQyc7tI/exfOx+Hq5Jk93wLl/9vViHYH20wMCt4PKsWHCgzekh6qvF+1gAdnxMOyb46Nv44Y+No3lOBaHTTNnIU7eDPSg9C1oYHkiDYvC4O06DH0tN9qBvPsGmWCCtHkjFv4osf9COWcZZY4N1GwopwYGSX0z/L2RI3yC4B60vhy9oZvcCNDVhHfbHKycPiHHoucszThYHLbcKH5HnzBCz71RuoYFLzHi9Ma90ZvBJ2/YeWoE9Gp8T5n5fpiOr26rhpAntnwdCoa86Q1PqTDU/d5IvjOM4J4yqjZxmHIOtYyI52PQ6BHcX4+nAY/m+1IubNieG8PTZQ1sNx5niPy4f8N239MO8dtzV0RExp7F6x2PdytHy+h1YOQkGngR3//nVpzFdowqePF6vUFvivb9y+vF6yXCNL7/e41hobMY40Lm8U3j9S3Pv+wBw8ZNhPoMPqnxP/+2CP7bVsQifsmfW53kHnThXFAWVL/wbTxehq9r6wk3OFbw47+PHDzwer001DzKZheAkzUv/b3xuHXNo2ymf7mFC5yw+SBHygrhoAvHih9T6PXipRVjFT/m7yMGs+PhmAgSvs/9g0P2a+g5E3m+0G3vOdOMsf3KIt5Qjn/7EuFYKSzjxyua+VF1Oax5ibLA4/tnaAacwcNCFuXFM8x5EPE8iaLtCGxbr5fwtmvg34zKfolU1vDjIeo2ZRwEUgPMnxZICTDQTjqO3kfGLV8gOdaUAKMkIS0jpvnGYttH155H08ZFODaNUb7BQxxHvvMtL+I5ELyY4GED1xdel2Hb9WHPx0HqFCh2vLd5w+zf1hO4HYv4W5tRP0/tc/xohxtwsOLHL/kewX+OHx3wz2/D+fcvGaG5hhoe3VxNuQtwruGlsjnRt2/h+z/CfOHlbT3hDtRj+HJGaicj36NFOtbGzSB1B3zniJOvF0a6j41Q31G4hg15H9xfMM4YJ2/oNSh4e9qcfN1Zw+aDRyjz1uHCyZrCeLkvCt52NooWwS//3Ioz9yAu5wLKIt3ze2p57kc7cGO0iS/5HsF/7kcHIl/HozkvQrZtdPeUw7aTIy1npGUMdUwS3f31+BqkDbc5+dsV+/nRgTO0eguxE8W2AMBD7XPVuJxreMlpG1g/Ty3PVbtwrnkJpy1ejnERERkP8Z0WoKEOl+9G+qWXQj9rnODe8R4N+B7ndzeH/tDsOTshX8E0/uzMWwQHPqmlzuVkwQT9Cdae5xh4TIRooM5lfAl5KfAl2feCo2BzFuDERV1tLW+5HCwKPPdmx1jFROvTO7qMVBrxlRojGvbiv2WFA1yba/ofS/b1dm8eojIR25pYeJqJ8A6EUTNR98uI+FIDpAySEiBkOuyYlseYEmCkWs7hxY5pfvDAUkyp4G1rHOOVj6bRauOMnoIDluNpxk0eI+mQPbwo2/UhGfUerB2Y2OeWh9q3XDgW+R8l9/DJAbcRhHnp7/tzNDYP0jrNKTPuwdY4wVXHSJIgDLn/7XkRHpf29XjOs4+8nH6+nKXNEZY7ETS8twO3c0H0PeHG4BoWeXoPze7hn6aYs8AJzWeprXPBSOpxndmNm15q61w4B7np9XxyALdjBT9+6aX+4OeoXsdHp70dlXJGPB+DRw93fz2RDWwfGmp+xA5W8OOIv1g0UPOjHbDix5F/0BARkZuK2d9TIx4/DXUucH7d90tg6KdwgRNwUdfgxVt4N6UOF5trGnzjW9n3yx2+mwn/PMH/Dvq1PfzvkGGh8xijQpcRadi4fcLrM9R0wdOG/W3LzcO9Ywcu5wKjl+Zg2y+O62pzfh0nwceEF2/rPp579FFqGvz1geYzrf3HW82P2OEmbJ8WcnepA9eOHbgdd1AUOBZtOL/uBNdm3/KMT+u+53j00Roaxnv7DLfPI+7XwERDzxf8d+HdlDrc7PjlPloD0zRQ8+ijPLev9drLPWbHig3nQ6U4cPFWoJzGvnbv+CX7Wvunbah5lEef89Wv0Ai2vxVct4aaoH0e4TyxGV/wd7wX1D695Qo5zvo3s1G2GY7gY3Os9kukczp4mC0QFBurfXNtGvFedWCZCb1Hdw4x3dP0ncvAMtMB5/488pQAI3VoH71XM7Asfgmrb5B1+cNYki8PU87Ixmbbw/DteTRtXKCUA885o/B4vb7rdchyGqjZbARc/NeYSPUdOCzS+oL/NsYO165H2q79w2wU3eEwfrwNjG9l33O+c2citHmD7F9jWzj5uq/3lX9fBZ/jrfue8/X89Y1vqOHRR58LbRPrBu67wbenb6dE2P+O0ruNZdiKuCNsm7bu+yU73A7uKLJFV86Ix4bv+r25/5psLHcsz60RfsLOldD6OSi9u3DIYz1Sfa/pGmabgYNmzvjn900ffC/VULMZF04WFAbt30jbs3ABTvcOdrjAuaBw+G1xXc+PoG1nyyXPvYMdrv46DTyuMQKK/r9b9/Hc5qGu48OfFzZ/4NrrJdp7yuHbyZGXc8Aw//n4Xvj9s9EODH9/Pd6fSOeGF6+3gfd2uHF+3YnNvw9mOMD1Vv/50vBeSPsQOA8f6p+n/9PKvuc243KU8lBwm6qPPvroo88N+YlG/OZc9dTylgucawbJUecLqO6sa2RFYSHF36+En21k9WpjtKO0FKd75F9kBfDdTLMgjvIDRuDeuZHV4bvYUUrl94uxU8iKF9fA6s2sDko+5lzzIisKAQpZUVnKzzYGLcO5hsrSt9i4s47GFYX4a2+fdwcO3HBH2EtbCldgrGJ1UF4rJ2teXEF8b7nRZA+cexuDdoajtJLvx/trs+3FfN25k807N7JjqnFc2Iu/TyU/Y+PG1QRqEzimAN9xtWN18LHXv88j9+QwjrXmjf5j0UHpmlIcmz8YrGDMu8PBzp0bWf1BKZXfnxpL5UZlvxhpMTaz2hWPx7Uvj2lOIz0RUwL0u3rKjdXmoPfU9UgJsJOOl3aS/NB+kiv2+166dZmePV+hY5hyxp3RauMKV/Bi5Qx+tnE1qwOLWcOLK0b7iIq+XR9KoB1YHShtyLkzIdo8986Q8gFGW/Zi6Euhir+/hpPB10lHKZVr8ti4+QMjD2XhCipLI7WJI9x3zlJmvLWa1W7/IoK3l53i77/I1B2rg8rsoLTy+75eqlGUc5BNP2BfOkopdbqJr7tDF5tXh2dJja3NvdZrGPZ53OHYyc6Nq/mgtJLvFxey4sVKZgTdX0dftkIWOMHlcsb57aSvnCwYtE724u+z5uTqoP3koLRyDXkbN/PBJx6KYzn3CxfgZDObV7t896bX3t6OTjntA75ThZ6Pw91fxwdXyHY0hJcxsL3854tzDWucLjYD0Mi/7TQarJ3B5xMY59TXT2KMHtjWxt31QERErgvTxYsXlR1GRESuO9PLy67PipbVkHELdFeVjX3P1VHmfWSs8xiIiIyNxh2r2cxY/JAiIiIicv1UVlYOO02cv9BKRERuVKbrtJ7k6Q68J6onXGAV4uHlICIisWjkoMtB6ZOz1Y6JiIjIDU/BVRERuTHNf4n0kvmYrh7i6qvx9SBwtHSNFpGJxuOqonLXcWYt30ip3qAuIiIiNwEFV0VE5MZ06FGuTLQ8p2F0jRaRica25P9i8xLj32rDRERE5GZgHu8CiIiIiIiIiIiIiExECq6KiIiIiIiIiIiIxEBpAUREROKUrtEiIiIiIiLxTT1XRURERERERERERGKgnqsiIiJxStdoERERERGR+KbgqoiISJzSNVpERERERCS+KbgqIiISp3SNFhERERERiW/KuSoiIiIiIiIiIiISA/VcFRERiVO6RouIiIiIiMQ3BVdFRETilK7RIiIiIiIi8U1pAURERERERERERERioOCqiIiIiIiIiIiISAws5tMfjncZREREJAJdo0VEREREROKb6dL/facSuomIiIiIiIiIiIgEefLEwmGnsdDbdR2KIiIiIiIiIiIiInJjUc5VERERERERERERkRgouCoiIiIiIiIiIiISAwVXRURERERERERERGKg4KqIiIiIiIiIiIhIDBRcFREREREREREREYmBgqsiIiIiIiIiIiIiMVBwVURERERERERERCQGCq6KiIiIiIiIiIiIxEDBVREREREREREREZEYKLgqIiIiIiIiIiIiEgMFV0VERERERERERERioOCqiIiIiIiIiIiISAwUXBURERERERERERGJgYKrIiIiIiIiIiIiIjFQcFVEREREREREREQkBgquioiIiIiIiIiIiMRAwVURERERERERERGRGCi4KiIiIiIiIiIiIhIDBVdFREREREREREREYqDgqoiIiIiIiIiIiEgMLF7veBdBREREREREREREZOKxKLYqIiIiIiIiIiIiMnIWr7quioiIiIiIiIiIiIyYeq6KiIiIiIiIiIiIxEA5V0VERERERERERERioJ6rIiIiIiIiIiIiIjGw4AVMgD/K6v93pP8T4d9EMd9gyx5s3vBhftEuN9ppBltu+LDwchJh2FDrjjRtpHVHu9xgw9VpsGkj1Wm4ukTaRoOVN3h4NNMOtz9GUqdI6x5u/4xGnQgbHm2dhpp2tOoU7b4NX1c05R5uPw22TcPHBZd5uHGRljvYuGsZHz58sHlVp+jKNRZ1ilSfweZVnaIrl4690V92tHUKX4bqNPRyVafh5x3J+TTYfdlw642lXNcyr+oUf3WKNF51ir86qd2b+HUKHxc8vzds+tFYb/C48PVfjzpFWrfqNPhyo5lmpG2XN8I0keYfbnsO1+4FTxPPdRqCxYs3dGLvMP+PtPKRzhc+/2hPO5JpolnuYH9Hu+6h1jFey43093DrHKu6DTVfLHWKNDza/T+aZYi2TtGuI3z4SOo0Gvv0WrfRcMsaavi1jLuW8dE0pKrT6IyLdXyUFzvVaZTGXcv4G+3YG+m8qtPorXcsl30z12mo+7JY1hvLeNVp+PlVp7EZrzqN3rJVp7FZ9ngfe8P9HcuyVafRW2+s00RTrmjnj3Z7TuQ6DUFpAURERERERERERERioBdaiYiIiIiIiIiIiMRAwVURERERERERERGRGFi8iq6KiIiIiIiIiIiIjJhyroqIiIiIiIiIiIjEwNKn6KqIiIiIiIiIiIjIiFn6lBZAREREREREREREZMT0QisRERERERERERGRGCjnqoiIiIiIiIiIiEgM1HNVREREREREREREJAbKuSoiIiIiIiIiIiISA/VcFREREREREREREYmBcq6KiIiIiIiIiIiIxMDiNZnHuwwiIiIiIiIiIiIiE44lId0+3mUQERERERERERERiS+Xhp/E5PUq66qIiIiIiIiIiIhIsIqKimGnUU4AERERERERERERkRgouCoiIiIiIiIiIiISAwVXRURERERERERERGKg4KqIiIiIiIiIiIhIDBRcFREREREREREREYmBgqsiIiIiIiIiIiIiMVBwVURERERERERERCQGCq6KiIiIiIiIiIiIxEDBVREREREREREREZEYKLgqIiIiIiIiIiIiEgMFV0VERERERERERERioOCqiIiIiIiIiIiISAwUXBURERERERERERGJgYKrIiIiIiIiIiIiIjG4LsFVr9d7PVYjclO6nueXzmURERERERERuRlEGwOxjGUh2trauHjxIn19fXR3d4/lqkRuWlarFbPZTGZmJmlpaWOyDp3LIiIiIiIiInIzsVqtUU03ZsHVtrY2Lly4QEpKComJiWO1GhEBurq6uHDhAsCoB1h1LouIiIiIiIiIRDZmaQEuXryoYIzIdZKYmEhKSgoXL14c9WXrXBYRERERERERiWxMeq56vV76+vpITk4ei8WLSATJycl0dHTg9XoxmUyjskydyyIiIiIiIiIigxuT4KrJZKK7u1svvxG5zrq6ukYtsAo6l0VEREREREREhjJmaQFEREREREREREREbmQKroqIiIiIiIiIiIjEYEzSAvjpUWKRG4POZRERERERERGRgdRzVURERERERERERCQGCq6KiIiIiIiIiIiIxEBpAURkWDqXRUREREREREQGUs9VERERERERERERkRgouCoiIiIiIiIiIiISA6UFEJFh6VwWERERERERERloTIOrIiLBGnesZrNrkJGWDGyfm8d/f+ABFuWlXtdyxRcPtT/byE5Kqfx+MfZBp2tkx+rNRNyclhRsuQ4WfOUB7l4wlWvdmp5PdvCRdQUlhbHMXMvPNu7E7VzDiyuMBRjHgZM1L64glkWKiIiIiIiIxAv1XBWRYY3WuexfzJSiJRTaQsf1nGvko8YP+NVP6zjwrR+yZtHgYcUbW/+29nq9DL7l/eOmULSkkJDN2XGWjz6q599efZo9taX8cI1ziCDtMBp3sHHL+yx5vJSYDgP/PF5v4Dgy/ucdpn4iIiIiIiIi8W8C9FxtZMdjz/N+xHFLePyF0e351LjjMZ7ncV5YMfRSPa4qntzpvrayeFxUPfkBdzxZgdMeum6Pq4onP7iDJyuuISgiEqcK715BxFPMs4eqJ3/N0V/v5dNFD/C5616yiaiQu1cMbHtWcImPXv0pLx/aSdWOXCpXFGIdj+LZnVS84ByPNYuIiIiIiIiMuQkQXDUsefyFAcGYxh2P8XxV3nUOQPqCvY5SnnyhIrBej6uKJx+rotQXKL1WdmcFikfITcfu5O75v+blQx9w6NMH+Jyiq9dgEl98aA1/0/w0v31/B66SDZTkjneZRERERERERG4sEya4Gknh3aU4nvyAeo9zVAKa0Wjc4QushgV07c4KHm9+jOe3uihSb1ORGFlJSQHooLsneLiHT97ayRvvN/JZRw9YMpi94G944P5FBKdnbdzxGM+fLOV/3e9h58/34u6AKXc8xJpvf5FJnk94a+cbvN/4GR09YEmx4fjifxuwDIBLjXt4441/46OTl+nBQsqUQpY8UMrX5wWd2R4XVU/uZMbjL3B39xv86lcujl72lc35bb79wLywdsCow28PuTl7roMehi7D6Mjljrtn89vXjnKo0UNJbnCJht+mjTse43nfYwPvP/8Y7+MI+gEpyvr4tpN7yTBPBIxg/4iIiIiIiIjEiwmQc9XrX9jAfH9eL15/3j4vxpf4yl0cD55myWM8X+r7Qu9xUVX5AXdsDOpdGjbMlxFwkLI3Uvc+LHlsCbYIuQJnlz7P84Fy+ebY+TgvBHIazGJ58LrDyh+8bo+risoP7mBjhRM7jex8/AV47DF44YVAioRZyzdSERRV9riqqNzlr/0Sli9vZldgGUb5dz7+QlCKhSU89nypXigjwxq1nKv9Cxwkf+dZPm0EKGL2dN807Y3sfPbnvH8OZnzpfv7HfBs9R/+d3+19jX/8xM1j/1BKYWrQ8s/+C1uet+L4m2/xvZSTHE2ZRUZrLT/7yS5OTirirtL7mZ3RwblDv+fXH7zGP356iX/44d34O3V6XFX8ZNdxmDGf//atLzHDco5Dv/81v//509T/l8d57AGH8YIo33ne/NbPePpkD/Pv/xbfs/Vw9N9/x969P+fps/+DJ/9uAZMAcPPbJ5/n9+dSmP1f7uVbRTZSOs5R/x+/5/0PXqPqkiVoWm+UOUmjy82a4SjCxlHcjc10LbEZqQGi3KZTlnyP79l+z//z9lFm3/s9/usMK7kZXrzeEdQnULagnKvh5fa4qIpy/4iIiIiIiIjEkwncc9WDa+sujs9azio7QCM7K3eR99jzVPijhY07efyFF9g5/3lKRyOC6DlLM7O4wzb8pODBVVXJLpaz8XkjuOlxVVFZWQUbY0sd8P4Lh3js+ecpBV/dtuIq8i2rcSeVu2D5xucDfz/+wnGYdUdQeV6geflGnvetvHHn47ywc35/8FlkHHVfaubQb/9ffvcZWOYvocgXMHX/bivvn7Pype9t5NvzfAPnzeOOJXupqvw1P99VxD+u+mJ/PtGOy+R+62keuWMSsIB5gGfv+xzvmcH9j/0dd/nPvXkLKMx9mn/c+xH1zXeTmwec3cvPdx2HWcv5h6Ae6PMWzKdo6w/5//79ZX634Cc84Ogv9/GTsPwf/lfgnJ43r4jc53/Ia/X/QWP7AhakQvcndRzqgP+fvXePsSO77zs/51TVrXtvP9jdpDgTjhLOxCRMKrIAD7UyhmN5gpU8khFTgOOdMWJ5N8EmiLJrxZGUBCvba3k9QbReGNEjVrCebAysDEvBjmJrd2jA0sDazXg8HEjQjIAoydAhLZIassVHv9jd91Gvc/aPU1W37u17u283m83mzO8j9HTfqlOnTj1OU/zye76/Yx/+n/ilH5suj33HqUd5+P/4JF/87r/nP6ye4sd7u3YPv8EUsLS4yipwcBv3dPrt7+Adne8CF3ng4XfwjvxXxW5fz+J3x3w+giAIgiAIgiAIgrDPuG/E1Zd/+5c2FrU6+nTFlXmcn/uX/7J///FHeXxEKayd83YeGEcYXXydb145ytO/3hNoDv743+Hpb/4G33x9kR/fgbp69On391ym+bVdWwIOLvJnz7/M0ad/vSfaHv85/uHjL/PbV4sDlrh2BfixXn/HC6etIOwxQ+dzjv/Q+/mlp9/l3KFc4Jsvr8HRp/mpdwysDT/4OD/56B/yb157jdc//C7eVaqrD/GuY8NUvSUuX16Eg72598BP/s985id7LS7/2R9zkznO/MJgtEeTUz/1U5x97Swvf/MCP/tw5R8k3vWT/Fhf42mOveshuNim0wGaELzjZ/lf/refHTKmJg+fPArfBZIRN+ROOTjHA1Bx9O/knvZzd65n6+cjCIIgCIIgCIIgCPuN+yIWwAKnP/r54e7TDcthF3n5M8/wXCUb4HSxBNlWjil/7t9WXY47ZCjAVW4sWI5tpY0uXuUKD3Fmrrr8eY4TP3aU564uYu3cpufuXzbrPj90eK4yrryNtVi7yNUr8NCZub5xzz50FK4WfRzjfU8f5ZnnfoNfeg7gNB/9vEQCCOOxa7EAeTeHT5zm2IADvPFu7sDOAAAgAElEQVT245w8eozjb5+mXBq/eIOrKRB0uPGf/zM3BvpbTBrAZW4sWuwDRf+HmZ3qjx2Ye+fjHH3+OV774m/w2pemOPYjf533PH6Ck8ffTk+GXeXq5Q7wIzx0eEhsweGjnADOXb3Bgj3GwXx/Y2oKf+D3kPV94CY3Vi227zoT2jeucWVpiaULF7hw5TznLy8BRyu/l8Zb7l/+DtgqPmBxqbxv1lrsNu9pcSOsHXJPxrmevt9zRV/94x7v+QiCIAiCIAiCIAjC/uO+ca5uzQX+r3/0Bc4BnP4on//E8XLbrnHwMA9xhatLMLRi1eLLfOaZq5zZRLRcunplxJ67z8HHP8HnH4fivnzhH51DRFbhXnDs/T83XlTH0lXnuLx4lt+5OKpRh8VV6IVyNmgMOi4PPs4nfv0wL5/9Gn/82kUufucsF79zFvB56Im/xz/4myeZLq2W/rZ+MR5+YGrkuJLSvdnm6stf5nf/8LssFYW6/CkeOvYo7/mR7/Lid7Zxwu2SdlgDeGDO/dra0T0dZJevZ6znIwiCIAiCIAiCIAj7jzePuHrhNc4NCoWLN7kGPLTZcbnQ8GObtSk5zvufPsozZ1/m/Z94fIO+euFPXAbsHMDc2znKN7m5CMfLhovcvAZHxwtt3QZzvP0ofLP/ZLmQO+zKjvNzn/88P5eLrK9d+DmOi7oq7EfmHuAhYOmJj/Obf/PhLZtvyvRxHv/wcR7/MCQ3LvPdiy/z78++xpUXf4ffnvsVfvWvN/KGKemmHW2f1de+yGefOw9H38dHP/x+Hn6gWWbE3viTuyuuLl78DywBRx8+7Dbswj29K9ez5fORklaCIAiCIAiCIAjC/uM+iAUoextRXbzKNW4s2ny58UWee+Y5rgAPFcfOOefpc39ygdNPHwOWePnsOeCoW3pf6X/U2OdOn+H0c1/gmc9YPvXxxylk0qWXP8sXzh3lqU+dZs5a7NwJ3nP0OZ774p9xIm+39PIXee7KUZ7628Xy/XJR78ZzF8uD+5b7DrsHFmvnOH3mNM994Yv82YmP8/gccPE5vnAOOFr0cZHnPvYFrj31KT7+eD7qi7kgfWyceyu8ldnduQzjzWdgao7DwLXLV1m0R+n/Z4mE737xl/nylR/hqY/9bR6tWhv75s0q3/rdz/HVyz/CR/7Zz/Aw4B8+yo8ePsqPnjjKZ5/5CldurGLtYY483IAr3+X1S5YTg7rjjcucB/yHDrs5XpzBDrk/tveDtR0ufPM8KQ/xM3/7jPv9VI4v4cbVJWCq7/eA7XW8SSzAqOutcpkX//gKcIzH35n/3tnpPS3Ht93r6Y852Dju8Z+PIAiCIAiCIAiCIOw33jzO1WNP86mnPsszz3yMr+SbTn/0Uzx19hm+8tpFnj52DDjG0596imvPfIGPnQM4ylMffYqjX/jWdk7E05/7HI8+9zGe+dhXKttP89HPPc2x8vMcj3/8czzQ1+4oT30qFz93mw3Xf5qnnjrKV8pLc9f+2WeeoTdsN55jQ7oThH1BcILHTzf4zrk/4muvP8rPn2z09l3+I577Tkrn2EmG1q8qmeboMZ/Od7/Fudc/yMPVPjpLrAGNwP0qfPj0Bzn84ld5+asv80TlH0+gw2tf+xpLNHjiPdudMT5Bw/Wx2unf07n8R5z9DsAanV0vaLXEa1/8XV5cg6knfpr3FPdoh/c0Lce329cz/vMRBEEQBEEQBEEQhP3GffA3VidmjsPc4x/nc48PbPz453i8vxEfH2j0eOXzsac/xzhnO/b05/jc03fYbmAs1XP3X8uwe7Bx2+D1L738WXjogZ5ANOTaBWF/E3DszN/l9He/wLlnf41r7/kZ3vejc6QXX+RrL55nzT/KUz//ni3zOB94z9Oc/pMvcO53f4vVJz7IE8em6Cx9h2989Vss+Sf4796X21QfeIJ/8NRrfPorX+HTv3WRDz7xHh7yl/jON77Kt67B3Om/ywe3vZI+4MTjp2l85xzf+J0vwJn3cWxqjWvfepGvfecGDx87ys2LV1haY5OM0824yJ889xyvVbakS1d4/eI11lLwjz3Fx3+mOuht3tOpOeaA1752lhOc5OFjx3b9esZ+PoIgCIIgCIIgCIKwz7iPYgGE0Szx8uf+Gf/uoV/ks0/lrrqll/niV65w+hd/SJ6DcMfs1jvUWy2/jSiK+g/x1DO/xjv/6Cv83y9/ld/7Vgp+ncPH3sff/1s/zcnpweX0lFXo+/r45X/Cka98ma+/+GWe/QbgT/FDP/q3+Cc/8x4eavT6mD39MX5t9o/4t3/0Lb725e+Q4jN15Bjv+/tP8dMn53pL4MuT2g33x/YGgrXg/9BTfPLv+/zevz3HN778LN/w6xw+9jj//a/9E04mf8Izv3mFi1evY3/oASgDB+zG6xh6N29y/tzN/l3+FLNHf5S/8b6f5v3VMe/gnnL4NP/t+77Lsy9+g9979kVO/+Jv8dSxbVxP72aU92nDc9rG8xEEQRAEQRAEQRCE/YSyd0l5u3TpEtPTUt9577jIVz7+rzhX2XL6Fz/LU7Lm/y3F6uoqjzzyyK72KXNZEARBEARBEARBEIS3Ip/+9Ke3bHMfxAII43GMpz77WZ6618MQBEEQBEEQBEEQBEEQhLcI+l4PQBAEQRAEQRAEQRAEQRAE4X5ExFVBEARBEARBEARBEARBEIQdIOKqIAiCIAiCIAiCIAiCIAjCDrirmatSpV4Q3hzIXBYEQRAEQRAEQRAEQdiIOFcFQRAEQRAEQRAEQRAEQRB2gIirgiAIgiAIgiAIgiAIgiAIO0DEVUEQBEEQBEEQBEEQBEEQhB0g4qogCIIgCIIgCIIgCIIgCMIOEHFVEARBEARBEARBEARBEARhB4i4KgiCIAiCIAiCIAiCIAiCsANEXBUEQRAEQRAEQRAEQRAEQdgBIq4KgiAIgiAIgiAIgiAIgiDsAP9uddxoNFhbW7tb3QuCMIRGo3FX+pS5LAiCIAiCIAiCIAiCsJG7Jq52Oh2+8u/+nw3blVLlV/FZ634Drda6b1veFOgdU/0OCoXO+/U2nG8YG/sYjwx7R8cDuC684ocBDCiw1paN3SlsX/sdnXfkcFT1Jveh8IZu70fn4zXbOKt7vr3rLAfD7l3ZnbNhfDs4xmKoPrvt9Flta60tP4/q42988IltjHQ8Op0Of+nBB3e9X0EQBEEQBEEQBEEQhPuduyau7hestZsKkYVItZti5XiMK7CpbbTdbe7ePRktMFrG0R73/nntPTsRdgVBEARBEARBEARBEIS9Y0/F1bsliO2lzLbXUmf/LVOAQqm7MIKBLlX5n/GO29Z9yd2pG7TDN4mYqJQSYVQQBEEQBEEQBEEQBOEtwJ47V7cSWDfbP2wpvlIK7J3Lq1s5XCujGLWCflfpjaUQ6e7eSUf1vJ0z2u20V2DNxvb7UY4snsOdiKUK1Rf1UH3PtttvIdyKgCsIgiAIgiAIgiAIgnDv2RNxtSqKbhBGR7Tvbze8r95GcmVub5eK79iJq9RoJVFt7gHdeM7dENg2XsddcxkX/Q70P764fW/YrpjZJ6AO5PRW+9lMvB0UYQeF1f18vwRBEARBEARBEARBEN4K3FVxdVAI3ep78XN1e7+INLqglXOUqpGC03a3b4dBgWzLPi0jC0i5NfMbhbz+Povr35ZfdAvUkPGrrUXFXChWxc9bnUUprL0/MlO3ElMHr2FU+3Gcq1u5WYcJq+JcFQRBEARBEARBEARBuLfsqbha/DyOuDpMKB3mei1jAUYcM2pMO93PgAtxHCfueIwQ5ob02b9t9wS2jfd79Bj6Tl82HPM81c7Zvmt1r0TFQQFzp+/OOM7Vsu0YBdjEuSoIgiAIgiAIgiAIgnD3+cf/+B9v2WZPxNXqz1uJq8Pbj97nfnDuQKW2dgUOG9t2KFyIu4/t63dj5urw0ex1FMJus9/dl3udubodYXW/3ztBEARBEARBEARBEIQ3O3smrg5+HiWsbhRfN7r8NvajnIC1yfn3n8tv+8LYTq5hHOflKBHabd7KIbnf7uv+ZZRzVURSQRAEQRAEQRAEQRCE+5M9FVeLbZsVtir2aa1z0anqSB0eLzBKXB01hlH7dlqwqPp5rD4UjC+uKpTSlfabFz4qKMYxjnt3mHvSbXP3f3AJet/n3DVsB8a2E9Fw3GO2Wl6/VXGocdmq8NTY16j6jx92L8fpp5gTIsgKgiAIgiAIgiAIgiDsD+6quLoV42RYDsuWHEco20k+5lj9lv8ZftxuOWSHi2djFsyqtNFaj922iud5+XYn6BVfg+Pbyp08WtxVG9qMGsswNhMZd+sZbCZi7uY5RjFOQS0RWQVBEARBEARBEARBEO4deyqujipUNaxN7/MY/ZZq55t9ibqqfIETW8eraL+ZCOcpDYWACihrwRpQuSM1P1bn/alcsM1TA1zf1lDE0VYFaEse7WB7VzD4nKxS5Tm2viJBEARBEARBEARBEARB2B/seSzAsH3DYgF6rrzR7fq+jyGw7orbcBPX6m4yyukJVaHUjiU+F/2NFFgr7lKV9+++AEy5ffhx/fm4asPY+5+ha9t/PVg7nopeNu8v7LSX7MRF7ejd43HctsOuTSIBBEEQBEEQBEEQBEEQ9hd3XVwdXPK9sWAVG37u37ZxWfk4wup2Rbex8z5d4231vZtUs1TL2NMRbuDBpfxF28G+ssygtUZrvcHpqpRXbjPGYIwp+3XZuB5ae4DFWtP3bEbdz16e65DxuoM3vQf3u8C4lZC6mWhc3XcvxGVBEARBEARBEARBEAShx12PBRjmSh3287Bt1YJWw/rq+76NaIBRgtQ4QpUd0mSrYko7ZTv9bie3dLDfqgg7KkbAGNO3f2PEgxp7vLbIE9hFhp17W0XGtuj3jp6r2l5+62bnHMyxvZ9FZkEQBEEQBEEQBEEQhPudexILsJmDdTufN1s6vxNH304LWm23j+0wKJ71F6hyDtDNRLtCgBslviqlsNqW/VadsdWfi7ae5/U5XI2xGOPGUb30YY7ZYQWxBsekipzXMRh3if2uCKS7wHaKdY3TlzhXBUEQBEEQBEEQBEEQ7i17Iq6Orhg/ekn7MEFs05zWHRa1utti6G72WRWlC3HNmAyw5XL9Yl9VBHXtTOk+tdb27dO+lxemAmt7DlVrKfsFJ+xWz5GPrq9PV9yqHLhLXN0ghhd5rv3sRFh9K4mL1Wu+10KxIAiCIAiCIAiCIAiCcNdjAQpRsLelJw729hc6kVLDBNmN/W1wqFqwFELbxjabjnAT4Xf0QQOf75a+p1RZNKoYpzEGpTW6shzfFoPIbbVKacjFUSjub769OKYsRqXwtM7F19690FrjedoJrrnAaowlTVPSJO1rp7VGe9r1phU2y0VVesJu3xBRaKVRWpVt+nNY959gKoKmIAiCIAiCIAiCIAiCMMhdz1ytUhVU+wW0wW1bL/Xup1qR/u4KdHrg82Bppr7sz0362Wp05bGqWK7vxE8n8BnAorUqi0p5QcWJmjtI0zR1nysiqOurt5QfQPk+SmmUMmVRKqU8fN/HU67fLMuI45goSknT1Im8SuH7PmEY4ilX1Arlcmmtcee11pJlGVmWlfdHa02tVqMWBGXfSZK463MK+xh3qCe8jyt6jpcJu9vOZzvwfbw+h7lyt4paEARBEARBEARBEARBEPaWPRVXYfOiVFu1720bva963LjZlTvhrktalSX1fcKosWQmy5fr95zAnufjebrcbm2GMRbP03ha5+Jp4WI1lRMpOp0Iz/PwPA+lPKw1pUO1EGaL8zQajUreai9qIE3TnsvWGCeyaudmdS5YH6VcRqtSkGWGTqdTiRhQKA3KOsftsMJhu3nXRz/34dv3OoLgbr+/giAIgiAIgiAIgiAIwp1zlzNXB32eUFSVHyasVivPV6vPb6kf9WWubhRtR1VX3yzrdStsMUxGyXFbDHmMFsq661KoXPh0Rw06QRUKTO6izXVTjUfgFYNVubipMMYQJxlRFNHtdsmyjDAIMMaUfYITRBVgTb/jNAgC5zqt1dBa4/t+6ZSNoyhXRbUbk9KAxfOcC7ZwqYITY5M8XsD3nTCsqhEH27mXIwpW7Q/hUWHHFIXFiSoIgiAIgiAIgiAIgnB/sefO1So7Fzf3g2h2d3HiZE80zLKsdJAWLlNjnMM0juO+YlWe51Gr1co21YiANE3pdDq0223a7TZxHLN2+zbtdptut4sxhiAI3FJ/T2Mz55INw5BarUaz2WRiYoJms1lu830f3/dpNibRWpOmKVEUkSYpJld7sywrhVgo3KzeQIEmtSFmQRAEQRAEQRAEQRAEQRD2K3ucudrvWi22Df48zpLtvuNGbN/sHJu12QyzdZNdwlYKUtlShCwiAjzP6xMoC8djIa4WTlFrLVEUsba2xvLyMisrK6ysrNBqteh2u6RpSpYkZFm24RzuWbnsVIUiCALq9TrNZpPJyUmmpqaYnJqk0ahTDxs0GhM06g0n4mYZNnetVmMFqmMNggBj3XUaa4t6XKB2Jq/uD6fqRlSvktfWbSvu1WFO1moeq7hcBUEQBEEQBEEQBEEQ7i13ORZAjfw8rsBa7WIz4VQx/FxbCVDbFeSUunNn5Xhn7I9OKByohUO12A6UQmq1XRRF5dft27e5desW8/PzLCwssLq6WgqrxhgC33cCai6sFhEBWZbhea5oVc13cQD1ep16vV66V5sTTcKwRj1sMDU1w+zsDPV6A6WceNqLA0gxxqK1V0YDFFEHzt1q3c3dn/ropmz1Do0bC1DtT4RTQRAEQRAEQRAEQRCE/c89KWhVFQ03F1ar+yp9oCnl1CL8dESRq+2Ip+O0tQNj2Skju6hcj6qcrMg1LdrYzOL5GuXlha7y6IAkSYjjmHarxeraGteuXePWwgIrKyvcvn2bTqeDMaYvXsBaS1IWpOr1ZYxBa7ekP/B8PM+j0WjkkQA1rMm4vbKcxxJYms0JZmfnmDkwy9TUBFPTU0xOTlILanieK1RlsozC/2tMUbjKli7Zyk0YfmvKu7fz51xcY+/gTYRM23sXhwme45x3O87VUbmxVbdq9bsgCIIgCIIgCIIgCIJw79hT5+qofVtFAwztZ7dUzs3Ocad97vio4khbCp5VIdrmwaTOeeoE1SiKaLVadDodut0uq6urLC8vc21+nuWVldKpqrUmDEOCICidsHEcl8Klzt2rvu9jrUVr54xtNBpMTEwwOTnJxMQEge+RZSlpOyGJY7rdiHa7zfr6Ggu3bjI1NcnMzAGmpw8wOTnBxMQE9XqI5zmXrLuEDCxlDquLQhgtGpZFxAY0zp08O9Wv1m/stH/npuPaTeeqLPsXBEEQBEEQBEEQBEG4f7ir4uoQnx/94mGew1nuq7Yb9jO9ivJD9KxeX+ONpn+v3RAtMJoxHK4VYawqvlXzNOkZUSEX1IoxWGOgyCk1PWHPWIM1kKUp3Sii02mztrbG7du3WVlZYW19jU67Q6vdprW+znq7RRzFZLlb1fd8J3BqXS79j+PEZbVqjfY9t5zf81DKCatBEDCRO1brYYjve3ieRimfMAxLJ2wUR6yt3WZleZGFhYBmo8H09DQzszMcnJtlZmaWAwcOEIQ1fD8ABcZYFAYLGLsx3mHwrtvS2Wv77t/gcaOEyd6zsL1ON3s31Ma3cyO7J4KOE2MhoqsgCIIgCIIgCIIgCML+4C6Lq3rI1n6BtdqmXxwdIbBWnK19ElPZ5bBzujNtPd5xllpvIbONWNZd7Cv2+77v8lOtdkKqBa10X26qUgpPe2VhqCzLiDpR6VItBNXFxUWWlpZYX18niiIXDZAkrlhVluWiqpcXugryrFOdL8OvFBlTCpNrloV7tSxg1WxQr9dpNEL8PEqguD5XsAqSOKa1vkaSxGitWV/TrN5eYm31AGu3l5mdneXgoUNMT09zYOYAYb2BVgpjs4po2it+Vb1n7n54zvWqFDb/X++JjCd494nbyo5zFGN2P5LB8Y0rjm5W3GqYYC8IgiAIgiAIgiAIgiDsLXuUuapyTdR9d8KQ6hPRhrXr35Z/GhIbMNhm05GMWnI+pkA1spWtiGhVAS/3VNrcXwlUikd5KJyYaPMiT31xCPQEtaJI1cLCAktLS6wsL3Mr//n2ym1arRYAtVoN3/dd3ypDKY3WGs/z8X2Xm1q4PF3uqlvyb4wpC1wlcYwqnLS5MBuGIWEYUgtqgCVNU5Ikodvt0u206bRbdDotkiR2jtdA4yuNMSmt9TWyLKbdWmXt9gozc3Mc7hxm7tBBJ7CWYm9+X1TV0Wydc5eekGuKZ9VXzGy42Dgo0vaeYO9dG+Pp7gIbYy7GeeeGtR0UViV7VRAEQRAEQRAEQRAE4d5wlzNXvYHP/XEAzo23UTDtL3oFhei1sViVK2w15mhKAXawn+0JVIPRBgNYW9mnKgJpLgHmu5LYialhoPE8jzQvIuVyTjVaaUxm6EZdut0ucRyzsrzC1Tfe4MaNG05Uvb1KFMVuSb/nUavVCGq1fBgKPPA8W7pQi2xTm1myNCPLM1eNyfockqrioI3jmE6nQ+B7bvk/Fs/rRQpkaUKWJlhjCDyfzPMwJkNllqDuM9FsENZDPO2uv9tusWhSkqhLFHc4eOgwk9PTBEEtF95BKVuOqSi8pZQizQt2Fc/dVm9oRRjtv5aBglC4/oc/7rslro4vfm627P/O3ltBEARBEARBEARBEARht9kj5+pw4XRUu43i6uj+xj3vMPFtZ2wirA6h6jwtnJfWOucnAEFQFo8qtnmeh6c94iim3W5z8+ZNbty4wa2bN7lx/QZLi4usrq2RZYZaLWRiwhWMCsMQCyRJ0hMmfR/t9cTSUhTNMlJjsFiyLEXrXiGrWuC7pf9AHMeubRLTaDRIk5gwrDmxM48dKL6DzQtlabRShGHA7MwM01OTaK3odDq0Wi3aaxHdVpsojshSi/Y8pqZ8/MDDGuPGlY+/cNtqrVFlTqwpBWuLddm0m9x7qL53FqUH99/9ZfWbOVDHdbDK8n9BEARBEARBEARBEIT9xZ6Jq+Mw3Ik3SszcXKC9Vww7dyGKaaXwimxTpVyGahT1clF9H5NmtNdbrK+3XJ7qwgI/mP8BV69eZXV11QmZSUrN80ltBpkhiWI6WmOMKYtReZ5zDRffM2M2iHNagUHRaNRRnsZTubiaRwuYXFS1xtDpdJyLtd3C9z20Ji+GFRN3uyRJgud51OshU5OThGFI4GmUtXQ7HZRy92FiYgJrLVlmabfbXLt6lfVOmwMHZqjXm9TDOvV6naBWI6gFeVxBx70b2s8duIUFWWOrYr2FInM3ywxAWWyr+mUZvBd7J1oOE0mH5amKkCoIgiAIgiAIgiAIgrD/2Vfi6nZE0ftxSXS1oFLhYI3jmCRJqNfrhGFIO2lx69Ytrl69ysLCIqurqywtLHLjxg263S61Wg2VL+f3fZ8gqOH5TkBNkoQsy5zz1fNQueCaZRlplpGZrCyWZa3tpY8qjac1WhdFr5zAaoxBK8jSlCSOiOOYbqeNtSYvhgVYizWm7LfbhTCoMT05RTOsl0v9te65kC1gs4xON6Ld7rLe6rDcXKZWb7jiWZOTNCcmmJqeotFo4Pu+e9a5u9cV0MpjARhwg1LJZjUGa8Fa04tEyP9bFV0FQRAEQRAEQRAEQRAEYSfc5czVwYzU6nL/fmFrMA5g2PHbOddO2aofa4fvz1ecD0VXlq1neeGqQgD1PI8sc6Jnu91mYWGRq1evceG/XODG9RtEUVTmnmoLvtIoXeSpOnG1FoZ4WpOkKd04KgVW7XkowFhLmmUYa/JrqBSE0ooosvjGJ/AtOnfUJonLUU2SBJNnwRb5rACe1gS+h+f7eDrPh213SaKYtmrRqTeoByGTkw3qtRq+55OalFa7TTcXVbtRlzjNSNfcdQPUGw0mpiaZmGgyOzvL3NwcM7NzTExMUKsFTiTNnZ3WWkwhFFvrindVMlqdoGpzgTXPYaUoLtafAbzx4dnKvs3Z+t3bOA/6noMgCIIgCIIgCIIgCIJwX7KnmauDhauqP29HVN2ZkJrnbY44djyhS+WOzSFRBXZ0PqzOXZeFi9SJgQbP8wiCAKVgfb3F0tISV7//Bt///hvcWlig3W6TpgnWgu95aKXxPF0KiZ7nvgLfibQGg0rIi0EZtMnQeXtLT1gtzg8KjSY1prgJpYhaOD9NkmJthskzVbVS+L6mFgTUgsBFBHg+WAi8GlmW4mtNmma02x18rbGZxdIliWM63S7tTockzfA8nzAMUElCnCQYY1hfX6fVblELay4WYXGRuYOHmJ2dZWZmjmazSb3RcMJpLpqaMqMVlO7dH+g5hAeX3RdO1vLh9T3P6rtwb5yto+IDCu5H57YgCIIgCIIgCIIgCMKbjT11rg7uG9epuhsikuvjTnNaq8Wxes5GVd0FaFzxqLK1dbt1Xt0+NYYsTdEaMJoo6nDrxnUuX7nC9698n8XFBdqtTu4StWitCes1fO3h+x4KtywepdCeAg0Gg7EZWZaSZgna02gV4HkaYw02cw5WJ7K6ARmToazFokhSA/hYa0jTFJtfoitYFaFx56r5AT4atA/aA+WB1SjAr9Vo+E00EPgapT06UUynG5GmCXESkyYunkApTRB4oBXa03jGOVLTJCHqdGm1Wqws3+Zm7RaTN25y8OBBjhx5O4cOHWJ2bo56vY7SHqq8/6oUt92Sf5u/XxqleuJqIbw6R2/W92zd8XmhrIquOShqbu+dKfrePGtVclYFQRAEQRAEQRAEQRDuP/ZV5up2GFfY2m13X1UM6xVSGiwUpZyAqLVzThoLudPQ83ReDColSxNanXVu3brJpcuXuHLlCjev36TdbmOtxfN8PN8rjwv9Wr40vlekymBJ0pg0TV1+axphMU5A1KA9hbI6d6pacsOqExeNwRiLQZc5pp7nYYytOGwtrjaUW0yf2BRrLWlqiHyX1erlLtEg8CCv7Q0AACAASURBVPEmJqjXGxyYnqQWBHQ7bVqtFt1ulyxL0drD9wMAojgmzVKy3ParPU1N1dy+KKLb7bK2tsbyygq3b9+m241ptVrEScLMzAyTk1PUaiGe5+e+XMD2IgOqAr4uHa1uvxnqTi0EeDOwb9Q7tL13azM3anVsg/vKS9tEfBUXqyDsnAvP/lNWf+a3OHV4yL6XzvL6yuDWkCOPPcm7l1/i+UtNTj95ikNjnmvh1Rc4136ED733+IhzzXDyzHs53juAr7/S5q9WtwmC4Fh4la+/Mk8UHhmYhwt8+4VXmI/yucroebTw6gucWzw4ZB67PhYPPsYHTsG3X3iFziNnGDJ1R3CBl86eZ3nmRN983+x3gCC8Jbn5x7zw1b/Ckx/5axv3LbzK119Z5OBjT/Lucf+g3YQLL53le83H+MCpwc5kvgqCIAh3xp47V7dyrA6LCRin352MbSdOwUHRruqIhF6mZ991qt5yfCdieiRpzNraGtevX+eNN97gjTfeYGFhgVa7jcncsnytFb7v54WrAupBLY8RcM7YOE2J4ohu1KXb7TrHKS7PVWtVFpMqlsw7V6apXH9e8AkgF4KLnFLoZcMqFUKWYowhSVLiOEED2tP4+TG+5+VFudxy/4nJKcIgwJiMVquNySyg8X0fz/fJsox2x+WvosAPa/ha4wd+KfQWgnG30yFNU5TSRFFEFMccPnyYBx/8Sxw4MEMtrOVj98CqMsO2WrTK3ZNeRIA11rl+h74Xulewa0Re6lbbRrHVezcqj3Uz16sgCDvk5h/zwv9wkcaTfwW++gQvPPyHPPmBgxvbDfxlq+TQe/nQrv99a4XvvbrA8Q1/8RMEYTghIYtcXoBDxbRZuMIiIWHR5NApPnDmHg1v5RLfXji+K8KQILzZuPDsE1ziv6HBRV742f+XR/7gH97bf0iU+SoIgiDskD11rm5W4Kq6fxyBdTvnGbVv2HLvrc5Zzeq0rlJSX3+uqj1lUSUn5JnyWGstSRKzurrKD37wA/7iL/6Ca9eusbKyQhzH+J6HVyv/OkAQBDQaDZrNJoH2ymJTTnh07s4oilwBKmtRuTBZFX+LrNcsc0vyGcwcza+5aAe9/VprV3TLgjGJc7qarPR92jwaQHm+c9p6zlUbxwnKgjEW3/ep1WqlGzZLU4y1aOXE1tRkZKk7rzW2dJrW63WUUvhJgLWWbjdieXmZbhTRarXIMkOaZhyYmaHebFALaoC7x0XhsGq+ajV7VWtVvfQh78hwkfNuOUR3UuRK3KqCcIcc/ime/IP/xEs/+z/Cb7zIk+/c5vEXes7V5ZfO8r1OSBRFhEce4wNHrzhHHVB1up6bj4DzPP8SQwXbcGYG5l/j20dHuHQuvMTz53tW2tkTuZMuH8uRxjzzKwAznHysyffyMYRHKk6dwu1H3k5cscJ9TYODBzssXumpqwtXFuHgQZrzrljmBgd4OY9CZmf6eyvd6uEMs6NOOfYccv3Pv/YqCyMc7guvvpD/XnDtj+QOPeewO0Jzfp5lgJkTnG5eytv22tF3PcAGF68g7F+Of+RFZr/+T3nl//uveewPfmqb723hUM8/Vt/9vj8r3RydffUFN7dXXuHrDHOvynwVBEEQdo7eusnOqYp8VcF0q8/V7zs512Zttjp+K7xcvLTGlKJpIeDpvFp9QSnmqZ4oG8fOsXrzxk2uXb1WCqtpkpZCpta6FCTDMKTRaDDRbFKr1UjTlHbbLbVvtdp0Oh3iOAacEBuGIbVaDc/z+oo99URFr88NW6vVXI5rxQnpeR5hGBIEAaAwmSEzBuuSY1FKg3IZqbZyrcZalPJI05T19Rat9TZKaZrNCSYnpwjDEJNZOl3ntPWUop6PV+f3tBCBXSyCR71RZ2JigkajgVKKKIpYvX2bWzdvMn/tGtevXy+FaWP7i3ZVn2v1XrjtesOi/l6xr4pgnuevuk1V0ZUyl3bLr228a6Pe/3Heb0EQtssir37y/6T5v/8hzd//p7x68856izjI6TNn3BLi1+ZpnjjDh86c4UMnGsy/fgGOv5fTR8LRTliA5klOHcG1H2ThVb5+vsORx1y/p4+ELF96lYVyAPN0HjzDh848xpFwhddfafNXz5zhQydmiOZfx/V4gZde6Y3t5MwKr79Q6UMQ7kMOTDeIFq/k7/EClxfh4NHp4Y0XXuXr51eYPXGGD515lEYnqux6IY/mOMOHHm3SjoZ1sL051Dj5KEeYZ9iU5sJLnJtvuPOdOcPJmahv7kfzbR48c4YPPXaEcOW8W5482K7v98JjHGGecy8NO5kg7EP+42/zyuW/w5lfuMgrz/6nbR164aVXmG+ccH/OnjnBbFTMswu81PdnZYfvvbrAoVNPcnJm4B8bB5D5KgiCIOyUe5q5unuFqvaQQlgdiAfAWjCmXJafZZlbep4XVQKXI7qyssKtmzf5/vcvc/36ddZX19AowloNk4u1vu8RhnVqtbAUSzNjiDvd0qkaRRFREpOkbrl+IczW63Xq9XopJvr5EvyibyoxBXEco7UmSZ3j1fO88staFz2QxClJkjhnLAZdRhvk4qpVGGNJ04wkTYmSBGMMaZZhG00mJ5vUGyG1sIbyFHEck6WGKI7cmAMftMbzArTSrtBWHl1QOGlNljkhO7+PSim63S43bt4kSZ0Qq5XCV5parQ7G4GnttM3cxTo0v1RRZuEOf9Tu+rD589aFuKp6juWx3r8RKuvIV0wNzWAd3C8Iwp1ykFO/+Vvux+L7MFbO8/zZ8+XH0i06SGN6uPvk+PbiAw6deoTZs+d56cJx3jvbt6NvafOh6QYsVo+c4cHjAIc40IDFgyedm262SUjbNblwnWVmOJmP5/jJI3zvlTbLIM4Z4f7l+IPMnr/kogG4wiIHOXUIXh/WdrlNFB7hVD5X3v3IDM9fKnZFhEcedfPm0Cn+6sw83xs8fttzKD/H+Ze4cPy9/W7Ygd8Ns82QYqoCMPNgPpZpmixyMD9ptd3ClUWi8CAPH6pezyoLI8cjCPuId/5DzrwT4K/l38fn+HvPVBzjszRC6Axpd+jUk3xg7F5lvgqCIAg7474qaDXMzbfdY+6UQlgtltZXHaImX4qutaZWq4FxAmaSC45ra2u88cYbXLlymcWFW6ytrWGt7ctR9X2fZrPJxMQktVqI1i5n9Pbt27TX1klTJ3bGcUycxKWY6/t+OZ5ms0m9XicIAowxRFFU5o+iIE4S2u12KbqG9QZBEOaRBQmdTpc0zdyy+ySrxAX0tETXlc41ZQu5wzOKIrIySsASRQlZmmExZJlBex5+4BMnMVEUQRIT1Gr4QQ08jbEGY3tu2zRN6Xa7zska1PB998pGUUS73WFtbZ1ut5c5e/jwg0xOTpIWwmzFXVxEFrjnlTmBdMTroXJR3G5DFN2M7QqiVYF1kM2EV0EQ7gKbOU0rhM3ir2GHePeTJ3jp7FmePw/bX3p/nPeeuM7zl15lYWBd8oYCW2Gz7+eRy5j7WOH1s2crwlPIbfmbnXBfc5wHZ85zfRkWVheJGo+MfJ0XVjtAc9gebo/atYFtzqHj7+Xk9bN879UFTg2cs29ZM0AlpqD3O2ULonnOnZ3v2yT/YCK86emL53C4GXOc9z62ytdfOcvzsP2l9zJfBUEQhB1wX4mrIymXbOff1eC+3T2Zoj/Ls6Cas2qMwdMKpSEzCbdv3+ba1Wv8+fnXuXr1KkqpUrAshE+tNY1GgwMHDtBsNgFFp9Oh1WqxurpKt9WtLF1XeJ5PUAtcHmsQoLR2ha/qdaanp2k0GiS5kJqmLnbAGIPJx5ckCZ7n0QjrNBoN4iQvINV14qq7XBeD4Pt+mTFrDJjMkJILtlh8TxMEHsZYgrDGxMQE9UYdk6astdrEUS6QesrFF9TrGAVZakkTQ5ZFoGIn2ua31eau1TRNXUGrOEXn7lwUZKkhiddI4phWq+WE3czy4IMPOnFbKbximT0M5OPq/HrKveXLopVCq/xZqqxyjCpzcwVBEDbnOO89k8upF17i+RdeZfbJU5sf0nf4SY5ceoVXX6/8ze3CS/mS5Upu5KUdDE0y3oQ3IccfnOH1669yuRMx+8hxYPhS242O73KPc3yPc7IdzCHncH2N6pReePU15jnC6TOuL1eZfBudFoz5D0CC8OZhgW+/Ng9HHuNDpw5RCJ+lc/XQKT5wxv2Zu/DqC5x76cK25ojMV0EQBGG73NXM1a0YzLe8M3p5mKryv2J7kZHZn5259b4NX6o/M7O4BqVUmXmqlGJtbY319XWCwGWnFq7V+fl51tbWciGwV9Vea83k5CQHDx7k0KFDTE5OYkxGq7XO2tpaubS9yA0NgoDJyUkOHDjAgQMHmJ6eZmpqisnJSRqNBlpr4jguHZvFl+/7Za5rrVaj2WxSqwVlvmvxvV6vE4Z1fN/vE4xNnolKHg9Qq9VoNJo0J5rU6w3CMMT3vV4hL6Wo5QJwo9Eo+1OeE5LDsFa6a6MoIord9ziOSdMUrM3P0XBjqtVAuXzZ4nqNsaysrDA/P8/Vq1e5du0a6+vrpEkCUIrKcRQRR5ETaoc4QqvvzLgZp4O5wkO/ivfyDnKEJW9VEO4nLvDS2Rf4djWEcVRkwEgO8e5Hj8DKCkNjH1ng25dWhu7ZlOMPVnLp3F8Onz/70ggZShDuI2abhCvzzEdFPMYI+uZA/zw6/mAln3jhVb43bIrtdA4dOsWpI7C8MnxGwwVenx+1b5Nujx4kXLlU/r658NJZnpccZeGtxoXXe47ShVf5+sCcHNtVWiDzVRAEQdgme+pc3XVxqM91uEmzXTQaVgskWZu7WPNxFEJmkkRoBcZkRFFEp93m5o0b3LxxgyiK0EoRaA+Uc6bWagFeWOPQ3CwHD80RBAHtVofW2jq3l1dYX10DCwZNZi2+5xM2GkxPT7os09xZWgvDMh4gGRAWi68sy8p9rpiVX2bCFgWhtFaAE0gzY8EqKIys+X0wCry+iAAnUidJgs1cDmya1PEDH02ePeu5rFYd+JDEuSitSwHSmtyVm0v+RWGv8iXV7tq01tTCGmHYAFz+amYyOq02S4tLBH4AUIqvYRiWgvJghEMR71Dsq34V72sR/QD0smtzRi3d3y2qIn51m0QDCMJ+Jl/WXyxJZIaTuYv10HQD5s/z/Ets7Vw5dIpTRxY5V6wezN2sbjlyyJETRwjPbzcvtbJc8jy4KsbbiSwQhH3KoaMcDOeZbzy4xfucz8/zbg7MHjlCWNhV8+XAbo7NcORIOMTJuvM5dOjUoxxZfIX58rPLV3ZLhGc4eWKG5Tx/cWwOneIDJ14a+H0jznThzUTEfPl+g5tzT+bZqK/w/Dwwc4KTMyt8b3UBjp/i1JEXOFdEd4RHOP2kmxGzzZBo/hW+zuiiVgUyXwVBEITtoOxdUmcuXbrEC98413+yivtu8OdhbarbhqHQDBNXNxYvKrZv6xKGYm2WFzYqxlCIq7kY6Hl0u+2ykFK322V5aYnX//PrXLp0ifX1dbI0QwNZlrG2tsbU1BSHDs1x7Pgxpqen6Xa7/OAH17n6xjWWl1fodLpOHPQCUIp6vcHU1BSzswfwfI84jlBKUa/X8YOALHeXFvey+JxlruhUu9Om2+1ijMljBFysQJQkrK+3iKIYUFggTZ1T1uSFowrnrFs6r/A9H09rt9zf9/A8DSbLs1/rzg0bBDTqIbVaAMrlqPbcu5Ys7S29t8pi6eWkFt+11vi1kCDoOWw9PyiF4eJ++75z4x6YmWF2bpaDBw+WEQlFBm2RgWvz+1Nk1QLl9RXPM8uyPuG1zK7d5H0b8taUL8mw6TZqClb7LdqM+l7w19/7bh555JEtxrM9Ll26xF968MFd7VMQBEEQBEEQBEEQBGG/s7S8vGWbPXOuDgqoW7UZq78hmtTQ5d55LuhuYKzFo9+9ii3EvZQ0oRTxsixleXmJ69evE0Vd6vUQaw1xFNNtd0iShCxL8H3N9IFpDhw4QBAErK6usrq6Squ9jjGVSvcKfN8nCGp4nnOcWgNJnGKsKyrlZ6ZPXK0W3EqSNF9+H5MkaX5vMtrtDlp16cYxnW6XJElzR6nGVIRjrHFL3HsZChiTYq3CGEgTi1KQJglKKTqdGvV6SL0eYswkSk8QhjWCICAIgjy2wFILA3zPFfWyOHHV5kWtjHFbPM+jHtap1xs0Jpp4nst3RTlB2+TFr9rtbiVWIMEaJ97aGcNEcwIvd/Y6gbgId+05UF0WqynF2sHoikHxfzf+bWKYO3W7xwqCIAiCIAiCIAiCIAh7z56Iq5sJQLsvDo3qbzfO43JGnfCYbzHVpeSGzBg8T5OmKZ1Om9XV27Raa2itmJhokqYJ3U6HNE2x1lILazQnmkxMTBDkrtN2u0236yLZgyDAyx2rKD93WCqS3GUKlihyhaCssXhBWma5KqWo1WplNECSZERRTBwlJGmGUmAMYN0y/iiJiZMEY2zuCHXVpZRS4IG1BjBuKHndMKUr4rW1TnPNd1prSJIYMHi+Jgj8UlxtNpt9TlDfC3D5twZUzyVqjCGzLpM28AMC30erYhm/IU1TkjgmimPSNCOOk1yADmitt9BKkyYJWZpiZg0Tk5MonUcBqFx4xubX3HvShYNVqarw2v8PBDuJBNjpUn6JABAEQRAEQRAEQRAEQdh/3FVxdSei6rCogK2O3exzVY+6Mx3XOUMVHkrZskiRhVKE09pDAa1Wi1arxe2VZaJuhOd5hGFYFmnqdJxrNazVmJ6eZG52jmajSZq4Jfvtdos4jrHWoDQEXuBEVe2yRI3J6HScCKvy4k6+HxAnCTZOSLOELLOApV6vEwQB1li6UZdOt0u3G5GZLHduuuJOaZqSZCmZMZQiJ85J2nP+uoxZFC4WQCs8rd11K4syxfJ6i+c5MRVrsMYQxxHdqEsjreP5nlvW7znRN00zsJClbqk+VSEzL+LlhG0XcdDtdPADH6U90jRlfX2dtfX1/J42ODBzgMD3MXnsQpIkzqmaZ7jW6pUMVmMxpj9GgfyZukJjLku23/28vVgAO+CaHuVUrQqom80PyVsVBEEQBEEQBEEQBEHYH+yLglbjuP9GL/cvtg+Ksjr/XLTuL0R0Jxhj8VR+BqUwSuF5GoUlS1MWFxdZXFyk225Rq9VoNpp0O12XdRp1SFO3bL4e1jk4N8fc7CxhrUbU7bK6ejsXBONS7NPKiYJov1zyH8cJcRwRBC4mwPcD0iyh241J0hiTWYxJSeKMoOYDiiSO6XZj4iQFTF44ygl0bgm8K95UuFatUxXzq3biqs3vtFVgsGiFE1a1y2D1PO0E4SAgDGt5XmuC1gpjDVEco7TCUzoXOD2yzJClubvUWtC9HFRPa7w8+zRNM5LEOXM9zyMIQ+LE5beur68TRTFTk9Co14n8gDiKyYwhqLmYBs/z8H2fSTtFo9HA0z5KK1ReyMuJqcV7Uwig1Sevxvh5kKoQP1pMrW4b9rMIqYIgCIIgCIIgCIIgCPuPPc9cHVXIarDNsO0bttkh2+4azrmocEKXpXctnuccq91uh6WlJa5du8ry8jL1Wo1Go4HF0m63uL2yQhzHBEGA0m7J/sTEBPV6HWstq6urLC4usrKyUi5vV0qj8sdULJM3mSVLTZ6N6pyVxhjiKKHdbpdZocYYoijJBVOVC5SpE0V1UQxMoZT7rLXC850QWyzv72XLmjwL1fbyUG1GisEal1UaeJ7LaM3AaZQBYRjgNWpODPV9XIxBhM1cMS2ttStslSRkaYaxFqvoiat5ZmySuCiDLM+UVUqhPI84SWm1nNM3iiKsgTiOWV1dzcdo8QOftbU12u02nU6Htz1wmLe97W3oCS+Peehf8t8rYOWiDQYdrYPv25bO1UpBtc3E1K0E1EHXquStCoIgCIIgCIIgCIIg3FveNJmrIwtm2UKDdSLikCOrTUfs7S0HV1i0ddsLsRNcEafr169z+dIlbi3cJEtTpo88hDGG9fV1Vldv0+m0Mcbg+34ppBXV66Ooy8rKCmurq0RR3FvG7gUYo+h2u8RpIYp6pQtTa5fvmmUZnU6HTqdTHgu4JfG4ZfxOFLYorctl8W6pvFuej9ZoT2OMJctM2c7kWavVHFRrMqwxpFlKBngoPBViSgHRiaC+X6derxPWQ3xPkyUpcRyXY9W5K9Wkrj93jtzlqVV5zizLyHLzsac1SmvS2Llwi/xarTSdTocoilhdXS2vr1arEUcR7XabdrtNkiTU/ABPe9RqIdr3y3emOMaYwrTbn7c6TmG2zZDMVUHYn8g/WAjC3rLbc07msCDsHXdjvskcFoS9Q+abIOw++y5z9U777VFKqmjs+KEAxZr3Sh9QhAzk25QFa1yhpNwlur6+zpXLV/hP//E/ohRMT08z2WzS7XZZXligvb6OzTKUsRjrxMDCbdluO9G10+mQZYYwdJmgjXqDIKgTRTGdTkS328H3fXy/BsoQhs4RmqZOYGzlwqHyNLoQBT0fVfyMEwx936dWqxGGYencLApLGSxJmpJlvTtmlcXzfHcXjUJlYDJDBtjUiZ8o7URYrfNrtBgMytP4tYBaGOJ7Pql2DtQoSYjj2J0/v802M67fzBUGy3JRtRCwPc9zbldfoTX42gPfRQgkiYtaiNc7xKkrylXLncNoRSeKaHe7tDptMmsIwhphvZE7bvWQd8q4uAPVc7YOulbHEzw3vkt3goisgrC7rK+vs7S0VP5DlyAIe4PvuyKdc3NzTE5O7rgfmcOCsPfs1vwFmcOCcC/YzTksCILjLjtXh0maCidVbiWQFgWNbCmN5t7BXIxTPblK5U5HRZ5vacv2hfNU5c5LJzD29piKN9UUy+HpCZFYg8oLKnm+WzofxRkahacgzVKWlpa58v0r/MXF/8Ly4gIHDx1istnEZBmdVotup43CUAs84jjBWEuzOUGtHuLXAjpRF6yl0+3ieQEHGpPOMWoM7Xab9fV2+X82kiQhTdNcfK2jtabT7RJFCSiFX6uRGUuaX1RRcMtmTjz1fQ9Pey6/1bp7aTMwRpFmGWmWkJgUQ4ZVCm2diJiYFJQp74vnBwRBiFbKfdaKMPDdM7cW7Xl4gUeUxNg2JGmK5wVuiX9qsCogSiKsTQiDGgpFkqQkcUqWGoztPS93DovNMuIsI/N9giAAzyNNM7pRTJK6qIBaGJJkGVGS0k0z4nYHP46pBQG+79PuRtxaXGJmdpG3PfAA9YkGgclAueJcbum+QeWOWcCJ1drFUBiTv0Nau3dmcJl/+fbkGnzxlipVhEr0vfv9Oaz9c2JQQi2O730f1mo/8+f8/kc+w58O2/XIz/PpTz7BoS16WHjxN/mVVx7j0598Aio/bzwuP9dPfIJ//eEfHtnHVucT3tysr69z69Yt9w9OYUgtDO/1kAThLUWWpty8eRNrLVNTU9s+fm1tjVu3bhEEgcxhQdhj7nT+gsxhQbiX7MYcFgShx54WtBrGyNzVahEgZfPgSk0hTvX7AVWfLlW0VBZUvkRdKbckvipIWTSoDKx2IqvSTkCz1gmGOCFR5U5Vk2YkJnXuzyDAGGi11vnBtat8//Jlbt64QbfbpR7UqPk+5MvnVS7WaWtR1uApxfT0FPVmg0a9QTfqkqYpWvv4fkC9XgcU7XaHVqtNq9XCWrdkPY5jwP3sBDt3ayw9gdgoS2bzu6QVBo1VBmUhM5bMGJLMuWeN8tBWk2ZuuX5iUjKMu3gNNrZYm4GvUcriKYWvPTzfFdIKazW3xN4HZQyZSTCZe2aZsXS6MZ0oQasOWrsoApMakihxy/wNxDYDC1lqSFNDlma9CAOVPwOtIBdcu3GHyIvQnk9mDHGSkGUW7fto38f3fOIMkizFJCl+XqzLojDGcvv2Ktdv3ODQ295Gs9kkDGoEgY9SLqahcIa6V7HInLU9x2h53+2AVJq/nT19v/pml+/uhgOqTTalLCdWBLiOc9A+4xE+/M8/yRN7pWr+6Wf4/Xc/yy/88NZNhbceS0tL+EGA53n3eiiC8JbE5bzD8vLyjv5it7y8TBAEZT+CIOwddzp/i2NlDgvCvWE35rAgCD328Z9kuRO1cPwpt8C/2OXIl2ZXD3MVp6q+1p7PT42Sopz7shDNKMS0/PxaKbfMPUtdpXtPkcQxSwuLXL50iQsX/gvXr18njWOmJiaYaDSYaDQIPB9PKZSx2DQjS1OsyaiFdWYOTBE2Gnh4WJPhAd6Uh+8HKKXpdiOSKKbb6dLtRu4v/9oJAEUOaeGCjZOENMswWCw6FyU1SntoT+OByzM1ToJN0xSTGRKl0Erja580y4iSmMya8rqLAkwGA6lBa4XSGoPBmAxrM7QC31f4nlcKq1GUYkyCMU6oNqUIqdEoTObcrUqp3OgaubiB6r03rg3apTRYiiJTBpNlYIzLhrXWFerKnLNVZxloD4XCU56LRECBVZjMYrIMk3VYWFji2rV5ZmZmmJqYIqyF+X21WGNRWqF1XgjM9opooRSGQrTP357BfyDIXzSFBasG3KkDb94dLPN/M0YEbHSVOgcqn9iJQPoIP/ET8Kef+RL/1bMfZuThCy/yv/7ql7lUOa4nAP85v/+Rr/KXP/EY5z6Tt3nk5/n0Jx/ka6ULd1AwXuDF3/xVvlR0OKYrV9h7rLX4IqwKwj3F833iKNp2/lvx/4XE6SYI946dzl+QOSwI+4E7mcOCIPRzT8XVTSewGmhnexvVkDZ9/RWuvvyjzbeNlLlUf9+laGUHBFoFYDAGlpeWuHb1KlcuX2Z+fp5Ou4OnNc1Gk3oYUq+H6DxWIE0T4jgiyxI8TxMGAZiMLIqJ0wztezTCOtrziNOU1nqb9bUWnU4nX3auSNIM7RWV7CHNDGmn4wRGY/ICUDofo0J7HjoveqWUwppCWMwwWUpmklLg9L0AgyXDiZUWCxkoq1Ba5SKtcq5VT6NwfcVRF2UyTFIj8H2wbml/Gidk1pRCqSF311qDzZxw6iIKfDCQphnKgq81WlUcy85GmG+CnAAAIABJREFUjMnvoxNX88JX5J0qJ+xqDca6IAprDJ720F4td8sWsrwlzTKssbTbXebnb/DQQw/xtoNvo9mYqLxnoJRGe05cTZMsL87lpstg9urQd7B4X1UlDGCXxNA3o6h6t/jLH/h7fPiNX+VffOndG+IBgFJY/cufeJZf/mEohdF/8yJ/rRREL/Glrz7Gp599lkO52PsrH3mED//zZ/nXh+DPv/QR/sXX/5wnPvzD5fHnHvvn/OtP5vLwlz7Cr3zpweHnF+4pcRwT1Gr3ehiC8JanyE3fDkopV6BShBlBuKfsZP6CzGFB2C/sdA4LgtDPPRJXi0XshT42IhpA5XJoWWCqJ54WUqgtXaeV46t9WNNbTF0upa6OYKBrrdHWuRetMa4oU5416mnlRMU0YXFhges/mGdh4ZbLVM1zRz1PEYY1fE+TJBHdvHp9lqVopamHdcLAZ3VlGYsmS1NmDx6iPlFHaU2702FtfY31Vpsss3i5QNqNY0yaoT0PC04ktIBW4Gm00ljt3L0G6yIOcv+uUrlIal28gc1y92WeMZtZl69a6IHGOpVS45yqWilqge+SApQCk2FNRpql2DQhiyMCP8DTAZa88JRXcy5V68RfYwzWgPVsvqpdobXCpMapotbmxa3ck1E4l2r5lAqx22YuDzW/Fs/38YPa/8/eu8NIkqVXmt9/H2bmj8hHPbjVs0WgCiDR2NkWehe5wmAXXQqBUVIZYKRuCiX0DtUCR+FwlFSW2hKlNreFUjgSASqpLEBgMVxiqJTQAlfgkIsuLIvd9c7IiHB3e9x7/xXuNXePyGc9MrO7635AVHi4m5mbm5lXZBw//zlY50iac2OnpDlyQCy+abIgHRMxBoQECeIUuDg7Z7vZMfQjMcYctYDBGLDWYZ3LgvBRLICUa+jSp3v7KIvDxSTFQf00fF33aj48vy5i68/58//4B/z5pft+wL9/nLP0a/EKb/34h/yX//iIeIBX3uI//OStS8v/9//qTfjby4v94N/MQut3+Z9+AH/Nv9k7Vb976wfwlx/xGd/llb//P/lzfsifHOUefPdHf8gP/uAv+c//+jnGIVQqlUqlUqlUKpVKpVJ5LrxA5+osBj1dsZVwFAtw9NhegH3U1ucogP132Rcl6b616rCOOYoBiBpIGjFGsQJGDFOEcdfzxeef8emnn3B+dp+UIm3T0HpP2zhWyw7vLJuLC7bbC2KYaLzHO8di0QFw//59Qsyj7ev1CbFbQkqM40gIIYuixiDGIWZCEWJUJEUgZ8SKNfnL5AiA+bVpSmjJjtWQ919KEOghn1VKnqmgwr5ASjW/znks3hqLFcGqxUoWq1HK2H4som0WXFNSrHE477OoKZYYI1MIRAIYg7W2FFTl/NMoAWcEDSmLqZpQEkYUNbM8DEa0RO8asDk7NmnOgG2swTceRZiCIFMkFOHdAkYhFsFYVFBNhCkQpolpmOj7gRAi3uf9stZm56oxDxRW5UvoIIYex1I86kq+FKv6jNyrvz6fNj7nzFWAV97if/3h3/LHJR7g5YcudKVs681/9dhNvvn6w7fy2Uf/BD//a/74D/7T1TX40Zfb60qlUqlUKpVKpVKpVCq/BjxXcfXhAtDDG33k2A14NK6d75P9qPXVrexFRHKhlT4kZ3UWxB7Ia50FMyOYRHaAFiHWmixGxhjp+x2biwt2uy2C0niHd46ubVh0LctFh/eeEAIxBrx3tM0JjXcYI4zjhKacFZqisut7nN8ixhKT4puWqJZxCoQ0MsVEwpA0ZYFVEsY7xFjU5NIqmQuuUkKLODznlorJoqFoLmyaS5tSOb4yj+wX66oxBmddFkJNcUZOOXtVSIhG0ISgOCM0RrBG0Jiy+BvycU/FMSoxYlIuFXNkJ6yxUrJULdEKyQRiOM65NeW8ZUHdiBYnbcl93R8Lwfq8n3OubhTFOkuIQAx5r2PKxyOlvbiaUiKEQAhTESoPObOzY5UiBB+XWXEkrD41z0D7/PVzrb44Xnnrx/zob3M8wJ+8fvzIQVR984f/G3/21isl9/VrPFnNWK1UKpVKpVKpVCqVSuVbwzMVV5/OpfcE358IPOBYfcTyRvaT2I/Sso4FscvC6mW3axb5ZqGvjNaTGHY7thcXjP2OxlqurddM00RKae96VVWMKJBomoaT9XovrA7DwDgFmq5DpshuN3B2ds4UEu1iiXENTbdi0p5pmNiNgd0Y85i7sSRNe6dqMqY4cqU4UnVfIDU7OzUFJLIXK/et9yWS1qBIykfYlPIwUUES5Pl5QUQPmakESAFNAStKjIYQE5iQI1JRJnI0gC2ZpXMGgwqEqccUB6tzDmMM3kA0oNYg6rFkR6oYARKSFCM5b9Y6g3PZpZuUkjkLUSGmhEkCaogqaIzEmIX2FCMppFz6JYCaIjRHUoqA5tzWpMSUc1mNK7EIxuyvncsiPo8I/85CrR502Ideg9+UKPrr41p9kRziAf6PN9883P337/PX36AY+sprvw0//5DPoYqrlUqlUqlUKpVKpVKpfAt4xs5VPTb6fQM8KCLNBU57dfTo+TT3CT2wT7ND8xDWWkQz3S9SHpYimGbxMRcyBaZxJKWYi5QWC6wR+n5HSpGYAhcXZzRNdn4uFgta73AlvzOEiDWOxWKFdYFhnNj2PVEMpmlZtB5nDbob6IeJYYqMIZIUvGswziNS6pkku1bhUOSUNOWM09LAmULEoKhkx+j+FRdH5jzqb4xgxUASYkykKWSBsrhMnbFIimgKaJrQOBFJYBS1QpDi+pSEwUFjMa7B2CyE5pzUxBQjKFhnkbbDNr7kuiriBG8s3hqcNdk1KyAxu2Sty4LscrHE+5zvOoXIMIzshoF+nBg1b38ICdFwOP8pkFKOW8BYjNFcKhazgzVL07kwK8aYnbcpYY3ZH6t9idZ8mTymVfF5ekl/k5yrWZz8W/6fz97irVfgs//8l/w18INvZOMlHuA//fzy2P+xGPr3f/7g41+G7/5rfvTmlQKtv/9z/t2f8gxzZSvPjlPe/+m73P3wwUdev/0OP75145t5lvd/yrs/+z7v/PgW38wWK5VKpVL5DeKDu9x57/2jO27x9p3bvPG065++z0/f/Rnff+fH3LrxAXfvvAdv3+H2G8e3n8F+VyqVSuVbwzMXV+EQaypFzJzFqvm+g0ClDzz+cNnoSNCa26quNFplN+dxJuVhols1C2nZlWhzqVPM98WYM00NOQrAaFnXAAH6Xc80DqyWCzRFVJV+5xGNTFOAFBmGHdvtBdevX2exWND3PcMwMPQDzjW0C2F3f8MwBqaQmFLCRiFEoZ8iIUUudhPbIeRyJiwqwlTcps4axNqyvyE7VBVU49EhyCP7ag0oB5G4CLOyL4hSTIo4sRhVUoyYqBjNhVZWBKMGHScgYYprVUhYAWcMzhgab+kWnm7R0jYLrDc4U8qmrAUgxIlxHIgxIiK0bYtxdn8dOGOxYvDG0DaepvEoCZ0CoDjnaJqG5TKLq9Y6FGEYJza7HZvNjrOzCz47vQ99JCZhmmLOTbX5tWePqpBiwBhlt825uOcXZ8A6Z8XaXIylKe33bY5auOpYfai4Ot+3TxI4ZFM8LCf1cSLto/hNElQv8d0f8e9/8Af876X06s0f/iE/evNP+advaPNzPMC+UGt+vj8oaatv/pA/+cMf8Md/ehB4v+Qz8NYf/SH/9Ad/yr/bB7g+y8KuyvPg1gN/dH3A3Tvv8lO+OYG1UqlUKpXKg3xw9w7vvX+Lt+/c2Yupp+//lHfv/JTb7/yYr/dr+A1u37nzDexlpVKpVL7tvMBCq2+W4wxW4ajkSkxxG6a96fCQ55rdiLPYmhIYe3VjgjUASgwjxuRR+/VySes94zhgUKZxgbUjXdflWABjiltVGYYhC2hG8G2LGsswnrIdBmLZxxCVza7HqwXjiAohQQhKiCkLeSaP0Su5DApTxs9TypmiGovgpxgOebUiilDu01RyVnNsQM5IDRBCKbMSvHHZcZoUjRMSoXUWxCDGgwpGNAuqXcNi4VksGlbrrvzc4ZssqlqT90Q1u2lVSk6qMWBtcfNmR6mzltY3LH1L2zY4ZyApYcrHzzlL03iW3RLftPimxTlPTIndrufe6RmffPIpSELvnREipJCzU63REoMgJCCJMg4DZ2f3uXfvC27cvE7TeJq2wVm3z+Sd82m/igBaucp3+f2f/NGTl/rRT/iz4/ant36yv/nKW3/En7013390+6mf6xXe+qOfcLzaA88H/Nn+Kb/L7//kJ5ce++6PfsJ/uHwHf3bpqfI6v/+oXav8BvAG/8vt13n3o1MoXtP8x9/RIrfe5k5RZB90planTKVSqVQqT+SDu0VYvexSvXHrx7z90R3e+5sPuLX/RZp/t86/ip9uwuTy7+MP7t7hr167zWt37+63c/kD1ssTLbdu3+aju7MjluKQvcs88PJNTrlUKpVK5Veb5yyulvDNg/T3iGX2VUuH5Y6LqVS5uv7cer+/Ww+i4iEKQPcuQsn1SE8Y387ZqUYMkgIhBEQVaw3Xrq3RlDg7O2O7ucAaoe0a1icr2qbFWssYJs4vzjm9d59pCnjvWS6WGJuYpsjQT4h1gBBSYrjY0Abw7YIUUx7/FzMbTLGlXCu/GM2HiQQhojHkkikB6wSLyVmpJCSlIq4exQKg+f4QkZSjAwTBWoc3Bicmi5QW7NGoftM42sayaBuWq47r19acnKxYrlra1uIbS9d1dG2HmCxOxpiLvcQYmralaTyuyZfeFAJTCNm56hxd07JsOrxzufQqJqZphJRw3uCdpylxA9Z5vG8Qm8u/Pr93iveWfurZ9iPTNKERTFSmlAu5UlLUGATLMO44vfcFH3+8Yn2yplssWK7XNNbgyHmxMUZiUeVzwVWJopit0EdC/HzV8pir+2E8XTbx49evVCovjg/u3uG9j27zzp0inn5wlzvvvcfd71XxtFKpVCqVr8oHf/c+3Hr7oeP/b9y+w8FzmkXSj26/w51bN/g6EyYf3v0Z33/nDndulA9H37vL94q4+8Hdd7nL/Ps+C63v8zrfn/fh3bu89vYdfvzGvE/vcveV+m+BSqVS+Tbw3J2rx0LQcTTAw9kHZnJcaiXM61HErjy2fTSHvU8LUJ1dqvN2QKQIrmRHYpq3a20WXFORgI+a4jVFNEaswHq5RIC+74kh0O92DMNA07U0vqFpGhLK2f37/PKjj/ni83s0bcdLL72EWIeGiSkGphhomw5NiTBFduNEwoHJjldrLcaYHGcQc96rGsEYLbmrikkJNCKaB96tGDxgpOSIphxVIKUk6jgaAKNgc1mUswYntrhNBaOKWMli53LBoutoG896tWSx6FguW1arBScna1brJW1rSToiBhrvaZoGEMZp3GfUNm3DtWvXWKyWdF0LRpiKa9U6i/eexnka47EmZ7imFLOoneK+CKvxDVrKrMRanPeoGLrlgmmaON9u2O4GVBNoYjcMpDEyppiPo1pwSgxwev8U1zSsT064cfMmr7z6KtbafF2U3NpLV+QVXb/orZeu2MdJnV9XSD3eTqVSeUGcvs9f3P2QW2/nv5Yu/4EHvPE9bvH+Q1etVCqVSqXyNJzy2Ufw+vefLI6evv9XvP/6bd7ZC6lvcPvtW9x572/44NaXyGYFuPV7+6iBG7/zfV7nZ3x2Cm/c+IC/e/91br8zT6Hc4Nbv3eLuex89YkM1cqBSqVS+TTw3cfWyqAqHPFbz0GUPIlTJYd1/55CperROFr3kcLv0W6GHAqfLxVcHN+K8rjUWTSl/SXZyZrE1oqVRvvGeG9dOuLi4oN9t2W437HZbhqHHesc4jTjfMI4TZ2fnfP75F5yenvHSyx7jPDHl8f9xCsSYvY7Z3VmKlFTRpISYy5YExZo8Vp/dpjG7U5lFPM3lS7lxC0vCKhhNWVxM2dFqBSw519SZlPNmVcBZnOSiKG8dzlqssRgRnBjWqxXXrl/j5vXrdG3Der1msejoupa2a1gsWrquxTnDFLKgaa3Be48ITKEhhgCitF33gLgaNWKKQOq9o/EN3viSB5tfg6ZUhvlL5IFYQoiMU8xRBs4ixnKi8Oqrr3Cx3TGOARCmMDJOw16A3scCpHwd9H3P+fk5Z/fP2O36fH/x8YYY9xesMaVE7Mq1qkdy6tPKncdZq1fvO1zPv6GZqpXKryHvv3fnAan09dvvPOBEOX3/p7x71H5169nvWqVSqVQq33pOP/oQXvu9y6WQN17jdR4lfH6VJ/mMj3iN7x0/yaXnKJFB878ZjuKBKpVKpfKbzzMVVx/nrjsWWJ96e0df85q6vy17wfR4TPs4gODYNXjIWp0fMxgRVEwuhtoLu4fiJzTRNA7UcHrvCy4uzhmHvoiAyjiO3L9/hnUNXqEfRnbDyBQjrmnpuiUxwcVmyzCOhBCYxoEpBGLU7JQlt9RPw8Cw2+XGehHEGsQIVmYBVbMEqImksbg0I0Y1u05VESKGhDGKMwZvDY0zeO/wzuKMQwQal8XNxje0TUPXNLlQynmWyyUn6zU3rl+nbRtWqyVt29E0Hl9Kp3yTRdmkiZQSxghN4zFmLqsC40xevm1o2jbn0YqSJMcsWOcwxmKtw4ohFUFbynkwMgvhCU2KdR7bKCkpMSVSAuc912/c4LeP3Kbb7YbtZsuWHgOoyS5njQoqxBAZh5HtNruPY4ykpKSYy80O7mHZZ/M+cG0fX5CPunYf4lh9nIv1Sc7UKr5WKs+PBwutLnMQVW/x9p0f88ac4VapVCqVSuUrcoNXXoMPj/LNf9W5cevH3LnFPh7ozvs1d7VSqVS+LTzXWIAHBaMnxQIclTJxFAygxTE421j3gayX81nnnNXZ8Zh74nNmZha2Lj/PXGIkRhAFTbp/HoHsaNVEHEfGYSCGgLU5Y3QMgWEcGceJ1foaxliMNfimwflA07RY59ntera7HdM0EcLEbrshKmAsIoYYA8PQMwwDYRqzg9SYkhFLzoDVhCQQUrkdsrNV8/i/E3BWcjmV8zRO8NbSNZ62bejalq5t6HyHcxbfNvimoW0bFl3HarlktezoiuDatQ3L5RLvG9quza/JOax1OO9wzuGcBQyplHk1jcO7JkcMWIP1+XiIMfm7CImU80tNcTAXx/LhjEjJzi2uVU2gJo/qW8E7m0uypokw5siEbrnkJhBDIkyBi4sNu2FkmAJRBzQJqUQKUK6IGBPDMLDb9QzDWBzE5fzbHA9hTH5eUb20n48TOa8+8iiB9YH1voRwWkXWSuVFc8o//uzDJwqwlUqlUqlUvhxvfO8WvPd3fHD7jQdG+y+VRb72OvzsM0554yDDnn7Eh3yD3HiF1/YRAZef4/sP7Pht7ty5XfbxHzm9devXRB6uVCqVylfluWeuHiPyJIfe1XFrPbpbLj2yDw6Yt6cpC6VIGQTn0rJZcJW9MbVYRjHWYMSiMZFCJEnCOkGjIcbIdrNltzlnHAYa37BcZIdjP45stjt2/cB2u6HrOtq2Zb1eE6JirCPExHa3Y7fboZrXG4YNxnmsaxCj9LstqpLdroYs9EIW9ZQiMOZjISQMqdwXMaI4I7SNpWscjc/fu8bRtQ2rRcuyW7BaLVktl6yXK5qmxS/zvjaNp+talosFy2WLt9nNa43FO4d1Dut9dpna4jQ1Oac1F3NZFMEYwRVnrDFFrDam3D6KaxCT9VMUJQuPe0ezCBhT3KpSHKxzFdfxBXTI3BUjuMbQppZXXnkZTco4TURVphAJn31B2E15fZHynBBjZLfr2Vxs2G53nJzEHI1gLGguQTNlXx5WpPa4y/corWK//JME0afNZd27sKvAWqm8cD7a/7V1yvs/zW3FcyzAjVdegw9/xj+e3uLWjZINR40NqFQqlUrlsbxxm7dv3eG9O/D2nUN26jwxcuvtH2fR8tbvcevue/zF+79TXKIfcPe993n99jtfLm/18TvD9259yHt/8T6/8+NSaPVX7wOvl8fL1Mr+w9b84evr3/+3VVitVCqVbwHPT1ydTaVfoohn7y59SEvQA5PYRXDNiZkPPG3xrM5irUExWZCbt6XK3PduTBHdsn0VEQeSHY59v+Nic4HzlvVqiaJsdwZvbfaWqjLsdoQQaJqO69evI+Jom4ZxHNhsLtjtdgAkVaYp4MRiTHbFhjASoyLW4KwrUQclAkAUC7mAqmSoWgQjBisGZ6H1hlXXsV54usaz6BoWrWfRNqyWiyyqrlasVitOViuarqVdLmnalqZp8N7StA7fZGF0b+8VwViLdb4Iq74IkFlkFetyeZjJpWDGGgyljAuKWzS/HN2fGHsQV/VQYJWy7Jldq3Mmbjo+zSYXWpXSKTCIsRhVoubrpl0uufnKS/yLoWe323F2fs7FZstumJCUz3GIgqLEpAzDQL/d5XM3TbiFw2BRctbuLPxKUUsvOVevOKDndIovmXrxRB4mulaBtVJ50dzg1r+9zc/efZc7d/M9t95+h9t/9S53/+4Dbr/xxuGPw3fvcBd4/fbb3H79vW8yCa5SqVQqld9I3rh9h3de+ynvXiqHmmN49ktx+87b3L1z+F38LMbx37j9Drd/+i7vlie5dfs2r3/4Ea/cKPvw9i3uHOe033qbOzUSoFKpVL4ViD4jVebnP/85/9f//V8uP9mRY3QWp0TslbKryz9ngSqPkR9E00Qq20qAigExgAGTPayiuYzIaBYlZb+GkDS7FkXymHpUCClmh6UIzhoMkTjsIEx0zqBh5ItPP2Fzfo/t9pwbN26w2/V8+OE/89lnnzEMI9tdzzQGrPNcu36T6zdfxjctqkKIibOLC/75F7/g448/5ez8nG0/EKZUxuo9CoQQ8/i5GKw1iAHnLI1zLHz+aryjsQYrCaMBK9A6y6JzrLqGZetZtZ7WW5atp3EWbx2Lbo4EaGnblq7rcI2nWXQ0bZuzU53FeotrLOJkLySqEcQ4RCwYh5GmCKseI7lQCpujAQQpOaUWU8b9VdmfAczhGtB99q6goiAJlQjkEfy5e0xSFpl1HudPSkoxb09Mzq+d8jkfhgEVwzSOfPbJx3z4//0T//Uf/pH/+v9+wAf//AkXk7AJyjBBVGXRNVw/WfMv/+V/x/f/h/+Rf/H6b7NcrYkpouQMWYxcElVnhXh++1y6PlWOhNV01WT9RLJb9+Fvy2Mx9Xi5+ftb//P3efPNN5/+yZ6Cn//853zntde+0W1WKr8K/MM//AOr9fpF70al8q1nc3HB7/7u737p9ep7uFJ58XzV9y/8BryHT9/np+9+xO8duWorlV83vs57uFL5tvDFvXtPXOb5xgKUMf3Dj0+hOAmX1rlcZVUWoCwj5asIsjBHA2ippjqUWc2T51p8rLIfS1dywimkOfazFFbNrfFtKWRyzrJYdCwXy7wHYtAFJBUab2m8Y71eocD9+xf02y3b7ZZxGpimSAiBFBW1Nu9Qmp2yirHgvaVtPG1xnp4sOtbLBcumwVuwJEQDVhKdc6wXDetly6r1dM7gndBYizM5t7XxDu8djfM4b2idYC04STgi82C/lewc3YvhxiDGUYJeQQUlopqPMWL2DtvEQewzciiAOoz05xzVNJ+5Eg+wLxgzOqfklufXvXnWzKVlCpCK2zU7d0UsEBERrLVgLIiyvrbi1Vdvcnb2Kp9/ccqn987ZXQykcd4DU4RaLWVWAUgYk+MGUioi8HzV6eH1yBOv4W/+c4vZvXr8vFd/rlQqlUqlUqlUKt8kV8f+4YO/ucuHt96uwmqlUqlUnp+4etmd+uTbj+bpBKu8rcNYu8yxAfserPm50l68U00UKyUiYI0hicllWALOW7z3qAamcYSUuL4+QRLcPzujHyeMsSgG5xzee4wIQwhsthvu37/PxcVFKauaSDEWea/kpkLOObUW3zQsV0uuX1tzbb1k2bVcWy24cf0aq7bDGYUwQhiQFGisYbVsOVl0LFuHK65WL6UEqwjD1hicsWAFK1kAtZKwJt8WiTBHMaTi2MTkzNFLwriC6H7R/ci6FBeqahFQs0grRaSez8HsZi1bK2c2i9haxEzRIqgWJTyVYyQCqQi51hjECkZBjGKM4MWSith9bbXEvvoKm82Ojz79gpNPTzntI0ouI9OUnzvGyDRNTNNUCrMMJDBfSSDV8nq/wqqP4aqgevW+SqVSqVQqlUql8ix4xNh/bbOsVCqVCi+40OrpOKSmHgurs+t0LrJ6/Cb2yapHLsTiqVQlpSNXq1LGzRNoFutmYdZJHvweh4HzvkdEWC3XvPxyk02nFxeoKovFGuc9McH5+RkXFztO792j77dojIjmUX+kRYDG+VwKJYJznrZrWSyXXLt+wquvvsxLN66zaD3LruHmtRMW3mM0EfotcdiiccSKsvCWRWNpbIlDQDGSPbxGE0YVUw6jSTnTlASigsGWnNPSOJUoyacWExPY+dhloZVyXEQ0JzLMYmKxBesldfFwbPdnMh3Ewf1oe/G9qhzOaNRDhq4cqZXHY/FzxICIHpyrMaKacEayML1ecf1kxXq1pLm3obGBSS3WZDE4xsQwjOx2A9MUkH1ebGJvc/7SHF+7X3LNpyy1qlQqlUqlUqlUKs+BN25z587tF70XlUqlUvkV5JmKq5fyKVUu5U4+6LjLCt3VZvXH6VJzqZWU1vi8ssnj67Oz70hUhXz3vF09Gjk/HvGOMZI0YlLEF4kxxuyqHPuB89P7bDYbukXHjWs3cL7h7PwccyGMMeBsdrgOmx0XFxsuLrb0/Y6UEo33LJcL2mYuYwJbxEFrLYtuwWq95ORkzc2bN/nOd/4bXn75Jl1raa1l0bU0xkAMhFZIgxBHBzHgJGElIungSPXGlDIssEYRE7OT1SrWWKxJiCQg5KOppijMQCl0ShhMSqXUKourYmz5yrmwQBFUL1eIqRyE6+Nb8439+ZgvEx50fKrqfBaR45VRZBaRi5CcjyWkkHKDFglnDatFy7WTFdfWK9ruPu08S9E7AAAgAElEQVQQSGMWVklKDIFd37PZbunHsfRnHYT1ckE+UvCUh9wWObq+niDOHm/3YcLqpQKth6xXhdhKpVKpVCqVSqVSqVQqlefPc3WuXs5Ozfc8bCl4iBg1K6nlsatS0n7b+ylyU8bPZ2E17cfSKfmsc3yniMGU0X9F0ZTQGBBNqCgxRaYpj/LvtlsuLi6YponFYoFzLo/MJyXFSAqRYRiImhj6Hkg473DWYcXQeI8xlgQYYzAYUphISXHOsi7C6sm1Ndevrbhxbc1LN07ougYvkmMDNKEBGvUkPFEiaUoYTThRrFG8AW9y3qqdHaxGshPXmOKSBWMFYxJGUi6iIh8XIYucmrJ7M4aEsQas5KIqW8TVYltNJSl1VscPZVUZTenx18YskB9fFwoHn3E5x0n3Obxm9i2nCCk7gu3spk0RSQHKeWy942S14mS9ygVfzjKEXIiVUmAKgd1ux8VmkwuxSn6EXjGtXhU+L8VaXL1cVYtp+smu1zryX6lUKpVKpVKpVCqVSqXy68ezFVevZGrCURYqh+b1w33HyxxWnQW2WSSdpbaHi7OH55N5NF2Pxdjjbc2hAlra4IsolvZl8ACkGAnTRIyBcRgYh5Gm8ayWS7z3hBAI05izOlVzbifZDemdwxjPdrtDTM49bYzBOkfTNDhxDGNPGAPOO06WC05WC5ZdQ+MN1iScgUXjaKzFkCAmNClqQS1EA8nm8X6L4Aw0hlx6ZcBCzly1psQcGEQM1kgWV62QJ/3ngigpGasG1VzqpAEQg6gFHMJBWD24TTULqgJiSvnUfNSLkj17V82RG3Q+x1L+e2zClHIihHJimLNYywlSLccj59YayZkGQsSQiCmgKeGscLJacv1kRevzsfROiJrdxmEa2RbhvO97kibMbMndX1PH19UjLr2jq/JZj/Y/ys1aqVSejqZpXvQuVCoVKHn2X66cUVXx3j/DvapUKk/DV3n/Qn0PVyq/KnzV93ClUrnMM3auPlwwPYxay5X7H/GGPnKtPvThvetRHrF8aXzXw+19JGgRBWW/P6DGABarudAoqmbhdBZiVenajtVyRdN4pmnMIh4JBKy12dFqI8a5nGlqis+y/I+r8Z7lYkHjPK4XRlME20XHsmtovUFSIE4DYewx2ubyJhIaUx45L7VOkH8WsnPTCUVkLOP9xVBq5JAha4QsrhrBGJv3r4iuxlisWJJYUiwSdCpfaopn1IKay2Lo3nyaBVdTzmcqB/r4lOg+qmEWu81RROkcApBv76XxuS8LzeJqWV1TQlPc58oqKRdRiZI0ojHiDCy7hvVyQds4Gu/xKSIJwiTEmB3Hu90uO49jhCsi6lXR/6HX4f4FHon4j/scYL/40wmks2B7LNzWX4SVyldDJL/3rbUvelcqlW8tMYTyb5Av97tMygfBMQSs+zWoEKhUfgP5qu9fqO/hSuVXga/zHq5UKpcxT17kBTHntHLVJXgY64eDsCR7Ze9y+MC+6OhIVN1vnyIAisnt9kmLidVgrcN7n3/px0hKKTtDjcVZS9d1dF2HNXb//CKCWKHrOlarFd1yUT6RFVJKJE1FEFN84+jahpOTFV3TsGgblm3DssvfG2shBsZ+x9BvCNOApgkhuzPza1JIJe6gZI86EazJqmMWHRMpJWKKpJRfx37kXbLwmQVSAxRxVexePM3fLab8TBIoIivzV/bGMl9ORqQ4U/NrFZlV0ctfOaZBSzFWGfVXsqitsneozrfz/exjC2xx2UoRVa0AKSApYEWx5iA0G5TWW5aLjq7xeGdpvaNtPN47jOR/3I19LrQ6iLb7C+mxl+s3/QvpYds7FHc9+rFKpfL0vPTSS3kqIYQXvSuVyreSGALTNHHz5s2vtP7NmzeZ6nu4UnkhfN33L9T3cKXyIvkm3sOVSuXAC/qY8FgIepS+O4/tH0S643WzjiolMxWOtNXL5e7zuPo+SqDcrbMgZdAEKQWiJlDJ7k9rcNaSYiBMgTBOxCkgCM46fPmENcZIjDE7NW0WJrvFgqZrCQmmKTCMgZQimrIb0zlH17V0XcvJes2420IMdI2jbbLgJ6I553XoGfst07BCG4s1Dmx2kYaU9s9PSlib90FES5lTdkTOY/sxaR7Ph2xdVYGU4wSy3iqIOMDmKACkCKwGg0PVoElIUZASL2BMiQYQQyJbYmV2AHPwq0pRSnM5lRQDsBa3bDlf+wiA2VZ88MGqHpVZlYKrg6CeYwhUQeNE0oiQsKKIszmPlYQ17F2rzhraxmESxKZl57YIQpqPZXldh/SCL++omY//l12+iqSVyvNhvV4D8MUXXzD0PaH+cVepPDfmD7B/67d+a/9e/LKcnJwgIvU9XKk8Z76J9y/U93Cl8qL4pt7DlUrlwDMVV7+aSHRwqh7WP56rviJWXclrPXDsknzIQ/tx9tLorpJLqYqTUo0BVWJMDMPIdrNjGraEGLDWoqqM4wAibHc7pjhhnWOxWNK0DSpZREUEN4w5KsA7jLEslgvW6zXXTq5x/fo1+s0FJuXSpdlNiUbipMQwMe0GxqEndi3iHAaIQIyBaRpJMeRxeHvIQDWS919sLs4SM4+oW1Qsub7KIsaQyM5UVUdSiybZC9d6KQe1CLJ792heT8SiAvtaKwFKTEGaj28RRQ/n88HzI1K2W8TTS9cEesjC3f+nuHfnsaIoaIqkMGGtyQKwgYhiVBHNxV7eWtqmQZNBpkRwFu+yYG5dFnsNgnGWRMr5s08SS/UQeyAcvdT9Bfd074Uvm9P6rHNdK5XfdNbrNev1un6wUak8Z76p91x9D1cqz59v8v1W38OVyvOnvt8qlW+e5+pcnQuQHi80PexxObo3S3aHQqqr8mk6qFv7YNWr238QLYKe2UcHKClBikqYAkM/sLu4QFOkaTxiYJxGYkr0fY8mZbFYZFu9OCJK0zRICDjnsqA6BaYp0LUt6/WK69fWnFxbc35vQeh3OGvw1tJYBxiic2hSpmGg32wZmpbOWdQIGlN2lpacVEQR61BjwaTS+2WwjcNbU5ykSlKImkf7i4ZKCmDIAmIKiph5lL84N00WaPNzZWepAprmZcr5UfbZr6rFJVtiGY4CbtnnqXI86m4wGESVwyz+7KbNtxIGNDJbcbUI4UYki8kiJM37FTXkfSmuVci5rBoDaMzRCiiGhDPComtZLDu6tkFEmEKgsWafxfgo+XIvbMrTyqdPz9MKp1VgrVS+PvUfmJXK8+V5xOlUKpVnw7N4v9X3cKXy/Kjvt0rlm+e5iatP9QY+Lka6WnS1f0zJUQLHrtarpL1AKuZohByTHarIA5/WqCrWOBpncxmUBmIMxJgQDKowjiPeCYuSpRpTIsSRELKbdblccnL9hHv3zzHW0zYe7QXnPeuTNWIMm80WEWgaT9u2tE2DdULSQJgSYRyJYcyxBMYQ0kQIE0M/MOx29N7RlYZr5zw0HUHIwiGm9FcJxrgsnCJMKY/No0JMuaCLKJikuCREwBY7qrqcGGAAMTlmwFq3F1dzxqlCTCiRqFk8VVHExCyimix0iskRCyCoKRKn6mH8v4iqs8BqkFzSlVKJdpC522q+EPLofsnilRK+mpfL2xVrcBiGfochZ7Fm0Tx7elNKxBAJ08A0wRizkLxatpycnLBaLBAS/W5D1MSya/cXp3JZyLwkaB6ZU0uk7VfmcWVVx89ZS60qlUqlUqlUKpVKpVKpVF4sz0lcnXNVHycAPS579erPx/mrR65CSXsB7rJjdVa+ilVTZzFK9tswJueHWucxJOIUiVNCEnjnaYqg2bQN62ULAsM0EUIozfKQNO1/dr4t6xjGKTCFQEyJKZXyqVkM04TGRJwCqsrOuX0eqGrM+66QkuZsV82uXWMd4hs0RGJKJJ1ImoglIVWcxVlD47IwqigpJlKMpCkSY8oZsCHiYsA6iAlsUqxNWJsw6nBYRBKmOEZTMihZCBWVvTNVbMlGlew6ncVcdA5Uza/XiGSBdT4zqvvjpyQkaXGaUkqzFDVHIjhFuZxjCyRHD6QYsygrWcyexgFJKZddAU4MzlicobhWIYVyDERw3tG2PheQKQzDgLEGbbK4qoeX8FCnaPWNViqVSqVSqVQqlUqlUql8+3iOmavykPseWOOBn/PypfRon9FZ8i/3y+zNkFySucro9yHucx5Hl6Nty97pOW9UyVmrKUYEzXmp1mGto/ENi8WCYRyJYcc4jUwhEFJis92SRLCuwbic2blwjpASfT9grWO1WmGNQRDGaaLf7ZimcT/+rjEShhGD4pzgnaVpmn2BVjF1YozN4mpMxJRymVNup0LFgHGIdWBdtqCqkkxEkyGpENJETErSSIPDSSQFwSO4UjZl9+dLiZqwxmKcIFbASHG1KsYIxggiES0RAfsUgCNHp5Cdq5oSqrNAqagqQQMGwYlg97m7KVtO0+GcJjS7aoX8ugSSRoKmnD1rDMYamqZBp5xLm1IWqa21OOex1mKsxXsp+bJa9n+OIEhFxH6U4H+4jvfO0UuP8bXV1ieN+s+P10iASqVSqVQqlUqlUqlUKpUXx3Nyrl6pJzpyjT6w5KU4gKP7jsuQRPePX65IeriqdRDCrj6vIMUxO0e0ppQgZUejKSPrqloEzCwEohBCdqOGEFDyssMwMEyBl199FTFCCFMekTeCWINvPI3pMCIMuy0X5+eM2w3n5xfEFGmaJgup3uOcw1rw3tE6jxGTR9pjRBMIBusbRA+B1BoDqpGYlH4MhJBwNmKLK1fEINbjFy1WE5qEiJJSJJUIgUTJZhUwZPFVo6JxRMRhgmJswNoG5xQak4VeLSKoKElSdpsmKcK2FIdpdsempEexqomUI1ExSs6TLeKziCCa4wjyOcoi71yedexnTfNjChaDcZY4QQyRGAJJszvZOZvLrlCMMXhjMSVlIqcZKIJgxdCUFkU9Kqt6JHL5h+PPEL6q9Hk1tuL4/qs/VyqVSqVSqVQqlUqlUqlUnj/P3bl6/PNXF4UObtUH5NRy59zFdPX5DmKqFtFM88h9ShiTM0mz2icYa9FkCCkSpokQI9M0McXANI1M00SMcS/SDSHQ97ssuCrsdj0RJcY8yu4bjzGOFCPjMDIOA4SJ09Mv8GJYti1N29AtWqw1QHaLiggpRqZgmGIiIYh1OGsxYnOJE0KYRuI0Mkw9KQSEOW/UZOet84i1IHbuhCKhqGRhM5CIqoRksClhTSxlUcUpKxFjEmIC1ka81yxKq+YRfgk5+5Qirpaw05wOYErWbe6rUhXEmMPof+ngChHQhJES03BJQs3nMaQIkjAC1hyuBUWIms+nlZw/O6USm4ABaxCb82C1LGe8w1sLRrKj1WRB3RjBu3yMY0qgKQvPRRWer93DNfw4l+n8n0fzJPdpdahWKpVKpVKpVCqVSqVSqfzq8dwKrR7G7LjMztRjx+phZD+TLq23n/7fj/WTC5WOH893lkcvj3GrFJFPE0mz6zGhSBHkZnXWkB2nihJSoB96vFd2vaMfR8ZpIqnSNA3OOfppIm53xBAIY+Ds7JyY8nh5LC8hxIl+u+P0/in9ZkscBy7un7JoGk7WS6w1NK3HCkxTdqqGkDNcMR4VRxRPNNnhamzEaD4KIUa2U2S3HRi2O0KYSCmV2AODiEWKTVPJ4qYYg2s8vvEsWk/bWJyVXAYlYE0u1nLGYqzDmoBIwLmERkVUEQ14FVRCcRWn/Yi9zNmoGBCb3cDYLHaK2Z/D3JGVxd0oYMXinAMBa7PAnHMFhJCyMOpsFo6t81nEBVKcigvZItYh3mUBXYsD1VpCikxhYpqU1vuixMtedDUiOOMwYrHW5vuDFln+IM4frmEuXWOXr9V8vT2JxxVXPW6dKrhWKpVKpVKpVCqVSqVSqbw4Xqi4OnMQlg5C6ANClbAXSi/fafZZrKqai5Tg0Eg/F2VJEaxKq7wa0JRF1YTJk+fGoEbK9nLOq8EiRkgkxjgyBGGMU4kEiLmd3jl80+QxcjHEkBj6gaHvc3GUCEkhxMg4TGwuNty/d8rQ7yBGpmnEWVNyPnWv9UGOKUgIxnl8s8A2C8Q1YBvUuuxYxTAkuOhHTs+3XJxfsDm/YBwGYgwlj7UUY5X8WdXs1BRj8W1Lt2hZrzoWnadxBotiRXHW0jhH50tcgXU4O9H4iKaIaEBoECyYsC/hskVYldlGXMRVEV9EVk8qgmlSmFIixECMOVTWiMGWnFvnGowxJBGSJqaUy7+cM8TG4dWiMTDuRlKYiFZR77PD1zWAEkJi1MgQJnZDz9D3jCM03YKYIkApDCsFV9YeitHmDwGOrtGo8XDJPkw7FWH+UODyBwVP5nFZqlezVmskQKVSqVQqlUqlUqlUKpXKi+OZiqsHcehyBuXXiwS4vJ3Dfy9jjpY4lqjmhvn8oOScTUyOdJXi5pScvZlH4l0epTeQitMVhCkEphhoXYe1DmMs1jiMGMZxAtlhjSXEyDCMDMPIrh/Y7Xq2FxvOzu4Tw0TnG5yztE1D03jEmCzylV20ztE0Ld2iY7Fcs1qvWa7WNG2LiDKMIxe7nvv3z/n8sy/4/PPPOb9/xub8nGEYCdOUx9qZoxA4+soysitZr6tlw3LR0jWOxhm8FRrvaJ3j2mpN27Z5P52ja1u6qSXGlqQtikMkggYAouQcWmsMRmzJTbVEImBQE0mSXaS7aWIocQshxlwmVuID8nnKBVSIya5jUwRQZ+laj7OGOA2Muy2iyrJxnKwWeGeKO9cyxYnNbsf55oKLzYZhGJhCPtYYQ0pKiCHL6tZijM0lYCGSroz8q2oRjY+vqoddnUdla09JdaJWKpVKpVKpVCqVSqVSqfz68Nydq4dG9i+3zlMpVI/Z8KXVy/ak5HUmbBHKLo98Uxrk59zQWLJYFWEYR4ZxxDdtvi9BjIkwTex2OXd1fXKNEANhCmwuNpxvNmw3W7abLZvzc4xA5xuatmW5WrJYLHLGZ4wlpkDw3rNYLlmt16yvnXBy/TrLxQrjLP3QM4wT988v+PSzz/no40/57LPP2Jyds724YBynkv+agKNSK7EkVULIQqYiWGPpWkfXebrW0zWWxlu6tqH1nhvrHYvFguWio2s9q7ZjMbaE0KLaobQ5k5WURWkDzhgwFjUWEYumSNKQR/QlEhH6aeR8u2Xb9wxTIKTEFAPjFBiGkXEKOYdVwJgsdIs1GGtoW0/XNTgjhHEg9Du8s1xfrYg3r3OyXtAtGsAQo9L3I9vtjmEYCDGiqcRKiJBiyBEKRbS1zgLZzYo1XOUpKq4qlUqlUqlUKpVKpVKpVCq/4TzHQqsDORPzgYUvKaBPypOcszwf+tgj7r+UfTk/3VyMVUa3E4mUIsSAkXm3lKCRMeSMVUUZp4l+GPC+oR96QNhut2y2W8aYaNuWl15+mSkEUozstlu25+fsdj39dkff9zTeYQ10bctysaDrWpy3kFIuZbIGX4TX5XrN+mTFycka6xpCjOx2PZ+fnvLLjz/hl7/4JZ988jFnp2f0fV8iCeIhc9VSslM9YvJzBFWGKbLdbEHBOaHxWVR1XmicyQ7VxnN+4zonqyWrZceqa9guGpaLhmFcENKKGFucAWvyfjtrwFrEuSzmYkhJiFGYohKjIUTlot9x7/4ZF9tdLgQLExd9z2a34+Jiw2a7ZdcHoibEWpzzNG2bM2KL2Ns4IU4DKUwsuwWv3LiByymvGCNghRSVaZwYhpFpnEgxYeZSMGvRMAGCK05h7zwASXOurLF2X4KWLxu5JLAeR1bsr/uvYM4+zgY+vj0/ViMBKpVKpVKpVCqVSqVSqVR+dXhO4uqjMyePBaKrDeyPEo8eWhz0GLH1GD2+IXlMHpRUWrI0JUJKkCJeDUkgAiFFhimXWIUUiZozQrf9rrTIw3bb048Dw5RdkDmDQAnTRL/bsdtuGceRGKacVyoea21pqT96TeW2GEPTNnSLBYtFR9d1eO9Iquz6HV+c3uOjTz7hF7/8iI8+/pjTe/cYdn0WAcnj7c412a1axuMxFsUQNTKFkWEMKLbEJxiiWoYoDDGyI7IdlK7J7tHtbmC17Fh2npOFZ71qCWGFpgmNLa2zeGfw3qIuC6tGE4hFVUhRGKdEPwSGMTGMoUQa3Od8s2UIkT4Gzoees82G0/tnnJ9fsO1zZIBYh/MNq/WKrmtZLZcMqyWdd6ARi9I4T4iBoQ/0/UDbNdgmC7zWekQs2aE8Z86aIlaCMQbfNLRtsz/OKerhfFwRNZVSovYEZ/VXzVx91O0aHVCpVCqVSqVSqVQqlUql8qvBMxdXH17K8+ByT1RGH1JolTWrg9D1ZSnxqSiKJkhSCoiMIOIwTjBEFGUK2bl6sduy2i1QVWKMnJ+fc3Z+kfNANY+RT9OItZbNdpvdrJstu10ZR58mNCWWiwWrZcd6vcIZCCGwHXqMAe8c3jkWi47leslyvaBbLmkXHa7xbLcDm80FX3zxBZ999jlf3LvP2fmGfgyo5JF5YywiQtd0GOOOiqyyGzMlSAghQVRTDnDJGhWIUYkxYKaJ3RgJCfoxsu17usaxWzX0Q0uMIzGNaFqxXjS0jYPkEHUYwBqTj6caYogM/chuM7DdDmz7ie1uYLvdMOx6+jFwNvbc215wvtlwdr5h0w/0w0RSEJdwSUkaGfuGNAZ0iqRFR9s42q6h9S3OeHbbHkFJKdKtFwTIIjOCpiz0emPzOQuRKQYQoWlyTINzjmGcSClhsZeuYylFXAZThOz0wPU5F2DN16jIg9ECl69F3X8/ft8cf5BwdR+qyFqpVCqVSqVSqVQqlUql8mJ5ToVWV/ny48yP8LA+3bqP0G7nsqvZ6QlSHKQO0YgYiHFiipGQ8oj9NI5stjv6YaIfJnb9UEb4c6nVFCIhJoZx4vTeKf1ux7DbkkLAoFgjOGNZLZfcvHGD73znO6ARDRHvPM552rZhfbLmxo3rvPzyy1y/cYPFosNZS0qJ7XbL5198wccff8ynn37C+fkpYRqxVhDXYK0t+2RZdiuc97m8SvNrTQnGKWQXp7FsN2OODyjOVqzJbtOSzZpEGCZIRKYwsXMQJ08KE2hCS4yCxiVx4RFZYJ3ZC96aEjEmxjGw2/ZsNjvOz7Zc7HrGIWQ3cD8xjiPj0DP1I3GKRRxucb4FMbimxTdNdphay7JrWTYNy7Zluei4tlpysjxh0XSEKXB+NjFNA4t+gTSe3W5gGAbGcWSaJloRUlJUEzHGfd6q2zuJ9ZLoeZUcE5CefBmWKInHL/L1Hq9UKpVKpVKpVCqVSqVSqTx/nou4+rjR/wOPVqieutDqKdhvqiircyG9lgIpMQYjAklRjaSYiKGM+Usus+r7nt38tesRMTivqAZCCFjriDFycX6eW+mnCWsNbdOQYgRguVzy0ksv8d9+5zuoJoZ+i/eO5aJjvVhy48Z1bt68wbUbN1it1oi1QGLY9dw/PeWTjz/hl7/4BZ98/DFn989IKeF9g///2Xt3IEmv80zzOZf/lpe69I1NCiDYM5rp2VXEbmwEZEhGw9QY63BNYIw1NGx3AnQo0qFDiQ4R44IhY4wBzJFDY2gChrQRormMDWgktji4sBtd3VVdVZn5X875vjXOn1lZhQbQAAF0izwPIlFd+V/yz8zTSNRb7/e+RYHzPl2TL2iaCWVZYY0DDKqGIErf98l9q8oQlWGIiCpRScPu1qW2e8BYRx8Hoio9gdIIsi7KMgoaMSpYC1BT+IqqsigW0eSwHIZI23WsVi3LZcvJyYLjxZIYlChK1/W0XcswDJgoOKB0BUXhMEWB8wW+qinLkqaqqYtUtFV5T1OVTJs6ZcLWEwpv8c4whI4YI33fYzHEIIikdWmtwTmLoIjK5v11YwYrgIhi7JnjdFvg1FF4FVWsueipPk9KnnjyBfxJgm4mk8lkMplMJpPJZDKZTObZ4SvMXB1Hpc1ZQ/u20PrxY9NP4E7d6g+6KEdthKr0QGMRkUnCoBqst6hYRGSzr3UWYxxxGOjblm4U5+qqIgxxI6r2/YCqwTqHwTKEgWEIFEWJ9562a1HRjajqrQVJcm5Vlkybhv39/ZRRKgFVpSx8crXu77G3t0vdNFjriRKJMbJYLHn48ICDe3f58O5vOHr4gBgE5x3eGry1ydlZVNRVTTOZUlYVzvo0Ai9CiIIvHCEOLFYLjAFjx4xYq0QVRJMbt/AFMUY0OsIQSBKvYFRwBqwxaIygQlk46qqgDwLW48sG4x2xDwQJDFHohjEKoO3ou0gYIkMIdH3Pqm0JEjHG4oyncIIpCtR76mZC1Uxo6gk78zk7kymV93hjqJyjLApKb5k1E+q6pPCWbujoYws2iegiQgjJgVzWFWVZoaTXxBhD3dTMd3bwzrFatRSFH3Nok7N1vVZVFTU6Zq6azfr6aPHUpy/dT1zWFwqttu/P+auZTCaTyWQymUwmk8lkMk+fr0hcBS7mUV4QV9MeFzNVP7nQSjdnNWN26phxeUFwWmerGl1XEJ0VERkMai3OJFcnqogoxIjGQAyBMAzjLSJhwODRUXz03uJ8ARiGkAQ45xzee1Bw3uBdKowK3qOjiFtXJXVTMZnUNE2NNUn8K5xLWavTJIpaa4kh0HYdXdfz8PCQ+/fu8eD+fU4ePaJvW5x1OPxYG6YpfsCkgiZjDEVRUNcN3hUMIbDqWkxnKAqPcxbjFG9TZqyScmODKFiLA0IUjBoMlrIs8SYSwoqj4yVd2xJ3pzR1RRcVMQW4EuMLXFHjvcOYgOIZosW6HmHJEJWuH1gtW9p+YOgD3dAzIEQLQRVcct+6uqaZTqmbKdMmuVOnzZT5pKF0jtIYqqKkqUrqusR7h7VKWRV0oaANKxZ9T9d1RIlYa/HG45yjF8EAdV2zM58zn88pq2p0tzowFomp6OzcelyvKbP1/RfExZzVi38PtoXVj/s7kslkMplMJpPJZDKZTCaT+fL5UsXVL5THFVrxZJrWWn9K7kIZXbIGNUlMTePgFokgEokSMRqwxuC9xy2fjPwAACAASURBVNuUPdr3Aw7G+wuqymCsSwJoFDB2M45fFGXqpB9Hxr1zxDBsIgYmTcNk0tA0DZNJjXMOFaFwlqqqKMdsUYnC0PUsT045Pj7h3v0PuX/vHg8fPqBdLdEYUpSBKhqFaALGGCRGQhwQFVQFa00qfKLEl56qGlBVuq5DxyKvrh+SI3cYkKhEY4jWj5mh42tpHcZYgrQM7UDolbIo6AYliMP4Cl81uLLGlTVFWVKoUJQRYyvaVvAnK0QN/RBZdQNtPxCHyBCFQSO9RsSArSvUGJwvMNZTlhVVPcE5j8FQFRXTqsQbw7Sq2d2ZA0KUAdFIXdcUOOIiEJYLur7H2FRaFYYkyIchYAvLfD5nd2+P2WxGVa1jFM6cqHaMBzgT9i+svHExbv/SAKPbm37v+c3du0/7EjKZTCaTyWQymUwmk8n8nvH169e/1PM/s+LqRyIFHhcPYNbWwYtCl9m4V8+JYbrldR2dfyIC1mFtKjGSoGmE30BVlFRGmNQ1pUsioy8LCl8ipcG5CBhElRB6wGCdx/uCsqxw1qAiWIDCo1ISwoBKZGc+Y2c2Zz6fUdc1ZZEa6Z21FN5TFiXGGPq+Z7VccvzoEQ8ePODebz7g/r17HB8e0rcrVFLeqaoQhmETb5DKqgxDWbJaJXGwLEsm0ynT+RznHJcvX+by5X0OHtynH3ruHzxgCAO0EVAkmiTWjq+XaMpGHcYCLozHOhiCcrrs6SMYV1HWU6rJnGo6p6krLBD7AGZJcdriihKsJRqQMabBOEfhHHHokCGgzoJ1abuxDDGixmK9xzoPxmCNpSpKSmdp6prZZIrIQNspbTfgKo/3JVVIMQ3eWYqioKpreg2ICt3QUxc1O7u7XNrfZzKZUBQ+PfcoWHcx0mK9Kred2Gcr9Zwj+/xS/K35lx4D8GX/xyyTyWQymUwmk8lkMplM5qvmmRRXzxdgwWbm/8I+F2Wm9ag/2+PSmiIALIa4dheuD5CxDV5HgXWMCTBjSVHhPNaUVEWZ8lI1HYMqdhyZVyAOgRDH0qvx2rz3FM4SQgAVrLFY7/DeYoDZbMp8PmM2myanauE2z8EYgx3dp+1qxcnxMY+Ojnj48AGHDx5y+ugR3XKFhogda6ckKhIHGAKiYKxHjEEXS1ZtR9cNRIWoymw2w7masirY39/Deui6jhADq3aFqtJ3gT5EJA4YDA6LQYkSGYYOq4G6LCgrD9bQ9j1DUIwrKOspzWTOZDZn0tQgQu86Vu0A1uHLknoyoel6QgBGJ7F1DtsXSO9Q7/DTCbasKJoGrE2lXsagJuWk9sNACJGmKEb3cMBZm0TyGAkh4L2lqkrm8ym9KHV9QlVVLIc0Xh9ixNjkXJ3N5xRFkaIiVIhCcjmbjxaxnRf7U/aqubDfR1foZ+dxuas5czWTyWQymUwmk8lkMplM5tngmRNXzwurT5gnaS6IrRecq2tvq+Ws2Iq1GKbJaWgZy5kwBCxGFA0RkYjEiARBQmTRrgh9j7EuCX42CajtqqVtOyAJf6qaWufHGADrLNY6nLMUhWc6nTCbTZlOpxRFQeHdJi9WJBJDoFu1nB6fcHj4kAcHBzw8eMDR4SHL0xOGvgNN7faIJUqklwgKUUDU4oLQdYGoinUnPDw6oihLqqpM1wZMJhNmswlFUbC7s4OqMpvOODlZ8OjomNWqBTHpfMbivUXUoHHMuTUgJmnOMSrWecqqoWmmTCZT6rpCQiCEiHWOsqqY7exyOYCvaurqlMViSQwRNVDKhDJOGQyYqsTUFdVsRjQGV5VEYNV1RDpsjLgoFAY0Rrp2RdNUiPSIRsKg4By+dOzs7NCroa6PqKqSshOCcXjnqKqK2XzOZDJJ8Qyq526Pa6Y6W5tn29eC61kswFnsxJPqrBfzVrfvz4JqJpPJZDKZTCaTyWQymcyzxTMnrn6Us5nrx0UDrGWt7QzMtfsT2JrJ3ooJGLc5kwqfjE2OSGOSWGnEQUwlVho6NES8czRlxTKmrFJnDG4cUQ8hjtEAAVUYhoF+GChLv4keUJvESO89VVnRNM3m5pzD2ST2qkRCUPoQaduW09NTDg8PefAguVYXxycpJ1UUZyxgiSJEEYYQiApOlD4KtvBYVxBGF2eU5NJsmoaiKKnqkueee46mmeK9o2077FpwLAvquqTvOvp+wFuPSATrcNaiOEQj/dABjqgFUQVVkyIWfIF1DmPH13sc6S+rkmbSEINSljXz2S7L5Yrl6ZKTxQIbBkIwLFZLlscn6GpFOQRcVdB2PU4NFZaJc0jZ4aLgrdIUJc4qqjsUxSg6I8QYKGxFVZTUVZWE7NJTlB5LkWISZtNN1qqqIpryc629IJaeW3cX1tzoet7+ngvi6Gflk4TUXGiVyWQymUwmk8lkMplMJvP0+RcgriYuCqvKaAjcmAS39zhfN6SbA9aiVzrOGIOzSaDUceTfGotxHpWISsAqTJoJ169eZVitODk9JkokRiGqophRUA20bY+I0Lapmb6uyvFhR3esTTdfOOq6pq5rqqpKF6cKJCE2hEDXdyyXS05PT3n06BGHDx5w+PABi9MT4jCksizrEQwhKlEEkTTO3g8RHTroeqJAHwPDMNB2XXKmzmZMJhMuX9lnvrPD888/z2q14v79Aw4PD1kul9R1w7UrV9nb2eX00QknJyd0qzaVelmwRlGEIBGGQDcUDGGgD5E+BIahp+uG9J5ocu6WdcV0Z4ZxnmYyIw5KGCKL0wUPHx4iHxpOHxzw4OiIu4cPuXt4SCsB1zRMd+dURUWB5dJ0zqXJlK6q6ZdLlsePmDY1TVPRDQM7uxOausDa9LKqChiHMYai8FR1TdEJ3lTYsmJ3Z5fZbEZRFGm9SIqFwKaCMqwdy9D0zD1qlLPB//MC6DlX6xdIdq1mMplMJpPJZDKZTCaTyTxbfMni6pfoqtuceh2i+hjxFZDNVz0v0IqCVTBpPD7GiGpILlKjqEkxAWVR4uc7zLyjNJY+DCyWS44Xp5wsFnT9gPft5twiwjAMDMOASLo261KhVHLNgrOOoigoyxLnHKIhxQ6MwuowDPRdT9u2tO1qFFkXnJ4sWC5WSFTQlEFqxixUg8MZAYEogSjpOUVRXOEpygpbFLRdxxAjy65lV2C6M+fylWvUdc3Ozi67uzu89+7/5PTkBGSg8gamNYQeK5Ew9KhEMIpx6dERQUNk6CJD19H3SVzu2g5jFOcMZhSVy7rEek9VC6fHS45Ojvnw/ofcvXuP9+/eY9EP9AJBoQuB5frxygIVUF9QNDX1fE5VlMQYODh6yMnCszufsWoX9MMeV69dpnZFyq7VJJiKMdjCU1Ql3g+o8XhX0DQTyqrGOQ+jYGpI7xnGbpzOWdjMZDKZTCaTyWQymUwmk8ls8yWLq/bC92brdpFRJDXrUWeDMaMvUFJqqrBVcEXad3O0ahpBv3huk1ypdsxVBYOsN40RAVGUIBGjY8CABLyBSVVTjHtHLGGnI2hgMpkCliEkR2RZVlhXIAIhCG3bcnJi2Z3v4B2pqGkUV62zuMJRVKkMyheWvldiDGfC6jDQDT1t37FatXRdz6rt6UPEOj/mtla4sqaPyqrvYYgMXY8rC6IENI6vlShlXeO9o6gbyr6j71uqpmY6n3Hl6jW+8fxz7OzO2b+0w2RaUpeWO//4jwxdR+E8zeV9TncmHB0+4uD+fVaLnjAEXOkp6wqLQjBoiHSrltAPDF1guVxirFDXJdY7XO0pKZFuoK5LVkOPeOW9D3/De+//hoeHxwTn0brC1BNsWdOvWlTh9GSBMZa6rplf2uPSlWuUwOnhQ06OlhS9IcaBwhpEAsYbLn/tMtPpjIgnRIMrGybTOdY71AiRSFNPmM7m1NUE1BEGwSC4IjmJkzzvNqt27WBNK2l0HBswa+E1BeeONWMWjCKju/nz8EmFVplMJpPJZDKZTCaTyWQymafLM+RcXYtF2yPVKbfyXMkPZ/1C2/KSWd9hzz+ujpkAF86wEXDTwYp1ZowFUIwFq4JEJcZIe3LC8tExB/c/ZIg90SjdqkWGiMaUMeBdcqOKBLq2oy48EgesL/HWpSxXy1amJ1hrx2xQEE3OVREhxkiIMWW1quJcihGYzWbjY3nqZoIra9o+cHScXLS2HyiKgso3aQzepcItnE2uWAkUladrHfuXdvnm889xaX+fS5f2mM+nFAgyrBgWJ2i/4vTRI4hC4Qv2Zg17sxmVs9y/9yFHh4dojDg1FN7hrUVFCENAQiSGmJyz41djAQS1Cg6wBnEKzuKqgrKpqYZAWVRQ1wzOUjUNfrGgDSnSYCozqrrm8pUrXPv611KhlRWG1YK4alm1LdEaFosFk3bKdJhRM6MsSgrnERGKssI5h7UwRMEVnrIosMaiajDGjtstURXROGbbni2otSv6bKlulV7pOn9iXGtrY/Xmvs/GRsh9jKCa81YzmUwmk8lkMplMJpPJZJ4uz2Tm6nYr+uNKrLbZbDVj/qV8TMnPaDvc6FOjwzDGgBpwdi1kKSmFFdzodj0+POL9O3f41a/+EUXwVYnxHjFKBHQYMCJJ141CYCAOgTAMUBRJuB1H03FgjcU5PxZiOdRYRJW4JbCqCKBjyZZlUld4Y6jKmqZpmM3mWF9yfLrAIPTdkpURSgfTWU1ZTSjqirquiKqEEHHegVH6vuPqtcv8r//u33Ht0g4aWrrTSOyWVBauXdrFfuubLE9OkBDTSyewWKzwKISBoV0RQ8AZxVuDs8k5uo4DkBDQ8XmICIoDDMZavPcY4/FlyWQ25WvXr1MWDbsnCwbrGKylPGkYJGAsPDpdokbYnc+4euUKl/b32dvdxaPUFrwIi4dHSNcyKQqaaYOo0A8DIQqVtfiyQKJgXSovE1LxmLUOXxQYa8f3PxVyYUBiRDBgJGXzrtcYILp2tm7rqOn92rhYx+xffUxsRSaTyWQymUwmk8lkMplM5l8+X6m4+mlOu22X3uY+Pl6WMhf+ZD5y//a+JsUIrIUvTQKZiKCjgKkoqoIBnDXjiHnk8MEDfn3nDr965x8QIxRNxXx3l3o6pagrjEQ8UFgYjAEVYggMXQ+TyRgJsDY4WpxPGai+KLHOo0rKZ91cfBpHNwreW5qqZDZrYDphd7bDdDpjOp1inWNyXNGuTjl9ZFk5KIwwKR07uxN29/eYTqfjKDtMphPKqmQYOvYv7fGtF55j3pS0J0f0BqTvMKFjd1oz+4PrhP4yiNL3PUdHj/AGTmYTTnfnrE7ntKsV3poUC0Bk6Fva1YLl8pS+H86cluN0vRoDYrDOY01JXTfs7sLzL8DVKx0nyxWn/cDpMDA7nVM1Fbt7OxwdH9OHgcuXL/P1a9e4tLfL7s6M0hqmpaeylkdlSXt6wqyqqOqCalIl0fRMfT/LTkURiXRdjzGGsiwpigLvfcpZxXyki+pMk99ykJq1Yn9hDZvzvxIwela89tuSIwEymUwmk8lkMplMJpPJZJ4dvnLnqjFmc3vcto/yyUKSWbsJz+12MTAgiWAbr+EmyzX9y4z/OANocmJ6IPQtp4cP+M17/5PfvP8up48OGWLAFR4HNFVFZSdoUVB5T1N4qMs0Cj/0LE8X7M7n+MZhHESJY/5rGvP3RTm6IcdRc5PG0o1ZxyFAU5XIzozCGqqiYn9nl6qqsNbSdh2Fjcybgiv7c8oieW5LD156Sg3sNiV1k8qaptMJzaQhxsBk0jAvHXRLVv0KZw0WwYjQOEMxrZGqIITAcegoEDxCXVh25xO6/V0WhSMMAxIDiDD0LYvTE06Oj2lXS2JIMQaoSRELqsSgqLNYB0VRMJ97qqpBg7LqBk66jtO+Z7Facf36NY5PTzldLOj6nqZp2N/fZz5pKJyldI5qNqNxjlld0q+WzCZNev9KT9EUlFW1caJu1pgxxCj0fYcByrKkaRqquh7X05jva+1YamWQcU1tXKijCG4wpJ6yM0H1bB2blOH7iSv485FF1kwmk8lkMplMJpPJZDKZp89TjQV4coH1k4//yBHbJtCLG7e+TzpbaoV3xmwKoBxAjCxPjvnw7m/48IP3OD58gFXBoVTOsT+f842r19i5tM/pakUcBrwz9M2ExXLBYrlkcXzMcj6nqWtKWwAGiYKI4osS49wo9poxHgCcKt45nLM4Z6jrEiMTSmdpqpq9nR2MKsPQI0OLI3Jpb8psUtL1A4vliuVySd8taU8sujOhbEq8VQoiXgdKb3DS058+2hg6yyIVZRkVjFiss8R+oF+tOD18yLBcggxUhWNSl8wmNUYCXWfoOyVITwiB1WrJ6ckJy8WSoRtQSYVkMUBQIUYFFYJGwOALR1GUGDUUfaAYapoQmPdTdndmdH1PHwIxyljkVVKVBQ6DNYai8DTFnEldYiQynTRJJDcgVsBajPOotVglZd8aQ4yRvu9RVbz3VFVFVVWEGBAVjBqM9VjniQoicrbmtuJTNxVtxqRCtC3XqlmbWrfiBDKZTCaTyWQymUwmk8lkMr87PPXM1W0xdSOWXhBYL1ZdPfY8fNTjali3uCfn4ToTc31OgxnLi1JmqFFN+8XkPF2dnnD88IDT42O6xQKNgaYsuXrlMv/Lv/lD/vXNm8z39jg4PMQYw+x4hojy4b17SIy0bcujoyOct0xnM6x3WGfohyHloEYhimyiAlQt1hi0LCmriqosIAxQeIx4qsJROJAgIIG69NTlDtbuY6xlGAIHDw85eHDA0dExpRVCu2BYeazWBBMI9JRliURDN7T4ssBbCxQgDqOKcRbUQujRvkP6lqFdYTFUhaMuPKV3DIUHFVQCOhjQyNB3rJanLBandF1LDAIyKrhiQSUJzBoxWAwGaw0IGJPyA1QCECm9xbuKuZvgnNsIo94VSYA2Kb7BoZi6wFlDXVZYB9YYgqbMVTGWaAxO4+YcIaR82BgjAM4mQTuKIYpiRLGW8dq2YgA2a3MdWLEusNqKAtj8OUuqmUwmk8lkMplMJpPJZDK/yzx1cRUeL7Ce34GP6FQXjzGqZ+LW41TWi+Gt49i9tTZt1oghiX4iERMGhq6lXSwgBDREYj+we2mff3XjBf6P//1/41/923+L8R77a8u9u3dBI0VZEfueKJEHDx7Qdx1HR0f0YaCqa3zlqZYLTk5OOD09YdXuo6o4a5OGZx1FUdDUNXEySY89DJjoKCwQA0YChVV85Smrktl8TlM3hBjYmU+YT0ruFp4oEScDYXVCQURHcdVpNZZogdUKdR4lEI0FC+odEh0mCk5TSZZVSSVOIlibHKPee2KMWGcxEUQCw9CxXC44PX7E8vSUfm+Puqrx1mGNwxolRkFFKUq3eVOiRkQjKgGRHo0ps9VicUDpUpSC8x5vPdYavB0jFCTgLBQ+CadF6dN1isWGSFBQEYw1OJsE7BgjXdsxhIEYAmF0x67Xk5oUJBFV0/O256MsxmjVrRxX2F5g20swS6yZTCaTyWQymUwmk8lkMr+bPDVx9bOM/3/ScR8nxpoLsavb+ZSp4GnM0FRNjkkJRFGsKt5a1BhiGOjbDkRwBoy3XLt6hW+98AIvfPOb7O/u8ODoEQf3P+SDD97jdLFkvrdHXddc2b+EiDDEgIrSth0BpRBPuVhwdHTEfD5ntVqRKpQUFUFVwEBROOqmIvYlNg6IA4/Fu2SkdMamQqvJhN2dGXXdpNF1iZSFpykLumFAQgBjkhO2KrEWCm+Tg1PZjNh7A1YjHotD0RgI/cDQtsQQ8M7QrgaGvgNRvEviatd3rOXDECJD39O1LcvlksViQde2yGQGvsDY8X0RgTFb1hi7VWSmeG+pxKExYiSiEglDEpidgqkqtDAYLM4nt6mqw9tUTCUaKauCOASIgiqoKGGrLM1YiyqEENAoiEiKAxDBGIPzY1yDtWMcwPmc4O2IADOure0IClGw40oTPn+Z1cdlql7MW01r+AtqzMpkMplMJpPJZDKZTCaTyTwxX4m4uj3u/3FlVh93zHZL+8XCoI91vOrGUJi+1W034uYAIAllMrpWiULhLM6OY+TO0TQNZVmmvE7r2NnZ4VvPP8+VK5dxhePRo0MeHNyn61a07ZK6r5nOd5jvTBkksOp7ogpqoI+B9qTDWMfDhw/Z3d2lXS5TQRUpR9Voynx1zlH6Aq1quhARAw7wFox3qAiu8JSlHwXIDmMM89mEqqrYnU3p+o521aIqOJ8yVa09ew/s+BpUdZ2cnSJYFAlJ1IyhZxg6Yt8zDANt26KairlEYhKxrUVgHK9XVu2SYUgj9+2qZeh7+r7HFQXW+JRv6z2KQURwLsUClGVBWRaEGKlDyRAC7aqjbVu6bgCNSOgJNhWPqSkQcRibMnNxBrUG70uCpnxWETM6k5Pj1ozvt7cWjYLGiLMWYy3ep2sTFayxWO8YoqTXyDpUdSNoWmsxJn0voqNo/Jgoi3WO7yaZ9eP5vOVUudQqk8lkMplMJpPJZDKZTObp8UzEAnwZXMxpTeLr+eb2jTClCqQiqcJZvDW4qmQ2nTGbzaiqCuc9RiO7u7vs7e9T1w2roeP09JS+76jKCp1bmqZh2kwQlEkzwVdlyleViOlaogghpDzWvm3pui7lvqLEEMYSJMFgqKoSHQp0KBAiViJujDPAeVSEoe82Tsa1QDidFMymE0DpVukxjbUYe/a8VXRLgDZojMktqoqRSBgdtxIjIkIcv4qM36sSVFJJlTJeMdhRnDbJ0kmMgsSASgQsljTOH9ObkpyiYw6qMYaqrpgwoe8HSr+i8B7vemIIKKSv3o/vq6C6qZRK96hiUETSn0VTBMF6TayfCwbc6L4timLMdLUp+9Weic9ybv1wTmQ95x4do1nXV3IxhSKTyWQymUwmk8lkMplMJvO7x5cqrn6aQ/VJXKzJ+KejAMroONWzr+NOui1ljX88Fw0wyl6G9WEKRkaBbHTCWrtxtDrnmEwn7O7uUpUVBgsIfT/QDwN936cm+77He8+lS5dQY6iahhCEGAPTWUMDhBg5bZe0w5gvOma4qsQkSBozuikdqCQJUgWJZ1ZbVSGEwBBCcrc6iy+KJKgagxFJOaPG4IwZXaqWwo5j96PYKSLJeaoxvaaanrMYi1oLEpGQXJ4a16KqohEQENHR7SvEmITiGCNKEnebpqZpKsrSk04XiHFA4oCTFGVgRjepqILGlKvqXIoIGN/rwjvcZJKyZOcyCrpJHFVVrLV457E+CbnWmjM1U5J4rJKEVR3XghkjAuIQcNYyqWumkwmTqqbwBda6sbTqfIaqwZxTSnUU4zfLcX3/ekmO8QcXgig+cZ1vneUTvn/cn9fnzlJuJvPbkOM1Mpmvlvx3LpPJrMn/Pchkvjry37dM5svhmXKuPm7cH9YC6/o7vSCwbu90nm1JS1U3AuzZrhZjBLO2dJLEw6BCIUpZ1kxmM4qywljH0Ie0PUT6YRhLkCIqSewz1oIIx0ePwBrKosCVBV3f0/YddhR308j9QBgGNAhWFWcdYg0SAd3K9LRJJBVrEdV0jCpe0jYXBTUxCaPrXFFNwqKIpJH5tWCoZxmzSXhO4bSbciZ0zG2VlEUaIhJlfKnNxo0qIkiMSewdAiFErLU0TcXu7g6znTmTyYSiLDEIMQ7EOODE4QuLcQ6jQj9ERCGO2avGaPIWG3DWUhYNznmMdQjJBRuj0Pd9Eli9xdj1mlGsNen4tbv0Qu5uuvZIDIHCF+zu7rEz32E6mVCMIrVIErIFRYVRCN4s0K0Po/GreYzAunnAVLT2JKzPcX73Tzv2s4i2mUzmcZyenvLw4cOUkT0MT/tyMpnfG7z3OOe4dOkSs9nsaV9OJpN5CuTP4Ezmqyd//mYyXw5fmbi6nbf6RZRZXRRiHysxbT+Mbt9ltgTbs5Hy1A4vECNWoS4rZvMdpvMdqsmUYQhJDIzK4nTJ0fExdz+4y/vvfUDbd2kMHWhXLUVVsrd/iWlRUHhPU9UMa5enRlgLrH2HxAZTeAxbubLpyWGtw3kPsUBt+p+ONJpukCiEYYBxFN5akhNV5NzIunWjs1cFg6bRfzS5RDFITIJkDOmaGMudJCaHrQWSMTTFBAz9QN/19G3H0HWgknJed3a4cvkq+5cuMZ/PaZoqCZ4aiTGkbFujOAsqJgmdcW3NTWIxJNewccnN6r3DugIBnEtuV+tTJIKx66AHHUVMHfNgdfMapJIwRjerEEMgDoG6rJg2e1za22c6meLSi5RyVDU5dtUkwVxEzkTczVIym6WjZ/ds3r2NyGpSXsCTrvjtsqqLxVWZTOaL5eTkhPv371MUBWVVUVbV076kTOb3ihgCH374IarKfD5/2peTyWS+QvJncCbz9Mifv5nMF89Tc65+XBnVl2ZRN2ZTOmTGGAFj0gy3amqEF5LjUWMqlbJlyWQ6Z2d/n/neHsvFAmMszjq6tuPBwQHvv/8BH7z/AUMMdH1H1/cYYyirijAEJArVdMLObEbdNBRFQd+1NHWdskdjSDEBUnDWSm+TGDg6Rq11iE1j81ibRtxHt61IZBgiIgFUkxAKo2N1fO6axvDXQiQqydk6ioIiJHFVIhIjRtJ+ScQdBVkUiULfdrTLJcvFkm61QsJA6T07O3MuXb7MlatX2d3bYzqdUFUl1q2zbiMpWyCdE02CqI7XshZBrUvPS0UJITmF1cjovj1z8uomFkIxrMuqdCOiaoxbAivp+UYhhvQcm7pmb/8ae7u71FWFNSA6xiFIEliNdZhUhzVm1J4lqirnHaubhcX5If2tRIY8uM87/Nfbr/H2Y7fd4JUffY+XrnwJj/rGbX7Cq/z0lZtf/Ml/G955g++8Bt99/RUef2Xp9eLV1/kPz9il/65weHiYMpf9MzXEkcn83rD+u3d4eJh/uPtKOOCtH/+AN+5s3XXr4udj2ufdb68/e76Kz6JPf4xn9rM887nJn8GZzNMjf/5mMl88TzVz9ZP2+STBdfO9MWfFVVt/TgLehfNdPCfnUyvXQZvJAKmpcMla6smUvf1L7O1f4t5vy7mKEAAAIABJREFUPgBSYVPXdjx8+JD79+9zdHiIoKxWK5arVSqo8p521dF3PV/7xtd5/tq3mMxmXDo5YbU65dL+LjvzGc7ZjfC3jgNIY+1nz8uYNPKfJvkt1qVxdRVlCAGRmDJHY8Rbg3cu5bAaJTUy6UaMNKxblxSiIJwXA9f5pcZZnDWjsJqiDMLQs1ouOTk+5uT4mHbMm53NJly7dpXr17/G165fY9LUNGVJURRYa7A2OV9RQWNAkokWg2CTzI3RdYlUEq/BpAiAQRDpUQPG+VSY5dzmdUrj+YpZi7Rx66uus1eTMCzxTMSdTiZ8/fr1MVO3TO/92WIA0utonEXjKEtfUEi382oet47XyQtrp/Sn/W34/XCsfnkiaibzWdAx4iQ7ZTKZp4vznr7rcgbcl83BW/zVD97kzq1X+en3zgTKd964zXdu3/qEX/RlMl88+TM4k3n65M/fTOaL5an+qvDjRNPP85d7I5SOLsGLkQApcvNj/sNhzejWHAfzR3FLMfiyYDqbMZ3NUpmTKkOInJyccPjwkONHxyyXC4yzxJhG6A0Q+p6jw0OMtezs7bI7n/P8N1+g63tW7YKq8tRNxbRp8N6NMbLjePta5dtqpY8iBImbLFEVJWrKPY1hwFlL5VMhllEBDWiEKCmP1aydrGMkQNL8FCPrMq8kqqpzFMahZiyMsg5rkzgZwsBqueT05ITF4pSoSlmXzHd2uHbtGteufY3LVy7jrcGp4rzD2LVomnJRRQKjco0xyWFrt+IirLFJTB5domaUf1VBYkwlWOuR/NFVu44sWMcAiOgoVG8VT2nKojWa8lzryZQrly8zn80ofTG+5LqOp8UwxhNYh4oQRM6E0q0ogE326kU2IapPvIR/x0XVJ+edN27z3557lT/9u9dGd00SZK///DY/GW2vN17+EX8xKrQft//HCbgHb/2Y77+5tu1s/UD5GCfpwVs/5vt/9yf85fde4spmnzPv7a2LLptP2/4pnLu2W7e49eSHZj4jxhiGYcg/2GUyzwDDMOQf7L5UDnjrr9+El3/ETy98ON585XW+y21+8saL/PSVy2fO1tdu8+7LP+IvXhp3/MX259tFMfaCI/bGy2efm7zDf739C55/+V3eePPOhW2fdMmjGDw+3q38gfg7Rf4MzmSeDfLnbybzxfHU5zC2Bc/P/VuT8Rgx578/s3+euTPPaq3WrtBxB5tOkERGO46sgxpDPZ0xnc8xziFqWK46ZLng0aNHtMslcRgoTEHlHVUxIYgwDIFl29H3HSrCznTG89/4Bs47Vu0qjckbpSxKIoI3qfVejR3F2VR4FWMkhJ6+7+i6jjgMGBGMpgKnM0frmSgcY0RiKr6y4yi9c6PAikmj+DqO0HM2XG+s3YoUcPiqoawGxAxgliyXLafLJYtVS9v3FFXNZL7D3tVrXL3+DS5fu8rO3hwZeiT0WO8wzqHGjM5ZM6rfBlHFGI+zIGuh1RhEBQ0hXet43c6n64kb4VGSI1UlqaZqUDNGDKyf0Vpk33iU07HWGCrvmc+m7O7u0DQN1jnCKM4mwdfgsBuh3BiDHV+j82vpo9rpejnpOSvsWZbuF83vqiB7582/4U9/9Do/vTKOAv7gNjde/hE/ff3KKGD+nHdeOvvB7s6br/H8q6/z05uk7T/4MTxGYE3i5fN89/XvcXP9/e030g+JN1/kFq/x9++8ws2bAAf88u/ucOvb39sSVuG7r7+eHvfgLf7qBz/mrfXjfNr2T+HitaURSLLAmslkMpnfjoNf8rd3bvCnf/74D6Obf/YyN37wC9555RVe+t6P4FwswAMA3n73Of7y9de5MgqpSYy9yVpY/ds/+RE//d7ZLz2//8b1rRH+t3njvVf56etP+NvGUVh9/tXX+Yv15/pr5A/ETCaTyWQyzyz2yzz5k5ZYbW/fHo2G0UGoJt3WztItLUkAQVN+6NpyuL5ZMzYxjdcwujM3LklrkniXmpFSS7ykfE/rHIMElm2bxvmvXWO6uwfO0fYDy1VH23ZIjDgDNlkrkTAgIRAlEMJA09TMZ1Pm0wl78xlX9vbYm8+YTSZURQmqhH5g6DpiCOPofKTvOlarFXEIxFGs7YYksq66lkXXcrpYsly1DCESojAMkWEY6LqOvu9TiVSM6JjrGkIgxAGRiIwuWNWIklyxxjuM96ixqPOUzYSdS5epZ3Milg/vP+Dh0SPavgdXMNu/xDdeuMEL//oP+YMXbnD52nWqeooramxR4cuaoiwxxo6JB6mcyrsCsBS+xBVlcuBKREwqBJO1QCwREJx3FN7hncEQQQaQAaMBNKIaiHFAJGxEa9yYoctWkVUIOAPz2ZT9/X1msxm+cKhRQhiQOGAtVEVBVRRIGAh9yrJNLtYxWsEkYdu6JADrmWacIg/GVZkW9PivL0Bd3f57ktav3dx+m6K4r5Y7vPGD23zn9oXbj9/iYHu3W9/eCJI3X7wF3OL/OruDW7zL3e0Dbr165hC9+We8cuMOf/vLc2cE3uG/v3mHW6+eibJXXvpzXrnxNv/trQPgJn98C97+xTtp48Ev+ds7t/jjUWh962/ePncsV17iP74Mb/z8nSfY/mkkIffGy3+2Of7mK6/mnyMzmUwm89vz4D3u8DzXP+4XfVeu8/zFz9UL3Pr22m16hT/6kxvw7t30uf3Oz3mDl/mPW79FvPnKq9x6+294a+t8t1588jGOg1/+HXduvMy/P/tA5Lv5AzGTyWQymcwzzFN3rn5WLBvZ6qNsWwovYkb/4DmXn6J6JkipglGzcSRGUawqdVOzf+kS1752DVeULFcrlqtT2q7F2jQ+D0qMgSEMBDFEm2z208mUa9eu0TQNfddjDXhrEbGo9/R9j0YhmvG6JAmeMcYkiMbIMPQEjYgIfRg2eaKIpMF5Sb7KPniGIaAascakuAGfPJiqJkUOjNVWRhUZH9IakNH5aa1Lo/liMJXHuJKjkyWHRyccHB6yXHZgPfPZjOtf/wO++cIN/uCbL7B3+Qqlc1gCrogYC94nR7CIEgVQg7ceg8eOamQqtxLSP6NzlFTYtSmvUiGuS7C2RXRde5FlfDfjKLOfRSqYMWs2SkQlUnjPlcuX2d3dpWkavPMppWCMKHDGjiVW6axRIsbas8xeXa+ctWP0vHC6yVZdm6Y3l/tZ3KVbacBjlMPH7/Nx3z+rfM7M1RvPcfkTN29vvcL15+HOew9ge/Dw4C7vcoM/PXeitO+amy/egr+5ywE3ufLgPe7cenEUOx/w7h14+7XbHy3kuvUk2z+NdPzz395+YS7z/A1490kOz2QymUzmKXBw91248zbfv/3mhS03eOVznvPBe3fg+W+fiw64/NwNeO9znjCTyWQymUzmS+aZFle3xazz93+sfrphe3sa735M4ZBedMum7NG1uBZCwKhSVhWzvR12Lu9TNTXt0COqVHVJM62pVxWqQiEeHz2+bFiFnuPjE/qhp21bPvzwQwxw6dI+8905RVFQ4Al9j1WIIlhnCZuR/iQYhpgcpzEmV+0QhTiEMT805Y06PNEKIpEYJWWnGgNBccaixmDc+jVaS33rGq8zQRMUZ8CbVORkvAUbWbXpuXR9YL63z3z/EvvXrvK1r3+DS1euomq4/+EBhbM4I2js8Q5MXVAWDr9xV0KMEQzJIYwgKsQ4gERQwZU11hdJDB/dxkraX8b3yVo3nmMrg1YViSBr9/Eo2hod27PGyIlJM+G5556jme8zm07BO2JQrDlzoQpCUCEKiIAjFYhtCsc4c1VvR8Bu4ibWCv+5RfqE4qcZjzNbx6/V2k/8PvOFcPNFbt35G3558BLXf/E2t148/6Phx2eovvMp2zOZTCaTeUpcfo4b/B13D+Dm4365eXCXd3meP/68ZZNPmqOayWQymUwm8zvKlxoL8KSk8fSPEZ+2x/zP3X8mcG3rVmNwAA6wCk4ff/i6/V3X2aqqWOuxzuOcT0VGxqZip7JkMtthb+8StnA8Oj1GUHxRoJpEWJHkrmyHnq5v0RBp6oaqqlBVjo+PuXfvHh+8/xse3H9IGFImagxxzEhNztQQAiFErHVjyLthGCIxJLEvxjECIApxLG8SleTuHIuXYlQkJqF189oqW9EIFmctzjmc8xTOU/qCwjmsXQurHusLoioPDo94eHzMoh0oqpr53h47u5coqwnDEHnw4BH//Ov3ef+Du9w/eMjho2OOjk84Ol6wWLYMw0AIkWEIDP3A0PWEvqfvuiQUi2JHYdeODloR2Vz3eo2kt93gnMOv3yeTXLkiSYCNQYlDQEJARVLsgUZAcdYxnU35gz94jv3Ll/BViSpE1WSC3Qi5Ot5kFNzPRu91XEwfncA3m3/OL1Oz7uZ6shvnv5rtx7r42Ob8Pv8iUgG+JJJLdc0Bd9+96GZlHHu8w7vbu477nnGTP751h7/95Vv8/dvrSADYuEg/dmby07Z/Go87PrlZM5lMJpP5rbjyR/zpY+NyEu/8/M2tSY3PeOo0KsKDT9/1ibn83FbswMiD9/IHYiaTyWQymWeXZ0JcXfNJuZFKigNYT/Ff0JfGNvj1GHb6Z11IZDGYzQm2zqmjIKfjYPlY/sTo/FRrwDlcUdBMJ1y6epWiKjg9PQEU7x0xRvq+J8RAP6Sc1JOTE9q2ZdJMKIuC0A/0XcdyseTDe/f44P33OT0+oWu7NP4fIzGuxUAZRT2L9x7RlLfaD4EhKlHSTaISoxLjWlAVYoijOLt2u6Ys0zCO1Sex0mCMxVo/iqsOZxylK/GuxFmH8z4Jx9Zx2nZ8eHjIwdExvQiubqgnc3zV0Efl4OEx735wl3/8p1/z/73zP/jVr9/lN/cOuPfhA+4fPOT4ZEnbRUJUum7g9GTBYrGk63uGfiAMAR0toqmfS+mHgb4f6PuOYeiT2/Uxa8ScWwG6JZaP5VYSkRgQiRijOGcoy5LZ7g5VVRIl0oWBIYZxaZgt0T2VmVnvUsHXucdLX9fCqb0gqa7XoB3X41mxlXzqzYwHmM2B62362P0+et7fU7az3d75OW/c2cpo3XCTf//yDd5+7Q3WKagHb/31R/a9+eIt7rz5Jm+f+0HzCi99+xZ33vzrrQy5A9768W3+6q2DJ9j+aayP//nm2t5547WPRgxkngJH/OKvf8gPfzjefvbPn3H7P/OzH37S9u1df8YPf/gzPmGPTCaT+Rxc4aU/fxne/AHfeeN8Dvg7b9zmJ2/f4ruvfM6xi5t/xis33uYn2+d95w2+c/vss/YzX+1L3+bWnTf572cfiPwkfyBmMplMJpN5hnlmYwHWLejnpNYxDuCiAHtRaD3785kcJhdsgWZ9Ph0H5I3FjNmpIgKSXJPRQABcWbF/9TJde4ocC2Vd0oQJdV3hnAMU7yyzSUNUyxAC3jmWJ6fcv3ePpq7R3bgZGW+/dg1fJLdodC7lu2KwxhIZr0uEECJd39ONQmQ/CHEQDIpDwSo2QjQm5bPGAFjcmOGaYgJiejVMEuCssaPTcRQqRZNj1RiMcbiiRHAsTpbce3DI/aNjTruOaB2nfeD+0QmHq4EoECSJoavVKZPac7rYYXc+ofSGqrAcHR2xvzNnPplQVxWTqqZuGibTKdaZsbhK0D6Jm75UBItisGJRVVxRjIVSSeRMkQLpuanoGEmaRGNjZPOczmIDZPN+O5tE61UI6XUNihiLKzwYMwr4SWS3pGIzSKVpm4zVrVVpt9biOYGV0Um6OeazoBe+jlEYF05jzJmj918OqdDqjcdsufHyj/iLzxzGOnLred79wW2+k87EKz/63mMdOFde+h5/yY/5/u3b6wP57uuvnN/35ovc4m24WL5x8xX+8uUf8/2t6z93zZ+2/dNYHz9e242XX+YWFzPsMl81//yz/8zPrv/f/PDPv0USUv8zf/2L/8Sfv7j3BNv/mZ/98L9w9//8T/zwxb3HHr/1SPzsv/wCePErfX6ZTOb3hCsv8Rev/xFv/fgHfOf21v23XuWnr29/3qXCqjdeu83bt17lp58anHqFl773Ku/efo3vbATQx3y2fiZu8h9+9DJ/tf5cv/Eyr9zisf/vkMlkMplMJvMsYPRLUmfu3LnD//P3/+9HH9CYc7f1fdtf1yPYAGiy1ypbrtVx27bMpSShy25JXOsyoSTKWkTHMqdxhlo1jdQLYCxJwEPRGNEQMGHAA9OyxAk8vH+Pd//pH/jwg/e4fu0Kfbvkn/7HP/DrX/2KxfIUY5Mzsusiy3aF4phOZ1y+fJkXXniBa1evUJcV890d/vDf/CH7Vy7R1BXLriPEIWWSaiqwkhgIYeDhw4c8OjxkuVgydB3takkY/n/23iVWruu89/x9a629d1WdBw8pSqJlMTbTCQi0Gw3jhmnAGVCTAAkamjjISPLAQDvWNJAnjj3RJIknFjKV44EHlkYX8cRo3ACZSLiI0bAane6+blzmcalcKTEl8c3zqKq91vf1YK1dVeeQh6QoPqX1I4qnau9d+31qn/2v//f/Ek6MIEbjoAmeNgTGo47JeETwQnBCGwLdqKMJWZwMIZfSOx+yG9P5RbOmJjSI94gP+KZjZ9rzr+//O//P//dfeff/+n/5l/PvM0vG0aeeZry2ieGYzXum856+j6Q0Z33ScuzIOkc21+hCzl9dGzdsrk1YH49ZG4/Z2txkc2OTraNbiFh+r0Z8CGxsbbK2sYFvunxAyjnim6as+xAcm4/xEB2w6vhNKaJpDmmexVVVYjKiGkkd+I4w3mR7lrgxjcwUXBjhuw5wpDIvAdQE8R41QYvQaeiKcpqHGLZf2Ddd6XNVGmxx9yLr8Ct52K/mweGrr3/nf/4fOXXq1F0t5245f/48Xzhx4r7O835y7s1X+CGv8qN7dd3cPEd++sq7/O6nujGsPAn80z/9E2vr64dPcPVdfvxX/8BX//RbLLTQ937Oa393gj/91hm27jT+vZ/z2k/gm6+9yJe5xfiVRb3389f4L5zh3XcPTF+pfA7Y2d7mt3/7tx/1alQqlYfIHa/BlUrlgVOvv5XK3XH5ypU7TvPYOldvxWGO1dXni2G2+jpLX644EwdhtxRgl+70gpqt5FkKOI+aMk+J1gXWNzfZPHKUa5cvsr29Q+qnrK1N2DyywY3ta2ifaHyD9glJxt5sD1FoQ+DSRx/jzTh2dItR13Lj2nVGo4610YggkpspQW5GpcqslPXD0MBJUDViUmJKuKI6O8ApRBVi0uJU9YPxdtHsaXhoaYS12DsGvgkLYVWaFvOB7dkO/3rhAv/1X97j3y9e4sasR0LHjVlkj11UYTrrme7N6GPEiTHrZ8znc/Zmc8ZdwGlPcMq4a1gbjVgbjTiyvsHGxjpHjhwhxjmz2QwfHFtHt3jeOyZrG7RNiziHmhFTIsW4PGZmCwdrCcs9cI4UYV7IQrkNOmgJJXXlOLss3jrvCU2DD20WVss+FyeI5YzVmFLJ5HWIk4XjeThN8txl5RyUxQm4OP/uIg/1br/nGPbD6uvKfeTcu7xz9gzfeNTrUXn0XL3AB5zg91dV0K0TPP/BP/DPV89w5k7jv/wir712YJYXLwAHvqx47+f8hG/y2v/0X3j33Qe0LZVKpVKpVCqVSqVSeSA8UnF1tUnR8PowoWgpVx0YvlIvLYOgehutaZ8IJrkMH0qqpeUGUUJxz5YRqYzvJmO2jm5x7dIRrl+5TJz3TNbWOX78aW5cv872jW00KW3T0DQNzs1wzmNJuXrpEqKJUdeysbHB9WtX6cYdx44dzaXtmpsqOSd450BAzfDe0zQtznuSWW5qpdkt6SQ3ckpJcaIkzU2svHeYk5wlO8QesCKyFi+llJ3lfMCcB+9BPLNeuXztBh9c+Ijz//ZvXNreoReHd57dPkKaoQaxT8xi3mdODJ31ubkWwrwLoHNEe7rgGXctk67lxo0dJldGjEYX2d3ZZm+6y4kvPEvTtqSU4wmapoVB1BwaU3m/iAOgxEUsslVXhM6sq2bhXBbjyxkkgiEk0xID4XHS4EPIoquW1FIzHLmJlSL7Gq7lea8KpyvcsnnaYWfubc7RA+Jp5WFxkbd/8H3ePH+W77xRPauVwvMn9jlM2Tq+Xxq90/h9vMd//vkHnPnmt1bec5V3/+4CL/7xi3D15mqPSqVSqVQqlUqlUqk83jz+ztUVseymUYvGRrLIWF38XFG4soMzz8FJCW41w5zgXM71lCLsxhQRssiHc2C5IDyh+NAyWd/gmWdOkPqe3RvKqA20PmBJuXTpEtPpjKNbxxiPx8z7xPb2DjH1zPb2mE+ni1zV69evMVlfW+S1ZtFTUXWLlTYzQmgITYtIzmXNgmmeRC0LqJIMJ7mZVR8j3ju8k6XLtXS7d2XGZrlYPYggQ/MuAe88Cbi6fYP3f/1r/u3CBf79o4vMkpEIWZTsIyYg4nOObfBYhKQRjbnR0s50iiYPFvEkNOUGXd4H2qjILLI3vcH1a1eYzfY4+Ru/webmEdbX1+m6Du/dwrE6uFaxLCavHtgshhdXKYJztjCoRvI2qipRQSmNyoAUI9ECiMN5n1tBpUTShJqCKYojeJ+F9uQWwq4MWumKM1rKOTV0h9v/BYGt/H+HU/0ODtTbCa6fZ/fq6Zff4Ef3ZU7HeeG7b/DCfZlXpXKQnL/67plv8tpKzf/Vd/8j//DVP+ZbOZK1UqlUKpVKpVKpVCpPGI+VuPpJBKJ908riv6Uv9ZBGQzkfc3AxZscogDiHWVxpWpRLwx1+4ZKMBk03YuvYMXZ2btD3U/r5HOccx59+mq4bMZ/P+R9+87c4evQYfUx8eOFDPv74Q7a3t5mMx6xNJojAdHeP1Pe0bcs8zjCUqFnYu9mRuXQy5nFZVHUoLls0EZTocwOsFJRUVMCUEqlk2OZyeQdecfhFVmhSRUJAfCAl5fqNbS589DEXL11hbzqF0IL3OXbAIogCDsQvSu0tW38xE2JUppZwpJwLW0rv19bW2draYjwaoX0WgU0jzzz9DMePP8ORrS3atkWTkvpI7HtMFR8CTmThtF3uH82uVk1oGW9GEamVpEY0JVmOf8Byn7JoRiwitZqiSVHLzl/VZeuzQdgfsl6XWcC6ch7uFz0FbqGk7hf7b8XdOFXvxuFdqVTuMx9c4CosnaZXL7KvsP9O44F9wuqL+5RV/uM/fJU//tbB5laVSqVSqVQqlUqlUnlSeKzE1XvFyELoolj7FjpVFihhCOEcHIhqWuIBZOEWXTYpcjnDszS56mOPD461rS02b1znyuXLfHzlI+Jsj831dZ566mnWJhP+w3/4HZ577jnEBf7b+fP88z+e4+rVK3Rty8bGOiZw7caMPva0baCNbXaWJpedk5qFx31iGgLmwHIWqWlunCQKJnl83yd63xN8WWeE3slCHBYRxDmcOcwS4AFP1IS3LDDGlNjZ3eHa1avs7e0hQAgBc5LL9NVQXHHPOnwIRbiF4AOCMpvN6C0SAkzaQNs2bG1t8dwXnuPkF7/IU0e3EIMY5zgv/OZvfomnnz7O5uYmIsKsnxNjRFVxzuG9xzuXy/xL/qlZguIyFUuLY6cJ1FIWlVPKYrMJ+IBDEHGYuZJJa6SkqKSVllSCyFLIHo6B9748X0YCDC7pISZg2UzNFiLwJ+VuIgFqbECl8pDYOsHz/AMXr8KXB/3z6gU+eP6r/PEWwJ3GU5pi/Rxe/FNeO7NfRL36z//ABx98wF+99vN9w3/y2gVeXG2SValUKpVKpVKpVCqVx5ZHKq7eq/vunt63onstxEoANSxHnOKGZkj7sklLbqkmNEaOrE0IGBvHjnLk6jEuXb7I1atX2N3dBTXatmF9c5OoiRMnniOmyDz1RE3ofMb04pTZbMa17eusbUy4ceMGs36WG1lZQnP6K957QgjM5/OFyBiCXwhrpoqKkVwu8yeBc8qsT4SQyj4SelmKzd57wsIZWxpcaUSkRWNizpSYFE09gjIZtWxMxqgEejMC4IPLmarznqTFCOs8Tow2CGKO2XyKWs+o7dhYX+fZp5/l1JdPcepLv8HJ577I0aNbWEyoRhDjyJENQgj083l2EKfsyG1cwAVP0zQARTCNgC3yVZ0o5kCLgzVpQmMixUQfU94ePF7ImbIuIBpAhKTZ0SoiuaGXSHHDZvE69RHxy1+RLGjqwt16d+ehY1+OwGGnZ3WiViqPH1tn+P0zP+cn//k9zrz4ZXI+6rs8/9U/zU7VO43nPX5ehNVv3UIp3TrzLV47szLgvZ/z2k/gm6+9yJdvmrpSqVQqlUqlUqlUKo8jj41z9XaNrA5jpef9wsmXyhv86jstt2/K0hi4Urs9lJYLrmR1lgzWbGtEJYtivswiAdd3dhl3LWtbR3n6i1/k2o3rXLt2hSsXP2b7+g00JdY2N5EmMFpbZ3tvl+2dHS5eusR8PiP2Pbt7u+xNdxmNOz7++GPaUUvXtcQUUQznhbZrSZbY25vm7Qmetu0IYcZ8nkA8QimNlywGajJSivS9K9sILqvJiEDTNFk4LFmlKfU4GryPoGB9gpRPiknTsDHqmLSB3ekcErQ4mtCgOKTvmWlEkuFdA2bEWaTxQiNG27U8deQIzz17nC8+9wzPnXiGLzz7LCeefYb1tQmaEpp6YuzxDjT2qICYy/ml5Vg453Hkcn6NEdO0POiuHEdVzOJCYDV0pWWXYxFh4NzQ8aqcc+RhzoHL4qoUN/NCYNcE5kpZf3auLrJVKU3UFt3B7sTdCqgHgl33YUN8cPlZHayVyoPkyy/+KS/++K947bUy4Mw39zlQbzf+6rt/x7sAP/8r9ptTz1QBtVKpVCqVSqVSqVQ+IzwScXWR/7ny+uC4xbC71I6GEu7Blbro6G6DTFXSVmV/TuZiOaq4HB+KuSGf1EqFt+B8bnzVtB1JFZyjWRvz3JdOsrEx4eqli/zb+x9w6eLHrG9t0q1PaMYjxDvmKXLp2hVu3LhOP58zn88QM25sX+PKlUuceO4EzkG2gkIIDQg5hsDnsvi2bYmd0rbXzg7cAAAgAElEQVTT7Bo1GwJGc4MqgaiKjzD3fd6OIlSaKiLQ9z2haXDqyQJeFirFGV7AzOMMOiesdQ3rXcdG1xJnc1QT4hsaLyRTeiLJerxZFl1bT9eusbY2Zm08YmtznWePH+PZZ57m2eNP8ezTx9lYH6FpTuo9TdMiLiCSBdG+T4ASfFNUz+IgTilva4keyA3IFESL8za7WVUjVoRPj5CcRxwlBiFnzZo5zCQLtQjOeRS/iItYNj4bulVl1++Qo5pflnNo6X3Ok95CON1fvv9JnKm3zlQ1G1TcpcD6yeZbqVQ+OVuc+dZrnLmH8Tc5U+/El19cirSVSqVSqVQqlUqlUnkieKxiAT5pafRqg6N9w1i2HBqyMW1wAi46Dkl2IDqHSS4rHyyJThzOZRejmC1EOoBZ34MprXe4tmPz2DE21iZsbW0xWVvj6SvP8KUvfYlnnj1B6NrsivQO3wba0Yhu1KE6BjWapmF7exuRXLJPL7lrfYqLhlyhCVlYjZEQGpqmoW0a5kmxmBYim5oSo+Asl+o7E0wFLGHqQIzQeEIMSC+EsFJarw4xxZMbUzVOWGvbIrC2zELAYkKc4SwhZoyCo/UdTdsyGY+ZrE3Y3Nzk6NEjPHXsKMePbnL0yCZbm+usjUeM2hY0EeczpmbIxLAYmfcznAfvBcFhJCzl6IHhmIkTQghZMAbioCibYknRGEmaclZqadolLuerimie12I/FcdyyV+V4mjOmuqyiZgrAr+yXzgVDgqpN6v/Nw8ZzsLbYEtBd/nVgLGioq7MuExTc1crlUqlUqlUKpVKpVKpVB4pD1ZctVLevCjDllsKqPeWN1mEtGH+qzrTYbMrFeGmg9DqF7KXqi0qxrODVYqAlzNXMUEc4AWNSsJwoSFM1mjWJmwc2eTI0S1SHzm6tcWRjY0skTmhHY04dvw4x54y2ibgMPr5nI2NdfrU5yzUpsHFOTaLzObzLBqr0YRA2zXMZwHv5zRNoAmB6ObEshtyPqxiBtEUEY83I5fDhxx9INDOe/q2x5V80RyDAF4CXnJ5PSnhUUaNZxw8k6Zh20EvpTGWRhzQjlra0Yj1jQ02NjY4cnSLE88+y/Hjx3jmmac5urnBqG1om9yIKvU9qJJiT48x0Y55P6Pvp3TSYiJoiuWcyc5SLWKn8w4fsiNZVXNWK1oExpSdrKWplUo+TmaunCVCSUjN0QkCaoN4K7c4L+WAiDmcbisn2Irz+dYu05UTUm7lab2Zpb9Vlg5aG+Z16NwrlUqlUqlUKpVKpVKpVCqPkAfsXF0p7R8yK23ZZ311kv1y0X7p6Nbpkyvi1v4Z7Vv2sre7LV+vLnP1ueWO77IyoYmwqMYu73XBL3JOTQQnjqZr2OhGBOfoQoM5YW9nm6TKeDzi+PHjjLoRk/EITNnevk4fey5ducz27i7j9TV88PgUUNMs6AIiDu9dFnYxgheaIMyGvFHTkkOaxWYVQdXok5YohCw0iiRmfU+Yz0uubELoaILghhhSyQ2uNEW8g1HXsLm+xnw+p2n7LEY7h/OedjxhfWODra0tNo8c4cjWEY4fP87Ro1s8+8zTrE1GeAFBSTEyFyH2ES9CEwLBO+haRBTvHc65fG6ooSjJyPELZbtiyhEGZmm/uKoKpshQ1g9oGpp2Dfp4FlgVUBOSeDSn0ZZDuvQ2i8gh59phcuatpFM5MLnderI7sD9W4M6vK5VKpVKpVCqVSqVSqVQqD5eHI67CUtWUA+Iqq2IRNw1b1amWDkEto4pgWhr7yFDqXYTcIaPSBsvqapbmgeUsGkDty3otWZ2L9TCwhHOyyDm1IgImM7rgc9OseU8/m7Jz/Rq7e7s455mMJ4xHI7q2o49zelUuX7vKv314gWee+wLNqKPrOnwTQBVS6VpfGiuJgPMQgiMEwXtDJMunNuSE5vwCDCGpFEengWWH7sz3eD9DMFLwOIG2caUcPmHmSCmSUsQ7YW1tzDPPPMVoMmbeKyYO5wKhaRiNxqxvbHBka4u19XXG4xFr62tsTiZsjMd0TQNobkaFw7eQXMQJdKOOJgS6rqEJnpRido86AXJOrKqiKUc1iBkxpSzACviy/7OwmnL0gd1c/q+ahVUjS7EJh+JJOKzsp+Fgr0ajDl7TpaZ+szh6O7f1Yq42vPfOXtNbRWQMOcJ5XlVErVQqlUqlUqlUKpVKpVJ53HgImasPooj5YJOgFQ/iPUUMLLnp3fucjFbE1yEN1GUt0JQE9GqoKf08sruzy43rN9je2WM6m9PPZly/cQNNidlsyqUrl7h06SO2d3f54vNfZG1tnWeffYama5eeXDNSSqSUBd2mCfQhO1lD8DgvpMhSLHaCFTHaDBQjKkhKOIG+j8yKuBpCdou2bUNKikgiqdL3fXauesfaZIJzDesbmzleAIc4j/eBtmsZT8ZMJuu0XUfbBMZtS9d4Gu8JIoAneEG8pw0BTREzxbscR9AEDxaYD1mnKw7hhdEZQTG85PV1pdmYKWg0kqYsQKst81FdFl7NBhFciszrMXHF81qO33DesHqWLpN6P8m5u3rumS0Py+r5c68c5lL9tOd7pfJ5xSznXlcqlUdP0zT7vlCsVCqfbeo1uFJ5PKjX30rl/vFIG1rdL4YPg1t+JogspbNP9aExKH9SMlgtl8g7B1qKznNVOzFGYkpENaIae7OeSx9f5OqVK+zu7ZBiz950l+l0FxO4evUaV69e4+jRozRdh3OOmBKqSio/xTm89/gQcCEQQkCcB4ng8haKWzZhwgxnOVk0JUcUxfURJ5YzUJMnhIa+T8QYASMm6PuelCLOC6PxiHY0ZhOP892iWZTznhACTdsSQoMTh/eShVSMFOdE8whCkJAzZb3H1NPP56TYM9cpaJO3LyYMRcSVpmIlD1YcKtmZq+TtsdLkycrzhRAtMiQ7LHJys14ri/hSW8n+XZhRV7NWV34MT+71jKkl+5XK403OnHakGPHhM3EprFSeSFKMOOfqjV2l8jmiXoMrlUdPvf5WKveXz/TVbBDR7tPcGCIGzBSK+JfL2Q2xlJthYUjT0o2NPkZG0ynN7i7qHNHAh5bxeMzGkXXW1yY89fRxTp06xbFjT9G2bRFWc0l8KjmjzrnF9jjncMEjweO8Q7zHFCCv09BDLFEyVxNAYsgolSJOqgbaNmYhOPaIQEqgKTeGcs4RvBR3biD4poi5gnhH8C2+8YiAaSJFYz5zuSmVKsEJToTxaMRoNKJtApgy29tlOp2imv+YckWgDo3He8FBbriFw2HEkiurqkQzSAmxBCRMcxyAOIeT3JTMDJINW+sw8SUuIW+9Lk4Jxy15jPTQWwm0q3EBVbytVD4dR48e5eOPPwaoN3eVyiMgxUjf9zz99NOPelUqlcpDpl6DK5VHR73+Vir3n8/olezBfvuSJUrblxyr5BKXADSjMa7tcE2L81mQ3NmbsjudsX39OtHgyGSdU7/5m3z1q19lNO6YTMa0bUNwHjFI0uO9p21bpDR0MgHxDt8EXPA4nwVWI5fAJ1MslX7zpjjLmaQpQvKCJk9ST0yeJiVCCIxGLfN5g4hDi7XTe0/bNKgm+pQQUxADydmvYoZpJPUp55nGREqR7evXUU2E0GAlI3VzY4ON9XXWJmM0Ja5fv8be3i79fI4LntGoZXNzk7W1Ndp2hITSVKzEFnhydqqS6GMkpVkRbotQLFJE7RwHkFJugpUzVV3O4HX5kV2qDrOD58d+l+qjlixXhdOauVqpPDg2NjYQES5fvsxsOi0u/kql8jBomgbnHM888wzr6+uPenUqlcpDpl6DK5VHQ73+VioPhs+ouHor7lP2qwDOgVkWM81yA6rcPYmE4cnOTd92bB57itFoQtuNaMcj/vt777Fz4zqhGbGxscnzz5/ETHNpTOoXUQAAoTg7RYT5fL547lwuzR8crJhiMRGtCL5qS5dqabaVEosGWWh2r86mc/b2Zoy7EU5yzICQs12TQUoz+n5OsoRGxZzPGaaq6OAm7ROx75nOply/dgONc8QFYpwjCBvr62wdOcLm5iZOhN3dbfb29uj7nqZpGK+NOHbsGJubm7TdiG68xnhjg2Y8pus6mrbFh+yQVe2JqUX7OZoSppESGIAByXLuaha6hRzW4DB8mcaxlFBXnz8ZVLdqpXL/WV9fZ319veZNVSoPmfo7V6lU6jW4Unn41N+3SuXB8JkRV0Vk8ShDihB1MEvz02EmJXtUMDWSGjI00hIhWf42SJNmd2dSkgiTzSMcf/YEO3t7JUPUMY+GSXageicY+6MAUtIcQYDhvFsuFxDnCG2gsZxXqqq5pF9LQbyBE0GtZMQq9EnzPio5pFM3p2mm7HZtKc1vAcP7QAigaZft7R2msxkxKpjDzOhTFlT7vmfeR+K8J6Ye0xyc0LUjYuqzizRF0AQp4p1je3ub3b09kkWapmE2HzHbm3L50mV80+Dbjm5tnbWNDTaObDJZX2dtY51m1BAkC8RDJmvOWc3HeXCj5lgAKdEAuZmVLQTWLLgiLgewHnJRKd7fm9pc3Rv3R9Q/6GatF8VK5f5Sf58qlYdL/Z2rVCoD9fOgUnl41N+3SuXB8JkRVw9Fikh2nz5DVDWLc0V+yxqdIBJw2V5Jr9B4n0WwGEk4fNuytrnF1rGnme5OidM9YlTm88ho1GahNimzWV8EVSWmSN/PiTGWnNe8/EFYCyFkp2tMRJcwzbmrlEZOQ4Mt1IbIWJwaLmWX7ayPtLM50+mMru0QF0qGbM6Vnc2nXL9+lRs3dtibznCS3Z5JtWS1Lh9iMJms0bYt62sTzJS+7wkhELzHieC9p+s6kiaS5eciwnQ2ZXe6h4kDH2gnN1jf22Mae45owpwwkQkEh1rEUgTTRWOrfBwWXl1UjaRCEpedq8XFajIEOeR9c/iFZRn4IHdx4hws4R+G5dd5XPWbViqVSqVSqVQqlUqlUql89niixNWliHV30+9raGX2qQXWVYEsOyc9IlbcoA5VQ1VzWb4I3nmk6QjiaKzDxLO2sU0zusx0Z4ftnV0uX7nKF77wLKEN9KnPGaEL4S/A4Eg1RUruaUJRsZy/GkJ2fCYllQgAEUF8LvEnpSwIm+FUUIUkWZR0vbI7nTOazunaXM4fQiCmyPb2NpcvX+bjjz/i448v0fcR7z3j0ZgQck5LGwJrkxHBe9qmZW2ywZHNTTY3NnDek1LEzGhCkzNVm4a+hGf3Kc/P+YA4IcbErJ8zjYnkHO1ohA8eHzyh9TRNwDkBTbnxllkRWFkKyma5qVWJA1AcJrJs5WWl4dfdnDs3HfHbTHuLE/JBlfDXaIBKpVKpVCqVSqVSqVQqlceHJ0pcPYz9cQAPhkHOklKWn0vTAUon+kHcM3DiSGTBFedxISd8+ibimoB4R1JjNo/s7E1RM1wIhCag2uQsUY2YCM4JbshZdYL3Du8lN7JSh0uuuE2H9TBwDhGPiSA+IKpoisSkOAERT+OzO1MVprOebjYjNC3e5+xV7z3dqGN9fZ29vSmzWc58XV9bY1TyUMejEaPRmLZp6NqWyXiNzY3cnCqsdP303jMajXJcgiqx5MqqGaFp8D6gZkznc/b6SI8hIdB2LePJhK7rcE4w1RILsDwmAgvXqppmIbU4d5cCqyvtx4qLtThYDy+tX4mTeMyowmqlUqlUKpVKpVKpVCqVyuPDEyWurgphw9NHlRmSNS7Z99yKmxWR3FSpOCaR3HDJZJjGkXAkIGoiJsuCZ9NiGol9ok+KasJMEck9tELwhODyIzlMPbiECWhp7USZv0luuiUuYBKJaiRVALwPZMXXA44+JuYx5fxYFxh1LT40NE3LZLLOsWPH2NnZJaXEZDxhbW2NyWTMaDSma1uCz47XpmkZjya0XYv3WaB1zuFdoG3zMDXDsNwDzBTxAR8aRHImbBRQ5xDvcM6BE3CGWipNrFLe60Pe6qKCXxbbnjDSIKziMRkerhyL/KbFmWMryagP5HTKQvzdCKMHp1l9fav3V7G1UqlUKpVKpVKpVCqVSuXR8cSIq4+LsLp0rsKqEpclw+wgzXEEuXM9JTIgT+4Q53EhIMFjTlDLXe4Rchl88sQ4NGkaJFMt8QNkJ+vw8EKxohZhsDRrKq9z3KoVYRWcgZV1EJ/FVUVICkmNlDtl0TYd3WhM0+afk8mE69evM5vNGHUd62vrrK2t0XUdTQh453AugHM0TYNhxBRRU5xzqDOM7GAV73IDr+Dz3nM+u3nF0bbQeIeEBinblTTRxzl9isvmXmW329DYyYZjIMU9PEQBuCJ2+4WoardQTwd99kHLlLc6Xwdx9JMIp7d7T6VSqVQqlUqlUqlUKpVK5eHxRIirN4tSwuqghyGyDkuwIs8ZUiyrK+mcIgi5IZSmVPpI5X8mBuIJTUs7GtGMRvi2A+eKfEpuiOWGZktWtjFni6qmsrwsJg6CoCuRCM65Eg2Q10nNMDX6PtHHnE3qXMk4DQ3OZzEUKaKkSsmMLUJoEUrbtqXrOkajDtVUHKluIfAO+bDe5wgExIh9ZDqdEVPK2a7iCcO8xmO60Yi2HSHe5X1VRGNEkOLyZYh6EIcNuxpbOlVLDIMxjKNEMwyO4eLeLeLq0r1aZmA3y6myMq/76WDNixxczgeWecjwSqVSqVQqlUqlUqlUKpXK488TIa4+Tgy+VWcGuFziXqROK8JqFvfSMhN0eK93NKOOydoa48k6zahDvM/iIbnJVKnsL42tBDEDS9jwQBGX3ZuuZK264SFCRLID1QxLiT6WrFUbBEfJAbDO4Xwuxw8+Z7PmnNLsYnWqBwS/LOwailouz7cUMcnb5b1HQkCcI6bEPM7Z3d2jn/eI8zRty2g0Zl2yMzW0smiMJT5nxOayfhbCppEbeAlZyFUt20URVstzMNR0kXtbNnARAzC4eZei6pDROyioWo7t8ng9LKmziqqVSqVSqVQqlUqlUqlUKk8uT6y4utqM6PDGRA9iwfk/QbL4R+lUX1TRIclTreRsiociv3ofmIwnbB7ZYrqzy3jc4EPAKNEARWgbmldZcbBmgTE/90JpauVIiUWzq+zyzPJgSgkQYoyk0mTL1Ogt4XuhjQ1tK7jQ0HhomiyOAsSYiDFmkbgIrIMz1nuPdzniIKVIjFnUVVUQxQeH97lplTiHJqVPEVFFvC/rUsRRX0RV73OUQhF2zcm+6AWz/Q3L9gmrZpiBoiSTkuNqaHGKinPgishajtfQjGxV+H5Y4RK3y1O9lYNVhgZlBxiGHza+UqlUKpVKpVKpVCqVSqXycHhCxdVHJyjtc6LCQlC9Vbl3qbpfiKbBe8aTMZtHNpnu7dA6cvZqERPT4IMtZfIqS2FRVp47EbwXvBO8OLwMgqQRNZE0gUGKVpyakFLKDaQwurYIoCJ4H7IIrMZs1mPsoqZ0XZebTMWeZLoQWBFBVen7vkiUilnKOartaCFqhhBourYIxI626+i6jm48oulaQhNwweMkID7PV7Q0uyrxB6pZQE22dNEO6zrkr5oVQVWz2JyPS44XYGhidSBrdRBYuWUC66PloMh68EuDw2IFKpVKpVKpVCqVSqVSqVQqD58nQlw96Ew1Wza1uot3cz/F2Nw0KT93RbhzQ3F6aUwF4FZyYU0ERQlOaLuWyWTM+voEYiyi6bCOxVtpg+i32sRLFvmqq4Lt6m5Qza7VFBWQLIoiKI5eDYsRAfqYSrZqyTsNAbwQLWGxh3keHrxfLMc3LT4lGu/xIQujPgRCCHgfsvBa1lOCJ3QtnSq+63BuyJod47sR0jQkyfGwapqr9nHL/SfLI5ZM0ZRIqot1MTO0uGqHzFXVRDJQSkOvoblXiUJQIJEbXYm4lf17MLzhwXOYg7UKpZVKpVKpVCqVSqVSqVQqTxYPVVxddR8OjZcGbtaVVkVRd2Dcal6mHBg+oCuD5MC4T4NftLBabEZZw5wYUErp3dBgaSjpz42qnHc0XUPXNbhGiKnPzatQ0IiYlvkJrqy1Yyj9pzSTKm5MS5hplgdFSpMpx5yEaQ4jcM6h4tAiMM5V2et72tmcZjTDhY65ZmHWCaSoKIphtG2Ldw7XBBwwKo2sQvC03hNcLut33iNeQJReI4biu4ZWhMZAfIOEBt+0WBOYG1kwxeE9NOoQb+AoXtiS7mpLARWGBlaGaW7QNTTgUjWSlqNQDrM4h4nP244jlZ+GFC11kFeX0Q6r54uZLOIYHgUHS/5XBdgaCVCpVCqVSqVSqVQqlUql8njwUMXV1ezMPGA5PHN7sehmZ58cMvwg96EFfG5hv+xkP8yxlLDLMM5skHWL6JnL1LN+p4tydjdki1oeZqpFNFyKwq5EDoiA2CCm5ff60sBKBJyAOMlNpbzHOSUVYTe7OQ1zDrxHHfRJ2ZvNCbt7JI3EFGgbR/Ae7x1qlsVc5yAEEKFpG5ScudqEQBM8XoQgQvABH3xJNE3gHYEGvMfwWVz1Dc4HJDQlZ9VjTpZNrMp+zcEIORpAS65q2a0ogiVDU9lfpiRVkuaM2ySWRXoniPMgDsOhxbFqIpg4xIbjYeSA1qXQ/zCaWd2p9L9SqVQqlUqlUqlUKpVKpfJk8FjEAmQn3q3GfHLR6cE2t5J9z8SMldZLsPKKUsavWBFMhxL23NXeBY/FVErciwBqhukg2OZ5DOKsYDlqwMBZEVSLIVeGZlMhEJpASlnITRpRTahZLoX3ARElqTGdzjCU2cwz7xvGXcOo62i8R70iltffSXaqhhBANAurbZPjAURwSG6wFRoIAecDuEDI6bEg+TXiwQ3ib17fRY6rK2X8g2+1iM2qS9F5cAGrGinlWABVK02yBvHUIeLz8lzI4mrJDcinRPEDC4uIgWUkwKqs+niInavu1Fs9r+7VSqVSqVQqlUqlUqlUKpVHy0MSV+UQ8XSVgyLRvQtcD05gzQ5VsIVj9SALjfCmgbnUPJebCz6E3Hiq5INqEWZtOTk2uCsBV5yqrqyBmBVxNwutXrKbNfhA9Fl4jAKq2d05pCOYQUwJTZFoib53mGgpr4fWe1IIiLGYn3e5OZdzjqYJdG1DGwKuZJdmsTQgTQu+iJvCQlBdNJYSD84tRVWGuIQhq7bsV1NME5bSQlQF8v4jxwYkg6RGVFDLAjMugG8R3+RlrZb770+h2HdMwZb5DsOwx8RNeqeGVpVKpVKpVCqVSqVSqVQqlUfHY+FchU/apOoRUMQ/jKXAutJ3fnBAGm6xHVqaX2Vhs3SsF0GcI4QWVHNeqfNFHMwuTjQLq1pK5JEsdDZNkx2dMeGKzLr8tyKyekdKiivORtUiIGp2fKIJMSOZYupxwWf3pxq99/QhgRreOdo2ELzkdXWO4IdYgKbkwGZRV5wH36AuRxTgHE4CBJ/dpEVYNVnm51pJV10q0lk6daaIJizFZQMqGSIEcql/MqVXiAlUBCcB7zrMdZhrcjMrG7JpSxMyWy55eVyM1ZHLJNb7HxBw0Gl6O+fpweiA282zUql8eh5s1UOlUjlI/Z2rVCoD9fOg8nmknveVymeLByyurjbkuZMLrwhgHBYR8AmX/IDyLIsHdVjK/hGHuG3zZhUJVHIeqG8axBQXQs4g9Q7Mg3mUiKbc0CmpLjJQG++xEEg+EpzHO493usxmLWvgnFsIn4t10NwISlPCYkJQTHKequ8VI6JKdr02RhChawN9H2mDw7QBy5Ju1k5zxuuwLMTn+NKyLJHiBrWsc+aGV4NoORyftG+vghZHriKWFqKnlXNDLTeuisnoFXoVkkneDhcQ14AEjIAu2oENSxhWbvgxiOPLhlnL3fXwGlndSUS9W5G1UqncG9vb21y+fBlVpe/7R706lcrnhhAC3nuOHTvG+vr6o16dSqXyCKjX4MrnmU96HTz/L/+NnZ2dxeunjj/FF557DoDZdMp759+jj/3ifvfUb55ircz3ow8/5KMPP1q8dzQe8Vu//dv3cWsqlcoDFVcPuvT2j2ThWDz4rc1K5OhtkAM/bz3N/XfE7s/nFPL8l1mrLJtbDeswxAmIA1wpr29RAe9dER1dFlnxqArJjKhKSokYI94MS9m1ikFwntZ7old673LpfhE+PTkrNS99uZ/UhgeghkkiGeCVpI6UEtaAFyUmI0Yl9j1zL7Rtg/eCaiKlRHIKolksLsK5DA7U8sOG8v4iZGYHKzljdVHgnyMOTAYTaX4PloMSsutUScmYxUTfJ+bzSFJD8ZjzSGgw6UgEDI8tfmbXq0NQXIlkWArkbhEHsF9kfRSZq4d9CXBQVK05q5XK/ePGjRt8/PHHNE1D23W0XfeoV6lS+VyRYuSjjz7CzNjY2HjUq1OpVB4i9RpcqXyy66CZ8fzJk2we2eSjDz9CNS3HAd57vnzqFE0T+Mdz/3jTe48eO8YXnvsCO9s7XPj1rx/E5lQqn2seWizAQZfqQva7SVOSA4+Dww9Oe8uZHFg2ubQcd9vpbs/gxMyP5drcugnScll5vMrKVovD+SY3pnK5672q4leiAYxctt/HSD+bYTGifSL1sTS+MrzzNI0RYsL7hHMJJ44SZ5qnG8JGhdxsCskNtMzQCEkT6hKxgTEN3pHL7aMyn0emszlOjK4JCIb3Ocs0JvAhlW/cAt6DD9m9mjVUQU3RWATUoZmVdwsxdsg5FXLsgFGyX03L+ZLHp6TMYmI6i0znkfm8B/E0bcA3Iwgt6jwqAZMhb7Vku4rLGQs4TLLo7ZAVMVOWkQ/DIMti+OOsYT6ZIus5fvrK67xz0/BTvPzn3+WF47d568W3+cvv/4Lfu9N097Rab/Ltnz3PX3z3BT7ZrM/x01d+xsnD1ulBrvMD5OLbP+B7b3GLY5KPH6++wTdOP6Dl/uJr93Ac7p0rV67QNA0+PDYJOZXK54rhd+/KlStVXH2gXOTtH3yf979+2Of3g/18f2Cce5Nvv37zXxUAnHrpPlxP7u9+ydfX8zePOPsqP3r5Eyzgnv9uebyo1+BK5e6ug//n+f8dALf3FE/JU8VEZXx47Tyvy8IAACAASURBVDy/nv/feaIUGMVncU5w3qOmnPv1/4GFGQAy3eDZjVOluhW2Z1cX8/2dU//rg93ISuVzwuNxNTu02dCBcQf1WVv5eTsGJ+XgNv0UVtZF76Wy8NVS8ptXexDuliXpQ9aniMN8zk1VhWSlkL24YFWtuFYTs9mMOJvRT+ekPuKluFx9g/ceHwI+ZIHVu4BID7hFOT1QGkiVRlIizOeGxkRUo5/1JAMngeCNPipTSTjpcWKQEm3bZp+peKIavldCaGhCwvmIDz0hBMxJ+UMp5wGoFWeyi4h5sJAFVucQN1iUswhsSctj9bgJ0Yx5TOzNeqaznj4lfAgE3+LaEfgWw6E4VDzO+axmrzhXBSk+WVaOydDMSg+RyA8e0Xvl/uas7pvzA4q/eHDcQkg99ybf/v4P4HYi5PEX+LM3XngYK3j/eBLXecF53vzx23zlCb9xux05j1qrU6ZSecT4EJjPZjV77pFymm+88cajXol7476IqIfxAPbLTUJqFr6//eYnFFifcOo1uFJZcqfr4KXrv+bYU0cxUjEi5Z4q5iJ0WTylV3Qv3/OrZsOShdly/HxUGliXcaZYM+XypSsPcUsrlc82j15ctVIWv1K+vywxX5lmIVQOw2Qhvt3euHqfM1eLMCeDUnootihD3/9+hxBwEjEclLJ51Zy/aglICmbFJJt/ajLm88h8OkMsu1ClSeAbmtAymXjAo2mPad+jqpgazuWGUmrkD1PLjbUGFyuqEBoSMIsRMcWiw5oI2tB4RwjGdJ4w8YiPqAhehZSMmHSR7xqCw7cBM8Wb4r0v7lnw4nGWt1dJmApZ53XgsnM3JcOS5WPqsiNWE6T5bOFa7RXEt7hmlBtoiV8Iq8iQuZrjB2T1+JghJtjgPnbLWIIHx5PmLH1EnH6Zv3jpB3xvIead46evvMvJl97nzbfO5xunb8FfFxfoib99hR+y/ybk4ts/4HsffH0xbL87ZL+ge+7NV/jl8y/x/ltvcZ5TvPy/ndy3OufefIUfLowwZ/nOGy9zT7c7NzlXDzh3z95iG26zzn/z/EucfOutxfvPrjhpbvfeuxl/E2fPcvadt/jrt7/Cnx0y4c1O0/0On+GYfIfXF/vz7Ktv8IcXVtblppvMD/hPP3iFd84vp9/nFjrgUjq4D/6ary320U3vPYCI0Pd9vbGrVB4D+r6vwuoj5aBD88Fdr/K18S0W737pz/dfZ27zOX8v3FyNkcXMN0/mbcrr+yq/94vXefP8we3Zv18O/v3w+//Lef5utLpv8rz//mt/fui182aO88J3X+X9V17np2eW27r/bxGWx2Bl/3zvlQ+Wf6Pc5/32oKnX4EplP7e7DqZoNG0gAR9++CFXrlxmb28PQs5tBTD1xL7nX//1vwPGfD7De4+U8UmEa1ev0vdzYh+BMs9Y71crlfvFIxZXV8v67+YX+95iAeQ+CqwmshDtDrsPEDmkpLxUwovk0nRWs1nVSrm/lm+UcvOpLIgqUROzvmdvbw+Nmlsu+YA0bRZKxWMGoesYK0T1JBV0OmMeI6nMQ5OWWAABaZAA5h0GRDXmaGkolTNPnXckBPMzuqT0Bl2CphWaxtFgBF9yWlHMCSKx7PUsLpsZqeyXxpcGWM5hloixRy2SkpFiIrtrA6ZCBPbmiRs7e+zNeqKB8y3deELTjnFNBz4AvmQRBJCADntWVtNv8zkmpWHaInTgNqfGPn3/Pl53Pu0N5JMZCXB7jn/la5x66wMuQRHq3uHND17lR28slLPFtKfPnIXX3+Xcy6eL6HmRX/3iPGe/viKs/uJr/MUb383zOvcm3/7+m5xYEUnfeesDvvPGG/n1xbf5+386wfHy3h++/xJ/8cYLi9ff+8Hb98EVc5G3f/A677/05/zoheMMN2B/+Xa+AbubdT7/1i/4vT9/gx8dL+v1+pv87hsvc/rcm3zvrZN8543vLm+wVt57N/O+mTN841X49us/5u2vfIpYg3de55evvsGPXh7W+RXeOVuO68W3+cvv/4y3/2Bl/uffyfvou8fL+Ff46XCDeO5Nvv06+47bX37/B7y9clO/uo8qlUqlci88wOsV5/jp99/i5Ktv8GcLEff7/PTE3X/Of1KOv/BdvvPBK/zwb8/xwsunufj2j3mTl/iLFbH4/Fuvc/LVN/jRsA63qabZ9/fDuTf5u9W/Ry7+ir8/f5Y/+u4nXdnT/O5Z+JsLF+H08SysrvwtkvfLIL6+zI9eZX8swAPYb5VK5fEhxRyb5za32Yu77AGMwbU9ix4mIWJbV7hmV/PrLaBZjneTPXr/IdcAGnCj0jy7iquVyn3j04SQ3mckOxbNrfzc3/H9sUEWMt1tJWFDl2XbZLOk2OCoLA2nRBBlkeVqpmSbqSFqOUpAS3RAMmYxsrM35er1G1y6cpWLFy/x8ceXuHL5Mjs7u6gqTdMw6kaMx2PatsX7gJSGTlGNqIbmENYsTorHREgG86hM54ndvZ7ru3Oubk+5cn2Xy1dvcPnKNleu7XD1xi7buzP2Zj19r7nxFqAIZpIjDdSKYGqlCVXPbDZnNsvflqWUG1P1fST2iuXMAVRh1kd2p1Ou39jm2vXrbO9MmfUJ51ua0YTx2ibd2gahHeN8Ay4gLiALkTkfGyhl82agWTAejoFbHiQUUJQhoXblMFceFsdPcJL3uXBxOejsmUOkv9NnOMs7/PJceV1uZn633Kj9p7fg5W+tiKGnX+Y7Z9/hb97eN/OlsHj8Bf7skFK84y98lx/dj3LDc3/Lm+fP8keLu5zjvPDdN4qz5W7X+euLm6TjX/kapw7sL1be+6PFTe5dzvtWnH6Z75zN8QB3mPJwTr3EH55eXedTvPwHiwH83qnzvH9p//R/stjIF/ijs/DOu+eAi7z9s3c4++rL+47bn7wEb/7tuZX3f42v1BvJSqVSuXce5vWqlN1nh+Vdfs4f5PxbfO+VV/j2gcdfrqzP6T94iVPvvM5P336bvz64/gBnX126PE//AS+fOs/f/+qQK9/q3w8H/h65+KtfcH51/CfgqedPcf6DfEE8/fIb+//2OH2Gs4e+8x73W6VSeWJIvXL14jbX9j7mev/h4nFt5zJXL2/nx9XrXJ9/tH/8tWuL8de2r+wfN/2Iqxe3Sf2DruSsVD4/PPpYgAFjxSp4sJHVY4KtOGyHdbXhv+V6mu1/nU2UQ0d63Z9uMDSdsiymSspCIKqlh1YepwmSKjEa075nOp0x6xN9MtRAnKPtxnTjNULbkczhQoMPLT5BUkGSYqKopaw3uqwsis9WzkUOS0pEM2bzyKyPdM2cvdmctmuYTOdMJmPWe2UjAXhMsghuYjjLW5g0Z7WqKjFFkio+BMYIJoIzo+8jSVNxcmbnbkzKrI/szSK7s8gsGpGAbye043W60YTQjRHfZPdtEWWRHH9guIXNVLG8/4pIneMGsqs1H6F8PBbNrFaU1cforKvcRHZ4/PDdc3zj9OlyM/P14ta4wPuc553vv8KbB9516qU7z/n4C1/n7Fuv871X3uKuyufvkosX3odTX+OpW4/8VOucbwS/zw9fyeWA+8svP928T7/8Kmdfeb3EA9zFutyRk5y43f48eWLfDe9Tz5+CX1zgIvD+eXjn9Vduboh2+B1npVKpVD4hD/R6xWn+8KVTuYoBDsQNXLq3z/m7yVw9/gJ/8tIv+N5bb3HqpT+/6bp+6vnVrT3OiZMshM47bc+q4/TSB+cP/2L4HjjYAOvWu+Ee91ulUnliWA9P0/Qj6O/vfD2wHib3d6aVyueYx0dcfewZ2lgNraruxeN4s891KL8HiqhqkBRJWWw1NTQqMUZiTPQpMY+JWYy5wdM8Mpv3qIJvdulGezSjMd634DwxGeAQ57O7M1tnUcqyxPKwstyUshPVJcWhzHqhCZ7pvKdpPePpnLVZz6xPzHulj8ZkHulGDW3jSCa0OLwJLmWxNsYsrgYF5yOKw3ujT4mkuohtSKrM+57d6Zy9eWTWG+YC7WTCaG2TbrSOCy3JBIuKSXbjrnY8G3JqRYpr2CiuYJb9q8SWh0IOOy53jg2o3EcuXuB9TvK7dylkLqMBnuLCSiRA5tOIosVFM2Syff8V3vw0uat3zadZ5+wqeoGS0fb6K7wzzO9Tz/s033j1bIkH+Pq9zOC+8rhnyFUqlcpnn0/3xePxF77Lj/IFi2+//jrffmfIXc3jH/TnfBZN71+Jw+kzZzn/s19x8YUT/PKds/zuy/c2n0sfnF+IvEtR9WyJ/CnZr7ehXh8rlc8uz0x+ixMnvoC4ZWXmaszc6uuDzY5v1yzS1Lhw4dcPctUrlc8VVVy9B6zIgVaeHRYNkAW6/a7IVSlQVqZzgGM1FkAXYmtKymzWM53Ns5ja58d03rM7zS7WeZ/ATXFhDx8afOjwoaPrRuB8dpIiOO9xZphmV6nBIttVkpY4AkqtvOVS+piYziPeQ7fXszOds7s3Z3tnyo0bu0zGHaNxy2QyYm19Qjca0YSA8z67blUREXyCaDOaRgneo0BKCTVFk5I0Me8j0z4SDfAt7Wid9Y0turUNxHdEE+azHjPF+QYRtzQU6yJJtVxYdN+eFrKYva/P1aoBed+UlYfJxV/9gvOHOWVuxekznOV1fvn287x//ix/NNxQHD/BSUqp+ae6dxoEy3xD88tzL3P6U9y0HM82GG65WvdtnUsp4culocavLvLCC/dh3qdf5jtnX+GHP/4Zp4CTd3zDp+D9C1zk9GJVL31wHk5+neM8xclT8PfFHVSpVCqVB8PDul4NETY5w/VXXHzhKw/uc/5iiQN49SX+/vX9jaPgoOB6kWzefQq4C/fq6TOcPf8zfvX2Sd45e4Zv3NMKnuOX78DJV3PG7a9+cf4TiKX1+vjZ5z1+/tpP4Juv8eKX72V85YnHYG19jbZt8/17EUyHPhyrr1VLxqpzN41bfe2cYz6f1/7Llcp95DHKXL0VtxO57lYAu79C2VBdbvtk0sOXvJrMKja0sCrDJH+r5ERwGDIIhGmZu2rJ0KT0fWQ665nP57mx1Sw/ZvP8mM97prMZOzu7XL16jUuXr3D58hWuX99mZ3eXvemMPibUDHGCcx7nffkQLnEAZmX73P/P3rvE2HGdeZ6/75wTEfedmWSSotxUQxy4RtNl97QWbPTYY5CbAqoW2lSjVqIXtVCJW0PeuKyNNi5rY8FbubXwwtRqMN5o0QY8gyExsDBTBEYNuAogyl2UJdmiLD7ydV8R5zGLc+Lem8kkRVKUSEnnZ19l3oi48bx5D+N//9//I4jCo3EorBemjWc8t+xOanZ2p9zc2uHj6zf58NpH/OEPH/LBHz7kw2t/4o/XPubDax/zx4+u89GfbvDxzS1ubu+ytTtme3fM1vYet7Z2ubW9x/bOmK2tXa7f2ObjG1t8fHObnb0JjfcoU9LtD+kP16i6PbQp8CisD7gQoxBaQ+ribK+4U1fzU0VCEq+X/uPV67n/Mgrcw7XNPESuXIidfA9moN2VWIp36c03uXrq5IooG0sOL712gWXS2BV+cf48v7iH6LHrF1/lxVdXMkavXOYSbZ7rp+CZv+Tcqf2ZdFcunOfFC1c+9T5z5QIvnl957fV/4jdXT/Htb2x++nW3u3/uJc5cvcrVlWnxBvxt2li66xd/eXtJ4v1y9U3+a7tfVy7wk0ttRusmZ//6DFfffIPlKbzOxVf35+plMplM5lPyWY5Xty0bhcRT3/oGm5/Z5/x1Lr7xJjz/AmefOcvf3bb/wKVfLrd5W+bsJ/EM//HMVS68eekBIwFiA7FLq7mvwPuLkNo0/46vz+NjJvNlJxCoqoqqqiiKEq01RVFQliXGGLTWlGVJVVWL51VVpd4ry2WLolg8b9cXsrqayTw0HkPn6kFxSw5MP7gsh0w/bJ0P64NDkbovEXNGU3bngdWH1LP+tr0OxFJ8YmyrCCgRBEFS7ireE6yLDx/w3mFtElbrKKpOZjEHta4tjY3l9UEULrgkojq0dlgX0IVBlEZrjSRBtd2pKO4qUB5C2l8RQCOSvt1KjlqPwwK1A+YW21hmkylaC0Vh2N7bWzbRMpqiMBSFQRuNMYbCFJjCoI3BGIOIwlpL4ywhuWq7vQ6DTo9ub0h/uI6qegTR1NbT+AYXBNEalTJWhWXzqniZk+qaDlEWP8NKpO8Bt/FqRG7Y9yPz0LmaSu1XObPsdH8fPHP6DFy6lG7Kliw6A59f3orcqwNk8+wLnHv75ZS5Cm35451fetjxrJbkL9bM2R+8xPvnX+bFxaqf5x9+8Myn3ueFs/TAa5d9oT7Fupcb4bsvneHSayu3d+120/Gfev4lzp16jffvZ7UHOfM8T/3yPC9evf04eOYc//D8q/xw5XzHUtLs1MlkMpl74bBcztvHg89wvFpEzazsx5mX+Fn7Of4gn/NX31wZs1eJY/GJX73Mhatn+P4PNtP+x3H+JxdOL/NezzzF+y+f58WV193PEBn/PcK9fRF7KUYh7NvT53+0PAdscvaF5/nNy8vzf+alH3Huly9zIWXNR7fsa/zw/Nvx3xtfxvHx3beIZsznaM2YW5ff4KfvPMv3/gb+t5++w7Pfe4HT6weX/w7X3/gp7zz7PV5YzkzOzu9x4td3mncH1+fWZd746TX+4m/h5z+/HKed/lte+c513vjpW3wQJyz3836XvwNbl9/gp299kF5/mtP3OT/zJSPF3oXU/No6B7BwqjrnUEohIljrCCFQFCmez7mFc9U5h0vP2/Xlm95M5uEhIRyUBR8OV69e5e3/55/2byz9Ya8+gMWHQVoKpQSR1lSbMk4F9ueFSBLLZGX9h+2J3Db9Trkj90IUG5NY1+5fiEJqIDo+FwbKoNL2okApIXWsF0+hQIJFbM3aoEu/MJTisNMxs71dpuNdppMJ4/GYWzvb/OnGLT6+scXWzpidvQl7k0kUV63DNjY1tdL4ALX1cduiCSIgCq012hiUMWhtUAqUxAxWpSCkcnkJgqCSPXdZZi+pzF4LaAkY8ajgkeDi8SlQWlGVJVorREIUVEuDSeKq1nqxHyZ9e4YoRCk6VZduv09/OGC4vsZwtE53MCJIwTRlu3pRiDJoU6KUBohuW588wgIhCMEHRFwUromO4dgcLL5dQnp4iA2+FtqspONn2eOqjQ045M/kXv50Qiv03odHfHW9d/t9MSiyfE//h2/8D5w6dereN3YPXL16lSdPnHio68xkHgf+5V/+hf5g8Kh3I5P5yjPe2+PP/uzPHvVuZL6CXLlwnp+w2ljrgVbCi5dPf7p1fAW5+xh8UPTc4vIbP+XaX7zCc0/H31dF0nffeoVfn4jPFyLsC6dZjzN55dcn+N4Lp+Eu89YP242ty1EUPf23vPLc08vnC4H0wL7c7/KHbvINfvrWiYUA++5br/Dzy3A6nYtPmp/5YnK3cfC/vfMOf/6Nb1CWJU3T0DQNOt1bO2txzlEUxaLUP4TodHXeY5sGYwxKqRjH5/3C6VrP5/zzP/8z/+HZZz/no81kvnjcvHXrE5d5DGMBlt/KLIS9Q7TQ5bSVWvA7rO9h4n0bCLDflRrL6mO2aCyt16m8PgrFqfAfUsaJiFAVBqPinFKrmLEaHASHdxbnUxOrOj6cBWsDzaKZlMe6gA3QOJhbH7NKjSEoRRM8tWubX9WMpzP2xlPGkymT6ZxZ3dA0Dms9wQtKDEqVoNPDdKDoQtFFd4aYzgDT6aOqXpreAVOBLgli8EEzbxyTyZzt7TE3b2xx8/ottm5ucevGTW5cv8GNmze4efMmN2/c4sbNW+xNpnhRlL0e/dEaw/VN+qNNTGeIp8A6wfqAR1JTLg1K4UVwCF7i717aEv+A0qCVQrcivhLQQjBCSLoxAkpAUOigUEEthVVYiLCLp59CkL9fPs9tZTKZTCaTyWQenCuXHzQSIHNnnuabp+Hyb9+NT7d+xzsfnOabTwOs8/VnT/LBO79jC4B3+e3lkzz79ShWrn/9WU5+8A6/izN597eXOfns11n/hHl35iTPfSeplutf59mTcPK57yTnadqXa1ufYvlVtvjdOx+sLA9PP/e3K87UT5qf+VISIHhP8D6KqdZh64amrrFNg3OOpolVrjaJrU3TxHnWLQRZ29jF/Nj3JNyTWSiTydwbj2EswOONThbE4DyBKOSJUgjR+enaD6gQUhOpiIiPzklUEmVtWizsc+6GEFJeqMc7h3UO2ziaxuJ9IHiiQxZFCIJ3AWs9jYvNqUQZEHABrPMoFd2rPhAnOotz8Rsr5wK1CN2qE4XG2PEpddiKwqQi5bJK3POgAkYFCinQEhA8gkcT0Dq19/KBxs4IziEq2kW9D0hwBAmgFDoETFUyHK6xefwYR45uMhitU3a7KFMSRNPYgCWgVHTcogwewQWiW1hawfrgtwR+XwOx5UW4XWpXcekHSlhtSyra31fZN13yoJXJZDKZTCbzpeL6RX788ptcPfMSP8va6kPn6W+ehl9fZ4unWd+6xgenv7kQFNe//iwn37rGFrC+dZ1rJ5/lO+uLmTx78i2uxZlcv3aSZ9uZd5t3H5zYvL/X3PvyW1z7AE78xery65w4CdfuaX7my0hIDaLbHik+RF0hBElVnJ6g1GJZ2mmLZWVhXgvtvLS+LK5mMg+Px0ZcbTvXHZwGj5eTT0nMbw20eakKFIu8E+8DIgplNGUZc0UVAe+aKDam49Ta4GiY1Q2egE0fknXjmM8brItuTecdtbPUztE4i/UeG+IHa2zstCwP96EVMGPLrBilEIVb1y5HdN96YoaqSmKoEokZpirmsiodc1GV1otjBlZsnyAqoFlosRgTc1o1QlnF0gNra0JwCMQc1qqk0+sxGAwZbqyzefQJjj9xnOHaOkXZAV3gRWFdiDmyEHNitU619YJ3Ppb/p1DVhVsYIPh9QukXYbg4+D7Pg1wmk8lkMpnMZ88z517nZw/64s2z/P3rZz95ucyD8fQ3Of3Br/nd1mk2f3uZ0998bjkviaS/ffc51q+/A8/+zYr7NLpD3/rtuzy3fp13eJa/Wf/keftyTEll9vevu94XbUl/5CTPfe8vPtsNZr6QBJb3+pCiFpVCKRXdrOl+uDVsBUBpDSt5q0qpqLekvNZ435zvOTOZh8ljI65+UVj0PkofUlqr5DRVuBCjAbQ2i0ZR0dUawGvAgwJlDGWlcbWnsS4JiQEl0flaO0eTSuFbB6pzLv4MHp+ER+9DdLOGNqhAQXqIqIUbNQrB+2rc47GEQBChtg0qeThFuSio6rR+HTNxlQQUPi6l48Np0HjAowg4F0vxS2PQRtBaE6VWTVFoyrKg0+sxXBuxvnGU9aNHWF87ytr6OqYsY/m/tQRlCCIoowlI/FbO+9SdKjayCilvdyFIpv8Gwu1G0Yekza86VVen3WnZ9hzfjTtlqmYymUwmk8lkMl9dnuabpz/g17+7zInLp1nVVpci6WVOXINn/2a/Chqdrb/lcpy5r+z/TvPWT7/AK7d1jnr4R7XK08+9wiv7jmuLyyfhnetb8PT6Ytq1heYbXap3np/5MhKdq9Fx6l2sbm1xPj736T7VpXnO2uh0db5dSdIP/KIRlvee4PP9ZybzsHikmaurDXm+KHgCLjlXYy5n260+iq3GGExR4LxnOpsymUyYz2uC91Hw1JqiKOl0ehRllURZcEFAa5QpY1k8CusDtfM0PgmwIWB9Elh9wDkfY1pThyZBFsJpRAheiI0AY1el1snaCoXO+0VJgQ9JxLUxhmA+q5lOp0wmYyaTCeP2MR4vH5MJk8k0LTdlbzJmZ2+X7d1ddnZ2GI/HNDaGbvcHAzY3N3niiRM8+eSTHDt2jPWNdbq9LoUpEKXiMTobm2u138ghK6UQfvHtm2rLH2jfS+misOJkvQOxPVd8fFoOa9TWiqvx5+EC7P0Ir5lMJpPJZDKZzFeJp795mg/eeovLK5EALetff5aTl9/iLZ7l6wcdputf59mTl3nrLRZZrPc075Gzzum/OM0Hb/3fpLRZ3n3r51y+5/mZLyUBfIj3ws47nG/v2VN+qvcxSnAlT9Vai3UuLp+iBt3ikQTZVCWayWQeDtm5+gC0WSY+CCy+OAoYY9CmAGVo5jV1bRFRaGViaTtRHHQhoIsS7Tvo5NisnYud7XWBLkq8CLPGUlsbG1fZ5HL1HufbOIClgKeUjiJqkIXNP6S2920jrVXhtRXuYhyDWjhyRSS+Nomt3rvkBg2pJVfAiqdJ2ataBbSAkoARhaiAUYqiUBRG0+12WV8fsbl5lI0jR1jf2GAwHDIYjii7HYqigCRQK6VRwS/FUh+SIAy0Ww9LN+5hAmpsHubbo37oPEjpvqT4giyWZjKZTCaTyWQy98jT3+Q0l0mdrPaTmkVxaEOq6GzlMOH1rvMeA55+ju899wY/feUVAE4+9xyneeve52e+dLQ5qT5pEG05f7zVP/Ac2rLVffP2rY9ltGCOBshkHh5ZXL1PouOT+OHmVj6MAikmwOBCzGLVxkSHpdYxI9VavK0RPKCoyi7d3hBnayZujlMg3hFE47wwrx1NE2isp3YOaz3OhlgO4NvMFRUbTRFzUWNJfEj/lzs6J1eFvrY8IBBFUpKIGvD7PnQ9MTM2YPHWYcWjBYwCkUBoLGWl6Xe7dHt9NtbW2Nw8wvHjmxw/fozR2hpVtxOzXE1Jm1sQgscn8VdrnRy17T4mgbU9RpGUO9MKq9JemNWLFEO+Ody9+jCGkIedA/w45gtnMplMJpPJZDKPltOHaquRk3d1n548VHj95HkL1k/zwr6sgHVOv/DKgUVe4JUHXf6Omz0QUXD69H3Nz3y5WBqP/KKHyqoounjemqQWMw4suyKothmuWVrNZB4eWVx9YJbOT0hiq/eId/gQhdVKGQLgnGc+nzKfzcDZKBOKoqpiY6e97ZtMpzV1sJQKvPU4B96B8+A9OB9iNEArrC5yCeLPVvRdpsLGCABSZmkbhN2yv9P9Mh1i+WHsR4Z8PwAAIABJREFU04/YWTAmuqZC+uBw3hLwiI6Jq0YLZadk0O9y9MgRnjhxjBPHj3H8+CZHj26wvr5OWVUEiefKe/ACSknKpZWFa5aQ9q8VGpOLNiQXazz8cCACgcUA4lM27GEy5cMeQO4kij6oS/Wwxm6ZTCaTyWQymcxXjnd/y+XT3+S5w+Zt/e5As6p9M/ndO7dnsX7yvEzmMSSEZUSeP5C5msr7HW02axRgnbXxntstmz07F6tovUgUatOymUzm4ZDF1QdEhEXupw8Bjyc4h28sogqUMWgRmqZhMp2ydesm08mUqjD0uh0QoSwqBsMRs/EecztmPp9jFeAt1oNH8EEIKIIXvGsbWAFBCH6hRS7yaxdGU7X85moxf98BLH9Vrbk1LkjAR+drEkHxLmafSkCCIwSHBI+ogNaaMh3T5pENjh7Z4IknjvPEE8c4fuwIRzbW6fW6qfwfGmfx1i8yVbU2KK1xC4Pscj/bDNmQAryD0vdU6u9DSKmr+/XXRz14HNYQK5PJZDKZTCaTyayyxeU3fspbH5zmb1+53bb67luv8PPLJ3nuey/c7j599y1e+fllTj73PV44OPNu8zKZx5Tlff5SZE0zFs/b+8xWXF0VY2HltSHgU0OraKLK96aZzMPicxVXD7ryPsmhd6dl7/S6z8f1Fz+AYgSAjh9kiw+0WGJPcPjkHp3MZmxtb/PHDz9kOplw4vhxyrKCoAgoBv01xt1d5uMJs709alujCNSNx3rB+SiwLnuPxcZVbcX8UlzdH6uyFFOFlBWwzGNJDtFFfqh3SWxVaf0rlQYhIHiMkhhnIG3+qlAVhn6vw6DfZ3005GtPPsHJr32NJ04cYzQaMhr2GQ56GKPx3tPYBudsijSI588YjSiFd9FzKgJaKVwQfPC0rlwk6b8hxH047Dq3TaRQENzt8z8D7vR+u5ds1v3u4dvXk8XYTCaTyWQymcxXj1hOf6di96efe4VXDrWzAk8/xyt3mnm3eZnMY8qqkWqJ3Hb/ePh9aVg0tI5Vr2GxPh8eRmvnTCbT8rmKq59G+HycyqVjAylZdKtfoBQimgDUdY11sDeecPPmLT788BrOOb725NdYXz9CUVbpg03odLp0On0mZo+6aaLbdV4zm9fUjY3uUaVjwyeJoqz30cUav4uKfs8AKbs0NadCUlj1gQPYNyGeVwkkETYKnwpi2b+0JlePSEClbNmqUPR7HTbW19hYX+PY0SM8/W+f4sSTT7CxsU5ZGgqjCN7RNG6RE4NPImo6f1opEIUWj1OCCtGxq9JuhiSkGtEEAtY5RAOiuC0lJj2VxX9ujwEIy1mZTCaTyWQymUwmk8k8vqzcu7cGL6X0QouQ1LdEKbUQYVsTGJB+TyYqEVQSWxeRfJlM5qHwhYwFuJvQeti8hy3Mxg+lJDmuWPELXSC6oLGOejpjPJ2ztbXNrVtbbG/vUBSGqqoYjNbQRYV3lgZPpztguFYzm45p6jn1dMZsbpnVjum8ZjqbM28aamex3hGCT9miKX80fRHlYUVNlBRq7ZNQGfaJigv3KulFwiL3VCSgJIqeUVyN32ppEYxSVEVJv9/hyPqIE08c49ixoxxdX2dtbUSnU1FqQ6H1YruEEMVULeggeCcpd9VhbQOiFt0P4w9BRKN1dLBKACWyr39Y66gNqP0RB+l4WsF59bovImkzmcxXnhBCjCvJZDKPnKIoHqsv0TOZzGdLHoMzmf3cbRwMsBBDjTForYGl4atFRBZ/V3F5dciymiiysmhonclkHg5fSHH1ccAHj7cxu8QFj9KGoixQRUUznlBbx2Q6ZW8yZm4bTFHS7XQwusT7gHWeYC3eWqrSUHQHdPojZtM50+kMF2Izq3njmdSWeW1jQ6sQcMEvM1MAeLAPxoWwuggQECRIXJu0TawUKkULGAVVoel1S9ZHAzaPbvDE8WM8cfwY62sjut0OnapE1NKdShJRQ1JGY2yCb8MNCCuNs7xb5skikr59i429QnCEAFrpRQzCIirgtiMLh07NZDKZFkmfMc5atMlDYSbzqHDWopTKwmom8xUij8GZzJJ7GQf/5V9+9znuUSaTeRAeq9HsbvmTD2PdD3O93gcIHud90gKXuSeN9TR1Td00eB/Q2mCKggBMphO2d3epqgolilndxP1DUXR7dAYDytkUNR4T9BQboHGexgdsABfAemiCx7NUGOWAwNo6QVtWbf/SZrBKdHq233ipeKJoA12DQFCSlhN0UBgNnU7JaNBjfTRkfTRgOOgx6Hfp9XoUxmCUoFRcn3MOa2t8SJ0LvQel0YXBaEGn89I0DsGhRUFyqbZOWqVixmxwDknfvqWrCnju96ruT6vJZDJfVTY2Nvj4448B8s1dJvMIcNbSNA3Hjh171LuSyWQ+Z/IYnMnc2zj4n/6X//Q57lEmk3lQHmlDq3tZHu5fbP1cG1vpKAYiQtNYvPUpb9VCEApTUhQlIcB4MuP6jZvcuHGTo0c3KauKMJ1Re4d4jxhD2evRG4yYTmdMZ3OkKHAItbPMbcPMNljvQSQKn4tC+P3H3+qq+/JUZLnkMks1ICEKroKKzaKI85QStFYYJWilKI2m3+swGvQYDQeMhn36vQ6dskQrhXcOTIwTCCHgXMC6Bu9t3J5ShJCaNHmPdx6lGryofc22JMRSBaWE4AEliFJYt0yYjbsuaX9XyiH2XZ1D+MQFMpnMV4XhcIiIcPPmTeazGdbaR71LmcxXhqIoUEpx/PhxBoPBo96dTCbzOZPH4MxXnTwOZjJfLj5TcfVgp/PDup9/EcvAFqKvUmgdLfw+QNPUzK1nOp1iGxv1TBG0Miitmddjrn30Ee+9/z5P/dt/S3/QQ4zGE0vlg9KooqTq9xg0I2o7Z2d3yM7OLnoyJjClcdEtGxtXqTaEJXX+C4TWwbriTm0zVaP9c6VBVXpp61RtBVcR0CksuzAGoxVVaehUJaNhj43RiNFwQL/XpVOWFEZhlEIrwSidnKZuEajdni+lwBQ6lfmDdw4rliAqNu0KAWsbbBBM1aUsCma1xTuHKIUoQZSOObNJLJZw5/dPO+uL9w7LZDKfF4PBgMFgkPMeM5nPmfw3l8lk8hic+SqT3/eZzJcL9cmLPD6sCnUHRdq7vg5YzSX9NImc8QMwypgIKKXRukBE4ZxnPq+ZTKc01uFctPkDlEWFiOLGrS3e++AP7OyNsT4QREVxEbCp9B+jKbodOoMB/bU1hkeOMFjfoNMboEx0stqUtxoktpvyqe2US3EB7f4FSXsb2qP2i4eQmk1Je3bS9OCR4BYPhadblfS6HQa9Ht1uhyq5VSEQfHydVtH5GlImbCA2olpmp7o0iBAdsYXGGJ1iCQI+eGazKdPZFCVCWZYgUNcN1jlEFMaYxSDUDkWy8th3rW67yA978AoHHplM5otK/sdtJvP5kv/mMplMS/48yHwVye/7TObLxSMPuGkF0zt9uIS26ZEQy9Y5KKy29e1RXltWfasD80MU/tK0sLLEYk2LWNKwbxorkwKBILHsvpUpAzEHddZYJrM5k+mcxnrquqFpLM4Hqk6PXn/OrVu3+OO1j/jvV6+iC83xY5vUsxlz6/Ah4IAmgBWFKks6wyHDpmZqLdN5TVHPmNYW5xwoCAjeR2Ey5sAGRKl4bO3OiyyE1IUwHAJhZX48NhczWCW+XuHQKEqt6ZYFg26HfhJWBXDWMZ/PKYuCojBoo9E+tqryPoq3q1fFB2L8gWiUFrRRseTfB4J4rKuZzMbMHfTX1ql6Hex4zNxZtDWYopPEZEke3faqr8YgpEsVlt2uFm7e9v3AfjG2PfrlMmHx2tsJKxptu4Ckd4K6bdFDFN5MJpPJZDKZTCaTyWQymcyXhEcurrYcJrC2bstwIFdzOb/VBVe8i4t1qOVPgbCQQdNr05TFq0UWbs92CVh+o7R0f65sH4nuU+eY1Q2T6ZzxdMa8rmkaj7Uu7aOi7HToDYbsTaZs7+7x/73z34DA1772b5hOJszrBhFwIljABvBKocqCotOl7HYx3S5lt4eazFEBnPM457HBxcZaIaAQ1MLZKaiVbNX2nMX/eAKSxEhFK0GKgNFQpqzVqtD0OiW9Koqr3U5FoTUCWNswm80xWqN1dK0qJRTaxFJ+QC1Eypj9Kq3YLRKbXHmbRGpL4xvmtmbWeBpvMVUZ3biiIAhaaRofYrOu9trJqsAaEFFtm68kuEaJ10u7D0nvTPu1KtD61u3bvingsHfdSnbtqhd69We73XBnjTaTyWQymUwmk8lkMplMJvOF57ERVz89cujPaB6UZf7mitjXehWVrLpWV/2vd4oikBggCjjvqRvPZDJjMpkynUyZ1zXOhujUVAqjNcoYnPd0ez12dnf453/+Z/r9Hv/+3//P1PUU5zymEFwIWB8drC4IHgVKg9KYsqKsulTdGS5AqBtccCB+JWs1ek6XCawH/blLUTAEH8VfrWL5vii0ImasFppOYeh2uvT7PYaDHr1uh05RYoxBiRB8wNY1UwWiAiIhNrbSBgS0pPMkSaROzbWCSIx/DVH0DhLPrfMO5xzOp2shgjIGpQ1KaVwIeJfcuYv/pWMKPmmeUSp2+94LgX3vC1np77Vv/v3IoIctu+pkzWQymUwmk8lkMplMJpPJfNn5EomrLa3AFX2pSwluWQ6v5KAQm56tZnkGieLjAcdqCLGLvShNCIJvLPPZnMlkwngyYTqbYa0nePCi0KLQxmBEcM7T7XYpipKb1z/m/fff55133mFz8yibG+sYZbDU2MbS1E0Udoll8C7EfNeyrKiqDs55fIg5raJUyjWNvyOC9xCcA5UcuCEg+xpapbMjy5J5JRKbUmlNWRR0ux1GgyHDwYDRaES326EsK5SOjby0BLxrqOcOwWNUdM2GskQpBUYjopODthV/2+shUShVUYCNmawxq1VEI0kkVsqglEEbgw/gvUfRGpTD4qIsTc8H/KKyInjKAaH5QOTDPczIZDKZTCaTyWQymUwmk8lkFnxxxNVV8+FdFzhYoq05vOnQYSmch6+2LWUXEdxC/NNY76lry3g8ZW9vwmQ6xzaOoqgIQUD0QvgUEaqqpN8fsDZaY+vmTT788CP+z//j/+J//c636HUq6logODqdLoTAXtPgnKdpLNPplKZpCAGKoqAsK5yP7tjo5GTRQCqEgHMx69V5h07+VS0huXQVCkFLm6sgRC1UMEZRFiXdTpdBr8f6cMjaaMRwNMJUhkIZUNGQqlK4QvAO18xp5gVzo1AEjNGIFCgVG1qRtrt6qkNyoMbzo/AhRhQoFc9bCBLjALSmKErmTWyIFQXa1cu4/5rHPN02QbbdYNuw67ak3Tu/pTKZTCaTyWQymUwmk8lkMpm78AUQVyU1JzpMBGvbU608v225thlWuKuM1hocJYmT8QGtGKckCqToKOJa65nO5uzu7rG9vcXeeMq88Yu9EZEoEEJyY0bRsNvtsr6+zt6RTd57713ee/f3bB47Qr/bYWN9jarQGCMobRDRgMJZz2Q8YzKrqa0jiEaZAm08xoXYyGrFlemcw2NTgytHAIwISi1L82P4aHxNoRWF0ZRG6KSM1X6vx2g4ZDQaMhoN6Pe76EIlmTZEcVWB944QHKKj0xdncc6iVCAElR4r8QRBrVyx6ADWukBrT/DxWouKcrB3YZFZq7WBxhFCym5tBdYkLCNtpq5a5juwvB6LsNWDzdAymUwmk8lkMplMJpPJZDKZB+QLIK5+Glq3oixK+1ebZu3LUCUshFWfmkO1y4sse8uLKOrGMZ7M2N7eZWtnm52dXWbzhiAarTUudcoKomOTKaUpigKt43ylNNZaut0+wQf+9b+/SzOv+fN/9z9y4vgxut0qlecXaGMQUcznc+bzeXKvLvdNJWes1npxXN57lCiUjtEFatG5SRYNm1SbgYqgtKYwBZ3K0OsUDHtdNkZD1kcDRsMorHY6JVrrFFXg0TpGCAiaEDyiFLrQMY9VrZ635aXwqXxfiQZReBSiDEoVBKJL17sQjxmDcwFrLbbx+CpgbYwNQJn2Aqbru9qszC9bSS2iA1YbngUWAbyZTCaTyWQymUwmk8lkMpnMp+BLJK6GfT8i0TEqqXQeDngVF5GdbRBpymZNBkdpGzERGzB5H18ymczZ2d5la2ubnb09ptMZjfUE8SjxBLE453Ehvr4siyiCihCcwzUNTWMXAuR7773PdLxHv9eh0Ib19SHdTnyNSYJsCCwiAkTi77HsP+6XD8mZiiAqoEygWHTv8khILbxSjmw0u8btK60py5Jut8Ow32N91GdjbcjacMBo2KPf7VCUZXKqeoL3KA1aSerrFeK6jKYodMxj1XHear6tkDJYVXKviiDESIAQFNYGRAydTo+irHAB6toymcxRusBam8RkSY3JYtRDICTncVgRVFefC8s4gBQNsEiQyLmqmUwmk8lkMplMJpPJZDKZB+NLJK5GFt3jbxPYlpOiLre/RDyEZV5rGwnQNlUCIXhw3jNvLOPxjN29MePxhPm8xrpW5HR4b5k3DXUdS/iVUvR6PUKAsiiYT2eMx+PFdgCapubatY/4x//3MrPJmD//d/8TT544jqBQqsCYAojCpnMOAOss1lmcczifHJ20wqOgjQGtETyEJKo6l6IC4jlRKRqgKCqqTodev89oNGR9fcT6xpDRoMegW9GtipSLStqeRQkYo9CqTRhQoFrnqlqIydEwqgitk1XFbYo2SBBENAGF92Abj9El/d6QquohKOa1Yzyeok0HL1AUJl0Xvy9id1U0D4v/rl74Nm9VDgir2cWayWQymUwmk8lkMplMJpN5MB5rcbUt0/8kQmhzVZNqtlKO3saLHlxNXPfi2b4S9rbxUswLjTmg1jpm9ZzpvGZ3b8xsVmNtW2KuCMFhraWxjtkslvDP6hqldXKvltimYbI3ZjKZYIyOoqt3jMd7zOYzbty8xe/fe59+r0dZFAwHPWazOePJDFCxbN6DDz6VyENA8OkR9xmCqJStGgVFnbJGg1IIBi2CUaC0xihFt9en2+sxHI5YWx8xWh8yHA7o9zp0Kx1FVEnZqSKIB8GjJEYDaCWIbsXVGHvQZrqKqDhPNAEhBMEHMKJRonAuxrBOp3Oms5qi06fXH9DpdPEemtoxnc7x7NAfDBDR8ZwGR/ABgl++D9LxK6XxcWtLX6osBff2PaVSbAMhLZdcrkKMMFhM+hw4LLYik8lkMplMJpPJZDKZTCbzePNYi6twSHbngXnxl6WIGll1pLYi2bKZ0+2irSSnasrlDAGSSKdUFOCcs8xmUVjd2xtT1xbnPc6DdZ66sdR1Q2MtTWOTEOrxIVDXNZPJBCXCdDyhaRo6nQ5VVSIE9vZ2sHXMU/3TR3+i0IbCFPybJ0+wu7fD1tY2dWNprF+4VH1oc0WXD59K/9MpISBoUSitUBLFRqMVZVHEJlY6iqGDbpfRoM/axhprGyPWRn0Ggy69ylBqQSSgEAg+ZqYqAI9KvyslUVBVkoyp0bkqyqC0AaVSKmpqVpUyV0U0Lgh13bC3N2Fnd48106XT6dPp9NmbzqnrhvFkynRuKcpOFLNDm6GanKhBLZpV+eCjmNtGBoSVtmcH7K2e+JpFcyz2e54Xouu+99wnvmU/Mw77siGLsZlMJpPJZDKZTCaTyWQyj47HSlxtnZHtz3tFkEW2ZwitPCYrMarpeRIhlwJa622My0YhVQgSUv+nGAvgvKNuori6s7vHZDzBI4sM1Pm8YTabUVuHcw7rHAFiaT7gnWM+m0GA+XxOCJ5ur0/wHpuE1vl0QtPU3NraxntPt9vBO8t0OmFnZ5vZbJ4E2xBF3UAUi5VGKZ9yYlfFwNSAS2m00WgFRis6ZUm326UqDVVRUhSaXlUx7PdYWx8xHPXpDTqUVYEuFCIBCS5uK6Tc2HQCRVLWqlJRNFVthmpqtKU1qBQJgKS81fjwQRAlIJrxzh67exMmkxmDNTBFhTYl1s2Yzmp29yagFMPRGtZ5tFKtrBoFW9pr2ubjHuJ2Tvm5srJMbPwlqc/X0ue6yOA9zPL8OXIn1/a9uLkzmUwmk8lkMplMJpPJZDKfPY9UXG1FotWS6PsVVuMKIEaLpuZNrWC2Iri2/2sXX0autqKrIqBi13uJyzgfsHXNZDJjd2eHnb09dnb2mE6nKG2iuGod83nNbDansS5uS8VsUU2MBDBagw94H/NKRQndbkXTNDEjNeWkeu+xdc2Wd7z33ntMp5NFVqq1NjV+AutDzE5thUxtQFRsNhVCPIdKQALKxIZYxmiq0tDv91gbjRj0evR6XbpVSafTpd+tWOt3GXYKOoWgNSCBgAdihqskQTL4gHcOCQEVorCqtVkIrUrH562bFlExN1bpFF8gOB8wRkNQbO/sMp7Ec1qUHZQucUGYzmom0xnjyZTGekajMf3BDNXvUhqVxO+4DUW8hkpU0kQ9Sx+qpPxaDaj4XklSbPuGCMTz5lu5PblZb38vfjbC5sHtHCag3uu0TCaTyWQymUwmk8lkMpnM58NnKq7ei/CzKiqtCqv3k0EZQnRzLqMBonNyUeKf3Jaxh1FI2Z9hIa6223EuCrNaa4IPzOua3d0x21vb7OzsMplNmUymzOdzTBFSXEByqybXKkS3aLtOYzRa6ZTjGfdXqbiNup7R2BrvLQsvbRKYb966xXi8R6eq6HU7VFWVBMs6ipu+lQFbQXgp0AJoFUXVQsdtaa3QxlCUFYPBgKNHj3JkY4PRcMBgMKAqNR2tMHiUrxFfI76JJfgexBSo4MF7gg0El4TkVOqvjF44ViXFKfgQz7siCcDa4F3AtRmxyuAbz954ivOwcWST9SNHUUbTNJbZbE7dOBrrmExm3Lq1jTEFSjZRgx6FjoK4Dy46aZNILaTkgBBF1oAk0TU+2nO0eO+EQPA+SrELx+odBM/khP4sq/HvLWc4i6qZTCaTyWQymUwmk8lkMo+aRyqutkLi3YTUuzlZ2+TNhT9RliXpi037lK2ZhLWQpq10MCKkbvYuOTJ93TBPEQBbW1tsbe8wnc5wztJYy7xukiMzCrLLKILlca3uv3M2ulKtXeztfD5lPp9hbY1SCmMMWitciOubTCaM9xz9fh9E0EURDydIbGrlkvtShegaFUG8B+diA63CUJZlFFVT06mqKOh0OvQHQ44cPcqTTz7JkY11BoM+Riu0d4RmhqvHuPkEXwvBNgtXZ1CxtF/h0aEAr1FGIdrEHNU2uxZBiUEbFaNQEaxzxDZYqbFVyl2dz+fMZzVFUXHiya9x/NgTaFMwbxpq60AptC5wPjb8ms1mGKMxWqN7FVqZ6K4Nfpk96z0+uWZTIsTi/bB0o6YYgCSs0sYsSHTfxteEfUJsfN1nK6yusvr3c6e/jYPLZTKZB+OBqiYymcwDk//mMplMS/48yGQ+P/LfWybz2fC5xgLcixt1UdZ+P5mrrWNSokNxIQaGQHCx+ZMyyzLv2PCodbICSidHozCfT9jeik2ktra32RtPqOsaQVMUBd7XqUQ/lv4vuspLyiddcd6KgLUWby1N0xCCj05WLezsbDGf1zRNQ1WV+G6FtXUUd72PLtgQBdkoKBqUElxyjLZCYCz5NyilcElYFRGKoqQsS8qipCoNZWnodTqsrY1Y39ig3x/Q6XQoqw5FWWG0oIIDDUYFrAp4FXBzsE3ABQguHZ/SmCIqljGDVeF96xoOeAeUgi5KlKiYVztv8OIoqi4hlfNPpzO293YIAt1un7WNI/SHQzwK2zSI0vE4qoqimEXBeTym3+9TlQVFsUGvW1KoIoqrBHyI23fB42Ula5cYpRBiJ6uU0RuSIKtSPIOCNqKBsLgWq9dU6c92ILqTYJrzVzOZz4a9vT1u3ryJ956maR717mQyXxnil8qaI0eOMBgMHvXuZDKZR0AegzOZz588/mYynw2PVUOrBydlaoqKTwMx43ThKoXQdphP7tboSgQfPG4+B4R53bC9vcvH129w4/oNtrZ3qOcNSim63R6djk7l5YIHCLLIc/Urea6kuADvoxDqncU2NRAjAZy3zOcznLWE4CgKgy3LWL6vVEw5lSKtxzOdTgEokns1CobEOICUb6qURkSjtaNIDtWyKul1OvT7PYaDHqPhgLXhkPW1Ef1+H2NMjBdIgqlWmqLQSKXBGvy8oplNsfMpk/EYT0C8J/ah0mglSHJ+NtZRFkVysKrYGMxDULHU3hHwwVOIoI2msYGt7W1u3rhFp9NhY2OD4WCAKQpmjccRKKsKU1QoZTBVh3o8YTYZ88c//hFjhLLQaDWiLHSKgQiE4GKZPyE6glMerQ0e56LDVaHQSiHKpGsSL1yQeA19SFdT2niJ1S8EspiZyXxZ2N3d5eOPP6YoCsqqoqyqR71LmcxXCmctf/rTnwghMBwOH/XuZDKZz5E8Bmcyj448/mYyDx/1eW6sdVUe5NOXN7dOVWiFPedjCT2iQZuUg7oU/pwLzFIn+lvb29y4eYuPPvqY6zdusrO3y6yusc5hvaNxlto2zK0FHdentFm4ZUOb7ekdITi8bZjNpkynU+p6hvcu7aPHe4d3Dq0FJJacK6VSlGcUBIuioCgKtNZ4H5jP50wmE+bzObFKXQEa76GxHmujw1IpRafTYzgcsr6+zpGNIxw5usmxY8c5dvwEx544weax42wcOcpobY3eYEC316MoSgpTUBQlpupSdvuU3QFFf4Dp9TG9+JOigxODF43oAmVKxBQEFA4haA2mAGOonWM6r5nPLc4JxlQURQddVJiiC0qxvbPH7t6UwXCNjc1jdIdrKFMQRKFNQdnpokyBDTHH1jrPeFbzxz9d5w8f/onrN7fY3ZswnTXMa4u1HueIzb5EY3RJUXUwVRRovQs0jV24UUUlt23wONfQ1DWz2Yz5fE7TNHjvo/u3LBff8LXXvH2/Zufo/XKdi6+e58XzK48LV25f7MqF/cucf5WL1/ctwC/u8NrrF1/lxVcvcv22OSuODUmDAAAgAElEQVTzb1vfcp2/OGR3HgaftF+Zz59bt27Fz1rzJfmeMZP5gqGNoSgKbt269ah35SvBlQsHxt+DY9KVC7x4/gJX9j0/bFyMY/mPbx9I2xc+8Bj9ably4Q7/rsg8duQxOJN5dOTxN5N5+Dy2o9n+5lapx1AIIMsu7617VFDRO9oERGK3+qBMFM90cqwqjfOBehZL8Zu6YTqtGU/HTCdTGu9p6raJkkWMoez1CCaJrBIIOpa/67ITszi9R4miLMvo3gw1HkfjHfiGEByIwZQGJVEo9d7j8BRlgTGaaYgNsqxrKAqD0ULwgaZusN6hlKBUEY8BhWrzVZVaNHBSSqGUpqwqOr0uvV6X/mDAcDRkOBgyHPQZDvoMBr1Fc6yiNJiiQoyJ+aUqnicfAj4oRFVQGLSUSFFTSonMpzRqirM1IR2HIsTcVRQOjTEVKENtG7z1KO0pqg6dsoNojQ3CeDJne2+PoAq6gzWOHD9Bf7SOF03dWJoQkLJEBUUdAnXwONEUvT7dAPVsyh8++pjJdMq1a0f52pNPcGzzCOujIUUZG3/ZYGl8wNY2ZtLqgrLU2KbBO8tsPqdUOp07oVAGFTzKt/EB8b3VZq4uRFR5tGLqF1vMvc7FV1/mN9/6ET/7wea+aS+++jz/8IOzbEK8mXsNvv/66zzTvvTKBV58+Tzvv/Q6331mZZWXXuMXpw9MuyeucuGNi3yj3WbmK0ebqZydMpnMo0UbQz2f5wy4z5grF87zE17iZ68/s2/aD89/wPdfP8fdhtFLr13gP37CMnd44QOO0ZkvO3kMzmQePXn8zWQeLo+FuNr+Md/zH7W0TYZWBEEfHYtKKdCp/F8tc1G99dR1zC+dTqdM53Mmkym74zGz2SyWkgewzsWSdqXAKMSbmM+pBC9peptvGgJaC6UYVFVhFLjg0FYRgkNcg9aaoojNqhZNrQSKssC7KJ5671L0QAdvHU3TYJsGraNwq5SJ2a0BlNIYU2CKKM4qrVApHqAsS6pel36/x2A4YDRaYzQaxee9Hv1+l6osKUxqNqVNEqZj06mAYENIgrVGlEZKgzIVJQWYEi8aPxtjmxrvPVpAi0ZpwesCl/JrRZl4dXR0uWpT4FFMp1O2dseMJzOKTo/Beo/1I8cwVYdZY5nbKKQaBI/CAdYHah/i8rrk49mcna0tdra32d3ZYTqbMp3NmG0eZTgYoLRgvUUZhalKjBG0MjGfQAxKC4In+OgkRiReY5GYvbpohhVdwW0UQHReh5guIffxfr0P2siKLyXX/4nfXD3Ft19YlTM3OfvC8/zm5bf5p+tnObsJVy5fgjMv7b+Je+Yc3z9ziZ9cvsJ3n2nnnOLMmQe86TtzhjOX3uS/XPwGf3/2cHn1+sVX+eHb31qKvlzhF+dfgyTwXr/4Kj/84K/5Pq/xk0tptS+9zl9de5Ufvnm1ncDPzq3u2Qf811fPc+nqcvl9N51XLvDia5eWu7ky//rFV/kvfIun3nyTS4e9NnNfiAhN0+Qbu0zmMaBpmnxj95lyhX+8BGde2j9oPHPuJc5ceo1/vHKOZ+40npw6wxku8ZMLpw+MZ5/EvY3RC9H33GKw48cvv823f/SD+G+CC+f530++xLfffo0LV+N6z/3oB5z41fnF2Hvq+R8dGMsv84vzr3GJ5fLL2fFL3QtX2918/sA4f5mnnn+fC29ePTAv8zDJY3Am83iQx99M5uHxWIirn0xI7tU7/+ELy07vCoVP+avOB6y1zOc1s+mc6XTK3mTCdDplPJkwnk6xjVtkbHoEpTSBgHUO5x1BABW73Ldu0bhXcbtaKxQxuzOoQGEtosHY6DJtG061pfukPNC2PF1rjaqiO9U1NpapFwVlWdLtdhHR7O2NIcQIgbLq0O12qaqSojRoE7ejtKKsKvr9Pv3BkF6vT6fbpdPpUi2aVxVoEZSOYqoL4LxHEEJyrwZiTIESQasCZTyFaJRJ4aQEmgDB1niJxyRKo7QhBEnHXCSBO5bRW+eYNzW7u3vs7o0JKEbDIRtHj9HrD6idY1bXzK0HXRKMx3oHovBBmM1ryrKiW1RUnQ7zaUmwDePJlGvX/sRkPOH6xx8zGo4oq4Lh2pBev0cnCGUpRM1d0ErQuojiqm0I3uG8jzm36ThECSooQgDvori6ED0F8vDzgGye4CmucuFXVzi7eoO2eZa/f/3s4unRk6fgzV9y8S9Xb4bgmXOv87MDq3zqL1/g3PsvP8BN32m++xK8+NobXPzG/u3cF5de4x9fep2fnUti62vnuXQmOYOuX+THLx84jquXeP/55Ny9fpEfv3yeX7Qi6UHH7vWL/PjlV7m4clN49c23+faPXudn+U4vk8lkMvfMUZ46BRd+eZG/2icWPsN3X3/9E157kr964Xnef/n+XagPPkbv5+qbv1yMfVcunOcnL5/n1PM/4mevb6ax81dcObsi4F66BC+9zs/asfXlV+FHP+Ds5u0VNFcunOeHF06s7N8lLnyw3+GbyWQymUwm80l8rpmr98pqBuvtJr6VaaF1vCqUMmhtokMRhfcxX3MymbK7s8fWrS1u3dri1tY2W1vbbO3ssLs3ZjqbM69r5k3M7aybhsZaGmtjibq1qTlVbJIkqSGTKUx0jibxUAS0VhTG0OlUsTS/36ff7ychtIrO0qrCmGJRbl5VVWo+VVGWBYUxlGXJcDjk6NGjrK9vMBgM6HQqTMpi7XY7DAYD1jfW2dzc5NjxYxw9tsn6xgaj0YjRaMRgMKTTjXmqWkcBVhuz+D2KlmCdp7aO2nscghcDqiAoQxATM2tVgSk7FJ0end6ATm9A2elhqg7KVChTokwRhcnU8MsUhrJTYYoSH2A8mbKzu8t4PMW7QK/fZ219nfX1DTyBum5omgaXBO3GNtTWonR00E5nU0IIGGMoi4qy7KR1C7t7Ez68do1/vfp7/vVf3+Xd37/H73//Hu+99z4fvP8HPvzwI27cuMnu3jhlqQYIpH1dZqi2sQ3Be6IALhijb8tbzd/uPSjP8N0fPc+pS6/dJUsVNs/+gO+fucqFlz8hlzUuzdkX4jrvOyv1mXNxO298iuy3U8/zV+n+a/Mb3+IUpzj3l4sJfPvUVd6/sX/5v2uV0s2z/OczcOnyFeA6F395iTMvrdwcbp7l756HC79aObBT3+IbWVjNZDKZzH2xydkfvMSZq2/yw5XM1XseNzfP8nfPn+LSayt5rPe63Qcdo1c589eLLxmfOX0GOMN/Xk7gDO9zbXUgP/PSUgR+5i85d+oqv/mn63DlV1xgZRymde/+ct+/Rc6czsJqJpPJZDKZ++ML4FyN/lBYiq4xf1WQFAtAcq0SYrMq7wPzes4sNYKaTKeMJ2Nm85rZvGY+n1PbBmcd1vkoqAl4Hx2s2oToXg1JcAueECzWWSpdoY1BCeA0wTu8tTjbEPBo0YgWisKgjE7OzTayQHDOAZ66SVEAvS4iwnTiaeqaQKCqKnq9KMw655nN5nQ6HZyP86qqQ6/XY21tjf5gQFGVhBCwzqK1ptfr0e32qKoSpXQ6i5JEaJWmeYIPuBD3JaDifmtDPLiADwFLQHnQSiOqQJddinQd3NwQXB29rqm0XogO0HZ7IFgXHabj6QwfhG6vz8bGUXr9AaI0e+MJ03kd3aNa44HGNljnoxNZR3G1qjrRBax1jBlwNh6D9/jgITTsMYkO2fGYojBU3Q69fp/hcMRoOGJjNKTf79KpCowSjErHJtHlHCMmHKKic9cYvXjvxfefJyWyrrwfs9h6z6y6VFMJ/IWXz3PhQOndM+eiG3RRvnfpNV68dIdS+M2z/N3zb/PDVHp49D5255lzL3Hm/GspHuBTHx3wFCfuJn4+dWJfeeHRk6fg7WtcB96/CpdeO8+lg6858zD2K5PJZDJfbaJL9buQKiPeTGPOmU/MXAXYPPsC595uXaj3MdJ+ijH6jpw6edf1nDq5OneTE0/B1Q9ucJ334eolfnj+zYOv4NzD2K9MJpPJZDJfWR5bcfWwhlZLlmX5SefC+4Bz/3979x8T133n//45v/Dwy8YGuzg2jfElojekauQLVyJdDYmcr900Ub6b1X6dYiLV3XqNsvknX/yPE2dbt6oT/wONrpStcN0mKwW7zq6aVeQ0tVXUgLZB+sK1sjdxJNassb/gxLHBYMPAwMw55/5xzgwzwwyMMTDYvB6SFc/5fM7nfM4EOJ4378/7E8G0DAzDYnwiyFhwnPGxIBOTE0xOhZianslKNU0Ty7LsZfGGgWGZGIaJaVnk5PjJWWMvc3cZJpHwtL3hVDiMz5eD12PXFMVlEAmbGEaE6fA0lmXitby4LRe47UxWt8fOdoxuZOWy7Nqtbrcbr9dLnt+PaRoEx02mp6dxW+DPy2fDhvXk5eUzPh7EMExyc3OxcNvB1Zwc/H4/BQVrWVu0jjVr1mBhMe3UTMnNzcXv9+Pzee2aom537H1zud120NflwTIMDMPOXsVlbz7l9oDX5bHLBGBimAYGJiYWbsuFy+3Dm5OLGxemx4sRmcIyI7hMEw8uLMvEsCwMw8TCrmdqmCYRwwBc5Oblkb92HYVFRXi8OUxNT3N7bBwT7ExYj5cpIxowdf7Hu+2yAKHpMDk5Ebw5a8hZs4ZweAozYpdmcLt9uD12Nu50OILLcDMZmsIaC+L1juL33yQvP5+itQVsWLeWdWsLyM9dQ16un4I8v13b1gPhiEHEMDANA9MNbtOLnS3tlAZYji/+1aKygeOtDURrmf6xty7FcsMS6g61Uoez7H7WkkanV9yHvte33tEkeKEp4JQHeO4ubmZxqI6qiIgsudgvOu1fYP6+Y3fa+uNxJzk10lt4t/ooZXd0uYU+o5eA6qiKiIjIEliRZQFms1Jv8mPZWa2WBeFIhInJScbGgtwaG+fWWJBbt8a4dXuc8fEJghMhJqemmJ6eJhxb+m8wHQ7H/kxNh+3l6ZFIrA6n5WSdGqZBJBIhEg4754cJGxEMI+z8ccoHGBEiEXt5u2XMLDGPX07ucoHX6439sSzLyWgFd3RjKidL0+UEYtf4/Xb5gJwcfD6fk92aR0FBAQWFhRQUFpKXlxc7z+P14svJwZfjx+vxES2VYFmu2AZYHo8HdzRT1DSZCkfv38CwLExc9gZWlpuIAWHDwjDBwo3Hl4N3TS6+HD8ebw4upyZt9F4ikWiJBQMLF2vW+CkoXMu6ovWsXbsOn9cbK90QMew+Hq/X2QDLrlPr83kxLdN5zyN2kN3jjWXGWqbL+X9jYVrgcnvx5fjJzc1nTU4uXm8OpukiODHFjRvD/O8rg1zsu8R/XrxIX98lrl79kq+//pqRkREmJiaYng7HyjWABZZdrzfilIYwDAPLCcrb/x9VIuBODHUc48CxVEvw7VpwA9eGsAOtqZcqltipJwzPbiJ+6eGvu+5wYrHyAO8zcIen3rGBawn3PzzY72Szxr8HIiIii6i3jQONqZb0z2R1ZiRWHuAEn9zRBO7iGb0AifczxLUBO5t17n9HiIiIiCzckgVXvd6lSoqdHWg1TZPQ1DS3bo0xNHSTmzdHuTV6m7HbQYITk4SmpgmH7YxWw8KuNRoxmJqyg4mGYdqBO3sbJyIRg8nJKYLjE0xOTGGYFi63vUX8xFSI8fFxe6f6sduEQqHYRlVu90z5gkgkEgvkGs6mSG5nub1lWXg89uZQ9mZbU5imGavJ6na7CYenCYVCGEYEl8uFzwk2er1evNHgan4++QVrKShcS15eATlrcrFcbsKGRcSwg6PeHB+eHB+WCyKGQcSIYFl22QO314fb4wW3h4hhMjk1RTA0aQehIwYmLlzOEnwLFxHTYDocYTpiYFguPF4fXp9dQ9blchMOhwlNhe0yA5Yd9DZME4/XQ1HRejZu3ERRURH+3FwipmlnEIM9jsdnz8ltb4aVm5eHPzePiGEwPjlB2LDrr9r1a/3k5Pjt+rU+HxYwPT3N5GSIqelpDMPC5fbg9a3B78+zg61+O9hqmRAcn+TGjRtcunSZi30X6f3P/+S//uu/+PLLL7l9+zbh6TAuJwAdda8EUpfu++7uldQ9Z9d7S66f2nuWtv5o/bRKvre3nM6W5Fqsdk3S8r270y9ddD709ff3p+uRVmVDE4H+fuLPtD+EdXHBmcdQx/uzl+zfqf6T/DF6+71tNHdGa7SWUPdcgP6TJ+Lue4iOY428kVyUVkRE5E5U7qahvJPm5F9wDnXw+864WuEZKKnbT0N5P3f8qE3zjC7eWg6dPbHAb+/Zk9z5UzxJXA3VoY4TM//GiL4P8f8OSRt4FhEREcnckkVi/H7/0gw8U4I1xjQtpqemGR+fYPT2OJazNHxycpLp8DQGdj1Vu1qmvWlRJGIwFQ4D4PK48bg9eHPsjaYihkVoYsJe6g/OJlR2RuhUKER4KkRkeho3Jn6fjxwnw9TlcuFyu2LXsCwTy2Xh9ti1Tl3RiVt2HVeAadNiamoq9p75nBqpk5OTuN3TGIbhjGvXL3W5XHjcbjw+L2v8fvLz81jj99tB2ulpJiYnCYfDuN3uWLDW5QLLNJzsSyeQ7GTEut3uWKZpNEPTwq596vZ68Lq9eF1gRMKYBhjhMB5MPF43eF24PR4s0wu4mApHMMLTsc2f3B4PEdPE6/FRsHYtOf48J8DtIhSaAmdDMK/P3jjL5XKBy43H4yUvLxfXlF3ndnLSDmB7fV78/jwsw7Rr2no8WC4XJvYGVeFw2P5/Pj3Nmlw/vhwfHq+HNT4/fnLt990IEwlNMjJ+G6wIPi8M+XMpKlrLhuISNn3jG2zYUIw3J8cOrroTv9isWGGAlVkgIDc3N9tTmEMlL7QepezYYQ40xh0u38vrrTNL9ErqDnG8tI0Dhxtpi+sWaGrllXk+/0WXHrbN3S313JoCdLbEhU8rGzgYsHclbgPK9zbRUN5yd9mtgb2Uvd/IAeeTY6CpNbZJB5UNvL73GK/G3Xf53qMZLNUUERGZi11ip7StManeaICDrYfmrbc6a6z9e/nkcHLd0gzOTPGMjpUMaLSfv4Eme4Opu1G+t5aBw40csF/RcDRaU9be2Gug0a7jbsus5qyIiIjIXFxWyvX2d880zdhy60gkshSXEBGH1+uNbXK22Nmr/f39bC4tXdQxRVaCixcvkl9QkO1piKx6wfFxHnrooWxPQ0SWkZ7BItmn569IZm6OjMzbZ8kyV91uN8XFxRQXL8q+oCIiIiIiIiIiIiIryj2yoZWIiIiIiIiIiIjIyqLgqoiIiIiIiIiIiMgCKLgqIiIiIiIiIiIisgAKroqIiIiIiIiIiIgsgIKrIiIiIiIiIiIiIgug4KqIiIiIiIiIiIjIAii4KiIiIiIiIiIiIrIACq6KiIiIiIiIiIiILICCqyIiIiIiIiIiIiILoOCqiIiIiIiIiIiIyAIouCoiIquOZVn4fL5sT0NEAJ/Ph2VZ2Z6GiCwTPYNFVgY9f0UWj4KrIiKy6rhcLtxuN0Ykku2piKxqRiSC2+3G5XJleyoiskz0DBbJPj1/RRaXgqsiIrIqrV+/nnA4rA93IlliRCKEw2HWr1+f7amIyDLTM1gke/T8FVl83mxPQEREJBsKCwtxuVzcvHmTqVCIiD7giSwbn8+H2+1m06ZNFBQUZHs6IrLM9AwWyQ49f0WWhoKrIiKyahUUFFBQUIBlWVoWJbKM9D0nInoGiyw/fb+JLA2VBRARkVVP/8gUWV76nhORKP08EFk++n4TWRoKroqIiIiIiIiIiIgsgIKrIiIiIiIiIiIiIgug4KqIiIiIiIiIiIjIAii4KiIiIiIiIiIiIrIA3qUa2Jq8xdQnvybS34V168uluoxIjGWlOJayn5VBn/Ttc52fag6pjsePMdf5iW2pzwHwFG3B/388xrq6A3jyilJPQkREREREREREFtWSBVdDHf8PkQt/WKrhRSSOMXqV8Z5/wZqepPi//zTb0xERERERERERWRWWrCyA0d+1VEOLSBqhKz3ZnoKIiIiIiIiIyKqxZMFVa2JkqYYWkTSM8eFsT0FEREREREREZNXQhlYi9xMjnO0ZiIiIiIiIiIisGgquioiIiIiIiIiIiCyAgqsiIiIiIiIiIiIiC6DgqoiIiIiIiIiIiMgCeLN14WDEzb8NFvH/3fIzNOXL1jRE7gnFOWH+z4IJvld6kzyPme3piIiIiIiIiIgIWQyunv7f6/nLUEG2Li9yTxme9vHvN9cxZbqpL7ue7emIiIiIiIiIiAhZLAvw2a3cbF1a5J7VF/RnewoiIiIiIiIiIuLISnA1GHFxO+zJxqVF7mm3wl4mDZVKFhERERERERFZCbISpcn3Wtm4rMg9z8RFrmquioiIiIiIiIisCFmruSoiq8tX165lewoiIiIiIiIisspsLi1d0vEVXBWRZbHUP8xERERERERERJabijeKiIiIiIiIiIiILICCqyIiIiIiIiIiIiILoOCqiIiIiIiIiIiIyAKs3JqrLzbz3uNbUjRc5ePnD/JPyz6hxfAivzxdBx//gP/5q9mt3//Jb9hXlT+74WoHe5pSnJD2Ms28V3OLd/7u5/whg+7f/8lv2Lftit3/qZ/w9r4HufzOj/nZR5lfUkREREREREREZLVZucFVgOAXswKE3//Jb9h3uhnu2QDrPGYFUp/ip7/9Ie+1cGcB1jvwh5//OKMgrIiIiIiIiIiIiMxY2cHVFP7w8x7+2+lqNj4FfATR4GMs4TMhIPsivzxdweiFIqqq8mNt21p+x0xSbHImbNJ4CcHOF/nl6WpGL4xSVbUl9flP/YS39z3MTP5pkAt3lQX6ET/7u2388nQdv3zxVzMZr0mZvVej2bCx41vYd7qZbc7c/iHhnhPvKyFzNenq/zDneyUiIiIiIiIiIrJ63eM1V+1A6LbL/8ye53/Anud/wMejD7Ov5cW4PluoKuqx2//u5/CT3/B40Re84/R/50IRj//2J3w/bryq0Q5nvH/mQlEd7yWMl0/VtlvO+f/MheAWHo+2O4HV0Y9/MHN+MJ+q/xEdf6F+xcWrULTxKfvli8289zh87NzDnne+oOjx3/DTp4BfHWTPx1ftQHJ8YDXunvd8fBW21PHLF+e6ph10Tf9eiYiIiIiIiIiIrG73XHD1H1rq2BK8QvdHwItPUsUX/MvPZ9JC/6mpg6tbqu1Ao+PqxfTL6f/w8x+zJ5qx+eKTVOVf5eNYpupH/OxfviCYPF53NMPzI7ovB6Foox1w/Ojn/Oj5+HqqTvsiuDwaJL9oG/AUP63ZwtWP4zJIP/o5/3IBqv5b6mjpPzX9YOYeAX7Vx9UFzCHhvRIREREREREREVnlVnZZgPyH2Xf6d+xLOHiVj5+3A3zf31gE+VtS9AkymmZIu6xAnXNO4pL9728sguAVLsef8NENRvc9eIcTtzeuiq2mX5z4qmMbRfmw5fHf8d7jSU3zREyTN8yaL8A613slIiIiIiIiIiKy2q3s4GqKDa0W1CfBr/ifz/+KWAmAfb/jvX12LdHL8547n5mgavDCP7Pn5x859UzvemC2FeUTHL0M2IPFaqxmYCaoepWPn/8x/+TMc37p3yvVXRURERERERERkdXunisLEO8PN0Yhfx0Li11+xM/+7gfseb6Dq2zhoRfTjPfURooyHfLFCrYE7RqlP/r5YqZ4vshDW2D0xkfAZUaDcfVX5/UUNdvyufrxD9iz4KDo7PdKRERERERERERktbung6v86k+JG0qBvdnT6Wb+Ic0p3//Jb3gvflOmFyvYwlUu/irVeE/x0//xMPlXezJfDh8fnH2xOWEZ/sI8xU9/W8eWqx1OpupH/Kz7KvlVfxtXB/Ypfvrb3/H2T9IHXGeCsc54GVx5zvdKRERERERERERklVvZZQHm9RE/+7tt/PJ0He/FlrnPvWz9Dz//V2p++8O4Oq12LdF/io0HP/3tD2fGu9rBnqYMo4m/OsjHD/2Ox0//jsfBLlnwMex7/EFqnoI/ZBKg3RJ/L7ZoiYH467yz8Tfs2/c73ts30yeWLfurPq4+Xse+07+h5p0f87N/qeHtfT/kvdM/tG/p43/mQs0PqXroRWCuzb7meq9ERERERERERERWN5dlWdZSDDzWXDtn+4//151uEiUiAC3f/i9SfdNGv5O/+Y/di3q9/v5+NpeWLuqYIiIiIiIiIiIr3c2RkXn73NtlAURERERERERERESyRMFVERERERERERERkQVQcFVERERERERERERkARRcFREREREREREREVkABVdFREREREREREREFsCbrQsX50QYns7a5UXuSet94WxPQURERETkroVCIcbGxjBNE8Mwsj0dkVXB4/XidrkoLCzE7/dnezoi942sRTe/tTbEX4YKsnV5kXvSQwWT2Z6CiIiI3FN6ebexhYG9R3mlrmQB7RkY6uCNw108dvQQdSW9vNv4PmVHD5HRcAnnprmDtkaaO+MOlO/l9UN1lMx04MD7WxOPzeVO+8uim5iY4Pbt23i8Xrw+H16fL9tTElk1TNNkdHSUtWvXkpeXl+3piNwXshZcff6bI6xxW3x2K5cbU8pgFZnLhpwwDxdM8L3Sm9meioiIiNyLuk7wbukhXqiMPzhEx7EWOoHyuxm7pI5XWuvuanrp9LY10kwTx1srE4692jjIwdYGKuc4V1auYDCIx+PB7VaVOpHl5na7weMhGAwquCqySLIW1cz3mjRsU6BIFo9lpTiWsp+VQZ/07XOdn2oOqY7HjzHX+YltaQYXERERmUdZbS0DPb1QGReOHLrAJwQIlHcyEN95qIM3Dp+kP3agnIZoZulQB2+cgMfKTtLWCQSaOL77mpN9+hwDh+1gLYcbGWhqtYO5vW0caIlPPQ1kGBjtpbsTAk2JPSsbmgh0ttDd20AlM2PHB1xnZbsGmjjeUJkwl2j/4o5jvNpVG5fJamfzEp2/87ozeSxZEMuyME1T2aoiWeT2eIiEw1iWhcvlyvZ0RO55Ss093gIAACAASURBVBkVEREREbnflVbxWNdZeqmMBTWHLnRB7XOUdcUFV53AallTK69Ugp3depi2Ex1URYOP/Sf5pPYox1udRfVD15yTK3mhtQniywL0tnGgZYCGo63Osn87UNncVp1BgLKYsnJoe7+D7yUs4a/khdZW5+8NHG8iYZl/b1sjzQN7eb3VOae3jQMtLbxb3coLlbP7D805Bzu7d2DvUY7b0WU6jh3mjY67KKOwyrlcLgzDUHBVJMsMw1BgVWSRKLgqIsvM+ZDWH38s0wyWhYstK1SmiYiIrEolVNUO8MdY8uoQF7rgsf3F0BXfLXmJfwlVteWJfSjnsaoMA4uVDRxvTThATQA60/VPmnPdoSYGGlt4tfFk7GggllGa7pKtHE84UE0gwytmNqdWlqYIgoiIiNyLFFwVkeXjZMOw9yjHD5XEHT7Gq43HZpYciiyzUCjEyMgI0+EwE8Ega/x+cnw+1q9fT35+frant+RW+/2LrBYlVbUMnHWiq0MX+IRa/r4ELqTsnbQUvrz27i6eXGogkOmJdpbqC3FjdLY00pnBL2aHOo7x6smZ3+ZmfMkEJdQ9F6Ct5TAHTjJ7My0RERFZ9RRcFZFlMkTHCTuwmryMrqTuEAcHG/n9hSHqYm1z1Dcb6uCNw4M8tneAtuiHpuQPOwkf4gIEZn2immf85Hpyyni9bw0PDzM0PMy6detYv349GzduxDRNJicnuXr1KoVr17Jp40Y8Hk+2p7okVvv9i6wqJVU8NnCCjqFDVF3ogtr9KYKEM8/Hcmcp/FDHMV7tmj1cRuKexwGn1IC9mmQh849m1dqrYH7fsTvl0vyZoGqAg62HqIzWUF2oygaOtzbE7uXVxpP6t4GIiIjEKLgqIstj6AKf9Af4m0Opcz0qG1p5JfZqZiOJ43H13hLrm3XSNhjdPdju/+uOKrs9uV5cbxsHWohLWclg/OR6cnJfGh4e5vbYGGVlZfj9fiYmJjBNE4CioiKKioq4du0ag4ODPPjggynHsD/El6XNoJqvPWX/hI1Vlk7y/cfLy8vL4P5TlfmIWvpyHykNdTgb6ygTXmS2Eqpq4dcXeqELHtufouJobw+di5idOXShi/6FBiKd5/fsnyUllJZB/+AwzJrlEBe6+uctHbAg0eBubxsHWnrobahc/p9xIiIisuK4sz0BEVklhgfpL99KcQZdhzrepzPQFPehqIS6/Xvh5Fl6Y73Kadgd7WDXb7M/ZDkf5Mr38r1YcwMH4zJXMx0/43pyck8KhUIMDQ/zjW98A4BLly4xODgY+9Pf38/4+DilpaWEIxGGh4fTD1Y+wO+PdczeFKW3LWFJ6koSf//JgdUoj8eT0f0Hmlo53pr8JwuBVRGZV0lVLZxsoY1a0j7m+geJfccvxs+xgWuxn49DHcdozrT8aeVuGso7aU7++TrUwe874/8dkOqSsSvScaxlzoqrJaVl0N/FhaHo8O/H9R+i41gjb3TMzKC3pxMC1foZt4yud5/i1Lk+ggtsX5BgH+dOnaNvgYMG+84t/pxERGRFUuaqiGRNci206NL+4cF+6GzhwKxPQplVSxse7Iey5xJyWYq3lsNgXPtdjC/3h5GREdatW4ff7+fSpUtEIpGEdtM0+frrr8nLy2PTpk1c//priovT/XqglsfKurgwVJeQLdnb00kgEKAz6Wutt60xMbgwZ1bXHCUs7kL8/c/F4/FkcP/zmb/Mx980QXNL50z77msJpT0SMtd62zjQkvAGzpElm5Rdq3qJstqVVPFYOVBblfr7oLKBg4FGmhud77HyvbzeFODVFudn3LwXqKQm0E/z4UY+2XuUV+r209B1eGZDqkATr+99n1dPZpL5aW8eVdrWmLCh1cxy/+glqwn0t/BqY5ddv33/Xj457NRIBQJNR2l4/zBtPb28UFk5u3/0ng830gaU722iobyFgegcksazf44otLr8LvGX7rXsqtmUcDTYd472PsjoN/h3Ir+CXfUVizyoiIjcjxRcFZHlUbyVcicTJvphrqTuEMedT2mz6rktdS0z1Upb9aamp9mwYQMTExOzAqvxbt++TVFREeE5+gBUVZfx66S6wd2dAWqaSAiu9rY10jywl9dbnQBfbxsHWlp4tzrVEtZMSmQsTPT+M5Gbmzvv/aeXWZmP5p6muJqGLRzoDHCwtZXK5NqKvW0caBmg4WirE8i2x29uq07xPW2f+0ntzCZ6vW2NvNpWqu9/WUXsDaFmJO92n/zaLtVzvCFxlOOxIaJ1T+OHTDyWfH7y+DDz/E8+N+UdpJhPUo+ZTa/SzTFhDsn9U1yjLu49y2COsgzWb2f7yBWus4mZ8GqQry5BRUUxfSPxnYP0nfuA7rhFF8U1z7Krwt6k8Xr3Ka6sr2Gku5thiql59lFGPrjC+poRuruHobiGZ78Lf/ngEtuf3YV9WtKYxTU8u6uCmW0fr9N9qp0+u5EKxWVlmXz22Wd8q7ISX05OwvHw9DS9vb088u1vZ2lmIquHygKIyPIoqeKx8k5+3zFr4fQsxVvLE5YQ3qlU5w8P9s/ZLqvP5MQEXm9mv2P0eDzzb+hUWU1Z14WZr6veHjpTLButbGjleHzmZGV12pzpzEpYLMxi3n9nSyMHGuP/HKMjfnntnZT5cLLqyvfudt67Eqpqy2NlP+yNZeLrqdplQVLqPUsbe/n7uEB0ZUMTgc73yeBHkYiIrChr2bx9hCvX4w4Fv+IS23lwfXw/Jwi6fif19fXU19fzbE0xw91/SVji39c9wqP19dTXR4OnfXSPPGqfkxA0nRnz0vZnY2PuXN/NB93RydiB1ZEap/3Z7Yz0zVFOSGSRfPbZZ3z++ee0t7cTnp6OHQ9PT9Pe3s5nn3/OZ599lsUZiqwOylwVkWUys6zuDZKy7qL13Mpr7Z51zxE4GbdBFXe2yU/0/D/21tkBnd42ewl2ILF9oePL/WGN3x/bvCoT8/etpKbs/VhpgN6eTgLVDUBPyt7JZTFSxQeXsoTFYt7/XBvHLPQeykrn+U6M24E83XBD1wagvzNpOTFAOXMmwYmIyIqUv3k7I19ch0127mrwq0uw/bvkcym+FxW76qlIOq84oQ9Q8SCJBQag4sHkI47rX9BNDc9WzIRcN9XspOLUp/Q9vIuK4BX6qGBntD2/gu/WXOKDS6mHE1ks36qsZHBwkJHRUdrb29m5cycA7e3tjIyOUlRUxLcqtVpHZKkpuCoiy6ekjldaq+g4Fle3DIDyuCW+AJW8cHQvb8yqb5Zp4DN6fiMHnHMbAtA2q32h48v9YE1ODpOTkxQVFeF2u9MGD3Nzc5mYmMCVwZiV1WU0n+2lrgG7JEADJKeYzgRVozUDnWXz6SxRCYvo/efl5c3bN9P7T2sx7yEuqBpoauWVSqfUQrr++t4WEbl/5G9m+8gXTmkAuyTA9u/mw1epu1/vPmXXYwWgmO0LvGzw9ggM9/HBqe6klmJqou3F2xOyXfPXrkdkqflycnhy507+5ART29vbAWKB1Sd37pxVLkBEFp+CqyKyzGbXdkvdbY76ZinaKhtaOT5nn6RNOO5wfLn/FBUVcfXLLykqKmLjxo18/fXXs/qsXbuWvLw8BgYGWLtu3fyDVlYTaOmhtxo6A9UJ9fxsQ1zo6p8z0zNe8dZy6LrGEJWLHhyMv//5Sh4MDw9ndv8pLPY9DF3ooj/DYK29A3hirWcREbmX5bN5+wh/6Quya7NdEuC7+bN7xYKqxTU8W19BfrCPc3ebRjqrxuqMYIpjIsslOcAKKLAqssxUc1VERFal/Px8CgsL+frrrykoKKC8vJzi4uLYn61bt1JaWsrw8DDh6Wk2bdyYwaiV1AQ6aW7pJFCdPvg3cC1a8HOIjmMtzFox7yipe45A/0l+HVcgdKjjGAeOddx1zeD4+zcMI22/O7v/2ZbkHuJqJg91HLPLfqRSuZuG8k6a2+LSh3vbONDYdtc1a0VEJDvyN2+HS19x/atLsH1zimDnda70FVPzbKraqQu85tr1MDySNoiaqj14eyRNb5HFFw2wFhUVKbAqkgXKXBURkVVr08aNDAwMcOXKFTZt2pSQxTkxMcHg4CDTU1Ns2bJl/g2tHJXVAeiEmpSx1Znaw9GSFIGmozS8f5i2nl5emFUTa2lLWCTff25ubsL937x5847vf7bFvYeSuv00dB2eqaMaaOL1ve/z6skeehsqkzYQK6HuUBMDjfE1XwMcbG2YtdGYiIjcI/I3s50PaO8upubZdKHTYUaCYEdWr9P9QTfDd1EWgE0PU1P8Ae3dD1Jf49Rlvd7NqXbYWV/DJqf9076H2VWRD8E+/tI9DMULvqLIHYsGWKN/F5Hl47Isy1qKgceaa5diWJG0Un0lp/riTv6ST90nfftc56f7bko+Hj/GXOcntqU+J/ncb/5jci2ou9Pf38/m0tJFHVNkpRkeHmZkZIRIJILb48E0TVzA2nXr2LRx410EFu8Nq/3+RURkeX355Zes8fsz7n+9+xTt7IwFNoN95/jg0vbYMv3k13bgM1pstZiaZx9l5IN2RmqeZVdF/qzx4DrddqSU2CGnlMD2Z3dRkT/TJ1bClQo7sDozy7j2CmpqRuiOn5PICjMVCvHAAw9kexoiK97NkflXIqz84OruUxQ+si3uwGXCzfWEFmd04DXyDgaw/ryLyfN3O9bz5L70Mq6+WibOpm/3pvh3hPF5unNS8+05hz+/k7G3f5FRf/+PuvDxIWNv/8I+d+NFQm+9RDjzS654Cq7a/1VwVURERERWsjsNrorI4lNwVSQzmQRXV3RZAP+PuvBtuEy4uTYWTPXtOYf/4DlcixIMzY5ZgdQdb1HwRBd53FmA9U6E3q5dxIC0iIiIiIiIiIiIrNzg6u5TTmA1MUs1/N4uPD/qwved1+B8NGszKSP05oczGZ073qLgiQ0YA8V4ywrtY6HzTtbma+QdfBoPwBNd5G10gpvzZcvueIuCJ3bgcl5aA28y/h4zc3iki4J1bzL+3unM7vX8S4xvPEXhI6fwn61PDCRH58wYESegPHP8aQpf2uzcy+ysWHte9hziM1eT2UHsNPcqIiIiIiIiIiIiKbmzPYF0/A9sg5sXUgb5Qm/XxgUJnaDixIeMNdcy1vwmkbynKfzRa3FnbMOb3+m0f4jh38GaPc8Dv2Ci+UMMxoj8OT6wWkzkz7Uz/dmGLzbea+Q9sQPz85l2s+xl8nafZvKtN4mE7MzUjAOrUWcvYFCMa4f9MrZ0v9m5zufDeJ84hR87wBwaGLODyPGB1dh7UEtoYAxX2Y/J3TH3ZX17zuHLOx+7TmigGN9Lb+G7s9mLiIiIiIiIiIisOis0c/V5XHlg3bg4f9fdf43Xf5nwW9Fg62kmuwIUPBEgdwdMAjBG5D+i7b/AvPk0nvyHUo93tp6xhKX5Tn/nlW9PAE/oPKGzM+0TzZnVPZ3bRazQ07g2AryGrwwif46riXq2nvADXXj3PA+zArenmXwr8Vi47yJrytLc4xzC7+26r+qwioiIiIiIiIiILJUVGlzNnG9dMYQuYsQfPP8V5hN3HlhMkLT0n5v2fzz5hTDx1dIGIHdsxk0hrie6KHwisckKzn1q4hL/sXkvFX6vE9/Bp/Ef7MIfV3pARERERERksVmWhcfjmb+jiCwpj8eDZVm4XK75O4vInFZocPU01sTLuNJlly6luKBqdOMpu17pUnsIl38M60b09Z0FOmNB1dB5Qs0vEd7xFgUZBZijmbdOaYEnuih8QnVXRURERERk8blcLtxuN6Zh4FaQVSQrTMPA7XYrsCqySFZszdXQl5dhQxX+FG2+PecodOqChm8Ng38DCY/lHZsXfGO+iodw3bRrl06cnd1uBMcgb/PiB1t3V+FhGOs8duYthU6JgEy8hnuDXTfWrsG6EKeZfGumxqx794IGERERERERmVN+fj6GYWCaZranIrLqmKaJYRjk5+dneyoi940VmrlKrMao7+ApiMui9O05h7+sEONzJ4h49t+IVLyM70evEXrbycCs3YHr5od21uc8Gzql5ARPw871fBuIlQWILqP37YbwWYhmfHpuvMn4ewu81x1vUfDINozPa537/AXhgQD+R07hPxu999fIO/g0fJ466EtCMNbedMuVQVmA2MZZ0aDs7io8XHbuTUREREREZHHl5eXhdrsZGxsjEolgRCLZnpLIquDxeHC73RQVFeH3p0plE5GFWLnBVSD0di3GnnP4D8Yvy79MuHlX3JL100y+BbkvvUzhwaftQzc/ZOztTDeZ+gXmzS58T3RRUPEm4+/9Bu9LLzs1SO2xQgMB/GV2Fm2IXzDx580UPNFF4SPMXM/ZZCpy48f4H+mi8IH0c/A8EncuYJcAqE0oARB+bxeeH3Xhi7t3Iy6wGu67yJonnqbwYBXh5nomPq+iMDbuGJE/f4jxxNN4Kp6H88kbYMVfJ+l+nXIEKgkgIiIiIiJLxe/3K7gjIiL3BZdlWdZSDDzWXLsUw4qkleorOdUXd/KXfOo+6dvnOj/dd1Py8fgx5jo/sS31OcnnfvMfu1NPYoH6+/vZXFq6qGOKiIiIiIiIiKx0N0dG5u2zYmuuioiIiIiIiIiIiKxkCq6KiIiIiIiIiIiILICCqyIiIiIiIiIiIiILoOCqiIiIiIiIiIiIyAIouCoiIiIiIiIiIiKyAAquioiIiIiIiIiIiCyAgqsiIiIiIiIiIiIiC5C94KrHk7VLi9yr3F5vtqcgIiIiIiIiIiKOrAVXLU8eeBQoEsmUx+vD58/L9jRERERERERERMSRteimKxzEWlMI/jUKssqScWV4bKUzjAjG1CRTwVvZnoqIiIiIiIiIiDiyF9W0TFwhBYpk8VhWimMp+1kZ9EnfPtf5qeaQ6nj8GHOdn9iWZnAREREREREREckKbWglIiIiIiIiIiIisgAKroqIiIiIiIiIiIgsgIKrIiIiIiIikhUqfSWrkb7uRe4v2klKREREREREltX4+Dg3b97ENE3C4XC2pyOyrLxeLx6Phw0bNlBQUDBv//7/ukQwGIy9Li4pZvMDDwAwFQpxuf8y4Ug4tmlH+fZy8p1xr3/9Nde/vh4715/rp+KhhxbxbkREwVUREVm1QqEQY2NjmKaJYRjZno7IquHxenG7XBQWFuL3+7M9HRFZZmNjY9y4cQOfz0fOmjXkrFmT7SmJLDsjEuH69etYlkVhYeGcfS3L4oEtWyhcW8jQjRuzNmD2eDyUffOb+Hxe+vr6Zp1btL6Ib5SWMhEMcv36dURkcSm4KiLLpJd3G1voDDRxvKEyoWWo4xivdtXy+qE6SuYdZ4iOY4cZeK6VFypnxqUp+nopJV6rt62RZpz76W3jwPtbM7wHWQkmJye5dfs2Ho8Hr8+H1+fL9pREVhXTNBm9dYt1lkVubm62p3Mfs5+bbf2zWwJ3+Owc6jjGq4PPzXqOLx7n3woA5XtnPVOHOo7x6smUNzIzp6EO3jjcxWNHD1GX8oHcy7uN71MWbZ+3vyyFkZERfD4fHq8+jsrqFf36HxkZSRtc/Y8rfwLAmlxHcUkJPp8Pl8vN9Vv93Ih8YXcyPHgjxfh8Pnw5PizLou/r/xeGnYzwyTxKCh6Mfc8FQ7dj437nwSeX9iZFVgk9zURkeXW28G71YgZCK3mhtXWxBruzKze0cjwrV5bFMD4+jsfjwe1W+XGRbIh+742Pjyu4ugxmBVKHOnjjcCPvLssvJzPU20NniqBqglm/pLUDsm9sPcordSVQUscrrXXLMFlZKMuyME1T2aoi2AHW6akpLMvC5XLNav/61hXWrVuLz8rFNM3Yn7AVwnSNOr18uI0NuNwup91imjEsVwgAN66Ec00rQpgRbt26vYx3KnJ/U3BVRJZROYEAdLa0UdPaQNrPckMdvHH4JP1x5zUcPURdSVz2TUsjA3uP8krd8KzM1cTMlgAH467V29bI77fupezkSTszhqQPnGmvPXuasczV6h4OtNijvdo4yMGjW/l9chZMbxsHWkiYi2SXZVl4PJ5sT0NkVXO73URUazE7Sup4pWmQAwnP5NlZruV77aDlzLO1hQMDMwHQxGdu+mdmVLpndPzxVxtP3kFWbSU1ARiYuUBcJmov7zb2ULZ3gLaT/VC+k/+7v53/BXC4kYGmVl4otk8bOHuMA5390ZvWSpQl5HK5CIfDCq6KOMLhcMrAKoARscjN9WOMubh5c5iJiSBjY+N4PG5ycu3vIWvah3ErwtfXrsXG8+X4cPvt2gHGlJvxsTG++vJLpqamAcjN9XNz+NYy3J3I6qDgqogsq7Ld+2kYOExzW3XqZYVOcLOsqZVXKiH2Qe9EB1WH6qg7dBQSygIMJ51+jFdPlnGw9dDMh7XGtoSgZv/JLh472srxEqc9+sFynmun/ZBV2cDxJuLKAgzxWPlJPrkwRJ3zCbO3p5PyvUcVWF1BIpGIliOKrACqd5xFldUEeJ9rQ1AZ/QVmWRPHDzmh1o5jvHryBB1Vh6irO8TrJJYFiJX1aT1kPyN72zhwuI3SNL9InPMZXXeI46ULKbHTS3dngL9pTXdGJ22DTRxvjc7oO/gTygIA9NNJtI+dCfvrjio7E1ZEJIuMiIVhmeAPcSt8lVvO7yNdOVOYpum8iGDm3ubrsXH7dS7gjsy0+6aZjFxncuyG3T3PwLBMjIiFiCwOfaoUkWVWQt3+vXxyOE15gFnL+Uqoqi2HrkzG7uWPJ/sJNB2KfagrqdtPQ9dhft+xe+ZDUuC5WFZNSVUt5XQ5Hyzv5tqJ91hVW05b1wWG6uoooZfuznIeO6oPaSIispIUU1bez8AwUFJC3aFWEp6CzjMytV7+eBIajsYFQisbOBhoTHzmJvTP4Bk9n84WDnQmHyynbAgq0wwRqJ7vV5vlNOyO9rEzYTsHh0G5qyKSZWbYIjQxhScnDDlJwdCpuL/nTSa2Gc4fAPc05Cc1T1iYYQVXRRaLgqsisvxK6vj7vV2xjNHilJ3iNrUAKK+df9yhawxQzmMJA5ZQWnanE1zAtZOUVNVSfnKQYaBk6BoD5bV8T5/RRETkHtDb1kjzzEOQx1J1GrrGAP10Hm6kLampfG+6/ovwjJ5Vc9XJuD3bS92SbbQlIpIdbiuHkWuhJRtbRBaHgqsikhXRbJXmtmpe3xrfMhPYLN97lOPROm93nD26EIt47ZIqHis/SXdvA8XXuqB2v/JfRERkhRlmoL+cMifgGQuqlu/l9dY6Spz6penNX2N16ZVQ91yAtpYeehsqVX5HRO4r29b+X2woKcblcmFZi5NpGh3r5tDw/J1FJCMKropIlsyUB/h1efnM4Ux2Ck47ZCllRJc3Rg8OcW0A2Jr+tEW59uzJ2KUBejooG4DH9iu0KiIiK0xvD52UcdAumEp35x0ES1M+c++0/x08o+dTvjXNShgRkXuXhUVhYSE+nw/LsrAsC5fLFQuQRl8DseCr2+2e1RYvuqnc8NDQst6LyP1MwVURyZ5oeYCT/YlL7/ud5fQAvW2z29Oq5Ht7y2c2qAKGOk7Q1h/g4KEMg5sLvvZsdmmAk7SV7+V1xVbvL9e7OdXeR3HNs+yqyJ+//6Jf/hTt7KS+ZtOyX1tE7hNDHbzR0kmgqTUu2zM++NnLu4dP0p+uLECKZ250BQhNKWqqL8YzOvWN0PF+J+W1R7VC5D412nOCN689yZFntiUcv3zmCO/0OC+2PsPL+6spsls4c+Qdepht6zMvs7+6CBil58SbnBmMb61m35Fn2JbivKQZ0XPiTa49eYTEKSWNWb1v1pzTu8yZI3+i9OX9VBcl3CRH3km8k5l7kFXBAr/fT05ODoZhYpoGbrcbt9uNaZqYponH48HlchGJRADwer1YloVhzO7rdrvxeDx4PB5QyVWRRbNyg6u7T1H4SJqHUeg8obdeIry8M7pHPE/uSy/j9c8csQbeZPy904t3id2nKKy4uTj/DxZzLLknRcsDxOq1OZthNDc6xd7K9/J6U4BXW7q4MFRHXYmTEdrSSGegieMNyeM5uxk3NjpHAvYuxJlMZt5rz3VuNYH+Fl5t7JrJ+imp4rFyoLZKH/juK0H6Pu2joqKCvu4vuF5Rw3KHODfV1FO/zNcUkXtbZ0sjiftAldNwtDXu2VbJC00BDsT6ldNwtInA4RY+uTBEXV2J80vDFg50Os/WukMcHIx7bgKBlIFV2109o2duZPaGVoEmjmdcm6CSmkA/zYcb+WTvUV6pupOLy3Ib7TnBm2cGoTrxuB1YjQuGXj7DkRM9ToB1G88cOcIzs8Yp5cloUHK0j095hpePRAOyGc8oFkBNmhKXz7zJmdJ9HNm/LdbvRE8mgdBoMHhrwpwBLn/eQ/W+5CCurCYWFm6XC7fbjWEYmKaZkLkaH1yNZqvG93W73Ql9o8FWt8uFpeiqyKJxWYtVuCPJWPPCMr1iFHS7czveouCJHZAQTH2NvINP47n5IWNv/2JxrrNCg6upvpJTfXEnf8mn7pO+fa7z0303JR+PH2Ou8xPbUp+TfO43/7E79SQWqL+/n82lpYs65uoxRMexE7A/2/XoJJUvv/ySNX7//B2TBfs498EIj9Y/yJVT7bCznvgE0mDfOT4YeZSdtNPeZx+r2FnPw7fP8UH3cPRAYtapkwkbVRE3ZrDvHH9hO+u7u+lz2h68kpi5GuyLG5tiap7dRSyhNmlsqGBnvR0Qtue6nZqRbqKnZysbV+59n332Gd+qrMSXk7hBRnh6mt7eXh759rdTnjcVCvHAAw8sxxRFZIW4ePEi+QUF6TuM9nDizTMMUk11dQ89xGeB2sFIEoKO6bJJZ8Yqje9/+QxHPn/kDjJL4wO91VT39CRef7SHE29+yqPxmaeXz3DkT6VxGbWzRbNvt1ZXQ8+1xPMZpefEv8LfJmWzyn0nOD7OQw89lLLtPz79lKqqR8hZk0M4HCYcDuPxePB6vYQjEUzDwOfz4Xa7mZ6exrIs/H4/hmHYfb1evB4Pk9SuhgAACdhJREFUkUgEwzDwer34fD6mp6f54sIFvvPoo8t8tyL3npsjI/P2WbmZqxl5jbyDAazPL+J5ZAcucLJav8J38Gk8AIwR+fMuJs9Hz0nK7EzIgn2NvINVWAPFeMsKZ9ris2hD54lM7MBLfLDSCWBGLxEfyNzxFgVPbMCIjjnrmsSCotFqKNFMU/+PuvAlXMeeu+dGqkzU58mtTQ6sAvyCiT9vpuCJALk7mHkfEjKDE98j355z+PMvEsnbEXufYtmvsfO24T94Ck9zPSGw57oh7rJJwdzE9suEm+sJpRxrjvdS5F4zdIFPqOXvFVi9rwS/usRwxaNsYhNUQPuV69RsSspd7Wvnys566mucAGb7KfoqdlJfv8kJzn5K38NOAPR6N3aMtt7OgA32ce6Dc/TFBUiHuy+x/dl66p3X16/EXet6Nx90r2dn/S77/OvdnPqgm7X1NWy63s2p9hFqnq13xrpO96l22rsfnAnu9nUzsrOe+k3RufyFvs1xwVmRDHz22Wd8/vnnXB0cZOfOnbEAa3h6mvb2dkZGR7GAb6cJsIqIJHt03xH2b4PLZ3pSLPHfSmmKgOO1oVHYlthw+d/PMFi9j/1xcdTRoWtsvXaNI0dia/gzKAnwKPuO7GcblznTkzSj0WsMUsqT8ZcuKmXr4Kf0jVanD46WOtmzoz2c6LmW1DjKNeDam0c4E71rlQRYfSwwLXtJv2EYGIYRazIjEQwnkzWarYplEQ6HY/3tjiaGOTOGx+PBMi2VBRBZRO5sT+DuFeKtgKnmWsaaP8Tw78B/MID151rGmmsJ3yzE+53XnL4zwcmxZqd9Ygf+H70WN942vPmddvtbLxHe8RYFj2zD+NzuP9a3AW98ENEJBhJtb36TSN7TFOx5PvWYzhzXxNpfI++JHZix8z/ELHuZvN0Q+vIybKgille1I4DHf5lIqiX+OwJ4/GMYfSnazr/EePOupMBqMRHnPRr7fBjvE+fI3RF3zoYduPqi7Zdxlf3Ybj9bz9jnl+0AcXxgNe88oeaZ/mx4mrzd9lC+PecS2kMDxfheegvfrLGeJ/elp3EPvDnHeylyb+hta+TA4S4e278Ym2PJynGdL7qHqXjQDkxueriG4r5P6QsmdSuu4WEndpm/eTvFFFMzc4DtxcOMBCFWYmBnXGmB/Aq+WwPdX1yPG287m1MGO+3zi2senjl/Uw31Tmaq/ff4QOkmHqxIP1c2PUgF0bmJZO5blZUUFRUxMjpKe3s74enphMBqUVER36rUPu4ikqGiaqrTRjq38Uj1IGf+tYfR6KHL/55UP9Ux2sOferbyzF8lDjZ6bZBBHuXlI0c4cuQILz9zjXeOnOHynFOqnjv4urU0MUO1qIT51n5tq56jLMHoENcGByndZ8/xyJF9lJ55kxM9o+nOkPuQhYVlmlimieks9TcMA8MJrMa/Ng0DIy4IG22LRF87xyzTxLTMWSsyRWThVnbmqn8H/oNdJC/aTK4havRFs0B/gXnzaTx0xgKJoS8v46vYjA8I7/5rvJwnFHdu6O0PcR9MzOo0vpzJlPRVPITr5odMnHUOnP03IhUvx944356AveQ+2s5pJrsCFDzx1/g5TQiAMSL/ER3TmWP+QzPnh84Tip3/Cyaao30vYDzyNO7dwNnoXDqdMZNs3ICLYazzqRrjPU9uxTasgTdngq1n6wk/0IXvO6/BeefaofOEY/dsz8O1MfWIobdrE+d09gJGLCv2NXxlhRifz2Tqht/blWEJgNNMvrWItWJFllFlQ+userByH7h+hb7iGp6NBiPzN7O9uJtLXwWpmDPVcz1r0wRHR4ahr/0UfclNyUHQlOzz1z86T5ppsI9zH3QTLRyQ2dgimfPl5PDkzp38yQmmtre3A8QCq0/GZbOKiNytbc+8zDMn3uTNI05OZ/U+9lX38KekfqN9nzK49VH+tij5/CMciXtdVP23PPPpm/yp569WTmZoUTX7j8RXdt3GM/uqOfLOv3O5OpONt+R+YFkWpvPHsg84LS7773Gvo+2uuHOdnvZrp920nICtUldFFs3KDq4ucOMqK3gx5XHfumLwb0sRsB0jkmYsT35h0ninsSZeTmhnw9MUHnw66cy5fu+ZOD4TX6W5RzsQ6133PHAaT35hQuB3YR7C5QfzVmLQ0giO4bvLJaC+PefwR0sfAAbAjs24GcO4kckIp5ns+2sKH3mZwoMva+MyEVlh7CxRhuGDU0m1jYfvbmOriqS6rYsmLqhasbOeXZvgevcp2pfgUiLJAVZAgVURWSJFVO8/Erep1Cg9J6D0kfjA6Ch9nw6y9dG/zWDTqiJKommmsXqvjup9mdVmHbzGKMxca3SIa0ApcfVaY0MucJOqolK2klw+QO5rlh0ktUzTOWBvZuVyu8C0w6Zu57ULsFwuXG43bsuKbXzlcrtxJWwqYtkxWcVWRRbNyg6uLoWlCNgtYV3Q0JeXKawI4OMh3BsuY76dpuONm1g8hGsHMG/26uKaCapeJty8K1Y3dUHO1ttZwE4dWv/BLvyquyoiK0HwKy4NJ20WBbEA5pXrNSSXXp1fPuuL4dLtIGxayG+45j7frg+btHmWyBKKD7ACCqyKyPIY7ePTwa08WpTiWHLaapoNsYauOcHZWRmjGSgqZSufklDydfRaLGu2qHo/dzrkaM8J3vz00cQNsUavMZhcfkDua9GyAKZlYUQiRIyInc0aVyYAwOV2E3FqrIanp2MlASxzdl+3x4NpGioLILKI7oOaq5kL3xoG/4aZzZIyYATHcOXH79z3PK68xHby7LIDCzHv+WcvYPgfwrunCs/NC6lLAgCc78QIFeKpSFWf9DXyDnY5NVAvYoXAvS6xnye/MMV5mXge78ZCpyZt/ez5nf8Kk8K0JQXSOv8S47H6rVWzSkOIiCy34FeXGE5V+zS/gkcroO/K9ZTnzS2fikcrGO7+S1zd1iB9505xblYh17nO/4LY1YN9nDt1bma8kdsEY03naJ9Vf0BkcUUDrAqsishSuXzmCEfORFcKjtLzr2cYrH4yceMoZ5OpklmRyG08Ug09f5qp2Tra86+c4Rn+aqFr7YuqebJ6kDP/HjenP/Ww9dGKBQdCiyoeZevgGWJDcpkz7/RQ/eQcdVrl/mNhB0fj/himXUPVcDaqitZZjdVfjT8e19eMD7RaKgogsphcTU1N+p4SERERERERERGRe9LBgweXZNwHHnhg3j6rKnNVREREREREREREZLEouCoiIiIiIiIiIiKyAAquioiIiIiIiIiIiCyAgqsiIiIiIiIiIiIiC6DgqoiIiIiIiIiIiMgCKLgqIiIiIiIiIiIisgAKroqIiIiIiIiIiIgsgIKrIiIiIiIiIiIiIgvw/wMs2Aa1pk5WggAAAABJRU5ErkJggg==" height="600" width="800" />]]>
  </system-out>
</testsuite> <!-- testcases.MyInfoFeature -->
