<?xml version="1.0" encoding="UTF-8"?>
<!-- Generated by org.testng.reporters.JUnitReportReporter -->
<testsuite skipped="0" hostname="LAPTOP-JEI8AS0O" name="testcases.LoginFeature" tests="3" failures="0" timestamp="2021-10-10T15:51:00 EDT" time="12.897" errors="0">
  <testcase name="LoginSuccess_001" time="4.101" classname="testcases.LoginFeature"/>
  <system-out>
    <![CDATA[<img src="data:image/png;base64, iVBORw0KGgoAAAANSUhEUgAABVcAAAJWCAYAAABcXLeiAAAAAXNSR0IArs4c6QAAIABJREFUeJzs3XeQXed55/nve8LNt2/37YyOQCNnAiBIgkFMEkmRSp6V7Z2VvfbWVm251qr1Fv/0uqamamprw3hnZmvsCeWqVVkzli3LEiVKJkVSEkmRBBGIDDRy6m50DjeHc8777h/3otFANwIpCiDk51PVbPbtE95z7u1/fnjO8yhjjEEIIYQQQgghhBBCCCHEvJdffvm221h3YR1CCCGEEEIIIYQQQgjxG0fCVSGEEEIIIYQQQgghhPgEJFwVQgghhBBCCCGEEEKIT0DCVSGEEEIIIYQQQgghhPgEJFwVQgghhBBCCCGEEEKIT0DCVSGEEEIIIYQQQgghhPgEJFwVQgghhBBCCCGEEEKIT0DCVSGEEEIIIYQQQgghhPgEJFwVQgghhBBCCCGEEEKIT0DCVSGEEEIIIYQQQgghhPgEJFwVQgghhBBCCCGEEEKIT0DCVSGEEEIIIYQQQgghhPgEJFwVQgghhBBCCCGEEEKIT0DCVSGEEEIIIYQQQgghhPgEnHu9gF+nsl9hujTDcP4Kw7kRrhTGGC9OMFuZo+yX8Y0P5tr2BkPMifHYsof55+u+jkKhlLp3FyCEEEIIIYQQQgghhPjM+o0LV33tM1aY4NTsGU5Mn2Q4P8JcJUtFV/ACn0D7BEZjMMwnq0aBAoMm7IRZ1TiAQkJVIYQQQgghhBBCCCHEzf1GhaujhXH2jR3gwMQhrhTGyFfzVIMqGg2AMbXqVGMMUSeCpWw87RHg11+LMpBaztrm1VKxKoQQQgghhBBCCCGEuKXfmHB1ojjFK2d/wvHpQSZKk3jaqxWmKlAoDAaNJubEGGhYTtgOMVocY7o8g29qwWtLtIXHlj1MMpS415cjhBBCCCGEEEIIIYT4jLvvw1VjDJWgwusX32T36B5yXo5anKpAmas1q8SdGBua19EVX0ZgAs5nLlDwiwQmwBhNwo2zvmkNm1o2YCmZ8yWEEEIIIYQQQgghhLi1+z5c1UZzcuY0713ZTd7L13ulqvmeqnEnRn9DHysbVzDQ0M9YcZITM4NcyF6i4BfrR1Esi3fyYPs2GkLJe3g1QgghhBBCCCGEEEKI+8V9Ha4aYyj5JX429C7T5VmMMShVC1bDdoiWaAurUgNsb9tKOtLE8ZlBfj70DhPFiVrHAKXQRtMQSrIuvYZ10mtVCCGEEEIIIYQQQghxh+7rcDUwmvHiFHvG9qO1xgAWFo3hBlY1ruSRzp2sbFzOVGmaN4d+wS+G3wXAUvW2AYClLNan1/BQxw5ibuweXo0QQgghhBBCCCGEEOJ+cl+Hq772uZwdIu8VCFsuruXQHG3mqa7HeXTZQ6QiKQanT/HKuR9zbGYQW9nzoSoYtNG0xVrZ0rqZlU0D9/RahBBCCCGEEEIIIYQQ95f7Nlw1xuBrj/OZC4DBtmx2tG/j+b5nWZ1eSTWo8ouh9/jJhdcZK47hqOsv1dT3eaTzIXZ2bCNku/fmQoQQQgghhBBCCCGEEPel+zZcBagEVU7PncPC4rcGvsKzfZ8jHWmi6BV5Z/g9fnLhp4wXJ7GVvWjfauDxdPcTPNr5EE2RxnuweiGEEEIIIYQQQgghxP3svg1XtdFUgwoxJ8r/uu1/ZlvbVlLhJIVqkR+df513ht9jujSNpRQsaAUAtVB2R9sDPNf/LP2pXixl3bPrEEIIIYQQQgghhBBC3J/u23AVIObG+OrKl1iR6ifuxtBG896V3Xw4uo/p8gxGXY1VDcbUAlmlFI907OSF5Z9nRaof15J2AEIIIYQQQgghhBBCiI/vvg1XLWURd+OsTa8mbIcwxvDR+CHeHn6PkcIovglAKSwUYTtMOtLEioY+BlLL2dKyga7kMiJ2GKXU7U8mhBBCCCGEEEIIIYQQN7hvw1WlFI5y5i9gtpzhw/GDFLXHQONyGt0EDaEkiVCCVKSJlmgz7dFW2mKtpMIN2NIKQAghhBBCCCGEEEII8Su4b8PVxQxr0ytZ27iCBuWSUhYNVpioGyMabiAabQQnApYj1apCCCGEEEIIIYQQQohf2WczXDW1wVNG+6ADUBZYNkpZcJNgtAHFM+EOyI6hc1egnAO/CgqMHcaLJFHxZlSiFSvZhoqmwInUjimEEEIIIYQQQgghhBAf02cqXDVGg1/BlHOY8hymlIFqEZwwKpxEheMQTqBCcZQTroWudXa1gB4fRA8dxEyewy/OYqoFjF8FDNghrGQrqrkPu2MDVutq7HQfxFsgFJWQVQghhBBCCCGEEEII8bF8NsJVYzBBFVOcQU+exR85hL5yBJ0dw1RLYIex4mmsVCdW2yrs1jVY6X5UvAlC8VowGm2Enu1YLQOQn8SZHUZPnUPPDqMLU1ApoOdGYGaI4Oz7qEQbdt92nIHHsDs3QixdC2yFEEIIIYQQQgghhBDiDihj6s/g3yPGGAg89PQ5vMHX8Y6/jslPgWUBCqWs2jZGX10yKtqA3b0VZ81TOMt3ocINoKxFvVSNV8bkJwkmTuFf2od//j0oZkB7XL1sK9mGu+YZnHXPYbWuRln2TVsPCCGEEEIIIYQQQggh/ml4+eWXb7vNvQ9X/TL+pT14e79NcPkgWHbtC0BrMMG1bVG14LO+ZGWHsPu2E370f8RqXYtyQjc/j/bRs0N4J9/AO/C9WssBq34sY7A71xN65A9xVzwG1mejoFcIIYQQQgghhBBCCHFvfObDVRNU8U68hnf4+wQTZ1E6ABSgwYBq6cfqWIcVbwZlYyo5TOYKem4YPTeKCjywXVSsidBTf4K74lFUKLb0uYwB7YNXJpgYpHrg7wgu7a+1HVAWKBu7dQWhrV/D3fQVUPZdvRdCCCGEEEIIIYQQQojPjjsJV+9diabR+Offxzv6Y4LxM9ce+1cGFWsmtP13sHq2Y8VbwA7VM1cNfhlTyqCnzxMMH8Q79x4mM0b17X+HMhq7/2GsaGrR6ZRSYLtgu9jLthCOt+A1fB//9DuY3ASGgGDqPJUD34N4C+7AE3f3fgghhBBCCCGEEEIIIe4r9yxcDcYH8QffQE+cBhOg6o/8W03dhHb8c+zlj6JiTWA51/dSNQaTbMdq7MJqX4fdsx3/5Ft4l/ZS3f83hKONqJ5tKNu96bmVE8Zq6sXd/DWwQ/gnforJT9YKZmcu4+3/DlbraqxkW21YlhBCCCGEEEIIIYQQQtzgnoSrupzDO/6PBEMHwSvXAkyjUck23G2/g7P6GVSkYemdlaoFp9FGrEgKK9WJle5Hta7AO/JD/Et7sJp6UanOW65BWQ5Wuh93/RcxlQLm5FtQyYP2CUZP4B3+PuGH/xCcyMcecBUEAYHWKKVwbHvRoK2FjDForQmCAAPYloXjfPpvizGmtq4gQCkL13Vuua6Pe0xQWJaFZSmUuvZ14/ZX3e7cxhi0MQS+jzEGy7KwbRvLur/DbmMMBkPBK+JaLiHbxfqEAb42Bl/7VIIKcTeO4vb3VQghhBBCCCGEEEJ8eu5NuDp2jGDoAKY0Vx9QpSGawu7fibPqyZsHqzdQSkEojt25ARVtAK+Mzoyi54ZQyTaUdeu+qcqysdL9OKuexOQmCM69X1tPUMUf/CnuuudqQe2CKthq1WNubpa5TIZQKIRSip7ubpRSeJ7H5aEhzpw5w/T0DD29PWx/4AESicSicxcKBcbGxxm6PMTExAS5fB6loKGhgfb2dnp6eljW2YnrurcMzLQxVCoVRkZGsG0b3/NpbGykqakR27YplUqMjY9z8eJFJicnKZZKhFyXdDpNd1c33d1dpFKpOw4tgyAgm8sxNjbG0OUhJqcmqVQqgMK2LcLhMLFYnEg4jOu62E4tXK5Uqhit2bJ1Cy3NzUtekzGGUqnE+MQEly9f5sroKIV8AWM0oVCIpqYmuru6Wda1jHQ6Tchdujo5W80xUZyk4lfQxmAri/Z4G83R9G2vr+SXmShOkq3kcCybol+mJ7mMdKSJbCXHRGmSglfEUhaOsvFNgBd4VLWHRuMoh5gTJRVuoDmSJu7GsG/4HFaDKq9dfJPGcCMPtG6iJbr0/bgVg2GuMsfRyRNMlqZ4vv9Z4u7S/YaFEEIIIYQQQgghxK/HXQ9XjVfGP/ceOjcBxsxXhVrpXpzVT9d6rH4CVmMP7gNfxz/9c6Ae2HL7oVTKdrA71qP7HyIYOQzVAsaAmR3CHz6AG29BLejhmi/k2b//I/bs3Us8HqetrZXf+8Y3qFQq7N23j/fff5+Dhw4xNTXNM08/zfq16+bDVWMMvu9z6dIl9h84wLmz57hyZZS5uTkKhQKVagUFtLW3s3btGh7csYNt27bRkExi20tfi9GafD7P97//A/wgoFqt8uQTT7B9+zYKhQIHDh7iwIEDnDp1ionJCYrFErZt09zczIrly9m6dSsPPbST3p4eQqHQLe9VoVjkwvkLHDh4kNNnzjAzM0M4HCYei6GUIpvLMTk5QblcxnVDdLS309bWhjaG2dkZjDZ0dHbSnF4cclYqFUZHxzhy9AhHjx7l4qVLaG2IxWLYtk0QBPi+RyKeoK+/jwe2bmX9unU0NTUtOla2kuX9K3sYyV/BGENjuJGneh6/o3C14BU4PjXIgYnDhGyXvFfkS8ufJ+kmuJwb4sPRfYwURnGVQyqUojmaxgAlv0SmmmWukiFkuzRHmulL9rC6aSX9DT2EnXDt/cKQqWR56/LbhO0wqVCSVLiBkH3re38jX/tczFzmR+dfI+/leXTZw8TcaK29hhBCCCGEEEIIIYS4K+56uKqzo/jDhzDVYq1azxgIx7Hb12Iv2/QrHdtO96M2vgRWCD5GyGRFktitK7FaB9BDh2oVr8rCP/MOTu9OTCQ533u1WChy6MhhvvOd7xCLx3nyyc/xjf/uG+zdu4+/+A//gVOnTlGplMFAsVTCrVdXGmOoVqvs3bePn/70Dc6ePUs0FqOnp4fVq1dhWRZzc3OcPHWKwcFB9uzZwwcffMDv/97v8+STn6M5nb5pdaPWmtdef52xsTEsy6JrWa2y86MDB3jn3XfIZrMkEwl6e3qpVqtMTExw6tQpjh49wocffsjly5f58pe/xLq1a29awVosldi7dy8/+tGrHDhwgFQqxWOPPcaju3bR29uDZVkMj4yw+4Pd/OznP+fcufMEQUB/fz9tbW1k6oFqLBZddOxSqcTgyZP842uv8e4vf0k2k2Hrlq088/STrFy5kmgkwuzcLCdOnODDPXv46MBH7N79IV/+0kt84fOfXxSw+jrg7Nx5Dk0ewVKKFanl7Fq2844+C74OmCxNs3tsL45V+/N4vGsX2mimSjMMzpzmQvYSjuWwsnEFOzq2kQwl8I3PeGGCo9MnGJw5yeHJY8ScKFtaNvHC8s+zLr0a27IxxjBdmqUSVBgtjHN06ji9yW464u13XL1qjGG2NMeRqWOcnDtFa6SZsl+utV2QbFUIIYQQQgghhBDirrnr4WoweRpTnAWtwbIwOsBKtmN1bsAKL358/uOyEm0ffydloRKt2C0DBEMHa/mUZaPHBjGFSUgtA7sWOrquQyQcwbIsQq5LR3sHV0ZH+da3vsXE+Djd3d04tk2xVKQxlcJxahWnWmvmMhn+/V/8Jblcjt//vd/j4Yceor2jnXC9YrRcqXD27Dl+8MorvPLKKwwODvJXf/VXtLe3sfPBBwmHw4uXrhSRcITGxhRTU1OEQiFKpRJvv/MOR44eZWDFCp566il6e3qJx2NkslmOHDnK3/7d33Hy5EkmJib44Y9+RCQSobenh2QyuegcWmtOnz7DX//1t3n/g/fZsH493/jGN3jpxRevW1NXVxebN22itbWVv/3ud8lkM4RDIV54/jmamprme64uDBGDIODMmbP87d99lx+9+iqNqQaefeZZ/uiP/oiuZdf3zX34oYfY9cgu/uY73+GHP/whY2NjRKNRnn/uueurbpXCUTaO5aAARzk46uYDzhaylEXIdnEsB1tZKCxClotSFpaysC0HSykcy6I91sr29i1EnMj8/js7tvODsz/mg9E9TJen2T95gEQoTm+ym4Zwsv44fwZtNErB0akTbG7ZSEusGfcO1+hrn/PZi3w0cQgLC20MuWoec/tdhRBCCCGEEEIIIcSn6O6Hq0MHwatcNyPKamjHTvdzL8vuVCgG8ebaGpQCFKaUQecmsIMq1PuuhkIhIpEIuh4UVsoV/uvf/FeK5RJ/8id/woYN63Fdl9HRMWzbng8UtTaUS2VCboj//V/9K9avX7foMfxYNMrGDetpb2tlenqan/3sLc6cPcMv3n6Hvt4+enq6l6xudBybcChcGyYFvPHGGyxfvpwvvfQiz33hC0Qi18K/q+0Aenq6+b/+73/N4OAg09PTHDhwgMFHH+XBHdsXnaNYLPLdv/8uhw4dIhaLs2vXLp5/7rklw95oNMpXvvIVhq+M8O1vf5sfvPIDWtta+a2vfW1RawNjDLOzs/zD97/Pa6+9RjgU4rFHH+Ob3/wm7W2tS1ynw4YN63nhhRc4f/48+/bv59//xV8wMDDA+nXrau+jUoQtd77qtDYkzCa2IAC9FVspQtaCkFNBxAnXglbLqg+fUoAFWHg6YOGRm6Npnut7hrHiGLPlOSp+laH8CJdzQ2wMr8cYw2RpEm00jrK5lLvMiZmT9DZ00x5ru6NBX2OFCQ5PHuNSdghHOQRGM1OexUi8KoQQQgghhBBCCHFX3fXR63ryLGifq0GqUhYqnKgNpLqXlEJZNspekDcbMJlRjFeef6nqeVSqFRzHplwu89M3f8o777zD//anf8qLX3yBVStX0t/XxyMPP8TOB3fMV4JaliKVauDP/uxP2bBh/U37m1qWRVNTE7/z21/Hsh1s22b//n2Mjl5Ba73EshWO42C7terKQrHI5eFhtm17gOefe+66YHWh7du28dJLL9HZ2QkYhoaHOHz40JLnuHjpMmfPnCWbyzEwMMCmTZuJx+M3vZWJRJy1a9bS37+cS5cu8+abbzI7N7fktr987332799PoZBnYGCAF1/84pLB6sLrXbtmNQ8//DCWpZiamuJv//bvrttGG10PGtV8WOmb4KbHXMhSNmE7XIsp6yG7Xz9exArjKBuDQaEIWQ6OWvwn1BRppCGUmh9kVfJLTJWmgVrP1Xy1QGCCWm9f4NDEEU7NnLmjcFQbzYmZkxyYOIxStTBdG022mp0P8oUQQgghhBBCCCHE3XHXw1VTmK61BKj9hAGMHYZ7PencUOv/Ov8DYFno3Dj4lUWbK2XhBwH5QoFv/vE3WbF8OY5z80Jgy7JIpVIMrFhxy+0AbNumo6OTpsZGbNthcnKKbC5HECwdEFqWRSxa62VarVZ54vHH2b59+20HVD3+6KP09vailEUmk2F4eIRyubxou5MnT5LNZlEK2tpa64HsrbW2tNCcTtd6lU5Pc/r06UXbzMzO8t5773Hx0iWikSh9vb1s2nT7vrvJZJKurlpf2VKpzNtvv8Ps7Nx8MGwpGwurFt8bsLBwrTsr0g6MpqJ9HCyMMdjKImKHsJRF3IniWg6G2utWPXy9kTYaMChV+4S7lkvCvTbUbLI0TXB1rVhczg8zOHOamfLSAfRCI/krHJ06zlhxDFtZGAXaBGS9vFSuCiGEEEIIIYQQQtxldz1cpR48XSeogr841LurrmZkOrj+pWr5utcsZdUf99dYlqKtrY3t27cTiURu+Ui3UrUqStu2b/vot1KKSCRMY2MjSil836da9eYDuRvZtk2kHqRaStHT3U1Lc8ttz5NKNdDU2EgoFMKrehSKBcqVxUHy2NgYlWoFpSxCoRDh8O0n24cj4Vq4a6BcKjM1Nb1om9OnTzM6Okq1WqUpnWZgYAWphttXMLuuS3M6TVtbG1prcvkcZ8+exff92u8tp/74vsFgsJQibN1+zVB7f68GqMZcrVB1USg846ExWPU/G20MmsXvSa6aI1vN4WkfS1k0R9L0N/SijaESVJkoTV79ZwVQtUB3cPY0x6ZO1IPZpVWDKgcnjnJy9gwKq/4FGsNseXZBxa4QQgghhBBCCCGEuBvufrh63Slr0RDVIqacv/tLWSjwMV4JozXzSavW84+GX6UshWXVqhodx2XlypWkm5qwrE//VgaBD/Vw0LLULcPSq+d3XJempkZisehtj++6LslkgnA4jDYGz/epVquLtguFwyhlXRtIdQe9catVD8/359d84yPrWmtOnTrN9MwMxhhaW1pYcQdVvVevNRaL09CQQmuN51WZnbtWueooG0up+ZjRqg+3uhOOsona4fmQUgG2slHKouRXCExQr1ilPuTq+ntR9st8MLqXodwwgQ7oT/bycMcOGiONgMHTHtOlaTSazS0baYu24CibkfwVjk2dmG8fsJTL2WGOTZ+gHFRYl17DuvQaAqMxRjNTmsXT3qJ/txBCCCGEEEIIIYQQvz53faAVkUStNQDMP7ZtijPo7Ch226q7vpyrTLWIKczAwto/VR9utXD4llL1qshaxWhTY+MdBYK3Pb8xBEFALp9nbHSMd3/5LlNTUxhtsGwLx3EWBXkLlcplLKtWVeu67qLhUTc759WKWqXqtZBL9BDt7e0hFo1ijKZYLFEoFG577EwmQy6XwwCRSITWlpbrfh8EAcMjI+TzeSyr1iv22LHjBL6mWq0QjkRwHBvHcQGD7/l4vo/neTiOzcWLl5ianATA8zwK+QJa1985pa4LgDOVDPvGD9CcaUIpi4quglI4qlbhqk2AbwIsoBp4nM2cZ/5NV1zX2/RqL9da3akhMJpAB1SCCmOFCfaNH+C9kd1kqlnWNa3hia5dbGrZgGPZ+Dqg4lfIVHME2mdH+wOMFybYPbaXidIUp+fOcmDiMF/oe3rR++AFHvvHD3Iuc4HuxDIe6XyQydI0R6aPYQxkvRxlv0LCjd9R+C2EEEIIIYQQQgghfnV3PVy1mroxc8OYoBZSoRQ6O4YeP4npfwjlLJ5A/2tndC3gnb2MWlDxCKAiSVhY9VgPIjG10M11Q1jWxw+zyuUy2WyWmdlZZqZnmJyaYnZ2ltm5OWZnZ5gYn5gPCy3LwrHtW1bHVj2vFpBaFkEQLDmYatFlG1PfrnYex3EIhxff/zWrV9Pa2sLpMzZjo6MMDQ+zdeuWm66nWq1y6dIlxkZHCYVCtLW30dffd902lUqFqclJyuUytm2TzWbZt38/586fRylFLBartxUw14ZSBQGeV0VrQ6FQIBQO0dfXW69kjV7/PizIxDPVDPsnDhJ341jKRqNxlI3CwgCB8QlMgF3fY7w0ueR1LczZfe1zMXuJH59/nagdYa6S4UphjFwlRzqSZlPLBja3bGB100qaIo1ArTdqppqlrCsoLHoSXQyklnMxd5nJ8jRjxXEOThxmW+sW2uLXD/U6P3eBQ5NHqARVNjavY3PLRvaPH0ShMBhyXh4v8GoVwpKtCiGEEEIIIYQQQtwVdz1ctVtWoi9/NP+zUhaU5ggmTqMzV7Cbl9/tJWH8Cjo7ipkbBsu+lk0ZjWroBDdy030/To5lTC0UvHDxIsePH2fkyhWKxSK2bePYDoZawNnR3k5vTy/nL1ygWCjU2xAsfrR+yfUohdb6jsLV2ppq369WvS4VFHd0dPDggzs5d/48I1eucPToUXbs2E7XsmVLXuO58+c5MXiC6ZkZurqWsfPBBxdVrmqtKZaK+L6PMYZ0Os3WLVtoa28j5IZwXRfHsQkCjVJgW7UgVGuN7/sEQa3nrTEG27ZZtWrlogrienxP3I2zsnEFqXAKhcK2bGxl16qFqT1WT72XajWoYiubM7PnlnzC3sz/1zBdmuHdkd14QYWiX6IclHm2+ym2tm2mN9lNSyxN2L4WVvs6YK6SIdA+cTdOyAnRm+xmRaqfS7khMtUsl3JDHJo8yrPRJ+fD64pfYc/YR1zOj9CX7GFDeh3NkSbCdghFrYK25JepBBXpCiCEEEIIIYQQQghxF939ytX2NeDGoJSpJXtKYQIfPX0B/+IerMYulH1nw4c+LbowhZ46jynMgmUtTBxRDe3XV9NeDTnrPQ3uJPCE2mPwmUyGt995hw927+bgwUMkEgkGBlawdu1a1qxeTXt7B83pJhLJJBMTE7z66qugwLadjxWY3ilV7+UKtYpXZSn8IFi0XTQS4fOff5aRkWF+8Yu3+ejAR/T29vD5z3+epqYm3HqoWa1WGR0b48c//gnHjh0nnW7iscce46mnnqpVoS5gWRZGm/l2CN1dXXz1K19h3bq1i9YI11oY3Hi/F7Y2uP4X1761RJp5pudJOhPtt70n2UqOmBPj7ZH3uFV07lguLdEWmiNpDk8doeSXsZVN3I2xPNVHa7QF+4bK3sAEzJbnCExA3IkTsl2iTpRNzeu5kLnEkenjTJdm2Tu+nwdaN9MarwXSl7JDHJw6gq89NjWvZ0WqD8dyCdthLFUbruZrj1w1Xw+Kb98SQgghhBBCCCGEEEL86u5+5WrrKlSyDZ2fBB2gAGXZmMwV/MHXsbs2Ybevq1W03gUm8NBjgwTDh8Bo5gduGQPxFqxY+rq2AMZcH6jqOwhXjTHMzWV4/aev86///M8pFots376D3/md3+bRRx6hqanpuh6pvh/geR6lchljTK2HqmPXh2st7VqQd+e1i5ZV6+V6NZh0HAfbWjqYG1ixgt/93d8lmWzgzTff4Nv/5b8wOzfHls2baWxsxGjD1PQUu3d/yN69e4nHYrz04ou88MLz9Pf1LTqesiwi0cj8+T3Po1Kp3LTVgJofInVntcLmuv832Hf8eapVpS7dt/Taa5ZS9DX08FzvMziWzQeje9BG88bQz0lH0zzS+SDpSNN16/W1z0RxEgM0hBOE7TBKKdamV3Muc5Hz2UvkvBwXspf5cGwfL654Dl/7/GzoHa4UxljbuJr1zWtJhpN4gUfIDhG1wxT9EtpoZitzaPPpBvBCCCGEEEIIIYQQ4ubufuVqogWrazPB9MVa9erVoVFao6cv4R38HtYTf4yKpWs73GH7eH3hAAAgAElEQVSY9kkYo9H5SfzL+wnGTqIWBos6wO5YgxVvQS0MV2+sVr2DcNXzPE6fPs2f//n/Qy6Xp6u7i2/+8R+zdesWopGlWg4YAj+o9041OLZd67l6i3sRiUauBb93WE1bCwsVRtcevXcdd1GF6VWWZbF2zRps26ZQKPDmW2/x6quvsufDPaQaG9FaMzMzg+PYPPHEEzz++ONs3LCBZDKx5PFCrktbWxuRSIRcLkehWGRubm6+EvVXcfUx//mfMQRmcUXuUjQG/+q26urxDKbeNkCZWr9dbTQK6G3o4qsDX+Ri9jJX8qNkq1lev/QmyVCChzq2E3bCtb6oxuBpj/HiFApIOHEc5aBQJMNJNjSvZXDmFAcmD5OpZPnF8Hs82vUI2XKWPWP78QKPnR3bWZHqw1JWrd+v5RJ1YhT8EhrNbHmWQMJVIYQQQgghhBBCiLvmroerKBt39VME5z9Al6+1BsCywCvin34H5biEH/9jCMUB61cO25ZijMFU8vgn38C/sBtMAJa9IJg0OCufQEVT1wW81ypXa8Hk7SpXjTHMZTLs3beXmdkZXMfl6aeeZmBgxU2C1atnN2hdG0x1dVDVre6DbTvoICAINKFQGNd1b3sPPN+rDYgytXPYtnXT4VzGGM6cPcfff+8fGJ+Y5OWXX+bRRx5GWRaz9VC0KdVIQ0OSaDR6XSXuUlzXZdWq1Xy4+0MmJyaYnZ1lZHT0UwlXA6PRmPk6U2MMgb7DcNUYKtqvB6u1UNTXtb6wCTeOa7kE6Pq2Gm0M/Q19/MnWP+Jf7v0/KHpFLmeH+enFn5EMJdjSuhFb1e5Fxa8yWa4Ny0qFU7i2O3+t/Q19rEuv5vjMSXztcaUwyhsXfsZEaZK5yhxbWjexrnkNyVASAFvZxNwoUSdauz5jyHsFDBKuCiGEEEIIIYQQQtwtd+fZ+xvYLQM4neuxwskbqiwVeEW8Y69Ref8/YvJTH6MK82MKqnjHX8U/8RrkJuHGx8ajDTjd22r9YRe6oS2A0bdfXzab5fiJQUKhWu/W1tbW+T6lSzHG4Hkevh/gOA5+4BMEwU37u17d/uqwJTfk3jbcBNBBgO/7AFjKIljw841yuTzf+ta3eP2111i7ZjVffP55Ojo6aG9rY82qVaxdvZqOjnbi8fhNH+2/0Y5tD9C5rBPLsRkfH+f4sWPkcrk72vdWKtq7Vn1KLWwtBZU72tcYjdYBqt4YQBtNRVfR9XYBC/vs2srGUTaO5bCisZ+vr/wqcTeOpSxOzJ7ivZEPuZwdhvpxin6RmdIsoEg4MawFn7lEKM7a9GrWp9egAU9X+cH5n/DelQ/xdcCOtgdojV4bCmYpi7AdIuqE69XUmmw1d0dtKoQQQgghhBBCCCHEp+OehKvYYdyNX0K1rsIs7I55tWIx8PCO/Jjyz/5PgpGDmGrxUz29LkxR3fvXeAf+gWBmqH7q+uAkDMYO4277OirZXqtmXbivMfVq0quv3D7M0oGmUqlcLYakVCrecjhVrYrUplQqXbe2m/F9n2KxWF+TolgqU616t10XgNZ6fkBXoDWet3S4euDgQc6eO4eyLFKpBiKRMJZlYVkWtm1j2/Z8de2dVp729vby4PYdtLe1UyqVOHnyJLt3f3hH+17l+z6zs7PX9cK1VS0YvVaDbLiT9wlqoWXIdghMUD+GwdM+xmjyXpGq9rCUwtTbB/jGr71fls2zfU/y2LJHiLkxtNHsHt3DTy/+jKniNL72matkyHl5lKq1Arha0Qq197i/oY8dbQ/gKgdjoBpUKAUltrZsYl16DYlQ/Lp761ouMTde2x+YKs7gae+Oh6wJIYQQQgghhBBCiF/NPQlXlVJYratwVn0Oq7EbAn/hL2vfgyrB5QNU3v5/qR78e4LJsxiv9InPaYzGVHL4F3dT+cW/xTv6KiY3Xhtipeaba6KUhZXuxl3/RagPHLrhQPW+prUfPd9fNOTqRrFYlJ6ebnzfx1KKE8eOk88XltxHa00mk+GHr/yQUqlUD3ItLMteMrQ0xhAEAZVqZf541WoF3799uOp5PpVqFd+vVXm6jkM4vHTP1WKhgO955HI5BgdPcvT4cbLZLJVKBd/3KZfLVCoVqtUqvu/fMjy+ynVdnnnmGbZv24bruly8dIlXfvhD9u7ff9t9jTHMzs7ys5//gh//5B+v+12gr1X5GhYPIbuVQAeUvDIWV8N26r1uFb72awOjVK0dxI19XGNOjC/0Ps3yhj7ClkvRL/HRxEHeGX6Pkl+mElSp6mqt56obXzRkKxlKMNC4glWNA/jar7UiNprPdT9KW6z1uiFbV3uuJtwYRhmMgenKDNWgev0/WAghhBBCCCGEEEKIX5u733O1ToWiuCsfx8xexitnMeXstYFSV0NEr4SeOI1XmCEYOoDdtRG7extWug8VSaHs2/QVNQbjV9C5cfTUWYJL+wjGTqBnLoNXrp/qWrCK0ah4C6Ed/20t9F0izHRcFzfkzg8O8rxbh5hKKRobG9mxfQff+94/AHDk2DHefOstnn/uOTo7O+Yf4S+VSgwOnuTNt94il8vR0tLCxMQEmUyGTDaL53k4S7QT8H0fr+rVLsEYfM8nCG4fbjqOjQ50fXCWA6ibPtLf29tLU1MTJ0+dYvfu3YyNj9HZ2Uk8FicUctHaYNs2bv3+JOIJ2tpa6enpob+vj8bGxiXvTV9fL//NP/tnBEHAz3/xc/bu20vVqzLz9d9m54M7aGxsvG5NgdZkM1lODJ7g3Xff5djx43ztq1+7Lnj2tY+vfWrRqEIbTVXfWSWvwaDRaKOxlIUxUPYraKPxjU9gAkx9oJUfXF8lqpSiJ9nFi/1foOJXOJM5x3R5ht1j+3Asl0pQO45NrZUAXP/5si2b7mQnD3fs4OTs6fl+ruua1xB3Y4vCdduy5gdmoWC2MkvJL8+vXQghhBBCCCGEEEL8et2zcBUUKtmOs+ZZTDmHf+Zt8Ku1wVbzm1i1gDQ3QVCaRc9eIhg5ipXqRjX1YDW0o2JpVCQJlnNtOJZfxpRz6MIUJjOKnrmInhvBzFzGlLNcDd0WVqwaY1CJFpw1z+As34Wylr41vu9TqVQIfB9vQZXmrfqMRqNRNm/ayJdeeokfvfoqmUyGH7zyCpOTE2zcuJGGhgaKxRLDw0MMDQ2TSqX44otfJBKL8b3vfY+5uTneePMNcrksGzZsoK+vj4Zksr50Q7Xqkc1m8LxaFWqlUsEPln68fyHP9+v7eCilKJfL+L5POBxetG1vbw/PPPM0pXKZM2fOcODAQUKh4ziOMx/6ObaNVW8REAmHaUilaG1pYfWa1Tz80EPs2L590aAt13XZvHkzAPF4nA9272b//o/IZXPs3v0B6zdsoLkpTSQawfd9JiYmuXDxAufPX6BSKbN1y1Z2bN9+3TEDUwtHrw7H0ibAC+6wTYLRVILqgpYCujbQqt5rVRtdC2Dr25WCCnHi8/s7tsOm1g2MFEbJVrOMlya5kh/l50PvErLd+VYAtrKXyu6JuwlWp1exIrWcc5kLPLFsF03hxiXDUkvZhK3wfERb8stkqzl8HdTDWyGEEEIIIYQQQgjx63RPExhlOdidG8BoTFAluPAhxitdq2CFWgCqFAQ+OjOKnhtFOYdQsab6VyMqnKiFq1dHOvkVTCWPKc5iCjNQzoL2ma8UXBhUXQ1W42mc1U/hbvkqVix98zWjaGluYfu27cQTCTo62m8brtq2TVdXF3/wB/89oXCIwcFBhoaG+PFPfsK+/R/R2JgiGo2RTCYZWLGCJx5/jIGBAdJNafK5HBcuXmRmeoYzZ87S0dFJd1fXdcf3A5/+/n6WdXZRrpRpaWm5o6FSnufR1dXNzp0PYSlFW1sbfhAsuW0ymeTpp56iUq2Sy+W4cuUKzc3NNKQaiMfiRMJhPM+jWCqSmcswPT3N5aEhlFIcOnyIkydPUvU8Hn/00UV9WZPJBDt2bKelpZm1a9dw+PARzp49y1tv/Yz9Hx0gmUwSiUTq9x8ikQhdy5axceNGHtq5k87OjuvWGrbDbGxeTzrShFKK5kiahlDytvcDwLFcOuMdPN3zBLay0UbTHmvFVjbtsTa2t22lr6EXS1l0J5bhLBF6JkMJHul8EGM0Q/kRXKsWqrqWw/KGfqqmSldi2ZIBqGPZdCU6eXH5Fzg6Pcijyx4i4kSWbAkRd2KsaVpF3stjWw7GGGJO9I573gohhBBCCCGEEEKIX40yn4HpN8Yr4w8fxD/8ffzLH0ElX69gvUlIVHv+/frOkqoWfBqu9kM1879QSi35iP/V46hEM/byR3C3/hZOx/qbnxcoFIpcvHiRy0NDRKNRLEvxyMMPX1fBeTNaa4ZHRvjoo484cWKQyclJgiAgFo/R093Dpo0b2bJlM42NjfN9Qk8MDnLp4iXKlTLNzc2sWL6c9vb2+epSrTW5XI4P9+wlHA5TLpfpWraM5cv7SSQSt1zPzOwsZ86cIZ8vgIHGphTr160jGo0u2jaTyXD8xAn27t3H2XPniEWjrFy1krbWVhoaUsRiMcrlMvl8nqnJSS5cvMix48e5dOkS+XyOcDjCE088wb/8F/+CxsbUkuGvMYZCocDQ8DDHjx/n7JmzTE5NUS6XsWyLWDRGT083a9asYe2aNXR0dCyqhAXIVwv1Cs5a9a5t2TSEkiRDt74fABW/wmxljmpQq+bVOqAp0kjcjZP3ChSqBXwTgIKwFSIdacJdoj1FoAOmyzMUqgUcy8Wxaq0AAqOpBhXSkSZibmzJitRAB5T8MrOVOTrjHdjKWvKz5WmPXDVPtpLDtmpBcDrSRMyJYt8wiE0IIYQQQgghhBBCfDwvv/zybbf5TISrAMYrEUycwjvwXYKhA5jiLNcqTW8eWi5cvFritYWvL9yr1kFAoeLNOCufwN3wReyO9ddXtd7Jum/ouXmn++TzebLZLAaIx2IkEoklg8LPglKpzLu//CXf+4fvUa1Uee6553jqqSdpbWlZsgdsEATMzs3x/vsf8Oqrr7Jv/36q1SqpVIp/92//Ldu3PbDkfgtpbahUKuQLeYrFIrZtE4/HScTjn9n7JIQQQgghhBBCCCF+c9xJuPqZacyo3Ch250asx1vwTr6Jd/RHmMIsBJVahSksGbIuFWcuGbLe8INyo1iN3Tjrn8dd+3msZPsnW/cneARbKUUymSSZvLNH1e8lbQxHjx3jP/3n/0yhUOB/+MM/4Ktf+cqSfVmvsm2bluZmXnj+ORKJBFPT05w4cYJqtcLxE8fZunXLbT94lqWIRiNEo5FP94KEEEIIIYQQ4lOQqWb5Tyf+P94f+5CRwui9Xo74hLrjy9jV8RD/0/o/JBVquNfLEULchz5TI8WV5WA1dhPa+XtEXvgznIFdtWFVV6tJr7YDqH/d9njGoOr71NLV+j5OGGfFLsJP/S+EtnztEwer/xRUKhW+852/4ezZMzy6axc7H9x5y2B1oVAoxMqBFWzb9gBBEKBQZDLZO3rvhBBCCCGEEOKz7N8c+Uu+e+4HEqze54YLV/juuR/wb4785b1eihDiPvWZqVxdSFkOTvc27Pb1BEP78E69RXBhD6YwXctHlXXLVgHXMQtD1RD2il2ENn0Zu2sLKvzZrxy914aHRxgcPInv+3R0dpBqTH2s/WPxOC0trbUeq0rR29ODJQOXhBBCCCGEEPe5D8b23OsliE/R/smD93oJQoj71GcyXJ3nhLF7HsRqW4ve8BJ6/CT+yBH0xCl0bhKMvlYFqfX1g6uUAmVDNIndMoDVuR6770Hs5gFUOAFO6N5d130km81SqVYBhes42PYnGZRUe4/C4TD9y5dj3WLYkjGGarXK9PQ0vu8TjUZpamrCcRx83yeXz1MqldBa49g2iUSCeDwOwMzMLJVKZb6yWVmKeDxONBqlXCphjKGxsbF2Xbkcge8Tj8cJha59FrTWlMtlZmZm0FrT0JAimUzMX3e16pHL5SiVijiOQ0NDA7FYDKgN/fJ9n4aGBlzXpVwuUy6XcV2XUChEJpulUq5gjAZUbe2JOG69/6zn+RQKBXK5HI5jk06nCYVCBEFAJpOlXCnXPu+G2rXFYqRSKZRSGGPwPI/ZuTkSiQTRSKTW27dQQAcBiUSCSqVKJpupH8MQCodpTKVwXXe+vYUxtV63mUwGlKK1pQWlVO21bBbHcUjE44TD4fl7lclmaWlunh/qVq1WyWZzRCJh4vE4xhjK5TKlUonGxsb5e1ksFikWiySSSSILqqFrnwGP2dlZPK9KKBQinU7jOA5BEJDN5SjV309M7U89FovR0NAw/76lUinC4TCe55HL5QkCn2QyiWVZzMzOooOgXghvCIdDNDQ0EAQB1WqVaDRKJBKp3/fM/LXm83m0MVhKoY1BAfF4glRKHh0SQgghhPinJuflmanM3utliE/RZGmKnJcn6d5+ELIQQiz0mQ5XlVLgRlBOGBVpwG5djbPqKXRxBpMbx+Qn0fkpTCVfq1ANPJTtokIxiDVhJTtQyTaseDNEkqhQHOxQrSerVE/eEctSWJYiCAKKpTLVavVj7V8qlpiemkYpxfIVy1k5sALbXrobhdaayckpDh89wtjYGIl4nHyhwPL+5WzZvAmAw4cPM3zlCpFwmMAPcFyHB7fvoKtrGe998D7FYpFwOIJlWTi2TX9fH62trZwYHGRyaoqXvvgC0WiUU6dOMzc3y+bNm2lva6udPwgYGx/n8JEj5AoFLKUoFIs8vHMn/X19VCoVjh0/zuXLQ7VAE4hEwjz6yC5aW1s4cuwYc3NzPPLQQ7S0tDA+Ps7Fi5dIp9N0dS1j9+4PmZmdJZGIE/gBgQ7YuGEDK1cMgIJTp89w8vQp0IagHog++bkncByH3Xv2kMvliITDKEvhui693d0kk0ls28YYw8zMDL945122PbCV5f39+L7PiRODlEolNm/ayOjYGPs/+mg+YC4UCvT29LBu3TpamptRqvY+T0xM8M4v30PrgK9++cskk0lOnjzF4KmTNKfTbNy4kWWdnZRKJQYHT3Lk2DEe27WLgYEV2LZNJpNh94d7aEgm2bx5E4lEgkuXL3P+wgWe+tzniEajAOzdv5/Ll4fYuWMHK1YsJxQKobVmYmKCw0eOMjk1SSwaJZPN0d/XywNbt6Isi4OHDjM6OkoiHkcpheM4dHUtY9XKlbz9zrvk83l27XqEFcuXMzIywsHDhzHGsGXzZiLhCG++9RaJZIKQGyLQAc3NzaxdvYbJyUnOnD1LV9cydmzfTqVSYfeePfT19BAKhTh/8WI98PVwHZeGhiT9/f2kUus/4V+XEEIIIYS4X0kA95snMIG8r0KIT+QzHa7OUwrlhMEJQySJnWyH5uUYrwx+BRN4te2MBmWhLAecEMqNghNG2e61vq3iY1nW2UkqlWJoaJjRK1eYmZ6htaXljvYNgoCh4SEOHT5EU1Mjv/W1r5GoV5kuJZfLcf78Oaanp9n2wAO1YVhTU5w6fYbW1haa02mKpRLxaIxNGzdQqVQ5c+4ch48epaWlmdm5Obo6O+nt7SUWjaFUrXLV86rk8zmujI4yePIkWzZvplwuUygUCXx//vxVz2NyaoqJqSm2P/AADckGTp46SalUwvM8Tp85y+TUND093XS0d1AoFhgeHmbf/v08+8zTVMoV8vkCfhAA4HkexVKRWCWO5/sUS0VamtNs2rQJrTVHjh7l8uUh0k1pSqUiV66M0NHWRnd3N8VCkVNnzpDJZmlMpcjlcrS1ttDX20s4HEZZFvFYrNZuoc73fXLZLEH9/MYYSqUSxWIB3/eplCtordm6eTO2bTM6Osq5Cxdoamoi1dBAKBTCGIPvBxQKBTzPY2pqikgkwtj4GLOzc0QiUTzPwxhDLp9naGQEr1rl1JnT9Pb2YFkWOqhVeY6Nj9PY1MjqVavwPI98Po/RtSrmQqHAyMgVcvk845MTtLa10pxO1z4DFy4wOzvLtq1bSSQSjE9MMjU5SalUIhwOUyoVScTjbN1Suw5lWUSj0Xqlbp7ZuTnm5uYol8vMZbJMTU0TiUaoVqvYlk0un2fbAw/Q2NSIQhEOh0gmE1wZvcLk1CQVr0pfby/xRIJcLke5XKazs5NYPM75c+e5MjZKe1sbKwcG7ouhdEIIIYQQQgghhPj1uT/C1QWUssC2wHalZ+pdkE6nefaZZ5mYmOTDPR+yatXKWu/Vhls/Cu0HAceOHePHP/kJ09MzvPDCCzz5xOdu2lbAGEMmm2VqeprO9nZWr1qF8/+zd+/BUdx3vvc/MxpJozuakRACIWZXFyOtLyxQAeJRjsVZx8kTO3FslwFvioL1OjnB7IHnKMcbqBAs2zFZe9lHnDLss3E58FAxApedOLH3JLAp8EGyhRPQOjhBICAeQBiwNFwkJKHrPH/0zKhnNLoNEpLw+1Ulm+n59a9/3T39657v/PrbNpumZmbqXEODLl68pPi4OEkWxcXHacqUKWpra5d8PrW1tcnn8ynGYlFbe7txC/2NG4qLi1NCgjGKNSbGpsSEBB0/Ua8Z06crNi42JDApSVarVbG2WPX29ur8+U/Vk9Wt6dOnKyMjQz6fT5/6R8wW5OcrIyNDN27cUIzVqpoPf6erV6/KarXKYrEodEy08doiBdNWxFhjZJFF3d3dikswRk9e/Owz9fT0qLCgQFlZWerq6tKUKVM0ZcqU4Lxtbe26eu2a4uLijHWz24O388tfxmcx8uR2dHSqu7tLTV6vEhLsRjssfeUCt/D39vYGp5nrsdvtSp8yRRcvfaa0tDTd6OhQYmKiYmNtwRQEV69cVVdXp/76r+foT3V1unL1qqZmZsonI+VAb4sR0E5JSTG2i8UiWYwRyh6PRynJyZoxPVvXrl1TY2Oj0qdM0ZWrV3Xps880Y/p05efnS5KSEpM0JS1VCQmJ6u3tkXzGg9auXL2qGGuMYmw2OdLTZfFvW0d6utra2nT58mXduNGu2Fhj3/t6fcH1bG5ulizGgHdH+pRgygB7vF2dHR2qO35cd915p2y22OAoYofDoWtXrxlpEDIyNGPGjJDtBgAAAAAAPn8mXXAVt1ZsbKy+fP/9amxs1H/89j/07rv/rri4ON37xXuVlTVVcXFxIQGmri4jV+axujrt3bdPJ06cUEmJW4988xE5HOmDLquzs1Nd3d1KT08P5kFNTExUclKS2tra1NHRIckn7+XLOvrxH41Am6TCgnwjb6jVqta2Nl1rvqa42FjZ7XalpaXJZrPJZrNpena2JJ/q6o7LEmP1B0H72m6z2ZSVNVVFd9yhxsYmfeI5oxhbjOLj4mSLiVFHZ0cwx6rValVcXJxSUlPV29ur9vZ2f3Av9GFrFov/P/68qFevXtXJU6d09epVxVismpWbqwS7XTfa22X155CNiYlRTEyMcnNnSpKut1yXZASRr127plj/uqWGB7gtRrSwublZVqtF3d09amtv8wdhjSIdNzrkOXNGzS0t6u7q1l+4XJqWldUv6B1rsyk7O1uXr1xWw/nziouLV5o/P6t8Pl2/fl3ey17Fx8VpxvQZOlF/0kiBkG7sY2P6dPl6ffrzn/+spKSkYEC3q6tLJ0+dkiPdSJdQ+9Ef5PVeVkduhzpuGH8Oh0NWq9VIrXDmjLq6uhQfHy+73S5ZpBsdHf6AdoziYmPV092t2Lg4+SRNmzZNnZ1d+vTCBXV2diotNU1x8XHy+XP/GoF8I/dsb2+v4uPilJ7eI5/Pp7S0NCMVwbVmfeI5ExKADwSHjd1p6QsYAwAAAACAzy2CqxjSX/7lX+iRb35Ttlibjhyp1f/+37/W+fOfKj8/T05nhuLjjUBoV1eXrl69qoaG8zp56qSuXLmqBV9YoK997f9ScVHRkIEoW0yMkee0tU29vb2yWq3q6upS+40bssfbFeMPzvV096ijo0MJdrtcLpcKC/KN6b29ysjIUM70GbLb7YqNtSklOTkY+JwyJU3Ts7NV8+GHxijFuPiQ1Lvd3d3q9fk0bdo0TcvKUmNTk07U1+tE/Undfdedslqt6uzsDOad7enpUXt7uyQpLi5OsbGxslr7Rq729vaqt7fXWIbP5x8RmqCExASdPXtWDke60tOnKDExUTExMer1P1DJ5zNyrl66dEnJySn+mKlPTqdTOTNyFB8fJ5vNWLcQPp8ki5xOh6ZNm6burm61trUq8EAxSf4Aboq8l6+oublZd975V0pNTQ0JIgYeBuZ0OvRZ42eqP3lK07KyFGuzyWq1yifpypWrunjxonw+ny5cvCCr1aJTp0+ruGi2Altg2rQsWWSR58wZXb58WXH+h1a1XL+uCxcvKj7eLq/3sm60Gw8Qu3btWjAQHhiN3Nvbq5aWFn3iOaPExETNmD5dFotFqSkpyp050z8qOUax/nytPb09cqSn6/Llyzp3rsEY/ZuWphud/ged+Z+ANX36dKVPSZfkU1JSkmJjY9Xb06sEu10zZ85Uk7dJx0+cMLZFhJQiwYemEVwFAAAAAOBzjeAqhmS1WnXXXXcqKytLC77wsQ4dOqT6+nqdOn3aeCp7XJwsMVZ1dnQYgdGeHuXMzNFDDz2ku++8U+npg49YlYyRgMkpKUpNSdW5hvOa0dCg5KRkeb1eXb16TXf+1QzjAUaSsrKmasGCLyjFP8oz8DT7QHAsKTlJiQmJCgQVe3p61dvbo57uHs2YMUM5M2boo6NHlZU5VeaRqx2dnWpoaNCFixc1d84c5efl6cqVK7rW3KKYmBhlODPk9XrlOXNG3d3dun79us54zmjKlDSlp6fL4biqs+fO6bPGRklS0+XLwRGXgWBc9rQsfWH+fCUlJuoPR4/q/KefqrCgQE6nU83NzfrkE496envVev26av/zI82b+9dyOBySpMTEBKWkpCguLjYY1AsEoSUj4CdJ07KmKe8v/1JdXV1q9DaptbXVH1g0RgLPueduzcqdqf9zsErnzp1TakqKpk6dGqyn12cEhZOTk5WUmKTj9fUqKMhX71McZaoAACAASURBVNUe9fb61N3drcuXL6vlequmZWXpWnOzHOkOnTp9Wo1NTUqIt6u7u1s2m00zc2aqta1VH/3hqKZnZxt5eM+eVXy8XTExMWpta9OU9Clqa2vVxUuXlJ2dLafTqbMN55Q1LUvJSUmalTtL5z+94F9nY73j4uKCt/IHRsMa+WK7lZiYqNbWVl05d06pqSlKTE3R9dZWI/bsM2pITUlRcnKyLBbj8x0I5Pb09io5KUnJyUn68yceeS9f1uzCguBnxOeTev37EgAAAAAAgOAqhm3q1Ez9zX9drHu/uEhNXq8uXrwkr9er1tZWxcXFKj4uXs4Mp7KnTZPD4TBu4R6BtNRU5ebOVKPXq8OHjygjI0PnP/1UqSkpypkxQ3FxcbLFxspqNW7Vj42NldQXVExITNDFS5fU2dml2NhY+Xy9ypqapdQ042FNVqtVsbGxuufuu3Xm3DnFmoKUkmSPj1eCPUGNjY06fKRWU9Kn6MLFS8rPz1Nqaqpm31Go//zoDzp56pQaG5t048YNXb9+XfPmzpXdbtf07Gz96VidTpyo1/lPP9XVq1eVlpqqrKlT5fP5ZLPZZPXfSl5YUKA/ezxqaDivqZlTNTMnR1euXtWJkyd1+cplXb/eqra2NqWkGKNK7Xa7Pr1wUW1t7UY9VqumZmYqPz8vGBS1WK2y2/sCuZKR6iAu1kjdEBMTo/g4I6dsRkaG7rijUEePfiyHw6H09HTF+0eWWi3GdrLHxyt72jR9euGCpqSmqq21Vb29PnV0dKitrV3Z06bpvi99STG2GN24cSM4InX6tGzFxsYqxmpVWlqqcmfm6vynFxQTE6P29nadbWhQYWGB5s6Zo/j4eLW2tup3v/+9rjU36y9cLs3KzdWlS5f0+98fVmZGppF+wJ9nNz7e2O9NTU36+I9/VIzVKos1RlMzjRyosbZYxdvjjXWaMkUpqalKSEiQ1Wrxp1uwKj4uTsdPnFBSUrIkn+zxdrlcs2SNscpmi5HFalF6erruuesufXDoUDCAL0kxVqtibbYBcwcDAAAAAIDPl5hnn3322fFuBCaX2NhYpaWm+h86lKfioiLdUViovLw8Tc/OVkpKimy2kcftY2JilJKSouxp09TV3a3W1lblzszRX8+5R+np6bJYjFvA09OnKH3KlJAAl8VikS3GJrvdbtyab7HIYrUoOTlJjvR0JSQmasoUYz673a7ExEQ5nU5lOJ3BoGJg+VlTs9Ta2qr29jbl5+epaPZsJSUlKSUlRRkZTsXFxqmjs0NT0tJ09113yeVyBR8ClZWZqe6ebnV3Gw/Dmn3HHcrIyJDFYlFsbKwyMzOVmpqqmJgYOR0O/4hd42FJGc4MJSUmqr29XU6HQwsXLpDDYTyoycgtalNMjFWSRTExViUnJSk9PT1kO8TFx2vatCwl+fPCWi1GgNPhcCguNk7JycmaOnWqLBaLHA6HbLE2JSYmKjEpKZg/12KxKMFuV0ZGhpKTk5WSnKycnBmyx8crJTlFcXFxSk5OUs6MGUpPT5fVapXNZjPWyx9QTU5OksPpVHJSkrGtHQ6lpKRoypQ0dff0qOiOO4L5ZePi4hQXG6vEhAQlJyfL6XQqOztbvt5eXb9+XRmZGZpzzz3Gg8hiY4NBcovV2BZWq1VJScb+jI01cuumpaUFA9tpaWlKTExUhtPpX89YY35/7lRbbKwc6Q4l+/dxenq6khKTlJqaKnt8nKZNmxYcJSuLMfrX4XAoKSmJtAAAAACfYz+p2zHeTcAo+3bxilu2rMbGRlVXV+vDDz/Uu+++q7Nnz+rChQtKS0tTUlLSLWtHJHv37tVzzz2njIwMzZo1a1zbgomjublZH3zwgX70ox/pX//1X/X666/r4MGDwe/xgdjK7Wbfvn1DlrH4uL8VAAAAAIARmf/WfWO8hO/rzUe/IlfItOs68ocH9Z1TI6/H2fiKSg++OaotHI5lX3pXZZmX9c5by1U+zm0ZyuFH3xvzZdTV1ekXv/iFjh8/PmCZ2bNn65vf/KaKiorGvD2RvPjiizp+/Lhmz56t9evXj0sbMPF88MEH2rp1qzwejywWi9LS0tTc3Kzc3Fw9/fTT+uIXvzjeTRwTZWVlQ5YhLQAAAAAAABNJfoUO3DNHanxF801ByGVfeldl97ynA9MnZnAyksqDD6pyvBsxQVRVVenVV1+VZARQS0pKlJGRoaKiItXV1ampqUlVVVU6fvy4Nm3apKeeekolJSW3tH2B5UvS8ePH9eKLL+qBBx7QvHnzblk7MPH09vbq008/1ZEjRyRJKSkpevLJJ1VRUaHa2lp9+umnIc+E+bz5fK41AAAAAEwojdpfvlzLt9cNXKRuu5YvX67BigytTttvuo5G1dU1Dr/0/nItL9+v4c+BjX85RymdH+knYQHUyoMP6p0WKSXNrWXj1DZEJxBYTUhI0Lp167R+/XqVlJQER6cWFRWppKRE69ev17p165SQkKBXX31VVVVVt6R9P/nJT/Tqq6/2G1F7/PhxbdmyJRgUxufT+fPndeLECTU3N0uS7r33Xt1333269957ZbPZdOLECV28eHGcWzl+GLkKAAAAABNE3tk3VL5/lTYuzgx7p07b3zirvHFplVmj9peXqapkszaOzx3Lnx9xDhVGmFy+7z6VB19Fvs3euBVfYSkE3Hrz0dV9aQY6P9Lmd9aaRpU+pn97aLXmxZkW1vIbzd/3Y9OE8DLmNAVGW9T4kZyZc5Tin3/zDbcpLcBw29JXX19ahGhSIkwMdXV1wcDq+vXrg3lM6+rqtHfvXrW1tUmSSkpKggHX9evX68UXX9Srr74aHN06Vn7+85+rurp60DJVVVVyOp165JFHxqwdAXXbl2uT1mnnStM6N+5XedkOacXm0P6xbruWb5LW7VypobZQxHonorrtWr7pQIQ3Soe1nsNciLYbG07D2RyffPKJmpub9d3vfld///d/L5vNptjYWJWVlamjo0OXLl3SuXPnNH369FFp3WTDyFUAAAAAmChKSpRb9XH/UZ51h3S2pES549Em3HLl3rOScvXQo+/pzVG6Gzslc46cja9o/lv3af5br+iI5qjsoQr/CFh/0FQfafNb9/nL/EaelK/owJce89fwfb35aGiZzY3SvHve1b/l9y3HlZmv+j/46wgJzA63LTLSIjz6FblafuMvE3lZk8UvfvELSdLatWuDgdWqqipt2rRJtbW1On78uI4fP65XX301OEJ01qxZWrt2bcj8Y6GxsVFvv/32sMru27dPjY1jPwa9aGGpdPZCaD/YdEan8/KksP6x8cJZKW+WMsa8VbdY3gpt3rlTO01/m1ec1abl23VTNx5Eqbe3V1OnTtX8+fNlt9tls9nU3d2tmJgYlZaWaubMmfo8P9KJkasAAAAAMGHcpYW5ZXq3brFpNFGj9r9xViWrFupMePEII5zygiO76rR9+RuatSJXO3YckDHqaWF4Bdq+fJMOKE8rNm/U4kwFR4idDhQpDYz0Mkat7jgt6XSZllet0OaNi9W0fbk2aYVWnN1hvBcyTwTh9Uco37i/XGU7+krkhYxWM7XDmHkUR3NNEEeWa3PSuyrLTJbL9Z4OB4ZvRhzhOUwtvzGNbn1T36lz68A9c/ToPKnySL6ccVJLY7Wp7h/rsbf6gqPLvuSWS2f1jmn5lQd36L6HVqtw+mNSYERpS/XQo0sHbYs/LYLO6h1TcDawrHlFFVp2KsptMA4aGxuDD4cyjz792c9+JkmaO3duMOdqbW2tqqqq5Ha7VVRUpKKiIs2ePVvHjx9XY2OjMjPDR7TfvMEerBWura1NZ8+eHZN2hMiYpbzTVfq4cbECh33doQMqfXyzZr2xzTS9UR9XnVZeySoFe4eQvsPUr0UwaNmQvjX0vcb95So787jWaZMCRUrX7dSDF0z1hfeBYX116TBHjJplLn5cpTve0IVGqShSXx3Szv4jUxv3l6usqkSbNy7WSPdgTk6OWlpa1Nvbq2vXrikpKUmSdP36dVmtVs2ePVvZ2dmD1tHT06Oe3t5Bg7AxVqtstskXqmTkKgAAAABMIEULS3XgkGlsUuPHqlKJ7gr/Nty4X+WbzmrFZvPIpjyd3rFN+4NDu05rR9Us/wio8ACkP7Bauk47d/q/kNdt1/KyKpUE69ysFWc3+XPBZmrxxs1akWcEO3eav6Af2KGqks3+edap9MAmle+PNMKtTtvLdih3nWlE1rpS6cCmYB5YI+ChvvXavELaUeZ/v07bl5eZljW+o7nGUuXBB4OjNt9p8U+Mm6OyR98zjSYdvpYbYRHPU9Wq75Rczu9L+rE+bpFSMlfr8KM7tTHC/IX2ZKnzsupDpr6p77xzX0hKgn7LGXFbvq+7UiS1HDOlETCW9d616wOmS5ioamtrJanfg6nWr1+vhx9+WGvXrtUDDzygb3/728H36ur6Ps2B+QL1jLaRjkQ9c6bfTzyjL/MuleSd1pmmwIQ6HTpQqoVFmcrOPa2qjwNtbtKZ03kq8XeOweBhsG/J1Y6yAfqGuu0q25GrdZHK1m3XcnPfui5XO8rKFdKlHdikQwv7+t0Dm5ar7MzjwT4r78AbfeWDqQv6+rSzm8LqGyl/YLWvL92sFXmntWPb6Oe3/uMf/6hLly6pp6dHH330kY4eParu7m51d3ertrZWH330kXp6enTu3Lkhg/Vtra267PUO+NfZ2TnKrb81CK4CAAAAwERStFClBw4FAwKNH1dJJXf1H2mUuVgbd4aOysq8q6RfXta8SPOaA6um4VN1hw4ob8UqU52ZWrwqLFAQSd4KrQrOVKSV60p1ese7EYIaRVq5M2zEVtFClQZf+EeimduQuVgbA/PUHdKBkGVJmYtXaUXeAb1xU5GKia18n+lWfUkpmStGfHu8t/XNQd8v33ef5nv60hEcfvQ9U6D1MU2Pj67t0bRFkpTyFX8b+v7KMpNHrxG3SCB4mZEReuP6rFmzgvlL6+rq9OKLLwbfM49wDcw3VrfjB/K9TiyZuqskr+9HpsYLOuu/9b9oYalOB1IDNF7QWeUq2z9S890d0opVph99ilZqXWmkvqFR+984oLwVD/b94FS00v8DVOA9Ux9UtFLrSk9rx7umHi1vhR70z2z0u3la0TfBFBw26itdZ/pxK3OxVq1QaH3DULd9kw7k+X9oM/eLpm02mpqbm3XkyBGdOXNGVqtVycnJ6unp0YkTJ3TgwAEdOHBAp06dUk9Pj5KTjWPzz3/+s44cOaKWlpZ+9VksFlmtVvX09Kijo6PfnyTFxMSM6jrcKpNvrC0AAAAA3NaKtLB0kw7VrVRRUaM+rpJKVmVKahqgfODW/oA8mcfI5Wb3D60e2LTJKDnLHPBp1IWz0ukDZVq+I3yO0Dr7yc0ODeBmzFKeqnShUQPkQgy/tV/+AGuTzpyWch+PfNNqo9FAlfVvoPIGbeAkkl+hA/fMkddznx47Ev7mj/WYp1iHXblypo2sWmfSY5KGCGoeWa75gWX62/HQozult341soWNQltawh7SNVmdPXtWkgZ8INWRI0e0ZcuW4Ou//du/DSkb+HegnrFq33CNJI3AzcjMzpWqLqhRRfJ3gkYfU7RQpacPGb3hx1U6Xfq4EbRsvKCzOq0DZcsV3jvkrQivfbB+JvJ7GbPy1D8vi1kgyBu5vgOblqvfI6pKI5X3O70jQj9XqnU7w2/pD+v/R7Ej9Hg8ampq0pQpU+R0OpWUlKTi4mJ99tlnunDhgiQpNTVVmZmZmjp1quLj4+Xz+dTU1KSEhAQVFxeH1Ge1WmW329XR0aHu7u5+y0tOTp6UKQEkgqsAAAAAMOEULSzVpkN1WplxQVUq0apIX9pN+fbyVmzWzsWZ/mlVQy+gdJ12Ljyk5Zu2af9dgdGvRhAgL/xp3KPKFAgoXaedG4uC04ajyWhgVDkDJ41T1aovmqN50yu07MhAuUWvy3tt4CoK7cmSrodMS7GHDXXNd6swTvJ8GvmhUzq1Vj+Z/q7KMh2anv+m3ru2QvMy+9+Sv/HL7+mh+I+0+Z2Lg6/XCNrycctX9FCaW8v0Zsj69y1r8uRczc3N1fHjx1VXVxcxwLp3715JUkJCgtavXx984FVAIEVAbu7YPM5upCNim5oG+pFnlAWDqI26EPyBSTL/+LTwzOmwH4gGz7E6nkacY3XIfq6vLw30/0ZahJtuatCpU6eUmZmprKwsxcbGymazafbs2crKylJra6skIyA6ZcoUJSYmKiYmRtnZ2bpw4YI++eSTfsFVSYqNjTUCrJ2d6u7qCk6Pj4+XPSFBVuvkvMF+crYaAAAAAG5n/tQA+wdKCSAjXcBp/xOlg8HQpjOhD4oaQOnCIqnowbAcfRmalSedPhNF8CTSk70jjeSqO6QDKjVyDwafsnJBfWPnjDacvRA54JNhNHDAMby3hzf1nbqP1BI3R2UPVWiZ+a38Ch1w5aqlcYf/oVGBXKlf78uTOm+nHkqJUG3KV/TmvMCL7+vNe+YopfMjvXXE//rR93T4y983zfCY7ktLljpP6b1TUuXBanmUq4fMbfIvy/PpCIOdg7ZFKv+zf/3N7Yl2WeMs8PCngYKSJSUlevjhh/Wtb32rX2DVPN9YPESqrq5OXq93RPM0NTWF5IQdO0VaWHpAh/Z/rKrToX1Jxqw8nb2wX4cO9OVbVWa2cmXO0zqYwfqZyO81nRlOzzrSZd0Ef4qUkP5/FHV0dOjKlSvBh091dXWpt7dXdrtd2dnZys/PV35+vqZNmya73a7e3l51+YOlPp9PV65ciZg/1WKxKD4+Xgl2e980f8qBGKtVFotl1NflViC4CgAAAAATToZm5R3Qjh3qCx5EYg40Nu5X+aZ+N54Owp9P9fQObdvfaLx+PPThUka15VoefGBUprJzIwRgg3VIUp22bwrLZxjirPriDMYDrvrCFkbewNB8rY3aX75c5fsbjadl64A2hTZQ5cuXh7R50ju1VqVvvaIjMh5gFcw7ek++6v8Q+gCp8n2v6EinKU/q9Mva7Ol/q3dL40eSK1DXV+Rq+Y3mB0eA/liPvfUbeULynK7WPJlHif5Yj4W3yeXQkT9ESl8wuMHbElj/sPZEuazxNnv2bElSVVXkIYVtbW2qrq4eMPdpYL65c+eOarva2tr0+uuvRzXv66+/fktytWbMytPZqiqdLl0Y0pdk3lUi7djRl39UklSkB1fk6cAm8wOs6rQ9Yt9g9HUh/UzjfpUvL9f+xsB720IeSLXpgCmn6ohEqM/Up90Uc/9ft11l5jwr/qBu38MR6/TujuEHiK9evSqfz6eenh51dXWN6K+np0e9vb1qbm6OWHdg9KotNlYWi0VxcXFKTEyctIFVibQAAAAAADABBR5OYg4ehJVYvFHrzizXpuWBgGqeVmxep9yyTar6uFGLFw9nMYu1akWVynaUaXv2Tq0sWqmd66TlIfkBS7VuZ9/DWIoWlkqbNmn5AWO6UWSFSqr6crUOmFqgaKU2ryhXmSkvYum6zVrxRpl2HKrTyqIiZS7eqM0qV9ny5cHZ+urL1EqjgVpuiiOP+JbbSeFNfeed4eQcjVyuMhiE/LEee2uAW/9DDKfcYG2KPH/lwQdNI02H25aRlp24Zs2apdmzZw+YGiAQ4Hz99df1wAMPhLxXV1en48ePa/bs2aM+cvVnP/tZ1Hlcz549q9dff11PPfXUqLYpXCCIWvp4UfgbKsmTTofleu7fJw7SNwT6IlM/U7pup5FSIHOldq7bruXBfuom0w1E6PduOv1K0UqtKzWta94KbV5XqrJNVfq4cbEWZxo/nlWVBfrKUq1bV6oDbwyv+itXrshiscjn80XMjzqYwGjXa9eu9XuQm6RgQDUpMVGtbW1KSUmRdRKPWpUkiy+w1gAAAAAAjFDd9uXapHV9t/l/Tsx/677xbgJG2eFH3xuTeuvq6rRp0yYlJiZq3bp1Ibf/v/jii8EA6vr164PTz5w5o02bNqmtrU3r1q0b8IFY0frOd76j9vb2qOdPSEjQv/3bv41iizCR7N+/X2fPnlVubq7S09NHNO+VK1fU0NCg/Px8ffGLXxywXGdnp65fvy6Hw3GzzR1TZWVlQ5Zh5CoAAAAAAMAYKSoq0lNPPaVXX31VmzZt0po1a4LB0vXr1/cb0VpXV6ctW7aora1NTz311KgHViXphRdeGDBVwXCUlIzeU+kx8XR0dKi3t1ednZ1qb2+XxWIJjiwNH2EaGLPp8/nk8/nU2dkZnHcwcXFxEz6wOlwEVwEAAAAAAMZQIBgZCLDOnj1bJSUlyszMVFFRkerq6tTU1KSqqiodP35ckvTUU0+NWRAzMzNTjzzySL/pdXV1IcGzhISEiA/awu0tLy9P77//vj788MNgjtTExEQlJSUpMTFR8fHxkowgbFtbm1pbW9Xa2qobN26ou7tbOTk5+tKXvjTOa3HrkBYAAAAAAIARIi3A7Wes0gKY1dXV6Re/+EUwgBrJ7Nmz9c1vfnNMRqwOpaKiQrW1tcHXc+fO1dq1a295O4CJgrQAAAAAAAAAE0RRUZGKiorU2Nio2tpaNTY2BnNbZmZmau7cuaP+8KqR+Pa3v62KiopgHthvf/vb49YWYLIguAoAAAAAAHALZWZm6oEHHhjvZvSTmJgY8mAtAEOzjncDAAAAAAAAAGAyIrgKAAAAAAAAAFEguAoAAAAAwAhNS8wa7yZgFLE/AUSL4CoAAAAAACM0P/Ovx7sJGEVfmDp3vJsAYJLigVYAAAAAAIzQ/333KiXaEvTBxQ/V0PrpeDcHUZqRlK17py3Ud4pXjndTAExSBFcBAAAmKN+NZnW8/6q6P/lAvmtDf3H3+SRZfLLIMvaNu835LDGyOlxK/OY/yZo2Y7ybA2ACSotL1TNz1ox3MwAA44y0AAAAABNUx3v/S10fvTmswKokWSwisDpKLL4e+byn1f7m2vFuCgAAACYwgqsAAAATVPcnH4ygtG/M2vF51tt8YbybAAAAgAmM4CoAAMBE1NEiX9uVYRb2SYxYHRu9Peq9RoAVAAAAkRFcBQAAmIjiU0ZQmMDqWLKmZY93EwAAADBB2drb28e7DQAAAMCExfUyAAAABmLr6ekZ7zYAAAAAExbXywAAABgIaQEAAAAAAAAAIAoEVwEAAAAAAAAgCgRXAQAAAAAAACAKBFcBAAAAAAAAIAoEVwEAAAAAAAAgCgRXAQAAAAAAACAKBFcBAAAAAAAAIAoEVwEAAAAAAAAgCgRXAQAAAAAAACAKtvFuwLDV79KqimrJtUzPP1Mi59AzaNeqCmntNj1RGN0ivVUvaUPNomEub7x5VfXSBlV6Ir3n0rLnn1FJYCXqd8nYNE+oMPi6IbRMpLo13G0/1oz21Cx6Xs9EbjAG/Tz4udfq+ZlvT6LPeDQG3w7um+gfRlP9rlWq0FptCzamXvX1hSoc97Z5VV8vFRZOhE+Hf1/mmLdTGP95Ivr9GmXf4q3SSxsq5ZHkWjbx+yVv1UvaMMBBMVrtr9+1ShXVkuTuO9fgloh9fJ/sM1P6v3GjVje2Pq2u0VzY3K1KLi1Qz4Evq702chH7yhrF6t/Vsv2F0Vxy1CZUewLXtv30P25u2TVpfb3qCwtv42PW+H7QMEhfZ/SRGuS6OEKt/c7jQ/MaJ9jb9PprvBj7t/9R5RrR/gQAYKQmTXC1/nC15HLJ5anU3vqSWxIQcZY8o20lY7+c0RTpi7G36iVt2LBLWUN8wa15bZeynulfxlv1mmrkGvW2Yiw5VfLMNgU/vuEB9aDJ9xmPRsSAUf0urapYdVM/wIyWwie2aVvwVd8PQ+PbLFOgcQJ9y3Y1vK2Xqp6M8KW4XrvebhiXnqp+b6U87pF9qR53kX6o9FbppQ0btCvrJo8Jb5XeruaL7LiKEEi1r6yRvaxSMZuX6ca4NQz9DRBIXfVSyDF0S65Jg9cKk6gvi1bNa9qV9Uz/vs5bpddqNOJzSeh5fGh9wfLPwbYeB+E/shrfhV6SOC8BAMbIJEkLUK/D1ZL74Se1yCVVH64f7wZNKs6Sh+VWtQbfbDlatKghQhmvjtXkaNGisWsfMC4Kn9BaN/3JpLNokXJqjskbPr3+sBoWLVLOLW+QV5caJNfM2+DbmrNED4/GMeE9J49ylHUbbJLbyY3tFeq+4VLsyh+Md1MwBGfJM1rr9qjytar+fR1GRc6iRWqI0Nd5j9Uoh4ve247xXcijcxxQAIAxMilGrnqr3la13Fpb6JRzkUuqPKz6J8JvWQq9DcS1bFnIl+zAL8TLcipVGSjkXqttTyhkPvMvnSG3YHmr9NKGGi1au0g1Fcbtn+HlJ7us4kWqea1KXvNopvq9qsyZr+fVMJ5Ni1L4LeHho0Mi3TIeKDPA7cHhI0BNtwMbs0+u0Wuhtxn6R0wuW6aGysA6GaPPio+ZbiOOMOKt7xbgvnkm/sgAIyjWLxoXdptm/1Gv4bec9X2uvFUvacO5RVrWUKlKj3/e4mNG32HeJoH+xD+t73ZCU39UsUrVpj5qtPdLYN+vXVSjiuBBEPr5r/RI8mzQqpqJkhJEkoo1P2dD2B0MXlW93aBFT87XOZmmRUgjMNJbNwPl16qib1sGt7Xps+DZoFWVfZ+FyXlMRDBoH1evXave1sxlOaqsrJbk1t8ta9BP/Z+nilXVfcfPEH1l/a5VenvmMuVUVqpaxrl1/uFVqtCy4PEkmY+p0GOhb9sO1q+r79gb4lwenjohvB+YnPt3j9pPPayUO/9Kdik4etW+skaxDnO5FnWbb/N/oFIpd5rG8V2OcEt9fqVSSl2R55ckZSvh6RrZ7APXEdqO/nUM3s4fKLHsS/Kd88o20yXJoy7/CN2Q+W7UqrttwA00oRQ+sEyuDTU65i2RcQiFn69Dj73QVE9RnMNM81WsMqdXGfxaqt+x+3fL1PDTSuWEHFM3n6pr1GUVa1HNa6rymo/deu2tzNH859X/qjdCCgfztg05twzRz/T1Lx5t6f2ntQAAIABJREFUWFXT138Mo58c+Hw0snYOWke/fT5UPzs5079Euh4wTxswhY57rbY94Rww7dTt9N0QADB8kyC46tWxGo/kftg4aZc8LHdlhQ7XP2HKR+hV1UsV/kBEofpyhEpuc1WeStUsel7btgW+6FVoVbVba7dt0xPyX+xU7NL8AS8QPKp8e5Ge37ZNzmGVnxjqd1X4g9NDFHQWa5FeC17IS0Y6Bvf8J6RLY97MUdaXU2vbM8bKGLfZ7TIFP/yBl2cKQ+ap2DVf254oVPEilyor96q+xPQl4nC15F4blqt2m4xFGJ+7VbsmV4A1XHXlOa3dtq0vQLRhlVzL/MeNfxu9VlXsv1A3BbACtxHW79KqyXDrVf1eVXpcWvakKdxe9ZI2VOYE199Y3w16SYEvJv4vpaYvPPW7VqnipZl6/hn//ZrVlTq3dpuCd1WOaJREoZ7YtlYK+RJa7692DPaLp1JvB/pE/zyBz3/JM89LEzS3ceF8tyoO1+uJwEnAe0w1WqQnnTIFV50q7vdjnP8uiCE7wzDVFTq8dpu2PWHU0betC/XEtuc1M2Q7mXJUbyvpO1dMimNilyrM22dYfZxHlTV950VJmp8VKa+3Eax5xv+Z3rWqQqvCvtR6Kmu06Plt2hY8/yj0eKrfpVUVG7TKtSy4vPpdq1TxWpWK/YGBofr1YJsHOZf35VvcZgp4BNIlTOI+T5IaL8unAlnmSqo18rPGJtbqxuZACoElSnh6rWyLtiq29ml1zd2q5Dud6j6wyBTE/JoSH3hBbXsDlabIlnlSNzYvU5f8OV9LK2WvNaUfcMyV5Y+L1LK3r47kx0/q+ht7+papvnYYdexTgozg6ZDtjNAO+euJdfQFWo18tJIuj+1mHhXOLOUERtpF/Fz1P/Zu7hz2hPpOP0+Y5veXf8ZUflVomqHQY9erqv1SpbmPrj88vOvQW8qp4kXSa8e8Kum76FW1e76eCL/o9VbpJX9fGPIDZeVrqioe6LgfpJ8peUbPKyyH7nCvKQc8HzmH387B6hjwHBZILzb09fVE5K162/gcj6CB/VJxBPbRA0YlIem35D82GpbpgYm6EQAAY2ripwXwHlONxxU8kUmFmu+Wqt823SpVv1eVHrfWBi8+nCp5clmEfEluPRxMXlWsRS7JteyB4IWAM2voG0rdD/f9sussXiSXGnRpAt1i4qncoFWrVoX8VVQP9xdl40Kz5lhghep1uNqt+ZPxIqH+sKpdy/Sk6YrXWfKklrmq9XaVsX6FT2wLC4Ian62+8uHpFPyBGf8GqT9cLdeyJ00X1f7PXfXbqppAn4mRMh8ThfPdCjlu5NRM84HlPaaakGNP/tvtParcO3Fut490XPR/iJvxQ457rflYKdQTa93yVO41QpyBL4im9S18Ypu2hYz4GJtjZmz2S2gdxYtcUsOliX8bauF8uasPK7Am3mM10qLifvEHo482HcP+/Tfi/eMyf1ky+gnPQPcWBs5ZT5rOFSVPapnLY+pbJwBPpTb0OyZCHwY23D7OFWHbmwV+lHrCtA2fMHJyKKSXcC1ScXhF5m1fOF9uhZ2HZ4ae6Yfq1wMGPpcb/UDIejtL9Mw2/3aZJH3ecHW98WW1hORm3aPuxpa+ApkOWULmeEFtmxeZAquGnlN9dXSdOimfnEYAN+Dyv5vmeUFtf/TIMvNh2SVp7pcUY29Rd42pjjdeU/eNFMXkLxleO/18jQdNZX6g2Jkp6vljX5DXqHewLTK5hB57o3UOM4lYfm3/VFMhx67/XGI6vo0+YP6EC7w5jYve4DnPGFAQoZXOEj2zLTSIavQbgxvJd4ZhX1MOdj4abjsHqyPiOewZbQv+WDb09fVEUF0Ren7bUOm5uesbb5VeqqiWe23kYLq36iXj+9aEucsHAHCrTfiRq95jNfK4jBFJAYXz3VK16VapSw2Sa1HoycyZ1T/3nmvmTZ7wXJroafVu9knPTuNnfHlLSuQM/oI/wsF3E4D3UoPkqdaGVZX93nOFpdLqd9tP8Iu4ccEZHCEXMvLCuKXcU71B/Rfh0mTO1pUzkkSJ3nPyqFoVqyI87ThCQGO8hBwXwVF04RfIXp3zGBfk/dfGWJmIfU2/hd1sPxPZmOyXMWrr2CvUfHfgDgavjtVIi540RtyE8P+IFhhBFTLyfCRysoa/nfz5Rh8OPSEZI+EHHoJ260V6oFWI4fdxg382/TlpF4WVKZwvt97WJa9UGHgr0nYeybY3L3XAfl0a/Fxu9AM5Dw9QYJL0eSMWfut/IAC5921156+VrbRGKaWKnBJALfI1Dl69r/Vk6ATzCNpMhyzyyheSRmCPuhuflC2pYHjt9Ou9tqfvxdxsWdWinpC27ZGvbe3gjZ1EQo+9UTqHmWuMWN64NnrbfPCGHadGQK/S30dHecfArRByx5Z/QMGgF73hKRUGu94byXeGEVxTDqtPHKKdg9UR8RxmensE19fjqd+t+f6UCxt2ZUVxd1m9dhm3M0S+3b9+l/9uh4k7chcAMPZsPp9vvNswiHrtDeYk6n8Sr/lTk9wlThmr4JPP51Pf2vj/5fPJ51OEMv7/+4xpobMY74XM4y/j89cXqLvftHETYX0GLmr8L7AtzK8dRVqon+pPTW5lHa6We94y0/qFb+PxMvS6Np3zSK6leu5/Rg4e+Hw+1Vc+rS3VkuTWmq3/07jduvJpbVFfvQXz3NKWwzqxrEA6XC3X0udU4PPJpyYZi3hO/zNiMHsifCZMwvd5YHLIfg09ZiLPF7rtvRcbZGy/ZREvKMe/f4nwWSlYpueWNuiHFaukNVu1LHj7/kU1SHKbp4VU5ZN3iOMg4nEyjL4juG19PoX3Xf1fa1T2S6S2hn8eht2n3BKh7SmY51bF4RNa5rikGi3U3znMfXlg/Rxyf8Otyi2HdWKZT0eqJfeagkHWp/86h+4bRZgWNs8Ax1rTOU+/esbL8Prz4fRxET6bxlv+yYN8jvzHW07EY8BcjXla/+WFr8uQ/fqQx+MA6xRs9kTv84aQ6ZDlxkl1+wOZxm3yKTLyly4K3oJvzwzMsEftW/0BywcqlXLn15RS9rUBgqyjKyYpJfjvods59sZk3w7QX0jyHyNufaMg0nVshM/pKJzDBr0O7muYLhoHb+g5yLx9HG59w12pLYdPaJnviKrl1pqCiXJdZN52DhUtlH76pya5sw6r2j1PyyJd83ur9PIPd8sjo0/c6r8F/+UfHop8Hh/OeT9k2w7vmnLIfnKk7YxUx2CfSQ3v+np8DdCHO9z6u6U1+uGhi2ryFcipYWwLSZJXVS9XqNq9Rlvdjv7r563SyxXVcq/ZKrdjonzGAQDjYWKnBag/omq5tPS5rdq6NfRvjVvy7N6nevlv5/c0hP7Q7L00KR/BNP6cKl4oHTpWpSPVbs2bpD/BOnNc/T8TIer9gZat2hr8kux/wJFZ4Ty5Va0jVVX6ZbVLC4P3vTllLGKyjekdXUYqjYmVGmM4nCV/p6UuqXpLZd9tyf7R7g2DrEzEviYa3gZFeAbCqJms+2VECufJXX1EVccOSQsHuS29cJ7catClKuML/pj3ac6cCLd++kdv5kyQUavDMlp9nFPGYRNWj7dBHuVoJAOyhzbMfn1QxnoP1A9M7mNriRLyXaZb55fIlpki37kKtWzue3iUOagZYu8ytWxepJY/eiSH8VCs4bKEj0A1j1ZtvNw/jYCWyJIo/4jXEbYzoPaCepUiS0gA1qh3Mqjft1se97zhj4Qbg3NY5PJeNXiGvpuicJ5barikqiPV0kjW4xZzGhe9qjpSLfcAJwjvsUPyuJbqua1b+4Kfo3oeH53+dlTaGfEcZn57qOvryaz/+aK+8ofaraV6LuIvFvWq/OFuaelzkX/QAAB8rlgDIzUm4l/9kWrJ/Q3/L4GhfwXz3JKqdaTeJ1/B/VriqtaWynr/+006+NPd/ouJwDzmf5t+bQ9/HTItdB7jrdA6Ik0bt7/w9RmsnLls2GtHVo48u3er2j3PGKU50PabwOvqcH9Dbpk/Ez75mg7q5aefVmV9YH2khotNfZ+3yh9qt0dh+7RA9y9xqXr3bnlcC1QU/CwaI+JUvcVfn/HXdPBlPf10perHe/sMtc8j7tdgocHnM78uuF9LXB7t/ulBNQXL1Kvy6af18sGmm2/3mH1WHHKvXCKXqvXLYDuNfe3Z/VMdbOorW1/5tJ5+2b9+BUaw/ZfmdauvNO3zCMeJw3goye59pv7pl9Uhn7O+zWy0bYbL/Nkcq/0S6Zg2T3MEg2Ljvg8j7kuHZriqtXu3tKDIMfC28hVontuj3buNL/gFI1pG+L4ZYJp5HkeRFoRt+6aDP9Vuj8vUzvH+G05/Ppw+LtL27v/5LJgXXk+9KreE7o9hbeeIy+vfhw3Vr4cvJ3SaQ0ULXMaPt8H3m3TwZf+xMw593mixr1wrm92j7jf2hEw3Bz6NB0CZ3nygUill+5RgCnzap7uky38KvyN/cI6vKfGBwIsfKPFOl3zn3jbqqD2onhspxsOpgu14UjZ7i3pO9bV10HZG9IK6zrUo5s7KYCDYqHckDe8zJsdiX+Uh05sOvqwt1S4tub9g0M96eF930+cwxwy51KCLgfn95c3XUvWVW4wfqgoGPnaD83p2y+h6C4beFrfsL2zbObKU49mt3dV969S/n5ARUAy8bjqol7cMdh4f+juDIxC49vc7w7mmjLStQ6eNvJ39pgXOYfvCr59f1sGm4Vxfj/dfpGPDJ5+vXvt2e+T+hluOwD6Y4ZKqf9l3vNTvCzlfBI/DlX3z9P016eDLW1TtWqKV7olybuePP/7442+s/oZj4uZc9Vbpl/5bOCPyB1T3HDmppQUFKvleufTPG7V6tfG2a8kSuT17Is+LwfkvpjVvgG0/QXj2bNTq8F3sWqLy75XIqQItfWWNtHqLVpuSj7nXvKKlBZJUoKXlS/TPG011uNeofMkvtXHPEZ1cWqDA2juLF8glj7QgbHRcwVIZi1htymvl1ppXlmpib7nR5AweextNO8O1pFzfm+iPzXaW6BvuPdqyZ6N2TzM+F86S76lc/6yNG1cruDbBz5Qk/+dq92rzZ69vn0ceyWF81ho2Bj6LLi1Zs0SuLR8O1DAVL3Bpz56NWv3hEpV/b1o0Kzcq+8VIi7FFq6sn4ufa2E7Sgv4PQQpjBPeq5b4lfZpTJd97RdN2rzZte5eWlH9v4j9JPtxo9XEFS/VK+Qz988bVWh2sZo1eWTra+2P4/fpggv3A6mBrQ46dSdHn2efKXlYTOrr0Rq1ubA59KFT71gIlln3NuNU/UOaPDtnvLJBtrtS1d5lupO2TPZBzNVBm6whTAlyulS+/Ril3Gi995yp0PRjkNVIP2FfWmNrcou4DgVGqw2hnbfgCDV1vfFl6fJ/sZTVG4PZGrbovz51gF7/V2rI6PEtqdH3uzZ7D5CzWAtce7dm4Wh8uKdf3Sgq09JVyzTBdXw+/bQUyul73BL+c9LdT8wZcJ2fJ97Tm/GrTfnJpSfka5Wzcog+PeVUSzbFfME9ubdGW1dX+a9Ob729Hp53Oft+pQs9hQ11fTwzVIdvREN7G4PYKHC/uNVrjrtYWSdJJ/cceI9K6x3w8ScYx9Y3zMt7eE3IuMN6eYOcDAMAtYbl27RrZYQAAt6+Tu7V6iyZggBgYmuXVB4YuhDHne2rveDdh0jm5e7W2aCx+SAEAALh1ysvLhywzwR9oBQDAzTl5uFquJc8q3+cb5AFOwMRkGe8GQNJEeFDPZHNSh6tdWvJsPtsOAADc9giuAgBuT95qbS5/Q2dmPa6NSyI85RcAhon+Y/i81ZtV/sYZzXp8o5bwBHUAAPA5QHAVAHB7ctyr/7HlXuPfjFoFcBO4Xh4+x73/Q31dL9sNAADc/qzj3QAAAAAAAAAAmIwIrgIAAAAAAABAFEgLAAAAAAyC62UAAAAMhJGrAAAAAAAAABAFRq4CAAAAg+B6GQAAAAMhuAoAAAAMgutlAAAADITgKgAAADAIrpcBAAAwEHKuAgAAAAAAAEAUGLkKAAAADILrZQAAAAyE4CoAAAAwCK6XAQAAMBDSAgAAAAAAAABAFAiuAgAAAAAAAEAUbNYLH413GwAAAIAJi+tlAAAADMTS/P98iSRSAAAAAAAAAGDy7Ln5Q5axqafzFjQFAAAAAAAAAG4v5FwFAAAAAAAAgCgQXAUAAAAAAACAKBBcBQAAAAAAAIAoEFwFAAAAAAAAgCgQXAUAAAAAAACAKBBcBQAAAAAAAIAoEFwFAAAAAAAAgCgQXAUAAAAAAACAKBBcBQAAAAAAAIAoEFwFAAAAAAAAgCgQXAUAAAAAAACAKBBcBQAAAAAAAIAoEFwFAAAAAAAAgCgQXAUAAAAAAACAKBBcBQAAAAAAAIAoEFwFAAAAAAAAgCgQXAUAAAAAAACAKBBcBQAAAAAAAIAoEFwFAAAAAAAAgCgQXAUAAAAAAACAKNh8vvFuAgAAAAAAAABMPjZiqwAAAAAAAAAwcjYfQ1cBAAAAAAAAYMQYuQoAAAAAAAAAUSDnKgAAAAAAAABEgZGrAAAAAAAAABAFm3ySLJICUdbAvyP9XxH+rWHMN1DdA80bPi1guPUOt8xA9YZPC2+nIkwbbNmRykZa9nDrNRtqnQYqG2mdhlqXSNtooPaapw+n7FD7YyTrFGnZQ+2f0VgnhU0f7joNVna01mm4+zZ8WcNp91D7aaBtGv6euc1DvRep3oHeu5n3w6cPNC/rNLx2jcU6RVqfgeZlnYbXLj57o1/3cNcpvA7WafB6Waeh5x3J8TTQddlQy42mXTczL+s08dYp0vus08RbJ/q9yb9O4e+Z5/eFlR+N5ZrfC1/+rVinSMtmnQaudzhlRtp3+SKUiTT/UNtzqH7PXGYir9MgbD75Qgv7hvh/pIWPdL7w+Ue77EjKDKfegV4Pd9mDLWO86o30eqhljtW6DTZfNOsUafpw9/9otmG46zTcZYRPH8k6jcY+vdltNFRdg02/mfdu5v3hdKSs0+i8F+37wzzZsU6j9N7NvH+7ffZGOi/rNHrLHcu6P8/rNNh1WTTLjeZ91mno+VmnsXmfdRq9ulmnsal7vD97Q72Opm7WafSWG22Z4bRruPMPd3tO5nUaBGkBAAAAAAAAACAKPNAKAAAAAAAAAKJAcBUAAAAAAAAAomDzEV0FAAAAAAAAgBEj5yoAAAAAAAAARMHWS3QVAAAAAAAAAEbM1ktaAAAAAAAAAAAYMR5oBQAAAAAAAABRIOcqAAAAAAAAAESBkasAAAAAAAAAEAVyrgIAAAAAAABAFBi5CgAAAAAAAABRIOcqAAAAAAAAAETB5rNYx7sNAAAAAAAAADDp2GKSnePdBgAAAAAAAACYWJqHLmLx+ci6CgAAAAAAAABmZWVlQ5YhJwAAAAAAAAAARIHgKgAAAAAAAABEgeAqAAAAAAAAAESB4CoAAAAAAAAARIHgKgAAAAAAAABEgeAqAAAAAAAAAESB4CoAAAAAAAAARIHgKgAAAAAAAABEgeAqAAAAAAAAAESB4CoAAAAAAAAARIHgKgAAAAAAAABEgeAqAAAAAAAAAESB4CoAAAAAAAAARIHgKgAAAAAAAABE4ZYEV30+361YDAAAAAAAAIDb3ESKNdrGsvLW1lZdu3ZNvb296urqGstFAQAAAAAAAPgciI2NldVqVVpampKSksa1LWMWXG1tbdXVq1eVkJCguLi4sVoMAAAAAAAAgM+Zzs5OXb16VZLGNcA6ZmkBrl27RmAVAAAAAAAAwKiLi4tTQkKCrl27Nq7tGJORqz6fT729vbLb7WNRPQAAAAAAAIDPObvdrvb2dvl8PlkslnFpw5gEVy0Wi7q6uiZUclkAAAAAAAAAt5fOzs5xC6xKY5gWAAAAAAAAAABuZwRXAQAAAAAAACAKY5IWIIC0AAAAAAAAAABuV4xcBQAAAAAAAIAoEFwFAAAAAAAAgCiQFgAAAAAAAAAAosDIVQAAAAAAAACIAsFVAAAAAAAAAIgCaQEAAAAAAAAAIApjGlwdLSd3r9aW6kjv2JTgyJJr3pf16P3zNC3xVrXFrTWvLFXBKJadWE5q9+otqnav0StLJ1fLAQAAAAAAgFtlUoxcDVQzteheFTjM77Tr0tGjqvuP7XrhQJWW/GCN3M5RWeQQbfHJ5/NpqLUbSdmJxd9en4/RxwAAAAAAAMAAJsXI1YCC+5eq30DKpVLz0e368au12rN5t7LKl6ogdlyaBwAAAAAAAOBz5LZ4oFXq3Su15utTpZb3tbv60ng3BwAAAAAAAMDnwKQauTqYrAX3K/9Xr+tU7Ul5S7MUyA7Q1nBIP3/r1zrmuayWbkmyKWVGgRZ8/Vv6RnFqSB1G2V/pyKkWdUuypcxQwYKv61vfKFZq2PK62hpUvWe7fnX0M7V325Qw9W59feUSuXP6J37taj6mX/7sLb1X95m6bQmaWnCvHv3WN1QcXqnadOnIr7X7Vx/Kc7ld3bIpJX+evv7oI1oYXm9bgw79/C39+phHl40Vi9zek7v1D//rvJb84yPy7vlXvedpl6Yu0Mo139LdqZL8bXv/5GdqV4Jc7hV66lGG/gIAAAAAAABDiXn22WefHYuKr169KrvdPip1ef/0a/3unJT7ha/qrxwDFIqPVfOHVaq/EK/8v5mjLKvUfORV/XDrb3UhIV/3P/iIFt87X3dkd+vCRx/rD7/7vdqKFqtoijF718k9eu5f/l1nE+bokUceUsmiO5R6pU61v6vSe5dmqGROlmKDbbmqEx/u19Huv9LDDz+k+XdIF2oPq6bqw5A6g2V//75Oab6W/O1XNTenVcdrDqnqvWNKmb9IuQmBFWjTyT0/0j+/82fJtUhf+9pXVXJnqq58XKP9v61Rw9R7NDfbX7j5iF794Vb99kKC8u9/UI8svlfz78hW94WP9PEffqfftxVpcV8j9OvfndLZozX6LOtBPfbIXDljZ2jO3VmK91Zr83P/n/7z8hTNfeQRPXTvHeqq2amdJzuUeuGCPsv9gr464AYHAAAAAAAAxteNGzeUnp4+JnXv27dvyDK3zchVyaaEFEmXvWpuluT06ujvPFLCf9F//8dH5QoUKy7WgiKHnn3pt3r/w5N61GUkcT354ftq0Rf03/7xWyoOFr1Lrh0/0OueozrVdrfuDg4ebZHu/ge9sKRAxqRizctJ0D/+y//R74549KgruDRJLeou+m964VvFRtniYs0r+g+98KN39PN3jmrBirsVK6nr6Bv61/dblHLvP+gZU73FC+bqVy+8pN++/oaOFHxX81Il79HfyaME/Zf//o96tG/FVLygSI5nX9Jv3/9QJx91qS89bbtasv5WLzy1QKmS5hVLUpeOvvNznemepUc2luk+Z986F/2sXP/v6OwUAAAAAAAA4LZ1W+RcNTjlyAp97f7uj/Qv/2QKrAbkFKlIUne/Oi7pVEOb6XWi7l7xL/qnZ79lCqxKkkP33RcIgPq57tZcSe0tzeoKqXOqvnp/cWjZrPv09blSd22t6rokqU1H369Vt+ZqySNh9SpHX/36XKm7Tu8dbTbWzP1d/ehf/skUWO0rWxR5xTTj7vzQ1AZddaqt7Zbm3q97neY3ElV8/9+I8aoAAAAAAADA4MZ05KrP5xulevrqG7hKry5f6pvBXK6rzatL5z9Ty+XzOnrqpM7UndL5YDmjYP4XvqiU332g3770fb2XMFX5X7hPC+bO1l0up8wZSI3iU+VIDm+LTz5J8jbrms8nZ7BsvqZPDS9r0/RZM6TaOp1s8OkuV4NOnpQ0Y5am2/qvo216vmapVmcaLsrnSzGvmLyXzuuzlss6f/SUTp6p06nz/rb4/O3xVzY1PSV0fzScVJ2kGbOmyxYoGzB1lmZL+sC0fQAAAAAAAACEuo3SAnSrvUWSsuT4/9m78/i6zvre959nDXuStubJluchHhIncQgmOBAH0lJaQilQoE3o3JLent572oZ7boGWe6GXltsC5/aW0xLantOTErclbdI2tKRtAtiQQJwBMtpOHMuTbEmWZM17Wms9948tyVIsS1uTlS1936+XXkbS2ms9z/5l/ez947eeZ6wTc+AwD3zpLzjQPtbK6ZGs28D2W/eQfOhxjk14tb/1Q3z841t55IGv8/ixLo4c+CpHDgBeHbve90vccfOaCR2ldaQv3bdqdnwPyFAYa3MNAK/UjaQGOPzAl/iLA+3jTapeso4N229lT/IhHj926SuSydecu1AgM5tLioiIiIiIiIiIyCTLp7jac4zneoH1G2gC4AQP/OGXODCYZvcdv8q7dzVTnxqtJBae468eevySU6Sab+DH/5cb+HEKDJw5weFnHuGRA0d4/qv/la+mP8vPX7twlcggMwjUUT/2rL4HBIVpXnHRiQf+kC8dGCS9+w5+9d27aK5PjXbXFnjurx7i0plNwfdJln5JEREREREREREReY2yWBZgwhkvuyzAiQNf5ySw5eZrqLMWe+IZDg0Ce+7g5/a0Th5PTycnJ43xBA99+i850PRefu9XbyCJR7p1C3tat7Bnx1f56Bcfp3dgAGsnrET62kfpJ4xx8u/a6eyxbJm0iOkAJw73ArtpqrVY28qWLfD4kcOcGNlHXXLyGQvtr3ASWN/ahLVtPFOcGHf83B5aJ42lh86LE3vN+F7z3q3ewnYO8P3DJxjZV8ekS/Z2FpdNYDFiKCIiIiIiIiIisjwsiw2tep/5n/zlgUFI7+P2PaOtoMl0sWCYyZCZdPQAhx58mN7R3xUbN1vZsD5DcOQAh3onnzszMEgAJJOvqXiW7CQPP3Js0hgyxx7moWOQ3Hsz232AJLtu3o3HER586NhrxtvOww99H9jCzbuqgCTp4sTITD6QgUMP8nDv6O9m6kj1t3Pz3iQceZCHjk0aHcceeXi8+CwiIiIiIiIiIiJTK6tlAY498lW++syEHwS9xc2pBgPwtvCB33wvG8Z+13xgwTX8AAAgAElEQVQDt63/Gvc/v58v7s9w2+466D3CoUcf4xgbWF93jJO9AxQfzvfZ9e73sv75+3nw9/+I9vfexu66JIPHDvDwgSOQ3sc7b5hrcdUjc+hL/FHvPt65bwuMnnMwvZdff/eW8c2y/F0f5Ff3HuOLj3+JP+q9mdv2bKcuOMaBhw9wpNdjywfuoFg3buaG29bztfufZ/8X95O5bTd19HLk0KM8dgw2rK/j2MleBooTm4bPlnf/Enuf/yKPf+mP6N33TorDe5gDxzLFVQrmOGMREREREREREZGVoCyWBRg7S9eRx+ma9BuPdO16dr/rNm7/oR3UTXr0vZa9d30Ue/+9fO2Z+7n3EHjpzey+/Tf49J4mjt37X/jvzx/jTH4vtT5Qu5ff+FgtD+6/n0MP3suhALxEE1v2fYT/dPuO4lIDE8Zip3jsfuxPO+nYPfzi717DkXv/hq/e8yiBl2D97p/mF9+7h9bExPEm2PyBj/HR9Q/y4MNP8OC9Bwi8BLXrd/PTv/he9rQmx9/P2r138VF7P/d+7RnuL06Mzbtv5zc+vYemY/fyX/778xw7k2dvrT9xwJcuqZDYzAc+9lHWP3g/Dx7Yz5FHPRJNu/iJ37iGs5/7ax4fnYuIiIiIiIiIiIhcythFqp61tbVRVVU184EiIiIiIiIiIiIiczAwMMDGjRsX5dx33333jMcsizVXRURERERERERERK40FVdFRERERERERERE5kDFVREREREREREREZE5UHFVREREREREREREZA68xTy5dpoXERERERERERGR5UqdqyIiIiIiIiIiIiJzoOKqiIiIiIiIiIiIyByouCoiIiIiIiIiIiIyByquioiIiIiIiIiIiMyBiqsiIiIiIiIiIiIic6DiqoiIiIiIiIiIiMgcqLgqIiIiIiIiIiIiMgcqroqIiIiIiIiIiIjMgbdYJ04mkwwODi7W6UVERERERERERGSFSyaTS3r9RSuuZjIZVrW0LNbpRUREREREREREZIU719GxpNfXsgAiIiIiIiIiIiIic6DiqoiIiIiIiIiIiMgcqLgqIiIiIiIiIiIiMgcqroqIiIiIiIiIiIjMgYqrIiIiIiIiIiIiInOg4qqIiIiIiIiIiIjIHKi4KiIiIiIiIiIiIjIHKq6KiIiIiIiIiIiIzIGKqyIiIiIiIiIiIiJzoOKqiIiIiIiIiIiIyByouCoiIiIiIiIiIiIyByquioiIiIiIiIiIiMyBiqsiIiIiIiIiIiIic6DiqoiIiIiIiIiIiMgcqLgqIiIiIiIiIiIiMgcqroqIiIiIiIiIiIjMgYqrIiIiIiIiIiIiInOg4qqIiIiIiIiIiIjIHKi4KiIiIiIiIiIiIjIHKq6KiIiIiIiIiIiIzIGKqyIiIiIiIiIiIiJzoOKqiIiIiIiIiIiIyBx4Sz2AK+bofXzkCwcn/WjjHZ/hY/saZn+u7gP8wSf207bxDn7/t/dRyhm6D3yWj+9vm9U15/KapXeUr9z1BQ5yC3ffcyfblno4IiIiIiIiIiIii2RFdK4eve+uSwqrAG37P8FH7rqPo0swJhERERERERERESlvy79z9eh9fH60rnrLb93Dh8dbKcc6LA/y+ftu5Mt3zqLHsmEfH7tn30KPVERERERERERERMrIsi+uHn2qWFndeMdnJhRWAbbx4c/cwelP7Kft4FMcvXMb2yh2uX7+4ORC7CWP519mWYCx146ZXMx97cDGlinYyJ2f+W3m9dT/FEseTDv+ia+55beKheWJc3rvGT4+fr4pxvfa642d49KBjRawL3MeERERERERERGRMrbMlwU4ypMHATay9+opqnoNV7N3I8BpOrrneaXXFFYBDn7hLr4y1ZoD3Qf4g4UqrI6f67XXnuNyB237JxRWAdq47y8OMP72TFHI5eAX+Mh9r73aaR747FhhdfQ8n9ASDCIiIiIiIiIisnyUTedq4U/fPuvX+L/2ZzMc0UDLWqCtjdM9UNLOVFPpPsADo0Xc8WLpaBHy4FNH+fC2CV2dZ/6NP9h/kDbglt9agE7OS5YoGOsWLRaMt83h/ONdr2OF1LYzFN+ebg48eLETuNgFO3q9Cd2/RW3w5s/w5d+ecMzomDZ9dfaxFBEREVlM/q99Y6mHICIiIiJlqGyKq4ujm47TC3CanjO0Adzy3ovF0m138uV77rzk0LaDFx+3X1u/ANceN/ER/Pm4hTeOVUi33cgtHJxwzh5OFyfK+y5OlA/fcw8fvuQ8E7uF61m7EYpvkoiIiIiIiIiIyPJQdsXV2XYVvPEWOHiwjcdf7GbfhE5LfusePlz/Io+3wVSFztMT2j57zixGVbCN+/7tKPtms5HWVCaulXrPPXx4miJr25mL7bndl6sqb1zDwtR819Jyma5ZdYaIiIjI68Vcno4SERERERmzzNdchW033gJA2/5PjK5/uo133rGRg1+4i498Yv9oM+WlhcBiIRIurts6jfo1bAQ4+CAHxhYnPXofH7nrLj7y2QnrlVJ8nP7L93yGOzcCB78w9Zqss3D034pz2Pjmq4tl0+4OLtuMe7pjdCzdvPjduRSMRztQOcgDFyfKV+66i4/c9dmLcxcREREREREREVkByq5zdda23cndtxzk8weLG0xNVSfdeMePjK8VWr9m9Pn1g1/gI6U+Y9+wj/fdsp/PH2zjvk/cxX0Tzz1a9Jxcd2xg3y/fweOf2M/BBw/wzt/eN+1yr237P8FH9l8yau78zG9z9eh4pz5m9GrFhWWLm1XddZmDStLAvvfewn1fOHjp9Ta+man2DBMREREREREREVmuln3nKsC2O+/hy791y2V/f7FLFRr2/TZ3Tzx04x3cfcfGkq5x92sucXHTpyk07ON9twBt+/nzebR8Nuz75WIX7IRr/v4dxYLr4y92jw1u9GdjbuHuad6PaW2789L3cuMd/P4MBWIREREREREREZHlxlhr7WKcuK2tjVUtLQt2vrH1sBZ+vc4Ja7DOc/lTERERESkvi/dvTBERERG5Es51dLBx48yNkXNx9913z3jM8l8WYEbF3e5FREREREREREREZkPF1RJls1mGhobIFwrE4zF8P7bUQypZoZAnl8sTi8WoSKVIJBIYY5Z6WFeE4la+FLvypLiVp2w2y/DwMLl8vuziBhdjF4/FqKioIJFILPWQrhjdcyIiIiIiS0vF1RIMDA4yPDxMU1MDyWSS4kIKlsVZUGFhFT+jGIwpfgDr6uomXyiQrqzEcZb3kruKW/lS7MqT4laeJsYtlUoRRWMBe/3HbixuAI5jGBkZoaurm4qKCqrS6SUd25Wge05EREREZOmpuDqDXC7H8PAQ69atwVoIgqAsPrS8ljEQi8VYu3Y1p0+3E/N9ksnkUg9r0Shu5UuxK0+KW3maGDcwo3Erj+LcRMZAFBkSiQTr1rVy6tQZ4rEY8Xh8qYe2aHTPiYiIiIi8Pqi4OoOh4WEaGxsAQxiGEzp6yo+1Ea7r0NBQz+DA0LL+8KK4lS/FrjwpbuVpctwioigqywIdgDHForDrOjQ2NtDfP7isi6u650REREREXh9UXJ1BLpcjlWomCELCMMKW66dOwNrio5PJZJLu7p4lHs3iUtzKl2JXnhS38nRp3Mq5uMr42FOpFF1d3Us7oEWme05ERERE5PVBxdUZ+L4/+ohkeX/oLCp29Vjr4Hn+Ug9mUSlu5UuxK0+KW3l6bdzKu/sRHCcaj53vr6zY6Z4TEREREVka2jFgBsaY8fXnyvuDC+NzsNYu+914FbfypdiVJ8WtPC2nuIFiV65WUtxEREREZPlR52qJih9gyvzTCyyLOcyG4la+FLvypLiVp7G4LYd5L4c5zIbiJiIiIiKytNS5KiIiIiIiIiIiIjIH6lwtwWJ09ERhSGZkiJ7Oc5x59SiHn3mC44efZ3BwgNBCIpVmzabtXP/mt3Ldnr3UNTYuyHWXS4dLKZZbJ9ZymEepFjN21lqiKLrk58aY8a+Fvt5KiZ1yZXmaGLflMOflMo9SKFeKiIiIiCw9FVdLYilutjD/f/SHYUDPudO88MRBXnr6Cc6e62BoYICokMdxDK5jcBxLfriPo888xtFnn+L5pw/xrg99mPWbt+C68w2ZHf1aCRYubktvJcUNFiN21lpsmMMZfJ5Ez8N4A4dwcu1Yr5qw8jry9e8grLkZ61ctcNFgJcVOubI8XYyb8mW5Ua4UEREREVlqKq5eQWFQ4PTLL/Iff/PnHDvyIoOZgExgifs+juOQzYc4BmKewTGGmO8RRgHPfPsRerq7+cmf/xV2XHs9rusu9VSWte7ubr71rW/hOA5vfetbaZyiEy6Xy/Hss89y5MgR9uzZw/bt25dgpFIqay3kuoh1/iOJM1/GzRyf9Huv/wf4XV8j1/x+cqt/nqjyKhxH99lSUa4sHw899BBnzpzhXe96F+vWrZvymIGBAfbv309LSws/8RM/cYVHKLOhXCkiIiIiMnsqrpao2BRi57wjr40ius6c5Dv/cj9HX/gBgXXJR2BxcB1DzHeJIsNQtsBQLsJzwHeLXzHf4eizT/Gv/1BFqjLNhs1b5tQtYkz57yg8W6XELQgCOjs76ezsJJvNMjg4yKlTp3Bdl6eeeoqqqqopX3Py5EnOnj3Lc889R09PD1B8XDKRSNDY2EhjYyPxeHzec1iJcYP533MXz2Mh30vs3AMkTnwRJ9+BnWK5aRNeIH76PkwhQ27DfyKq2DrvrqyVGDvlyvJ0MW7TT/z8+fO0t7eTyWSw1nLixAkuXLjAD37wA06fPj3lazKZDF1dXWSzWR577LHxnzuOQzqdprW1lZqamgWZx8qO3XzPo1wpIiIiIjIXKq6WwNqJ65rN7RyZkSGOfP8Qzzx2EByXXACZQrEYgDGEoSUV93Bdh6FsgZFcyGAuxHMsKd8Qj3s8+e1v0dy6nuraOmrr6uY4l/l/ACsXpcQtm83wwtEnePLYn9Pe+xSWCFOoI5Z5KzgFvvPqfUR+z6UvjHy8kavxCtt4rv1/8P0LL4//ynViNFddx+5Nd3DttluprKxcgLmsnLjBwtxz48IMXu/j+O3/gBnpmrJYcFEOr+MRgoqdRPHVWK9inhdfWbFTrixPk+N2+UkfOfoijx35/zhx/gCRDQGID/0YDo0cOvF5wnNnpnydCdMkeB99Iyf42gt/Mul3cb+CzY2385ZrfoX169cv4FzmfaqyoFwpIiIiIrL0VFy9Aqy19Hae48gPnmQkl8d4cQazEfkgoirlU5nyCQJLJh8QRZZUzCMV8yhEEYUgwkbBaHdWxHNPf4+rr99N1Y1v1COv8xQEBV49+QI/OLGf9r5DeDGD4xpMxQWo+WcAYgBM1ZETQPpZ4Fl8wJ90TIGe3FO8eDpGbVUTm9ZdtyAdrDI3JtOB3/4vuD0vYZn5njFBL17Xdwjr3kpUteMKjFDGKFe+fp081cZTr/4Vbd3fwPMNvmswDlDxdSxMkQcnGsJW3YsBEpccM8KrF75K6uU6qqp+gdra2sWchkxDuVJEREREZG5UXJ2RHf+aa1dFUCjQ03WOM23HyYeGbCEkU7AkfYeKuMf2Tc2EYcSzR85igUwhJB9GxFyD5xhCXCIb4Xs+J199lWNHjrDt6mtIVcylU8RO+FrOpo9bFEX09ffy8qlH6c8eor7WJVXpEE8YnOmadUq8chSBb4/T3X+Y5uEtxGKx+Z10xcQNFuKem8jJ9WL6j2MDYNpOrIvMwBnIdmPTC/F+r5TYKVeWp9fG7dL5Dg8Pc/j4o3QOPkpdtUsq7ZBIzj9Xjl09CiHHt2hvf8e8lwcYe0R+ZcZufmdTrhQRERERmRsVV0ti5/XYXSGfY7Cvj2wuRzawZMOIuGOpSrhsXNfAW2/chOvA4FCWI8c7iTsGF4dsEDIcRkQRGCwWyBYCuro6GB4eIplKzX4mdiV9cLl83MIwpL+/h0Sil7qqPNU1HukqFz822o01T1EEUZAhHOgll8vNeyfnlRU3mO89N0lhBIZ6sIVZdC8OX8DkhxZkB+6VFTvlyvI0MW6Xzrm3txc/3k1NRZbqWo+qapdYfGFyJRTzZZg/z4XeCwuQK1dy7OZ5KuVKEREREZE5UXH1CgjDgFxmhDCKcD2Pat/Q2lLLjbu3cePVq6hPe7iO4Y733Mj3D7fz3JGzdJ4fIJstUAhCckFEPoR8IcLBpetcB0MDg9Q3NM57E4mVylpLGBaoTIW0Jj3qGlySSWfBigUANjIM5vRBcel52CiBDUovGFg/gbVKj1eacuXrU6FQIJkIWN3oUd/oUlGxsLkSwEbQ3R0t7ElllpQrRURERETmQv8iLkGxE2bumy24nk+8Mg2OR8yF7Tu28a73/BjbNzYQ9Z+kkBkgxNDQUMePvq2Bt+29mvM9g3R09dPdO0hP3xD9gxk6eoY4droXz3UxjplTp8jYXFaC6eJWfO8MFckKqhJ11Fb7+PGFLL4UVyHMn0/MuElMSWdbQXGD+d9zE0VuJTbWCv2dpV+/qgXrVS9QN9bKiZ1yZXmaHLdLJ22tJRlLkqiso77GJ5ZY6EK1xZCiGxYsV67M2M3vXMqVIiIiIiJzo+JqyeyExw1nx3U9UulqjOdTka7i1nf+KG94y60EA2cZGezA8ZOAIcAhDMGLxVi7poL1a1uwUUCQy2CDPKc6+vjzf3iKhuZmKiqKO9DPbjyGlffI3eXj5joVrG38X1m//nMLe8Ugi80OEg6dJxx4Ej93iChcA+lVmFQ9OLO97VZi3GA+99xEUbyOsGYXputlTJAp7TUVW4iSTQtQMFiJsVOuLE/Tx62x+kNcddXvLvxVc4PY7ABB31k6+76BPWmwyVpM9VqIVc7+fFaxmyvlShERERGRuVFx9QpwXJeq2gbWb76KlB9y/Y034HpxCsbHiaXAhoBh7DnLyFpyYYS1ETY0hDmLR4ghIpVKsKq1dY4btMhE1lqiKCKKFuZRVFvIEJ39PsHL/4EJMrgVDWyqrARjiM6donC0k8AaWP1GzLq9kNSu2FdClGyksOld0NeOd+rAzMfXbCJY+3aiilVXYHQykXLl69dYvlyw82UuELzwAFH793HTTTipOt64pQYzfJzgXBeFgU7CWBVmy49A640Ldl25POVKEREREZG5UXG1BBM3+phrd0ZtfSM7r7+BoY5XqEjGwbg4fhInni6e01qMcQCLNWCshTAkMjkitwA2on+owJYd17HjmmuJxeNzfNR1/o+ol4vp4jbx51EUce7cOf7sz/6MZDLJG97wBrZt28a9995LEARs376dPXv28MADDzA4OMj111/P+973Pr773e/y9a9/nbe97W3c+qZr6X38fxCd+i71G6/Dbb0GYxxMshbHLxZ34gbCvjPkjn6dwsv/gr3+56DlOvDiJc9lpViIe+4iQ1B7FWb7BzCDvTjnX7rskVFFE+HWnyBofgMRzoI8o7qSYqdcWZ5mitvEXAnwyU9+EoCtW7fyMz/zM3zmM58hn88D8KlPfYo/+ZM/4fz58wB8+tOfnvSaT3/609julzn2V7/Cxi078Fuvw61Zgx3pxW3aBoU8Xss1JGxI0HWU7Ld/n6BmC+z9z5BePau5rATKlSIiIiIiS0/F1ZLM/8NLRTrNVdfewCk3pLfrHKs21+PEKnCT1RCFxS9nbIeQYgHBOiEWMG4GGzoUnBTX3Phm1qxfXzxqjgWDlfPoXWnFVWstLS0tfOpTn5p0zO/8zu9M+v6jH/3opNffdNNN3HTTTdjhToJnv0J19iT+DbfjJGsgKIANsf1nCN14sYBqDE6qhuR1H8A58jC5A/830e5fhM23zfj468qKGyzEPTfpbMansPpNsDeN+8xf45w5hClMeOzV8YkathJc+yGCDW8ljKUXbPG/lRU75cryVFpxdex3E3OltZaPf/zjk77/9V//9UnfT3xN1PkchUc+yZab3oXfcjW2kIH8CMb1CdufxaTqsBiMY/DqN1Hx1l9n5Ht/SeHBX8a+47PQvGv6mYyPU7Gb09mUK0VEREREZk3F1SvEGENjSysxz2Eoc54oN4RxY7jxKmxQwIa5sSOLf9gIawoQ5MG4BPg0bb2RVOtOYonEks1juZn3o665AaIX/hZz7im85l2EHc8SFPJ4q3ZhvCTR0HnwkphEFRiHwvljGD+Bt+5GwqFOCof+FOt4sOlt4KcWbmJyicjxKTTvwt70azjHd2HOPosz2IlNpLFNO4g23kzQsqtYDJclo1z5+rQgywIMnCJ8+DeIrX4jbmUdme/8v/ib345TsxaCHGHfaVw3hjUGjEv+zA9wataQuOFDRN/5U8Kv3429/YvQcNXCTEqmpFwpIiIiIjI7Kq7Ownw7QxzXpaq+BTefJD8yhJeswklW4dqQKDcENmJ8UwcbMd7DYQxuzToaG3dBolaPzc1SKcsCDA8P8/zzz+N5Hk1NTaTTaY4ePQpAXV0djY2NnDhxglwuR3V1NY2NjfR0d+GceoT1g9+iomETTiwGroM1MWxhGKICJjHa1ZMbAuNgc0PY3DCuG8NfdS1R7ynC5+4jqt0ADTvALPQu3OVtobqxTOYC7rln8M88iVMYJGrcRnTDhwgrmzG5QZzzh/Ge349/sI0oXk3YvIvChlsIG3ZATGt2zpZyZXkqdVmA733ve0AxN27evJknn3wSANd12b17N0eOHGFoaAiAnTt3MjQ0xJmTr7L99B9Tm0ri1a/FZntxq5rAFrDZPrARTk0rNj9UDKvrEWUHYbAL14sT23Ir2af2w3f/K9GP/TE4/mXnsBIpV4qIiIiILB0VV0swtgvvQnx4cVwXElXkwiFMfhg3UQXJaozjYoP82BWxYYDNZ4vrC8aqsOn1WH/+j98V5zCvU5SN6eI2sVgQRRHWWnzfx/M8PM/DGEMsFgPA9/3x76MownVdHMchbbupKLxIhdMHw21YU8CpWgPWKXbXhbliwcea0cqPxUmmAYPNDWL8JE56FVHnS3D8m9h0K8SrLjOXlRM3WMB7rjCCd+4Z4i/8Hd65H2DGuh6P/ftlX+JwGq/rBfxX/pVg7V5yO3+SsGE7uFMXc2aykmKnXFmeZorbxFwJxZw49mcURcTjcaIoGs+RsVhs/BgoFl1X5Z6h3rZh/HWEZx7FaboBb811EIbYfH+xoMporhzNl27tGrAR0WAnTqoep7qV6NRj8Oqj2C0/cpm5WMVuLpQrRURERETmTMXVkizwmma4ZE0CJ8qSsiGOl8TgYd0s1gbYKCQKh7EWnFiaKNFAlGoE4y5IwWDlrGk2/ZqrY3+G2QxO52k2pFPFdf4udBCr28mGDRuAYgHB931aW1uJogjP8/A9l7TfTdJrx4nXYuJNxXUgC31Y62CswVoD1hRDFtnJsbMGvHix2Op6OCcPEGx5J/iVU3avrqy4wWzvOWd0Dc6Jx5pMH37bo8SO/TsmUUVww89Cqh4yfTgdz+J0PI/JF7vrbKyCqGkn0eo3QLIGMhdwuo7gnX8J59B/I7fzfRTWvWV86QYzGqNSHpNeWbFTrixPM8dtrMAanjrGhsoEJlWJc7YN1qxhw4YNWGtxHAdjDC0tLTQ0NAAQj8fxHEtl9ARORRJTswrCCBMMjG6ENDFf8pp8OQQU8yixAm66kbDvFM5Lf0+w8e3gXPpPGK25Oj3lShERERGRhafi6hKxJsZgLkNYGKC6oQXrxYgKLlGYhyCH4/k4rk/Gxgjj9ThecqmHvCxZa4msJT84SOe//SNOqoLKvbeRGBrixIkTANTU1FBbW0t7ezvZbJaqqiqaql0q+g7jcwHiayDhQRQQRYOAA7jFLwsmHH2KObr44ddaIMyDMRjHhf5TmJ6j2HQLKNazYk2evvBlIhuQjm3ANT4Ghyjtk931DoaufgsDhTb68i+TC08Rc6qp3/VzNJ3tIXXoryAKyNz4M5xfv47zmafJR6eIOTXUXvN+qvwNeE4FxjijD6EPEdoCg/kTOMal0tmCYxWvxaRc+fow3r3q+nT+w1cw+SzxvT9MPAg4fvz4eMfqVVddxdmzZxkYGMAYw5YtW7C9L1CffxWTqMDGHAweUTgIdkKuxIHIYqKp86WJChgvhnEc6D5czJeNVy/hO1J+5pUrv/cXAMqVIiIiIiJTUHG1JBc7YRZyPbcgl6Wj/XmGelto3noD8eombBRgCyMMdWU4f/IoNpYmmVq9MGupmYmdISuhO+TycZu0LABALFF8vLiQJwhCwjAkCAIAgiAY/z6KIsIwxOT78cMuXD8CJ4uNBrHWYIwDtlgsMNbBRqNdOxistZhg9LFHCzh5CHPFRtUowFw4TtT6JnAnb8Kz8uIGs7nnIhPQl3+Fly78JXG3mqTbiGN8LJbQ5sgFveTCXgo2g7UBBpeUv5qN9e9i0zt/F8dGtLkvcrz7/2EofxpLiDEuvkkRd2uJu3W4TgKDIbIB2bCbbHiBq6rvJJXcgJlmfCsvdsqV5Wn6uE1aczWRwoYBJp8fz4mFQgGAfD4//v1Yp2IYhiRGjuLFLNYJwQ4VcyVmtMN4NF9Go13+GCLARhYTTsiXUVBcx9oYCPOY84eJGnZOO5eV4crkyi0/+n8CKFeKiIiIiExBxdUSjH0eWKhHXce4DrjZHtqfeoazr7xA4+ZriacqGTx/hr6TL5Kmj/ja68hHhvhCPGJrJ/+53M0UN9/3yeVyRPk8YWYYZ8+tmGQFsXwG13WpqqrCWksymcR1XSorK8nn8ySTSXzTi+9kMb4PJo+J+rEmhjEeFgdwwHGIrIHQ4GDAQGQsNrLFz46hhy1kgBAcMJnz2DB/SYBWWtxgdvecsR5xp5ZcWCwMDNA2/bmJGCqc5JX+v4NqwBiOXriXfDQ44foROdtPLuqHwokpzxN3qzH4045vpcVOubI8zRS3eDzO4OBg8f9c6mzH3b2XsK6Zio6TWGuprq4mDEN8v3g/VFRUYIzBGIPjOCTow3gueDEIezEmhjExLG5xnVVccA2RBb/XpWoAACAASURBVKyDA2AMkYlG86XBhiG2MIJxwDoGM3zusoXgiXNa7q5UrvRqkwRRVrlSRERERGQKKq5eYZGF4RDaR8AZjthZW0NFzKG94zwvH3yQKIpIJuM0tjSzunkbA3h872QvNuWxtT5GfcrDd52lnkbZcxyHdDrNsWPHqK6upmrbLta+5ph169ZN+n716tXj/zs21InvRTipZkzTrdiRdmzvMxCBNfFi0SACgweuBzjFbi3H4NiIKDJYG0IwgHEsxjWE6taZG+sQc6tw8IgISn5ZZAPy0RBhlJlULCiFg4fvpDG4sx2tlEi58vWjrq6OEydO0NPTQ+2m7azZtL34ix3Fx/LXrp2cPZuamiZ9H487GHI4zT8KlVcRnbwPU+gDJ4nFL/YqhmBMHOO6RNYUC6iW0XzpFPNloVikNUBoZ17DU15jPrkyHCIX9ipXioiIiIhMQcXVksx/kxYLjERwPOPy8ohPpe9yUyIgGbqY5g1UtO6g4CQhXo8XS+IWLmAGTlKbG2JNKsGfvpTl3BPtvGl1itu21rK5ITnrwsHYrsIr55G76eOWSCRobGzkxIkTbNy4kUQiMcU5puaElsi4EPZg4zWY1vdg+n6A7XkSM3yq+MiyV40JspDtJ7KMbt4CWHAs2CgCOwy+wRoX48VhdPmASbNYcXGD2dxznufT7L+R9296jHzYz9mRb3Ns4B+4kHtpQUdUG9/JxvSP01qxj4RbB0BQiAiicJpNgFZa7JQry9P0cfM8j82bN3Ps2DG2bdtGMjm7tTNDPHANduhFzFW/hVOzC7q+ie0/jMldwDoxbLwZM3QKClmsO1qIswasnZwv4z42tOAnpl3CQLG7lHKliIiIiMjiUHG1JPMrGAQWukKHF7I+p7MOcddlV32CprAam0ngGQenchVDkUt31wu4fhX1zddT2VBHNNLB6vRqVneO8M3n23ju1HkOHu/mp29o4dbNdVQn/NJnseI+vEwfN8dxaGhoIJfL8dJLL1FVVUUikcB1Z+6wSYbD+EGCZDCE7fwPwvgaTNMtuKveAsFIcb3VTA/2+F8TZTswjouDwboGi8Eah6gwiOPmMb4hcgxRuonI8aZcFmBlxQ1KvefiboFU/3+QOPNn+IPPEvm11DXcTl3DT/NU9CBdmacv+9rQtdjQElkIg+nf24bEteyp+CCru79L7PDv4eTPE1ReTbb1IwxX3UYumrowv/Jip1xZnmaOW11dHdlslhdeeIGamprx5VJKEeYT1LgJ7OBRohN/SbD2F4hd9XOYMA/BMMZUYi+8iH3xs0TGxXGcYp6kuA6rNR5RrhfHtxjHIQoioqpWFVeBK5YrI0sUKVeKiIiIiExFxdUSFD+vzK1gULBwLHB5suDh+B6+cTg/XOCF3hHWrm6lcZ1HdniATAFGur5C3eCXsHh0d9/Ghaafp3b1mxkIfLq62ykEWYKowLHzIX/87Qxdwzl+4upmGlKxWc5jtu9AeSolbp7nsXbtWhoaGjh//jyDg4OEYTjjueMUqHIS1Ls+DB2m+/k/49XwLWT8jcT8OBXuEOvMIerzz+GYCIwloti9aowDQRbMMDZmi/u52ARR7VVYJ36ZNVdXTtygtNg5jkMsPE/ylc/ijhzHAibfQyz7AHWhpaX+zZzrf/Ky14jciCi0RJElzE//iHFT9Y3UdX4Tv+OfMUEfFnB7nyeR+TzB1VvJ+9vGN/CZeh6lzry8KVeWp1LjtmrVKurr6+ns7GRwcHB807+ZRKaSTZ6L4yWJztzH0bZOztg3kkqlcYyh3u9iW/hPuGTBJMCERJiL+bIwUMyXCQcbhBCvIKi/Zpo1VxW7iRYsVwbKlSIiIiIiU1FxdRGFwBlcvo2Pnyh2LvYEEQOe4dCFDL1DGd61qZWG6tWMnPomtdlv0lLdhxODTO7v6Oz6JufPv5NY05385t7ruaYxxf1Pt3GqZ4C+kRG+8tQpkp7Le65upjKm9czmynEcKioqqKioKP1FNqJioEDU/Qpe4RxN5hhe4TTneusIIp+G1BBVySyO52MdF6IIxylu8IINiWwWxw+Lj7+GEFZcRVi1HtzSij9SZMICpvc0ERO7ErMkBntJN2+kkLt8IcBxo2KxIIqmPQ6gwltLYvD7MDQ86Vom244Js1B6U6RMQbmyfMRisUvWWJ2JsTspnPom8cxhXMeyg6+T7H+S3gs1JP2A1eke3DjgJjC2AJG5mC+jApHN4MQNNnIhsBRqdhNVtC7OBJepeefK0BIGypUiIiIiIlNRcbVEY4+szaYbq984PGM8MnGXtOvSngm5YCMc32DTMQ5dGOGVQ8fZ5/fzxuBR0u4JXDcJ+QypOGxo6GI4ey9dHY+Qdd/LO9feSW+mmb9/NkffQEDf8DB/+8xJNtUleUNrNb5rSpjDfN+J8jKXuJXGkElchRO/nopsN77j0FAR0pDuBGMg8gAfbERxkdXi5izGhkSmUHy81XWwYYQNHXLNtxB5VZfpxFp5cYOZY2eLzwsTZS79tB7lPWxkCbKX70J2vZAwKHauTnccUOzayntTXovQuew4V2LslCvL0+LlSrC49NW+j8qBPyLhGTzHZUvDAJh+wIXIBzywBTAOOIzmy6CYL2MGEznYIMK6LiNr3zdtXlDsXvv7+efKKCh2ripXioiIiIhcSsXVksx+HcEchiN4POu4bIl7nM+HdEQhOcfiR+B4kKxNUMkIie7nqLTfI7luL4Wmt8PAd3EH/h0n101lAlKNZ+kb/G/0D1t21P0Uqxuq6c/lMEGOto4L3P/9dporY6yvSRQ7fS43ixW3ptn8N9e5nEKhwPBQnPbsm0iO9NHsHKY+OYRvJ26cUwCKRdWLjzsaHGOKSwGYYh1huOYmsnVvInKTU366XHlxg1JiZ63FRgabq4Qof/HnxiUMEuQLmem7scKxzlU7YzdWoZAlDBK42STGTiguODFsNFPBYCXFTrmyPC1ergQYHh6mc3gDNnw/9UOP0pruIzXpiBAo3oMX82UxPsX1V+14vhyofhe5musvW4nTmqtTHLEAuTIMLGGgXCkiIiIiMhUVVxeBBS7gcNhxScddCgY6oogLJsQ64GFwsMTDDLW9r9Jy4TEaU6/gdfdg/Vai5vcS1N6G6f4n3KFv4zgXqE7EsJVVhIUYgZcD1wULJgz55gvt7F1fS2NFExV65PWK6Ozs4OWjR2ltbaV268/QffpfCEe+S1NqAN+Z2Nlz8YOiMRSLBO5oV5aBXGwzQy0fIIi3XPlJlDlrLQUnTb7lR/Fe/Tpj73WUbqW3aittHQcoZC9fCHD9YrEgDKNpjwM42fVd1ldtpTF2HKevbfSnhnDjbRS8+kUpSK0EypUrw5NPHiIoFLjthz7EyNn1HD/512yqOU/Ky004avI9ZIwt/mRCvswkrmVgzS9eyaEvCwuRK6PAEhaUK0VEREREpqLi6owudsGU2tUTAj3G0O44NPsuQ2FEHxHDo503rrE4RMT7eqg78zTN/iukmm8maL4B0/FN3HPfwFl9G2HLLxPm3wEdf0km9DkTvInvdBrODGWLn42sxdiQXC7Hc2f6uGlDDSl/6p14YfLGF8u/O2T2cZuNvr4+XnrxJV566TA33fQmtqx5O73nA2LZ79KQHGRSU5xh/O0uFliL8rG19DV8mFxiExZnmk6syfNZ/kqLnbWWnFuJf+0vEJk07rnnsMlawi230VOT5pXn7yWYZvOVwEbFXcdDSzBDN1Zb+2Ncfe2PUHP1L+K+8u+Y4W7C5p2E17yfXLyeKJz69SsrdsqV5WlxcyXA8Vdfpauzi86uLn783bdTaP4pTp//Cltru4ob/k10mXyZS2yjZ9X/RuhM3eE/PpsJc1HsRo9aiFw5uqGVcqWIiIiIyKVUXC3RbB6ZzFk4Zww4DnFj6Ioi+q1l2AHHgmchPjBI4sRhWi88zeqaEzgdQ1D3BuzO36TQ9xLO6YdwO5/A1G0mKrj0mJv5j3PVPN89SL4QYoOAqBASBSE2tBxt72NgpEBLOj7NHFiUD86vZ4v1qKu1lnwhz+DgAI8/9hj911zDhtV7sIGlwh4iZfonv2Cs2GohcioYSb2Rvtr3ko+vBePNUCxYeXGD0mKXD6A/sYb4W/4PcPJ09R3lyKl/4aWn/5lM/sK05w+YUDCYYQfsofwF/unpT7Jt7TvZsffnaam7GmNj5HL5aXdMX4mxU64sT4u5LIC1lqHhQc6cOsXf/u3f8cM//MP0+O+hLnqURvfYpS+YmC/dGgaq3kF/7XsI3fSMC3Mu1hxez5QrRURERESWloqri6Bg4XxkiWxxJ/LhyDJsLVlrcQA3CnHbT1N/9HG2VLdTveEWovrNmJf+Cffo12Db7UTXfoyg+xDuyb/hgq3mudg1HOyMONc/QpTJEmWz2EIBQosTwcBQliCYfqMJWTgxP4bjGIaHhwE4fPgwxuyEde8gXvUmaqOXKAyeYSQbkQl8IgtJP6SqdhVh3U3k41uwzuWLO1K6MAzJ5jL0Z1/mX7/3MXr6Xy3pdZEzWjAIi4+7zmSo0MPTR+7jePtj3L73D6lJXEUYqhgwH8qVK0M6nWZwcBDX9ch3nOPxxx/n+uuv52jq17DVJzB93yczMsRwPkYu9DCEpJMRVQ1bGa55G4HXtNRTWBaUK0VEREREFoeKqyUa24G4lM6KGLAqDHg6U6Dbd8iEllxoyVmLAeLne6h46ftsG3iJrRVn8S5UYTe+neiWTxKcPIh5/n5M2zdwW66m4K7m1OAmDvZVcqJ3kMLgCNHgCHYkgw1CsGCtYWtjmoq4N+34rDUrrjNkNnGbjerqaurq6mlra8N1Xbq7uzl+/DiJRALHXU1vaj2VqyvxPA8njMiOjHDybDv9bf2sKVTQsgpisdLGtBLjBrOLnY0MLgkcGycMSnuvQtcSRRBFtuTXADjEcEmMxmX6QsNKjJ1yZXlarFwJsHnzFg4c+BYjI8MkEgmOHz9OVVUVW7Zs5WVvJ/GK3VS3VmODAC+y9Pf18cKJNsLukB07PWprSx/TSuyAvBK50kZWuVJERERE5DJUXC3B2D/4S33cMAZc5wRksiM8FoZ0ei7ZMCK0EQZD1NdHfc8ptiUvUJftJnrxILQ9i7tjH/ba24nW30LY9k3s0X+gM2rimXAjh/rynB/MEmby2FwBrINxYsTjLjeua+Bnb95AS3V8hoLBxHksyFvzujbbuM1GTW0tW6+6iqMvH2VgYIAgCOjoOEdtbS11dXXk8jmeeOIJjr/6KtlsFoCKihT1dXUMDvRjHMOqVatx3Zk31VlpcYPZxy6KIlwnQV31Rjp6X1zUsdWm1+M6CaIomnFsKy12ypXlaTFzJcD2HTvYuGkTr7z8MhbI5XIcP36choYG0ulKTp85wwMPPsCF3l7CMMR1Xaqrq6ivqyObyfCmN+8llUrNei4rgXKliIiIiMjSU3F1kaQdeHssYmeY4bEheD6wtEVw3hgiL0FPZTOHO5vYXd1PEx3Y4X6iJ/8Zc/Q7OFf/EKZlK5n4Zl7qqOHb2UrO5Sw2dEh4caqqU7QkY6ytTvDG9TXctLGOqqSHmbSLkiwmz/PYvn0758938Y1HH2VoaBDf98nn87z88su0tR2np7eXQr5AGAYUCgUKhQKJRIKrrrqKzVu2rpgP/1eCtZZkrIkbt91JR8+L9A60zfyiOahNr2P31g+RjDURFPRo+UJQrlz+4vE473//T/LnX76Hnp4ePM8lk8kQRRHf+MY3OHGijWwuRxiE4/ny1KmTVFVVsfv66wmnWatTZke5UkRERERk4am4WpLJO/KWygFWu/CBJNweWc4WoCuM6EpXcnz9Dh49fY7jJ9O8s7mLmypOUJc/TzTYS/S9r0IqRnvFDp7P7KSqvoUPrV5HbdylNuFRl/BZVRUjHfdwnYtFgpnHttJ24p1b3EpVWZnmLW+5Bc/zeeKJ71FfV8+aNWs5fvxVzp07N95JFIYhxhhisRi5XA7X9aioqMBxnBLHtdLiBnOJXRhE1FZs4+03/O888tTv0zd0psRrlVZoq6lcwy3X/Weaaq4jDGbuxCpaabFTrixPi5srAdasWcuv/MpdPPiPD3D61Gl27txJVVU1hw+/NJ4jwzAkiiIcxyEejzM4OEiqopKKyopZjEuxm4lypYiIiIjIwlJxtUTz3Uk5YWBTDDZhIBmjcOMO2lfX8J3vPcX/PPYyj3iNvLv5HG+oOElVoZesSfHchXoSqzbzUzduoqG+7rLjmu0cVpLF3AEboLKykn37buXaa6/DGENtTQ0tq1qwwCsvHyWTyUw6duvWq7j5LW+hvqFxfHylzmGlmW3swjDEWoc1DTfznrd+nmeP/T3n+44R99PUpNeQTrWQitdigMFMF529h3GMC1hW1e9ic+stVKWKscvk+xkYPkv/0Fly+QHqqjewe+uHqK3YRiEfEUWldWKtxNgpV5anxc6VAK1r1vBLv/TLnDvXQevq1cTiMX7sXbdz4Fvf4sKFXqKouC6nMYa6unquueYa9t36NqD09TgVu5nNJVca46BcKSIiIiIyNRVXl4jv+2xYv47Vq1o4dfoM333qWe45dpSN8Rb2NV0gjByeza7h6pa11NfVLvVwZRq+79PUdHE36/XrN7Bq1Wp6e3vp7j5PoVAgmUxSX19PbW0tnucv4WiXtyiKyGUjqhPb+aE3/F84bojj+Bjrkc8Xxos3sZhPptDNSLYXay17dv4CVck15HJ5ABzHIRbzwYSEUYEodMjnAnLZwlJOb0VSrlxekskUmzZtGv9+z543sWvXtZw7d5b+/n6MMaTTaZqbm6msTC/hSJe32ebKTK6fKAqUK0VEREREpqDiagmKzRSL09Xj+z6bN21kTetqXj2+nSeefpa/PneOVMJn97W72LJx/egY5n/di48OzvtUZWEx4zYT3/dpbm6mubl5inHNbiwrLW4w/9jl83ny+TzGGKzNXfL7TCaD6yZJumsBiIKIvr7+SccMDxf/LJ5jbm/+SoudcmV5WspcCZBIJNi4cdMlP5/LWBS72Sk1VyacCnCUK0VEREREpqLiaomsXdzH1mKxGDu2b2PjhvWMjIzg+/4s1+Wc2UrchXex43YlrMS4wcLEbrrXBiVukjPf66+02ClXlqflkCtBsZv7OZQrRURERETmSsXVEhhT/LoSEokEiURi0c5/Jeey1JbTXJfTXEqxnOa7nOYyE+XK8rTc5rrc5jOd5TTX5TQXEREREVlZVFydgbUWxzEYYzBmYR45XSrFDy4GxzEs9x15FbfypdiVJ8WtPL02buX8aPZYcW4sduX832ApdM+JiIiIiLw+OEs9gNe7QiHA911838V1XUyZtlUYY3Bdd3QuHoVCaTv4livFrXwpduVJcStPl8bNKcvuwWJxznlN7Ep7nL1c6Z4TEREREXl9UOfqDBKJJLlcQCIRI58PsNYShlFZdYgUP7g4xOP+6DwKJBLJpR7WolLcypdiV54Ut/I0MW6FQjgpbuUSu2Ln5uTY5XIrK3a650RERERElo6KqzOorKigu7uH1tZ60mmL5zkUCiFRVD4fXhzH4PsuiUSceDzGuXMXqKmuWephLSrFrXwpduVJcStPE+MGTIhbVDbLAxgDjuPg+y7JZDF27e091NfVL/XQFpXuORERERGR1wcVV2cQi8WorKikvb2HhoYqamoqxz94louxD535fMi5c72kkhXE4/GlHtaiUtzKl2JXnhS38jRd3MqlA7K4VmcxdrlcQHt7D5UVlcRisaUe2qLSPSciIiIi8vqg4moJ0uk08XicgYEhstksvl9ea5tZaykUQpKJBLU1dSvmg4viVr4Uu/KkuJWnsbgNDg7T1dVfdnGDCbFLJqmvq1/2hdUxuudERERERJaeiqslisVi1NfVLfUwZJYUt/Kl2JUnxa08xWIx6mIxqK1d6qHILOmeExERERFZWs5SD0BERERERERERESkHKm4KiIiIiIiIiIiIjIHKq6KiIiIiIiIiIiIzMGyL6523P9BkqkUyVSKzx1avPN/8P6OhT/5uEN8LpUimfocTyziVcpOx/18MJUi+cH7Wcx3fyE98bmZ/lucS6w7uP+DH2RR/xOcl7E5Xebrg/fz9Rnflys1xsW+xw7xuXK5j8fur1SK5CIGZuZ7YnFfv+Ic+tyE+2/yf4sT/76ca8yvzN+JZWriPZV6Tc6eGJc5/53Wwf0fnCbXpj7H118H8bky9+zr/e9FEREREVlOlnlxtYNv3/+18e9+9+DC/0u+5QNfJTMywlc/0LLg55aVaA8fHRkhM/JR3lTS8R3c/8FN/OzXZj7y9Wz3R0fIjIzw0T1LPZLFdIjPpW7ld5d6GCXq+Pb9PDT2zScPlkdBWGbpEKfGi0+T/76UxfY1Tp66+N0TBz95Ra5atyL+zbI8/l4UERERkfKxvIurh75S/Mf1pz/N78FlCgSXdnpM7qaY/vdTdelM7pYde/3FDqHxro37J3axLEA326SumEs7UyZ1JU3qjrl0jBd/drHzY/Lry6cjZPpxXxrfD16ccPH9nBzwS7plx+K5MHGcooPy/2fv7sObuM+80X/1YmNC0qSOnRrSyHXElhpKNtsEitm1QWKfpruB9kkNZE8IQn66bZZkr2Zr5WxjOAmYrnF6NvI+6e7CIZs+VuRAN4CbbnF2k26RwU4wCSlNISBIEY5NYhxkHN7Mi21J54+ZkUbS6NWSJdnfz3VxJR7N/OY3o5nR6Nb9uyco0yz0fZO+QLbBdHe2ZotJAeOruHZ1n3AuYhP2SdN2rkBPUCaT7Njb9XzI+yJ/v0L3dUiGbGhaVMT9GCJaxmaMcyzy6/LA6rNYHLatka4/mfIuXlnTBmATfrwJAJ5FZ2i/ZOfCrueV90ng+rhL9t5EvnZEu56O7dhO8NjwH1vxXRtjHhdZqw27OqXrXSfCYqvSfpHvL6VpSYh+3QzPdvevTlx/0D5W6FNqr8vpEfjB9110hsVWFY4zxWlyJVixU7rWnoZ9KQAshf20NO0plIacT4r3I+J+DOzD8PUl9v5F6u8YrucRX8+Vz0UiIiIimkgmdHBVygT5cdVTqIwQIHjn+fDshmcWB74IxHo9zLvPo2yNLFt28Q+wK8Ksz6xZE8gMw7NYPJYvq/27sPJueXvAnjV3B30hlfcLANC2Bj/Y1Q+gBJUrliJo/0hftJeuQGWJEOAIXr4Npruz8wurXKx+K72/e9b8QHh/Syoh7JZAUF7K5lu2ohIlEL5gLg76UvwsFqeyTEH/LqxcHPKtu20NyrIjApdmbTCtCWz7njU/wMqgbCT5OaOQFfrs4uBAeVz78Vkslp9Hzy4OnEOxzrFYrytI+PoyXt7tEPblpio8VbUJQJTM/7Y1MMl2rdI271mzRvbeRL52lFSuwDIAe3Z1+n9AELIpl2JFZbKZdkkcG/5jK/a1MZn3PSuIPzr693VvD/YA+PGmTYF55leF/TAZ+FxNPs08+nWzH7tWhmd4P7NYPGbEPgWOkfA+pf26PFZLN+HH8s+W/h68C2DZpk1Y5p9JOvYUAuDSsZdCQfcjzy7GypUrZfuwDaYfBP+gmNj7p3zOP7M4yet5zNeJiIiIiMbXBA6uSpkgm1A5H/h61ACBPLPjKq5d3YngEXOxXpf0Y9fzwjeOZS+fFubdNx97Ig1N27RPnEf8MvtuT9Jf/qSg34/3BWcIPvO8+IVn/lOy/gfWuUcclygFNaT9ExxElAIcsmzDfZsAPAtrVn+Zid3vrz91NWi/CLtFGq4ZGlgJDfSIx9jSl9EtLt/98lKgbQ1eSXVgRTpWpH9PzYeQpRScnTTRhnpK55H0vuyBuK9DzxkxGOg/78SsrT1rXgn+Qq+4H4NJ51D3y0vFVYghgxjnWPTX5+OpkKzdwKrjvb6Mn6BglUKALVig/9I+C7vO+s8R6XhVyIQFAj9otPWgB0hNMCnWsVGyAjvlx8Tpl4UAl3hsRb82xnHtzVpVwo+O4r4W3vNNqKySzzNf/GFSKh8Q/LmanFjXTXn2pfyYkfog9qltFzoV+zSO1+WklYqfLcI2CcfQUqyoKg2ay/9jg/g5HXrspZR4bZTO4T1t84XPTel8kM7JuPev7HM3Uqkb6Xoccs7FPGejvj7xPxeJiIiIKPtM3OCqLPPq60DEAIEQdBWGjikNTYv1erBe9LQBwCZYpJv5+Y+KN/nh/Jk/Ut/GoEdYMZ5ZLPVTzOrwfyESScNXQzO1grI0A0FJYTuk7RKGM0+VLb9HXjQu68Tfb2nocfhukQVWpEDPpqeE4JeYbYS2NSgT25eyZKWA3Jj535fFOTjkeKwC2YqlpcJJ5A8q6EplGV5Af4/wrX7PmrvF/SRlRIkBmbj3YyBoVFIaHD2KdY7FfQ7KJHZ9GS+hwar5ETP/AQTOBwAlK54SrmUhPxT9+KkVYjCoBCueEgLjyudIyA8aYjblWIJJMY8NP3GYcUgWavRrY3Lve7YQzqtn0fmuFDArRWnIPNIxuquzP3DNkz5Xk5HAdVMYeh6e3R3UJ3+g7VGhT+NxXU6B0tL5ELbhXfGYmg+dLmSmkNETwrE2lizuyKT7Ef91T3qPS0oRdCWMuX8D57D/czdC1rD/HihkHbHO2fjPaSIiIiKi8TFhg6v+h0P4gymBeodB2ZZiRqeUrRFcDzGO17Oe+GVDqkn3SqmQpbVvU8h8sqDGLimIGMcX6DFk22aU2G+pbtwrpTtlGZIysi+3u6QMtTiGw6Yu6Cxlce3zB+D3rLl7DE+TnmwCWcjp24+xvtBHeT0bry/SD1Oy4Ij0o4NiNmYc14BEglryHzSE63h6gkn+Y8NfO7YHj8qz6AI9Su7amAOBHv++fv55YVi6UhBbNgz/nQSugckQrpuBuqK9j8ozV5X7tCuBYySrfgz0b8PzUY4p+Y8NUgA89SUBUsU/EmZFyOdp2xqUpaROe/BDwBJ/nYiIiIgoPSZmcLV/F6xRHrwrr9Umkb4MSEHH1xD3tQAAIABJREFU0GGtsV4X6FAqDnn1B3Clh2qlmZTZFxiaGjzEOLQmnZT5Ief/oi3WXgt8gZa2K3SYn/Awoiz9nofY/Q7N0OtHb9huCXy5NYkP+PEPh5WybWTDI6MNNx8b6aFQYqDBPySWgEC2VWCYaOBf8FuR/H6MdY7Fej1q/+O6voyHQGkTRUr7Szatf9fzQmB2fmnQdUFeQ1Vqf35phJ0iyzJenIJgUqxjI2yotZgtG9ylSNfGsb3vGSddw9rasAeR3hNpGP4aLA69Bo5lnZGum2GlIKQRCMp9MoUeI+N6XR4L8fNJ3PfLSkPTVgX+Y2+x8ANxWkoCJCKB/SuV3RF+PJLVjo25iujnbPzXeyIiIiKi8TEhg6vSl+Ww+opS1po/GBD+pG5p2Ljw5TnW66ECQ179w9UWv4tlEcoCJE42zC7kKb2BL2Ahr4ekwEmvhz3cCgBKVsDiz9yUf4FWGOaXTU82lw1PDH4SfLz9ll4PH34KyIY6AyHZRYEv+MHrj52hE/Y+RdqXYU8xF/sYFnASh5ZnxRuSAVIWmH+YaMhw1Lj3Y2SxzrF4z0HpeFu562iC15dx4H9ifPgPElLd2/AASaCsgXRdCeu//xyRzrFoATrpvBXEG0yKeE7FOjZEgWu2QnA54rUxkfc9G0klH4Bo74lUs1yYLb6SAGH721+KI87rpv/18IdbAcDXHw1kGAcfI8lfl8eX/DiPknkr/dgQa75xE2v/iuU1ZP+E60ICfY91zsZ5Tk/6z0UiIiIiGjcTMLgq1cRTClBIXySlAIH8wQcBy14+LWY/xHpdwfynZEN8l8J++qdYMYatiVvJCuwMHc669GV0ix39+lP7ZHVdl8J+WtwuxRq0CPsCXbJip2y7BFH3Q5aI3u/5eEpeB2Dpy+gW92Fw5mAgABF6TH39qfBSAj/el8KMtflPKZRw2IR9O8NrWE5u8gdGSWT7KeZ+jEOMcyzm65iPR4OOxeLEry9pFvhhKjyAJl0bwjL/l74Mu2zXKvV/2csvh1x/FB5uIyMFLFMTTIp+bJSs+GnQe/DjfeI5HZKlG+naGPt9z24Rt0tOVhc8FYH/qNfNkhX4qfw82bRPPHdDAvv+oGP4MZL263KK+I/zqD/yyIKwWVISIPr+VTrfEt3/Ma7nMV/n5yIRERERjS+Vz+fzpaPh7u5uTC9J3beAkS1GAEDe446UtZkO7zwv1ifctE8cIvcunr9pMZ7BJuxTelouEVEu6t+FlXevwZ6lL6M7QpC6f9dKlK1pw7KXTyf2xO442qbxxM+xTEr6PKK45co9JhEREREpO9vfj7KysrS0bbFYYs6jTcuaJzGh/l6b8CAt+ejSsTxdmYhoEgmrg0qZJT3kjJ9jGSCNxsmGkgBERERERKRkApYFyKySFTvDnzifQ0NEiYgyR6jXWLamDVj6Mn7KLL0ME+uOC8MxsI+fY+Pr3ef9dYqXvfzTrCtrQEREREREApYFICIiIqJJi/eYRERERLkt02UBmLlKRERERERERERElAQGV4mIiIiIiIiIiIiSwOAqERERERERERERURIYXCUiIiIiIiIiIiJKAoOrRERERERERERERElgcJWIiIiIiIiIiIgoCQyuEhERERERERERESWBwVUiIiIiIiIiIiKiJDC4SkRERERERERERJQEBleJiIiIiIiIiIiIksDgKhEREREREREREVESGFwlIiIiIiIiIiIiSgKDq0RERERERERERERJYHCViIiIiIiIiIiIKAnaTHcgUSNbjJnuAhEREREREREREREzV4mIiIiIiIiIiIiSkTOZq3mPOzLdBSIiIiIiIiIiIiI/Zq4SERERERERERERJYHBVSIiIiIiIiIiIqIkMLhKRERERERERERElAQGV4mIiIiIiIiIiIiSwOAqERERERERERERURIYXCUiIiIiIiIiIiJKAoOrRERERERERERERElgcJWIiIiIiIiIiIgoCQyuEhERERERERERESWBwVUiIiIiIiIiIiKiJDC4SkRERERERERERJQEBleJiIiIiIiIiIiIksDgKhEREREREREREVESGFwlIiIiIiIiIiIiSgKDq0RERERERERERERJYHCViIiIiIiIiIiIKAkMrhIRERERERERERElgcFVIiIiIiIiIiIioiQwuEpERERERERERESUBAZXiYiIiIiIiIiIiJLA4CoRERERERERERFREhhcJSIiIiIiIiIiIkoCg6tERERERERERERESWBwlYiIiIiIiIiIiCgJDK4SERERERERERERJYHBVSIiIiIiIiIiIqIkMLhKRERERERERERElAQGV4mIiIiIiIiIiIiSwOAqERERERERERERURK0me5Aup3c/hisHZFfr6rdhkdnpbkTA/vRuH4HusseweanF6Eozasbq4H9z2Hdjm7F10L3lzRv2SMNqFuUhi0L23cn8cpjTehAFSzbViH1b1262w+W9v2HAex/bj22y97OZI759PczbIU5dc5MFtL1dFyum2k1vuc5EVGoyPenZVjV8DTG46M2/Fo40e6B0ky6V4nwcu5/VhIREVG8mLlKCeloegyN+wfG3tDAfjQ+tx8paGmsHcH+555DKjYp+4QHVgHhPXzlZGZ6NFYnt+du34mIiGLrxvb1E/W+ZHLpaJoA72PW3K8TERFltwmfuSrhr8eJC80kkDIMune8iZOLhIyGokVP48VFCTZ8cju+39QBlD0Se96iRajblugK4u6ImKFRhlX+abPw6LZteDRNaxxXA8dwoBuALANFypTpeO8kHp2VxSdE2PseCBRX3Z+xXhEREaVU8P2p9FnXjQPHBrBo3LM5J9A90HhSGGUj3G9l6n1MkUTu14mIiCa5SRNcjUUKOpU98gju2rEDwkgtcWgWZMN+Qm6gAsNka4GmJkgjvOIJ5oYNv6+qxYurZkkvKgyLlm665UPGQrMTFYZySTdHomSHXxUtehqWjx+DtaMDh06uwqxZEYZ0KQyT8u8PeV+6d2DdYzuE124PbO+qu3ZgeweEff3XwL9FGh4etF3Bw+gU+yXNX1WLF1dBDKwCQpbIY9geND1kP4ZtU4TXyx7B5oc+xroI/YrsfPD76D8WlN7zRIfSBd6vWau24cVV8teUhgAqrzN6P+NvK3DONOCu1yK0FXT8z8Ex2To7mh5DB8sFZLmTsvMLil885de/skca8D28pHBMR28nrmNJoZ2q2tqUbi0RUWoUYU5FGdDdje6PzwMIuX8RhX72p+5aGP45nlzbVbBsux+HUlZiIPa9bniZBdk8Qfd/ofcs8nud2J9d8br9i2UAQt7HeNoPeq+rYKkFrPK+K34/UC7nEPo9I+y7SchxFXTPGul+fZbCvuY9GRERUe4EV0e2GBNeJu9xh///O5oeQ0fYHOE3Z9075AE0MeiGoBnwb/vnhAW0OpqaQv5+DIgSYFWstdXRhO+fEW9QiuZgYRnQ3d2FYwOLhBsdKROxrAJzFAOrANAB62MIv6EM2oT1aERyAVbpZvFM/wAwS2H5CPWnOpqew10NTyNmDmr3jsD23FWCIvRHmLED1qBd3o3t67ejJB01whT2obCfz4QHH7t3YF1ov17ajzkxbjq7dzQF77OOJjR+UXiPpC9ageyHARzr6gZQhoVzorTqP4ak43/sddyi9TNRHU3rQyfglfvjzzAf3WLESMJrnZzk10Jg7NfT6EK+PALCefEc/F++Qr/wde9Yj38rK0u4HUn0Yym8ndDrdTL7g4gmp/ReT6XPd6Dsi7cLkxK4jxvrtTCaxNrugPW5Mwi9qicn9r3uwP7nFOrXdsC6/X4hIDnrflShAx0d7+Hkqlni/fF7Qn+rHlIOrAIRP3Pi6XPY+xhP+wP70Rj0Xofe6ybQA4XnJwR9N1G8t419L634/aV7B9ZtL8GLq2bx85QSEv+9JRFR9suZ4Oq4kX59lQUJpQwB/7D4oF+hQ5aDbOj1a/vxTaUbsoH9+IV4YxL4FVm86eregTdOLsKjs8KDagPHuoT+VMwR2jz5pnCzKVu30McO/GL/A6hbBOx/rUN5PbKh/clQ3AcR9keQolV4sRb+YUaBG8rALEG/rA9ECq7KMzekG29pu+O5BZ6FR7fVAgpZC8EG/PtQnvEgDffa/uZJLFoVvBfDsnS7P0aMvQWlDAt/+YU5FShDN7q7jmFg0SIUhQXZIynCoqdrcSY0Q3dMWSRR+ploU/73P/DFSTloX4RFTzcAUlkAcf+ObElqAyjNBva/Jn5hDT1fpGub7Eun/xwWrkvdCbUjmznasSR9gZYdu9Ee2kdENJ6Uf/yXfjwdSOw+Lp3XwmTaTsVlNua9blF4iSrp/utMPwYwC0WYhXlVQIds5NXJ98Qe3y+Os0nkMyeUmNkZrgrfEe9J42n/5JtickLY6KWEdxre2CH8CO+/vxW/14R9NwnLQBbNUr5fP/metBjLrREREcnlXHA12V+44r0J8Acui0pwF4BuWXZgUYkwRbH9hwI3KrMeeARlHTvQHSmodv5j/81ToE+z8M1HytCxo9tfD7MoKKg2JyxbcaD/jLCowk2dEPwEzsiHUgfNcQaRkk/HxJ8tKetTQsOFqjAvrpu1wA1rxGF0KXFe3IdVsMhuPv3vsTwLQuyXv/9SpkQcayl75IFAG/7lpPcoOIt5TmiQPSqxflpQhkIHrM99MakhXNH7mWBb/v4H3r9E8Nfu2GJlkKRjH57/2H/RwfdDDn7hi3jgnAqcw4HrX/ztBA64aMeSdJ2UH7tFix5C1Y5ABhGPJSKKZfyup/IfQM8ndB831mthNOlsO5rY97qyHaCYjSmQ7tuEe2zgkBDp9N+zJfKZE5eQoGXs9gFpU6WAL1CERQ9VYXuEbYpooB9CU0oj8MTvJv5sXll/IgVaZWbdXwV0dAQdj/LvWPw8pXgww5mIJiJ1pjuQ/e5CSaaKCIlBNXR34djJeLMV00u6OQwMcwpVhEVPb8OL2xqwShoP1r0D6x6L8ynvZV9EpJaTIQWZAdkNejqluP8C8YsMunHg2Mn4SgKEmrUKL27bhhdrq4S/xZvrAOFLmiDwZS458bV1V8ZOLJpoeCwRUa6qqt0mfD77/yU/qiid18Jsvs4O7H8O33/sMTT2PxB8ryMn3VN3vIeT/pIA96emlFTZI9i8LeTet+O9sLFQKSW/j/MHUxMh/Pj+4rZa+PdWRxO+/9hz2D8QbbFVYfu4o+kxfP+5/Yi2GBER0USXc5mr2Uo+zEYavh8x0Hb7F1EGoDukXtUbYtaW/BdrKTtge5MY1JRlK/ozaSNmhg7gLiEml5rhOye3i3WW5BlnkQhB1kUIDDvzP6Fe2v4xdUZeAkCptpXIPyQsME/A7f79E5k0j6x2F+RDt1JzYx40tN4/vC4Q2PdnMUs1T+MIsvuH+8kzESLu+26ckRJA/OtPvJ+JtJWYIkRJHKcsItVljpYBI51TgXM4cP1LpJ14SNdJ+bHrH55JRJTVbk/ZfVw6r4Xj0Xbke93AEPiwkV3BLYn31FId0zKseiCwQ1PzmSMvYxQ8Siie9qVN9d8vy0tThQlkLvu/d/i7ERh9F7vWvjjCCYGSV/4a/9Hu12etwovbViFQ1kz2jAgiIqJJaNIEV5VrWmHMX9z9FIYryUsFBClahO9U7RDqsob2q+wRfFPWHX9QTXgxOFtx1gNYVdaB7Urrrt2GR2cFhhMprSfWsPDuHevxfYUSUkFDw0NFGZIVCBr7VxB4+mgS6Z7h/QsEff034xHrYAW1JAybqqrFi6tCX5MNyQobyhV8Yz42HbA+Frzfgvaz7OFUQHwlAfzHjsIQtEBQOPDFLeI5Enc/E20rOR1Nj6GDT6bNqKgPCJSGgiqdLw1PY1GRrIyH7BwuKwseZloUs504O+svXxF+7BIRZbex3ccFSee1UKntsrK4f0hXvt8Ur/Ux73Wlew+FIfAhgu6pQ36kTtlnDoqw6K8fwYH1O9AtewhuPO0HSk4p3Lf5m5cCp9G2N1BqJ2we8XtP5Hq7CiOj/PfrDbjrtQg1YDM8so6IiCjTWBYgRapqZUOBEDvDYNaqbdj8SMhzVKtq8WLojXLRInxHGnkTduMi/EK+KqwZ2bpnrQofHpV0YKoMqxq2RX9g1KxVeLHhkbAnxJY90hDokzQ0S3SmP5mBRFWwBG1XyEOaZq0K2b+h8wOB4fb+jigPaVLcpipYtiVysx1d2SO1Qe9j4EE/gb4uesh/IMRXEqBoEerkw70kQT8oCA+9ks8T2pf4+5lYW4madb+s5bCyBpQ9hIfFBR93wV9OixY9HXR+lj3SgO9VJN5Osv2pqlU4L4iIslHK7uPSeS0MbbsKlqcfwl0paTvWva4QzJR9omBVgzh/dxeOyW/sZPfU4T9Sp+ozR1jP98TPuO4dL4nD7ONov2gR6kLvbcPuXWfh0ZB7UqX3MfRzVpzRf/9XtOhpxfIJVbXy/oTerwOLnt4GS/iNJSz8wZuIiCY5lc/n86Wj4e7ubkwvKUlZe1Lh62wrlC4MoUnvUzOldYQH3GhSkbKCmbVJcYp03czs9VT29GOFJyLzOkdE2Sg7r6dZwj9qSRYs9E8L+fGbEiPtx1SNtCPKArxuElE6nO3vF0ZDpoHFYok5z6QpC5CzBvbjFx1Awg8wogkmUHcrnpIARNlL9qRpheGRvM4REeUYf1kApWHoKXpoFBEREVEWY3A1i0kZq0DIMB2aXOR1bKtqmdVHKXPs+PGUtjdn9uy45ita9DQsHweub4Ikh18SEWWBy1euZLoLGXQnvr2+Gh81tKJXPrliLazfvnOS75sxujYi/HfkGvcjTRgFme4AEVEaMLg6RrNWbVN4CFL2t005xP9EVqLUizcgGkuigVpe34iIJpDChXjSujDTvZh4Zi6H1bo8070gIiKiGBhcJSKa5K6+95djWv6m+/8zRT0hIiIiIiIiyi3qTHeAiIiIiIiIiIiIKBcxuEpERERERERERESUBAZXiYiIiIiIiIiIiJLA4CoREaWIE80mE1Y3O4Omuh31YdMUl242YaPDna7Ojds6xDWh2WSC0mYn2we3ox6rTSb/v7jacDuw0dSM2Hs/7k4E2kt120RERERERDmID7QiIqIwkR5SFdfDr9p3Yu/SDVhSnOJOpUB5jR0bM92JJLgd9ai16bDOvgHlAITgrQUbYcVG4zju6GIjNtrHb3VERERERETZjsFVIiIKE1cQVZEeRgNg2+LAPRuMUAz7OZuxurFdnN2Mpg1GwFGPze0AECFgKF8GgLHOjppyCNmTFhtc4rrNVjGoG2G6s9mEV0ul9p1oNjXCAQAGA4ztvdBZN2DJQDNW7wSMaIfDFdIuhDY2+7sv76sbe+stsLnE9hQ23a2wnZHbCxjocQGGlWJgFQDKsdSsR23nUbiNRgwEbZfQj96VdtQUCXP3Oeqx2eYK3hZnM1bvLEWT+D65HfWo7VmJlppyYT/BALS3C/tQfJ+K3Q5stPTgYfsCHBT372YTsM5eA8i2A4Y6tNSUg4iIiIiIaKJjWQAiIkop3dLHYYYNbUrjxd0ObGxsh7HOjha7FWbYUNvsRLFxA9YZIgQX3Q5sbOyF2WpHi92OJrMejp0OuOHG3i02lNYJ01vqdLC1OYGI04M5mxvhMNQJbZb2CkFWiasdWCn2Ue/yL+921GNzrxlNdjtarGbAZvEP/Xc2W2CD+NoCBLcnCt1OIdhqwDqF9uTKFxiA9kasrnfALWurJVIAO0g7bD0rxX0nBL7jKUrgagceFvuld4W+n+WosZqhhwHr7DUodzYH9ovdCnPvTuwdj+oLREREREREGcbgKhERpVgxlqw0wNGoUI9zoAcuvRlLywPzof1g9LqdxUZstAcyR4un65TnK69RzpZUnO7EwXY9zEJHUGxcGZJpasACsY/3VOrFaW4c6XRBXzlXCGgWG/GwAeg56wbgRl8vYFwpBjvLl8KsR0wDPS7ozUuFjFSxPcdBpehqTSAYLdVdrY8vSAqEbKerE0fiWdCwQOzXXFTGsS0BxViyITvLQhAREREREaUaywLQpKZWq6FSqaBSq+HxAiq1ClqNGmqVyj+P1+vDqNeLkVEPhkc8GPX64PF64fP64AVw5+23JL5inwderweABj6fDz6fD17xvz6vN2XbR5Qx5TVYZzDhVcdSPCGb7D7bC6A0MKGoFHr0xGxOPnQeAKA3Qwji1QkP0QIAKYsy4vSgjqAHQIQwLaAvRVGEl1w2C1bbZBMMAwCAXlfMzQghBGSDd4cekXdHMZZssGOJ+Jez2YTa5ulxDL/XYUYSgU59aaQ9oKC8Bk2V9ag1CTsmUnkDIiIiIiKiiYbBVZoU1Go11Go1oFLBBxU0YgB16PoIBi9dQ/9nVzB4+RouXLmOGyMeDI+O4saIB9eHR2O2XfudBRg68SyGB96KOa9K+zmop9wOdX4R1Pm3C/8KpkNdUAJNfhFUeZ+HOv9mAB54R67AMzoMH1TwqW6CD5oU7Ami8VO+1AxYtqDNEJgWlnU60IOYMUlnszh0XgyQOoWaqOJaUGO3o0aaXu8Qa4gqT5d1RB7TTIi/3msQN3R6oDehlooxI2x3KO0NN/bWbwEeD84GLV9gAHaehRuhnRkICfT2os8NlBcjalBZed3xKzZuQItR6q8FzdOV9hMREREREdHEwuAqTThqtRqjXsALIE+rgVajwcWh6zh/aQj9n13BZ1euYfDSNXx25Tq8Pt+Y16dSqRBvM77RS/CMXoJnqDvqfJppemhv/jK0n/sqtLfOhWbqHfB5R+D1jsLn08Lr9cLLDFdKkZvu/8/0NFxsxBPmTtTaXIAUYC0qFet3GlFT7sbene2AoQ7lQPTSAH7iMjBDeCDVTuEhVFLQUTcdxRGnAwP+dsqxwODC5jYnltSUw+3YCYfYapQNwj2Veth2OrB0g1FcTyN6xCzNoNecbbC5oPhQK7miUj1ctjY4jTUodzvwajtgrAuNSBbjnkqgNughYeJ+0NX5t8slPtyq2HkQDsjX7ULnUTeWGIvhPtoJl74STwQWwhG3EUuKnTjYjsD7lCD5w7AEeugSSHwlIiIiIiLKRhaLJeY8DK5STlOpVGJGqhoeHzAlX4uREQ/6zl9E77mL6HVfwvlLVzPdzYR5hlzwDLlw49P/EiaotNDerIf25q9Ac+s9yPvcHKgLiuAduQIvtPD4tCwnQEk5dvx4WtsvNj4Oc6cFtsAEbKzrwepGk/DAJ70ZTWJATgg0WrARIUPKy5fCrLdgs6kdgB7mOjP0jT0YgBE1dTqstpjE9g1YZxfaijRdrrymDkZTI1a3A3qzGUZ0xrE9G7Cux+Qf/g5DHVrEvkrbWmuyAXozzAblTNbg7RTaE7ZNGE6vlO1ZbNyAJgSG3fvXLc4sbUutyQYYzDAHZdEaUIktWG1yiftCqgsrlG7YbDHBBgPM5mglCZR2xnSUwobNJmCd/XGY6y1YbYJ/OzayKgCRzCAOvNCAVlRj/ZMLUSh/6dRuWLYCa63LMTOZlg+8gIZWpauNDtXrn8TCQoWXMuIUdgsbiuXJbOg4kfZnRYr7eWq3BVuxFtblM4P+P67+HJoXftzE+ToRERGln8rnS0HqnoLu7m5MLylJWXsjW4QcnLzHlZ6/TJOJWq2GRqOBWqOBSqWC1+vDxwOX0HNOCKh+euFK3JmkqWCprsDl489g5HzssgCppNJOQ95t9yPv9krkF84H1AXw+XzweFXwejxI06lNOSTSdZPXUwXOZqxuRHhtViIixL6eXjf9KkYLYnC1F9BVr8eT8ohnKoKrfQ+GBeqEIOGdSbeberkQXD2F3ZbXgQqg65P0BSwZXKXJrMD+LQC8DyWi1Drb34+ysrK0tN3X1xdzHmauUk5Qq9VQa7VQqdRQq1VwXxjC6bOfodd9CX3nL8HjnXyBRN/oEIYH9mN4YD+GAGim3Y38wq8jr2gx8qfNFMoI+NTwjDLQShROqAtq85cZ1cNs3cDAKhGlVUVFBbpaW3DgK9EzSoOzUSuSCpAWLnwQFa1b8f6p5ZjpX1gIcHb5OxQS4Bs8gBcaWv2Z78GB4OBlg14bPIAXWoB5d7aitSvQbtB2VFSgIqiHMfoS6tRuWLZ2ySbI9kuE9YcuEzMb9dT76NLNw3oj8EnDIZwYXOh/n5QCosGB7UAAXSLfR9ECqqd2WxC8aaHz9cHxggVd0q6Muh0J7lciIiIaMwZXKWtJGaoqjQZXr4/g1EdudH96AWfclzAy6sl097KOZ+g0rg2dxrUzP4dKMxV5t30NeUWLkF9YAZ8qDx6vGp7R2A/ooskj1SUB5syendL20qsYSzbYsSTT3SCiyeXe5VgLC7a2HMBXomUitt6JtdYnMVP627I7BRmogcxRqxCRxIEXGvDCASkAeAq7G1px51ornpwpzd+A3XdYsXymsOwn1ethlea1NOAFyAKsva04NG89rNZCxe0QgosQA6yDOPCCvL3QvoR2fTcsWz9B9XqrGOwU+rN1972BwGHI+gMZwdZAALbhBRyIUirh1Ptd0M1bj8JCYJ6uFYdODGKhOPPMeyuAre/j1PKZ4vswiBOHelHxoCyweudaWJ+cKdv+2IH0U7st2PpJNdZbxePh1G5Ytm7F7ntlAdTeLmFfPVkobocFuxUDrLHeYyIiIkoHBlcp62i1Wmg0Wnh8Ppz4eAAHjn+MS1dvZLpbOcXnuYbh829j+PzbGAKg/dxsFHxxFaZ8fh58UMEz6oXHwwA1pS4gmu7arUREE8XM5WtRYdmKlgNfUQh4nYKjtRcVa5/0B1ILF65G9aEGvH7AmFCAbPDA6+hCBdbOlP1dsVYMugFAIRaursahBgdOLVyOwgOvo0tXjfX+12diudUaWFZXjfX+9c/E8rUVsGwVlhUW0WHeV6TXhcCjrnq1fztmLl+Liq6tEXpbiIVPWrEw0sbMXA6xK/7131sBdAXNFLz+A693oWKtNRCQLlyI1dUCqTf6AAAgAElEQVSH0OA4hYVKmZyDB/B6lw7z1gttLHywAq3y7Zt5LyogywQePIFDvRV4cKZy/wu/Mg86HIq0RbJNsyJ40+5FRciWQVeN1dK+L1yIBytasfX9U1g+M3g7Yr3HzF8lIiJKDwZXKSuo1WpotFqo1Wp8duU63j3ZgxNnBiblcP90GL10HFeOr4dKcxPyv/ANTP3iw8gruAMejwejLBsw6b3Rqx7T8t/U8WFqRETxkwKTYlaj/KXBc/gEOswLiqEW4o47YzTZtRWWrtCJweUEBvt6I87nf/3OB5WzaZVeK5wBHSLVIBuEsIh8iULM0EFcolAMXjbA0gpAp/CgL8Vmg8sWhNQZCFt/11ZLaJgy4jKDJw6ht+JBPOmPH4cEU8WArhTUlOYPDVgGD/HXYV6sbfJvWvCDyYK6eecdQfumcIYOOHQOgyFrj/UeExERUXowuEoZJTyYSguoVPjwk/N458QnOH/paqa7NWH5PFdxo++XuNH3S2im3Y2CO1civ9gAr2cUHq8GXi+DZERERGk3cznWVojlAR5MQXvyuppiABLVxvBMxSj1N0+loBsJmbkcVutyf38bLK2R+ycLqlaIZQukMgPRxKyx6idkDAMKgcnXD8AoBn4DpQEKcc5fEkBsQQqq6sQh/oMH8EJD7MzVQFC1QiyhIA7tTxZrrBIREY07Bldp3KlUKn9Q9fK1Ybz7wUdwnnFjZDQ3A3s+nw+qTHciCZ6h0xj68Dlcdf1vFEz/NgruegTQ5mPUo2bJACIiojTzlwd4XQdATE0tvAN3ohd9g0AgVXEQ5z4BMCPOhgsX4sm1fbBsleqlipNl2Y5KGaLRXld8bbAPvYhEyFI9dG4QmBkYqt+ntEDhQjxpXSjWGpXXNA0QskQTCRoqrT+KU+8LJRRC69qe2g3LVtmDraRs1gMz8Im/JAAAnML7XTpUR6nnqkys2xorCPxJ8L6XZxIPymaL9R4TERFReoxtLChRgjxQI2/KFHzkvoydHcfw0huHcaT705wNrE4EPs91XPv4VVx4ZzmudW+BBpdRUJAHjZa/vRAREaWPUB6gt7c3aJqxWoeurbv9maSDB1rQ2luBBxOJ2s1cjrUVQNfWF3BAjL4VLnwQFb2taDkQCMcNHngBlhcOYFD2usOfwjqIAy9Y8MKBQYVlT2H31i7olLJjhbVh4YMV6G11+Lfj1G7ZE+xlbUtOvd8FVNwbuS7oJ+f8gcTBAy/Iht5HW38LAqsIX2fMdc80olrXi0MnpGXEWq+trejVzQgJYIpBcaFF7JaXL4jhk3P+LcOBF7aGlzKQvy+ndmNrlw7VxvA9Fes9JiIiovRg9ITGhVqrhVajRXf/Z9h39DguXLme6S6ljEqlwkSoWOrzjuD62T24fvZ1TLnDgKm6GminFGF0VMVMViIionSYuRxrK7qCAoWFC5/EeryABotFnKKQURlX0+tR/UkDWht24w7rcszETCxfX40XGsQ6p0BIrVPpdQukNaNiLawLCwEUYrl1LXZbAsvqqmM8gX7mcqyvDmyHrroaFZBWLD1oKbQvEUK14kO9GqSZK9ZiffXraGhVznQNWn+DBYFVKPR58ABe7wIq1iq1UoivzNOhtTXwQKiZ91YAXV3QzfuKLLgq1dGVarzqUL1+LSoatuLQiUEsjLifwvdDxdr1qH69Aa3yB1ZVVGPG6xZYeqV5rBEyZGO9x0RERJQOKl+anmTT3d2N6SUlKWtvZIsRAJD3uCNlbVL6afLyoNFo8LH7EtqPfISBixOvnqqlugKXjz+DkfNvZborKZdfWIGpX/ou1AUzMOrRMMiaYyJdN6XpHy7+F8yZPVvxgVaRHlIVad5jx49jzuzZ/mnOZhM295rRtMGI4kgddDZjdSOwzl6D8ji2R2r31VIrNhojtgq4Hdho6cHDUdp1O+pR27MSLTXxrllhOWczVu8sjb6NRDQhxLqeXjf9atz7RESUiwrs3wLA7/VElFpn+/tRVlaWlrb7+iI9wDOAmauUFlqtFiq1BgOXruK/D5/GpxeGMt0lSsLwYBeGB7uQV7gA02b+HTT5t2LUo4aXQVaKxu3Aq70GGNGJI24jlqQw8lheY8fGWDMVG7HRnrp1RukMWjaMw3qIiIiIiIgoazG4Siml0Wqh0mjw2eXr2H/0FHo+vZDpLlEKjAwexIVDq1Aw439i6pe+B2jzMDw8ijQlvlMWUMpQjZf7aCdQ+TiWYgtq25xYIs8OdTuw0WKDC4DRYAhMF7NAzTobbO0AYMA6ayleFefVm4Vs1UDmKrC33oJenQGO9nahDUOdkFEqz1yVrQ/Qw2zdgCUDzai1uQA0YjXq0LL0LDZaOgG9Cy6XAevsNShy1IvzRFluwcGgzFVnswmbxa5I/QXckftJREREREREOY8PtKKU0Gg00OZPwdVhD15/5w+w/+b3DKxOND4Prn/SigvvrMTwuV9jypR85OVpMt0ryjpuHOkEKucWo9i4Esb2g3D6X3Oi2WIDzFa02O1YgPbgRV029C6wo8VuhVnfjs2WHjxst6OlzgCXrU3WToCjtxRN4jxo34m97uC+7N1iQ2mdHS12O1rqdLC1OYHyGjSZ9SFBThdKV9rRYq9BubMZtTYd1tmF5dYZXFGWE9fkqMfmdoOwjNUM2CxolnU4ej+JiIiIiIgoVzG4SmOiUqmQP6UAw17g14dP46U3fodTfXwe6UTmG72EoT/8Iy4e/i5811womKKFRsMgK4ncR9GJStxTDADlWGBox0EpyOg+ix4Y8LBYL7V8qRn6oIUNWFAOAMWYoQP05qVCzdSi0pD5AvSVc4V6p+ULYIzVt/KaKBmjeuiKZPPJ6rUWlUZae8BAjyvQ32IjHjYAjoOB6GpC/SQiIiIiIqKcwbIAlDStVgu1VovDfziLzmO98Ho5RHwy8Vz9CJfefxz5t/8pbpr5d1Brb8KoR81SAZOc+2gnXC4Xak022VQnasrLgYEeuCIuCUBfiqJorysonR6toGsxlmyoQ7PJhNUAAEOUh2fpMMPflDCU3ybvrEFhET83+noBlAamFJXqgZ54+0lERERERES5isFVSphKpYI2Px9D10bwy/1H4L54NdNdogwaPv82hgffxU1lf4OCGd/G6KgHo6N84NXk5ESbzQVjnR2BBFEnmk07sXfpBiwpKoVeHnEcF+WosdtRAwh1XesdaNoQPXfU7dgCG8xosgu1VN2OetRG7baQaSs30BM1jExEREREREQTBIOrlBBmq5Ii3wiunv5nDA/sxy2zN0GTV4DhUR+zWHPEN3Xe1DTkPAgHDFgXlBpaBJ3ehc6jbiwxzkWl3oZXHUuFh1O12eCKnhI61g6h2bQTOusGLJESR3XThYBpAm202VwxMleFTFWXrQ1Oo/AQrVfbAWNdeUJrIiIiIiIiotzD4CrFRaVSQZOXh2vDHrzGbFWKYPTSEVw4tArT/uiHyC9ahNERLzweZrFms2PHj6esLefBdsBQFzLsvhj3VOphEwOPSx43o9NiwWoboDebYUxrJms5aup0WG0xQShSYMA6u9C74uk6wNaI1ahDy9LgpYqNK2G0NYqlDQxYV2eAY+dZuFEevNwC+TIbsK7HhM0m4SFderMVEcu7EhERERER0YSh8qUptay7uxvTS0pS1t7IFmEYZ97jjpS1SfHRarVQa7Q47DqLtz7ohYfZqkEs1RW4fPwZjJx/K9NdySp5t1fi5llPw+vTYGQkRZmRlJBI101eT4mIEhPrenrd9Ktx7xMRUS4qsH8LAO9DiSi1zvb3o6ysLC1t9/X1xZxHnZY104Qg1FadgmujPmxvP4r9R3oYWKW4jZzvxIVDq+AbOo6CgjxoNJpMd4mIiIiIiIiIKKVYFoAUqTUaaLR5+N2ps3jrGLNVKTm+kQu4dKQWBdOX4Sb9D6BWeTEyymMpW6SyJAAAzJk9O6XtEREREREREWU7BlcpjEqjgUqtQetbx3HGfSnT3aEJ4PrZPRj57Le4+as/wZT8O3BjxAvwYVdZIVUB0VQHaomIiIiIiIhyAYOrFESlzcONEQ92dRzBhaHrme4OTSCe6324ePi7uGX2P6Dgtq9heHgUXi9rsWaDD1asGNPyX921K0U9ISLKTbfcfHOmu0BElBNGMt0BIqI0YM1V8lNr8zBw6Rpe/u/fM7BK6eEdxuUP/h7XeluQPyUfGi1/3yEiIiIiIiKi3MXgKvkfXHW8dwCv7j+G4VFPprtEE9y13pdx6ejfQ6vxIS+PAVYiIiIiIiIiyk0Mrk5yGo0G2vx87H2/G3vf74aPdTBpnIxeeA8XD/81VJ4LyM/XZLo7REREREREREQJY3B1ElNrtfCpNWh9y4kPPjqX6e7QJOS9dgYXfmuG58oJFEzRQqVSZbpLlArOZqw2mfz/Njrcwa/VO+CGG3vrTWh2jmU1IW0Hv4pmWR9Wm5oxhlUluG4iIiIiIiKaLDged5JSiw+u+vf9R3Hp6o1Md4cmM89VXD7yQ9x099+g4M7lGL4xzAddZYFID6mK+fArZzNWN/bCbLVjSTEAuLG33oKNsGKjsVg2YzGWbLCnqruhnUCzqRE9ZitaxHW6HfWoNTVjnb0G5SlYQ3mNHRtT0A4RERERERHlNgZXJyFNXj4+vTCE194+wfqqlCW8uHp6CzxXz2DaH/0Qw8Mj8Hp4bGZSzCCqIjf27myH3mwVA6sAUIwlj5vRaWmD0ygPbApB196VdtSUA3A7sNFigwsAYPAHQZ3NJrwKA9DeLrymN6NpgxFw1GNzOwAoBG7dZ9EDPSrnBqYVG1fCaGvEQWcNymOtr1cPl8sF/fJqYPcgHvYHZJ1oNu2EzroBM9pMeLU0sF5ns0nsD2CsE7dJ3EabK/p0vTk08ExERERERES5gmUBJhGVSoW8KcKDq3Z28MFVlH1u9O/BlZPPIT8/D2oN67DmHPdRdLqCg5oAgGIjNkbNGHWi2WJDaZ0dLXY71hnasbneAWnQvasdeNhuR4vVDL3LhjYnUGzcgHWGCIHJ4rmo1Ltgs8jLDpSjxi4FN2OsD5Vostux8VsLUalvx0GpDedBOPSVuCdkdW5HPTajDi1iH3sahRIEzmYLbDpxep0BjsZ67HUDbseWwHR7HUptbSktWUBERERERETjh8HVSUSbl4/Df+jHb353GnxuFWWr4XO/xtCJf0B+fh40DLDmIB1mJJqE6TwIBwxYIEZfy5eaoXf1YEB63bBACMwWz0WlPp4GhZIDQkAzUHe1WR4kjbY+3XQUi+3M0AEOMbrqPNgOfeVcBG+eG0c6XTBKjfkDyU4cbEdgevlSmPUu9A4gRDlqUlSqgIiIiIiIiMYfywJMEtq8fBzvHUDHBz2Z7gpRTDfcDvg8VzFtdgOgUsEzOprpLlHcetHnBsoTHuXejs2mdtnfevS5gRkA9KVFyXWlvAYt9hrh/90ObLTUY691A5YksL7yBQZg51m4ARxs16PSGrphA+h1Re6Co9EEh3wtZ91C1m2zCatNwrRAuQAiIiIiIiLKNQyuTgKavHx82DeIXx+OEgEgyjLDgwfhO/Yj3DKnESpoMcoAa/YrnotKvQ2dR91YEjRU34lm00EsiJahKdZSDQ1dJjVc3tmM1QcXoEUesRT75s8cjXd95QtgdO3EEWclevSVWBoWNC6CTg/0KnZED7N1g6z+rKzZGjtaaoQ1NpvEoC/LrhIREREREeUcBlcnOE1ePnrOXcR/HTqV6a4QJWzks/dw6fd/h8/d0wSVSouREQZY0+Gru3alqKViLFlpgK1xC/bOlYKFbuytb4TDUIeaSIuVL4DR1Yg2pxE15UIN01qbDuvsEZeIrnwBjI2NaF4gywh1tsHm0sNcBKA4kfWVY4HBhc2NLujN1rBgrFQ6wHbQiZrycjFDthOV1g3Ccm1OLKkp9z9Aq7TOjgUHgx+GlVQpBSIiIiIiIsoKDK5OYJq8fHw8cBm/6jqZ6a4QJW308jFc/P0PcOsf/2/4tMxgTbVjx4+ntsHyGrTUNWO1xQSbNM1QF5xFGr4QaqxmbLSYsBqAkPEpZLlGy1wtKtXDZbNgI0IfalWOGnsdmk1Se1KbUsA3sfWVLzAA7b3hD+ryb7IV5npL0DD/JcUAQqbrzVYh2Fteh1KTBattgflZFYCIiIiIiCg3qXy+9DzaqLu7G9NLSlLW3sgWIwAg73FHjDkJADTaPHx68Sp2dhzjw6vSzFJdgcvHn8HI+bcy3ZUJTXvzl3HLvf+K0REvPB5PpruTEyJdN3k9JSJKDK+nRESpwesmEaXD2f5+lJWVpaXtvr6+mPOo07JmyiiVNg/uS9ewu/M4A6s0YYxe+RBXjj+DvPw8qNW8dBERERERERFR5rEswASj1ubh4tUb2NV5HB4vI6s0sYwMHsTQqX/CNP3f4caNYaQp8X7SSHVJgDmzZ6e0PSIiIiIiIqJsx+DqBJKXn4fL10fx6v5jGPV4M92dScPn80GV6U5MIjfO7oF6yhdQcOfDGB4eZYB1jFIVEE157VYiIiIiIiKiHMDg6gShUQPwjuDWmwpw/x/NwNvHz2S6S0Rpc+2jl6CZehfyPr8Aw8OsvzpWK//j4TEtv/Pbr6aoJ0RERERERES5hYULJwC1Wg1NnhaHX/8eTrz1D/j6V+7EtytmZbpbk4ZKpQJzJ8fflROb4LlyAlOmaDLdFSIiIiIiIiKapBhczXEqlQparQonOupxeeAEzp78D7z/X38L/fTb8L8euDfT3RsDPWqqK2D5hj78pZmz8UTQa+K81RV4oqrEP9vXquYF/U0TjM+Dyx/8CN4b55CfxyR8IiIiIiIiIhp/DK7mOK3Gh7Mf/gr9p97wT/us7x0c3FWNzxWo8cSyecjX5tjbPHM2nqi+A4URXn7g7ltRIPv7a1WFKLx8DtaPrqGguAQPAAD0+OPiEZzq6E97dymDvNdx6cgPoVJ5oNEywEpERERERERE4yvHom4kp1V7MXTxI3x44B/DXrt26Qze3vEA1N4reHzZPNx2c4FCC1lo5mw88cfBwdMg992Lr94SPKm4QAyqXRzGdXHa16oKcZO7H2+mqZuUPXzDA7ji3IA8rQYqFR8tRkRERERERETjh6leOUqtUQO+Efz+jR/A51N+oM/o8BW89co3MO+hFvyvb9yLX7x9Ah99emGce5qEy+dgPT1FIciqR82XpuK6+yKuFt/qz2x1Xx8FCgDcmi/OL2attjJrdbIY+exdXP9kFwpmPITrN/iAq1SI9JCq6A+/cqLZ1AhH2HQ9zNYNWFKcTE/c2FtvQe9KO2rKk1k+kVU5sNHSg4ftNUj3qoiIiIiIiGhiYHA1B6nVauRpNTjc9iRGrn8WY24vDr22CrMXb8J3/vQv4Ph9D953nR2Xfibl1HH86ykAM2eHvfS1qkIU4ho+6LiBGdWB6Yc7BvHH1XfAcgtw3d0Nd9VdmOk+gzfvuxeWL00FMIozvz+EnafGbSsoA652b4P2tj9B/tQyDA+PZro7OS96EDU6Y10qA6HFWLLBnqrGYqzKiI3jtCoiIiIiIiKaGBhczUFarQofdv0jLp47Gvcyx/c9i6sXPsKS+9ai8JYCON7vTmMP02DmbFQUazH40SG8CT1qgl50obnVJf6/HjXVIzjVCqxcNhWDH3Wh7/YKfPVuPXDKFd4uTSA+XP7gadw27xVotXkYHWWANeuImaGlhnY42oVJ8kCs21GPWpsLgB5GA+DASrTUFAUyV4uiL+9sNmGzOF1vtmKjUUqVFbJfba6QZdwObLR0AnoXXC4D1llL8aqYuYpmE16FAWhvh0toEE0bjBBalGXoGgwwtvdCl3RmLhEREREREeUy1lzNMVotcO70r/GJszXhZT96///gA8fTuPfuL+D/WvzVNPQufb42YxoKABR+qQIW6WFXt9wByzf0wfP5a61Ow7R8YZr7OoNsk4Vv5DNcOf7/QJunhUrNy1t2akdPqRUtdjvWGQDHTgfcAOB24F9tgNlqR4t9JdAe6ccQ5eXdjnps7jWjyW5Hi9UM2CxodgpLOJstsOnq0GK3o6XOAEdjPfa6pfZcKF1pR4tCKQBXO/Cw2J7eZUObv71GOAxCe02lvQplEIiIiIiIiGiyYPQhh2i0WniGL8PZ+Q9Jt3Guey/e+1UNSj4/FY/95X3Q5kgA6nDHIVhbu8R/5zAICLVZfy0PwIi1Vjv6AQxhaFiY6n/gFU0KIxd+h2u9LZiSnxvH9kTkaDRhtUn2r14MoAIA9KicK6R4li8w+Ke6j3bCZVgpZn+WY6lZD2VKy7txpNMFfeVcIbO02IiHDUDPWTcAJw62A8YFYui0fCnMehd6BwLt6YoirMqwQAi4Fs9Fpb87Thxs18O8VGiv2LgSxrj2ChEREREREU1EjDrlCpUKWo0Kv/3N/w2fd2yZmJfdH+DAv38LFSt24/Fl9+P/vPk+rlwfTlFHM0fIWj2DNwEA/djZVwLLlypQiFGc+f3kLQkw7b52TLlJ+qsXNzrXYAgA8CPcWvlNaAAAVzDiWobLfcHTvRf+BReOClnSU+buwVTY/H9ns2s9NuTddh/yp32Z9VczIHrNVR1mKAyfH+iJ9xxVXh4AXDYLVttkEwz+CCocjaagDFP9WTdQFL09falC1NV9Fj0AdHH2loiIiIiIiCY2BldzhEbtRd+H/4FL7mMpaW/46jl0tvw5Fjz8Gr73l1/Dz9uPov+zoZS0nRLSg60UyWusBhzuOITD8gm/fR/W36ahb7nkyy9jyk2A51MDLn5YjVsq/hZT7vsRhn77E0y775vQjL6Poa4fQntfO6boX8a0vjUYnftn0Fx9A4OXZ6PwC9/CNLRiCD9CwW2DGOnM/sCqwIcrzmdx67x/h1qthtfrzXSHstrOb7+a6S6gqFQP9IytDeWgrhOAHmalmqju0HnjUDwdpUn1joiIiIiIiCYijpvNARqNBvAO4w9dTSlt1+sdxoGfP4hL/b/DI4a5mK3j01gmnA/XYLDTgIsfAkArvMMAbpqNafgRtDcBGO7HDQBDl3sB6KD9MqDNv1lY9sogpJDklLl/BtWFXyGLwu8xeYcHca17G/LzNZnuCsWheG4l9O07xVqoTrTZEsk2L8Y9lfpA/VY40WwyYaPDDaAcCwwu2KSCqW4HNppM/nqsiQtuz+3YyZqrREREREREkxgzV7OdSgWtVoXfv7EOXs+NtKzi8Ovfx5cXPoW/mPdX+PzNBXj7+Jm0rIcybMY/Ie8mAKODGJ1RgjwA3mExPfjKILxf0EE1pRqjw1cwJR/AzYXiry+5lrUacL2vFVNmfAt5eTMwMjKS6e5kpWPHj6e8zdAh+ICYVRqptikAFBvxhLkTtRYTbDDAbE4sk7XYuAHrekyoNYl1AQx1aDGKtVlrrDDXW7DaJLykN1uFDNdkMlcBlNfUwWhqxOp2QG82w4jO5BoiIiIiIiKinKfy+Xy+dDTc3d2N6SUlKWtvZIvwyJC8xydXjpBG48PAR3vh7KhP+7q+OHsF/qji73G6/zP88sDJtK9vorBUV+Dy8Wcwcv6tTHclipA6quf/DLfp7wWkmqoz/kn298ygea/BLNRavfEtFH5Bh+D6rNlPM60Mt/7JS7hxYxhputxlrUjXzey/nrqxt96CzkorNhqzPKPe2YzVjcA6ew0ilpklopyXu9dTIqLswusmEaXD2f5+lJWVpaXtvr7YwQ9mrmYxjUYDFW7gw67nx2V9Hx/fhaELvbj3L/4Z3/3mn+Bnb/xuXNZL6VaNWyrEB1eNvo9rR1uBGX8WZf6f4GLnT8T//xFurRzESCdwS4UOnk8NGL2lHVOm/wjo+0mUNrKHZ6gb1z9pxZQZ38aNG55Md4cicTZjdWN74G9Z5ml2EQK/gaoFQj1XBlaJiIiIiIgmJwZXs5hWq8LR3zwDz8j4Vbr8rO8dvNP6V5j/ne14Ytk8/OzN3+E6n7ae06bd97fI0wJAL250/RA3AKCvHz49oMmfKcwklgDw3Age+i/UWrVhCDNxq3i18JcNyCFXe15C/h3/A1rtNIyO8niWpLokwJzZs5NfuLwGLfaa1HUmbYqxZIMdSzLdDSIiIiIiIsoKDK5mKa3Wh3Mf7cNA7/gPNb964TTeeuUBVDz8S/zNg/eh5TdHcP7ytXHvB6XAl1/GlJsAYSj/GtkDqX6C0avfhCa/BFMAYEohgF6MfihfWF5rtRreUeEJeP4HXuUS7zCGPtyMW776HEY9HmCSlQeIZkwBUZl01G4lIiIiIiIiynYMrmYhtVoNjUaDDw/8vxnrw+jwJXS2/DkWrNiNNf/jj/HagRPo7r+Qsf5QcqbdohP/72bk6dtRqAeAXtzoXIOh3/4L1BV/i2mV7QgPvsqzVgGgFZfPfwuFX2iHBlcw4sqNkgByI58dwvDAAeTdej9GmLwa5Gd/ObYfT777n1NT1BMiIiIiIiKi3MLgahZSq73oOfIKRq5/luGeeHFw13dwzzea8J0/rcK+Iz347R9y5ClGBAAY+q0BkYtKtOJyV2vEV28cXSaUEJB8uAaDH0aaOzdcPf3PuHXeDqg8I5Pu4VZERERERERElHrqTHeAgqk1GqjgRc/v7Znuit+RX9fio9+9hMX3lOIb9+kz3R2ipHlvnMONvl9Cq2VglYiIiIiIiIjGjsHVLKNRe9F9+N/G9SFW8Tj92/8Px/c9i6+WFmOVcW6mu0OUtGtn7FCrtVCrefkjIiIiIiIiorFhWYAsotFo4Bm5gjMf/DzTXVHUf+o/MXSxF/cv+xn+5sH78NJ//Q6jXm+mu0WUEN/IJVz/+FUU3LkcN4Yz3ZuJxolmUyMcoZP1ZjRtmIsj9Rb0rrSjpjwTfSMiIiIiIiJKPQZXs4hG7cXJg/8Cn8+T6a5EdNn9Abp2/k98ffkuPL7sftj++31cusoIFeWW6x//OwruXA61Wg0vfyBQFOkhVfE8/MpYpxxAXbIhe8qdEBEREREREaUCg6tZQqPR4FVo080AACAASURBVMY1N85+uCfTXYnp+pWz6Hzlz1Gx8j/w3Qe+hl2dx/DxwOVMd4sobj7PEK6dacHUu0zMXo0gniBqYtzYK2WuFjmw0dKDUkM7HO3Cq/KArNtRj1qbS1xOD7N1A5YUi8vrDHC0iwsZ6tDij+LKs2YNWGevQbnQGDZabHCFTiciIiIiIiJKARYdzBIaDXDq4D8ByI0H7XhHr+PtHQ/gkvsDrKyag7lfuiPTXSJKyPWPdwHwQKPRZLork1Q7ekqtaLHbsc4AOHY64AYAZzNqbTqss9vF11ywtTn9Szl6S9Fkt6OlzgC078ReNyAEbhuBOmGZJnMvNjc7ATjRbLGhtE5qqx2b68X1EBEREREREaUAM1ezgEarxtWLvXD37Mt0VxJ2eE8NvlK5Ht+47yF8/pap6Djak+kuEcXHN4JrH72EqV96DJ7srcSRkxyNJlnd1UjZonpUzi0GAJQvMAC94uTyGrTIqgcUleoB2WVFXzkXxcJCMEoLuY+i02XAw+JKio0b0AIAzmY4YMA6cXr5UjP0lh4MAEIbRERERERERGPE4GoW0Go0OPL25kx3I2knOhtw9cJHmPf1v0PRrTfhF285Yy9ElAWun92Dqbo10GimwsMIa8pEqrkaTIcZihFOYfi/vyoAABgC/1s6XWGhgR64wqeK2rHZ1C77W48+N1DO6CoRERERERGlAIOrGabRanFl8BQufnok010Zk96j2zF0oRf3fMOK733za/jZG4fBxwRR1vON4toZOwpKv8fs1SzhdmyBDWY02Y0ohlh/NVZCfFEp9Igwk96Mpg1GZqoSERERERFRWjC4mmEqjKL3aEumu5ES58904p3Wv8L8h7bjiW/Px8/+6zCuDo9multEUd3ofxNTv/Q3UKk88Plyo+Zxqn33P6dmugsRONFmcwVlrioqno5S2HDQWYPycjEg21mJpg0LYHQ1os1pRI003abjQ62IiIiIiIgoZRhczSC1Wg34RnDu9G8y3ZWUuXrhNN7++YOoWPkaHnvwfmx3HMW5i0OZ7hZRRD7PEIbdv/n/27vzwKrqO+/j73PuvVmAJCQQICwJeBGNCnXBBTWtCVSsINWKUEeJidNCxTp9NDPtRJ8poH1k2pkwM864tGoTQ61KXXCro5VEiyJa2UQJAgESMAkEEkJClruc8/xxQwhLWHNzkvB5/ZWcnPM7n3sh549vvvf7wz1gIn7/2de++tWGDU5HOExixgwyChbyQGYBkM6DuekULamkmoHHuSqV7Lws5udkMgtC17V2vh5+3EtWngqrIiIiIiIi0nkMO0ytWtu2bSNpyJBOW8//RAYAnrlFJziz53C7YOdXz7N11VNOR+l8ppurb3uVyH5DeXPl12yuqHE6Udjk3DqB+g3/gn/vR05HkdPk6jOSuEufpbm5xekonaqj52ZvfJ6KiISTnqciIp1Dz00RCYfKqipGjRoVlrUrKipOeI4ZljvLiRkGLk8kOzcscTpJeFgBVrw0jdqKlUybcB6XnTvU6UQiHQo2bifQsBm3W838IiIiIiIiInLyVElwiNuE6rIP8DX13o5OgLXv/JTRV/yM68bNYkBMFO+t3up0JJFjat75Av3Of4jAWTQmuLNHAlx4wQWdup6IiIiIiIhId6fiqkNcbg871j/vdIwuseWz/+JA3XYuuvb/Mii+H39Y9oXTkUSO4tuzHDvYjOmKxAqePbNXO6sg2t1mt4qIiIiIiIh0BRVXHeByu2k+sIu6XeucjtJlKr9+nca6HVw65Sl+MuUynnlnDQHLcjqWSDsWzRUvEzns7/CdPbVVAFY8n3ZG1199x/JOSiIiIiIiIiLSs2jmqgNchsX2Nc84HaPL1VWtZuWfbiXKbTP3pvHE9olwOpLIYVoq38J0RWAYhtNRRERERERERKQHUHG1i5mmiW0Hqdz0htNRHNG0fwcf/3Eytn8/fz/5UpIT45yOJNLG8tXgq/0cl8vldBQRERERERER6QFUXO1ipgm7t73vdAxHBXwNfPT8ZBpqvmZ6WipjRw5yOpJIG9/uv2AafqdjiIiIiIiIiEgPoJmrXcw0TXaVvud0jG7A4vOld3LBdQ9z/WU3Eh8TzV/XlzkdSgT/3o8xxvwCI+DHtm2n4/QwJeRnLoTcQrJTDx2tLlrAA2UzWNz+oKNCOYuOPOzNYtG8DBKdiCQiIiIiIiI9koqrXcg0TcCipuIzp6N0Gxs++CWN+7Zz+fi5DOrfl5eXa8dxcZYdbCSwbxWufpcQCAScjuOYjjapOtPNr7qTjMOKwNUsW5DD40VjmZ+h8qqIiIiIiIicHBVXu5BpGuzetgxsy+ko3cr2tb+noXY74yb9mh/fcCnP/u9q9A6Jk1p2vUuf2LFOx3BU2IqoJfnMWpLS1iF6qKt1IMsW5FCelkVZQQGlgDcrj5llOTxaDJDOg4XZhGqhR3SepueGumKri5ifU0ZKejFFxaEfZRzRRduxRMaleSko2wOtvasl+Zmt9w5laSu6luQza2HxwZu3yxUq0BaUHnHvDl9zKiX5mbxU7qW0tLTtHtVFC3igdZH29+0oT/vjbe+FiIiIiIiIdAnNXO1CLpfBrtJ3nY7RLe0pK+KzpbPoF+3i3u9fQZ8I1f3FOf69H2OaHgzDcDrKWadoOdxbWMji3HRKC3J4KSWPxYV5ZHmLeamomlABcyFlWXksLixkcV4W3uIlLKs+uEIxZSmhnz2YDkVLiqg+zv0OqeaL5aV4UwaGvitawKPlWSxqvQcFOeSXAJSQv7CcrLxCFhcWsiirvDUXlOTnUEDrNbnpFC1c0C5Xx0pJY1FhYahYWpLPA8tD3y8uzCWl4AmWVR8nT0n+oeOFeWSVLzmpe4qIiIiIiEjnUAWri5imiW1Z1Hyz0uko3VbD3o2seHEaE257mTlTxvN80Xp21x1wOpachWyrBV/tZ7hiLj+rRwOcrqKFmUfPM00/uWu9aWNDfaMDU/CSzszW7syhyQfPSGTivEImtn2bRMrhK5A2NnRN6lXpUH4KOdNzWZyRSFuhNW1uKEtiBjPTC3ipshqOaApNzJjHfACqqSiHjBmtM1tTp5LlzWH5+momJp3gRScntc15LVlZjDctr/X7VLIL5wHVLOsoz2FrJzJx3rwT3ExEREREREQ6k4qrXcQwDarLP8S2VKg5Hl/jbpYvnsSEma9x58RxvLnyazZX1DgdS85Cvl3v0Sf2Eqdj9EhHfhQ/9DH4k7s2Jekk5p0e9rF8AC9ZbV8nM/QkR6a25awuYn7OctKmHl45LS3IYVZBuwPpe4BUsvPSmJ+TSQG02wRrD+Wl7a9ObFcQPr6D3bIHC7RHVIuPnycjm0VpC3ggM/SDw8YXiIiIiIiISNipuNpFXKbN7q1/cTpGj2BZPj5+YQqXTPkt0yZcxkdf7eDTjTudjiVnGX/NJxiuCIyAH9u2nY7Ta+0pKz3xSYcpIX9hcbsCbgn5mUvOLERiBvdmLeeBnHyGts1PPc681sQM5hdmAK2F4/wkFmcPJNnbvlG240Jpx6/5+AXZjvIkZsxjcUbonssW5JCfdLJzZkVERERERORMqbjaBQzDAMPF3h0fOx2lR1nz9hzGXP2PXHvhD0noF8U7n29xOpL0cmZEAlHDZ+AZcB1m5CAMw8Dltgn4/U5HC6ur71jetTcsXc4X1RlMTCxhZTEnPTLgWKqLllAE7TpXT09ixlyylufwUtFU5me0bm61pIip8zJIbN1Aqywrj/lj1zM/p4yZ7Yqwoc7TUGG07ZqStygo9ZI1NxH2nPxrHpjipXT5eqozDt2X3EKmdpDnXp5o2xyrNQ3JA4+9toiIiIiIiHQ+FVe7gMvtpnbnSqxgi9NRepxNK/6dxn1lXHD1z0mM60vhsnVOR5JexhN/OVFJ38fV/1JMVzRBy2Zvk832ygBRboPUhN69799XGzZ07Q1Ts3kwPZNHczIpIJ2sLC+c5MiA1gWYmuXlgdZ5qd6sXLK8CynfA5xRUTGRiTPSKVj4BMvGzmNixjweLMts+7j9oXmsGdybtYAHMjNDx71ZLJrXOiE1O4+sBTlt12TkFjIxEUg8+deceMR9vVl5zE8FUjvKM5esBTnMaouTx3xNBRAREREREekyhh2mz7tu27aNpCFDOm09/xOhj2B65h61TUq353HDxo9+xa7Sdx1OcjuXzMohnlVsWjyHncc7/u2XyRgzEqin9pN01nx18LzZsPrg910nfuiVXPy9/6bZH+SZd1bjC1hdG+A4cm6dQP2Gf8G/9yOno8jJMKOIHvYDPIMm4YpOAQxaglDZYLO5JkCj/9AjMSbCIGNkBC3NTc7lPQMdPTd78vNURMQJep6KiHQOPTdFJBwqq6oYNWpUWNauqKg44TnqXO0CLk8Ue8q7+GO3R5nHlT+6ib4ALSc6fjuXpIzkwKbx7B/0OUmp8+CrBfDtW4lv+oCiLi6sAtRWfMrKP93KFbe+xD1TL+e599exr6G564NIj+TuO4qo4TNx9b8KV0Qclg37mi127LYo2xeko1J9vc8maIdGe2juqoiIiIiIiIgcScXVMDNNE1/TXoL+RgdTtCugntTxMUREhr6qb6onKRpCBdcB1K5eEN6ox9G0fwcfP38DE2Yu5e7rL+aVj0oo213nWB7pzkwiB08mcsiNuPqdj2G68QVtqhpttlT6qW0++c7nmiaL+AgXwUAgjHmd0dkjAS684IJOXU9ERERERESku1NxNcxM06SmohvMCW1ZxabFFQw7sph6zOOb8LVABBATHRM65GDXansB336WL57EldP/xPS0C/jLmq18sXWXs6GkWzAjEokaMQNPQhquqMHYQIPP5ptaiy01LZzuJIldBywSol3QC4ur0HkF0S6f3SoiIiIiIiLSDai4Gma27ae24jOHUyzg08UA8xh2UsdfYE3ZrWSM+Zy+1FP7ySYuufQ6alcvIHX65yT1p7Uo235ua1ey+PTlWxl3fR7fveQ7DIztQ9HabY4kEWdFJFxJZNL3ccVdgumKImDZ7Gmy2V7hp7K+c+by7mm0MA09KkVERERERETkaKoYhJnbHUHdri+cjnHq/jqdor+2fv3tl8lo+oAifkta/+1UPrOe2B/dxLBvw86/HneVsPrivRzOuewnXHLJjxgY24clf3W4rVbCz4wmetitRAyahBk9AjBoCsCOepvNe1toCkNzaV1LaNZqb567+vif157R9ffeeHEnJRERERERERHpWVRcDSPDMABoqNnicJIz0W7W6oCX8QDtxwY4beuqpziwbzsXpj/CnCmX8ew7awhYndOxKN2Du+9ooobPwBV/JS5PLJZts6/Zpny3RflxNqPqTDVNFnGe3jl3VUREREREREROn4qrYWSaJvV7NgI9uNut/azVC/fiZwDtN7zqDnaV/i+N+3dy2U3PcM9N48l/dy0NzT6nY8lpcxGZdAORg2/E1W8MhuGmJWBT2WSzucJP3SlsRtVZqg5Y9E8wu/y+IiIiIiIiItK9qbgaRoZpUOP4vNUz0a5rFeCrOexJ/ZykH40MzVx1cCTAkeqrv2TFi9OYMONVfnzjpbxQvJ6q2gNOx5KTZEYOImr4DDwJ38aMHAhAgx927LXYWnv6m1F1lj2NFubA7tCrLSIiIiIiIiLdiYqrYWTYgW42b3UBnz6z4BSOv8CaxS8cdqTk5fGUhCXbmfM17mb5HyYxYcbr3JExjrc/28zGHXucjiUdiBhwNZFJ03DHXozhiiRg2VQ32Wz/JkDVge412mFfs41p9O65q52nhPzMhRS1fZ/Og4XZpJ7wsnxmLUlh0bwMEjslRj6zFhYDkJFbSHYHAUryM3m0+BjnHLw+PZfFHV18TNUsW5BD+YyO73n0JUXMzyljZmE2qe2/PoW7ioiIiIiIiDNUXA0jlyeafVWrnY5xVrECzXz8x8lcdtPvmXLFOBJio1nx1Q6nYwlguPsQNWw6EQMn4ooegQ00BaB8v83mmhaau/k40+aAjXkWFVc72qTq+JtfhQqrZVl5LM4IlUirixbwQGb+yRVYO00J+QvLycorZCJFzM/Jp+Q49/d6vRStLCE79dAZJSuL8Xq9lHZN4EMSM5hf2NU3FRERERERkdOl4mqYmKaJv3kfQX+j01HOSqvevJvz0x5iwvm3kBjbh9c/+drpSGcld8wYoobdhrv/lZieGCzbprYZyncHKdsXdDreKWnw2cR5TDhLNkw7fhG1A9WVlOElbeyh3tPEjBlkFCxkZUk2qakc1lEKHXWVhro/C0qPPudgpylwGl2lHUhLI6NgJSXZqa0F2BJWFqeTllVOadmxM+HNau2yDR1fjpfS0lIycvNIbr92ST6zFpaTlTePiYnHel0l5OcUUAo8mgkP5qXw0sHO1ZJ8Zi2BDIopKgXwtq5zRB5vOhkUw6l0y4qIiIiIiEin0A4tYWIYBs0NlU7HOKttXP7/2LQyj9FDE7j7+mN34UlncxGZNI3Ybz1B/LXvE3vxb7HjJ/JNU1+Ktvt5Y5OP5eW+HldYBahtDnWuynEkjiXNW0pBTib5bfNDUskubC36VRcxv7WjdHFhIYuyvBQtKaL6iGVK8nMoSM5lcWEhi3PTKVq4gGXVQEk+j5ZnsaiwkMWFeWSVLwkdP0oqU7Og4IkFzM8pICX3RF2zSSR7i1l5MHPJSorSr2JcR5kKc8koLeCtdjNSSpNnsLjwGKMFlqSwqDBUED3260olOy8Lb0fjE0pDRdPFhXlkeUspaL1pddETFND6XsygtfgqIiIiIiIiXU2dq2FimCaN+8pOfKKE1c4vX6Cpbifjrs/j3psu5+l3VuFzenekXsaMSiJ6+G24E9IwIwYAUO+Dnd1kM6rO0uCzsQz9Per4Epk4r5CJJfnMWpjZNne1rfM0MYP5hRmHzk5KPsYaJawshozc1jJj6lSyvDmUHzU+OZGJ8+Z1kKOaL5aXQimUpucy/4TdnAMZl+aloHU0QMnKYjKuyoZ2fx9LzS5kcbvzk71Q3m4Fb8rAw5esLGJ+ATxYeHCG7HFe1xGXHi6dq1JDr3dcmhfKDr2+jBnzQmunTiXLW3xYHhEREREREekaKq6GiWEHObBvm9MxBNi7YzmfvvJDrrjlee6ZejnPvb+OfQ3NTsfq0SIGXkvkkJtwx12MYUaENqNqtNlWHWBXN9uMqrM0+CxMw03P67l1QGo2iwuzQ19XFzE/ZwHL8g52b7b7WD+AN+uYSxS1K84CeCurISObRWkLeCCzoPXSPOZnHLn91aENpRanhmbAzk/JY2ZZDi+lHOv8kMSxaXiXV1INrCz2kjyVw4qroddRcNgM1ox2X6ckHb5u0XLISi8+NA7heK/reMVVb8oxfryHcnWqioiIiIiIdAsqroaJbQdpqt/pdAxp1bhvKx+/MIUJM17j7usv5pWPSijbXed0rB7DcPchetgMPIkZuKKHAwaNfpvyup6xGVVnqPfZuEzwOx2kOyvJZ9bKqw6fg5o4ljRvQahDc08+jxa3+/h760zRo7WfLXq4xIx5LM6Ag0XU/KQjPopfvZ7lpenMTAUIfeR+fk4Oj5LOg4XHLqy25eQJvihKpsibxqLDTq1m2RMF0LZRV2sB9zhvRcaMDCYO5IjNtDp4XcccbXA8R3fOioiIiIiIiDNUXA0T0+2hab+Kq92Jv7mGv/5hIlff9irT0y7gL2u28sXWXU7H6rbcMWOIHjYTV/yVmO6+BG2b2iab8qog5XVnX/+mLwhBOzRP2bZtp+N0qntv7KSZxKlXkbFwIflXtSt4lrxFQamXrIHAYR/tr2bZkmLgyM7VVK5KL+XRt0qYmJ3a1jGaklvI1MoFPFA2o13x1kvykW2drcXcto7RxCRSgFLKqaiG1A7rq4kMTS7l0YJSvFl5hEqoHSh5i4LSwztXj71kBjPTM3mpaCrzMzp+XdnHHQtw7Kzj0rwULCli6rwMEk82j4iIiIiIiHQ6FVfDxDQ9NKq42v1YAVa8NI2Lb/hvvnvJBAbG9qForcY3hLiIGjoVz6Dv4e43GsNw0RKEygMWm/f6qff1zo/7n4pGv02kaWIHe09x+asNGzpxtVSyC3PJz8xkVtuxdt2aiaE5o49mFoeO52bhXVjGHqB9zTM1O4+sBTnMymxdISsvVKxNnXvU8flHFUsTmTjv8AwZuYUsJp9ZTxQxbl4GHdVXU69Kh+Jy0sYeeUYiE2ekU7Awh1kFQHouD6YX81JlNSfYKYvU7FxSMp9g2dh5TOzodZFECgU8mgkP5qUcf8GDiTLmkrU8JzQiIT2LLHWyioiIiIiIOMKww9SCtW3bNpKGDOm09fxPhHpyPHOLTnCm8wzDwOMx+CD/GqejyHGMvuJnJI+bxc49+3npw69Oe52cWydQv+Ff8O/9qBPTdY3QZlQzcSdcixmRAIQ2o9qx32LbvkCv2Yyqs1w+1MPgqCCBQM+Yg9DRc7MnPU/lJFQXMT9nOWkdjFIQkTOn56mISOfQc1NEwqGyqopRo0aFZe2KiooTnqPO1TAwTJPmhiqnY8gJbPnsvzhQu5XU78xjzpTLePadNQSs3l9NjBj4HSKTpuKKGYfpisAftNndDFt2B9jb2Ptf/5nY12wxONp0OobIURuDZeQWqrAqIiIiIiLiABVXw8A0DJr26wOaPUHl5jdprP+GS298kntuGk/+u2tpaPY5HatTme5YooZPxzMwA1f0UMDggN+icj9sqmnB1zOaMLuF5oCNjeF0DBFSswtZnO10ChEREREREVFxNSyCNNSUOh1CTlJd1Wo+WXIzV05/mR/feCkvFK+nqvaA07HOiDsmlejhM3D1vzy0GZVlU9sCZZVBduzvPfNCu5rfAsNQ56qIiIiIiIiIhKi4Gga2HcTXtNfpGHIKmhsq+fiPk7nqtte4I2Mcb3+2mY079pz4wu7CdBM1ZBqRg2/A1dcLhklLECoaLLbUaDOqzuIP2qhxVUREREREREQOUnE1DAwMgv5Gp2PIKQr4Gvjo+cmMv/k5plyRSkJsNCu+2uF0rA6ZUcOIHjETd/w1uCLjsezWzaj2WGzf16LNqMLAb6m2KiIiIiIiIiKHqLgaFjbBQJPTIeS0WHy+dBYXXPcwE86/kcFxfXltxUanQ7WJTEwnYshUXDEXHdqMqsnWZlRdxB+0cZkGfqeDiIiIiIiIiEi3oOJqGNhA0K/iak+24YNfcqB2G97L7+XuyZfw+3fXOJLDdMcRNfw2PInpuKKSAIMDPpuKOpvNtdqMqqv5Vb8WERERERERkXZUXA0D0zAJBjQWoKcrW5fPgX1ljJv0a+696XKefXcNzV1QzXTHXUj00Bm4+o/HdPchaNnUNNuUVQbZqc2oHNU2asEwwLYdzSIiIiIiIiIizlNxNQwM01Tnai+xp6yIz5bOYvy0fH4yZTyL31/H3vpO/rc1I4geOg1P4mRcfUdhGC6aAzYVB2w21/hp0GZU3crBPa1UWhURERERERERFVfDwDBcBLShVa/RsHcjH78whatnLuWu736L11ZsZFvVvjNa04weQfTwmXgGXIPpicPGoK7FZkd1kG11LViqp3ZbgaCNYRjY6lwVEREREREROeupuBoGhunG0oZWvYq/uYbliycxYeZr/OCaVIrXbWP1lqpTWiNy0CQiBt+IK/YiTNODL2hT1WRTWhlgb5OqqT1F0NaDU0RERERERERCVCMIk4DGAvQ6luXj4xemcMmUp0j/1ngGxvblvdWlHZ5vRvQnatgM3AOuwx2dBECDz6Zin8WWmhZ8Gp/aI/mCNh7TcDqGiIiIiIiIiHQDKq6GSVBjAXqtNW//hPOu+QVjU29jQGw0tm1zsNTmjvsW0cNuDW1G5YomYNnUNNmUVfj5pl7dqb2BhgGIiIiIiIiIyEEqrnY2I1RmG3HBbQ4HkXBqqttBzc4VDB1+NQDRo++nX+oCMEyaAzY762221Po44FMprrdxGYYKrCIiIiIiIiICqLja6Q52MKZc/A+O5pCu5YpIoClgs2Knn/oWdaj2ZqYBaDMrEREREREREUHF1U53cAfxp6fsx1aNrdeKijO4o7A/7ih4Yf0f+eFFPyTabTJxpIf65iDrqi32NOo/wOFcXDvazUAs1m/xU3q840M83BxnAjZ7dvv4qPbgeS7Ye/B7ZxgGmg0gIiIiIiIiIgCYTgforTx9tOFNbxU/0iTrT/G4+1n801/+kRe/epHcZbnYtk1DSQkR+6q5doSH753jZkScy+m43YSbiee5GXjU23Gs4y6u7WdSX9dCeYvBwLjWvwENMRkYsBwtrEJr56qIiIiIiIiICCquho0nShWY3ihlgpvbn+2Pn2Z+/OaP2LR3EwAle0p4/G+P0y81lep33mHDT39KYFsplw12MXW0hwsSz+YmcTcTz3MRc9LHDSJbi611wYMtoi6u7Wewpy4Qxpwnx2WocVVEREREREREQlRcDQMrCJ4op1NIZ/vW9EimPhrL3qa93Pnanext2nvYz9/b+h6vlLzC8OxsIocOpeSBB1g7axYNn/+NMf0Npp0bwWVJHtxn429d0GL910HqT+q4TUsw9FWcq/WPFN2kaxXANAzNXBURERERERERQMXVsLCD4Fbnaq+Sdl9frr23L+t3r+fuN7PxWb5jnvfcuudYU7UGb24u0V4vgX372PLII6yePp29//sOw6ODTD03kmuGu+njOVv+jwRYdtiM1RMdD/JRg0VMXCTJkTZ76uy2rtVLR0Zy83mR3Dzag7croh+Dcbb8s4mIiIiIiIjICam4Gga2ZeOJVgWmt7jlsRjG/SCStza/xUNFD53w/HkfzGPXgd2k5uXhTkgAwPL5KHviCVbdcgs78/OJt5u4/pwIJo70MCBav4ZHqfKz9OsWln7t46PI1q5VPCRFWpR/HaTeZTJyiDPR9JstIiIiIiIiIgepqhMGloqrvYI7Au56qT9Dx3p48m9P8rtVvzvpa+/58z002S2M/e1T4D58xIESywAAD1JJREFU3mrVK6+w9oc/ZMsjjxBZt4e0ZA83nONheKw2vzpau1mrkeAB2o8NcIKpmasiIiIiIiIi0krF1TDRhlY9W99Eg7uXxtMnEX75wS95p/SdU7o+YAWY8+YciIzkoiefPOY5+z79lC/uvpsNP/sZwbKtjB/iYqrXQ+rAs3nzqyO0n7XaAn6g/YZXXa3tt1ozV0VEREREREQEFVfDw7Zxa0OrHmtwqovMP/bH8vi55+17WFu19rTW2e/bT85fcogcMoQxDz/c4XmNpaWU/J//wxdZWRxYs4rzEkymnevh0iFn6eZXbdp1rQLU+qlsMUk+z0VM0GJ7Vdcn8qi5WERERERERETaUYtcGNioc7WnGjPJw3cfjKGuZT9z3ppNY6DxjNbbWruVf13xr+Rek8vwrCx2FhR0eK5v7142L1iAGRHBiNmzGTFpEsnnRrL7gMWaKj9NgTOK0g0EWPb1sV5ER8eDfLTl8M//r97ewuqwZDs5fTwGQTWtioiIiIiIiEirs7ovLlwMl02fBL21Pc2V2X347kMxbK3dyl1LM8+4sHrQJzs+4bl1zzFk+nQSJ08+4fmWz0fZ//wPq26+mYo//IEBRjOTvZGkp7iJj9L/KydFuw0sS9VVEREREREREQlR52oYmC6buOEqgvUk33s4hnPSPHyw/QMWrVzU6eu/UvIKQ2OHMumnP6W5qor6detO6rqKF1+k4sUXib/6akbMns13UgbS5LNYvydIRb3V6Tnl+Pp4DLD0vouIiIiIiIhIiCqAYWDbNvHJGs7YU9xR2J9z0jwUrisMS2H1oP/+9L/Zum8rYx55hIhBg07p2toVK/giK4uSBx7A/qaMK4Z6mOL1MGaA/j7Slfp4DAxDnasiIiIiIiIiEqLiahhYtk3MYBVXu7uIPnD3a/2JG26w8KOFvFzyctjvef+791Pn28+FTz6JGXXqu54d2LSJDffdxxfZ2TStW8MFA0y+f24ElwzxYOq3Oez6egxsW8VVEREREREREQlROSYMbMsiKtbA0LvbbcUNM8l+LQFPjMX9793PJzs/6bJ7z35rNkG3wUVPP33aa/iqq9k0bx6rp0+npmgZI/paTBsdyVXDPESpmTVs+kaouCoiIiIiIiIih6j8FyZ2EM1d7aaGj3dzR2EcPhrJfiObrbVbu/T+zYFm7nvnPtz94zj/3//9jNayWlrY9p//yeqbb6byxRdINJu5wRvJdclu4rT5VaeLchvYmrkqIiIiIiIiIq1UfQkTf4tN7BCNBuhuLpoWyff/LZbdTdXcufRO6lrqHMlR2VDJvA/n0fe88xh5332dsuY3zz/Pmhkz2Ppv/0bfpjrSUzxMHuVhSD/9mncGA/CYqHNVRERERERERNqo6hI2FnFD9fZ2J2n39eU79/dlbdVafvzmjwhYAUfzrKtax+N/e5yBkycz5NZbO23dmg8/ZF1mJhv/6Z8wqnZy1TAPN57j1uZXZ6iPx0BlVRERERERERFpT9WWMDE9NrFD1bnaXXw/L4bhl3p4deOrFKwtcDpOm/e2vkdyXDLTsrNpqaykdsWKTlu7oaSEL+fOJXLwYFL+4R+44Fvf4vwEk7L9Nut3+dGH209NtMcgaKm8KiIiIiIiIiKHqLUyTGxsElJUXHWa6YasJfEMv9TDY58+1q0Kqwc9s+YZ1u9ejzc3l6jk5E5fv2XXLjY99BCrp09n3wfFjIyxuWlMBFdq86tTEhNhYKm4KiIiIiIiIiLtqLgaJrZlETdMxVUnRfeHv18aT9QAm9xluby/7X2nI3XooaKH2Ntcw4WPPYY7NjYs97Cam9m6aBGrbrmFqpdfZpDbxw3nRPCdZA9xkXoUnEhCtIFpB52OISIiIiIiIiLdiCoqYWLbNrFJJqbqq45IHGOS9acE7Eg/c96azVfVXzkd6YTmvDmHZtvHRU//DtxhbCm1LL557jnWTJ/O9v/4D/o115E+0sP1ozwM7qtHQkcGRJtYloYpiIiIiIiIiMghqqSEiW3bBP02iWP0ueuuds63Pdz2VH/q/LXMWnonuxt3Ox3ppPgsH/e8PRcjOpqLfvtUl9xzT1ER62bN4uvcXIyqnUwY7mGK14M3Qf9v23MZoQ2tVFwVERERERERkfZUXA0jK2gz5MLuVKSK5OY3E7j3zRjGnej4L+K4tziBe4v7c/Ot7c9r/333M/7OaL63IIbNNZu46/W7aA40Ox3plNQ015DzlxwiBw/m3Hnzuuy+9evX89XcuXz54x/TvHEDFw00mXZuBOMGe/SQAPpHGQSCmrcqIiIiIiIiIodT3SSMDE+QEZd5nI7Rqi9/V9yXYf1O5ngkN1/rovZ/aygpNxk2rW/o8C+iGFbjZ+krXZP4VE3K7ceVfx/Nu1vf5R//8o9OxzltW2u3suiTRcRdfjnDs7K69N7NlZV8/c//zJqZM6n7aDmjWje/umKYh4izeMRFfLSJbatrVUREREREREQO153aKnsdy7JIGhfhdAxCBdRI4k/6uJs+rcXWPTUWJECo4GrwTcGB8EY9HSbMeCqOxHNdPLv2WV7f+LrTic7Yh2UfMjRmKLdPv53G7dup+eCDLr2/1dhI6W9+A6bJiLvuYsjUqXzPG0Ftk82aXUHqfWdXoXFgtAnazEpEREREREREjqDO1TCyLQtPlEG/Qd3gbW7wszy9hdqTOh6gsSH01cCE1uzdtGvVHQV3v9KfgaNNHvnrI72isHrQC1++wCc7P+GcnBz6nn++MyEsix35+ay+9VZ2PPUUsf56Jo7y8N1RHhLPos2v4qMMbM1bFREREREREZEjnD3VEYf4my2SLnK6QfgAf7ypni9O+ngLSz8KEn9DAqnJFt+8EQh1rb5xgIznEkKzWI+a29r1Ygab3P1aPJ4Yi/vfu5+/VfzN4USdb+FHC/mmoYLzfv1rIgYNcjTL7rffZu0dd/D1Qw/h2lPFNcM93Oj1cE7/3j0vwG1CpFubWYmIiIiIiIjI0VRcDTPTZTF0nNPF1dPw6zoeT6/h8fR9LB3d2rVKDOckBylJb6G2n4eLfuFcvKHfcnPn83H4zSay38hma+1W58KE2b1v38uBYCMXPvkkRoTzYybq163jy9mz+fKee/Bt2sjYQS5uGu3hokHdZb5w5xoQbeLXZlYiIiIiIiIicgwqroaZZVgMu6QnF50i27pWGW0SCbQfG+CE878XwS3/GUt1czV3Lr2TupY658J0AQuLOW/OIeg2uOh3v3M6TpvmHTvY+POfs+7226lf+QneOPj+mAguH+Yhohc9WfpHGaDNrERERERERETkGHpRCaR7soJB4ke4cEcaTkc5Pe1nrW6xaAHab3jV1a7+SR8m/rwfqypX8eM3f0TACjgTpIs1+Bu475378AxI4Lzf/MbpOIcJNDSwZeFCVt18M9VvvEFSRIDvjY7g2hFu+vWCKmtSPxMsbWYlIiIiIiIiIkfr+ZWPHiDgsxmc2hPnUrbrWgV4pZ6t5S5SiyOJb/Dz5a+7Ns3UX8dwycwoXt34Kgs+XNC1N+8GKhsq+dXyX9HvglSSZ892Os7RLIvyp59m9Q9+wM6nn6Z/sJFJozxMTHEzsE/PfNS4TYiLMgkGVVwVERERERERkaP1wGGgPY9NkOQrIvhmrdNdlgf4Y/qBUzjewtKbWg47UnRXDUVhydYx0w13Lu5PzBCTxz59jPe3vd/FCbqPzys+5+nVTzN72mxaKivZ9eabTkc6pl1vvMGuN94g7rLLGDFnDteOGEqL3+LLvRY76npOoTKpn0kg0HPyioiIiIiIiEjX6pntZD2MTZAxk5zfiKgnioqFv18aT59BkLss96wurB701qa3eOPrNxgxezZx48c7Hee46lat4svZs9nw058S2LqZywa7mDrawwWJPePvOsNiXJq3KiIiIiIiIiIdUnG1C1iWRZ94g4SRPXE0gHPiR5pkvRyPHelnzluz+ar6K6cjdRvPrHmGDXtKGP3LXxKVnOx0nBNq3L6dkpwc1t5xBw1/+4wx/Q2mnRvB+KEe3N30KWQaMLiviaWRACIiIiIiIiLSgW5a1uh9gpbF6OvUvXqyUia4uf3Z/uwP7GPW0jvZ3bjb6Ujdzj8v+2dqWmq58LHHMPs5tMPYKQrs38+WX/2K1T/4AXvf+TPDooJMPTeSa4e76ePpXpu+JfYxCVg2tm07HUVEREREREREuikVV7uITZAx3410OkaPcPFt0Ux9NJavazZy1+t30RxodjpStzXnzTn4CDD2d78Ds+f8OluBAGVPPsmqW25h5+9/T3+rkevPiWDiSA8DorvH6xga48Kw1bUqIiIiIiIiIh3rHlWMs4AVDBIz2CB2iN7y47kupy/XzI3m3a3v8vP3f+50nG7PZ/m4988/xezXlwuffMLpOKel6tVXWXv77Wx55BEi6vaQluzhhnM8DI91dozGsBiNBBARERERERGR41OlrwsFfEFGX6fu1Y5MfzyWC6dG8uzaZ3n8s8edjtNj7G7cTe6yXKKGDcP70ENOxzlt+z79lPV3382Gn/2M4PZSxg9xMdXrIXVg129+FR9lYBqheckiIiIiIiIiIh1RcbULGS6L8yZ7nI7R7bijIPuVeBJTXTzy10d4fePrTkfqcTbu3ciiTxYRP2ECQ2+/3ek4Z6SxtJSS++9n7axZHFj9OeclmEw718OlSV23+dWQfiaWpa5VERERERERETm+rm8JO4sFg0HiUyLoO8DkwF51xAH0TTS4o7A/RkSQ+975GTv273A6Uo/1YdmHjOo/ih/ccQfNlZXUfPCB05HOSGDfPjY//DBmRAQjZs9mxKRJJJ8bye4DFmuq/DQFwnfvkXEurKA/fDcQERERERERkV5BnatdLNBi4f1OhNMxuoXBqS4yX4inxThA5tJMFVY7QcG6Aj6v/JxzcnKI9nqdjtMpLJ+Psv/5H1bdfDMVhYUk2I1M9kaSnuImPqrzH2GD+ppEuAzNWxURERERERGRE1JxtauZAS6Yormr510fwa2Px1Jx4BvueO0OGnwNTkfqNR7+8GF2Ne4mNS8Pd0KC03E6VcWSJaz94Q8pffRRoupr+E6KhxtGuRka03mPMm+8CysYxrZYEREREREREek1VFztYsFgkPhkFwkjnd0J3UlXZvdhUm4/Pqv4jLl/vgcb2+lIvc49b99Do9XMRb99CiOi93VK165YwfrsbEoeeABrZxlXJLmZOjqC8wac2aSTKLfB4L4mgYCKqyIiIiIiIiJyYv8fPF2KpvzepFEAAAAASUVORK5CYII=" height="600" width="800" />]]>
  </system-out>
  <testcase name="LoginUnsuccessful_002" time="5.437" classname="testcases.LoginFeature"/>
  <system-out>
    <![CDATA[<img src="data:image/png;base64, iVBORw0KGgoAAAANSUhEUgAABVcAAAJWCAYAAABcXLeiAAAAAXNSR0IArs4c6QAAIABJREFUeJzs3dmXHOd55/nv+0ZELpVZ+15AYSNAAAR3UhRByiK1WCPJbWtste1uL5rTp/uiz9zMzH/g25m57Dln+pzpO7ftdttty7QW26RIURJXcAOJfUcVqlD7kpVrZES8cxFZBYAogECSBCjy99EBRVRl7Fks4FfP+zzGOecQERERERERERER+YIolUqfyH7sJ7IXERERERERERERkS8YhasiIiIiIiIiIiIibVC4KiIiIiIiIiIiItIGhasiIiIiIiIiIiIibVC4KiIiIiIiIiIiItIGhasiIiIiIiIiIiIibVC4KiIiIiIiIiIiItIGhasiIiIiIiIiIiIiV3nuued47rnnPvJ1CldFREREREREREREWq4OVT8qYFW4KiIiIiIiIiIiIsLmYerNAlaFqyIiIiIiIiIiIvKFd7MQ9UafM84592mdkIiIiIiIiIiIiMhnTalU+kT2o8pVERERERERERERkTYoXBURERERERERERFpg8JVERERERERERERkTYoXBURERERERERERFpg8JVERERERERERERkTb4d/sERERERERERERERO6Gd999t63tHnnkEUCVqyIiIiIiIiIiIiJtUbgqIiIiIiIiIiIi0gaFqyIiIiIiIiIiIiJtULgqIiIiIiIiIiIi0gaFqyIiIiIiIiIiIiJtULgqIiIiIiIiIiIi0gaFqyIiIiIiIiIiIiJtULgqIiIiIiIiIiIi0gaFqyIiIiIiIiIiIiJtULgqIiIiIiIiIiIi0gaFqyIiIiIiIiIiIiJtULgqIiIiIiIiIiIi0gaFqyIiIiIiIiIiIiJtULgqIiIiIiIiIiIi0gaFqyIiIiIiIiIiIiJtULgqIiIiIiIiIiIi0gaFqyIiIiIiIiIiIiJtULgqIiIiIiIiIiIi0gaFqyIiIiIiIiIiIiJtULgqIiIiIiIiIiIi0gaFqyIiIiIiIiIiIiJtULgqIiIiIiIiIiIi0gaFqyIiIiIiIiIiIiJtULgqIiIiIiIiIiIi0gaFqyIiIiIiIiIiIiJtULgqIiIiIiIiIiIi0gaFqyIiIiIiIiIiIiJtULgqIiIiIiIiIiIi0gaFqyIiIiIiIiIiIiJtULgqIiIiIiIiIiIi0gaFqyIiIiIiIiIiIiJtULgqIiIiIiIiIiIi0gaFqyIiIiIiIiIiIiJtULgqIiIiIiIiIiIi0gaFqyIiIiIiIiIiIiJtULgqIiIiIiIiIiIi0gaFqyIiIiIiIiIiIiJtULgqIiIiIiIiIiIi0gaFqyIiIiIiIiIiIiJtULgqIiIiIiIiIiIi0gaFqyIiIiIiIiIiIiJtULgqIiIiIiIiIiIi0gaFqyIiIiIiIiIiIiJtULgqIiIiIiIiIiIi0gaFqyIiIiIiIiIiIiJtULgqIiIiIiIiIiIi0gaFqyIiIiIiIiIiIiJtULgqIiIiIiIiIiIi0gaFqyIiIiIiIiIiIiJtULgqIiIiIiIiIiIi0gaFqyIiIiIiIiIiIiJtULgqIiIiIiIiIiIi0gaFqyIiIiIiIiIiIiJtULgqIiIiIiIiIiIi0gaFqyIiIiIiIiIiIiJtULgqIiIiIiIiIiIi0gaFqyIiIiIiIiIiIiJtULgqIiIiIiIiIiIi0gaFqyIiIiIiIiIiIiJtULgqIiIiIiIiIiIi0gaFqyIiIiIiIiIiIiJtULgqIiIiIiIiIiIi0gaFqyIiIiIiIiIiIiJtULgqIiIiIiIiIiIi0gaFqyIiIiIiIiIiIiJt8O/2CYiIiMitcTjCKKQUrrFUW2axvsRqWGKlscpyY5VSo0S5WaYW1YmSiAQHgGc8Ai8gazN0Z7rozBR5cvRL3Ne/j4wX3OWrEhERERER+fWlcFVEROQzrBbVWa6vMFedZ6Y6y1xlnqXGCuVmmXpcpxE1aCYRjTgkchFREhG7mMQlJM5hADB4xmKNZcbOsrd3D4lL8IwWsIiIiIiIiHwcCldFREQ+Y8I4ZC0sc7k6y0x5ltnqHDOVWWZrcyzWlqhEVRpxiHPrtalshKgb/+eu368xaRXrQK6P7mwXnvXuyPWIiIiIiIh8XilcFRER+YxwOBpRg7nqAqdXzvLa5UOcWTlHKSwRJU2MMVgsGIPBYIy3sSUOjDEYY9Y/giNhI3DF4RmP/nwfjw49xJbi6F24QhERERERkc8XhasiIiKfAQ5HGDd5/fLb/HLqFY4sHacZN3E4DAbf3PhbduIcDkdgfAZyA0RJTC2uUY2qG9Fq7Bzd2SJfGT3I1s4tZP3snbkwERERERGRzzGFqyIiIneZA2Yr87x06RXen/+AqfIUYdRoFZ2ma/zXK1LXJTgSl+Bw9Of62FYcZ6hjkLWwzGR5kkpUvmr/Dt96DOT6OTj2BMVMAcO1+xMREREREZHbp3BVRETkLlutr3J86RS/nH6Vheo8zTjEfGjYlGv90wHOOQIvoCfTxdbiVkYKQxSCAvWozqVwlUqzSuSijfg0cQlD+UH29+1lvHMLvtW3fxERERERkU+C/nYlIiJyF0VJxPnSRV67/AaX1ibxjHd9sOrSaNUY8I1Pd66LkcIwO7u2c6BvP82kyemVsxxbOsHFtQkSl6SVqS6NV62x3NOzky8NP0rGy9zxaxQREREREfm8UrgqIiJyF1WaFY4vneSNmbfSYJU0RG3lqS2OpPWBvlw33xx/hi+PPE5/vo+zK+d5fuJFDi8cIUxCfONhjW3NuHLEJHRnutnds4u9fbvvxiWKiIiIiIh8bilcFRERuYuOLpzgzMo5nHNstFVtBavOOWIXk/WybCmO8ejggzwweICh/AClcI0fn/9n3p57j5nKLA6Hh7exvSPtyxq7mIOjT7C/9161AxAREREREfmE6W9ZIiIid4HDEcURp1bOcqk8hTFmY8iUa1WqetZjR+c2dnZt596e3dzbu5vebA9nVs/y7twHHFk8xnTlMnESp9tfNfTKuYTACxjODvJg/31s6RxLK1pFRERERETkE6NwVURE5C6IkojlxgoTa5dYrC1jjcXhcM7h24DebCfjnVt4fOhhDgzsZyA3QCNpcHjhCL+cepUTy6dYC8v4m/VoxYExdGU6eWr0SXZ176AzKN6lKxUREREREfn8UrgqIiJyFzSTiKm1aUphiWYS4VkPR4K1lv58Lw/0H+C3d36HkeIQnvFYqC3y/sIx/urk37ASrpAkyXXL/NfrVhPAMx5jhVG+veMb9OZ6rqlqFRERERERkU+GwlUREZG7oBmHTK5NUY1qacUqCQCPDz3Kl4Yf5b7+fQzk+/Ctz9mV87w+8xa/mHqFUlgCuOkS/yiJ2NN3D9/Y+gx9+V48492RaxIREREREfmiUbgqIiJyFzSTiNnqHPWojm/TKtMvDT/Kw4MPsL1rnK5MJxg4s3yOn0/9irdm32WhtrhRnWow63OvWr9v9XFNYkYKIzzYf4AHBu8jsMFduDoREREREZEvBoWrIiIid5hzjjAOma3N41mPXV07eHzkUb4y+iRDhQGyXpZGHDK1Ns0vp1/jnbnDzFRmN9oApEHqtRLnMAZyfp6HBg7w0OD99OV77/i1iYiIiIiIfJEoXBUREbnDnHOESZNSuMZoxwiPDz/KM1ufojvbBaTL+ueq87xy6TV+fumXlBpr+NbfqFq9Eqy61v4AA1kvx87u7fzG2EH29d2LQX1WRUREREREPk0KV0VERO6whISszXB/334eGLiPnd3b6cwUNz4/XZ7h1ek3eO7CPxG7GO8m/VUBYhfR4XWwp2cXf7z3D9jaOUbgqR2AiIiIiIjIp03hqoiIyB1mjaU7282z41+lP99D3s9vDKiaq87z2vSbvHTpl4RxA2s8jEkrUF2rUjVx6Qgs5xzWWMY7x3lk8EG+NPwI27vHyfrZu3ZtIiIiIiIiXyQKV0VERO4wgyEf5Njqj2FMunjfOUeURLw1+y7vzL/H5cpMK3B1JC4NVY0xWGPpyhToDIr0ZLsZyPezo2s79/XtZUfXNrJ+5q5em4iIiIiIyBeJwlUREZE7bL0S1VzVErURN5irzvOr6dc5u3qRrJ/FMz6+9QhsgGc8As8n5+UZKQyxtbiFbZ1b2dW1g/58LzlVq4qIiIiIiNxxCldFRETuMucc87VF/v7sj5muzpHLFOjL9TGUH2Iw38dwfoChfD992R76O/royhTJegpTRURERERE7jaFqyIiIp8Bvdluvjn+LM9sfRrP+OT8LBkvg288MsYjMJbAyxB4GXyrYVUiIiIiIiKfBQpXRUREPgNyXpYdnWP4UQOvtopdncetzUNYwUUNkiTCGA+8DEm2gMt1Yjp6oTCAyXdjgg6w3t2+DBERERERkS8UhasiIiIfg0tijIsgCnFRA5wD64OfAetjPB+w1zZY/RCDw4sa5GurJEsXcQtniObP4BYuQG2VpFnFuQSMhwmymFw3FPuhaxjbsw3bsxXTOYwt9GFyXeDnFLSKiIiIiIjcAQpXRUREbpdz4BJcHEJYIa4uwdoMyeoMJE3IFLDdWyDfi811QpAHP4uxPphNgta4iSvPkkweIpp4h3jxIq66DFEDFzchSa68tr6GK83B3KnWBwwm3403tBtvy4P42x7H9u3A5HvSkNfYO3ZbREREREREvmgUroqIiNwOl0CjQrQ8QXzxdZLZkyQr0xBWwcVp8GoMeAH4GUy+F9u7FW9oD3bkQBq6ZgqYqytLvQDbvRXT0Yfd/hSEVVyjTFJdwq3NkixPpr+WLuKqSxA7wKTHMRbCKsnMCZKFC0QnX8Ib2Yu380m87V/GFgbv2q0SERERERH5vFO4KiIicotcY41k/gzR5DskcydJlidx5QVco5IGq1xdkdoKQIMcycokyexJzIU3sX07sIO7sUN7sF1bMH6QBqR+FuNnMfkeXBJjkwjbrOEaZVxtFVdZJFmbS8PWlUskSxeJly9h4gYuSSCMIKzhasu4sExSmiOeP4e/7THs0F5sRy8YtQoQERERERH5JClcFRER+ShJjKuvEk0dJr7wOtHFQyRLkwCY9erR64JV0irWsIYLq8Qrl4EjmM5B7MBuvK0P4o3cj+3fgS30gZdtbWvS9gHWx/g5TL4XesbTNgRRA1dbIVk8TzJ3Env5GEnpMklpFhrlVvsAg6ssEVeWSJYncCtT+LuegrH7MV1bMEHuzt03ERERERGRzznjnHN3+yREREQ+s+ImSWWBaOItmu/9LfHMSXBxGoACOJfWqBoDODAWgwUDG99inQOSNHN1CTiH8bPY/u34B76Dt+0JvL7t4Gc3P4dNzyskqS4TXz5KdPIF4kvv4WqraQjrXBr1OgdJhOkdw7/3mwT7v4U3cE/asoAbD9gSERERERH5vCuVSgC8++67bW3/yCOPAOD92Z/92Z99YmclIiLyOZMsnSc6+Tzhob/CrU5jcIC9diaVSzDOpT1WO/ox3SPYnrSHqgmyGBwuCiGJrvRkBVytRDJzDGrLmOIAtmv01k/MWAhy2K5RvJF92K4haNZISjNpeGtaPVmthwtraWuC1WnswHZMtutKOCwiIiIiIvIF1Gg0AJiZmWlr+9HR9O9v+puViIjIDSTLk0TnXqF57F9w5XmcSzCYVpUquCTBBDm87lG88Yex3ePYQj9kC+Bl0nYCzSo01nC1VZLqMm5lkmTxAsnKFMQNXC0knngrrYCNY7zhvZhs50efnDEY40PGh+4teDszUBiArhHii4dwpbnWwCuTVsvWVkkuHyE89JdkHv8TbP9OzO1UyoqIiIiIiMh1FK6KiIh8mEtwjQrR2V/QPPUS8cJ5sB6GNKx0zoGLscVBvJH9+Nsfx259FNs5DEEe47WGVLkEl8SYpEkSVnH1NVxpmmT+LMncSeLlSdzyJZLSHO7cq7hmA/Po72OH991awNpivADTPYbJd2OL/TRzXSQX3ySeP5dWsaY9CnDVFaJzr2IKgwT7fhNvaC9YDbkSERERERFpl8JVERGRD3FRg3juBM2TLxBfPoZZDyBbwappLcn3tj5EsO9beNufwGQK1+/IWIxnwQuwQUdaWdq/E7Y+Qrw6hZ14i/jcK8TzZ6G6SvPEv2C6RwgyHXjD+1uDsm6dyRTwRh/EZAo0gxxJrYRbm9vYj3MO06jQPPoTTEcvpnM4rbQVERERERGRtihcFRERuVoS4SqLhG/+Ocnihes/7xLIFvG3PUbmsT/GDu2+/eX1QR6vbxdezzaS8cdonn6Z6OhPYfEczSM/weR7sX07MZmOti7B9u3E3/sNXBzSfOO/XtPnFWOhskg88Rama4TMvm+1dQwRERERERGB2yuJERER+ZxLyvNEF98gWTgHzXoaRl7Vu9QGObyh3WQe/7fY/u0YLwuYj9zvtdJBU/hZTM84wb5vknniT/B2PAFxk2TuNMnCmfYvwli87q0E93wV/75vY/Ld6dCtVuWtM5Zk9iTxhTdI1uYgjto/1g0kSZK2T/iY+4iT5BPZ1yfFOUfSOqc7bf1+rN+Lu3FPkiQhjuPP1DP5rEtcQjNp0ogbxEn8qR3HOUfiEsI4JHKf3nFERERE5FqqXBUREVkXNYjnT9M8/jxJdbkVSF71c8gkwfRtx9/7DbyRA2D9KxWhbTJBHtO7DTJFMvluog+ew1WXiC68gTd6f2v/bRwjyGP77yF44Hdwa7PEM8charT6xlqS6jJm9gTx5FuYXU9jvO7rduEcJEnMWrmMAaz1wEAYhhQ6OshkMlhrW7cmYXW1xMzMDBOTk6ytlSgUimzbto19e+/FWrsxCGwzcRxTLpdZWlpmYXGBxcUlarUqURRjrCGfzdHT08PwyDAD/f10dnVhjbnpPm8kDEPCMKTZjMhkAqI4xgCZTIZsNntlYJlzhGHI0vIy8/PzzM3Ps1ZaI4oiPM+j0NFBd08PIyPD9Pf1USgUNu7Hx1Wr1VhdLbGwuMDs7ByrqytUazWSOMH3PLK5LJlMlmwmQy6fJ5PJ4PseQZAhCAKy2QxxFNMIQ5rNJnEcsWf3borFIr5/a3/8i+OEcqXM8vIyc3PzzM/PU6lUCMMQcORyOYrFIoMDgwwMDNDf30c+n8fzbq2PbzOJWKovEcVx+iwxNJIQB/Rmu+nKdN7283XOEbuEhdoCURLjt3ol1+MG1lgKQQd9uV6cc5TCNdbCNZpJROQiPOMRGB9rbBpQJjFNFxG3gkprbPoa61MIOujwO+gI8vj2xvfT4ZitznNs8SQLtQX29+1le9c43dmu27quW7nutbDM+wtHma8tsL1rnH1999Lh5z/R44iIiIjI9RSuioiItCTVJdzcaZKpwxjn2Ag1nQMcZDrwRu7D3/k0eMEnd2DjYYuD2D3PQtQgOvcqyepUWlHqBW1lqwBkC3hbHsLb8hCuski8eBHjtb71O0dSnic+9yu80fvSAVrX9Xh1VKs1PvjgCJVyGQdYa6jWajz26KOMDA8TBAHNZpOp6WlOnjzFkSNHOHL0KEtLSwwODfKNr32d3bvvIbNJ6OicI2w2WVleZnZ2jslLk0xMTDIxOcn09DRrayXCsIm1lnwux+jYGLvvuYddu3ayY8dOtmwZo9DRccth4brVUomJyUkmJybI5zuIoiaFQpHt27exdcsWfN+nXq+zuLTExYsXuXDhAmfPnePixARLi0s0m00yQUBnVxdDQ0Ps3r2be3btYueOHWzZMnZN6Hw74jimWq2ytLTEhYsXmZy8xOTkJJOXLlGv12k2mzgHntcKtOMEz/MoFgvkOzrI5XJ0dHSQz+XJZjM0wpB6rUatXieOIn7wp39KPt/BR92uMAxZXV1lZmaWqakpLly8yIWLF7l06RJJnBAnaeCdyWTIZrIMDw2xbds427ZtZ9v4OENDQ3R3dxEEN/8aqUd1ji+eYrm+AjiMMZSbVTJewEMD99OZKaY/DLgNDkeURHywcIzVxiqe8bDGstas0J3pZFf3zjRcxTFRmuTk8mkqUY3INQmMT8ZmyHpZEpcQJTFh0qQeN6jHdQzgGY9ckKc3001vtpuhjiEGO/rpzfVgjb3ufJ1zXC7P8OLEy5xfu8hSbRlrbFvB8c00kyaXK7P884WfcakyxW9sOciWwpjCVREREZE7QOGqiIhIS7J4nmj+NC5qgJe5KvxwkETY/h3Ykf3Y7rFP5wSMR7DvW5At4pYncXEjHaZlbq0S8LrdGQuexbvnaeLlSVg4x/q3fmM8qJWILhzCf+B7mM4RjJ/78A5YXFrkL/7iL3j//fdZWV3F8zystfzf/9f/SV9vL9bzWFpe5r/99V/z0ksvcf78eSBtPzC+Ns5DDzyI73mbBknOOebn5/nVr17h73/4D5w4cZzS6irGGPxMgMG0luDHJInbqH4dGBjk0Uce5gc/+AH79u2lp/v6qtubmZy8xD889xx/+Zd/SS6XI4kT9u3bxx/8we8z+N3v4nke09OXefHnP+fP//zPmZmZoV6vA+B5XusemFbmni6N3zo+zrPPPssP/vRPGBsdJZu9zT68QLVW4/SZM/zoxz/mp//0T8zMzGCNZXBwkIMHD7J92zYKHR3UGw1OnDzJkQ8+YGp6mjiO8TyPbDbbCk99SqXVjfYFxhiy2Qzf+973gJsv5XfOsbS0xKuvvc7f/d3fceLkSRYXFwHo6+vjgQceYGxsDN/3WVpa4ujRo/ziFy+n1cyFIl/5ylf4zre/zVMHDzI4OHDz641qvDN3mEOz77DWXEufN47x4hhD+QH29N5z2/cQIHYxv5p+nQ8WjtJMmlhjiJKYB/sP0OHnOTCwD+ccR5aO8+Pz/8xqY5WMzWxUqOb9PPd07SLrZwFHLaoxXZlhOVwhStIqW0taxbq3dw8HR5/gma1PU8wU8D70tZq4hEpUZaY6Szksc2juHfo7+tnXuwff++T+GL5UX+HU8mmOLZ8gjEJKjTKVZgUY/MSOISIiIiKbU7gqIiICEDeJZ4+TzJ0Gs/m3R2/bY3ijBz7d87A+wfhjJKP3YzIF2i9bvcLr3Y7Xt4041wXN2sY+nXMQ1kgWz2P7dmA6rw1XDeBZj1w+j/U8kiTB8z2KnUW6urrwPI/Tp0/z//2X/8Jbb73F0tIS1qZBahRF9Pf3Mzg4eN0y8TiOqdVq/OSn/8TPXnyRo0ePkiQJzz77LPv372d0ZIRsNotzaV/PpeVljh49xssvv8zy8hLlcok33nyDU2fO8K+//32+8+1vs33b+C3fj85igZ6ubnAQRzFxHFMsFNg2Po61lp+9+BI//Id/4O233yaOY/bu3cfQ0BCdnUWSOGF2bpZLly6xuLiIcw7P81hYWOCnP/kpR48e5f/43/83HnzgQQqFWx9INjU1xY9+/GN+/JOfMD09TbVS5dlnnuHrX/s6Dz34IL19vWSzWTxrSRJHvV7n8sxlXn31Nf7+hz9kZmaGbC7H448/zre+9Zvs2L6dWq1KGDZpNps0myHbxrde2+biKustEH75q1/xws9+xmuvvc7y8jLOOb7ylaf51m9+iwceeICe7m6y2czGM15ZWeXsuXO89tpr/OOPfsTrr7/OiePHOXToEP/mD/+QPXv2kM1mNj2mxVDw82RsgGfS5fsWR97Pk/Eyt121CmCMIbABXZlOCkEHpXANiyUwBms9XCvkN8aQ8/J0+AXWwrQqO3GO4Y5BvjT0CN/e+S2yfgbn0rC22qwyU53j3bn3eW/+AxbqCzjnOFs6z2J9iWOLJ/j+nu+xrWsLWe9KsB4lEbWoRj2u41mPlbDExdIE51cvsqtnB55t7wcnV4uTmNMrZ3lp8pckLq0ArkY1VsLSx963iIiIiHw0hasiIiKAqy3hVqZwlQXM1Uu6nUsrR7P5NIAsDn36J5MpYDOFT3B/RWznMLZziHjxAqz3KnUOXEw8exJvy0PQOXzdpp5n6ews4rXCVd/z6OnqJpvJMjExyUs/f5lXXnmVRqNBT08v+XyeOElYXFggieNWf85rVWs13n77HV544QWmpqd59NFHeOThR9izZw9jY6N0dXZhPYshrbOs1Wrs27uXHdu388ILL3D6zGkqlQrlcoXnn3+evt5eRkfSFgW3stTaDwKCTIC1ZqNlrvU8nIN33n2XF174GUuLizzzzFfZfc9uRkZG6O7uIpfNkSQJpVKJ6cvTHDt+gl/96lesraV9WFdLq5w8eZK/+/sfks/leeCB+z+y/2jaa7bC3/3wh7z44oucOXuWer3Os199hu9+9zs8+eSTjAwP421S/Tsw0E+xWMTzPf76v/93ymtlJiYucvzYMZ4+eJBcPoc1hjhJiKKIYqGA719/Ps45KpUKP3/5Zf7l+Rd47733mJubw/N9vvmNb/D1r32Nxx57lKHBIXzfu6blwfDwCMPDwwwODtLZ1cmPfvRjLs/M8MorrxBFEX/yx3/Ezp07KRSufz8bY/Gsj7WW9GmnTzywAZ7x21s278AaQ+AFeNbDkr7XEweB9QlM0Dq2IedlyPmZjXuwEcxmuxkpDJHxroTCURIz1DFIb7abvlwPz0+8RKVZIYwaLMQL1KM6exd2UwjyjBVHN7ZrRCG1qE4jDjEY4iTiUnmKwwsfsLVrjJzJfez2AJcrs5xdOcdUZTqNow004gbVZvVj7VdEREREbo3CVRERESBZncaVF3BhLV2K3+Kcw1iL7R7Fdg1jsp9g6HmHGM+HXBem0A8L568UwxoAR7xwFldZAhdf14LAWkuxIx3U5JzDsx7FYpHSWoljx4/zyiuvUCwWefihhxjbsoXOzk6aUZPpqSly2RzdXdcP7qnXahw7dozVUol7793D7/3u7/L4Y4+RyWQ2DyN7exkdGWF861biOKbZbHL8xAmstZw4cYJDbx3ikYcfYteuXbc0TMn3fDJBWn1pjMFaS6Vc5uTJk5w5e5al5SUeefQRfvOb3+SeXfdQKHRcs9/1gHX//v1kgoAXX3qJ1dXVjerPX/ziFzz4wP2Mj2+lv7//pudSq9U4fPgwzz//AqdOncJaS2dnJ9/61m/crhuPAAAgAElEQVRy8OBBtozduAVFPp/n3j178H2fM2fO8uabb3Lu3DmaYciBAwd4+qmDDA5+9LLwSqXCqdNn+Mcf/ZjDhw+ztLREsbPIfffdx29997s88aXH6enp2XTbIPAZHBygs7PI4EA/Fy9O8N577zE1Pc3PXvwZw8NDfOc73+HePXuu60NrgJyfw2BY73CcOEfWZvE/RkWnIQ1JPbyN4zgcvvHJXtUr2bc+FrtxMsaloavbpHWCbz26s10UgnvJ+TkurU1zZPEYlaRC4hyl5hrvLxxlvGsrI4VhbKtCeD3kjJII0/rffHWBDxaOc3D0CYYKgxuB7+1ypAPnTi6d5szKOWpRfWOAV6hwVUREROSOUbgqIiICJIsXcI0y1/ekdOBnsIP3YHLdmJtMBv8sM0EuDYavqpIzmPRy12ZxtRVcHGH868PVIAjSae4GPN8jk8lw7NhxDh8+zPT0NH/0b/+Ir33tWcbG0l6jLklYXFpmeWmJjo7rB+okztEIQ55++mkee/QRnn7qqY88f2stw8PDfOfb36Zer3Pi5EmstYRhyOnTZ3j1tdfZtm3bLYWrQRCQyaRLvtMBUR6XpqY2ltf/h//w7/nd7/3PDA1tHkxaa+np6eHRRx5h9z27mbx0iQ8++IBarYa1lsXFRY4fP8F9+++7abi63vLgb//H/2B2ZoYkSegoFBgfH+fxxx5jdGTkI6/F931GR0b4nd/+baamplhcXOTyzGX+3//8n9m6dQu9vb03HfjlnGNqepoXX3yJQ4fepFqt4vseA339/Pt/9+94+KGHbhisXi2Xy7Ft+3a+/vWvs7y8zMrKCpVKhf/6F3/J6OgY41u3Xle9GlifvkwXnrU4EgyWhIScnyGwbQ6MM+n7Om+zBNYnwWFh4/1rbKstAIa41XYiHUQFGJP+u7E37EzrW5/B/ABf3fIUE2uTrIVlvFZofGb1HDPVOaIk2qh6rcd1GnEDh0vbHhhLNaoyVZnm1NIZOjOdBNk2w1WXUGlWeW/hA86unk8DXZeGyfW4QSVSuCoiIiJyJ9z+KFsREZHPoaQ0gwtvEEZ4AaZ7FILc5p//NWD8LAR5cMmHPmFwjUoaLMfXL+GP45hKpQKkQV4YhkxMTvBX/+2vAMf/+h//I//mD3+fHdu3kc/l8KzF8zwGBvrZtWsXY5tUXhYLBZ588sv8zr/6LR5+6KHbuo4tW7ewf/8+du7cuVF1evnyZd588xDlcoU4Tj5yH1EcEScxgX9l6fnq6iqzszN8//d+j688/TT9/X0fuZ8gCOjt7eEP/+AP2L9/P1EUAWkrhWPHj3PkWNpL9kbq9TrT09O88uqrVKpVjDH0dHfxnW//T/T09l5X6XkjuVyOB+6/n6HBQbLZLEmccPHiBY4ePcbs3NxNt63Vahx+7zB/87d/Q6ORPv+enh4efuRhHnzwQbpuY1iY73k8dfBJ7tm1qxXoGkqlEu+8+y4fHDly3esTHA0XYbAYLGAIjE+YRMTEt3zcq61Xh2a8AK8VNq5/PMYRxs2N12ZsQMYLSFyCA+Ikwbc+vZku7E2W6mdswFB+kKyfvbKk3xgacUi9WaeZXDlGIw6pR420Av6qcyw3y/zLxEvMVueIk/auNYxD3p59l4nSJNWo1mqt0Dpu1KAcljetwhURERGRT5bCVREREcBVFiFucv0AKYexHqZjEOP/+oarzvPBz7bC1Q8FLnGEC6u4Zm2TLQ3G81oVr4YoillZXsFay759+3jqqYN0dnbiXxVUGmPwrCWTCTatmsxms+y7915GRkbo6Lj1oU8AmSBgcGCQe+65p9WHNA0pF5cWqdZqxPFHB1W+7xP4wUYVr3MOay3dXd0cPHiQrVu23FIFLKRVrPfff4Dx8XEy2czGvhYW5pm5fJlms5kODtvEWrnM9OXLlEolkiTBGENHR4H9+/eTy2Y33eZG19PZ2UlfXx+FQoHEOaIo4tjx40xNTd1023PnzvP+Bx9sDK9yDkZGRjj45EGKhcItB7yQVgAPDgxstENYv6YTJ05w7NjxGzybtDXD+vAqB3jWb4Wt7THGkJC0KlHX9+sIjE/uqmFTWS8gYzMkLtn4krCtYPZmw7SMsWS9zMbS//Wna8211wJQjxrU48bGq0zr/JpJxPm1i1xam6bcrNz2NUZJxHJ9hV9MvcZiYzmNlNd7KWOoxw1KzTJREqXXJyIiIiKfGoWrIiIigGus4Tap3DTrlW9e5pol9b92nAM2qVp1Lg3/GmVobBLyGPB8fyNki+OYWq3GvXvu5f7772d0dPT6bT6C7/v09vaSy7U3zKfYWWRsdBS/FYDGUUSjXqdWq5LcQhVgJsiQyVwZVuSco6Ojg23btrFr506Kxc7bOp+hwUHGxkbp7eltBYqWSqVCqbRGvd64cbi6VmZ2dg7XCryNMWSzWYYGB2+6lH8zQZAGrPl8fiPgnZiYYG5u/obHj+OYk6dOcuLkyY2P+b7PyPAI9x84gO8HN4kYN5fL5RgZGWV4aAiXJHiex+XLl7lw8QLlcuWac1nvjWrWG66aKyGob9rvuQrgMOnXq0n7uSYuHZSVtVeeu2d9POtdF47GrUrWG+/bUY8a173XCn6BYlC4pqVBLapRveqHFuuVpEkSU26WObp0nEtrUyQ3eEY3shaWOb1yltMrZ6g0Kxu9Yl2rL0A9blBulmnGkWpXRURERD5lCldFREQgDVY3qep0BnAO16xCm8t3PxOiBoTV1sCqTSKzsNUa4EOMMfiez0aDUtKg6vHHH2P37t23Vdn4SclkMvT09GBsupQcY0icIwybJMlHR0m+7xMEVwKwJEno6upiz549FItFPO/2rimbzTIyNMzIyEgrKIVmM6LRqNNo1G8YblarVZYWF1v30GCswfPsNe0KbpUxhmwuuxEaW2tZXl6mXC5v2prAOUe9Xuf8uXNMXLiA53k458jn8wwNDTE6Noq1tx98G2Po7++nf2CApBXylstl5ufmWVpeujZcNYacTQeLpR93JC4hY/10Sf/HkFa/pqOs1gXWJ7hqoNX6uazXmlqTBq31JOS66u6rNKIGl6uzhK7Z+ulL+gOKrcUt9Of6rjlGuVmhGlXToXg27ee63rrAMx7vzL3PqZWzNKLGLV9b4hJmKrO8NfMu1aiGweBbr1VJm+47SiKqzRphHN7w/SciIiIinwyFqyIiIgDWu2FlqkuauPIMLqrf4ZP65Li4iQtvcP4uwRmD2yTQMhisZ1sVgGlIk8lkGBsbo6+399M85RvKBAGFQiGNzq4Kjqy1m+bGH+b73ocqQx1dXZ3s2LkT37/9ikljDH39fQwODHB1jtVsRtRuUrkaxxGNsMHVJ+0cNKOorUDMJe6a7ZIkbvXzvP6mOOeYnZ1lZnaOcqWCtZYkSRgeHmbL1i0UOjraqioG6O7qoqe7Z2N5fJIkVGs1FheXrgl6DYbA8zfOb/3UPeNtLLlvl4+H5cp71uHwjCUwV557IwkJk+Y1VbLp0CmPm93+UrjG6zOHWGuUwaXBvjWWp0afYEfXto3XORyrjRKrjVUshpyXo+AXyHgZHA6LZbG+wJmVs5wvXbjlays11ji5fJpXZ94kdjHdmS76sn10+FcGhsUuJkxCanE9bZEgIiIiIp8ahasiIiKQ9lPdtKrT4KKIZPEihBVumrp8hplmffPKVNIekrgE3CaVuYaNaejOpX01Ozs76Sx2Ely1tP5OqlSrzMzOkLiklYenS+o9z95SINhoNGjUrw2ac7k8w0NDeLe5HH9dNpsj11qSv/4ecXDTkLRYLDI0ONgKHB2uVXWbCTK3HWwmSUK1WqXRqG/8jCCbzZHNZDYNnJMkYW5unlKpdKUXqnN0dXXRfRtDrDaTz+fp6Ming6JabSeazSb1+rU9fQ3gGduqL71yz9YrMD8OawzW2Ctfri59n5vNfoDQah/QehHrfWA/zDnHpbUp3p59j6NLx6lGNRISBvJ9fHP8Wfb130tXtqt1OEczbrIallhrlrHGY7hjiKdGv8y+vr0krA+4Mpxfvcg7s4eJkuiWBlCdWDrF0cUTNOIQHDwx8iiPDT1Mb6574zKSJKEZN9P2Beq5KiIiIvKpau9vECIiIp832U6Mt0mPSWMwLsKtXMLVVnFJhLlq2e+vAxc3SWqrUFu+cd9YL8D411+XwWCtl4ZNzuF5lkKhSC6Xu+WhTx9XkiQ0m01qtRqXL89w6K23eO+992g2o40QzBpDEAQ3nfK+LgxDGo0ry7CNsfieh+97bUd6SRKTxFF6T9bPqbXM/0aKhQJDQ8Mbv18PIdfK5Vtqb3D1dmGzyVqpRLVaTfuGxjF9fX10dnZuek+SJGF+fp5y5UqfXWMtlXKZM6fP8OKLLxHFEdam98XzfDxrMNbD2nQZfxLHxElCHMdEUUQcxwS+z9TUNFNTUxstI5xzxHFMGH54ifq1w58MBothvrbIiaVTVKMKFtsaANXc6IVqjcUjHWaWtFoJJC7BAL7x8a3H5cpMa8l8K6Y168f40L37cBuQVhi8HgzHLqGZNKk2q1wqT3F08QSH5z9gqb5MxsswXtzKgwMH+I2xgwx3DJJp/bfBuTRcrURV6nEdayzFTJED/fvoq/RwoXSR1cYqxhkW6kucXDnNZOkSo8URcjcYnJe4hHJY4cTyKc6tnse3HmOFEQ707yeMm5xfvbBxfx2O2MXUo3raG/bOfKmKiIiIfCEpXBUREQFscQAX5HAbFWUpg4EkJi7NEJdm8Bpr0NF3186zLc0qrrJIUlm6tiLPXakXNJkiJrPJICfDlZCMdPJQNpvFD/xPtN+qc+ky+SiKCJtNmmFIvV6n3mhQLpdZXl5mcWmJkydPceTIEU6dOr0xPMqYtJ+ltx4Cf4QkSYji+Eoway3OOWr1G/dH/SiNep1GGOK3epcCeNYjuEkVaqFQZHR0hO7ubsKwQRyHVCoVTp8+zY4d28nnNw/ZPiyKIhYXF1lYXKRWrQGGJEnYuWMHQ0NDmx4/SRLm5ufTMLb1HNeHT7388i84cuQIYRjiBxmy2SzZTIYg8FvDzdJwNWpeeV5hGNJshmSCDJVKhcWlxdb5p+dirb0mSN2MMWlLgInyJepxje6FLjzj41lLIw5pugicwbNXBl7FxMQu/WUdZGxAzstyYW2StbC8aaXq1RxsJK7OOepRnZnKLGdXLhBYn2bSZC1cY646zweLx7hYmmAtLDNaGKY/189jww/z6OBD7Ozeft19bsQh9ahOIw4JrE/WyzDUMUBnpsC51fO8Ofs2xhgacYPpygyvXT7E17d9lWE/u+m9CuOQ08tnOL1ylrnaAsVMgS8PP8au7h3MVObI+Nn0Jjq3Ea7WopoqV0VEREQ+ZQpXRUREAFscJN6sYsyYdEhRGMLSRZLSZbxfs3DVVZdxlUWoV2CzalNjMdkCBPlNtzcb4dO1v/94C7evOj+XBlvVao2FxUXm5uaYm5tj8tIkFy5c4MyZs5w/f54wDCkWi3T3dDM2NsbExMRGD8/1ifC3mo1eHYSth6vXV1behtZQJsf60naD5/tkszcLVzvYMjbGnj17OHXqFPV6GiS//sYbPP3UQXpucXl+vV7nxMmTLC4tETab+L6PNZZ9+/YxNja26TbOOVZWV6k3GhhzZRl8vdFg+vI0l2cuEwRBGqT7Pp7nEQQ+cZy0Ltfg+z5xHF+5Z87RaIQ4k743urq6SZKEXC5HZ2cnudyNw2LT2qcBGnGd2eo8C/UlbGsAlGcCAhvgt8LSpouIXYxr9RNNB4mZVvUrlJtVoiRKQ8qbvFE3Kltbv5urzfPypV9wcvkkHh7VqMZibYlyVMa3Pv25Ph4cuJ8D/fu5r38fo4VhOjb5uklcQrVZJYzDVlWt2ei3OpDv59Ghh3l7/j2acYTFstoo8cLky9w/cB8D+X58e+0f0Z1zVKMav5x6janyZQyGDr/AV8aeZCDfz3JjhQ4/f80IryiOKIdlYoWrIiIiIp8qhasiIiKA7R1PA8ZNk5g0gommDmP6duAN74ePOXDnTooXz5GszeBIMB9aH2wM4GchU8DcIFzdCFVbv1wrxPy43WcbjQaXL1/m6LFjHDt2nHPnz7O4uECj0cBaj4GBAUZHR/nmN75BT08PHR0d9PX1UqlUOPz++0xPTxOGYSsYdIRhI10CfdvSK7mVlgI33IP7UMWzMSRxTPMmga21lv6BAf6XH/yA//T//CfK5TUqlTKHDh3iwsWLdHV1USwWb3rcJEmYX1jgH597jpmZGcCRzWY5ePAge/feS29Pzw23q9WqRM3mxvmHYcizzzzD008/za6dO3GA7/v4voe1Hp5nccmVpfmmFUo7l6TDtKAVtqatApLEYa3BWkt3dzejI6MfGiR21f0DkiRdjv/wwAN8efRxtha3XBVMm42gNX19shFmr+/BtXZkgJ9P/pLDC0eYqc7imRuvib+qRW76TFr9XifWLm30gm0mEQkJ+/v2cnD0Sxzo308hKFAIOsjYzVuEOBy1qE4Yp8/fGkt3tovAC+jMFNnRtY17undyoTRBo9UXdbmxzNHF4/Tn+9hSHL1mf7WoxoWVCU6tnGG1UWIgP8Bjgw8xWBgk42XI2AxdmSJcFa9GScRKY5UoiW54/SIiIiLy8SlcFRERAUzXKHT0pQFj1OrHeXXYZj2SpQni2RMkK1PY3vG7c6K3wzlcEhFfPoZbvcyN5liaXBcmW8T4mwyoclcNZbpq+XTrE22dVrPZZG5unjcPHeLo0aOcPnOGyclJDIbR0RH27N7N8PAww8MjjIyMMDAwQE9PN/l8nnw+z6VLlzh/4QLWpkGSMWmAd3UF5m0zfOSy9ZtJj5/e3/XzMK1q1pspdHTwpccf42tf+xrOOc6dO8/c3Bw//slPcM7x0EMPUSwUNt02iiIuTkzw/AsvcPj991ldXaWjo8Ce3bv519//PtvGxwmC68O/jb6c68+RK31RR4aHefCB+zlw4ADOpddl7fXXY8xG1H7N/taHeK2HsIb1fdzK83EkJHRnutnRtZ09Pfdc+dRHPJorvUbTlx5dPE7Wy7bO59Z+EOCAnmw3O7t3UgnLnC9dYC0sp31fMayGJWKX0Jvt3hhcdSNxkrAartGIw7TViLEUgwK+8dLq1Y5+vjz8OIv1JepRA1rL+A/Pf8D2znGG8gMEV/VvXagtcmjubRYbyyQ4thRHeWLkMfJ+B9ZYsn6WzqCINYb1Gt5mEjFfW6CZNG/h6kVERESkXQpXRUREAFvox/ZswRYHiJcmwdqNPGd9mrhrlElmjhNdeJ2gcygdbPVZrmCNQ5K1WZKZYySl2euCrbS/rMX2jGHyPbBphZ/bmGZ/JV2l7bLVRqPBpakpXnjhZ/zL889z5sxp4jhmaGiYJ554gie//AQPPPgAoyMjZLPZTfu6xnFMuVzZOB9jDJ7nEwSZW+oD66765yclm8mSzWaJonSo1Xrga+3NJwn5vs/AwAD/6rd+iyAIeOmlnzM9PcXPfvYiUTOiVFpjz57ddHV2EQQ+YIiTmEa9weSlS7zxxhv89J//iYX5Bfr7+9m7bx9f+cpX+MbXv4bv+5uGmeshZ741lMw51/oY6QA3a8lms7d45Z9Ac4irVu47HLbVHuB2gvIPv9Zwq0G7u+bfu7Jd3N9/H72ZTl6c/AUnlk9RaVbxjOVSeYp35w7Tm+3mSyOPEtigVel6vdjFzNcWqEW1jfMpBkV8k/7RuzMo8uWRL/He/AeUGms0khDPWM6UznNi+TTburaytXMLAJVmhfOrF/9/9u4sSK7svu/895y75J6VS1XWvldh7wbQC9ndaLIlmiJlLSOTlh2WrXlxjB+tefOMIxzzMDNPtiPsCcuKmXGE9SLZw4mRRIWtkMSm1Vx6UXezFyyNtYBCbag9l8o973Lm4d5MVAGFvVukrfOJKBCoyrx5twQbv/yf/5/3Nz6i5bXpj+U5kp3jeO4oRvj6EWmTsBIHPiBwlcdWY4e213nMs6hpmqZpmqY9DR2uapqmaRqAtDDyU3jZMdi9zaFVnsLA37mFc/VNjKkvI5MFhPV4Q4f+yimFalfxVz9BVdZRTjMIgw88BpQA2T+LiGcPVurefUivDcA9332q3dra3uadd97hd37nd2i1WkjDYGxsjG9961v88i/9TcbGxjAeEZC6jku9N+U+2OegJ6j1yAFG3WcI7qnC7K4pf0qxWIx4PI7jdBAiCIW7PUsfJ+Q7fuwYqVSa8fEJ/viPv8uli5f4kz/5Ey5eusTPvfEGx44doy/swdpqNdnY3OKtt97i0qWLNJtNUuk0X/va1/jmN7/Biy+8gG0fUoW8j5SSVDrdC1GDMNigVq9Trzee+jw8le5pD1e0+8p/5uj77jV9+AsH1c+9Z6GUwjZsXhp6gbrToOE2+ax4FUNIPN/n4s5ntP0OE6kxCvECUfPwELoXrnqtIPyXkrSdxDSC//S2DIvh5CDHckfYae6yUlvDlCZtt82N8gJjyRFGUyMIBBv1zWCIVWsbFBzLzHMqd5yEHe+9niktoma0F64KIfCUR6VTxfGd8IOUz6tLsqZpmqZpmrafDlc1TdM0LSQH5jEKR3Bvvnv4A4QA5aFKyzh/+btYL/8mMj/9WIHeXzXldfB2F+l8/B38RhEOq6AUIKSJzM8gY4f35oTusKCD2evTdARotzt88OGH/If/5zs4btAHsjBQ4PVzr/O3v/0tMn19jwxWIaj2jEajKBVU1QaVqxLbsg7Lh+9j2zaRaCQ4iPAJSilc92n6tQZ8P+gzKoTs9V81DOOBPUYPUygM8NKLL9BqtlhZXqVcKVOtVvnRj3/Mu++9t29ZflBFnEwk+bk3fp6jx45y9MgRJibGGejvf2SwSrhvoyMjpJIpfN/HCAedNer1fcH1F00dmGTfvaeCwWTPFq96ymd/RBvktj4++4c73R/A+sqn47WQQvDy0FmabpNiq8RWYwshgj6mq9U1/r8bf8zfnv81JlJj91eEK4Xn+xRbJdpeG4HAFCYpO4m1b1CVEIIXC6e5U19nubYGgClMbu+tcH7nEl8eepGYFeNy8Rofb11AIknaSY7l5pnpmzzwmlJIbGkf+LvIVx51tx6Eq2F1sqZpmqZpmvb50+GqpmmapoVEsoDMz2DkxvEr6wfCN7hbDadaVdxb7yLiGcz5n8cYOgHyZ+j/UpXC372Fc/0t/J3FcNTPPcGK8hGGhUz1I3OTEEk9YFvBoKGA6FWyPo31jQ2uXrnG0u3bveX7k5OTfOUrr1MYGHj88EcE4aDyu0FZUJXX7Q36KLZt3w0glcIPr/PjVpkepuN0aHc6vd6ihG0BDEM+1jY9z2Phxg3efucdfvCDH3H8xHGOHj0a9k01cV03HBLlI4TEtm360mky2Qz9/f1kMxkikUgvJH0UIQTj4+NkspnwFldIKdnc2mJ9fR3f9x+rxcKz6A6LCuuHw18Fvro3BH1ybhiu9io5CfqguvsGntnSwpIWru9iSqP3WN8PhmVlohleKJzB9T3+6OZ/puE28PGpO3U+2b5IITbAV8fPMZ4aO/DuUkDH61BpV+h4ThCuSpOYFb9vuNZYapTZvmmulRbYamwjhaDpNlmtrfH+xkdkoxmulxbYaGxiS5uXCmeZzUyTtA8OOrMMk6gZDdoUhDvjKZ9ap07H6+D6Hrbxs/chkKZpmqZp2n8Lfob+JahpmqZpP13CjCKzExgTL6KuvInqNO9fKi8EyvdQ9SLuwo+DnqtSYgwef0DP0r96fnkZb+kD/OWfgOcipHHfcSilkJEkcugkIlU4fJhV8MigclXt/04QjD1pxrp+Z531jXVc18W2bYSU5PvzTE5OPFGo6fs+Tqc7KCgM5MLK0ccNfvcvkfY8D0NK4on4UweK7XY7aHOwb3CTr3xc1w3bFTz8+JZXVvjhj37En3/vTVZXV/kff+u3OHfuHGOjI719cl23V4Fommavt+vTkFIyNDjIwMAAsXicTruNlJKtrU3W1tao1xskk4kvtNrRV4q2112yDoR9Uh3lHqhofRqe8qB3fwTb9pSHu2+4k4HEwAjbEBiAjwBsGfSqFQiGk4O8PPQCK7U1Ptr6lGqnGiy3b1f4YPNjcrEcCTNBPpbdd1weHa9NtVPF9R0MaWAIg4hh39eDN2bGmEpPcjQ7x2ZjK4iDBZTbZd5d/0tSVorFvSU85ZG2U7xQeJ6hxCDGPdvpbV/IYKiVCqqCW16LttvBVx5w/3AzTdM0TdM07dnpj7A1TdM0rUsIRGYUc/ariFgfSHno+nchBMIw8XeXcK//Bc7lP8PfC/qa8oyh0NNT4LuoZhn35o9xr7+Fv3sbDPP+9fzhsnWRyGPOvo6MZR84mEvRrVxV++LI7vj1J0tXd3a2KZVKyHB5u5SSiG0/wfCkgOd5NFvN3tAoRBCudjqdcPjWw7muR8dxgvMiBCqs0ozH489QuerQcTpIGe4TCuV5OI7zyMDX933eeedd3vz+91lYuMHc7Cznzr3G1OQEtm1jmmavFUIsFiMajT5wWNXjEkKQz+eZnJykMDCA5wXnoFQqsbS0xNra2mOdy2ehULT8Tng/BqGiFJKO7+I+4/vI98OANrxVhRA4vkvbuxuu+ig85fUq0j0/eHzUiPTCd1OaDCYK/K2ZX2I8OYJlWKCC7y/u3eajzU+4XryB598N9j3l0/LaNNwmju8GS/YNG0taiHtuBSEEE+kxnsufxJZ2OMxLUO3UuLDzGe+s/yV3ahtEjQiD8QFmMzOk7furzKWQmNLEQN59WypFx+vQ9toHKnY1TdM0TdO0z5cOVzVN0zRtHxlNIQdmkaPPISLJh4el0sDf28K7/hbtH/8O/va1IGD9KVC+h1/doPPJd3Av/Qn+9sIDA9MgHbKR6WGM0TMIK/aQDYcDrQ77wRPqOB0cpxOE2GHA6vn+E4d4vufR6XRDsruDqYLV/Y8OHDtOh3a73fuzkBLf96k3GkGLgKcghcSQcl/1rLI1L04AACAASURBVMAPz93D9sn3fZrNFu+++y63bi0Si8XJ5XJYpvWFLssP+tQanDl9mrNnzvaqYpVSrKyu8ON33sZxnEdv6DH4D73GflAFzd07yvNdvGcIAxUqXOYfBJ0AEkHb69D0W73Htb0Obb8TLKXnbkW26/vsv+Ntw2I0PcLXxt9grm8GVwX7ZkiDS8Wr/GDtbbYb22G1LDieQ7VTo+0H1dVSSCKGjSXNQ/sz99lppvomOJqdJWpE7gvjPTzysRxfHXmNbKTvvqrV7vGZ0sQ27Lt9hMPndrwOnu8+9fnUNE3TNE3THk6Hq5qmaZp2gETEslinfhWRHQ+HWKnDs0QhwPfw6yW82x/S/vH/hXPhj/C3b4Dv8izT559EUK36Nu2//F2cS3+KX15Dec79LQ3CPVKegxw6gTn3OjKRf0S/WIXjOgRLrLvDn57uyOxIBNuO0H227/vU6zVKpfJjb6PT6bC1vcPi4i081wuqHsMK1mB41KPDVafj0O50en+WUuC4LtVq7amrNT3XxXEOBliPU1jqui67u7uUy2Xa7Ta+57G1tUWz1cTzvthqQyEEM9MzvPDC2V5rBiEEm5tb/PCHP+LqtWvPNNzKdV3W19e5fOUKS8vL978+AltaqO5gK6XwfA9TGphPOSSuG4q6YX/a7u3gqyDkNPe17uj4HTqegwyrZg0RtA6oOrUDAadAYEmLs4XnOVs4zUhiGNd3EUDbbXGttMB/vP6H3Kmt43gOba9NsVXCCatnDSRRI4IpzUMDcykkA7F+vjb+Bn2Rvl4P2m7Ya0ubofgQZwuniVmxAy0t9m/DNqygNUC3d2z44UW5vUfdbTzV+dQ0TdM0TdMeTfdc1TRN07T9hECYEYyhE5iTX8JpVYPl9dI8PLYTApSPau3hrV1AOQ386hbG8HPIwhFksh+s2KEVa8/Ed1HtKn5pFW/9M7yVn+Ctf4aql8Jl0Ie8nlIIFCKexRh9HjlyBoyH92FUKpy0ru4OsvI8D+U/+UT3gf5+crnsgeetr29w+fJlTp08cXcY1KH7oXBdlwsXL/L+B++zsrKK63m9Zf2+7yOkeKxAU4V9ZH3fQ0qJUuB5Lp12+9A2EI+j43Rot4Ip893wWBrGI/utdgPN7u8dx+HO+jpvv/0Oe3tVCgMDRCI2pmVhmWavt6wR9lw1wrBufx/WJ6l4TaWSPHfqOb7xjW/wn/7Tf6ZSKdNoNLh58ybf/e53+eY3vsnxE8fJ9PU99jaVUtRqNZZXVnjrrbfoy2Q4dfLUfY/zlU/TbeH5fnDdwlPn+m6v4vSJKcJeox1c5fWCxl5f1/29g1Wve3AYWAbhattrH7JhyEYzPJc/Qbld5ntLfxH2MVVUnSqfbF9gJDHIK8NfwhQGe50qvgqqmE1pEjWiGMI49O8QIQQJK87J/HHeW/+QUqtM020hEXj4DCf6me2bZiDej3xAXYSUBpZhE7diGNLA9dxeCFvp7NH4KVXUa5qmaZqm/XWgw1VN0zRNu5eQiEgKc/4NaNfo1LZRTuvBy87Dno34Lt6dy6jdJbzV85hHv4YxeAyZHoZYHxgRhGGhxONNkD9AqaBFgddBdRr4jV384hLu0od4Sx+iyqvhvpiHB4zd0FBI5MhJzLEzGNnxR58KAZZpoJQKl8wrXM/DfYLhUV1jo2OMj40TiUbxwx6fa2trvPfue7zyyisMFgaIRqMHwsFu64BWs8nyygo/+MEPuXjxIpGITaMRVON5vke73abZDKo9gwrWhxxT+OV5PkLI4DU8P1wa/0SH1NPpVsOG24Ng2bhlPTy8NgyDvr4++jIZotEozUaDUrHIH333u9y8eYvZ2VnS6RTxeAzbtlG+ot3pEIlEiEQiGFIiBJiWTTweIx6Pk0wkSCQSwc8fMfRKSsns7Czf/ta3WF1Z4dPzFyiVSpTLZf7gD/8QP3y9kydO0NeX7vV6PWyb3b631WqVhZs3eefdd/mDP/gDfvVXfpUXz75w3+ODwVB7+GFVtEBgSEnLa+P4T9mSICw0b3ntsLpU9K6347u9Jf29VhKo4PUVvQpan8ODXSkks5lpfOVxvbTAam2NttvG9z32Onv8YOVt4maCidQY5Xal19pACknUjPbaDxzGkhYD8X6OZudZq6/TqN0JPiBRgsnUBMdy80G/1wcedlAFnLQSd19HgFCw16nS9FoPfK6maZqmaZr2bHS4qmmapmkPYAweB6eB3yzhXPkvgA/i/n6HAN3SO2FIlNPE37iMt3EZkRzAGDmFOf0qxuAxRGoIGUk+smL0Pr6LalXwSkv4yx/h3v4A784lUF5QdycNHr4kPlxsHElhv/D3MEdPwyG9G+87rO5y+7Afp1LgOg6e5z7xEvrh4SFOnjzBkbl5Prv8GUJIqnt7fPiTD/k3/+bf8Ju/+Q84duwY8djdHrCe51Mul7l2/Rr/6l/9a9LpPl599TVyuSy//du/TbVaxXF8ypUyCwsL9KXTjxyQ1Wq3abXawfCg8MtxHPaqVfyn6PXp+35YCRt8GYZEKR/P9x55jqSUJJMJTj//PCvLy1y9epVoLMaNGze4du1asFzdCK5TN9zvDvGSYcAppSQSiZBKpRgbG+PE8eO8fu4c8/PzZLOZR4bNkYjNzPQ0//R//qf83//u3/Hn3/seOzs7KOXznf/3O3x64Txf//ov8Lf+u18ln8sRi8XuC1dd16XZbLK8vMxbP/whf/qnf8bly58xPDzCkaNHmJyaPPzc4QfxZtCmFhB0/A5eWPX55B9CBL/4ysXHC9oEiOAcdfwODbcZPkzR8R0cz0Huq2/1lI/jORzWZRiC/qtTfRP8wxP/gP/z0u9ye28laDWgFKv1O7y3/gFrtTuUWmV8/LDdgBEs15fy0CX9QC9cfnXoZW7vLbNSXUMJiBgRZjPTHM3OP/SwpQh6riatFIYw7lboCqh2arRcHa5qmqZpmqZ9UXS4qmmapmkPIfOzWCd+Cb+6hb+9gGrXwyDzYcTdELZVxV/5FGf7Jk4kiUwVEJkRZN8IIp5DRNMIOxH0PfWd4HlhL1c6NfxmBb+6jV9ZQ5VWUM0yNPfwW9WwBNPgATnQXWE/S5kbx3r5v0cOzIEZfazj91yXnZ0iHafTq0y0LCt46ScMvgzD4LlTz/Hrf+fX2fvdKhvrG3Q6HeqNOu/95XtsbG5y/PgxpqenSafStNttlpaWuLGwwMbmBnOzc/zC17/OiePHqNZqTE9Nc/XaNRqNBtvbO/z2v/23vPbqa0xNTTE4NMjr585hHlK56bourXYbx3WDoT+eR6vVYq9Seaqeq77v02g0aTQa+F7QB7bTcei0O3Q6DpFI5JGtAb75zW9gWRbf//73uXzlSm+7al+orYJfcPcFqyL8vecF1bt7e3ssLi7y4x//mNm5Wd746hu8fu41BgYGHnlt+vv7+Y3f+HvMzc3y5vf/Cx9//HFwDW4v8Ud/+Ae89+47TIxPMjY2ysDAALZtIw2DRqPBxvo6169fY2Nzk1KpRCqV5jd+4+/z1a98heeff47oIYG3r3yaTisYuKQ8DAw85dF0W0FFKD4Gj/4AYD+FwvFdqp06DacV9FpVhP1PvV4Ft0LRclvU3Sae8hAi6NfbclvstIoPfUvFzBiTfRO8NvxlOp7Dau0OhpBIIbldXWa9voGn3CCk3VcR+zhl0fl4num+Ca6XF9hobHI6d4qp9ASxx3i/CsAyrKDXqvIxhAQU5U6ZmlN/urBa0zRN0zRNeyQdrmqapmnaQ4hoGjl4DOv5b+Fe+fOgr2lr7+EBq9hXn+Y5KLcThKJC4pdXENsLyHgG7ATCioEZCXu6BuV7CgW+D24T5TRRzT1Usxxsw3NQftg/cl/AdqhumKN8ZH4ac/4NzOlXEbHsY1WtdpdOm6bBYGGQWCyOlBLP8/F99VQDlwqFAq++8irtdpuffPgTrl2/zsb6Oru7u9RrddbX1+nvv0g0GsH3fHwF8XiMF86c4bXXXuP06dP05/NUazW+/e1v8/bbb3P9+nWqtRo7O7vcWFjANE0y2cwDwyzlK2zbYnh4mGQyied55LI5/KfoI9s9T4ZhkMlkmJmdRQqJr3xi8XjYauDh2xRCMD42xldeP4dpGvhKcfXqVVzXxbZt4vE40WgU27aDvqpS4rgujuPQbrVoNptBWOw4QUi8t8fm5iZb29uUyxUq5TLf/va3SCQSvSrYw/YhErGZnZkhmUiQy+U4dvQoN2/eZGVlhZ2dHTY3N1lcvE0umyWVTgdtCpTCcRwa9TrNZpP+/n5eeuklThw/wenTp5mfmyWZTB76upa0GE0O82Vepu0HfU595ZO1M/TH8jzOcLJDjgSA2cw0MTOKEOApH1/5jCVHKMT6w4sGw4lBXiqcpe21e5WqMTPKWGr0oUv4pZAkrAQvFc7Q8RyWqyvY0kZIgVRBBakhJK7ycJVH0koynZrAeIz3XMS0OZ47SttzWKqu8FLhDGPJkcd6btSMMp+ZBQVNt4GQAl/59Efz5CLZxzh3mqZpmqZp2tPQ4aqmaZqmPYyQiHgW6+jXwXNA+Xhr51FuG+gOUHpICCTEgbHxql1HtWqo0urd73VDUmn0qkwPBINhy4Hu43icgUUqjIuUwkgPYc6ewzr2C8jU4GMeeBC42bbN0SNHyOayYY9SQbVaI5VO4/tPHkRGIjYT42P83V//daYmJnn/gw+4dOkS1WqVVruF53lUKmVarQixWJypqSleOHuW18+9RqFQwLZtAFLJJL/8y79EoVDgk08+YWtrC6UUmWyGiYlxxkfHHthvNB6PMTU5xdf/xtfo68vg+T6maTI2OoppPmG7htDo6Chf/vKXEQRL0JutFrOzM0jj8frrdjodTNMkm8mSy+UYGhoiYtvkcjmyuSzpdJpEMkk8FsM0TFrtFo16g1qtRrFUolQqUSwWKZfL1Ot1hBBUKhU++OADKuUyMzMznD17llQq+dD9sCyLsbExBgcHefGFF/n0/HkuXbrEzZs32S0WabVatFstdna2EQgsyyISjZDL5xkZHubsmTOcOHGCiYkJ0unUQ18rasY41X+CE/lj4VipYNCYJSwKiYEHLqF/OIUhJC8UTnO6/xSmNOj4DhJB1IjSF00DwTWay8yQj+YwhKTtO8HxSJO4FQ+W+j/CdN8UhjQpto4RNSIowJQmtrQwhYGjXDq+i4EkbYfL9R9BIJhOT5GJZNhp7TKWHCFlP/yadUWNKM/lTzCdmsBRbu+cRqRNfzdU1jRN0zRN0z53Qj1NiYamaZqm/TWk3Dbu4rt0Pv4O3ur5oNK019vwZ2e5bbD8F0CgDIvIq/8Qa/7nkLmpp9qW67q9KfRKBQOtZNj781mXGbdaLUqlEusbm9xeuk2r2SKVSjE5OcnAwACZvjSxfT1YD+N5Hl44YMuyrAMDsQ7T7Y0KAsOQveP0w5D1SXWfC/TOSbeqt9cj9SHPdV2Xi5cu8Z//5E94660fUKvV+Lt/9+/w+mvnmJ2dJZlMYNv2fWGx53m9XqfFYom333mHH/zwB3z00cc4jtNrFxCLxzl69Cj/+//2vzI9NfXI83Mvx3Go1xuUymXK5TLr6+vs7u4ghGBkZJTh4SHy+TyZvr6gZcTP0HtB0zRN0zRN0x5kb28PgE8++eSpnn/27FlAh6uapmma9viUQrUq+JtXca69iXvzHVStGASrTxhYfZGU54JhYRTmsM58G3P8xaBi1bCfbnvhfyp0Q7N7//xM+xqGi47r0m63Ub6PlAaRSLgEPgx1H2f/HnefHvT4Z+lJee9zH/ccVWs13n//A37/P/w+169fZ2RkhH/0P/wjjh8/Ri6bJRKJIKU89Bzc7ccanMN6vc7Va9d46wc/5Pd+7/fC5yiEkNi2zf/xr/81Z8+cJpl8vErI/a/j+34vxO50OriuixACy7KxrOA6maapg1VN0zRN0zTtvxqfV7iq2wJomqZp2uMSAhFNYwydACuGSA3hLf8Eb+sGqlWF7jTwn0bApIIlwCiFTA8ih09gzr6ONfVK0GPVeLrl7nB/QPh5BmhBQGdhWRbxR1SoPmwbn8fjn+W4nuYc1Wp1rl+/we/9/u9z8eIFJien+Ju/+Df50ssvkUqlHtgfdf9rdF/HMAwikQinTp4EBZ9dusT1GzfCFgE+tVqNra1N6o3GE4erQggMw+jtz6MqiTVN0zRN0zTtrxMdrmqapmnakxASommM0dOIRB6ZGkAkckHAWt0Grx30Te32i3yKwK7XaeCRDwwnnyuFNAyEFUOkhzBGnsOYfgVz/CVE5MmCNO2vhlKKtbU1fvSjH/H2228Ti8U4c+YMP//zP08mk3nq7abTaY4ePcJXv/IV1jc2qFWrCMMAFHvVKu12+/M7CE3TNE3TNE3TdLiqaZqmaU9LZsYQqQLGxEs4t97BvfomqrwK7QbKc4IH3dt951mqPrtham9T4SAsw4J4BmNgFuvkL2GMnkEk+oMgWPuZ5DgOn54/z3f/+I8BxfDwMHOzs4yPjT7ztuPxOK+88gp/9ud/zvr6Ot07RiDu3jyapmmapmmapn0udLiqaZqmac9CWsjUEPaJX8IcOY135zze0k9wVz6BdhV8LwhUH2NS+GNTKqiOlRIRTWFMfRlz5isYQ8cQyQGEFdXB6s+4crnM5uYmu7u7gGB4aIh8LvdUA7XuZRgGuXyOaCyGYRi9YVupVIpINPLM29c0TdM0TdM07S4drmqapmnaMxBCgDARdhKZn0LE0hj9s5jTr+LvLODtLuOXV1G1bfDdIGztLfi/tz+rIqwvvPtnRdBLNRxMhDCQqX5EdgyjfxaZm0TmZ5HZMUQsE1Sxaj/zKpU9yuVyMMRLKRLJJNFo9HPZtpAS0zQxzSDQl1JgmhHy+dxT9Uv1PA/f91FK9QaM3Tu8SymFr9SBVhZCiAODuPYP4HqQbl/XbiB87yAvpRSe5/X24UG9bfcP4erut2EYhz6+u03f93v7fG+/2+72uvu0f7hb92v//nQfu9+95+Ne3f3tPvbeoN33fXxfPbD4/d7rsv953f170PXofv9B1+dB2z5sW93zfe890t2PBw1o6x77Ya/Vff6jjuGw5ykV/A1qPOTcdx/XvV+698Dj3Odd3esvhOgdK3DgXtp/HrqPlVIeePx9+xbuuxCit4+H3cue5/W2+aj32b37pWmapmnas9HhqqZpmqZ9HoRAmFFEegSSg8jB46jKKYzyHbzSCn5pGVp7qFYlGH7VaaA6DZTbDgJX5QMqrHINQlRhRcCMIaNJRCT4IpZB9o1i5CcR2Qlkaghhxz7fyljtC9dut3vBqhAC5fv46v5A7mn4nkez2cRxHDzPIxaLMTk5yWBh8LGHhnVDnJ2dHYrFInu1GgKwbZtMJkMum6Wvrw+AZrNJqVRmc3sreK6vwkFlJn3pNLlcjkQiQafTYWVlhWarjes6YaB09zWTyQSzMzMopYJ+sbUa+VyOfD6PZVk4jkO1WuXO+jr5XJ5cLkskErlvv13XZWNjg1KpTLPVRClFPBanUCiQy2WxbTs4T75Po9Fgd3eXYrGE4zggIGLbDAwMkMvliEQi+L5PrV5nfX2daCRKvj9PKhwK1mq1KBaL7OwWmZqcIJFIUK1WWbtzB9f1DgRppmmQSqXI5XKkU6leONZutymXK2xtbdFstVDKJxaLkcvl6M/niUQiOI5DsVRia3ML13OD4vXuyVOKeCJOPp+nMDBwX+i2vh6cy1g8xvjYWO/n9UaD9TvrIGBwcJBoJEK5XGF9Y70XMqrwr6RoNEo2kyGbzR4a0HueF1RiF4sADBYKZDIZIpEIruuyvr5OZW8PIQTpdJqR4eFeuOd5Ho1Gg7W1OygU+VyeQmHgwLbr9TpLy8ukksng/KXTQNBeY3tnh729PSbGx4lGo73tKqVYX1+nXKlg2zbjY2PYtn3f+QnOf5md3V3q9Tq+UkRsm2QyRWGgn0QigWEYNJtNVtfWaLZauI4bDhGk91lZKplkcmIiPBdb7FX3sCyLifFxEokEQgharRbLy8u02m1isTi5bIb+/n42NjfZq1Rottr4vnfgfSGkYH52jlgsyt7eHmt37pBKpRgsFIjH4717fnllBdM0yWYyuJ7H2toa7XYbKQ0MQ+L73Q8IFIZhcub08/ddR03TNE3Tno4OVzVN0zTt8yYNhJ1ADBxBDhzBcFvQ2sOv7eBX1lB7m6jaFn51C9pVlNtGeW4QsgEIibSiiGgK4v2I1CAyHX6lhhCxDJh6efd/zUzLxLSsXqVZtVql1Wz1grhn4bouG5ubNJstPM8jmUzy2quvkcs/ftsBx3HY3d3l6tWrrK2v02w2kdJACOjP9zM1Ocn8/By2bVOv11m8vcj5CxexbRspJQowTYP+bI6jx44yNjpKu93m4mefUSyV8DwP0zC6xdkIEQRyE+PjeJ7HwsJNVlZXmRgf4+zZs2TSfXQ6Hba2t/n44084dvQo8XjsvnDVdV12d3f57PIVtre36TgOKIUhDaamJpmbn2N0ZAQIwsXVlRUWFm6yvbOD5/sIAaZpMjw4xLHjxxgaHEQIQalU5sKFi2QyGU5aZi9crdVqLC0t89mVK/Sl09i2zfbODh/+5CMc10VKgQxbdAghyOWyzM7MMDszQzQaxfM8tre3ubW4yOLt23iuh+t5RCIRCgMDnDxxgkJhgI7jsLq6yqfnz+P7Kjh3wVZRKPr78yil6M/n76tIvL20xOrqKgP9/YyOjPQqP/cqFS5eugSEoXlfhvX1dT74yYcI7lZhKsC2TEZGRpidnWVyYuK+e9RxHBZv3+bK1WsgBc+dOMH8/DyRSIR2u81nly+zvrGJlJKJ8XGGBgd7+9npdFhfX+ejTz7G9xVHjszT35/vvb7neZSKJX7y0cfkslmOHpnvBZ6tVoulpSUWl5bI9PVhWRaGYfQCx2vXb7C0vEw6leoFs5Z1t7rfdV22tra4tXibpeVlHMdBKR9pGKSSKWamp5mZmaYvnaZWq3H+4kUqlQq+5wfvpW76DAwPD1EoFGi1Wly5epXllRXi8RixaBTLsjBNk8reHh998mnwwUE+z5H5efr7+4NjWLxNrVbDMM1gk0rgKx/TNBgeHMI0DTY2Nnj/ww/J53K8/OJLvfdbp9PhytWrRCMR5mZn8Xyfa9evU65UwFe4YbW3lBLDNLBMS4ermqZpmvY50uGqpmmapn3BhBGBRD8ynsMYmAflo3wP3Da4bXyvEzQDMG2U0wqCC8NGWFGEYYM0wmrWsKr10EWp2n9NMpkMfX3pXhC0ubVFsVQMQsdn7LvaarX47LPLVKtVlFLk83l+8Rd/kXQq/VjP932fvb093n3vL9na3iaXy3H86DHisRgrqyusra+zWyxiWSYTYaVep9Oh3W4zNzNNNpfrhbM3FxeRhkHEjpBMJqjV67iOy2BhgKnJyfD4ARSJRALLsnBdt/f8Wq3G+Ng4sUgU31e4rkez1cJxHHzvYKWvUop6o8FHH3/CbnGXkeFhJsYn8JXPhQsXuXLtGtV6jcLAAJZlsbKyyqfnL1As7jI3O8fAQD9CCLa2trh89Sqe8hHA0NAQvu/Rardpd9q95evd13Qch1arhee5QBAW1us1Mn19DA0Pk06l8DyPSmWP5ZUVnI5DNBJhenqaSqXC5atXWVi4Gezv2Bg+irU7d7hy7SqO63Dm9GnS6TQdx6HZajE2MsrY6AjRaPRgZWk2e2gw3+60aTSbNNutA0vFPc+n1Qq+57kevvKDxzaazM5MM1goYNs2nY7Dwq1b3Ly1yF61ytDgYC/U654DpRTtdpt6o4EQgs2tLcbGxvB9n2arxcrqGvV6nVgsRrvTPjBXrdlscvPWYtgmo0M6naLdbvfaZCjfx/Nc2u0WtxYXMQzJ0NAQqVQK3/PodBxarXav2haC0LRWq7G+sREE567LyuoqyWSyF656nke1WuWTT8+zducOuVyWUydOYFomGxsb3Ly1yOraGpZlEpufx/N9arUaAsH42BijI8MIRNjMBZLJJBHbpl6r02q3aTQb+Mpne2eHfD6PUlCt1iiVSnScDslkEsfpBO/Z8N6KRqM8d+pkELASZLdSClKpJEIIHNelXq9TqewxOjJCOp0ilUqF57/TC8Vz2SynTp6kXq+zs7PDlStXGRgYYHRkhHw+F7SY0TRN0zTtc6PDVU3TNE37ogkBiAP/oBUAZhTwMVTQU1UJiQh7NQopw0BV/yP4v0XpdJrBwUEGCgU2NzbY3NxkaWmZjc1NxkZHn3q7juOwubXFm9/7Hrs7O8xMz/D6udeZnpokErEfaxvNZpONjQ3WNzaYmZlmbmaWoaFBDGnQP9BPIplicXGR8xcvksuHFYYEFZrjY+MMDg0ipGSvUqFYKlOr1ShXyiSSCQAikQgDAwPMzMwcCAO7fVHhbmAXVORdwbYtcrk8hpS9HpqHNR91XZdypYKUknQ6TaFQwLJMLNOkWCwRiwdL2hv1BhsbG3iex3OnTjE/N08y3L/BwUF8X1EsFllZXSOXy2EaRtD5uPva99gfWga/F/Tn+5memiKfy+H7QZBZqpRptVrs7dVQSrF4+zalUolCYYAvvfwSyUQyWBqfz5NKpkjE40TsSBCaAaigwndmegZ73/U0DAPTNA/tZbq/t+f+Xp1CiuDvmXCpOEr1wrnhoSGmpqawLBulfAzD4Nr169TrDdrt9oHqz97rILBME9u2Ke4WadQbdDodWs0mTqeDaZlYlhWcn/B8BQFnjZW1NfL5fhqNBo1mkzt37jA2NkYkEgk7Tgev4Lou2zu7XL12jTOnT4f3wL59Dz946nQ6rKyuopRPPpcjGolwa3GRqclJYrFYr9rz6rVrVGtVhoeHOHvmDJm+PgzDoL+/n8HBIba2tuhL9wXnTAG+Ih6PMzQ4yPT09IHjNw0T0zKDpfdKYRrBfbe1ucXU5BS+71MplxFCYEgDKcXde0mBlAbJVIrZ2dn7QvJ4PB60reBu39abiWFjOwAAIABJREFUt24Rj8c5fuxY+B682+u3GyI7joNt21y5eo1sNsv4+BiFQgH9AZ2maZqmfb50uKppmqZpPy1SAvcErjpL/WshGolw/Ngxfu6NN/jOd75Ds9nkwoUL/PBHP+Jbv/ZrRKPRhw4/Oky73eH6jet87803+ezyZfoyfZw79xq/8At/g1Qq+djbabVa7BaLOI7D8NAQY2OjxONxABLJBLVaPahKvXWLWrVKPB5HdIMiIYLBQULg+T6+73E3GgMpJI7vUC5XuL20hK+CvgCWaZJOpxkfH+uFgdFolHQqxcbmFgPr60SjUUzLBB48rCdi24wMD7OyusrK6iqu45JKpYjFooyOjvR6XxZLRcrlMrZlMTU5SaEw0KsYjsVizM7OsP3+DuVyOWiJYBiEMd6D2zbs+76Qgo7TodloUI9E8ML+rq7jELEjJBLB+Vxf38DpOAxPDDM8PNzbdjQaI5lIAIJEIoHjdHrBYbFYZGll+cDy/0wmw2ChcGhbCRkOOKpU9rh8+QqKIIgslYOgNxqNIEQ4DCp8aqPZpFLZ64Wo9XodRBDyPayyOmLbZLIZtre3aTQb1Go1KpU9orEYpiExTBPf79Z6Bm0VdnZ3qVarnH7uOZrNJltbWyzcvEm+v7/XH7d7T2QyGYQQ3Lq1yPjY2MH3yb5hYrVajWvXr5NMJpmcyNHpOFy5epViqUQikSAajYY9gFdRCoYGhxgbHUVKieu6ZKQkHouRz2ZJpVPBawiQhtHr8yoNGWTEShGNBT1pBwYGerdBNBqlL91HsVSi0ajTbpuUSiVSqRStVgtDGndHG4YfGjQaDRaXloJ+rioY7hWxLaanp8NK1iC0zfRlgv6ra2sUBgZIJBJ003cpJJZl9cLVWFgBHLFtEokEqVTqgddP0zRN07Sno8NVTdM0TdO0v2JSSmZnZ/nmN77B+fOfsrS8zI2FBd58803Gx8Y5dvQIfZkMdtiX9UG6vSUbzSa3bt7iv/zFX/Dm998kkUjwpZe/xFe/+hVOnTz5RPvmuC6NRhPDMIjF7u9rGonYxGIxHNeh0+n0hgQp5bO+vk6r1cL3fYqlIKDty2TIZDIgBFIKOp0Om1tbNBoN/LBCNRqNMjI8zPj4WO+44vE4U5OTLC4tsbO7SyIeJxqNBoHsIbqB7LGjR6jX62xvb1MqlYlFY+RyWUZHR7Asi3g8TrVao+N0wnYFyQPnWEpJtq8PyzJxXJd2u40Ip7WLwyr+gsL03ja6Yd9usYQ0DDY3t+i4Ds3wnA4NDTEw0N8blCUEpJKJA/sQiQRDtboqlU7vvGxubQXP64WKMDE+Tqav775rFfw4CFfL5TJXrl7tPafd7tBoNsNw9e45VAQDxer1BgC+UpTLJSKRCGNjoweGRu3nK4VpBQOVSqUyjUaDnd1diqVS0LIA6DidoLoyfL1ypcL21haRSIShoUF8z6NWq7KyusqpkydJJhK9UBFgaLCAYZisr2+wtLzM6MgIftgrl7DG1fM89qpVVtfWePHsWSYnJ9mr7HHx0iU2NzfJhoO2HMehVquRSCSIx4NqVqUU29s74WArH0NKjIaJaVoIggrhWq3GnTt3KJfLKIIq0kxfH/7kZBiuBucwGo3Q35/n5q1bVGs1UEGYPNDfz+7ubvB6/t0PHpRSVGtVrl67Fh6KwjAMEvEYo6OjvVDbMAzGR0fZLe5Sq9VZvH2budnZsGr1nvtTqd6Aue6AMk3TNE3TPn86XNU0TdM0Tfsp6EunOXvmNP/TP/kn/PN/+S/57NIl3n//fVZWVvmtf/yPeemlFxksFB5aKeh5HuVymWs3bvDv//2/54P3P0AaBr/yK7/C3/+Nv8f83NyhQdjDKN8PAyvRC2Xu1Q0aPd8Pl3mD63p8cuF872emaTI6MszczAzDQ0NUa7Wg8lMK4rEY/fl88HoobNsmnb5bUdcNXCcnJ4lEIizevs21GzeYHJ/oBVKHsSyL4eFh3vhqkjt37rCyssKd9Q2uXb/OzVu3mJ+b4yvnzoVLtzkQit57fCB6y9dF7/fqQHzVbV8QPObueREImq0Wm5tbOI5DtVYjFo1w7rXXmJudJZFIhCG0F2z9cYaYhU04Y7EY+XwOa9990ZdOP/Q+EQTVwfFYjO4Kd+UrZPcP3aMK1+BXKhUqlQr1RoN2p8Ps1DSnTp5kZnr6gfeTr3yklKRSKXK5bLDEv9GgsrfH8NAQzWaTcrmCCpeue57Hzs4Om1ubDA8FfVwNKUkmU1Su36BYKtHX19c7TuX7FAoF8tkchpRcvnIV3/NpNltIIXvXpV6vUyqWaLc7JBNJkokE7VabRCLB2todBguD5HI5UEEgvP9ucl2XTy+cZ2HhVm8Z/vzcLGdOP08kGkWIINxMJpPBEDHfx1eQTCZIhNXd3fsiEomQz+e5vbxMsVjEdV1anTbT01PU6/V7WlsE91XEsink+3sXTYYfGOyvYpeGwdDgIENDgyzcusX58xdIJhI4jks0Er3nwot78ladrmqapmnaF0GHq5qmaZqmaT8lsViMM6dP87/8s3/GO++8y9vvvMPly5f55//iXzA+Nsbc/DwnT5wgm81g25FedV2n02Zra5sbCwtcvHiB3d1dIpEof+PrX+eNr36VL335S+Sz2d6y6idh2zbxeIyO49BoNHAc50Bw12q3qdXrEAY/lmWBADticfq55xkY6CcWjQbL35OJ3lJyFVbRRewIExPjPP/cc71tCiHuvkYvzFVIKZibm6PeqLOwcJNqtYbjOoe1W8UNh/2sr6+Ty+UYHh5mZGQE13XZ3Nzi/MWLlMplKnsV+vrSRKIR2u0OtVqNVCrVCw1936dUruA4Hcx0Kuj7qRS+CpZc7z8XQfvQIGD1wsd4vodSPtMTU8zPz2OYBrdv3+bCpUvUajVarRapVArbtkkmktRqVWq1+oFjaTQabG5u4nk+AwP9d38gBNPT0xw7euRA31PTNLHCCuJ7+SiElBT6+3n99dfpBmzrGxt8+JOPgscoPzye4GfPnTrF2NgYtVqN995/n2azSb1W7/X0fBApDeKxOGMjoyyvrrK7u4tlWZw8fpxNx93XPzU4xkplj2K5QrVW58+/9yZSyrBqVLGyurpvqb3otTPI5XNYEZu19Ttcu3Edz/PDe1CAEOzs7LC8vIQAPvr4Yz67cqUXcNfrdYqlIuPtUSLRCOlUMDyrXg/Ov2VZnDl9msmJSYrFIucvXOz1OO1WiafTaebmZpmbnQ3vUjDk3fvC932UrzBMk1QqxWChwOraGu12OwzG8yytrNBud+5eo3AyWTaX5eWXX9p3ue+2yOh0Or02BJ7yGR0eod3psL29zYcffUSt3uj1Dd5v/znXvVY1TdM07Yuhw1VN0zRN07SfEikliUSCE8ePk04Foc2NhZus37lDqVzmzp07bG9vh7mR3BeeqXBSvGBycooXX3wxCGNn55ibm6NQGHi8ashDRKNR+vN5TMNgdXWVeDzO2OgolmVRqVRYXV2lXC4zPjYa9HpU9CpdCwP9jIyMEI/FkYY8OPho3yAjIQSGYRyoyBNC9EKs7sM9zyeRiDM6OkqxWGR5ZbX76Pv2WwhBu93mytWrpFIppqamGBsZJRaNUSqVARVWikJfXx/pVJrl0jJXr10LK2fTwdChSiVYPq+CitBkIoHjuhiGpFqrsrW9TTabBaBULlEqVzCkxDatoL+p7weVorZFKpUkk8lgGAYra2usrK4RjUSDFgexGCMjw9y61WJjc5ONjQ1SqRS+H7RXuPTZZyQSSSKRYN/2Tz8ypMS2rN63hBD4nhf0u72H8oPw1zRNkslE75xX9vaQUvYGMKl91yYRT5DP5ehL9/H8yVNc+uwzVlZXSSQTHJmfP7zaN2yaYBgGuVyOpZVlGo0G6XSaTCbDzm4R3/dQBEH7zs4Oe3t7JOJxZmdmwmFb0Gy22C3usrW1RbFUCqpMw+DUV0GQmsvlmJ6aZuHmArV6jVw2iyEljuOwu1uksldlanKSXC6LbUeCgWLtFrduLbK7W2Rnt0ihMMDU5CQ3bt5kY3OT5ZUV+vN5kokEvu9T3dtDKR9f+b3z3A3TpZBYptWrAu7yPC/sXRv0Ho5Go+RzOTY3t2i12+Sy2eA9g8D3/LtV2Cr8RdEbOrb/HN+9NuFAK8/Dtm2Gh4aYnJzkytWruK4XbuJgdao48G7Rlauapmma9kXQ4aqmaZqmadpPWSwWY35+jqmpSb78pS+ztrbG4u3brKyssL2zTa1aw/O9IL4SYJkW6b40I8PDzM7MMjU9RS6bJR6PP3EbgHtFIxEKAwNMjI9T2dtjYWGBVqtFxLbZ3tlhfWMD0zQ5duQIqWSyV3UppSQSiQR9WqOH9P4MJ9b7nkexWOLWrVtIw+hVfkYjUQYHg6FMhmEES9bD7Q4PDVEul9na2sZx3W7Wdt/2DcNAKVheXsFxHNrtNrZls76+jlKKvnSaeDzem/i+u7vL6tod4rEYfX19+EpRKpXY3NxkZGSE4aEhIpEIhmky0N/P9s4Ot5eWgtBYweraGo1Gg6HBoV7fTiElUhq930ejUQYGBpibmeHqtessr6ww0N/P2PgY46OjVCoV1jc2uHL1KvlcDtfz2NzcZHNzi5nZZLCd8GANQ7K7u8utxdtEInbYmjNYgp7p6yOXy903CK173rvh9f7Qrhvidb+kDL66f47HYxyZn+fOxgbFYpHFxUXGRkeJxWL3BeNCiqA3rRSkw4pfy7ZJJZMkk0lM0wAEMtyPza0t2p02o6MjPP/ccxiGBASNRoPVtVU+PX+BSqVCo9HAkPLu64WtEY7Mz7Fb3KXZCtoCdKte96p7CCk4cfwYAwMD2HYEpXyazSZ7lT3q9Tqbm5sMDQ0yOTnJbqnIbrHItWvXqAwOYVkWtXqN7d2dXugejUTC4FgGVePbW5imuS9cDVtd9OeRhoFpGBgy+N9cNotlmfi+TSaTIRaLhSF4UJkd3OMCISTNZpOFmzeDgBURtlowGBoshL2NZfCeCc95NptldnqG1dU1arXafaEs4YAzGV6Xp/3ARdM0TdO0h9PhqqZpmqZp2s8Iy7LI53Pk8zmef/45/LD/qeu6B3qfGoYRhjuff2BimCb5/n5efeXLvP/BhyyvrHJ7aRnLsmg2m2T6+pibneX48eNYlkWj0cA0TWwrCH8eRAhBLBaj3miwvLLM8sry3eFUCvK5HOdee5VEIoFpmpiW2QufUqkUQ0NDDI8Ms7m1dWiA3O33+aWXX+Kd995j8fYSS8srmKZJo9kIqvwmJkilgunvkxMTuI7Dpxcu8OmFCxiGCQRLv/vz/Zw4cZzxsTGkYWAbBkfm5+l0HG4vLbG+vgGA63n05/O8cPZMb7tSSCzbwgivDwSB9XOnTlEslSgWS9xcXGR4eIhCocBsu02z1eLTCxeIRaNBACol+f5+nj91iv7+fprNJtI0sCyLpeUVlldWezWIvh/sw9EjR8hkMveFq6ZpYNt2737pXgspZa+fqZRGL5y2LBtpyN6fU+kUR+ZmuXS5zfbODjs7OwwODhKNRu95neCaAeGQqDh96RQDA/1BQG2Y2JZFNBwmtVssEolEmJmePtD6IJVMYlsWNxZu0mw2qdVqGGbwXMMwEOES/OHhYUaGh6nXG+G5lpTLZZqtFul0mtnZ2QP9Sl3XZXJinMWlJba2t1FKMThYYH52Dte5yrUbN7h5axEpJa7rghAMDw4yPTlJNptlb2+PaCRKqVzm+o0Frt9Y2FfRqhgZHua1V17BNEyscBCdlJJMJkM8niAajTHQ349lWZhW8BjDDO5jMzy2vb093n7n3X3vC4U0DL567hzDw8MYhsS2LcywujUWi1EoFJibmeHW4iKGIQ8J12Vv+zpc1TRN07QvhlCHTSnQNE3TNE3TNE3TNE3TNE37b9Te3h4An3zyyVM9/+zZswA8uLxA0zRN0zRN0zRN0zRN0zRNeyAdrmqapmmapmmapmmapmmapj0FHa5qmqZpmqZpmqZpmqZpmqY9BR2uapqmaZqmaZqmaZqmaZqmPQUdrmqapmmapmmapmmapmmapj0FHa5qmqZpmqZpmqZpmqZpmqY9BR2uapqmaZqmaZqmaZqmaZqm/f/s3Xm4HFd97vu3qnr3HjWPlixZxrOxic1oc85NDCEhhIANBCKHhOSQPAlJyMnJySHYSc55npsQLA4Zbm5IQhJMCORghclWgFwwEAyBSBjwhG3Jsqx52JK29jx2d1XdP7qratWqqu6t1h5k6ft5no3UXdW1Vq1VvU2/+vWqNhCuAgAAAAAAAEAbCFcBAAAAAAAAoA2EqwAAAAAAAADQBsJVAAAAAAAAAGgD4SoAAAAAAAAAtIFwFQAAAAAAAADaQLgKAAAAAAAAAG0gXAUAAAAAAACANhCuAgAAAAAAAEAbCFcBAAAAAAAAoA2EqwAAAAAAAADQBsJVAAAAAAAAAGgD4SoAAAAAAAAAtIFwFQAAAAAAAADaQLgKAAAAAAAAAG0gXAUAAAAAAACANhCuAgAAAAAAAEAbCFcBAAAAAAAAoA2EqwAAAAAAAADQBsJVAAAAAAAAAGgD4SoAAAAAAAAAtIFwFQAAAAAAAADaQLgKAAAAAAAAAG0gXAUAAAAAAACANhCuAgAAAAAAAEAbCFcBAAAAAAAAoA2EqwAAAAAAAADQBsJVAAAAAAAAAGgD4SoAAAAAAAAAtIFwFQAAAAAAAADaQLgKAAAAAAAAAG0gXAUAAAAAAACANhCuAgAAAAAAAEAbCFcBAAAAAAAAoA2EqwAAAAAAAADQBsJVAAAAAAAAAGgD4SoAAAAAAAAAtIFwFQAAAAAAAADaQLgKAAAAAAAAAG0gXAUAAAAAAACANhCuAgAAAAAAAEAbCFcBAAAAAAAAoA2EqwAAAAAAAADQBsJVAAAAAAAAAGgD4SoAAAAAAAAAtIFwFQAAAAAAAADaQLgKAAAAAAAAAG0gXAUAAAAAAACANhCuAgAAAAAAAEAbCFcBAAAAAAAAoA2EqwAAAAAAAADQBsJVAAAAAAAAAGgD4SoAAAAAAAAAtIFwFQAAAAAAAADaQLgKAAAAAAAAAG0gXAUAAAAAAACANhCuAgAAAAAAAEAbCFcBAAAAAAAAoA2EqwAAAAAAAADQBsJVAAAAAAAAAGgD4SoAAAAAAAAAtIFwFQAAAAAAAADaQLgKAAAAAAAAAG0gXAUAAAAAAACANhCuAgAAAAAAAEAbCFcBAAAAAAAAoA2EqwAAAAAAAADQBsJVAAAAAAAAAGgD4SoAAAAAAAAAtIFwFQAAAAAAAADaQLgKAAAAAAAAAG0gXAUAAAAAAACANhCuAgAAAAAAAEAbCFcBAAAAAAAAoA2EqwAAAAAAAADQBsJVAAAAAAAAAGgD4SoAAAAAAAAAtIFwFQAAAAAAAADaQLgKAAAAAAAAAG0gXAUAAAAAAACANhCuAgAAAAAAAEAbCFcBAAAAAAAAoA2EqwAAAAAAAADQBsJVAAAAAAAAAGgD4SoAAAAAAAAAtIFwFQAAAAAAAADaQLgKAAAAAAAAAG0gXAUAAAAAAACANhCuAgAAAAAAAEAbCFcBAAAAAAAAoA2EqwAAAAAAAADQBsJVAAAAAAAAAGgD4SoAAAAAAAAAtIFwFQAAAAAAAADaQLgKAAAAAAAAAG0gXAUAAAAAAACANhCuAgAAAAAAAEAbCFcBAAAAAAAAoA2EqwAAAAAAAADQBsJVAAAAAAAAAGgD4SoAAAAAAAAAtIFwFQAAAAAAAADaQLgKAAAAAAAAAG0gXAUAAAAAAACANhCuAgAAAAAAAEAbCFcBAAAAAAAAoA2EqwAAAAAAAADQBsJVAAAAAAAAAGgD4SoAAAAAAAAAtIFwFQAAAAAAAADaQLgKAAAAAAAAAG0gXAUAAAAAAACANhCuAgAAAAAAAEAbCFcBAAAAAAAAoA2EqwAAAAAAAADQhtJidwAAgMUSBhWF/ozCoP4jf7r+XONx6M9I8uW4nfGPvM7UY8frlON1L/apAAAAAAAWAeEqAOCCE1THFFQG5M+cUVBp/NTGFfpTjRB1RmEwPbeNumUrcO2VW14pr3OV3PJqueVV8jpXzW2bAAAAAIBFxbIAAIDnpaA2rtrEIVWGHtHUyQc1cXi7xvZ9SMNP/6FGn9mm8QMf0dTx+zUz8E1VR5+SP3lIwcwphdWRuQ9WJSmoKKw1Qt2pY6qN71VlcJemTnxRE4f+UWPP/pmGn/yfGt375xo/+I+aOvFFzZzZperYs/IrgwpDf+77BGDh7NomOY60K3djfZuzzXq+X7rDkZw7pP4F6OMFIxpPR7pj+yxf0pif7ecw0NvvmKNj2NeBYZuTnJv5M9vzfF7btTjnGs1r7nt3lqJ5a+cYza7N1PVgXze70tdIs+uyf/u5nyMAoBCVqwCA815QHVVt4oBqEwfkTx2TXzktBZXF7lYbfAWV0woqp1Ubfyaz1S2vlte1TqXey1Xq2SKve8Mi9BHA2euXtt0t3X6fdMti9+UisOuh5O87tkv9W6X1C9Du1gekrQvQTp4dd0p3SHpgsTqApu4KpbvaeN02R7p7ttvulu7Y0rgG+qU7bk3vf+clkk5IW3PeDOtvk26XtG071xAAzAMqVwEA552gOqrK8OOaPPaARvf+mUb3bNPkkX9WZfBh+VPHJL8ihbrgfoKZAVVHntLU8S9obN+HNPLUH2r84Mc1ffrfVZs8SnUrcL7a9TFph6Stt83FwayqxZyq1mbVbNG2bduM7UblbFSl5zjSNquMzdxmVxBG1XXbtjeqbY22o2151XOpY7ao0I3baFZe1wiydbt0z+2SdkgP5R10V/EYtXs+duVq/Hj77M9xtnaGUhj97Kw/t+Ngti9Fla329lZzHW/PqbLeZo9FToVp6pq0xiCqmrxjWzLW0bHM182mqnI2FaKtxqZ/e/G21Pluz47PtoJztPuVd4zUddioWr9b0u2355zErkaweo91DWyvt9v/UP13zu331bfvvKe+/eDBnGNJ0npp6+31kJ7qVQCYc4SrAIBF1yxMDWYGFrt7iyYMplUb26Pp/v9P48/9tUae/iONH/iopk99XbWJgwqD6mJ3EYAkPdQoL9tyruWTOdVo2iFdYgVdmWq2nIDo7sZO99yW3vfOHcbDW5OgZde29DapHsTYYendd9ZDnbjtO6RbjQ7d+a4kdNp+h3VM61zaEYdKW6VfbFTgbX/I3skax7vTfTSdzfkUufNO48EO6V3z/LX2VnOVt/3uW2e5/RbpHkna1Tjv/uQaicY5qhyO/jEhc03ukC7JCUB33N0Y69ul29bXrw/zdbfa134bWl7Hu6RL7kxvs/ePmPN69631ayPu7yznOXVt3G2F3LdLJ0Lprpxy9/5GSBq/f7fUK091S71Ke/3WeqhqV6He1qR0fktj20OkqwAw1whXAQALLglT72+Eqfdo8sh2VQa/o2DmtBa9hPR8/QlmVBt/VtMnH9T4/r/VyO73aeLIP6s6+rTCoHYuUwKgbVH4dLu0Za6OGVWrRT/R940b1WxRtVoYSvcVVKPds7O+3Q5uoorIRqGbDjZCp1vuSrdZWAnX6NuJ++oPd+xoHPNEI/zZIR2UpH5p+470uey8R9LdxWtDRn3IC5siDzUCra23JV91jqr5IlElsdn2PdlDnd35NBHNR3yMVi+YhVvNStBG6BgFbbOdq/tOpPezvy5etP22exRXBEdhtnleDzUqh29bX68CTVVYGv3ZZoePjTAxfEBavysJNXdar2vmrsa+RZdIq7HZ3gj34/dQNM85ovfQfY0ddtxy9vMcHSPqx67oNeulBx4oXs4iCk+j90J0Td+TUx2/zan/g8DOJuMiSbfcZvUBADBXCFcBAAsi9Gc0M/h9jT339xrZfY8mDm/XzJmH5U+fTmcI/Mz+x6+oMvSYxg9+QiNP/7EmjnxG1bG9LB8ALKiDjfDpljlY97Px1V3dnf+15aiabcedyfYooDpoBZa5FWz3JOHLbQVBVvSV6aJKzyjcWR8lydEx11vBTjQuxrlExyz86nIrUWDbCPbi8bKWBjjYSJrv+8XkuaLznfX5NBFVcEZh73y4Z2c2dC6aqyhEu/OS/K/ct9q+pTEWBw8mc3VPIxjfFf1jQuN6j8Juc6xv+cVG6G3N8+3G2rjRtWyuU3zLXCyrER2/YGwONt4vd0UVn9E1lCN6D0UVn5lrZRaiY5zLue3aVj+P2+/L/4eHu0Ip3FkP5GdzM7C5CP8BACmEqwCAeVUdf04TRz6t4af/WJNHP6PaxP7F7tIFKQymVRn6vsYP/INGnn6/Jo5+TtWxfQStwPPN1gfSlZY77pzdOp5tB5YN0TqjH9sy+yrCtttqs69xFWXja+dmuHznx+aqd+eHnda/ppmhWsu5siospXrwFn8lvcX2KCS++6FGleo90i82AsWHrArKLefZHdwW8jpeCGawai4BYK//Gy0bYFdxAwAWBOEqAGDOBZVhTZ38mkb2fFDj+/9elaHvS2FFWuyv1V8kP6E/ocrgwxo/8JF6RWsjaAWwWKL1Eq2vxMdfX8+peo2+/nyfUZkZVcyZywLkhW/tiNaNjSrtDp7ruozROdtLHITt3638Y3c22Xh3Un0ZBX5x4BrdBOsCMdu5ir5aHt0M6e6HZrndqKC+W9LtW4zA1Wo7qnI1w+3our69SYVndC2bS1psP8f1eKXWY7OlUaUaL1mwq3jN1cVWFKxK0m2Nx9G4x//wMBcV9ACAs0W4CgCYE/Wv/X9PY8/9nUb2bNP0ya8oqJxZ7G5d9EJ/Mg5ah5/6I02d+JL8i/gmYcDci0LEXU0qxoyvHptfxY6+shyvo2je4d6szIy+Bt+42ZC5LMBc3qFeStb6POfAKWeJg1Z3hY+qDu0729c3Ntb2jNbtNH6iNTGjG/VEX0uP277EuGnVBaRorqKqxqI1W1ttl5LwTmose2Auk2AsL7F+a6PKOmc5FhjjAAAgAElEQVT5h7uahei3JPN2NtfcthbXUKTomFsb6xfH76E5uInWvNiVjGPq/d54r8dLUDTGPbpJV96arLZmoTcAoC2EqwCAc1Idf04Thz+l4affp8kjn1FtfP9iF27yU/AT1iY0feohje75E43t+7BmBh/hRljAOTPW/Wz2bfetD+R/Rfm+E0bV6S1JFaFpp3Hjm7vC7M2Zdja5Mc5s3WW2e7t04kTy1fB2bX0gCdAi952Y/VqmpugO9ea6nZEoCDQrLx+wzue+5/nXw02t5ipv3M31Olttl9Lrim4xb3SlbDiXuSYbAXired76QPp1991XuOustbyOb0kvh6B7smNxPtjV6n23XnrAuhlX3rq8ecfcOodr2wIAJElOGIbhYncCAPD8Ux0/oOlTD6k6tmexu4Jz4HauUffa21RefpMct7TY3QGen/q31yvH7juRvSM7YNp+h3TnLVJ412L3BBeb7XfUK3l3ziL4BoCLxOjoqCTp0Ucfbev1N998sySJT1EAgLNSGd2t6VMPqTbB3WYvBMHMaU0c+bQm+7+s7jU/os6VL5PjdS52t4Dnl+grutsfkra2uZ4oAMybfmn7jnqFMsEqAMw5wlUAQEth6Ksy9ISmTz0kf5rb0F6IwsqoJo99XlP9X1PXmleqc/Ur5ZZ6F7tbwPPEeumue6Rbt0v9OV9bB4DFFN3waif/+AMA84FlAQAAhcKgppnBhzV96hsKKkOL3R0sJLdDnateoe61r5LbsWSxewMAAAAAc4plAQAA8yb0ZzRz5mFNnf6mwurIYncHiyGoaub0tzQzsEudK1+mrrU/LK9z1WL3CgAAAADOK4SrAIBYUJvQ9Olva2bgPxT6k4vdHZwPwppmzuzUzJldKq+4SV1rb1Op+5LF7hUAAAAAnBcIVwEACsNA06e/rakTX1YYzCx2d+ZdrTKj0K8p8GsKajUFvq/AryXP+fXnQr+mMAzlep4cryQ39dN4rpQ853ievFLHYp/ePAk1M/iIZgYfUefKl6pn40+xJisAAACAix7hKgBc5GqTRzV++DPyp44tdlfmTHV6UpWJMVUmxjQzMRr/vTIxpsCvzW/jjqNyd5/KvUtU7luizp6lKvctqT/u7pPjuvPb/gKYGfyeKiNPq2fDT6pz1cvkOM//cwIAAACAdhCuAsBFKqhNaPLElzUzsEvS8/PehpNDA5oZH1FlfFQzk0aAWqsuXqfCUJXJMVUmx6TT2c3l3qUq9y5RZ+8SlXuXqrNvibqXr5bXUV74vp6D0J/UxJHPaGbwu+q99A6Vei5d7C4BAAAAwIIjXAWAi0wYBpo587Amj/3r82pd1TAINDUyqIkzJzUxeFKTg6eLq1AdZ2E7dxai4HU8Fbw66lq2Qr0r16l31Vr1rlz7vAlba+MHNbLnL9S5+lb1bHydXK97sbsEAAAAAAuGcBUALiK1qX5NHP60ahOHFrsrLZ1VmDpX3LIcryy5HZJbqv/dcSW/ojCoKQyqkl+R/Ok5bjjU9MigpkcGdebAbj3/wtZQMwP/ocrwD9R76RvUufLFi90hAAAAAFgQThiGz8/vggIAZi30ZzR54suaPvUtScFidydXOkw9NTdhqluW27teXu8Gub0b5C3ZKLd7rZxSn5xSpxyvS6HXqbC0TK7ryrEqXh3HURiGCoIgfmz+GVYnFNYmFdQmpOqkwtqUwsqIwskT8sePyZ84rmDihMLK6LmdRxy2rlXvqnXqXbnmvA5bS31Xqm/zT8vrWr3YXQEAAACAXKOj9c9pjz76aFuvv/nmmyURrgLABW9m6AlNHN2hoDq82F3JNTUyqOGj+zVy/JCCauXsD+B4crtXy+25RG7fRnl9m6XeDXL7LpPbtUqS5HleJjiNhGGoMAxT4ar5n8YgCOLtrnUzqmi/6BiO48Q/0fNBEMifGVcwfkjhxFEFE8fiH3+iX/Jn2jhnR31rNmj5pZdrydqN5+dNshxP3eterZ51r5LjdS52bwAAAAAghXAVANBUGFQ1fuhTmhl8ZLG7klGbmdbIiUMaPrpfM2NnGfq6JXnLrlRp9U0qrXmxvBXXyvXKcZWpGXRKSgWe9n/yzCDUDF+jQFVKAlQzXDXbMY8V7Wdvz6t8jbbXxg7JP/WIaoNPyB98+qyrXL1yp5Zt2KJlG7eoe+nKs3rtQvC61mnpFe+kihUAAADAeYVwFQBQqDZ1QmP7Py5/+uRidyUWBoHGTh3X8LEDGj99Qprtf34aYaq3+iaVVt0sb+U18kqduZWoZqAZVaKa1aZmaBpts6tRzf3satSozSAIUseK2jK32+FrtJ/9fCqIDUP540fkDzym2plH5Q/uVlgZm904SepcslzLL71cyzZcplL5PKoWdcvq2/zT6lr10sXuCQAAAABIIlwFABSYPvM9jR/6lBTO882fZmlqdEgjxw9q5Pgh+ZVZfAU+rky9WR1rX6LSimsUyktVo9phZl4VaV5wmheumiFt3n8Si9qJjmUex3Gc+Hm7rajf5jHs45n9jbZVRw/JH3hc/pnH5A/NsrLVcbVk7QYt33i5+lavP2+WDehc+RL1XfY2OW7HYncFAAAAwEWOcBUAkBL405o49FnNDH5/sbsiSRofOKGBA89ocvDULPZ25K24Rp2XvU6dG39ETqmrMMSMAsgo0Cz6ir65b/S1/FSLRigavd7cLy98jSpWTXlBr+/7Tc/WDF7tUNU8hv2f6DAMFQ4/pelDX1Gt/1uzWq/VK3dpxaWXa8WlV6iju6fl/vPN61qnJVe8Q6XuSxa7KwAAAAAuYoSrAIBYdeKwxvZ/XMHMmcXuikb7j+rMgd2aHm29lqrTvVYdl71eXZt/NL75VOG+jQDT87zU81HYGQWUZtBphqv2jaui8NUMVYMgiF+fV9Vqhqt2yBvtkxeKmv0yjxEdM++cooA22sdc4iAMQ4X+jCondqp65EH5A49Lav2f89UvuE4rLrtq8ZcMcDrUt/lN6lpz6+L2AwAAAMBFi3AVACBJmuz/uiaOfUEKs9WZCyUMAo0cP6TBA3tUmRxvvnOpRx0bX63yptfIXXalJMnzvFRYGQWQZlAaBZBF1ahmKGqHlXn7xX0vWBvVcY19grCwPfs4RYFp1GezatU8llnJaoar5jlHx7crY8OZQVWPfl2Vw19SOHmi8NwlyfE8rdh0hVZuuUalzq6m+8638vIbtOTyt8v1FrcfAAAAAC4+hKsAcJELahMaO7hdleEnF7EPNQ0f26/Bg8+qNjNVvKPjqbTmZpUv/VGV1t8iOfU1N6Pq0WZro5pfu/c8Lw5Qi/Yxq0hNrutKTiMUVePGUzmBtOu4mTDT3s91jLVRlQ1nM+PkJ5WqZqWsWY0ahap54aspqozNO44jqTK0W9UjX1P1+DcUVicKj+O4rpZvvFwrL79GHV2Lt1yA27lKS1/wDnX0bl60PgAAAAC4+BCuAsBFrDpxWKP7Pqqg0vqr9/PBr8xo8MhzGjrynIJqpXhHt6zypa9S5xVvldu7XtF/ccwg1P6qf94aq2ZVqrlf6iv8RqVpJAzSN6+K/i6lw9dQYRy45t1UKmx85f5s9jGPHQehYTb0japWzXDVrIi126nVaqnn8o4TBoGC2oxqR7+s6qEvKJw6mTme8UIt23CZVm25RuWevuL95pPjqvfSN6hn/asWp30AAAAAFx3CVQC4SE0PPqqx/f8khc1vmjQfwiDQ4OF9OrN/jwK/VrxjqUedl/2EypffIbdrZSbQtG84FW2P1iQ1Q1NzTVM7dHRcR66TvaGUGZaa7aX2yQk57eMXLRnQbLt5PLO6NApZ88JXhUlFqnn+5vGj4/i+n1n3NQ5VzSUDwlByHDmO5J/4pqb3fVrB1GmpVlxhvPSSTVp1+bXq7F1SuM986lr9CvVteZscp3hZBwAAAACYC4SrAHARmux/SBNHHliUtscH+nV67xNN11R1ysvUcdnr1bnlDfK6lhUGj0XLAUjpIDSuOI3yyFDx381Q1QwjJcWVr1KyVqu93e5PtE/edrt/kjJf388LRM11WOs71Stb7WMEYeNYYVJFa7/WvOmW3b9mSwpE/fJ9X+H0GVUOfFbVo1+VatOF57hs4+Vac9UN8kodhfvMl45l12nZFb8ox1vkm24BAAAAuKARrgLARSQMA00cfkBTJ7+x4G1XJsd18pnHNTl4qnAfp3uNOi57gzo2/4S8jh65rpsbUEahqV2RGh8nClQ9N1kb1UkHo56bhKXma6R0ZWz0p7nkQKuKVbOdon2i45hBpl1ZawajZpt21Wt0jFQo7DpS2AhRG1WtZltRZat9A6xmN8qKKlrDIFAoKZwZUu3Q51Q98tXCSlav3Kk1V96gpes35S5TMJ9KPZu07JpflduxOBW0AAAAAC58hKsAcJEIg6pGn/snzQw9tqDt+rWqBg/u1fDh5xTm3PhJkpzejeq4/A51bPgRuV6nHKPiNK861PO8VMBqV36a2xzHUeob9GHxcgLxLlbYaS8FYLaVez5GGJkX3kaiKtIiZlvmvnb4agaiUZtmH+Kq1iB7vNmGq9G2KFw1zymojKi6/1OqHCmuZO1atlJrr36RupYub3rOc83rXKVl1/yaSl1rFrRdAAAAABcHwlUAuAgEtUmNPPsRVceeW7A2wzDU6IlDGnhut/zqTP5OHUtUvnKrSpe+Vq5batxQKgk8zXA1CkLNcDV6bFZtRtvMSlO7WjQKV8198pivswPLdKWqFCW49pIBeaGqud1sJ+9r+s2Y4Wp0nKhvqXVarZtlSfWbdJnha7QGq3lu5uuj7XafzPH3p0dVPbC9Xsnq54esyzZu0erLr5NXXriv6zulXi2/+lelzg0aGxtrulwDAODC5rquli5d2vL/AwAAMFuEqwBwgfNnhjS892/kT/UvWJtTI4M6/ewPND06nL+D46p06Y+pfNU75JR65Bhf77fDyHi9VKXXWM0Elo11SL2SJ8/1WoShTuYYeV/Nn+3X/B0nCRmDIF1B6rrZ5QYkxfvVz8tRGKa3m4FxXj8z67AqHdIWVaGagiBQEDYqVv3s2q/mza3s49nVs+YNsKpTQ/Kf+Wv5p76X265b6tDqK67Xsg2XLdxSAW6Hll35TgXlTdq/Z5dqfkU66//nEi3WG87q6eLNLRpucbw2GizY3LKh7AvPbkPr4zmKb9AWtnuc+Hj1m6/pnP8v6dnNb/7r25+fZLcw3m1WzWd2OOuOpw9kvdx82Pyo7b1PZnOcUkdndmvY3lnOvtnZdbxwfMyOzlkHW3ereL7mcn5mL9ufNq/PWc5P4dFDKXA8DU/3qqOrR5s3b9aVV155dn0AAMBCuAoAF7Da5HENP/M3CiojC9NeZVoD+57W2Mmjhfu4K65X+bpfldu3Ka5Sda1w1b5BVfR8qaNUXz9VVlWp26hEdb3Ma81j2MsAmAGqWf1pB6+e58r3g1RQW+/z2QWD0euL+mjuZ4avnpfsXw8402ut2oG0vbZq0X+izcDUDmrtilZz32h8on1qtVp9WzSGjfOrnnpElSf/Qiq4/jr7lmnN1Teqe9nKpuMxdxwtuXyrOpdfr/Ej9yusTdTzDiP4SB6GVqg+2yAgTP2RDULSx8m00zLQytlBRhBXEOTU2zGCqJYBRZx8Ws0l7TiOMteWmW9G45gOPOvHTYLD/GA1207+MKcbzp5Pct52O/Y8WP02j2vubYxj3jiZ7eQHOwUnlPc4cz6Z5ppclQXj3Oq6KApWjfluNo6pDuacT6bf9vuvSTsdPWtV7lvXeJR/Pumzz3tf2DvM5v3cOogsnm8Z10X6Osq7DlrN5+x+v7TBmpBk3Kx5aPn7qehMZvf7pfDl8dPWOFvjONvfl/W/+/KrVY0FSzXa/SK95GWvVF9fX8uhAgAgD+EqAFygKqPPamTv3yss+Hr2XJseG1b/U99TdXoyf4fyUpWv/RWV1r0yDt8kqVQq5a5tGnFdVx0d9bvNRzeoSm130gFts6/5FQW3ZjVmO6FpcXtRCNm8gvRs1YPO+vGiytjAWk81b0kBs+rV3Ce6uVUcNIfR2qphKli1j2UuJWAuQ2DOoz8zpundH5F//OvKiwwc19WaK2/Qsg1bznFUZq934+vUs/6HNX7oUwoqw5lgL2IGn6kP6nYgcNZBmB3sNWnHOFA2CJPVjl3pmBdwZY+bDWLtoDE/wGnVTjZQynQ4E0jmtWMcOPswFQAWBOJFwWc2Yc47bGbA8wPJJsl1QeKWqUydVTs55228Pi/4bNVO64DLvv5aBNVG8Jl/nRYFn/b7JmnHK3Wpa9XV9swUjG/eeNvnY7dTmOdlh6Ngvlv+g0CTI9YfNnl/5p12wbQl82CNc0GzrdopvuDsvfKCz/yXtQw+c8cj205ucJ7RfL7kdmh6rF8nun5Ut/347SwVAABoC+EqAFyAps88otHnPiGFtQVpb+jIcxrYvyf/06TjqrTpJ1W+6k45pZ746egDjOM48jwvFe5F1ZFRWOqVPDnK3rwqYu5rf4XfXGqg3pabCibtkHK26sdrXoHarnbDWLPitWi9VjMEjb/Kb4luXBWE9eUCCrcbywbYY25WzgZBoNqZp1R9+kMKp07mttm7ep3WXfND8jrKsz/hc9C15hb1XfYmTRy+X/500qdUUFUU1JkKgtXCSsgmwWpeO6mgKi+wiXMJu3Iur5/GAYqCi/jp/OAj+1X1/PEoyhnjwK8oqLPGMXOi6cMY7eSPY3E7diBYUIFnB8mZecgPbgoDMVkBr9VO8rB5sGo2lztfmWC1oNJzVsHqXLRjD0v+fJvtJPPlqHvVVXJL3ckLWgZq6eNmrqu4PwUVp/YwyOx382B1dlq8PwsCT3Na8qet1ftT1gubX6+ZFxQ+zA9WzcPm/h4sPJH0eBS3kzlwfv8L/4GlvtlxSxqbDuRe9hbdeOONRQcDAKAQ4SoAXGAmTnxd44c+tyBt+dWKTj3zuCbO5Adm3opr1Hn9u+QuuTz1YTsKQaO/51WTep6nUqkUB6cR82vw5jaz+tX8intURTmbitT6MZzkw32L8LQojC26QdVstXpdGBYHp6YgqAc00d/rf+ZXoZp/z6tWDcKkyjW6GZbv+7kBrfn6IAikxnyE/oxq+/9Z/uEvKgyzryt1dmn9C1+qriXLm57/XCkvu07LrvovGj/8zwpmBjPbqVzND/byAo+8A1C5agd76RaoXJ1d5WpH33qVe9dm3jepfjZVcF0Vvm+KjzLbgJXK1WwHzZfl/R5sFbDmtZP3dsua3XwFflV7KjfrdT/1FqpXAQBnba7C1dKc9QgA0LaZoR9o/ND9C9LW1MgZndzzqGoz0/UPLKaOJeq85h0qX/oaOY6X+dq5eWOqSLq61It/ov3tykgzlLVvPpXs4za+mq/UtjxRsGr352w1C1bjAM3JqezKOUYxO/RN1oJN7WXs5nlOyw/7ZlVr/fXJkguhQgV+IEeOAtVDUzMkl/KrZcOw8RHaceR6PSpd9075G35YM099SMHYwdS+tcq0jj72ba26/Dot33h5W+N/NiojuzV28FNaevlWje3/RwW1iXRQZcxTJvAsDKbC5Om8HLZJsJrXTlHlqtVcJshqGawWBRfx00kAUdROcbBq7GcNWxz4FQV15rimD5x9mMpLzq5y1Q5Ws8FPuh/pdsx5yA9uCgMxJf1I55s549wkWDWby52vTLBqVZQWXr/p8U3OP2yrneL8LhnXzDgb8+V1LVVHXrDaMlAzG7bON9Uf+31TMAwy+908qEudV6t+nWWwak5L/rTlvz/teZirYNVsJy9YNQ+b+3uw8ETS41HUztkGq3mVq2FY0/TICVUnB7V07bUaGRnRypULtQ44AABphKsAsMgqI3s1vPdeSflVjXMlDEMNHd6nwUPPNp5JB2BOz3p1v/h/yuvbqOiO85JSlaZ21alZZRqFqnnha7SPeZxIFMBGoWr0mnRoGhrHy1alnmuYZwareQFqHDgY25sFrUX72P2sbwpTr8k/n/qxSqWkKieqaDXnwD5OPLZeYzwbQxoGYeqcXdeV7/uZecmc15IXqPOl92jmqb9UcGqn3UWd2b9bk4Ontf66m+Z9mYDpge/KLS9T32Vv09iBT0hBfSkNe+zjYM5OTDMJav0vTuNxZvc4mIr2a96Ok9kvtzmr8tVspyF+ofGn2cHMbk6jnag/STuaRTup/spsJjkf5Z637BdEB47OOPXQsc8/vm6bt5PZz2olGd/o9XY7ssanaHztbkftWRWlUX9atmOfd/r1mesrbsfJbSe/FFqZ7YXXqdFOqj3rejT7bZ5PPM054+x4nepaelnu+yYzYYWsebDON/u+yQ5D+rrIn2/7fFpXrlotZl6Y/wsk7k/htCXXs9lfex6aTIw1nnY/sw+V2441n1azqXHMeZ9kxze/HXu4CsfZuI6j+apODakyfkrVycH6816XetwxwlUAwKIiXAWARVSbPK7hZ/5W873Gaq0yo1N7HtfU8IAVqdaVLvlhdd34bjleZ/yc/RV+sxoyVXHqOvLcJFi1K0ftm16ZP9Hz8cc2J9rfCLpSPZ59Vaq5nx2C2sdo9bhoW9F+Zhgb7Zf39/QxonNLvzZiry3rOGGjeid9Qyp7eYUoKHec+jw5chQ6YbxcgKT4BljRfNtjF63RKkmOV1bni35HtWP/ptreeyV/JtXP6eEBHXnkW1p37U3qXja/H3Qnj39VbsdS9W5+q8YOflJJpSiVq1SuGvMZt2POQ6Yj1mO721SumucTmv0wzkdy1LX8coXRP97YM9M0ULNPxDrfVH+oXG12vWZeUPjw+VG5Gvg1VScGNDPWr7A23fiHhihgD+WFFVUqlaKDAQAw7whXAWCR1KZPa+jpv1JohVNzbXLotE7tfUJ+tRJ9+k24Hep84a+pvPHVktJ3n7eDVfur/OZSAGZFqh0+2j/2fvX1VItDyuhws70Jlb3MQLPK0WZLARQ5m33zqlGz/bHPPXocKlqjNS/EzQtso3GNwlUzeDXD7DiwivZTGD9vr5MbXRNxv516jVV502vkrrhetR98UMH44VTf/MqMjj/xHa3YfJVWbLpi1oF4O8YP3i/3yj71bXqTJg5/To6TVEJTuRqm2tEs2qFyNXqB3e2oPSpXm1Wudq3YIscrW/03ZsaesELWPFjnS+VqwS+qwn5mHyq3Het9YzW70JWrtekRVSYGVJ0ciF+Qet/M439bAAA4G/Nzu2QAQFNBdVzDT/+lguqw6p8s5udntP+wTjz1/XqwanF6Nqr71v9H5Y2vToVwkbyv+ttLAxQFq3aQmt63/vV/13Wa3Kgq+rTlzKKSyHqlESSYFZzRNvO5vL/PxU+ritbZqI+hq/qHzOIPkI6j1JzkVQfnBeWe68l13NRc2T/2edjH71iyUZ2v+KBKl/5Ybt+GDj+rU888piCoaf6u80Cj+z6hwK+qZ8PrFPq1VBjcTuWqcvKKdipX69fvPFSumueT2S1MH8doJ3roFLZj9MdsznhlmNrv3CpX4/M3w/sW7eRVrqbPK92PdDvmPNgTXXCdKL3/XFSuRv1yjPNpXlGabSc/UDMHwrxOm7cTnd+5Vq52Ltskt7wkPV/2zJjNN1VwXcX9aV25mhqOgvleyMrVePfc/ua/P+15aDIxOf20OpA7DcWVq3nNFv4+Tb3e/D2Y307zYFWqjJ/S2IkfaOLUHlUnB1LXb/x+SP3eAABgcRGuAsACC2pTGtz9V6rNnMnERHP5M3T0gE7ve0p5n15KG16t7lf+uUpLNsbPRVWLecFp3vN5wasdvtb3i/Z1VSp5VpCSloSJ9b8nxzy7/1yZgWn9WElIGPXP3Ldov6IlDooeR8/Z7dt/n610aJodg3pA7cZjWyp5jeA6L9ROz1kcqjquXK/+uFQqqdRRUqlUyg1qc4NYr0Md1/yKSi/8b5LXnenj+EB/PeD3a/N4vQca3vO3ktej7ktuUxgk68dGFWGK5ipVQmY8jq+7ZHdzc3yceL905ZTdTrpyNdt89BfHcXLaSV0ESh/AOp/Mbk76OEY70cOwsB2jP2Zzxiud1H5hph27X5l/GLCnI1OB1rydZOkMJ3X09LNJP9LtmPNgT3TBdaL0/nElqZLjmvub7aTGOXPeUbPJcVPnH7fjGPulGrZO2B4I8zpt3k50flHlaur0M++H9LhGf+lcukGlrpXZ+bJnxmy+qYLrKu6P/b7JfbV1vWfnOxnfdDMt+yXjBeaFlR2wzGnkT1v++9OehyYTk9NPqwO50+BYh3Uyb4Pc34MF7xN7PIracTLnIwVBVdMjRzV69PuaGjqgoDqZ+r2Unq96O1SuAgDOFywLAAALKAx8De/5sGrjh+a1nTMHn9HI8UPZT4pepzpf+G6V1r0yc9Mpuwo1uqN89PfoM5XruamKR7NCNTqW+Tp7rdAoY7S75rpe/Ppz+eq9GWyaFax5oaf9uqIw1N6et7/9uuzXnfP7Go1Nq3Ouj2l9jILAb7qf60phmLQVzU9UoWzfwMqVK7fUWKtVjSrmQPHc1ttMlowwz7X+Gslde6vKS16g2lN/omD8SKpP06NDOvHkd7X++pfIK3U0Pc92hf60hnb/tVbd+B51rRzR9NDjkoyvJJ9F5WqcD5i7x0lA9vpKbTces+Zq6ozNw6QqN4sqV/Payatcdaw/zX6k2zHnIdMR67HdbdZcNc/HrFzt6F2rUvca4/ppUbma1++Mgusq7g9rrja7XjMvKHy4+GuuhoGvmbHjqoz1KwyC3PejeV1F72dF/w2VZjFvAADMLypXAWCBhGGgkX3/qMros/PXRhBoYN9TGj1+SI6U/ikvV9fLPpAJViWlKhujUDT+KXn1QNV16xWNTrYy0gzcoufK5Q55Xt5Xy7PLAUTBqqTC0HI2X7VvFZ6ax88LNu2qVvu45v5mmGz3MS/ItUNj++95xyviul78k1OylFIqlTJBuVnRGp1ztJ/ruJkblHmep46OjvgnGqN4HCV5riuv9xJ1vOQeeYxDJs4AACAASURBVGtenrn+KuOjOvHkd1WbmWp5fu0KaxMaevpDKq98mcp9V0hqUmmVqfhy4qej3c3NVK4m55PsR+XqxV652tG7RuW+S4zho3I17xdI62nLf3/a89BkYnL6aXUgdxoWr3I1DHxNjx3T2InHNTN6QmEYGA2mz4/KVQDA+Y5wFQAWyNjBz2p64Hvzdvwg8HXymcc1duq4ZEVbTu+l6nr5B1Raujk3WJWUCVbrX/lufPXbceNQNfoxQ7voONFrSyVPzTlWQJgIw2yFpF1lm3tE4zVmn+rHzP8QNtsKWTNUjc6/2Vf/88JSM2S1+2e/1t6vmXp/vMy+juPEywREywZ4npt6nRma2pXL5vZSqRTPt6TsOrzGj1vqVMcNvyNv0+tlX4fVyQkd/8F3VZ2abHle7fJnBjT09F+qe8NrVerekK60ktKlU47xOKoUKyjMYs3V5HyS/Vhz9WJec7Wjd53KfRuScc6bL3tmzOabKriuUu0UHy57XeTPN2uuLs6aqzNjJ+uh6vAxhfGa3GaD6fNjzVUAwPmOcBUAFsD40S9p8vi/1T8ozMNPUKvq5O5HNTU8YOdZcla8UOWX/rGczpWZftkVq1HI5nmeHDcJB82gLy9UTSoc3SY3qVLqeMXbXetx+iv4dhWpGV7a+0Q36bK/jt+sffM1EbvNvH3y+pz3WrOfQRDM6nxmV9VavwFWNH7N5sFcziGvUjfe5tV/7HV2c/c1ryXXlXvFz8u94ufqH7SN69Gvzuj4kw+rMj46b++H2uRxDe/5W/VuukOlrnWSwmylVabiy4mfjnY3N1O5mpxPsh+Vqxdr5Wp5yXqV+9YZ5638+bJnxmy+qYLrKtVO8eGy10X+fFO5urCVq35lXOP9T2p6+JBCv2adj9lg+vyoXAUAnO8IVwFgns0M79b4oR3zdny/MqMTTz+i6dGhzDZ37X9S+aY/UKlzidycUCz60wzI7BseOUq+Tl4qlTL716tYvfhmVXkfdqLQL7phVbMPRPaNlCSlQyzjOXubfV7Rn/YSAHmvydvProbN60Ne20X9bdbPvErYSFFQa0pXxHq51azmfs1uVhY/dj15biNYLaWXCYiuB7PqNVVt7DjyNr1e3nW/ITnpJd6DWlUnnv6+pkYGM/2bK5WRvRo7+Dn1bX6LXK9XmUqrTMVXGD8tJ7uZytXkfJL9qFy9GCtXy0s2qqNnrXXeyp8ve2bM5psquK5S7RQfLntd5M83lasLU7kaBFVNDx7Q+Mmn5Vcn4+sl+wtRqfkxfy+l56veDpWrAIDzBeEqAMwjvzKi4b0fUyjNy091ZlrHn/q+KhNjqn8iSX68TW9U+YbfUqmjLCkbDpoBW/TVb8dN1hx15GSWAjBDz+R5J/W8yaykLNrHZoeQzdZRNUPRvP3zjhO9tmgdVfvDmhmyhmGYqTbNa7uocrWon2Y/igJRu6/N9k32T8Y/2uZ5UQWq26g0Ts+t/fd47d3G8g1mwGqHslK6qtd1HLlr/5NKN75X8rplXp+B76t/z2OaGDo9b++PyZPf0vTwHvVs/AkpGoe4lMpJPsgbG6yCqWzFlpK5oHKVytWLrXK1c8ml6uhZpdR0pYaPytW8XyCtpy3//WnPQ+HEZPqdM+650zD/lauV8VMaP/EDzUycTk9nzu/f9PUbGv2x56veDpWrAIDzBeEqAMyj4b0fVVAd0XxER9XpCfU//T35lSk5jpIf11HHlW9Xx1U/lwSlxgeQvOAs/gq4k6y3WfRjb88PVaOvqM8uULVf22q7HZo2CxmbVYLaj5sFsnlf4W+2lmurylWzn3Yfivo72/ajfeyxSubeDMSVuk7MwNSuYravhfgmWDnVxnKc+vIArqvS6h9S+SX/t9zOZelrVaFO7/2BJgb6NT/xaqiRff8kp9SnzhUvagxmPKjJB3ljA5WrVK7md7vRL12klaty1b38cpV6VqbGVcb55M6XPTPW64oVXFepdooPl70u8uebytX5q1z1q5MaO/mUpoYOKgiq1vsm73zMBtPnR+UqAOB8R7gKAPNk/NhXVRl+Rk1yn7Z//EpFp/f+QH6lovonkcaPW1bp2l9X6bLbU+GnlA3O4psUlerrq7pWhWleyJa+6ZHikM6ULAHQXqAafW3fXHPU3tc+tr2fWWXaLNCMXtuswtUOaIsC27z27eM1C05nM152EFt0zOzr8kPw6Jium75G7GDV3BZvLzV+vGQ5iKJg3nEcuX1bVLr5D+V0r1fqmpU0sH+PpoYH5+W9EtYmNbznXnWvf5W8zpVGCZaTfJCvPxE/rTC7mcrV5HyS/ahcvRgqVx2npJ6VV8jtXGLMg3GY1PBRuZr3C6T1tOW/P623X/aJogPmjXvuNMxP5Wpl4rTG+59UUJnIbcfJPR+zwfT5UbkKADjflVrvAgA4W5WxAxo7eP+8HDsIfJ3a+0TmjutOqUfeDb+t0oob45Ar3mYEX46TrJkZ3bgqWlc12jevQjUKVMMw72ZJTqqdduWFh/b2ZhWes3U2rz0fKmNmE+i2en3yKTZUGAaZfcygPAiSdWnN4Cu6LuLwW6GCMEhdb+bfgyBIKn7DUOpcI+dF/0vOM3+hYHhv0ngY6PSzT2r99S9Wuaev7fMsUh0/qPHD/6q+zW/S0J6/kvyZTCVjVDkVfd6P/8z+pb5fQcVlqwq2+C/xH/VKrCDVTiI1D43HVscb+0VPp/uZtJpU6CX72QcwultQkWdWQuZWrsbjU9SOMu0UVa7mtiPr/ArGLa7clNmOPd+Ocd5J5WbeOJrDkZ7OvPky9wut5pq3E59/NF9K9j+bduKHRdeFUfnXrB2v1KOuVVfI96ty/GrOfNvTkn8+OR1Sntz3n9lgahyz3TAGKPf6zasoTR+nuJ3c9orOxxqPzHxm2rHPu3CAm5+PMd957eScQHbsUrsb14U5v/bvi2j/oKbJM8+pMn7SGob8Cln792DxtCXnY/9+cju65a2u5Z4HAAALhXAVAOZY4M9oeM/fS+Hc/5/9MAg0sO8pVSbHUhUjTnm5Sjf+rrwlL4i/ii0lYaWkTLDqum6qYjXvq+FmRaLjFIWnjlHtE6aq53LPIQwlRYFdEqZmq0ml1ElmjtFknIzAZjahZNE+RZWmrUJeO5hs1ofZ9tM8TqtjJmNc9AWV7KdsL3XDs0BhWG/Ddd0kTA2TauAwDOUHviRlgnxzbFzXle/70Ua5nculG+6W8+zfyD/1sNFnX6f2Pq51196sjq7upmPRjvEjX1Tniheq79I3aGTfRxuBZkHA2vhAH4T2B/50QhHYwWdBwDq7wM1ux9AyCJtdO3HgeI7tZALJWbTTNFgpCFjz2kmCp2xCNrt27PFJJb1S03bs8TGD6Fbt2OOTbic9jrNrJxtwhebhk3aMIDevnXi+jPl2JJV616m8dKOC6ozkzJgDm75uigLkTH+U205m6QCbdV3NOvg03xdmO4XzXZT75r9Psv2xAsmCgNmexpwkeVbtWtOcGejMPGTGxzyusUMm+LQC1Mz51Nvxq5MaP/G4ajPjuQOZeV+0DFhbvz8dx5FT6lanXy06OwAAFgTLAgDAHBvd90n502fqHxjm+GfgwJ7GHdad5Mcty7v+N+UtvSIVrEqKA7G8r2w7merTunSgmoSpxWFe+mv8rcPM/P3M8C4Mg/jPvH1mYz4rTov6nreP+WcQ+LnnNJv2zP1m+5p6e3kf2Fu9Pn1t2DeuSq2166QDefPmVqmQ3Wnc4Mpx5Hid8q7+VTl9l8m8lv1qVaf2PiG/Up2H90+o4T0fUceSK9W99pWpD/rJuCT5hBl4yvygbwYKZpBsJizGY7udvLVQs+0Ys2UHbUZglhzIroTMbyc6v+aVq63bKQxW4wHMthNm2jHOv6ByNa+d7DxY82W2I7sdex7SAW4qiMuZbzvwNMdVOe0UBel57RQHq+Z+1nzmtJMO2sz+FLejuJ3oOnLVtfIqda14Qf1gmSTQlDcPTk5/jPFRzvum6HeSdV0p1Y6x2X6ZPc6ZBDQZj1Rum+lG/vsk25908Fi4tm2YM5xnEaya76eiID06//TatwWs6yrz/pSscbZ+zzXaqUwOaPTIw5lg1XyfpMc5PRCtgtUwM1/p8QAAYLFRuQoAc2iy/z80eWrXvBx7+Oh+TQ0md9uVJDmeStf/prwVN2SWAoik7vhuVazaFaau66qjoyMVqtYrVpV77LgbxnGKqyWT7UWFrfUQMTD2K9jxHJkfyOamjeh4+ccyz6tZX+aqP/X584q25odrBtd1GksDJGF7FPB6nhdXorqOK7lSoHoY7nlefNwgSM43dZMrSQpDhU6PvBe+V/4TfyRN9cf7+jPTOv3sD7TmmhfJ9eb2/6bUZs5o+NlPaMW1v6Tq6D7Vpk4aOUD9k77T+MCfVB4rHgczcLMrk+Mgo/ECJ7NflBNE+7Vqxxi70GpPoRxnSg/8/n36jW9Lr/2fP6N7X91r9Ce/HT31hDb/5iPWqGzShz71Kr1xZUE7Q4f0yz/z73rQHsx3vlYHf2ZV0s6ep7Tlvz0u6Yd0/5eu182OdOqhb+rl245Jkt77Z1v1ruuUjM/QYf3K23fqK5Le86dv069flx1fDR7Su37+O/pK0YS+4uXa9QebtMYcRzXejfG4FYyzPV/mOBvzlupPar6lRz/3Bf3M/5H09lfqmTevaNGOMQ857eT1J3neuC4yx0m3E1/PeddNQTsyni91LlHXiqvkljplvC2MIMwOQgveN5n+GNvzzrsoYI3bTyWYmfnO9Mqx3n/Wecs6b+vpnA7EB07vGPfHmgfrvBxjnFK5on1+LdpN5st6mbk957wL42u7Q/b7xhrf1Dg22pkaPKCpM/vT7xujn9F85P6ei9ux58E6Tma+kuu6SXQMAMCCoXIVAOZIbXpAI899UvX/oz+3P2Mnj2rs5NEk6XQcyXHlXfsuuatflglW7UrCVLjquXGwaq6l2dHRkQpWzZCnKFitB6lO/PdWwWorzYLVs6lanUVLCsNsZWy7Wp17cl5Oar+kymju+tJadhxdNz+IdV0ndcMq8wZX5rq80Q3S7LV6k+O41jq/br3qqGOpnBvvlsrLU9d2ZWpcA889pTD0Ndfvpekzj2iy/9taeuU75XodRp4RzYXiSinHemwGHudP5aqsdsz2k3a+/8mPaVMmWJWkI3r32z6uzfedss471CPb/0mb84JVSfrol7XltU/rEaudpN/pf2r4wH9/Wo8aG8zuN6tcbeo7D+uW9x3RabPfZgdkjHvuPDhGf4z5Uv58p+bB7ktOO46seWjSzvlQudq1dLO619wgJwpWjX6nn8ieePp9Q+XqxVK5OnbiiSRYVfI+URhah6VyFQBwYSNcBYA5EAZVDe3+O4VBZc6PPTF4SsNH92ee917ws/LW/efUXd3NQNIOVb1ScvMq86vdpVJJHR0dmbu+S0qFabnn3biZ0bmGqqZmFatzG0A6haHiXHNdT67r5Y7TQlTqZjlxn4qD1WgJCUee56aC01KpFF939jXmeq7sJQLM/TOheWm53BveK5V6Us/PjI1o8ODeefnwPHrgMwpDX72b36SkO9E/EkgKowq79OMkajArsRqPzRI243FcSerIeD4+TEE7iXSlY7oiL2G2Y7Zfb+fU1/9Nd3yk/vDH/+BtOvzVX9CRr/2CDn/1HXrglxqHuPdL+uV/m4rbOf3QN/Smexuv+b236NCDP6dDD75dhx78Od3/zqjdx/Smfz6TOp+k33ag84Te/KmBeIPZfXMcZYxbcoAN+otPvFXPfeGntf8LP63nPv8WPffBG+qbvvOwPrvHGEezAzLGPXceQqM/xnwpf75T8yBLTjuhNQ/N2kn2s9sx90u3o5x2km47Vn+K23FLXepbd5M6lm40rp/UdFhPZE88/b4Jc/pjjI9y3jdFSXp8WWTH0XxVplf2OFvzLWM8QvPwRRObHFjpFyhnHoxxth4n+6U25zSc126Ymh/z94aM843OPzUP9mmZxzV3sN6f9uxE5xcEVY0e/a6qE6fjduLr1HijJYe1xzk9EOY8mNdr5v1ptbNw/80EAKA5wlUAmAOj+z+r6tjB+oeFOfyZHh3W4IFnMu05G16r0qWvS92EyKzsjD5wpEIvx5WjdACbt0ZmPUhLPgjmfXiJKjXnMlSNjnsu28+ipaYfyvLWe51Pcz2OLVpr6wOpa6zRGwXwqaUmnGSpiTAMMxWtdrAaNpYNcF1XTu8meS98j+SklwGYHDyt4SP75/x9FfoVDe3+iLpWv0LlFTdFPar/b1wwdaFUrp7Wp993WFI9WP3Ibd2p/V58ZxKwPvj+5/T9MJSj0/r0+4/UX/N7b9Hf39YtGefz4q1vrwesjaUBzPNJ+p0T6PzDbn3+TGgOU733qQo04/xSB0jGXXKka1frPY0tj52ajsfnkc98Tle+sfFz+/268o179Wg0zs6gPnz7A7rqjgf04WdCPfbZHbrqjgd01Zt26Ko7vqMvDFnj/Mw+Xf3mf9HVb/58/ef+4QuucrWj9xL1rr9ZTke30hWlqemwnsibFxnvGypXL+TKVb8ypdHDD6s2PZpqJ75OjV94yWGpXAUAXNgIVwHgHM0MPa2J419T20lPwU9tZkoDB3ZHCWf8465+qTqu+gW5pQ5J2fAzt5qwEd6ZFa5msJqEZUnI6rrpKlazstKscJ3LypFmxzvXtoIgiG8o1exYQRA0qmuaha95N4o6O/Uw3FwuYGEqcIraahaWJ2F9+mv/eRXOrpNfFW2/xnFdeY0f13HkLr1K7rW/Lrle6nofHzihiTP9mvP31+Qxje7/rJa+4O3yyisUzXe6Ai/9OIkakkDwvK9c3d2vbZKkzXrjD0XBarqdF7/2/9KPS5IGdGzIUbj7pD4gSbpUb/yhqKLYaDeUXrz17fGaq+b5JP02A52N+vFbJemY/utfHdZpYzwkpcbRbsc4YjIeCnX6m3v1wcaWm9Z2yXEcPfKZz+mtH5flKb319r16rDE+kT957w699RPmfv367Xfu1eONcR741nd19d2704f6p2/pmg8c16ns6abnM0zO/3ytXHXLvepZc6O6lm9pHNauKDXOK7SfyJ54+n1D5eqFWrka1KY1dux7CvyZTDvxdUrlKgDgIsQNrQDgHIRBVcP7PjkPxw00cGCPwsaNgyLOsmtUuu7dccVqy2DVSwer0WvMr3SbwZl5TPPYTlyRmG3z+aB+c6Xok1xx/81gtdl5nvvasmEjUDp//o0zOV97Tdgw3h6GYXyd1MfUbVT5pj/kRtdVqDCpTGqcc7Sv67qS66ZvfLXqZXJe8A6Fz30s1behI/tV7lmiju700gHnauL4v6l77Su05PK3afiZDzf6GX3AP/fK1eTu60bFVlKqlRwn007CbMdRUcWWXbnqZNqRVmvTSrsyrGFln14s6UEd0ZH+0HiHrNHGFdF+YaYdJ7edqN/mO22V3vXuzQp37tRXdu7U739zjf72BqP3qfNJt1N3XL/185/WbynHK16ut1wrhYOH9Xcfl6QX6tP/co1uDkPpmb268nefkjSoo4Ohbl5pvvA6ffqBa3RTGEp79+qq9+6WtFu79lylm9Yd0//6s35J6/Xn975Mr18hheGU/vUDX9VvP/yI7t+7Qb9ytdUPcz6d5PzzKledpvOVzG/0erPSs1U7s6lc7Vy6WeUlG+LHee3E05m+7JWZaKPdvOsit3I1732TOa7VXBuVq441jvH703jDLWTlqmO+XKnNOQ3ntZte89f8vWFWrubOg31a5nHNHYzK1VQ7kvzalMaOfk+BXzX2a125Gj2fHuf0QMymcjWvnei4AAAsNsJVADgH40e/otrkyTk/7vCxQ6pNTRrVL5LTs0GlG39XXkd3bvCXF6w6ja9yFwWr9epUt1EkmPcRxa5enZuPMVFot3DhYqOmyMmGpunlFBTv18y5jIMZMM5nUN1uO9G+9araMHebFF1TScAaB6bG9iAIFISBnNCRfMV9cV037l/0mihkDdf8iNyZMwqPfsE8GZ058IzWXP0iud5crpMbanjfJ7X2xb+v8rLrVBnZna7AMwOsOBBKKsTSAU4jyIgqqjL7RTlBtF+rdowxD632jAq16DzS/bHaqR+pcbz8dpK9HGPWw7h9yZF2P6ktv/WY9YqbdP+Xr9fN1iUWFabFj1depl/7Lzv1lX+QvrLtoB77P71JK6nAzajAK0yE6n7sPa/Xh3+4q77fys36m3/ZVH/10BG96xe+q6+m+pOuXH3N71ymm6L5unq1/oekP4n2OzXZeG2/fvuXPq/fttr90yeH9KtXr7AHLn8+c+Zb1jzmXj+p5435yhwn3U4yXdnrxi0vUffyK+SUuqKRT65T2f1pDL+dsGWC0Gi+rPPP9MfYnnfeRQFr3H468bP7memVUcmZN77m+zR9l3o757SObO8Y98eaB+u8HGOcUrmifX4t2o3n3X5ZqpIze96F8bXdIeO6Mi5bhX5FY8ceVehXkhPOaye+TpN+RvOR+3subseeB+s4mflKf3MAAIDFRrgKAG2qTZ/R2OEvqmUCcJamRgY1ceaEEYpIKvWq9KL3yC31zCpYdT03vnmVGYzaFauOk6yvmscM5uY2EA3jz6cLoX4OzULG6EPwwnw9v1ngWQ8156of0Xm1wzEqiHK2xtdPoDBMQlMztHMcR6EfxtdhFKRG2+tLNdR/ZLwmuPTNcqdPKDzz/bi9WmVKI8f2a8XmK9s8n3zVsQOa6P+Wlmx5q8488ccKAz8+77jSyqykiirBiirwjMfnV+XqKR0ZlG5eoey8Do7rEUnSJm1cF8qJ/73ojI6ciSo+i37P2e1E/U5feaGkm9/2Gv3uP3xV/1tP6M1/uVE/FvU+dT5h6nzqNugvPvFK/dQKY6DieYjOZ0pf/ON/1W99p6CXqeNJN63tVKoyzthv4PRQwblmzjo7DKEdoBnjE19XC1u56rqeyss2q6NnndVhKlepXLXev9H7wQxWg5pGjz2ioDZl/qJKX89K/36ScR1Fz6fHOT0QVK4CAJ7vCFcBoE2j+z+jsLHu2FypVaY1dHhf5nnv6l+W27UuVRkYyQtWXTe5eZVZLWiuexndCb6IucZqUt2ZDija58hx5jaUbtpay0C4eP1YMyicm74UH8esojVDC9/35Qe+qk5NklQNqpr2KzJvuuWHvmphzWxJHU4pXhZCkjrckspeWZ5Tr/505arTLafW3U33sxEXFNzcy3UdBYGr6LKMKlijv4dhKNdxFThB6rqLztH3/dQ5OzKqrK/8JQVj+xRWRuL2JodOq9y3VL0r1xaOYTtGn/uMul9xj3rW/bAm+7+uVGWcXUkVV6A9TypXX7hed0napiP6l8endPurujPtPPLlf9eDkqTV2rTKUbhyXfya3/zKgN74M6vr533dC3XowRukMNSpb3xDL3v/UcURqnVZO0ZgmWxerV/7sxfpf//3J6Rdx/SVqPepwC0Zt3QilB7P5HF9HAf+/dE4WP0fH3yz3nWNpD3PNJYFUDwu9vGijpoVdqvXrpDUL+lafepzV9crXOsdLQ50iuYzZ75lzeN8Vq6We9eovHSzXK/DCvYa42f8SeVqKhe0OhAfOL2jeRmZ82Cd1/O1cjUMaho7/oiC6mRq3FXUjrndeJ9QuQoAuNARrgJAG2aGdmvq9MNzeswwCDR4cG/jLurJBwZ39ctVWvOKVCgVb2uEpXawKilVKWgGq1GoGle35Hw4SVerRn+GqefOXbqNxWSPgdmn5NyTcZ2LPucdx/d9+X5NM2FFvnz5QaDp2rSmKtMar0xoyB9Vh1vSaHVMA9ODqgVJmFoJqprxZxQqVC2sqeyW1Vvqkbm0RG9Hj1Z0LleP1y1JKjmeVpZXaElnn9b1rpFbcJ/LvL4mobNSAX4UlrquK9/3k+fVCFEbhwmCQL61prDrugoaH8idjiXS1b8m/6kPSka4O3L0oMo9veromrv1V4PamEYPPqBll79JUwPfVVgbT1damZVUxvvg+VG5ukZv/YPN2va+w3rwfZ/SphM/qSM/uyYJVu/7uO64t77rj//+Fbo5DOVojd7ye5dq2/uPSvd+SZeFr9WhrauNdgb0mfcfjXqY+iPpdzpvjTdfu0X/761P6L/uNHqfOp8wdT72EbLzUL8Gj5w8Ud/tFS/TW66pb3j0yaescbSPZ1TGmfut69FrJH1Ve/R339qkv/7PXQrDQf3dW76tP5X0O/f81Hm/5qpb6lbXsi1yy0ut6y99/lSuUrma2iF6P4SSAl9jxx+RPzMeB6GzrShNfg8qfj49zumBoHIVAPB8R7gKAGcpDH0N7/1Ek08r7Rk+fkjV6clUIuH0bFDpunenQqvoQ2n01X67IlVSqlrR3J6cQ/LhvLhaM/8Ei6oY2+NKSs6pXXYY3N4xkvA67xyT59w5GIN6f/3AVyWoaKo2JT8MNFWZ1uT0lM5UBzUeTGqyNqWhmWGNVsc0WhnTmekh9ZZ6NFGb1HBlVH7gy56nWuBryp9WX0dv/MHaaUSsHW5ZS8tL1NNYc9FzPK3oXK4bV12nVd0r1OHO/v8W1K9F44xyAupo3VXHceS5XhywhkFoHCOU53mKYlbPeF5Lr5Oz+U0KD382Oa4CDR7apzVXXC/Xm7v/GzNx9GvqWfsK9W16g8b23/e8qlz98h9t16Y/yjmpX369jvzsGq191au1o/9juv0jku79V226N2ffX3qdPnJbdxxYrHvVq3T/yU/oTfdK+uiXddlHCwbunet1syQ74civXJXk9OgNv3GrPr9z55xWrr74xhskPSl957u69Y3fzXTz/2fvXYPkOs87v997Tt+mp3vuMwAGGBAEQYIgSPEmSpQskSDXsr1eS7a8kqxEK+/GWylvzFSyqcrWftn9kKpUNluVbKUqkbWfUolsZ7O0s5K9pqQVJZKiKEo2JFG8gCAJkiCGAAZzv/TM9O2c8+bD6dPnPZfu6ZlpkJTw/FhTPdPnOe/14h372QAAIABJREFUnAbPv//v8+7GuapHD/OH/+CnfPdP4bv/5klu+zfGaR+5j8/eluhu5/lMmW9i89hP56qdHSBXniFTHEsR3Ew9qzV+xqs4VyO6YKwB7YKjgeZlZMzDL7pzFTwqcy/6wmrK5504VwVBEAQhioirgiAIu2Tr8vdwqv3dxGp7ZZHqyiKmyxB7gOyd/ww7k00VVi3LIpPJkMlk2ptXKaXaZcTdqoEQGzyMKEVEcO0VX4TcWVwM4sJXUxQBX1T1EvGxUtqx4cNUvFzLKIOuMUE+06BMs+7weHf20nf/PI2nPVw8mp5DrVljs77FfGOJny+/wmZjk7ntebadGlWnxmZzk21nm7rb8DeFQmEpC1f7MqStfHHd9VzDJRVSaVRotpytGWVjW34qAE97rR9N1sowMTDOhyfviYhFphBljqnZ//i1o7XGdb3I3wFmrlXP83CVGznmeR62sVGV57o4nofreXgH/i7W+huo9Vfax916jbV332bsWNw+uB80axf+jKn7/wXVhR/Q3Hw34gz7YDtXu3YLgHv/s3/Iu79+kX/8+WdbKQACZvg/Hn+Ez4yaDjH/9b4vfplLv7fAH//af+Jfx8v9g1/j0u9NJvoTtjsqQGrzwPhR/sd/PsuT//oKEBeUo4JgvIROzlV98jZ+/N8v8+D/0nKwcpo//8ujXP6fvsV/9zdz/PXLVX7roXh5hjOu3Ty//3f/7qf54dRZfuXfXAtP+ch9PPfPp5lKdjc6nxG9yhgf04HXjmv1Nywg5lDszbmKssgPzZAbPBB1Diauv2j/xbkqztVIgNZopanMvYJTW4teF+bnoPG3OFcFQRAEAZTer11IEAThBsKpLTN/9l+i3VrfymzWqiy9+SrERDv71H9N9sDHgTB/ZUA2m8WyLHI5I1+mIa4GQlU2mwWICKy+yLq3xxHLslsibyeBUbUeaHtxdoaxpggZ5Hr1d4/f+Z+o0HGaHttZDE7W30043llU7r4BlOt6rNTXeHfrCq+uvsGb6xdZqq1QaVaY25pvi6axEtuiaL/xtEfBzvOJQx/ln97xh+Ry2a4uoF5E9UBgDa5X/++wX8HmVY7r4DoujuNExst1XV98dRzcVtoArTW6uYV17n9ANVYi9ZUPzVCaOLjHEUhn9OQfkCsfYfXc/xoRBCIP/CkCa0LA8SNIdw52EIoi9RjsJLj1WE8ouO2vnjTBY6d6ooJSTFiJCW7d6mkLK1FlJlVwS68nKYR1FtwSymAHgauXeuLjE60nOo691RNUYBfGKQwfQwVO7o6CW1zGjF3P5hcCkXGE5BsmafMQEy4TQlrKfdNNYE0VNDs7V83A3QisSedqSn/jgSkCa2Q+4+O8T4E1KVwmfmmF9+BcTWnQ1uLr1Dcup89Xp8/BLgJrWE3sOtylwJp63yiFyhTInfrHjJz6PCdPnuzUS0EQBEFIZWNjA4AXXnhhT+ffe++9gDhXBUEQdsX6W4+jnf4Jq57nsjb7JuBFbF7W5INY4w+0BMZQBAkcq4FrtZ1XVYWpAAIBNUgbYApm/t/pbekunqm2+LFTTLy86GvoRjOduJ2FTTM3bFp5HqErVrXqDeO7lx2t33zt1q/ORJfJ+y5NzXx1kRdXz/Ha6gXeWHuLxeoyNbeO64UbUClUe5Op9wqFYig3xEem7ieX80X4qMu4Fadoz/tOAqs5pwGB0B9cy+36VZgTuL35VUpeYQA7X4Zb/xDO/8+RB/bKtcvkBkrkiqXdD0AH1t96nIMP/mvyY/dRX/4p4fN9iqDwgXCuxgW0UIDoVE9nYZVd1ZMQVoNyUuqJC56mwNLNuZp0QqYIVZ2EVeL1xOchRcDtJiCppPC4k6P0ujlXgVzpANnBQ1iZQvRAROAW52qvwqpZTbIBRjtShd6oYP+L6lytb8xR37gc6Y84VwVBEARhZ0RcFQRB6JHa6nmqC8lcfvth4+osTqNORFktHEDd/A9BRYUmc3OqIBWAZfvCarjUX4WbW5k5WNvO1TDWpNel/p1dnYr2o1gXwTJ8qNaRvwO3KokNlbTxMBatO3S6BkJgUK8ivoR97zlSQ2G1W9/N+h3HYWVrlTe2L/LDa2eZ277GUm2FzcYmNbfuL/FvPxSG8/Ze4mmPgcwAtw4f557R0136GI5/3F2cHh/EqvZy/4TgGnwRYIXzb9s2juMkBFjLsrCCsRm+DW/6N9FXvhmJWbv8NhN9zL/qNTfZuPh1ho79feqrL6I8p/XAb6a1MIQbYy7f65yrnduTXg9d6mEX9ZDab1pKSno9bR3FOB7tf2/1dMq52ns98XkI62FX/Q66GwpP3euJz0O0nt3kXM0OTJIbmkFZWePKDSqIz0Mn52qrX8ar5FyN6IKxBkTvk2R7ovP9i5hz1alvsrX4Wrs/mP2J36ed6jGPG8Kn5FwVBEEQftkRcVUQBKEHtOey9vrX6PB4sieceo3q+nL0TStH9o5/CrmoEy8Qq2zbbgurwfumsBrPrRo93lnE21l8TDoSzbb5h5IiqumEDMrxn5GSQqxq5RAFWpsghXFmefE6wnaFdfgOnm5u2KjIu5d+B20I6mo06lyqXOFvVn7Gi4uvsFhfZrW2hqNdXO0mynk/HwoViqmBCR48cD/DhXKkTcn+BnMVdwun5esN005oHeZTjdcdiP+u54JOulot2249vPtt8jwP7Xnow78DG29A5c12rNtssLU8T3lqej9DEmHz8ncZnD7D4PSvs/nuE23nlCl4iHM16oxr30rtezpaj07UQ7seca725lzNFEbIDc1gZQbNnhJtQNBss91mv814ca6Kc7V13HXYnHsJtJfojzhXBUEQBGFndr+TiSAIwg3I5pXv4lSv7Ry4CzbmZiMCqFKKzIkvoYq+SGQKh3Fh1VxSDb4TMHCnmukATOfq7tn5kSXu2gzOCUVT831t9Ckab4qqQa5VM84sL73ssA1+m7xYTNgnU+jt0rPE73ExNBBWXdfl4sYsT1z+Lv/3hX/Pt2a/y6trr3N16xpVt4bT2lQqPifvF572KGQKnBg6zj1jd7avDTMVQHSOzHFN/m6iFNi2lbiuw+MqssmabdmRLwLMGDMFRtu9qmzc43+Iyg5Gyt9ansdtNvo4Spq1C39KcfpTZAqj+E4uU9Iwv0Bo/d22YEX/bjtJgy7Q/iUsB8MplnadBUIRYTvCuHg9qmM9EOoeietQqXb9O9UTxulEPXSoRyXqMfqve68nOQ9E223WQ7ye+DzoSL/b45haT2wezPmJjbMOi42OT5d6wrh4PQorP0xx8k4KY7djZQeJVBhOYKQe88uJaL/NeGNcA+EqMV+RYehYb3QezPmKnm86VyPz0Onfm9h1RaQe43D8tPg4x+YbY9y1WXyiGen3SbI9ROpRkZZFxyMxnGZ5XeuNzo/5uYHR36D/kXmId8soV2uPzfmX8Jxa8v40rwvzczClnvb1bFxw5n0SHefoQJjzoOP1mPdNrJ73+99TQRAEQQgQ56ogCMIOeM0tNi7+ZXctbpdsry3T2N6MvKcGZ7AmP4kOXCJaowwhKs2NCklhdbeu1XQCdyd07rhq/Ziuw2hs8KAUuGlSS1HhMv7oY2fw1Bj/vZvDJ5r3NHosHJNenLrx381yg7GpNCu8uHiOH1z7MedWX2OhuoTreWQsu50D93rgaX+5fc7OYSsLV7u4u0h9MF08wMcO3s9Ucbz9XjjX5liTcpyO10VUSAXTkBr/QsDzPN+92tq0KjgeF9DjSz9VbgRv+nexZv800riNuXcZnbml5zHYifrKeWrLL1Kc/g02Lv67rk5GAHGuGuWk1KMT9dCuR5yrKc5VIDd4gOzgAazMAJHhif4S/bvdbLPdZr/NeHGuinNVU118neb2WqR/Zn/EuSoIgiAIOyPOVUEQhB3YvPI0nrON7tN/rutQWbicqEed/G/xsNvCKviCVJBDNe7uM3/SHKumsLo3NJ0fyYLyOz6yETg7g7KSD61B23yxM03wDITXfrhTgjJ0S5jcPcE5fr/mtud5+spz/NWlb/PDa3/L1a15tNZkrOuzMZXWGk97eNqjmBlgevAgNw8dZXJggqyV7alPWmuKmSK3jdzC6dHbDbGzl/HVHX7v0FYvFEnjbtT06zS81s04U2wN4jjwMBQPR+qsb65T21zv232q0WxceoLC5EexMmXjejccW4bwK85Vo5yUelSiHqP/uvd6bgTnamZgnNKBe8gNH/OFVaMfRgej8xerJ+y/OFfDeTAnJuy/Ob7Jf2rS75Nke4jU84viXHVqq9Qqc8b1Fbs/zevCuH5Jqad9PRsXnHmfRMc5OhDiXBUEQRB+0RHnqiAIQhc8t07l8pN9LXNzaQ7tedGHqdItkB/3c43iPziomBvV3KBKWf5r3NVqEggWcadrb6SLoQF+cboHQa8XQS5ejjbeDx+2upexM9Gl7ntHKZjbXuDbs0/z1JVnWagu4WmPrNX/f1K1DmQ+/xl0MFPk4OAUN5VnGM2NsO1UubD+Nl4rTnV8hPbxtMdN5SPcO3EXY/mRSJ/8+qAfYwS0N7Pyyzfz3NJ+z3SsmsfD9BCBqBwtB8A79o+wzv+rSHsrC1fIFUuoPaXBSNLYeJv6+gWKBx9i892/JpQ0wvtLnKvRekLHZLQenaiH0NG2i3p+WZ2r2DlyxQmyAxOoTCHdoRgdyOj8xeoJ+y/O1XAeIhdetP/t9nVqgNGOyAmxYo1xNQM+iM5V7TbYvHYudn3pRH/EuSoIgiAIOyPOVUEQhC5sz/0Qr77uPwD04cep1aiuLkUrsYtw6p+FYlRMWI0ISsY6a0v5OSuDGKD9Gnf7xf/eL72U188YU+DYe1/2Px6e9qg0Nvne5Wf59ux3mduax9Ne31MABC5VV7sooGgXODx4iI9NfZjP3vT3eOjQg5Syg1zdvsbVrTlqbm3HNnjaI2/nuH3kBHeMnsSywkfS63G9hMJq+J4pspriq2VZWHZ0M7ZoGcq/L4x7wSofh6lPROp0G3W2Vxb7dr+iofLOEwwcfBjLzhNKBVFxGGLOOONvca6qyOGEMy42jjvV88vmXM0URhgYu43SgXvJlY+gMoVEPe3rIzqQ0fmL1RNxFkb6bcaLc/VGdq5uXnsF7TVj11fs/jSvC+P6JaWe9n1jXHDmfRId5+hAiHNVEARB+EVHnKuCIAgd0J5DZfbbmKLcfqnMXzYeulrc8o/QKvw4DgSmNFeqLzL5cXG3atyh6ouzvuDmul5ETOsHEeHrOmMKfZ6nU/vSS3vabikNUeFo53K01lSbNX688DP+8uI3Wa2vY/UpZYFZh0a3BdtStsTUwAQnhm/mwan7ODlwC0v1VX688hO+OftdVupr2CqzYyoCrTWO53Dr8HHuHj/NZGGsY1z4qhLP+4nl+T1g23ZLrI1+OWCKarZt+8ds8Fwvci0H90OkHZ6H63m4058js/wzcLfbx7aXFygMjWBncz21bydqKy/T3L5GfvKjVK89iyn0Rxx4CcdWukNxb85VM86vR+9UT9wZZtSjOtVD53oCJSThjIs7ATvUo8OK2i/t+iLt6V7PL4Nz1VIZ7MIYucEpVLYYuy7CcTdlx8jwRH+J/h07QZyr4lxNG5/t5bdwamvRzx+jf2Z/PujOVXaRb1wQBEEQrhcirgqCIHRge+EnONX5vpVXXV+hWduKWkhyo6jR+9sPmpZloaAtOJmiUiAy2bZNxs5EhNe40GoKq0Dk937RSeS8XniexrYtbDu9zm6CaRjjP7D57U6PS+uX1hrHdbm8cpU/vfDnrNbW6Fcu2LBdtDamcrFVhpuHbuKByXu5d+JODhcPkbdzvLz6Gv/X6/+OS5V3QUPWyvbkmnW1S8HO85Gp+7hz7FRCrAwI+t7puBmzU1/MMizLSgiraZtb4YFWOjUuKMMsB7uAO/3b2Jf/XVg/HpWFq4wcPtaxjbulculbjN76e1Sv/YBADTDF4YhgFDiqAsda/Hjb6ha8BM6wQFhIpk9gD/UEjjKzHnqqJ3o83u7U9pDWnlg5wcgZ9bCHepJxsXJ2rCfQa2Lt3rGeWFyrnnA+dqoHLCtPpjhOdvAQyrJjwlOH9rTriQuVcUEyel1FyjHnI7yC/X4Zr2a/E9XsUG9yHqL1RsYnUo+KtCdBfAA61RNvlQrnLdoe8/5Ju//iOmes5Higir3dbk8gbKpWKfH7IlZfouLYwBv9IfW6COc77HfKfQG49Qr1tUvtcYoI8Il6YvNljl87Ln4fG+0x5iNyX3T83OhWT/x4qxynnrxuBEEQBOE9RsRVQRCEFLT2qMx+s2/lea7L5uJc7F0LTv437XySmYz/kWzmWQ2IuFlV1NEaF/h8Yfb6Z315L+oI8PvUXcjsJpiGMTu3Oa1fWmsWtpf4s3f/A2+tv8OAXeibsBpQdWsAHClN85ljv8HHxz7M5MA4tm3zzuosX7/6LZ66/ANc7ZJRmXbe3V5wtMuDUx/mvsm7GM6XO8btNKe9zAOEQni3cvz67IjAFwinceEV/DmICKst9NTD6OUfoKrhJnGNrQ3qWxvkB4d2bGsvVBd/wvDx32X8gf8t0l5BEATh/efcuXPvdxMEQRCEGxwRVwVBEFKoLv6MxsY7fStva3ne38TKFP8Gj6Hz05G4TptTQehmte3OS8DfK2H1g4TXGtdubsogLUInQdQX7nTHmPnaIt+5+gwvLL5EVvXvn06tNY522htNferIGe4dupOjw4cp5QdZa2zw02sv8szV53lp+dWWq7V7CoA4judQzg7y8bEPc3Px6J7buZNg6i/9160vAsIx7JSSIhBQA9dq8GqWE1zrwXudynBn/nMyb/wvmA6zzYU5skcH+7O5lXbZeOc/MnbHf4njOPsvTxAEQRAEQRCEXxpEXBUEQUhh452/7ltZrtOkur4cNVXaBdTxL6NbS7oDp2rgWoXo8upAVE1LAxC8msu5Pc/PW9lNMLye9CLG9Yte+tZL+oJOMc1mk3dXr/Kj+Z+w0dwkb+0/l6enPVzPBaU4UJzi0zf9OncNnuTI2GEGM0W06/HzxXM8u/BjXlx6maXqCk3PwVb2rufS8RweOfwJ7po6xWC+uOc29zKGaU5qy1Lt6yEeF1zj8dzBwfUdOFXTBE1LqdaSUbBGboOJB2H5R+3jrtOgVlllYHh8F73szNa15xm+5XOozJC4VwVBEARBEARBaCPiqiAIQozayqs0Nt7uW3nV1SUSy9WHP4SXPwSAbaQBCMTRUDBtHbP91zRhNf4TuP78899bUdVkP3V7np+brZuQGAjIe3WjBjFa667pAtadCq9V3uRS5V0s9p9n1fEcNJqJgXHun7ybeyfu4u6x04xmh8hms6w3Kpyd/zlPX32O19ffpNLYBHoTkeN9a3hNJgcmuG/0Q0wUxiP97KXvfkz3uQxE004xSilc10vNxRrUn5aP1dMeSke/QAjOd41rHK1Ba9zDv4u19nNopVcAqK6tUBga68+XC9qjcumbjNz2JXGvCoIgCIIgCILQRsRVQRCEGBvv/HV8R4s947kutY3ViLSqs0PoA78Gysa2LKyWaGr+ABG3arArfTwm+D0QEHsRw94L9itm9XJ6L3XsN6bRbPL26iXOLr1A1amRt/fuWg3cqhMD49w9fif3jJ/m5PAJDpUOtHK4woX1i/x4/qecXXiBdyqz1Nw6ir07j13t8mszZzg5eoJCJp843tv47O84+Nej55nOVt0S0JObKrXf062Nfryw/3FhFvx7zNManSnjTZ7BvvbtdozXbNCorJMvD+/cyB7YvPwUQ8d/B6UK4l4VBEEQBEEQBAEQcVUQBCFCY+MiteWX+1ZedX2Z9g7OLfTYAzB4tC2cpuVQbW9eZXXfvAqi7tVfFsGnH8KpPybpx9KWo6ex1ljn9fU3eXvjEhkrg6V2n+bA0x6udhnODXNi+GY+NHYH903cxU3lIwzYBSzLotFs8OrGGzz57rO8snKepdoyjufuqb6gf572uGXoGB+f+gjjA6MJh+p7IU4HDmT/+g3HPNwlO3wv4bz2wMOLCKtmvOd5eJ6HJnTh6slHsRefBi/cPbq6vkyuNNQX96r2mlRm/xNDN38W13X3XZ4gCIIgCIIgCL/4iLgqCIJgsPHOE30rS3setY1VTGVV2wUYeyAimraPGcJoXFgNjvfDaRhpY5+crr2KlTvRSzqAoM07xe1EUEbntnhc3Z7njcrbbDW3yNtJ52fXNrY2V8oom5MjJzg9fDsfPXgfx4duopwdxLZtPM9js77Fj+d/ynfnnuXcyuvU9+lWDeouZAr8xtFHOVqaJmdn91QO7DwXaTHBHPkbTIUu6zD3qk5sUtXenMp1E8eCVAHme21B1YjV9iDu2K9gLz3djnMadZrVLXLF0q7HII3K7HcYOvZbwI21cZwgCIIgCIIgCOmIuCoIgtDCc6psL73QFsX2S3VjFW3kkgRg/BOowZv9zXhaxN2maZtWpcWaTj+t/aXWwWHTFRjEptXVKpV4Tth4nOrSXv+9sN5ucd3KCZaL79QWs807OXW7j1+nsn3qboPLm1e5vHW1ax2JlhnC6sHiFDOlw/z6zCOcKt3KWHGETMb/p9fxXNZq65xbeo1/f/EbzFauAOzZrdquH41CcfvoCT524AEGc8VUV3O3sfH/DuLSjwcxnebcz6cadVRrHeTC9SI5XwMnahiXvCc8z0vkZw3yrQZ1WJaFmv4NWP4B6DAv6vbaEtniYJdR6x3tbFFbfpn8+L3RtgiCIAiCIAiCcEMi4qogCEKL6uILaKe+c2APaK2pbqxElSdlo4dP+wJQzLUKKaJqzDBopgUwN74Klr+bGwa181G2NnSKilZBwbqjgKvbglVQN8b50XKDnK/xMsy44DVtnHxhTWPbSbem6YAM48I2B5taxUVls8y44Gf2P4gz2xicX3G2uLg5y9zWPCo+GSmYLs4Bu8DUwCSfmjnDA5P3cKR0kKyVbcc52mW5tsrfLrzAE5ee5MLaRfJ2bt/O36B/w/khPnX4DAcLk22xNq3vZru7zWmn+UwTXuPnm9eTPz+0x6lbmovwnDAHcUBkSb7yZyc4rtUQ3vjHsZZ/0A5x6jWa1SrZwkDvg9mFrbkfMTB5v4irgiAIgiAIgiCIuCoIghCwde1H0CfXamNzHVw3Ism5U5/CGjmduju7UircvMqysDN2exMrMyZNDA3dgdEyTUEzFMPM8tJTEpjnpQmi5vFu7sd4OWnu2VAsjrbTdDoGQqA/RlHBL9zYyxwPq+2ajJcZbW+07niflqrLXN2ep+bWd9zIKnCr2spmvDDGA1P38nePPsqJ8s2JvjfcJpe35nju2t/wxKUnmd9eTN1sarcEeVbLuRIPHfwYHxu5j1wmFHTNTdDiyn18TtPmKm0+fXExKtiGwndSWA+cq2mY7tQ4nvbQnm7HBC5XZVn+4nzjywNXa/TBX4flH6IIxc/a+jLZwuHeBnMHqks/R7tVlMr90uQ5FgRBEARBEARhb4i4KgiCALj1dapLL/alLK011fWVxPv26N2+y64lkgYopchkMliW1X6NY54Td60GmEKoHx8KXLZt4bqeIVwmN3uKx6ZtCBUvN+5IDcQz27bartFkTCBGqbYIGrhMbTvIu+m13Y+eR/t4WnuDXedbpUfEPbNM0+2aVr/52mw6LG2vsN7YSMxFGp72yNpZTo3eym/O/CqfnHqQfD4pyDqOy6XKZf7DpSf43uVn0Vr3RVgFPx2AbdmcGD7OZ4//PYZKQwDteQ/GKW1Og7ENYttltsRtf+O15HxGr9XweDD/ALatIvNpWX6uWb8uK5Iz1bKstis1cp944FkexIyiZj5i3UoRAODaw+jh+8mun23HNqtbOPUamXxhT+Nrot0a2/NnKR76pGxsJQiCIAiCIAg3OCKuCoIgAFtzz4PXH5GksbWJ5zpRO+XkQ6jS0fbO5q7rJkTWtmgaE0nThNXwHFMwTF/uDlHRzBQfd4o1MYW1Ts7WYJOptFizT/Hf4zGm69QX95LtSW9DUmxOiovJ+pPnOMxWLjO3NZ+o18T1/HmcKR/mYwc+zCOHP8Gx8gwZZSdim02Hny2/xNcvfZOfLry0r02rUtuiPQ4Wp/g7Rz7JgcJEok/d5tQU30385nWfz/i1Fwj4aekWPC90vWYydmt+w2sm+D0uumo0GLdnOwWA1u2NweIipzP5KbKVn4E23Ksbq5QmDvU0njuxeeVZSocfxnGcnYMFQRAEQRAEQfilRcRVQRAEYOva8/QjJYDWmtrGavL9iYdBZSNLs8Ol7mE6gKCMqCPVisQH58cdmSGhmGYKYul5VNNjzXJNETZ0mVqtY17H5eHxNAS95Ec1xzF0WUbLMYW7tD6FbfLLNMXFcPOvsJ2BwGf2eZsa12qLbDY3sTtsMOV6LoVMnrsnTvPogU9yx+hJxgdHyVrJf1q3t7c5u/wi37zyXV5deR2tPSwrKcDulabnMJof5oGJe7l/5ENkjPyk0VQLYX7eeG7UtFQPZlqGeJqFYJyj8cmcreG4h983xMVU/9zo35H3DNE8nnfY3CDLbaUMALCKh3BKd5KpvNQ+t7G9idusY2e7p3nohfrqedz6GsoalNQAgiAIgiAIgnADI+KqIAg3PM3teerrb/WlLKdRx202iOS0HL0Pa2CylZczFIcCh55t21GRqrXvkCmomrlW4yJrN9HS3FQoaJOpxZriphkbdXfSPtfMZRrUb7623u1QTrL+ZM7VqGCXtqFWWs7X7mUmxUW/LJXoT8CWs82ms4mrXTIq/KcyyGva1A4nho7xiUMP8sDUPRwrzVDMDKSmdKhWa/zVu9/hmWvPc2nzXRzPaW8y1Q887ZGzstw9fppPzZxhrDiScA+b42KK5UGf0jaX6hQXLy86R9G0DOa4pwxNQmQNxfKkWGlubBWkDwhEVRNzDtypT5GpvBw5XtusUBwd7zCau2Nz7nnKR39D3KuCIAiCIAiCcAPTv6c7QRCEX1A2r/zXUZidAAAgAElEQVTAFzT78NPY3mwtjQ9/mPk8WmXb9QViafATuFfN46bwajpXzeNmvP8adQZC1A0YLtkn5dykk9DzjGXZHXZ4jx+P/q7a4lfgJjTLMf9OuhiDuFAsTltCntauTmX6r6YQF4qK5vmep6k0t6i69cRYetpDo7l/8m5+86ZP8ejhT3Dr8HFKucGEsKq1ptls8uz8j/ju1Wd5pzJL0232NR2Apz087XHL0DF+5dBHuXlopr3pU+exAn+pfzh2kTK9wNWaHpdWXlhEUiwNBO206zZ4P96O+Jz4JSss20rcO+FxsGLzaZePQ+nmyP3oVDfRnu7L/b555dlUQV0QBEEQBEEQhBsHca4KgnBDo7XH1tUf0K+UAM3tSvRNZePZQ+DphJBkOlIjLk8FlrISoqpZjy840i7L83Rb4AqWX5tuVXNJNvi5LwPxzHcihsvlw9gwzhQuo81Jc46G9QRiW7DRldYe1WqNzc1NatUquVyOqQMH2oJg2N/kkvGoQzFar3nMFPrMdoRuzlB4TBM5Xddlo7FBza1Fxhw0Q7kyH566h79z6JMcH7mJ0fwImZTl/Z7nsVXd5nvXfsC3Lz/Fu1tX8LSH3cdUAACO53K0fJiHpj/GPWOnyVlZQ9D0xctg/65gHvx0DbTHINpunRrnnx91MceHLpi3wBEcCOKZjL2DmBzOSeJIZF4VtmXjaX9jq7jYS+t+8jyvfTcrpWiOPURu62LYR9fBqVfJFga6tKk3mpVL1DfewS4e6dgHQRAEQRAEQRA+2Nx77737Ol/EVUEQbmjqa2/iVBf6Ulaztu074oyUAN7QXRGhp5OgFxGRUCgrjI0LTGbe0O4GyHhagGh9plgW5jfFEEOj7Q4di9H8mTthVu15mpWVFWZnZ1lfW2NoeJih4WGKxWIiJ2enskIXYvry8c7tSPYrDcdpslpbY9up+m3WHpaymCiM8+CBD/Orhx/meOkouWy241xu1Cs8f+0s/+HSE61NsVRfUwEAOJ7DcH6Ijx/4CB+ZuI+R3HBrfKKbToVL84P2pW9uFbR9/+i2SLvXeuJienANep6HhYWnkkKmal0YtlK4rovGF7md0l3kVBZ0uHS/sb3ZF3EV/M3wRm79ooirgiAIgiAIgnCDImvZBEG4odm69qO+ldWsbvm6avvHwjv2B+3jaUuZzY2FghjbtrGt0O2XcOi1SHeLmgJluJw+eM8XvczYpPgVul5JiLNRV2r42iktQOCyVSrcJX5ra4uFhQXmFxZYWlqiUqkk+mCOj5mewC/HMsYk7Zx4G/2l7WZaAX8u0oVR1/OY315is7GJ1pqcleOWoZv5tZlH+PvH/x4nR453FFZd12V1e52/mX+Bxy/9FbOVK/5y9j6lAQjwtIdSFvdPfoiHD36MmdKhtuAc75eZUsHvf7LPnheNMTcji+e9TZvzoJxAwA7LsRLjZLpa28v3bSuxvN50dwflmE7veGw7ppVKI6hLWRmcoTsi92azttUnIRm25/+25y8aBEEQBEEQBEH45UOcq4Ig3LBoz2Hr6g/TFbpdl+XRrFUxXas6PwXKXwZuCkSmYBSKmGHu1TQR1iQQjqJL5qNL5OObAwWpA8zNi0whzhSaApEtENjM8sNNjayIKBwXd4M0AEE7TfE4l8uRzfo5aJvNJhsbG0xNTUXyzrbHUEeF3aQAF7Y56E/c/Zrc8KhzzlOtNRk7w0azQtWpMZAZ4LbhW/j1mUd44MA9jBdGU8/z2+Cxsr3GTxde5D9e/Q4XK7MU7HzH+L2gtcbDd2+eHLmFR6Y/wUz5MJZlp4qqvqgcpkHo1HdzjMyYwNFsbo4VXj9Bv0OhPS0HblodcZeyUgrXTXejxtM5hH0L752A9gZXhgBrWRaN4V8hs2FsbKWhWd0mN1BM1LlbnK1r1FbOkx0+Ke5VQRAEQRAEQbgBEeeqIAg3LNsLP8NtbPRlL6tGbRuldcS42jz4O+26Om16YwpQVop7D0gVkWw76uCLiptRx6tlqZYz0Ws7SX2nYDLfZlxYDcoxRbUgJng1NzgyXaOWFRVvtdbYtkWpVKJUKvn5MJtNlpeXE7uth+JZZ2E1zXG5E2niYui41G1h29Me+Uye+yfv5vM3f5ozBz7eVVjVWrNZ3+LH8z/lTy7+f5xbef26CKsajeO53Dx0lH98+5e4f/JuBnMDqcIq+E5a04Wc5po26RQThKWNdTjH/t/B9RVco9Gy6OhUTSN6DSadrbZtJ37A/7LDFDrtoZOo7Ej0/qxu9msfO7bmnpeNrQRBEARBEAThBkWeBARBuGGprbzat7ISKQGsLLp0OwB2B9cqEPnbUkkxKo6fNiD86I67V02nZ1wEtSyLTMZOFSl7IR4XiGdh30KRN6gjTYgtFouUy2Wy2SzNZpPV1dWIuBqIpq7rtR2OZpvNZeWmOzbduZnuyIz3yRQN64061WaNeybu5PM3f4YHpu6hUOgslGqtaboOr62/ydMLP+Ty1hXydq7LSO6eQFgFmB48yB+d/gNOjdxKIaWeUFgNxcX0dBR+TJqgHo8JyowLpmF9nUVws029Endvh/PkRY7HRVXP81Kd6JZt4w3fGblHnXoVz3V31a5ObC++KOKqIAiCIAiCINygSFoAQRBuWGrLr/YlJYDnuriNOmZKALJDbaVRdXGtWpaFZVsoK7rU3vO8tljTLUVAsFQ7Kuz4sbatdhQXzXJ6jTPFXRNT2LXtIJdm2Bb/fI9CocDQ0BDZbJZGo8H29jYbGxuUSoPtOjzPS6QuiLcjiOmlX732PeDBA/dzcHCKkyMnOvY37Lfm5dXzfP3SN/nZ4kt9d6wCeHg4nsv04EH+1Uf/BQcLk+Qy6XlfISqImkv4wzZjOJlVah9NAbtTPUFcmggeab8Xiq8d+7jDknrXEEKVpbCICu7Bq9sqJ55mojH8IIXlH0bec2rb5IqlrvX2gltdpLm9gJUbe89TA6ytrbG+vs7W1lZkjARBED6IKKXIZrOUy2UOHDiQmhJIEARBEH7REHFVEIQbErdRoVGZ7UtZzdp24r36wc/5+VNTXH6B+JLJZFoxVnsn+fiSfpPgPdf1sG0rNUdlsq5QXNwpJh7ntzO583yA63rMz8/jeR7Dw8MMDAx0FeEcx20Ldb57tcTW1haO47C8vMyBAwfa9YaO2PT2dhOwuvUp7FvS1RowWCzykex9ZCwbpfx+dhIOPc/jwvpFvjX7PV5ZPk/OynZs117wtC+AjuSH+djBB/jVww9xsDCJrdIfRj3Pi1wXmUwyzkwR0WljL8/zuo5REGOmAkjf4Kt3oTH4ciGZqsCKCqtKYSsbrbS/sZeOulsty8L1vPa95wXlDRyB/ATUl9plNav9EVcBasvnKE4/1LeNsnai0Whw6dIlMpkMhUKBAwcOdL3/BEEQ4tTrdTY2NpiYmHjP6nQcp13v6uoqR48epVTa3+fwe/W5KwiCIAidEHFVEIQbktrKecLd5PdHs7YdseRpexBdOgn4rlXLstpOVPNHKQUpopSZPsDcfMqMC0SrbhszxYXVbsKLKZyZAq/WGtfVEXFRa02z6fDmmxd4440LaK05ffo0MzMz5PO5jiJbuBmWYrBYpFQqA/NtcdVxnNiu8NE2m8LqTuJrvF9mOaZomHbcsiwGMoVWeSSOm6zU1/nW7Pf424WfUXPrbZF8r7iei0ZjKYu8nWM0P8KdY6f42IEPc2v5OKOFYTJWpoubN+x7IKzG+x4XVuN9C4RVICK+pl1//vvJDazi85Dmno3H+bmBkw/JpnPWdHfHXZrmZm2Z1oZpnuv6P60crI3Sh8g1ng774TRwnSZ2Zv+ieG3lVUpHzuy7nF6oVCrMzs4yMjLC4ODge1KnIAi/fLwfX8hkMhkymQyDg4NsbGxw6dIlRkZGOHz48HveFkEQBEHoFyKuCoJwQ1JbOUc/xFXXaeI5zch7OjeOZWewlEJBal7HthilaefShM7uizRHX5iPEkgpI4wPBD/z/OjO7lGByzOEsXATIq29tpBWq9W4dm2e9fV1PM/jypUrlEslJqemWmJcNCdqfKf4vJEawHEcFhYWaDQa5PP5dloErX1npC8AJl2N5kZLwdZCZmqC9L6HGzT59YS6eJi3NprLNRyfaN2e5/Gdd5/mZ0svUXVqKHb/kKq17760LV8ILWTyjORHOFo6zMmRExwrzXBk8BCThXEKVqFdR5AOIhxjHRuPUGwMHKZhXHL8zJy48essNAmnx4TCaXxuwjEMXoN0BEFM8Op/AZEUVc2fQOwPXjW6LZqagnuk7HYffEG5UbqX3MrTkXqcehU7s///Haoun3tPhIrgfhsbG6NYLF73+gRB+OXl/Xa7Dw0NUSgUWFpaolQqMTw8/L62RxAEQRD2ioirgiDckFSXXu1HulWcej0hqancuO+wwxD6Yruetze1MoQ9z/Miuce65bpMe7+TABsvJy54pjkOOy+x8wW9bC7L+Pg4c3Nz1Go15ubmKJVKlMplBgcH22WklaMU5PM5hoeHKRaLrK+vU61WWVtbY3h4GM/z2N7eZn19Hdd1GR8bY3xiomvKhG7ic6eYUKjz22QKfzvhui4/W3mZ5679DYvVJRSdc7qC70iNty2jbPLZAgW7wEhuiEODBzhSmuZo8QgHi1NMDYxTzpYTqQaSm5glxc7Wb11j/LBQWI/3vdv4BddVnE5z7h+DUATufvOZomqAmTag/b5OXseBU9w1HKvt+MJBdHYcq7ncLtep18gVy13b0wtOdcnPu5odva55V69du9Z2fQmCIOyH91tcBcjl/P8fuHz5MoODg2T68GWXIAiCILzXyL9egiDccPQz36rbbERTAlh5vJH7QPt+VA+wjCX+ibQAhsZkikNpy6zNmJ2ErwDLUgk3o7l8Ok6asBpNS+Afz2ayzMzMsLiwwNy1a1SrVa5du8b4+DiFQr7tNE0rxxczLQqFAqXSYNv9+u7sLEvFIltbW1SrVTY3N1FK4Rw7xtDwMLlcLrXdncTF+E7z3cTXXgW/gOXGKk9d/QGXN6/iaDe1/HY9KLJ2lryVI2fnGMgUGMqVGc6VGc2PcHBgiqnCBJPFCSYHxhnNDJOzcx3bGjpWO4mmQWz3GHM+E21Ouf46jV9U7O08hqbDtlPfOpHWlkDQ9jfkshOpAuLOV2gJr+XbsVafb8d5TrPrFxm7obZ8joFDn9x3Od1YXV3l8OHDHwhRRBAEoR8MDg6yvb3N3NwcMzMz73dzBEEQBGHXiLgqCMINR23lVXzZc39orXGb9eh7+YM4pTvDxegtW6QpqCZEEe3vfm6Kr5AucPUiLgb4cb6AlhbXyQEaL8Nc9m0uHy+Xyxy/5RbqjQaLi4usrq7y7ruzDA4OMjY2llqOWU8ul6NcHgKu4nkel2Z9wbtWq7UFs2KxiOe5OK5DXuXbbYkubd/ZsZo2Np3ysHaK8eN8J+Qz137IC0svs+lsk7Oy7U3JclaOrJUhY2XI21nK2RKWsihlBxnJDzOWHWU0N8zowAhDuTLlbInx/KgfZ/nzleba7DTnnYXV6FL/dNJdyr0Iq/E2dYtJa1On42llm3WkxQWOVr98L3VMzHvPG7oHDHEVwG3WyeTyifJ3S3X5HIOHH07kg+0XtVqNfD4vzi5BEPrCB+lLmlKpxMbGxvvdDEEQBEHYE/J/54Ig3HBUl17ty15WnuOEKl8LnR2OLMVX+JtamQJPHPO9aH7KdLdqr47C4Hg8rpNAGycQ+4LQNLHu4MGDrK2tsbm5yebmJvPz8356gFKJXC4Xqa9er6O1JpPJYFkW+Xye4eHhdiqEZrNJLpelXC5TLBYZHBxkaKjM5OQk2Uw2sty90/LytL7H6eQK7iXG05r1RoVXVl6nmBlgJD9MMTNAIZOnYBcoZQcZtIsM2kVKuUGmBv0dmAftIuVciVFrmMFMkUwmE3Mq+/3ql7Daza0bxMWFTvN4IGDvZgl/nOBLgnib4vV1i4m7j+P3R+iGTm+jpRQ69mWFVzgCVh688IsRt9Egk92/uFpbPpfodz+p1Wptl64gCMJ+2e9nSb1e59KlSywvL7e+MC1z0003kc/v/vM0l8tdty+mBEEQBOF6I+KqIAg3HLXlc30pJ54SAEAPHAuXICuVKrQkRDEr6lhNQ6WU1YtrM15nJ6dgaruU1RLZdKqwqpQin88zMzPDysoKtVqNSmWT2dl3GR+fYHp6uu0qDPKy1ut1xsfHGRkZIZfLMTY2xkQrn2pxsMjIUJnB0lBboM3n8wkxKb4hUrTNO6cCSBPjOo2PGae1RiuPdXeDB6fuR0/dy3hhnHxrqX/BzpNRGQbtAYoMkM1mIzl0zbYHmC7ltDy1ae1x3XShPBBo9zM+YT29uVF7EVbjde00xmY93doYxJi5i4N8q/FyzI2uPJXDLUxjV99px7hOo2Mdu8HPuzqPyozuKErvhXq9LuKqIAh9Yz+fJVevXuX73/8+lUol8v7ExAQPPfQQExMTuyov+PdyfX1dNrYSBEEQfuEQcVUQhBsKP9/qJfphXfWajchmVl52lObwAygI0wBYVkJgg1AwsiyrvVN8r5tZpYlVaSkDuolrplOyU0xQRpqwaopnY2NjzMzMsLW1xdLSEpVKhYsXLzIxMUE2m6VarfL222/zzjvvUK1WueWWW8jn85TLZUZGRrjrrruwbZtSucRAYSBS9m4dmZ2Eum5ldTsej8laWY4OHOam4pG2yBWfB/9kF7SL5TbxXBeNQmkPtAcoaAnXWBaWlcF1AcvGzyLRfT6DY1EB0X/th/Dcqe+QFE13G7PTfHZyoQbvp12DnuehdHw8/LQSLmBDe3Mr/3r2cIu3kjHEVe000drri2jp5119SBxYgiD80lKpVHjyySep1+uJY0tLSzzxxBN88Ytf3JOD9Xp8MSUIgiAI1xsRVwVBuKGoLr+K7oOwqrXGdZpgyKsqN45t2z1nczWFpjTXarhEu/sy/jQhLn4sKN/f4Eq3shl0Fr3S6ujUToDDhw+zsbHB+vo6zWaT+fl5Lly4wPj4OK+//jpXrlxpi021ahWn2WynBjhy5Ei7HNPZ2a1PvbZ7p7IC0W4nh7EZn81mE3ERwdBtQG0ZqvN4y3PoRhUyeaitYzl1yJfQmTx4HjpfwimOwcAwDE5BtoimQ25ekgJrKIb2Pj5pfetlCf9+Yrot3U+7ljs5i+P1eJ6HRuPp9Fyr4AurllJ4OtzMrZm/hTzfjZTpOk3sbHQjsb1QW73A4OEz101c7eY+FwRBeC94/vnnU4XVgHq9zo9+9CPOnDnzHrZKEARBEN4/RFwVBOGGorZ8LpEndS9op4m/E1X4npM7gKfyLTeq71oN8qwGrlRT7DQ3ueq53h5SAXTLk5mWZ7MXuoljnueRy+U4fPgwa2trzM7OsrW1xUsvvcTAwABbW1t4nke5XObYsWMcO3YsseRvN7k9TWdnr22Pt9csM62c+PL9tHLacW4DXVtAL72FNfcGan0ONq5BZRnqW6jqJtp1fHtpkMwUUJkcDJRQ+UEoT0ChhB46BMOH0EOH0CNHoDSFlRtMdYCGrzp1Gf9e+xWP2Us5e71O4zlVzZ/gfVNYNc8znd9BeoC2g7UloOvA2VuYBjuWd7XZwM5EhfO9UFt9/brmXRUEQXi/mZub2zFmZWXlPWiJIAiCIHwwEHFVEIQbitrqG30px3WdxHs6OwqoSKqAQCRyHKfjDt+mww5ICK5xESoQleJL4c1X02nai3BpEmxOMTg4yMTkBOVymVzL0ZcmqgVtGRkZ4ciRI6yvr7O+vo7jOGxubqK15vjx4xyZOcL4+DjFgWKiXWmO1US+09aPmT+zU7+Dvu8U12l8TCE3dal8YwPWLqNW30WtvANLb8PKZdhYhmYdvCa4rp8GwPNQaLAsUFb4t9OA2qb//tK7fqoAO4vO5rFKYzB8AEaPwMTNMHYTjJ+AXKndlrgAGSeIMVMFdBofMy4QJTulEejkLu52ncbblTYP5jHzeJoAG9wrWmvQQfoK371q27bvVrUsHMfx0wC0ftpiup3HyR0gU5sN2+s0E2O4Fxobs7j1DSDf9+WtpsgsCIKwX/b6WdJo7JynemlpaU9l7/b/WQRBEAThg4CIq4Ig3FC49dW+lOM5DqZtVdtDuKXTKEAZrtUA05EXd6wGIpS5uVEacQdf8JomSMXL6eY8NWMWFhY4f/48Gxsb2LZNcbDI8PAw42PjjI2NMTIyklgWH5DJZDhw4ACVSoWXX34Zy7KYnJzkyJEjTE9PMzg4SCaTafc9Ltql9auTcBqMm/IcVCQRgwVWZldjGKeTK1O7DlRXUJd/irr4t+jFi7Dpu1NpVMFtiXMq5lqMuxiVImJ59jzwWg+qzRqquu6Xu3QJMi/CwBBqeAo1dhR98CT64GkYO462s4kx7Pag3G2cTWG1G7088PYyxr3E7EQgpuqU9BaBaB7EEeu7sm108QTU3g3Lc91dOaI7o2luzWGXj1/X1AA9s/R9/uTxWY5+4cs8bOwv89o3/pizo1/gyw/vbtMZQRB+edjr512pVGJzc7NrzPj4+J7KFgRBEIRfRERcFQThhsFzqjjby/RjMyvtNDGfSfTAIVRu2BdWg/diTstI/tSWvhZd3p18JVaWWU6iTV1idhLFPM+jWq3y2muvsbq6SrPpC4XVapWN9Q2WFpcoFn2hdWRkhIkJ39Fq7lyulKJYLDI9Pc3W1hYAx44dY2xsjEKh0NEN2ZNg7Dmo+gZUFlBbi7C9ir29Bo1t8HwBS9kZyA3CwAjki+jiGBRHYXAcLzMAREXOnZa7p+ZztWy8wUmsyeOoXBG1dhW2ln0xdHsdGnW/PdoDy/Z/4uz4MKt8wbVR839qFagswvxbMPsiauIYTJ+Cg6fQY8dgYBRU9J/zNHE6rV9pTtNO7FY0NevrVk7avHcqJ+06VkTzEgcpAdr90b78Gq/HLd1GbvVps2Vo1/Gvo33S2LxCceiWfZcjCILwQeTYsWO88sorXWMOHTr0HrVGEARBEN5/RFwVBOGGobk1Bz1vN9UZz3NbIk8oGnn5AyiVjQirJoFbs+1aJSpuhRtORYXYIGYn0bQX8bUbWmsqlQpzc3M0m00KhQLlchnXddnc3GRtbY319XWWlpYYGBhgaGiI8fFxhoeHKJeHKJVKZLNZbNtmdHSUU6dOATAyMhJx6aYJaJ0EZTwHtpZQq5ewli/5S+83FlG1dahuQLPlFtWtObVssHOQG0BnC6jCEAyOQWkcqzgKpSn0yGEYmoZ8GVNsjYt5aeOslUJnB9GTJ/GGj2C5dfT2GtTWUdvrsL2C3lxCVddRmwu+4Lq16i/9d138HL3WzuKqsiLGVsBPNdCoobbXYO0KXD3npwyYOoGeuQd14BSUpkAlXbtp4nVqtTGnc7yMncqJz2cau72Wu7XXPK5QbVE1nk5AKYWllD9/ppicO4y2Cigj76rnOFh9EFed7YXrtnR/L/d368zUS08pBYvP8LXHz1EBoMzpL/w+Zyb94+e//hWeuur/Xj79BX7/zCSwyDNfe5xZylQqFaYf/QKjZx9ntTzN1aut4OlHeeyzp4JC+EpQCDD96GN89lTr/bOjnC6f49xVgGke/cIoZ1ttCesj1sZpHn3ss5zawygIghCy18+p+++/n3feeaeje3V8fJyPf/zj+2maIAiCIPxCIeKqIAg3DI3KlT54Vv3lw3Hc7BRa2aEmpjXEXHkJ52pUn02IVmlLvrvlr+wU0yv5fJ6hoaG2a7VUGmRkZIR6vcHa2hqblQpb29vtnKpLS0uUyyXK5SFGR0eZmJhgdHSUbDbL6Ohooi1pQlpqe906bMyhFt6E+ddRixdg9QqsXwOn6Y+t9tKFSq1Ba1SwFD+bh0wOlRuA0jh6ZAbGj8HEzejxm2BwDJ0pRRymncZZa8DKoqwsZItopWB4puWc9Te2ol5BV9fRW0uoygKsz8HmPFRWUJVF2F6D+rafb1W3NkSLpxFIQ6mwr04T1uZhfcEfo4ULcPhD6Jn7YOoEDIyiVdIx28nt3HEeujZnZ/E1ra7duK97bYfWGktZeMpLv8YsC6v1twdtV6vGwstPY1cvts9xXYcUr/GuaWxe+QXa1GqRZ751jvKjj/H7geD53HnOfPYUi898jacqp/nCY2eYXHyGrz3+OF8/0BJGgUr5AR77/VN+GWfhamWULzz2WSbPf52vPHWWZxZPcYZn+NpTFU5/4THOTMLiM1/j8bPPsHjqDJMAlXOsPvAYj33WF2yfehwefewxTp3/Ol956jnOn/kspzjP1x8P23j+61/hqa89w8Tvt8oQBOE9JZ/P8+lPf5pnnnkmsbnVTTfdxJkzZ96nlgmCIAjC+4OIq4Ig3DA0Ni/Tl5QAnptwFlp2xhfbYgSuzYiwGpRDmDYgcLW2j6Usie7k/kyL2S2WZTE8PMypU7dz7tw5VlZWWVtbY2rqADMzR6nXaly9epW33n6b7e1twE8ZUK1WWVhYZHBwkFtvvZVSqUQmk+korHZcMq41Cg+9uYiaewUu/QQ1+wKsXoVmDVBh7lKlIEU8DI8ZY9Cs+z9ba7A6h7r8KuQKMHoYpm9HTxxDjR5Hj98MxVGUXUgU2WmJervtgdPRzkGuhC4dRE/chqUUONvQXIf1RViZ9X/WrsLaHGprBapr4DrQbJiF7+xuDcaiWkFd+jnMvQ5XXkIf+yh65l705AnIDkbHmPR56CXPaK/XVi85X9OujbTNq+Lu7U4pG4LzO33xYFkWbkt0D8rxHa7gZkexaxeNc1oO433S2Lx83Zyr151Tn+WxUwCLnJutUD562hcwJ8/wwPQ5zs4vElhGy6PRfK3t2FO3M/3UWf/NyTP8/mNhzOSBMsyaZ01z+ymASQ6UYfboJ/ziJ0Yp08qRff41rjLNo616T33iNGcfX2UJRFwVhPeJcrnMpz/9aZaWllheXgZ8x+rEhORxFgRBEG48RFwVBOGGwdle6IdugvY84uqqSjUOgZoAACAASURBVKzjDgUgcxOn+DlBTNrxeDnt+nsUVnfKfZlWx5EjM1Qqm9RqdVZX17h06RL5fJ7xiXFKQ2Usy8K2bcrlMlpr6vU6rutSKpUol8tks9lIntmg7K5t0S40t9BL76Bmz6LOfcffzMlpds5bulvMMupVuPo66urrqIEyTN2Mvvmj6EOn0ePHoTgGmTwoK1VYTXMkxoXDtvCXK6Gzg1CcRh+6G5wqbC3C8kVYfAu1+CZUFmBx1t8Yy2lEr9FeBbraFurtn6KuvQHz5/Fu/1X0obtgcBysbLucriLxPulWVjfHaiCa9pIXNiDYsEopFRFdTRE2mCfP8x2t2g9opw7wtMKxJ8mZG9O5Xl8+I5ythf0X0oHdunuNM0k7TesJHv7yo3zjj7/CV54CmObRP/odbm8dr5x7nK+cM89YQmtfPCkfmIi0Jf53UOdr3/hjjKwAUB5t58KlPMpE8LvRR+OP1rGrPPWVr/BUWAjzi5rbRccRhD2zt8+SKBMTEyKoCoIgCDc8Iq4KgnDD0Khc6Us52nMjUqq28nhW3n9ICZYpt3KrZjL+x2xcLLKwEkJcJxEvTVg1f09zAsYFq52E1yDGtm1uueUW1tfXaTabLC0tkclkWF9fZ3FxkWq1yvj4OPfddx+u43Btfp6trS2OHj3KwYMH2/2N15W+EZH2c6ZuL8HVs1h/+xdw5XV/Myfbhkw2cU5fsKzQ+dmowuzLqHd+jho9iD71d9A3PQBTt/kbRVlZAiE9TTBOS8tgkui7XUANH4Xho+hjn8BrVqAyi/3aD2DuNVie9V22zVorl2x757Od+wRQrcDLT2K9fRZ972fQt52BiRP+Rl9YXUVu8zrslPO0U4x5LHiNi56dviSI/95NgI1jjr+5iVVwLbuuG7Y5pR6dHU18LaK1h+olVUMXPGcbp7aCZZV23CjsujNxgHLUKgosMV8BRoO/b+d3/qglp772Df74T77PxJdPAzD96B/xO7eTOL9nXvsGT101BNvXvsEfn91lHwDKp/nClx9GJBxBEARBEAThg4aIq4Ig3DA0+5YWIJos1Sl9iEb+FlTLIadSRNFA+Amcn3FhKk3MCuLjMd2cJmnLq7vFmgT1DgwMcOutt1KtVpmbm+Py5ctcvnwZ8JcBnjx5kqmpKQAOHjoUEbTiImO3Niu3CquXUOefRP3o//Fzl1o2ZPqR9bJHlPKX9Vs2rC+invsT1Cvfgbt/E+/EQzB+HLKlRF7UXsa5k8O4jWVDbhg9difOx+5AVS5jvftT1FvPw9XXYWPJF5+VFU2J0A3L9uO3N1DPfQ11+ed4n/gy3tS9qMIIOu64jomdO7U5Lph2i9nt2ATlxNvUTZwMjvtOVC9Rnm3bNJtNtOfhOg6O60auUT0wQ9yFrj0XZe/fzduoXCE7klAl+8Lu3GbjjJQrnHvuPA/9diCgPse5Spk77hhH6/P85Vd/wsjn/wEPT+B/RJanGNfj3DFT5s/PPsPiyYeZ4DX+8qtPU7nj8/yDh2k7gf2m6MTfQTuDpmqt0Szx/bNXgRHjWOtewizTT+PQPu/kSaafeprnzj/Eb98OS9//U/781TKP/Fe/zfUZYUG4MdiLc3VpaYlLly4xNzdHpVKhUqlEjk9MTFAqlZienubgwYPiahUEQRBuCERcFQThhsCpreA1t/ddjv8goiN6jJcpoz0PZbdyrFoWdiaTEImC5f/mj0lcTE1LFdDLsu69LP2Ot2ViYoJbb72VRqPB0pLvUisODHDriRPcfPPNiX51qyfVlejUUFd+jvrJ/wtv/Mg/2Idd2vdMILLaGVhfgO//n1gXnkPf/Vt4tzyMHrkpcUov+W57zomrLPTQUdzTR1G3fQp17RWsi8/D22fh6hvgemBnexsjpXzXr9bw9gtYl89jffIP8E7/Jrp0ECy/jG7pDbrRr2uw3ykKArdqUK5rbDznGcvOg/tQa41rldF2DuWFOW+160Ef9qJqbl4mN3p99rPfrbj60Jc+B3/2F3z1q0+33itzx+e+xEPjGq1P8plHXuff/vlXeRWAaR75JyfRWjP+0Jd45K/+LX/+Vf8I04/wTx4aR+vAuRoVUxOpB7RGn/w4d/zkL3j6q1/lacrc8cgdlJ9eY0lrxo3+GD7mlrhqlMFJPvO5ef7sL76K34Uyd3zuM5yMpRMQBGF39PpZUq/XeeWVV3jjjTcSYmqcpaUllpaWeOeddwD/S9n777+f2267bd/tFQRBEIQPKkr3I9mOIAjCB5ztxZe58sN/ue9yPNfFqW1F3tua+BzN0ofIZLJkbBvbtrFbeVYDghQBlmVhZ1oxlp0QlExB1fy9l2XYvcSkxXVaht1oNHjzzTe5cOEClUqFQqHAiRMnuOuuu8hmswlHYZrrMFVAq62iLv0N6oWvw6UXQ8fqB2UDoEBA16DzRTh2P/qBL8Khu9B2fs9jvFNMeFyj3AbU1lBz51BvPgtXzsH8RfAcyA3srh+eB9kC+t5Po0//Bt7EbWDnU8X9OPG0FdfzGuwU0+l/U1zXxfM8XM8NY73Q6dpsNnEcB8/zcBynHd/Owao1ntukfOV/x2qGy9ytbI5MLrmx2W4ZOf5bjJ3+L2g2m/suK2B+fp5msylOMEEQ+kK1WmVpaanrZ8rS0hJPPvnkjqLqTkxMTPDQQw91revq1ascPnyYkZGRXZV9/vx5isUiJ0+e3FcbBUEQhBuPjY2NvpQjzlVBEG4Imtvz9CUlgHZJLCPOlLEsu+1GjeecjIuslrLaG2AFolDcydqbCJee39KM2Sl3ZTzGPJ7NZjly5Ai1Wo0LFy5Qr9eZnZ0ln8tx4tZbyRju3B1zjQYxlauo8/8J9ep3YeGiLwDuR1j1XHAd/3yNvzmWsvwfz/FjbCN3q2UllvgnUK08p3io+hb6zR9jVZbQd/4q+rZPwOBNRmi/hVVQysKzcjAwAUc/ihq7GbXwKtar34M3nvPzxGbzvffDUtCson7+BGr9Gvru38abuR/y5R7a8v6J+/EyTBK5blH+lFlgYbVTBbTTCmg/IYLpWvVTCWi8zBhWc9movL1AfV80t+fbdfWTXtN+CIIg7JelpSWeeOIJ6vV638r64he/SD6f7xi3l884+UwUBEEQ3m9EXBUE4YagudmfzazwvIQOaFs2BMJq6ydOIOooS6WKSUFM/PeO7s8dxMhuommv5SilKJfLHDlyhMrGBu9evszm5iZvvfUW4+PjjE9MRDaw2nFDpI2rWK9+G3Xu27D8ru+oTBmrHdHa3+zJdVr5SG0oDkNxCHJF39npNto5G6lu+Bs91bdbYmzrmFL+uVaHHK/KAjTKacC111G1DayVWbx7fw89chPKDjcrC5u2X2E13IwMZUG2iB4+AoUhvNIBOHg71kv/EVav+UvXe9l4SSk/FUB9Cy694J/mNuCWT6LtQk+CaLLI6yes9pKr1czzq7QvrCoUHh4aHcn7qpS/IZhSClspXM8zxFmFk5kgqy4YdfRnA6rG5uW+lCMIgvB+cenSpb4IqwH1ep033niDu+66q2PMftLDCIIgCML7hYirgiDcEDQ2LvfDjNYSZaL/429ZNtg2VkxoClysZq7V+EZPaeJSqtBmHNtN7spODpBel/BblsXY2BjHjh2jWquxsrKCxt8oqFfhEEBVl1Gv/DXq1Sd9YVV7nUXNTujWEnftQmkMpo7D8CH00EHcfBnyg6hCGSubD12rgLO+gF2vQGMbVavA9ipqcxHWrsHmCjRbD45WpuVsNcZXKf89z4WVy6jqBlazjvfhL8HYMVQmn9rv3Tp6uzqQ7SwMjMGhMnrkKM7wIewLz6Le/v/Ze9fnSK7zTvM5J+teKFwLQDf6wibZZHeTskSali8ar0jKlj0eOeyxN+xYxYwd3p0vntE/M19kbWzERGzYExu7tGMkr8Zr2R5LpC1ZtihZtHi/9xVAN+6XqkJVZZ6zH7KykJmVWRegwCYb78NAAMh889wyq9j41e+878vQqnecugP+GFUKHAeaddTNV1DWw2by2IufBacQCjuaE7e3u+TndBTHariP+LWJ4j2ASe5Ha43Fz70ab6/tVCmGX9Od9ALH/QO/vbfqP+djJJfLUavVxKUlCMJYuB/vJa1WK/F4kCd7cnLyoxyOIAiCIIwFEVcFQTgVuM0txpIWIMUBStB6R7QJC1CO46QWpwoEpiSxM6mfowhWQX7JJGdsUhvx89lslup8lUsHD5FxHKrz80xUKj1zSmwHwDtAvfci6q1vH11YNQawUJzAnr0KS4/B2U9jK2ehPAc6g9UOODlsxw3bdSce1DCmjbIuuE1obGP312B7GbWzitq9C/fehd0N3w0bpA4I5qYUKMcXd+s7qLdeQufK2Kf/Z5h+CJzswHuQtD7hZ6TfH7iB8xKdh4kF7OXnsRNz4GRRH/4I6tuH4+yH0v4Nadbh9uuoXBmVK2KWnkl1TYe/D/v8HPU5TROd014L8Wfa2EO3anycWmsMgBfKz9qJ87Jz9GDNcK7gvnh4rR20LieK5kchn8/TbDZFXBUEYSx8nN5LWq1W5INbQRAEQfgkIeKqIAinAtOuDQ4aChsxrprcWYwz4f/cKZSjAOUciocRkciA1b1iVVJuxrioFReawgLRIGE2OB4XzsLt9BMEC4Ui586dp1wqU5mc7OZLiwtwEUcuoLwm6vr3UP/832D95ujCauBWzeagehF76aexj/wiZvY8FOZA50Dpbn8QLjLemVcp7x8LRErjYr021m2i3Dpq7x7q5o9Q996HrVuo9Zu+IxQVdbIGaQQae6if/KXfx1O/jZ2+CDobG3bvWqetc3yre0DavSJbwiw9hc4WYfIMvPlt1PbK4RgHoZSfJuGDl1HKQeensNXHUscbHkt8zGlxR3lOw1v949f2G1M4xlgTiQnnV7XWYjsFrUw4NUB2Nm5G9+/ToHUcAtOuofITY2jJp1AoYIyhXq9TLA5Z2EwQBCGFQeLq2bNneeaZZ8ba59mzZxOP1+t1SqXSWPsSBEEQhI8KEVcFQTgVGLfFcQ0aSSkBWqUn8DLTqHjjIVcqHAqv3XY6OSJH7z9563g8Js2Jmra1Oq2tsEhVLpcpFos4IeE4LQ2AP1AX1t9Dvfz/wMp7/rFRhVVroTABZ69gn/wlzCM/D4V5LJmukKgS5tJPYLZocPLg5LH5SUxpAaYv4hxso+++hX3/+7D6ju9obdYPUwOA/3Mm5ztYf/z/Qmkae+3XYHKp63RMEw2TxpKU+iFxzPH5OQXM4pOoiUX/OXrzb1E7q376gmHWWAH1bdR7/4CemMH73H/AZisopVOfobCo2e85GuYZG2buaeMIjoU/kLCdrfzW2p5CcuH8qybJQZutYMmg8CLtj8PQ5bVqOOl1W0ZGKcX09DRbW1sUCoXBFwiCIByDpaUllpaWTryfWq1Gq9Xi4sWLJ96XIAiCIJwEIq4KgnAqsKbF8dMCJIg8Koc1Bos5FFNjeVbjaQICYTXNxddvS1xaYaqkdvrOpE8agEA8S4oJF7BK608phfVc2FvBeeXP4PqPD7faj4K1UKxgL38O++kvYc98CuNE3XppazXKtkKlNKo4gy3OYKbOwUM/g1p+Fd79Ltx8BbW3Dl47CPa/Z/N+/tJX/z90aRbz+C9jC1ORdgeJpv3ExaHuqc7C5BL2md+B0iTqlT+H9Vv+ug2TIkB3HKyvfgt98Qm4+BzGyfWIisNs348zzHM4zFb5tFQB8Zju82oPY8JO2EB0jTirg3as9dfSeOFWGU8akdbYt7ieOXOGd999l1qtJi4vQRCOxcchLYDruuzs7HDu3Dmy2ezgCwRBEAThY4iIq4IgnApMe38MrSRsnde5bq7VYGu64zg4mUzXORcIO4HjU6vDXKVxd13we0C8OFXf0Y0grFprcV0Xz/PQWpHN5ro5VNPcqINEtm6MtaiDbfQHfw8//ovgzFBji5AvYR/+LPap38Se+SmMiv4v6yii1aB5WZ2D4jw8/D9hlz6Nvv6P8PpfY2+/jmrVo8JlNg+by6g3/wamzsGFn/GLYqX0E+/rqMJqz30oL2J/6kugDPoHfwY7a72FuZI78j8IqG2jvv9/Y6YehaloioNxCoPDtDXKBwWR7f6Bw9qJuofDKQCC7+F8rUop3HYbnDzKjq8idneMXnLhluOgtebcuXPcunULYwzlcnnsfQiCcDq43+Lq/v4+e3t7TE9PMzU1NfgCQRAEQfiYIuKqIAgPPMZrYkPV449Mwt8gVmX9Lf+dPKqkiKFxZ2hcRE0iXtBnGKFt0PmgjUajwZ07d1hZWWayUuahS48yMzMzlCjYL8Zai/Ka6NXX0N/9L/4J7QyXC/SwA79I1NVnMU/9NmbxU33nFB/TaK7V5FijMlCYw175VdT5n0a995KfN3bj9uEYwZ/bjX9Bnf0eVM9jy+eHWsNhxjPMH71dYTE3i3n8V8G1qO/9n6hW4zA9QL9+tfbz4H7wY/Q/v4D52f8VJhYjz3HaeMaxzmnnh3W+RvKvKiLiaVhgDdIIBI7WntQGKhdtfEx6gze2XM9RJiYmuHTpEjdu3KDValEoFMjn81IIRhCEkbgf4qrrujSbTRqNBu12m3PnzjE5OfmRj0MQBEEQxomIq4IgPPCYVu1QDDsOSW2o5PyW4dyPcOhIHVWQOqk/fNx2m1qtxtraOpubm5TKk8zMzIyn8a2b6Fe/CXtbvrtzVIwHT34B8/TvYOevHHkYwzp++66zymAnzmA/9Rtw5hr6u/8HXH8lmtvUGvT1H2OqV7FPnD/yeI+LLS9gnvg1tPVQf/dfhs+/igInCz/5FvrRz2JKk1hn+O3mwzynJ/ksh9FKY7TxC8dZi+d5oXMKY6OFxjzPw1owZImulB3Le4Zp1U5M8CwWizz66KPcuHGDWu1kRFxBEE4Hy8vLH1lfSikcxyGfz3Pp0qWedEOCIAiC8ElE/m8mCMIDz1jdYzGhpK3KKJ3xUwFojU7Y9t3vD4dwOoDAWed3ky5GDZvjsp8bMJfPUyqVuqkKKpVK6hhHcVOq9g569V/g/R/4hZ9GFZY8D85fw179Inb2ki8ODnCl9hvTUfODRuMUZEqY6hX4/FfQC38Fr/011HY6aQI0rN9C3XoFLjwNE72VkEd1gQ577yNxSmNLVcyjn0fvLMPLX/f/Lz+Mc9jJQGMf/c73YPIhzMzDoA7TAwxyK480zpSYYWKDc2HRNOzwDgpbxdFaYwANYAyGaKEwq7KxNRqPIDqedCTpZLNZLl++fKJ9CIIgCIIgCILQnxGriwiCIHzysKaFHdN/cZSTR6lQJXnAeF6P+NMvDUCSsNodeyinZFIxnyCmZ1x9xK12u83Ozg77+/torfE8l+3tDZqtZm8l9SG3siulwHjo2z9Bv/ZX0D7wt5wPi7W+sFqZwX36d3DPfhrrFAZu9+8nUsar1g8SYfvFWMBm8njVx3Cf/jLmF/83mDvf0eAstJuoe++iV9+MjCWtAFM8ZhBDt6MdmD6P+akvwcOf8bf8D9rj3sm9itbw7vdRt/4Z1dhK7CfOKGs8TMyowmpwPiywBnlWw+e7ry+lsBx+qHEorkbTAozr/cKcQEErQRAEQRAEQRA+XohzVRCEBx7rtcaTQ9GCijnatFLYWJ5VCzj9BCRsN+9jkqDajRsy52acQU7TWq3GrVu3WF5eptFoYIzh+vWbGKOoVqtUKhXy+TyO44xUXEntr6Ju/BCW3xlyO3rPbLBPfBF7/mlsfrInT21P9Bi2bY+2xgp0Fls5g7n8PHgu+sffgM3bYFzYvYe69zbqwjPY/ODCHGku5aO6bbuxmQJm9lHUU7+G2rwD+9v+R6mDxG6dgb0N1Ic/QFUvY4szWJX8z4RhBeF++YLjHNUB268trXXUoZpQBAvAqnz0tW0Zy3uG9dojjVsQBEEQBEEQhE8eIq4KgvDAM7a0AAl6UtcNZy3WGGzgXrUWh15xyFg/H6RW6ULXUQTTeFy/mKCYRLPZxHX9Ql9bW9u0Wm1WV1epVCrMzs4yPTXFRKVCLpdLdd52CwqZNmrlNdSNH0GrAZlsYnxKI/73M4/iXftVKM+jQuLsuOae1E4gsiXlxO3bTnkec+WLYAz69b+Ce+9DYxfWr6P3VjCF6dgUB7tm+53vR++YFeQm8B76RTKPvwWv/g24LbBqcHErA9x+FR56B6qXISYSjyK2x4tKDXLfDmor7jZNdHhjI/FBn57nQScmcLZ2+1YKq3PjygQQwWudbFoAQRAEQRAEQRDuPyKuCoLwwGNa+4yt/HcM1dlmbK3FC1UkDwiLktavnINVNlHIGbT9v9vGAAbFFItFzp07Ry6fY3trm0ajQavVYn9/n/39fdbX19lYX2dqepqHHnqIhYWFvmkNAFR9HbXyhu/iPIJr1WoHPv1vsNMP+cWVjjCvjzymVMU8/kugFOrH30Dd+xC1swpbN2H+2tBtnYirUTnY4gLmiV9Br7wN9z70UwSkFGDrojOwv4Va7ThwcxU/p+yIjPs+xB2njuP0nDPW9FwHdIVU0/kAJEz3deYUk3ofOL5BmPa+pAUQBEEQBEEQhAccEVcFQXjgMe3a2NICJKmigXgTbEEO51ANi63GmG4BKYjm0YznVj0Kw1ZkL5fLFAoF5ufn2d3dZWdnh93dXTY3Nzk4OKDVarG5tUW90WBubo6FhYWefgKstWCNvx1+9e1OrtURxNVOQShVvYR79V9DNipyDePEPU7MsDlP09qxlTOYq7+Krm2jGnuwvwEb18F62D5pzYe5V8eeu3KwZz+DffTnUDv3oLEDVg92r3qg7ryGfugd7PR5bKY01Jj7jSUszg+bUiDtePCa6rfVP7ivXWHVGKwxmFC6gMDZirXg5Ol5bY/hPcNrjbGYniAIgiAIgiAIH0tEXBUE4YHHeK3xNJTiNg2Lq4HwExdOjTFd8VXRW+gobWv4uMTFOI7jUC6XKZfLLCwssL+/3xVYt7a22Nvbo1gsUi6XI4JwUj+6XUfdeRU2bjDy3mprID+BffKXMYU5fz4jzOsoqQCOEtdPELSlOezV57HtOuru25DNg/FSc5wOK+YeW3xVCuMU4aHPot/9J1RjtyNmD+jfcXwH8r33UBefwU6UjiWsjho3zD3t+VAiUELtYUw8LYEJtReItH5xLOsL4SdgMLWeFLQSBEEQBEEQhAcdEVcFQXjgsV7rUHw5JvGCVkH+xnBxokBkhei2ZiAivnbHd4xt44OEm2H6cRyH6elppqenWVpa6rpZM5kMs7OzkXykiW1s34LVd6G2PbhoUhhrQTvYmXOYa7/SFaDD4/6ohNXjCK8AtvoY9mf+F+zBOmZiHg8n0bc67LyOO55wjDt/jdyZx2B3BZqN1Ha7aAfaTdi8AVu3oLw40IXbbyzhuKOKr0qpiMgfcasSysGq8fPGdghen9jeIlbdtozBGB15bVvsWN4zjBnTBzuCIAiCIAiCIHxsEXFVEIQHHp0rn1jbgWvVcZyIwAqdPKyeFxFc04SxJJG0nxg1qsAWqYweE3zDcY7jMDMzw8zMTMqMY1iLWnsXtXdvOFdkGONBYQIefgZTPksgnY1DNB2XsDpMGwDoLGbqAnbyvP/rMfrqx1FEeZutYBcuo26+4ourQ94ntfYB+t5bsPQpjFMaOJ5hxz3o/DDFvSIFqQbEBmilUI6TeK2yJyOCOtmTe+8RBEEQBEEQBOHjgYirgiA88DjZifHkXFUkbh0O3JZaKXRHQPM8r+u0C8RVx3EiIizQk2M1ydk6bqy17O/vs7e3h+d55HI5ZmZmyOfzqdekjUe7++h7b0Nt42hjmZjHXP1i3z6GGcdJxHyc+jvO9Y7jwJmrMDEHO6v+a2FgaoAM7NzDbCzjue7AOlijjmmU83FMrCiVDhXcihe16sYq5X/FPmQIXK3KNqOvbctY3jN0duJkCpYJgiAIgiAIgvCxQcRVQRAeeJTOMhalxKoeUUop3RVOu47LjqDjQWK+0rTtyTq2pX4cjsr4+a2tLW7dusXdu3dpNBp4nkc+nyebzbK0dJbHHnucbDabKHgl9rV3F3bv+dvIR8FzQWvU9CJMLo48r2FixlWxfljG1dZxx510rl2qkp1cQG9cHy41gNLgtdF7q9jdO3hzEz3P57jGe5S4tGuDrfyJry+lunlXw8KrMQZt2/R+cmI4Lv57jyAIgiAIgiAIDzIirgqC8MCjnNzJta0UKqheDnjGoIgKpcHPYcedxaJVNE1AOOeo53k9aQPCbSZtj06L8Yv2wM7ODu+88w4rKyscHBx0Rd5Go4FSip2dHZrNFleuXKFUKvWMrccxqDVq80PfDem5o6UEsBYmF7EP/QwmW4mMOb5tO6lCfHhe8bkH80ocbyzlQDwuKXVDPCZJME8b8ygxwZySYuJiYTD3YcYL4JSmUaUp0Jnh0gIEKS527+Ksv4+dvohnCz1zH/ScJs19mGc5aV5hMTQJi8Ua3zVujIk8H/F2gpjDtnpjx4F2cuJcFQRBEARBEIQHHBFXBUF44BlnWoC4o1N1thsrpbpCjaM1hATBsKAXxGg0VttEh2gQG+4jTWhKi4nHua7L3bt3WVtbo9FokM1mKRaLANTrddrtNs1mk+vXrzM7M8PSuXPkcrnU3JZaa7R10esfQlCFfpRiVoAtz2EWHyfYc54mQCYJokE6hTSHbdL6DIpLiomPJ8m9mZjDM9bWoJgkR/OgezosSil0poAqTUO2AOwOf/H+BnbzJta46Ex07sPMOx43zJz6vSaS+uuunTl8fqy1XVE6IqTH1tkfj0bhRfu1loTHfmS05FwVBEEQBEEQhAceEVcFQXjg0bnyWCp/J5HVbdrWw0/deCiWKtIdel2BKEFDShPY+uWlTIqJC1bNZpONjQ0ajQYzMzOcP3+e6elpAA4aDTY2Nrh1+zaNRoPVu3epzs+TyWRSxTOlFLbVwG4vo1r1IVYqhDGgFLY8i5m+EJn3oLmH4+LuxuOsT1JM9uN8gwAAIABJREFUkrA6jGgaj+sXExf/hpl7cH4YgjaMyqHzk6hsel7d3os1NGuwcw/ttbAJomjSnMIkCatpc+oXE9yrYM3iLmaLjTwbwfWO4+C6bncscQe2Usp3mscKWtlOm8dFZ8upaUAEQRAEQRAEQXgwEHFVEIQHnhN1j3kHGONhOoKO7rhWAzdreKs6dByfWqO0QpHs4otvjT6KGBWPabfb1Ot1HMdhcXGRixcvUi776+J5HlPT0zRbLe7cuUOtVusKUmF6tnwfbKH218EdsdK6NZDNQ2UO8hORcQ8zr0H5RkcR6xLnRa8g2s8lm9ZX2niTtryH24j3FxdghxXco+0obK6IckbIAao1eC7qYBfVbkSkxn4pF5LmPsz9HDSvsLAabyMYXOr1KX3511ocexC/oN/KDI2Tk4JWgiAIgiAIgvCgM9oeTkEQhE8gepw5VzvCafBlvANMJ39j0tbnwCkXEcW06hGSxiVGpcVYa3FdNzKO4OdMJsPExARTUxXf5RjaWn047V4BUh/sQG0b3PaIi2ihMIGamI2MOdxXfG3iYxrk3Ayu75e7M21ew8w97oDsiuYD7mdSTHzcae0E9yvJIRrvKz4eAJwc6GyiYzoRpf10Dwd7sL/We7rPGo/rWU4TuSNxHBayUkrhOE4kz3E3HUDC+gYtaNWKvraHXqT+KCcr4qogCIIgCIIgPOCIc1UQhAcepXOMJYFiUhPGxViD0hm01jhaozgUhsIOwsiY6M0jGhaOBglWQZuDBKtAZHIch2w2S6vV4t69e5RKJebm5sjlciil2NvbYWtrE2stuVxUjE4SFwFo1bHNOsp4vhA3NAryZWxhcuC8hk0XEF7LpLEG54YRVvvFJG3hH8e9SiPtfqbNL010ttaCdsBxRrxXoJr7qL270WMpz/Vxn9N+7fTMp/tL0BERN3hwL5M+4AifUwDWi3cwlvcMpU+umJ4gCIIgCIIgCB8PRFwVBOGBR2fyKJ3FmlEdlnEscUebcQ/A2kTnojFmYF7QcC7JftvOhxGj+omCxWKR2dlZdnd3WV9f5+DggNnZWUqlEmDZ2d5iZfUeWmuq1WpXYE3rC0DtrXZSAqjRjH7WQLaAKs+gnQxuilCZJtSljaefwJhU4CqesiEeN4xoOq6YtLh+8w7H9DsXzMtmi9hMfnRPptuCg91Ie/Ht+cGxo65PvJ2kol2O4/S4mK0NuVZRGGsi7SSJ4QGHz5lBYRiXWzUy5k7OVUEQBEEQBEEQHlxEXBUE4VSgs2W85vax24nrdhm7T1uZXlHMWj9tgDE4jtO5NrqVOXDcWWzXyQpERL+w0BRcn+SkTMqBGT6fz+c5c+YMGxsbtNtt9vf32d/f77mmUqkwPz/f414NtxX0p7Zuo4zr5+YcsE2/ByeLzZawys8BGqxRuK9+gmh4PKMI1GFncPic5x06F5O25sfb6tdHOCZpXnFXczwu3lY/QTnNHZ30XNhMznevjkq7AbXNblv9cgGHx5M0p7CDNE7asxw/H1kfDtuyWJRWGNd3pHqe58cYg1YK1RlP4FgNzmM9tG2O/AgPg85NDA4SBEEQBEEQBOETjYirgiCcCnS2jHuwNfZ2J5o/xFau4upJtNaY0HZipRQqJK4GTlYsWGOxyhdYle6tsK61TqxsHibN4RcXBYOY+fl5HnvsMjdv3mR9fYNW67AQleM4zMzMcPXqVSYnJ7sCWpII2R1HtxhVr6N3GIxVtI0ibrocJKymiXBx52o4Li5mxueU5nrttz09WKNRt/jHBca4CJkmLqbNPW3eccFYtQ9Q3ojubQV4bWjVu4e6z3FsXGnCaXgLfng8cOhGjc8pMu7OhxReJ7dxt03be/+Nd5gGINxn9/XUuQee53W/tGmibLunrXE4Tp2sFLQSBEEQBEEQhAcdEVcFQTgVqDEVtfINqelCYliUibsWw2JcNz+kVmjVW3woSVwM2kiLCeLS2tFac/78eaanZ1hfX2dnZ4dGo4HjOExOTrK4uMjU1FQ3xUF8Xv1ch0clrVhUvzkNGxOOC7s70wpKpTmD04TVUWLicUl9DTuvUWLCztcj3TflgOdCfbd7KC3vazCWeEySqNrvOQ3H9nO4KlQ3JUD4XNBWt02luh94BMJqWHhVZpeeDwfGJIgqJ5uYqlkQBEEQBEEQhAcHEVcFQTgVZAozNMfQjrUGlbC1OhBtwgSiVrhyOfiiq7K9eUoDISlwWSYVtwoX44kTvibd/ZlhamqKiYmJSKEfrbU/LqV60hjEK7Z3ae6D8XqPD4PbQrf3yNLEqnL3cNIaxgXRNGdnP/Ew3E7ghEwSVsNzT5t3cD/7xcTH0+Mi7TOv4P7Ht98PM/d4TGRNWvVOjtwRCITJ9gEQnXtAXHQPP6/xeYfPD3u/0pzBQToNS+e8ia5hROANjSO+Rlmzk6CtpruHh0ZpnPwUbnsMbQmCIAiCIAiC8LFFxFVBEE4F+ckL1FZ/eOx2fIEn7hL0hdXwtnXHcfw8jx0BTmvdI+o4yok0lVSAJ55P86jCajwmaTzQK57FxcNALDbGHM/d57WgWcd6LmSOLpqG5xUQbysssvUTVpNE0ySn6SDReVg3aj9BdFhhdZh2Qgvji+HG0JOLIQ2lfOdq6yDRXR2ff9id3W/e8THHP1AYymGMjrxegvGEPzDonrMWL5ZaQCmFoxUltUX4hei3eXy/abY4h5MtYVu1Y7clCIIgCIIgCMLHFxFXBUE4FWTLZ8ahl4AxPdlFw6IOpG/T7tma3UkNEJAk1CUJUeFCR/GvwEHbarXwPI9MJkM2m8VaS7vt55XMZDI9KQuCvoLv4W3l4fP9toSPRKuBau6jlO7mwRw09yT34jAOx/Dc0gTR+NyT2hlWWO035mGcuMMIq/Ht9YNijDFwsNd1oI6GBRvNWTuqsNpv7vGiXPE5JQmrwfXd7zZ6LPzhQVoOVr8tQ8bdjLymrTFjea/Ils98JPlWXdelVquxt7eH67on3p8gCA8O1tqP/H3DcRwqlQpTU1OJxTMFQRAE4ZOIiKuCIJwK8pMXGIdiYq3p2ULsmBqu9UBlEl2HcTdh94vemPB1aUJTeAt2UkytVuPWrVs0m00WFhY4e/YsjUaDmzdvArC4uMj09HSPozMQYIP0AGmuzW7/mTyoI4qt9R3YvQchUTQ8lvDcRhHr0oS4YI3ThNVw6oakdoYpXnVUYTXtfoZj+s07aV5xIVxjUAe7RxNXtUZlsqnzis89iTQRPP7cB1/h+9BPoAxSAoTXMbx24IulYcdqMN5OAzg2mhbATwlw/PeK3OSFvmkjxsHa2hqbm5tks1lyuRyZjPyzThCE4QkKOpZKpY+sT2stOzs7bGxsMDExwblz58bSpiAIgiDcT+Rf4YIgnApykxfGU1jGGOLqqva2wboolY0KbPQWVAp+jgtA4ZhgS3OaoDdo+3Sj0eD27dvU63U8z2N+fp56vc6dO3fwPC/kTLV4rovbqbDueR7NZpNqtcrU1FTE3Zrkxu2c6FmPgSgFrQPY24BWDVso9vQzimszPPdwTLyoUj9hNbzGac7ggEHpAsJx/eZ1FFdrfF5pbt4eh7HXgnYdvHbPGgzLsGMe5C5OSrkwaJ3TB0VEB423Ec4rnBRjjcGxNaJpAcxY3ivyHXH1JLDWcvv2bZrNJmfOnEl0oguCIAyi2WzieR6Tk5Mfed+u67K5ucl7773HhQsXyOfzH/kYBEEQBGFciLgqCMKpIFtaADQcs1CNtVGnIUCudYNW/lGsKkWELWsMhkMxJy7AWfztzNZalPadrOFckX5/UYEtOJ/mBAwLVgcHB9y9e5fr16/TPDigXq/TarW4desWGxsbGOPRbrVotd1uyoB2u82VK1colUpdF1xkTuF+rOmIq51t2X2cixGUA9aDxjZq5w4Uqt1+kgS2yKUp4mKSkzIgLX9qkrCa1FeSIBp+BpJieqacIqyO6ljt92wkxQRxqrkL9e3RC1r5DWATHL1p8x60zT9pvMMIxj3POr0Cbfg6YwzG8zAJ973bh1dDm3p0ut740gKclLi6vLyM67osLi6OL1WHIAinjn47Dk6aTCbDwsICW1tb3Lhxg8uXL8v7mSAIgvCJRcRVQRBOBUo75CbO0tq7fey2LBYV2g6fN3do2XWanI2KTIA2BhVzgB6Kk51tzcZ2i1sNcjfGC04lOQELhQKzszNsbm6yu7vLa6+9BkCr1cJay8bGBhsbG4lz01rTbDYjRYHColVYILOlaZR2fDev0sOLq1qD8VD1LdTWTdTip7FEBdzuWic4HOMCWpr7NxwTHIuLfvHt6eF16NlebtNzgIaFxSQRNzyXNPfnMDGD5h6PCeIyjS1UbRPcJiNhLThZyBV60lukjSW+zsGxtPHGn680sTt+H4xNdiMH513X7XEhh52snueRa9/reW6t9RiHupqfvDDYeXsE6vU6tVqNc+fOiRAhCMKx+Di8h8zMzLC2tsaNGzd4+OGH7/dwBEEQBOFIiLgqCMKpIT91cSziKp7xRcUwITEo2HqvtfYF1kiY7eY4C3KbBsfDMUqpblw8pQBEBcO4gFMsFllaOsfGhi+uttvtSJzWGsdxcBynxwVbLBYplUqpAm+kr+nzWJ0ZNSlAMBGob6PvvYdzpYWr8t32407dsFiZdC7JeRMX+5KICMUpgmnq3IkK5Wluy/gc0nLH9ruf4Zj4cxLvK3CN9jh565tQ3wXP88XtYbHGj88Vu30OEoLjpBUIC88r3F78fNz1Gi9OFT/WFVaNwSQI50G867rk3J1oMauOS/fYKE2ucp7GwYhi9gCstaysrDA9PS2pAARBeGCoVqusrq6ysbHB3Nzc/R6OIAiCIIyMiKuCIJwasuUzY2nHpqQWiDv7gK4AEi6Y5LdhD7eda4XSvbkm48Jh0nbvJDEqk8lQrVZ56qmnePfdd9nZ2cFaS71ex3VdSqUSCwvznUq9efJ5/yubzZLNZslkMmQymUTnZqT/bAmVyQ3vWA3jZKC+i731GqqxiZ44112fJBEuvm08Pp60VAJpBZPC5/oJg2lzD7aypwmHSW6gfvPqJwQPiknKMxo9D2wvw8Gu70Qd5X5ZAzoDxcmukzk+p/izGsQ4jtP9gOA48+pxyGIj1xsbFdy7ImzouiD9Q3jMWEPWbMXmM55t/NnSPEo7Y08L0Gg0uvkR7+d2XkEQHgw+Lu8jSikmJyfZ2toScVUQBEH4RCLiqiAIp4b85AVfXDom1ng9ApUxvZXP48TPBw5XRzlopXsE2IHjSNliHRZYgz9SGo0G7777LisrK8zPz3P58mWmp6f7ugXT+oKOsJXJoyarsHsX2kfJ5WlQzT3U9i1M6WxXiA47VdPWctB26zSBepBgPGjuwT0KhNWkNtK2WQ6KO8p9GLQ+SimyeOitm3CwnziuvigHcgXIFVMF43CO1YCwq3KQWJ4UkyQYR5730IcR2misOkzvEBRnc1KE4KAtR1uKehdsSJg3ZizvEbnK+RNJCdBqtcjlch+LrbyCIHzyOY642mw2uXHjBnt7e2xsbJDP55mYmKBarXLmzJmRC1Tl83l2d3ePPB5BEARBuJ+IuCoIwqkhN3lxLFXAjef1HMvYHZRt4dlMovARL/IDfjGHwLkaxKQRd2b2c20mbdXO5/M8+uijXLhwgVwuR6lU6ruVPa2vcIxXnkfny70pEoZFadjfQP/kv5M58ylcSgMvGbQFPW1t+uWxjccO01d4i/og0lIB9OtnlPuQNrduG40N2F8/YjErD5wclKNOoiSXdvhnz/NS1+aoc7fWdl2rYTzj4bpupE/HcfBcFy90nzzP68ZYa3GUR87GnKvGjOU9Ij958USKWbmuSy6XG3u7giAIo/D222/zj//4jzSbyalPKpUKX/ziF6lWq0O3mclksNZycHBAoVAY11AFQRAE4SNBxFVBEE4NuYnxpAUwntvZXR1yz7U3sE4b5WR7q58b4+deDeU37RZM6jRhYtuRFYcxgQswact8XGCDZMHKcRzK5XI3n2pSXs54W2miYHDezU6SnZiHTB6ajf6LloRS0G5il99CbXyAmXuiZy795jRIgIzPJ56zNamttLn3cyKnxY0iiB4npme7e3ws6+9hN++gvPboKRws2FwJOzE/1FjCeWjjjGPuChURWI1nsCbqQu6uSehexoVVgAx1tKlBKOuq57pDL00/shNnUlNcHIfAif1x2corCMInm6O8lywvL/PSSy8BkMvlePzxx5mbm6PVarGxscH169fZ29vjL/7iL/jt3/5tKpXKSO03m82RXa+CIAiCcL8RcVUQhFNDtrSAzhQx7fqx27Kei85mu78XzS0a3h0OnMciAiqAZwwO9AisSilfvAqJQ4HgGo5JE2jCOS7TBLZ4XL+Yfnk7k2JQDnb2Iipfhtr2oCVLmoCfGmB/E/32/4DPPdEz5kFzGkaoC36Ob+MPtxFewyRhNX4vBq1PP9frOIXVgGRh1eJg0MuvoWqbo+dbDcgUsMXkFBLx8cSd0+G1G/Y5TRVWO+0HAqs1AwpqhfoKF8AK2sm3b0SWw1qLcVtjSQtwUs5VSE8FIQiC8FHw/e9/H4C5uTl+/dd/vUcI3dvb45vf/Cb7+/v86Ec/4rnnnrsfwxQEQRCEjxRJ2iUIwqlBaYfcxNmxtGXcduR3bVtk2I+4ViM5IPu42IKYJEFqkFg3yLmYJsTFY0YRVoN5AdiZCzAx51eUP0oxIKXBbaLe+R7ZnQ9RNppyoZ9IOYxYHJ9b0tb5sMs4TVgNX9tPfE2d5hD3c1hhNelexO+p1hqtFLq1jbrzOhzswagb3o3xxdhCBUozQ80radzxNR41xUH8XoVj4m2Ez/tTMJH16a6NVuS81cj11vPGIqwC5Kcu4iWkDxEEQfiks7GxAcAzzzyT6DCtVCo888wzAKysrHykYxMEQRCE+4U4VwVBOFVky2c42Hr/2O14bpssUTHNMXU0HtY6Q7kNA9EnnipAEXVJ9hNNAwY5Nwe5KPvFJYmCQZw3uYSuzKMyOWgdwKiGOqXAWuzOPTKvfRM++wd4hanUOSXNKy7A9YsJx4XnlVScatg1TlrnfuMeVlxMymsa7yvsxoyPxxoPtfYurN/s5Fsd9eZYcDJQrEC+0nf9+q1xeLyD7kN8XvH72v3AwprIhxdd13eonyANQPx8Z3HIm/XImnixD0yOjNJkSws0a8d3yKd2Ic5VQRDGwKjvJevr692fL126lBoXpALY29s72sAEQRAE4ROGiKuCIJwqJi/8K/Zuf/fY7Ri3hSUq2GTZRuFizOFba3xrevf6kCimlJ9XVSkV0b/6bbEedtv8MGJfUlyr1cJaSzabJZPJJI4HwCtWyUyfQ+VLvrh6RJTx4Cd/ifPwL2DOPIVxcgOF3rDbNyyexeced3aGUzPEnZ/B93BMeO5pDFrnYdyo4baGEYzjomF0bTzswQ659/8B9jspAUatMG8t5EswMYvRmR4hN2m8SaJpPF1A/NlPm1d4ffw5GSw2ct/jscHvxvPwYq7VcB8Zs0OGvcjrzbgtRnb3JlA59/PYkYXsE2T9Jf7rn75BXOKoPPE7/Ptnhy82c/95iz//2nfg+f/Ib16932MRhNNJq3WEwoiCIAiCcAoQcVUQhFNFefHpce38xbguTvawcnfW2yDjbdF0znQFnaAYlSJZXO3JwdrB2k5l9NBYRxFWB7lW44Jf+PvBwQEbGxtYa5mdnWViYiKxDa01lgJ25iIUp2Fvs89q9SEY6/4m6p1vw8RZ7MRZrNLdsYbHHXf0Jrl6B7l++8UMK6wmrWEcHRM0h3Xiho+Hvw/jZrbWgueit26grv8QjOunXxgVa6A8i5m+gGfoJhJKE03jwmo4bUPwfZCwOoyIHW4vTWw3CesTHkPBu05YWbXW4rbb49BWKS8+hTumwlhpjOQ2Uwqo8OTv/h6HWupbfOOPvsXffSp87ONOZ85KMcr0BUFIR1zwgiAIgjAeRFwVBOFUkaucJVtepF27e+y2vHYrIq46Zpd8823q+XmstV1xyXGciNAUz8XYFfN0SHwN5S8N0gSEBaugrTRhtZ9AlSQKBqJXvV5nZWWF27dvA/DYY49RKpUSr+/2Nf8IduoMauMmGO9oRZMAnBzqjW+j5x7BPvIsXnEuIgomFZ0KC3rBOsZjwtcniYJpMUH74xBWB8UkOV/jjtR+7thIP9Zgm3sUbv4T9t51lNaji6vBGlYWcauP4ulCd7yjCqtJMUm5U/sJz937bQ7b0Vp3X0sRZ2woHUAQF7QRvP6yrTuRfoznji3favnM0yeabzUuSo9wZeilWWWmssfWukLNw9qLf8wLrwfe1gpP/u7v89w8sPYif/zC6x3X66Djb/L1r77MTCdm7cU/5oWbF/nd33+OedZ48Y9fYOuzX+G3rsGbX/8q317u9Pbk7/L7fqO8+McvcJMKe3t7LH3hK/zWNf/Y63vA0hJLPfMQBOE4DPNesr6+Trvtp03Z3Dz8ELVfPtW0uGw2S7X6iflERxAEQRCGRsRVQRBOHeXFz7D9wV8dux3jtnr/yLcHeJ4XEY8C92rcrRoXmLoiU8g+p5Xu+eMnTYwaRoRLEl8D0alx0OC9995lZWWF/f0amUyG/f19Wq0WuVwu0k5YOPQq59CzF1HLb0BtC5TTZ9VSUAocBw5qZF/976iJKvbCz2EzpZ4xxwsUJblRk8TXNGF11FQA/QTRpPUZ5C4edD/TYoI+eubuNlE7N1Fvv+iL3aOmAwC/mJXOYMpzeKX5bn+DRNPguU5zFw8jrKaJ0saarmia5AgOcqzGXePh9AHGGKxpk2cj8todV0oAnZ2gMPMo+/u1viL4URnk7B2atde5uVfhYhV48+u88HqFL3zl97lGR/j87ps891tVXvzL16l84Sv8vn+Cr/Y9fo2rS9/mrXVgHta3oMIW/q/rbO0tcfWaL7p+e3mJL3zlt7i29iJ//MILfH3RF10B9iqf5Su/7//y5tdf4HWe5He/8hzzb36dry7TEVgFQfgoePXVV/n+97+feO6b3/zmUG3E45599lmuXLmSGn+U97mTeL8VBEEQhFEQcVUQhFNH+czTbL9/fHHVa7WwNur8yJg9lG2jVAGtdVfg8YyBkCgUFlgjopUJ5VfVCUWKhhRWk/JjBj97nofneZFt1Y1Gg1deeYWVlZXu8UKhQD6f7xGy4uKXcYros0+iVt5A1baOs6R+AaXV98m893eYyjm86mMo1d8BmiYqh93D4xZW4zHhdU4SX4M1DY8lHpM0p5FjjMFpbFH48O9h5T3IFY/mJDYuTC+i5s6j8yXoPKNJaxweS9L6HMWxGhmKORRVlVIR0TT4Hpz3XLebazV+fTCWCWeHbLtOpJhVqzWmlACfwdqP4x/6e7z+wld5PXRk6Qtf8V2o87/FV64dHq/OVCDpZXwtiFtLOe5fu/zWm3Ctyl0u8tmLN3nrTbjGWywvXeW3gDe39qg8+WtcA5h/js8uvc63O9cAVGYCV9sad/dg6bPPMQ9w7Rd58uUXEocmCMLJcBI5Vvf398fepiAIgiDcb0RcFQTh1DGx+NTY2jLtFk4u3/29aFepmh+w4zwfEdzild/jOSfTthEnbdlLEtmSzscFPYBGo9Hd9n9wcMDMzAyLi4vUarWusAqwsLDAww8/zOLiYlfM6teXu3AFNfswmVuvJs5jZN78OzKTS1CcxFSSvWpxMS88nvBY43k94z+HBb+kuH6E1zjeV3A+EAWTzif1dawYt4G+9wa89jdDjb8v0+fwZi7h6QI6ZQ2TBOOkcSfdq3hbSVhrMba3KBX4r6nggwITE1TDqQC67XRiCu03evrw2uMRECbOPH3i+VbhKOJtPOcqgO1kQljnpT/pbL0PWAJrqzz7e1/gG3/0Vb76bf/gF/7Tv+Uqaceh+uRFKn95l7W1u9xkkWcXt3j57hpr7FGZqWKtL5gycziHQMwNplRZrHbOrbO1Fx5nfNyCIByXj98HQYIgCILwyUTEVUEQTh25yhLZ8sJ48q66LZx8IXJMK6+vaJqUDiAQfzKZzKELUPW6KeNbosPiVtJW7XBMvV7n3Xff5c6dO9Rq/rbl3d1dbt++Hbnm8uXLXLp0iUql0h1P0E5cMA6EQ1uoYuYvw9QCbK+CPkJqgO4COeC10K/+BRnj4v7Ub+JOLEUcoGGxLjz3pHUJvoeFtnA74XnF87TG24vPPR7Tz/kaH9O4YoJxOLhkNt9Bv/LfYOce5KLP5dAYD5TGzl5EzV5AaydxjeNjiY857J7ud6/SONzG33tvgzbCwqo1BmMtjtaYmIgeOLUBcuxE3LzGdf3iXWOgvPjUieZbPQnWX/pLf+v9f3qWKrD+0p/wQtceepV/+5+u+j++9Q3+6E9eovp7z1JNO159kot8l/V1YOZJqM7AW6/z+h5c/DVf2V2swM1w/1thVTdMlTQTrSAIHy+C1EEn4XQVBEEQhE8CR0jEJgiC8MmnfOZpLBz7y201e9rWthkR38Lb8AOSRMrgZ6VUd8dy2HHXT9hKEhfDgpdSiq2tTdbW7lGr1br9aK1ptVrdYhUXLpzn0qVLTE1NdYXV+Lb2uHAGoJwMnL2GPfvE8bdXK+UXYNrfQr/792Te+Vuc2t1UYTVpbZLWIBh7fCt7MMfwPUhby/jckwTauGAeH298HOF+BsWE+w3G2h3zxofot/8WdedNP72C0kdLCeC5ML2AWXgUU5pLdKQmrU14zIOE1XBMeM7BXIJ7EH4txO9BJK9u6J6akPDqum7ktefYJjl7WGgFwGs3x/JeoLITFGYvf2TO1VG++l8DvhvUYu2bfPf1vc7vb/KNP/oTXlwLxVUWmEs9brF2joXKHi+/vExlYQ479wQXuMlNLvDEnB8/N11h7/Xv8qa12LUXeXkZlq5c8dvyB9ppd44nLlRYfvlF1qzFvvld31074tzlS77kq//XOPjyl7/Ml7/8ZSYmJsbSniAIgiB80hAe4QeGAAAgAElEQVTnqiAIp5Ly4tNsvfetY7fjtVpYz0OHts5nvA2Uu4/NTHSFlvDWemttj4syLkApFJbeP3wUquteDc6Fv4fjwzGe57G/X+PgoIlSisXFRc6cOUOxWGR9bY2bt27RarWoVCYpFosA1Go1Njc3qdVqVCoVFhcXyWazQG+aAwCmL8C5T8GtH8P+1vHcq0r5gtn2CvqNvyHrteCJX8crLybOOTzvsAiXtjYB4ePhOQXHkoTrpLkP6muUe9UvJj4Ga/1t85n6Gtl3X0S9+SJ47eOtvbXYxcfx5h/Hy5T94lZ95t5vzEnn4msZnnv4GmstlsPXQne+xnRF024u1WA81mISYgIm1XUyRJ1VbvNgLPlW/XQjqmcuH3eqz/4MS1/7Dn/6tTeAJZ5/fonlH95lnWf5zeff5mt/+jX8RApLPP8ffbdq2nGAq1cqfOc7FX7mKkCVRfa4deFJqt3+/j3Pb3+N73zta3wHqDzxO/zm4eWxsf1rnvivf+qPrfIETywts30iqyAIwlHJ5/Pk8/nuz5JTVRAEQTiNiLgqCMKpZOLMU4xFUQHc1gG50qFbI8s+E+4bbKtnetyj4BcdMgkuxSSstYfDVOm5LQPSzvl5Kz3AUigUWFhY4MLFC+SyOUqlEvu1Gqurq+zt7bG+vk6z2WR7e5vt7W1arRazs7MUi0VmZ2dTx+o5BfT842SWnoS3XjqewOdPxhf2Nm+j3/oOWTRc+1W8icMcrEnCas/cE7b6p7lZB2GtTV3jpHbS8pAmjTkQcvvFAD3CvNPYJPvBd3HeeQn2NyGTHWouiRgD+SKm+ghmYhGUM9T6DDP3UWKC//ygqMgd5FoNF7rqNNY9H44J91ny3oumBPA8vNbBUEsziPKZpz4S1yqMmCdx7vP8uz+E9FylV/iNP4xW7r5yBV9kv/IbRE51hGzSjofPdY5d+Y0/5EpszMGx6Hzm+Py/+8PYOP1jn+9Gfr7PPARBGJVxfBjUbDZ59dVXuXTpEhsbG2MYlSAIgiB88hBxVRCEU4mfd3VxLHlX2wf1iLgKlpL5gC3706nbxgNBKJx/NSL4GYtVNqL/xnOwxulbUAhFLpvruB8VuXyObDaL4zgUi0WmpiZZXV1lY2ODVqtFo9GgXq/jui5Kqa4bZWZmpqfP7rxQeFPn0RefRt98BRp7/vb046CUnwN04xb69W+RVcATX8ItzPl5QRMcq/G5J63TKFvv48eT6NdOv7ikfkaJcWr3yH74XZw3/ho2bh5f0DYuLD6CV72MyU0OtT5poukgATttXuHz4WvjwmpwLJ5uwNrDHKvh9jK2Rt5GK923D+qjrE5fJs48/ZHkWx3nVl5BEIRxMDc3R6VSud/DEARBEIT7hoirgiCcWiYWn2br/b88djte8wDjuuiQYzDDAdq2gEJXRAq2QHvWRhJeh1MGwKEzMSw+JVW0H0TYBamUolgqk88X2N/fZ3dnl92d3U4u1i329vxtfPV6nXrdF5wymQzlcplyqcRctUqxGC2QlCSgebkKnP002Ud+Fv0v3zq+uOp35Dsqt+6gX/lzsm4b++izmOnzWJ2HBNE5vsU+Pua080nzGkSa2BXexp/UX5pAOYxgbIwhc7BB7v1vo3/yF6jNW0GnQ4+7h8ARe/FpzNyj2EyhZ1461v4wonI8HUDShw3x+SkCwT4qmsZzqAYpBWzMrRpPX6CUYtp7C2U9uklcgXZ9v5uv9TjonJ9vdX+/JsKnIAinjrm5ue73cbhX5X1UEARB+KQh4qogCKeW8tnxiKvgO+Dylanu75oGRXOTZtZPJhgIq/Et6jomQoUL+QSiq9LK/0oQo/o5KeOxExMTVCoVdnd3WVtbwxgP1/VYX1+nVqv549GaTCZDNptlamqK2ZkZpqenmZ6ZoVA4FFfTRDarMtiph+Dy8+Tf/wE0949eWCmM1mAV7K6j/+n/olBfx732K7SmH8HmJ1Hq8H9nwwirw7hah2FYYXVU12ZSTHdeXgvd2CZ/47voV78FW3c6azz0sJMxLlTm8M48iS3PHSkVAIw29/i9CnKsdu+TOXRvh7f4B30Ex7yOsBoUsYrHWWsomg8ja+S5bYzbHmppBjGx+BTWJqegGCdBAToRHgRBGAfjei/Z3PQLBY76IXDSWML/1hAEQRCETwoirgqCcGqpnPv5MWVdhXajRiEkrgJUzcss83hX+AunAkgSncLHHMfpiqxJhLdDp4l08fZLpRJzc3NsbW1186kGZDIZHMdhYmKC6elp5ubmmJubo1Qq9Qhh8RyhPdvYs0Xs/OPwU1+EH/wZvk13DAKrUv62d8+FH/45mb017JVfwjv/DKZYxepegfXw0mSXaHjt0sTMfn8s9hMXB4m8adfHYwLXM1hwm+id6xQ+/B76x9+E+vbx19XarnvTXv4crfmrmEw5dV7BuIeZe9yFPUhU1urw+uC/QECNC5fd9Q25VsOu1nCccrfJeFsR/dlt1Mb2+p84//O02+MRavuRy+XY29s78X4EQRBG4Zvf/Oax22i322itu4UzBUEQBOGThIirgiCcWrKlOcqLn6F295Vjt+W5Lbx2Cyeb7x7TtknO7tCyh0Wg4o7PgCBPJBwKq+C7VpPEujRhNdxemEDUmpud5e7EBDs7O93jmUymI6bOsrCwyPT0dGQMQXvGGjzX33ZdLpf7bq235Tm8a7+C887fw+YyZPMc31rJocCaAd7+B7Kbt8k8tU3z4V/0C11pBxvqJ8lh2/2545JMi+u3vvG24v2NIqymxYQLoGENym1Q2L+F/pc/gzdegvZBJw3AcdfV+m3NnqV1+VlMcTZ1Xt0rhkxdEF7jYXPi+iPqda0GbTiO0xVRPc/DixW2Co81EGbnzE+64wj6btX3YRzyqnKYeuhZDlqt47c1gHw+T6vVwvO8YznEBEEQ4OTd9qPQaDR60iQJgiAIwicFEVcFQTjVzF7+N9RWjy+uArQaNYq5Q3FV4bLQ/Dq3i/+hJ7abh9VaHKJCUz/hJKjJHWydHkZgCcdNVCqcXVrioNmk3W5TrVZZWFhgbm6OYrHYvSb+B1e73WZ9fZ2bN2+Sz+f51Kc+RS6XS3V+WidPa+oRCr/we/BX/3kcsmp4Qn4uVycD67dQ3/nfKdz8Ee6n/g2tM5/BFqt9RWxjOyJcxyWZFBsIq8OKq0fZ5j8opiuw2zbZ+j2yt34Ar/w53HoTnKw//3EKbE98AW/2MmSiWzLT1jI+3jBhYTXNsQpDCKwDtqyGHavBeJIcxxPciKYEaDUxrtu37WGZvPA5nPw0pnXyjtJMJkOhUGB3d5fJyckT708QhNPN2bNnyeVytMb04VEul+Pxxx/vOe66LrVajaWlpbH0IwiCIAgfNSKuCoJwqpm69Dx3/vE/Y9zjVw1vN2oUJmdiIpLXFUvTxKWwYzX43lMMyXaclnp4MS2t2n21WiWfz+NozeTUFJlMJlVA8zyP3d1dbt26xcrKCvV6nUwmw8zMDBcuXCCbzaYLwU4e9/wzZK/+K3jre2C941ezj5PN+4WYPvxnnJ1Vig9/Fu+x53Crj2MyE5HQrvuRqCAcZxQnT3jrfvBzODdov37S2grjHGyRWXsD/eE/wmv/Aw52IVdgLC5gf7D+fTn3OO1rX8IWoqktwoXUwikg+jmm40Wp0p77NOHUWBNxrSYP2+C5bjclQFhQDX4Oilvl3WU0zcj17UYtvfERmX74l8cmPAzD4uIiN2/epFgsksnIP+MEQTg6gz7AWlpa4g/+4A9OfAzr6+tUKhVKpdKJ9iUIgiAIJ4X8q1wQhFONkytTufDz7Hz4t8duy7htvFaTTP7QAaqspb1/l0ypiuoIi0HO1UBU9TyvK6yGt5UbY1BeSJRVoI3uCqxhQSlJEIyLWoEIlc/nu67TuJAbbmd3d5fl5WVWV1fZ3d2l3W5HtrJ3x5iw3duPU7SKC+if+g2cex/Cxm0/X6ozxv/1KNXZGm9RG3dgbxNn9R2ch34a79xn8BaeoO2UANV1rCa5KfuJfWHSCjSFzxkbKrykdGpc8nQ6guTBFpm7r5O5/k+oG/8Mu/eg1QDl+MWrxoH10w1QmISf/m2a5bMYpVHWJuZXjaeJSFu/IF+qVjoiPsfbClzY4TUKhNXw8xUWT4NjnuviGUPbdSN5VsMpCQJX63zmX6B9MikBdKbI5MXPUT84+XyrAdlsltnZWe7du8f8/LwIrIIgHJn7XRzPdV02NjZwHIfFxcX7OhZBEARBOA7yL3JBEE49Mw9/kZ0Pji+uArTq+2QLxdARy4XM37HGlzDqsEhQv+JW4fySnuehtfbFrsC9GnIE9hP7wgQCVeB+dZSTIohCs9nk3r173Lt3j42NDWq1Gp7ndXOzVqtV5ubm+m4X77arczTnn6D41G+gXv4zXyS0ZnwCoT9hQPntNuuo5bdhexXn1k/Ql55Bn3mC1vQlVH7GFye7lw0vrA6zznFhNRBxR2lH1dfJbF9HL/8EffPHqPUbUN/x56b1eNfNWsjksI/+LI0L/wqjsyjSBdG0MScWNUtwBye2E4pLElaTxHy3I6yGRdXwayEsrBq3Rs6uRrInuAcNbOeDjeMy9dBzoAsYsz+W9oZlZsZ3yN+9e5eZmRkKhYLkYBUEYWTul7hqraVer7O7u0uhUODcuXP3ZRyCIAiCMC5EXBUE4dRTufA5nMIM7sHWsdtq1WuUZuYjQkdR75AxO7SdIuBEcqramEswOAZ0XaEB4S3axho00crqSXlY05yCSa5DYw3ra+usrq6ytrZGrVaj3W6jlGJqaorFxUUWFxeZnJwkn8/3cayGUAqbm6T56C+R211Dv/lt2N8AZ4wi4eEC+YKhcWFvHVXfRu2soD58GTX/KHbhcWz1UdzJ85jsRPqY6c19miYuhmPiwmr4foXb6ckJatrkdm+i1t5Drb6FXv8Atb0MtS1w24dFvMZJIKwuXsb9zL/FK1ZRoXnHhftwKoBUN2rMiTro2Qie1/C1SesTd626IbeqUocF37ofIHRc4cZ4LGX+BdVxUQc06/vjKGMFwMxjX6LVat0XgWJqaopcLsfKygrW2r7pPQRBEJKw1nbdox8VwXu41pr5+Xkqlcp9d9AKgiAIwnERcVUQhFOPdrJMPfR5Nt7+xrHbssalubdNYXImcnza/JgN+3k8KhGhKq2YUni7fcSRFvrRWINCdYUpVLqjsJ+w6nketVqNtfU1VpZX2Nraotlsdv/YKRaLnD17losXL1IqlXq2Iac5aINzAF55Ae/x51H7a6j3/6lT6f4EqgIr5btTrfXzie6soXbWyGzcgOU3sNWH0AtXMNMXsJNncEtVjFOK3IeTFlattSjTxDnYxtldRm3fIbP2Nuree7C9Cgf7YLxQyoMxYy1Yi506g3nii7SrV3tyxyY9O2Enbji3aWRtEmJGdVeHU1OErw8KV8UF2CAtRtjtaq3BmBYV9UGkD6/dolXbPerKRcgUZpg4+zS7uydfyCqNYrHIww8/TLPZpNlsdlONCIIgDIMxhmazOThwjExOTjI5OSkpTQRBEIQHCvm/miAIAjD9yBfZeOv44ipAY3eL/OR0REAqscymV8dTpR7RNDEfZUeADXKxdrGHVdSV8oXVbjuMLqy2Wi02NzdZWVlheXmZet0v7JXL5bqOFsdxKOTzPQV0lFLdQj6O4/TMJ95Xe+4x7JVfItOsoe+87ucQPQmB1e+c7l5w40F9F+q7qPUPydz6CUwtYmYuoKYv4JTmUROz2NIMtjQLmQLWyWHRfQXjYF4RsS9BWFWmCe0mTqsGjW2ob6H27pHZuYWz8QFs3Yb9bWg3Aetv/T9RB6LFVuYwl3+R1sOfx+h8d179hNXw3Ps5UfuJqj0jCfVjzaGwGnZvB1v8g6+kcQRx/peHwlLlDZSKio0He9vjSLUK+O8ZntdbvOyjRilFoVCgUCjc13EIgiAIgiAIwmlFxFVBEARg4uzT5CbP09q9fey2rOfRqu2Rn4hWXi+ZD2irIkb7uVd78nEagxcTVePCjbV+FXVrre9U1VFhNRw/TCqAZvOAu3fvcvPmTVqtFlprSqUS1WoV13PZ3Njk4OCAjc1NpmdmqFarXVG3Xq+zurqKUopqtUqpVIqKiiF3ozEGq7KYs0+h2nW024Rbr/ouypPOFRkWcF0Xtu/Czj308lvk8kUoTsL0Enb6HO70RShOYQvTmGwJmylAJgdOtvM9j/VC98RalAVHgbIeynPRGKznotoNaB+gm1tQ38LZX0PvrsDOCmyv+IJvu+k7bBW+qDrOnKpJWAvlGewjP0f7yi/Rzs+iiRVSs6Yr4kPUjRreoh8mydE6lLBK1KkabivsRjXGYGI5VrvjDQmr/nMNCo855x3CVm/jujT3x+NaBZjtpAQQBEEQBEEQBOF0I+KqIAgCoJRm+tJz3PvJn4ylvcb2BrnyZERsnOV1WmqBfVvqcXlaa/E6wpGjO87FmAswXOgqrXhN2PXanVssF2vYUZjJZCmXyyilyOfzzMzMsLS0xNLSEo1Gg7fffpvl5WU2NjYol8tMT0+jtWZ7Z5s7t+/w4Ycf4jgO165d49y5c+TzvgsyKNQFHZGsI9SZXAX3ws+h202cZg02b4PbOjkHa5ywI9R40Nj3vzaXUfyQbK4AmTwUK1Cehol5bGka8hPYwhS2MIXnuYdtGQv4eXO110Id7IJ74BfWqq3D/rqfO7WxC82G32cgJnbuMXF38klhDOTLmEd+gdaTv057+lF0KGcp9DpS49v8g5jBXR0KpklFvYCusBpuL1zgLexYjceFhddwugClFI6GivcBjmpH+j3Y2/ILg42B/NRFStUr7OzsjKU9QRAEQRAEQRA+uYi4KgiC0GH6kS+OTVw1bhu3USNXrkSOO2YHrVuAv4U3vg0aOgIToGN5UYFuAR/HcXwxqfNfENfNv2o7Iiy9wla4r0KhwNmzZ9nZ2UEpxeXLl5mYmOi6Z+fm5tjZ2aFer7O+7he7KhQKvPLKK+zu7nZzw25ubkaqlicJq+CLdaY4h3v5eVQmi3rlG6g7b3Vcmx+DauetAziowd5hcQ/VKSgVjK4rheaLh87TMNb6ImoY7RzO734UHbJ+ugF78TO0rv1r2tVrkWJQfkjyNn84mrD6/7P35lFyHPed5yczq6rv+0A3jgaIBgHeJ0g1dI3kmbFMeT0UQK8lW2vL1rNFekb08WxyJI92dw7OkkPYu+ORdh6pmbF39EaaWdkEpbUtjr32SjJtAxJBiTcAAk0ADaAb6Pvuqsoj9o+syIrMymo0gMIl/j569borIzIiMrMaYn/7G9+fLrKmz4+Jo6WMWhVUjmc6UbWwmsxhNfv5hqNVKUWGPF3WGzFRN/B9Cguz5137Wmnf+g9xXfeqRwIIgiAIgiAIgnD1EXFVEAShRGP3Duo6tpGfPlaT8ZZnp8g2NsdEnl7rh2A1scCNFdXNHcfBtu1INDK3apvbofXxWPYniXxLq3pOZsyZaFk0NDRw19134djlKIJABdiOTX9/P8vLyxw7dozp6WleffVVlFLk83kgFIJbW1vp6uqioaEhOh9K4lfJKagryOu1e3Xt+Fs/jJNroe5vnoWp04CtF3Upt/3SWauLtrCSftyywLkG/u819nmwYPB+8nc+hNt7G7bhitZoIVx/bpLF1pLb98Nh0+MCTEE9rU0pReAHVceIZ6gG0bXYloVrFLXyPC8hcCoaghEyVvzZ5Bdmo/lqQeeNH73iRWAEQRAEQRAEQbg2uQZ++xMEQbh26Nr+k5w58G9rMpZXWMFdWSLX2BxvCFbw8aMt0OZ2fyCWt5p0tupiSVGhK0UkYMbyKA19MhI7U7ZERwIsVjlvE0JHoRUWtmpvb6etrY3Z2VlWVsqiVX19PZs2bWLz5s20tLTEtnRHYq8CrLKLMSag2XX4fXdhve9XyP31v4eZs1cuHuDdQuCD58L2XeTv+Bhez/bos5EUO/Uz18J8RX6vGTlhiPdRH+OZ6yxgU6w15zEFeP1Z1kKq53kVjlSNX/p5qNaeUSt08UZ8XUFAfm6aWlWyau67m0xTP8vztctvFQRBEC4e2UUgCIIgXG2uwt5EQRCEa5fum/fg5FrO33GNrMxOlSvXl17dvEqHdQgApcLq5hrtXPU8D891Y5mTWlS1LCsSlpLFfABIMX6uKqzqAkJmHwvy+TxnzpxhZGSEeUNIsiyLvr4+7r33Xnbs2EFra2u0rpRJYnNVrCvTSLHvLoIP/WNYd0N4j+SXpEvHjCa4+6Pkd/4sbu+tkG2KPYtI7NTCKimiaUl0N8XYijFMMd3AIix+FqggmicZgWFS8Vk212DEAOifieS5DWqErL0c+3kLXave2u/deVh316fEtSoIgiAIgiAIQoQ4VwVBEAzsTD1dN32M8Vdrk73qrizj5pfJ1jeW57B87GAJT3nYtoVlVIjXcQCRcOT74RbuhMvVtm18v+x+1QWrolcVMVNj5mkmKRQKzM3OcfbsWSYmJlhaWoochm1tbXR3dzOweYDGhkay2Ww8nsDIfU2uI1bhvVSRHssiyDVT6LuHuvcUsQ/9JRz/AfiuuFgvlpiw+pMs3vQgQfsGrEwjYBRJw9jCr+NgrXjkRBQjobVOK6VPQlg1n3s0RxCPBkjOkfwjQVJgVUrhr1LgCiDLEh3W4cStUKzMTNXKtEpd2yaaN7yHuTlxrQqCIAiCIAiCECLiqiAIQoKeW3+GiTf+b5RfG3fayswkuf7NsWMd1ju4tDKnbiwJrFasSnpMYHUcHOJFgdLEJcuyytvvCcUulaIqJYXVWCEsYHZ2luFjw8zMzFAsFku5qi10dXXS37+B1rZWGhsb04tlUbkmTSy+wBTiLBs/10Jh4y5o6KY+14T1zvdheT4UWK9GAajrlcAPxdWWLtS297Fy2278to1YTpaksJrcwp+a0Vv631rFV1Pgj9pThFVNWr6qGZMRia3Gz0aywBWEPw+t6gT19gKmdbuwMEvgu5d4U8usu+sXKRZrN54gCIIgCIIgCNc/Iq4KgiAkyDWvo3P7R5k69HxNxisuLeC5BTK5uuiYYxVp8EaZCzaC01wpVkHkSk1iCkvavZrmQq0QOhPiWTSf0c/CwrEdisUirutSV1dHR0cHvb09dHV30dzcQiaTqSrEpc0Xu65SBqvO7NRCnFIKN9sEPTejbstQV9+Oc/wAzJ0F37s2CkRdy6gAgiAUorsHCHZ8mMIN78dtG8BynOheV9vCv9rz1MdMUT51HP1cjXkCv1wka7Wt/maGavJnITX6IkGdvUg3hyrGX56ZuOhbmiTT2E3njQ8wv7BUszEFQRAEQRAEQbj+kd9WBUEQUui9/eeYrJG4CrA4eZb29XH3aotzliU1yjLbY0JSpfMvQBlCq1lYyLKsSFzV27FVUCmM2Va6AJtGa2srvb29ZLNZWltb6enpob29nfqG+qhPRYX3FGE1JuKSEPNKa02uSdk5ir23QF0jdU3tOMe/D+PDUFgOhUNLXKwVqAACBfUtqN5BvMH34g1+kGLDOiw7fp8rnMxWyrOqIpSbzuk0YTX6/GlhNQiqfj6SwqmZoarnSctYjRVtK41jKZdu61Uc8rE58guzeG7xIm9qJT23fhzXq3TNCoIgCIIgCILw7kbEVUEQhBTq27fQNvAB5k7+dU3GKy7OU1icp665LTrmWD7d2bc5zQ0EKlsSk3wsy45lqWqBNbDK7kL9ymTi/4ybztewc3nbt9kn+t4QvfSW7/r6ejZt2kRvby8NDQ00NDbECg/pfmkiXDilVSG+6rVE60/pE21Ttyy8jq1YDe1kOgawh/8W5/TrMDsGBOJiNQn8UOBs6SbYci/etvdT7LuDINeKRflZQfn+RsK7XcXJXHquScfqWoTVqF0XyaqCUioSTJPb/HVb8mV+tssxGgFN1jmaGcGMAwh8j8WJsZoVR3NyLXTfvJvlfP78nQVBEARBEARBeFchv6EKgiBUYd3dv1gzcRVgYXyUXFMLliFU5pijwT/DorUZpYJS3qoVFZAKc1TBN1x7tm1jl9qSRYFMzAxWTTVB1E44QltbWyviAi7ErarzMs1+1baXA+UCV7odC7+hG39gF07bRnKdA9hv/gXW/DnwimEleEoV4d+NaNHQyaJaewm2DuFu/zHcji2oTFg8TbuVI8HUFN5TMlS1M1SpcsZq0tWqc3OrCavh0uICf6p4a7zS8lNNUTW2LmOcIAgI3BW6cq+AFR9jafIsyvfXfj/PQ/fNuyHThL+yULMxBUEQBEEQBEH40UDEVUEQhCo0r7uDxt5bWR5/oybjBV6R5ekJmrv7omMWinX2SxSCFgqqrfKcUkyAbdv4SoWxliUhTLtbtfhkCpsAjuPgOE401lqF1bQc1ort+xcorKb1SwqrZmGlqI9dh9s+iH9rH/XrtuMc+nOs4z+E/HyYMapDXN8tIqtS4cuyoKEVtf4mgls+Qn7dHbh17ZHDOOYuNoVVKx4VEetDQhSt5kBOEVajrfwqXQhNCqxmhmqyrwoCAt/H87xYn5h7VikC36NNHabemsV0rbr5ZVbmpi7xRhtYDj23f4KVlZWqma+CIAiCIAiCILx7kfA6QRCEVei/9zOhmFSj19LUObxCfGtxxiow4HwHrVrpDFUzi9LzPFzXjURLLZpqocpPiFGayB2ogpjwFblg00S4KsKqKW5Vw3QiRi7HlLFiwiqVwmpM8EPhZxtZ6bsH94OfRf34r0HXpjB/NSjd2B910UsZ16gCaO1C3fsg3vs/w8rm9+E3dFYXVokLqxYWtmXHPgf6swGAVel61X10e0UUgJkHnIgDsB0bLKLPqN7iD1TGAXgebumV/CybQqtSCuUv0Vf3duI2KebPnqrpz2z3jgex6zpxXXftz0sQBEEQBEEQhHcN4lwVBEFYhbaB99Hcfw+LYz+ozYBKsTB+ho6BwdhhhwL1LODa7QCxHEqzcJWOCMhQzqbUQqwWw2JZrCVtKsYa4ccAACAASURBVFkoK8J4m+ZqNQmC4LwZq3qcKJOzyvZyiEcBaEEvNkZCpFN2hrzdQX7TB7H23EnTyN9iv/oncO4d8P0fbfeqCsAtQl0jvP9nKWz9IIWWzSg7B5QfY4ULOXEfV31WpYHSXMpaNI0KqdnxAllme5LAD2L5qkDMuarxS39AcBOO1dhaSu89z2Vz7iVsO771f2V2Ci+/UvU2XiiWk6P/vkdYXl6u2ZiCIAiCIAiCIPxoIeKqIAjCeei//1d5+5u/XLPxCkvz5BfmqG9pj45ZKDZlvs0J9VMonJijTwurYb/Q2er7PrZtRyKUdrtqYUzHBiSdgXo8rcYFKggrvFcRTc1zY7mohtPU7FMh1iX6VIylq9VzHmHUEGmxHKhrZ2ngw2Q6byR36iWcI9+Fc8OAAttZdajrCh190NgGN9yLv+2DLPXeDbkGlBW/ztRnoYVVq1J41f1MYTU5ThJTWC0vMUgtXqXFfjM3tWJuDPd16ZUm0MYzWn2y7jma6yYw/zoQeB4LE2Pn/SPBhdB7+ycg24qXl6xVQRAEQRAEQRDSEXFVEAThPLT030PH4I8zM/wXNRtz/uwpco0t2EYmasbK4ywN49bfCHaGIPABK4oA0MWttOtPi6mmY7Wi6FRJuNLiazgQsX5RASNVbtMCm5mlWU2Esywr2jJuinXJcSARFZDI7NTEtp+njBMKhxYq14jbsRW/qQ9n/T1kx14lM/IyjB6CYj4UJp3rUGgN/FKuqg1tvQTbdlHc8n681k3Q0IJy6qvmnkJC5E4pXGX2iUjpl+wT+wzppap0MTSZjwqVblXtuDZjL8zIAPMPBfpz6nkuge+yo2k/JETUhfHTKN9b0y1eC5n6Dvrv/jSL4loVBEEQBEEQBGEVRFwVBEFYAxve81lmhv8y3J5dAwLXZWnqHK3rNsSODzS9wWm/i7zfjqJSzIIwu1LjOE7kajXdfaZIBWUnq+k6jPoH8a3elUJmXIRLEzv1eDFh1XTSmuIrZeGsqrBapY+5ntCBmyWob4NcE6p5HW7f7ThTx8hOHMUafQMWpiC/FK7Ltq/d6AClws+WZUNjK3RtRvXfjNezA7f7RoLmdfh2tnTvqchQTYrlSqnU5xn1STxT09Wa9txTRXDtWE1oq+ZnwvO8WA6viRZWfd+P3K3Vb0/YTwUeG3M/wLE9TNdqcWWJldnpVW7whdN396fxrTp8f7Gm4wqCIAiCIAiC8KOFiKuCIAhroK51I903f4zJt56r2ZhLU2dpbO8kU9cQHcvYLv28xGlviKLVXlFl3fPKzjzbtiNhVWM6A6OiVWa/kjtVBQk3aqktih+o4lhNimzJolX63LR819VyWCsEPy6sD06OoKkH1dCB1z6A138nbBqiYXYYzh3Fmj8Hi5NQWAHPJR72eoVrO6rAKMBlhe7apjaoa4KerRTX3ULQvQ1a1+M3dBA49YRe3fg9XE1YJRp9dWHVLFYWLS/lPqcJq2lb/c0iWFrg16KpKayXnaheVOgqrT0SYD2fwHdpDE7T0Xg6fjuVYn70JBUq7yWQa+mn59aHmF8U16ogCIIgCIIgCKsj4qogCMIaWX/fI0wf+3OCYo2cbEoxNzZC15YdscN19hwt/lFmndvAaYllV2oByjG2u6dFAeivjuPEIgOUUhCUChGZ5sVSDmso4lmRsGUKXmliXpJkVEH5Ug1XKymiICo2l+5nnq/7mCJf5Tg2KtuC39aM1boRp2879N8FS1Nkp4axZkawZsdgZQ6KK+B74SvlWrCsi3e6KpU+JoRiaiYL2QZo7iRoWcdC+w3UtfdjdW7Ea9uEqmsDOxMTOqP7mRCnzedt9kkVVkvjpd1j3UcL5lWdw4nPhiYpilYIvYl2z/PwjOJVZp9oLUGA73v4gY+j8mxpehUrIaIuT4/j5msrgm54z6/h+lbMJS4IgiBcm6T994ggCIIgXElEXBUEQVgj2cZu1t3+c4wd/HLNxiwuLrA8M0FjZ2/seHf9SZZWeina9VhOLubis20bx3FSBS+NWQRL99HHtZgVc5da6SJtJGYaGlzUTqV4pr8mBdO0uICKcc7jajWLM6X2UXGB1rKzuE390NQf3p8Nd2DPj8HcGNbiBJnFceylCVicgfwC+G5JcHVL7lbKIqlVmlgFpSJTJWw73MpvWZV9IRRRnQzkGsJXXQs0tqGaOvGbevHbN+I397DSsB7V0hkTsUnew9J9rIh2SBYRK23zr/Y80+6fbjcLjSWf64UIq1qUTPuFV/+hQLtWk6K6+VnXrwzLbGz4AY4TjwPwinkWzp2ppWmV+s5BOm/8CWZmZmo3qCAIgiAIgiAIP7KIuCoIgnABrLvr5xl/4+t4+doJL7NnTmBlsjS0dkTHbDtgXd1bnPVbca1uAIJAC1F2hSvU931DmKNiq7tZACspiCYLYanAEOBKWaxRO/F5TdEUiFyvyfbkXKmioO6zmrCq+622Hd4Qik3chh5UfTeq+zZsP08uP4GzOI61NA1LU1BcwFmcxFqeQxWWwM1jeS4EXvmFFTpdowflhPfKssFywq9OBmVnIFuP1dAEdS34zV2oph5o6UE1tBM0dOLWd+BlWlBK0WDbcYGbKvcwkaOaJqyuKl5XuX9AZUyEOc8ahVXzOSS/mhmrpmM1mRms++j3tnLpyrxDa2YiNq/vukwOHyoVfqsdG3f9BisrK6tmwF5rWP48tpIIg8uJsmyU3Yay6q72UgRBEARBEIRrDBFXBUEQLgAn18zGXb/BiW//rzUdd/bUO2RvvJ1MrvyLe2NmkXX2a4z59+Gqxoot8RB3+Wm3qmPb2Ibgpd2qkJKHaoWCXSSEBWUhLimsWljxjNVV3KjJLFbLLoumprCqxVxdbOt8wqplW7HiSzFRj7gbV/cz2wFsxwanETe3Ba/thlJ7gOUukivMYS9Pgu9iF+ahsAh+EXt5BmtlDnL1BHYWW/kobEBhufnQ1JprQtW3orINKDuLau7Fytah6lop1rXhZ1uw7Gxc7FSVxcTSHL/Ja6/mWK34fKzR1bpatu6FOFaTcQDJiADf93FdN8pYTbqry27VUoEr5dFsnaU3N4zpWFVKMXPqGIF2GNeI9i0fomXTe5mdna3puJcDO1gkUziEzUpFVIJw+Qhw8J1e/LodshVZEARBEARBAERcFQRBuGC6b36QiTf/iKXxN2o2pgp8ZkaO0jN4C5YhHjbb43T6r3PWuwOcBmzbiQlSprvO3F5tBwF2JpOaGek4TrnIlSISYFWgYiIslPNRoSyYJsXOatmpKihHCsQckKsIq+Z1mMJpJPSSyHI1xjJFQXOcQAVlwbgkJFdsmQcCp4nlhkasxvVYlkWGIlZQQHlFnOISGXcRZdl4dW1kvTyek8MJPCw/D4FP4NTj5loInBzKsvHtpvAea0FTr9e4z8lrjxaj4s8zee2RWKyfn22lXnvkRE55VtFnSAUVfZLPK7qHBtWiAMzPpOlADYIgJqwm16HFV9/XrtaAnD/NhsbXsK343AvjZyguLVBLLDvLpg/8U5aWlq550cwuniZbPAZ4+uMiXDFcHH8E25vCrb8bZddf7QUJgiAIgiAIVxkRVwVBEC6CTe9/nMP7PhVmcNYId3mRubER2jdsiR3vyIywuGix1LgTcCJRy3Xjrj0tutq2HYpTnhd9r4/rAlcxd6FvCG2lTFegtN09LqomIwUg7o6Mbc8nIXau0k+3Q3krfCTSmeJsSgZptBarPI522SbXTFDeWp92XaZb16cO7DqUo/DqusiX+tm2TVGvS7t1U9Qtx8xG1SJwcj16WfpzpOLipHntSXE7mVWaHCt5Xcm1VPRJW68hziYx3ahmxqr+DJnCql8qXuUZGatmXEBSWA2CANtfZEvjq+Qyxdi8hcV5Fs6dTl3TpdB3zy9h13dTnJ+v+di1xPYmcVbeJECKbV1V/CKO/xJu8/tifxATBEEQBEEQ3n2IuCoIgnARNPfdQe/tn2D8ta/VdNylybPUNbfR0NYZHbNt6G87yzuLE9C4PhKltKBlFq/S4haAA/hBgFVyqSa3aycjA0y04zLqm8w8Nbayh50qBVPbtstxAVp9VPEt6OY85ljmmmyr7O40x4kvKP42KaxGTlw70TGZ95psT/Qz4xTSxqi2Ht0veX+S4ySLkqUVE6sQrxNuU0gXjCuWk+yTjBSoIgSb+L5f8fkxhVXdxzXcqiZm0SrfzLJVPusb3qI+u4h5A3y3yPTJo6uu6WKoa91I/72/zPzCUs3HrjkLBwmC/NVehQDAFPbyIVTTrVd7IYIgCIIgCMJVRMRVQRCEi2TDez7L3MkXKcydqum4M6eOkW24g0yuvN005xTZ0vwap91mPFpj/SscoCUXYOD72I6DTdnVaha2ihUNKgmwUVwARGJf2nbwKCNUxwkkiiGZwmq0rkQ/LS5W9Enkw5qO1KSrNbmW1YitOeEiNcexLTvVZZsUQ/W1V06Ukn1auq5I5NVxCUa/asJq2nrNNZsZtGmicvL+VFy7ERegrz3wg5hQb0ZRaDzPi8VOJPNVAYrFYuRsTUYAmIWrtGNV34fuzDCd2bH4PVSK6ZNHa56zChZb/v4TFIp+aozGNUXhDLjzEgNwLbFyAkRcFQRBEARBeFcj4qogCMJF4uSa2PJj/4LD+36ppuMqz2PqxNv0br89tt20PjPPevsgZwo7KaiGkmPVidynyTzN0DEaordqa6Eu6TY04wBMcSxNXDNFU7MAVtSunZRmbMB5hNVU0TQhQJpiZ9QnRVg115N0rFYVKs3288QcRPMY12RebzVhNWwk1q8iAiHl2pMxDua1x8TZixFWrcpnlRRWk/c2KaACsWP65bouxWKxYhyzT6x4VYkWdYr+hqMV93Hh7CkKi3PUmt47fo6mvjuZmZm55rNWVf4syiuev6NwxbBwCXwXy770/6Renp2mOPkGvpsn03krbes21GCFgiAIgiAIwuVGxFVBEIRLoGX9vfTc+tNMvPnHNR3XXV5k7sxJOjbeEDveaE+yPvtDji7vxHGyJdGzlMlpuExNMVRHAkC8IrvZnuZMNMeLZbFSzv1MOlYjwc8yMlQDVTFfmmgajVFFWI0VZ6oiHCbHqXCaVnOAJkTTCjHTTmzPT3Hrhh2NPlqgTLs2g6Swqsc5n2M17FbOY11NME69P0kRPIiLnjo2wjzf/OwkBXqz3ff9Cmdrsp/ve/i+F/uMNVkTDDS/gWPFz8svzDF/trYOcQjjADYOPcrCwsI1L6wCBPlpbK9wtZchGCilwF8Au+OSx1o6N0yT9zo2K8yec0RcFQRBEARBuE4QcVUQBOES2fT+32Zh7Ifkp4drOu7ixCi5xiaaOnujYxbQnDnHpvpXOefdg1bzTDFQi3JmzqoZB2BiCq+6T9IpmXRlmqKaOW6FC1K7MlVCPLxEYTUah+rjaJEz6bpcTag0SRNfY07TpLBaKv6VdIgmoxKSc6QJq2kOT5NqLttkn2pu3tWuKfCD2HnJtaS5VpOO1SAI8DwvVXwFIvFV57Xq4xlvhs1tr5C149v+vcIKU8cPU2ssO8PWj/wbir5VURzuWsX3iqjiIpadu9pLEUp4K+fI4VzyOEuzUziLx2kK3iGXWaYYNDE/eRut3etqsEpBEARBEAThciLiqiAIwiXiZBsZ/MjTHPqjnyPwaltoZvrkUZxcHfUt7bHj3XVnWFyuZ6XuZnAaAFAqQGtejhP+sm+KoaYTMYwUqBT7kk7DNNE0FSsu6FXd7p7SJznf+RyrVYVMPYZdZa0pRakqXKspQmZShFzNARqdn4wvqHJd5pqSTtu0glJpommF6GzFhdxqjt7kNek4AI2OkdCkFa/S4qj51czyTYsUSGawWgD+CoPNL5Nz8pg3wfdcJobfJPBrL36uv/8f09B9CzMzMzUf+3KhVEBhdhinvgsn13blF9D3adbdcAO2d5y5l/6A5VW6Nt7yO7S1NcSOeeP/MxOpf4PaTc+ue+L/UVoxR6lPdLx8TnzcXXTe91HqMisUjv9vTJ+9mAs9P0r5eCsTBO4iWaVSa9hdCIujR6mbf5uMP0bGWaQhm2FiZDMtXQ+s/m+vZup55v/wM7DtBVo/tvMSV7M23O/9AisvvgAfeIPW96yreF/JOZb+4Db86S+Q++1fpz6lx5VCr9V+cILmG2s8LntL13+Qxd99gIC1Xu+F9hcEQRAE4VpBxFVBEIQa0Nh1I5ve99uc/M4TNR5ZMXnsLXq2305dU0usZWPLMKeXm1hhM4GVK4mrCssqO1ahLJr6vh9FAGjxVZOWrZoU19LQ/VcTF6N+VfJTY3OkuVoTAqTpNK2WIVpxF4321HmijuW5TPG1agZrNfHVoKqLVHezqBRf04TVhCCeeu1J8RriwnRpPnMdSYesdj0nXczJOAndVwurOgrA87zYms3zQ4HWjy7essAK8mxpOEhDbiU2duB7TB59Ey9f2z9YALRsuI/+e36JufmFmo99OVFBgO8W8d0x7MwsTn1XTbI+10z0/AOUm6da+a+OnXtpaqw8nun9V/Q3v8Tpg18vH9z+GBv7elM630DbrkfJ/PVeQvnbL31q9Nx+9COU6X2U1sO6nyHEB3lqrssrH99dxC/MgQrO338NLE5PYM28RbYwRtBxE1YdtMwfZnnx+8ycuYXOjVtqMs/lJvuer5B9z9VexdWjLC7vLR3ZSfNvT1zVNQmCIAiCcGUQcVUQBKFG9N7+ceZG/o7Zd/6/mo6rAp/Jo2+w7ua7ydSVnWCZDKxveJNTyw4rdh+BlSsJfaXzEtmZGlPw0v2S2armFvVkf33cxKJSXNQiXalDhfiaLHRUIZqmODvT+pwvKzPN+VpNgIzmSnHYXoiwGrv2xFrMsSJxOnldFZbe6hEHSWdsbMt+kHCQ6iGMtSYF02Ths+Sr4t4mhNVkZIApvoaOVT2GIqNW6M+9Rkv9nLG48LzJ4UMUl2svfmYaOhn8yNMsr+RjQvD1gAoCAj9cc+Av4BUWsDMN2Nkm7Ew9XLJ/8jz4gV4IyiuQKi3e/M9Kwuoy+bc/x/jp8vGB/nXQeCvdfYXS8U/SXxJWg5nnOP3D74Z9Nz7Kxu03YtNLw+1DTP3wu0BybnP2Xpru/WmmvvdVwCs5+BXKLxDU6BErv0jgLeEXl6iw3Fe8vzAWTh+iYeEQWXcGOv4eVlML2clXaF4+yMixrXRs2Lw296qJdrJ2fhmn8zP4x0rHtas0zelqnNPw6d1kI6epMW5VV2qlkzV2DOADL6wpQCF2Dg/g/NJXaOoK3+W/0UPxGNjbvkBw7AnQLk+99mrrNNs7v0zu1gubt3xtX8Z+8TOlT1+5T+zcF29j/s0v0/DpTRSSTtSjv8/8N80/wp7HpZrsHz0bQRAEQRCuJSp/8xMEQRAumhv+/r8k29IfZmHW8H++7zJ+9LWwKrVF9KrLBWxqep16/wyWKpbcjeVfX83CQlocS8vITBPQtCCWFMfMbd9giH4qXjU+wor3SRa4gnRhNc2VWdGeFEXT8kpNN+kqwqpSKjVyIE1Y1QLk+a69mkirx1jt2s25bMvGsq3Ue1Nxj0vXlNYnegYxJ2m6aLqWz07Uz3UjYTXtsxWO4xEE+rMT4ATL9GVeo7NxPPaZtiyYPnGY/MJMzX+OFDD4kach18bKStwpez2gVCiumi+vsEBx8Sz52RMUFkbxVqbx3WV8r1D7VxBE7tGgSp+O1lDQKp75TcZOGG2v/y9MTS8DjdRv+ER4bMfmUCRa+jtOvvQX5b4nfpeTZ84mjvuJucvOVQCabqdnfQHf86LjKriU683j5efCezt3gsLCGdyVWQLfrXgGl6KtLkycxZ59k/r8SWx3ETtTR0AT7kSehrPDtEx9l+nTxy9+gmlDWAV48TGWpoCu9+J0Asf+Fu0Nd489H35z63vJAvlvJIRV8/y1cPT3DbESePGByvESxAVOgBfw//AXKuYMhVVg2/sqhVWAF29j8ah+c5BFs336MxRjc1Sb9/ep8M1HwmqpzzefZ83m6KnnE8IqwBMUv3Fw7f2nP8NKtf6CIAiCIFw1xLkqCIJQQzL1bWz7id/l0B//AqpWlqkSXj7P+Nuvs27HHdhO+Z/vuqzPpsa3OL3ikHc2R05FLXxBKPw5jhNlsJqCnynKOY4TuVe1MJeWw2r2Sdu+Xn5DNI/+WiFS2nG3pZn9GYmYdroj05xTC5lV3agp2appkQJrEVaTLtHkPdDXFWurFhmAFRX9Sgqr5n2suuZVBFwTU0Q2hVHzmrXgaxacShNfNZGwmshj1d9HGaueF12jZVnYQZ4e5zBdjeMVY86cfoelqcrjtWD9/Y/QsvH+6ypn1UQFfuRcTcX3Ss7KsGCX5dRh2xmws1jWpRddwo9kS5Sb5lz9cTI5gGX82QJBQnWaHRuhvfMmHBUQuAXa6lsBKE5/uaIvr3yOeDxr2fEczq3fjzF/Clo39dMw+Ju0DP/AWG/lGqpcGCrwUYGL8l1U4KFUtdCD2qGUYmb4IL3eMRqDSShaZL1lCOpR00Xqlmfoa3uNN9/477T1/QqZ7MX4FbW7UrtQX0BNA13ryN36ACsvPoF39NfhxnMU33wh7L8tFMjrPzYRc1SGrlF9/vnmPcfSiyVhMOmWrcpBCi++QJoj1D92DroMJ6rhuHW/9+8AjPzUUnbpi8/j3rgbvvfvwk9LVUeuvvZKh2nxe5+g3nTA6jH0tUyP4AP17/kKkHTuHqRgXl7Xblp/e3f5fTTGKVx2VnejXsEcXUEQBEEQLg4RVwVBEGpMc98dbHrfbzLy4tM1H7u4NM/E0Tfp3XEHllXefFBfF7CRNzm9VGSlbkckknqeGxPPdG6n6USFUFR1bBvf96NztfCa3N6uxzJzWrVYV5F5amh8aQJdoAIcvVFUxUW51OzUlCzSyk7pcyVFyKSIqZTCIuH+TJnLdJoGQXB+11rKekwnbqCCVa+rmrC51rkgLraagqmOJjCfqX4lC1iZ36sgwA8CXNdNdbPqsQHcYjF+bcEKfbk36WkeI7mNff7cKebHRtZ+vRdAy4b72XD/IywsLFT8weB6QfkBwZqjDDyI+e4sLNsBy8ay7FBstazS+/D4eTEyV4PUzFW39OOgUGl5p/p85eO7eYLS58Jp+DC+G7oG29//n+jtbjKGfIvxP/uXzEaz6bnL79XLf8ly36dozN5Ex3vOlQQtcw0qjBNQQZiTqhRK+aGIWoM/ggUqwDrfv0spLIyPUj/3Mk3+CRqKc7ACzsTbqGw7jr2IkwlocCfomPsrpk7/fXq3bF9lNP1HHP1vSel9x8fIdiqU6iV76wP4L74AKJSCzLaPwYsvELzxEqrzVCg2Dj5KY6fCvBz3+58iH3N1hu3mFYdxJub7kVCE5Qtk7+8N19T5XpwO8Gcq+wMwPRKKoNGaIXP/f6blfmOO0kn2rfdG/654o+Hagm/2MJ8Yz1MKSu32Bz5GRikUyXuh1/oExd99gqI5xugISvWW13rre8MxUq4leT/MI/HrPcjS7320/McJ/W9nsr+e49gDzP9uqeEDb9Byf0pGsSAIgiAIVxURVwVBEC4DfXd/ioUzLzPzzl/VfOz8wgxTxw/TtfXmmABZX+8x4BxlZM5jKXtTJIY5GQfbdmKiatKxqtFCqunW1EJnmtAKxMZLjpnmbI1IVLU3xbvYtntTq00TO415kxXvo3btIg1U1TXZjrGWlHGSfXzfTxVWzaJU1YTR1PiCtGuyVnGzJgiCIOZOTebn6j6m8FmtPRkFoPuG16zwS1v9zfbYOkrHioVCrN3xZ9nU8CYdTbMkhdXFybPMjBzjcpBp6GLwJ/ZSdD0KhcL5T7hG0bEAF815qjtZlh2Jr6HYWnKDh1ZtLC1Kq2ri6vMUVz5FY7YJp6VSXO1Ytzn8U0pJXJ1anKG3uwkntwnfDYXgih8ZVRZTVencoLiEHwm5AarwR5x44x523H07Tve91BUBFKowSXEx4FIzUS8Hvucx+ca3uVEdoWVxBHt+ElQWd+Y4qq6FXOMytm1he0U2Nw7zvZe/Sef6XyeTy9VuEZ3vC8W74b9jef3LANi3lR2S+W/04g6D/eA4Lb9Vfn/98DLB9CVmoJVcpTVh+nkW/vBh6HiW+t8aJ6vfV6WXxk+PExNjX7yNhTeepV5yVwVBEAThmkLEVUEQhMvEDf/gX7H0Xw9RXBit+dhLU+ewMzk6N98YO57L+mzpeIcTk8ss5O6qOE8LZlq8cxwnthUcwl/6wSg0ZVnYRr+Yg9HYnp5G0jFpbr2PnJuGKKiJRD+9/b6KUBm5UVW609ScR8cZrCaa6rkq+lhxIdL30p2PSVdv1T5WdQFXz2dmpKaNEQnPibxX01GsSbZrx2pyzaZgat4r896ZOayxqAZDuNf9zPaMN8MNza/S3LBMUljNz08zdfxw1Xt2aVhs+4m9OPUd120cgEYFAepSxNXzjX++DkU9t0uwPIVX+tkLBdiwsN2p8RHaWweo2/Jf2DTxP3D8UOmU936Fvt7QkZof/5d4K8Bfv0F+y0bqW3+M7R94i7f+4o+Z+O8/yQTAzf+WW+67CweXYGUaT+VL6/MIVmbxKJbF1fwc/mv/mHP932J9XwtOLrwaFRS4Arv7L0q7XRo/RfvZv6TRfxMnPwVZC7r7yNzyXqjvAnsExpewXI9scZaexT9j6tRHWTeYUonpoukle9sD+C8+gf8iwBdwtum2g/jD5rFxgvPkpcYZwOoAZp7A/f4nqL+/F479N/zVfgQ7N2EDwczDFI/tJrsNOPbvWPjmEzD4LVqqbI131j+AO/wC9oPjNG2rbHdL7cFfP4+7bTdZDiYyV/Vav0D2t34ttbjUmnNVV8E99o3wm9veFwqj06fWeOZOmn5rHBhn+Q9uw5/5Bu70brKdNViUIAiCIAg1QcRVQRCEy0Smvo1tD/weh/7o51FrC/67IBbOjpCtq6O1byB2POsE3NA9xolJi4X6u6ICV6YTFagQ16AsOrbg+QAAIABJREFUsEaRAJaFZdtQEkZ1Rmcaaa5VU2Ss6mpVcaflhQqrlhVmlq4mrJoCZJLYtvg0wdMQVvV6U6/fcMdWQ693NUevFosDlR45UE0wTgqrqzlWzbH0OasJq/qY53lRFEAyuzee5eoRRJ8lnyZ7hs1tr9OQqywiVVxeZPzt11Isi7Vh/Xt+NcpZPW+kxDWOCi4kFuAyoD/bubtZ/6kXWW+2FX7Amf/yT5j87seZ7t5PZ3szzfd9h9vvS4wx+2cc+a52D/8Ljrx9E3du34LT91lu/4XPVkzpT32XCdcltu3d8wiiHw79Hib+7D/R+j/9Bs11er0eNY6+rsKFf67GvvcN7p7/Plmmob0ROtdB2zrswhHwctDehrK2wPw5MivzbO84xV/97ddZN/gvarry7P2PUnzxhdAVOfjeFGHxCdzfe+IixMVeGj/4hVAYffE2Fl5cyzk7yX3gAfIvvkDwzV4WouMP4Hywuns0u+1jKecQCbLRNc48TP73Hq4sUmWIzMlrrSbYrsqLt7Hw4hfI/tZ7V2lfwzhaWE7S8TERVgVBEAThGuOSdsoIgiAIq9Pcdwcbhv5JlMdW69fUyaNMHj+EIii7HS3IZBRbe8/Q471MTi1goSu3+2HuYAkzY9N0Jmp3om+IbFpQS9syrtF9kmNCSsGoUkV7M9/VdGSuWVhNcb4m+1QTM81iWWsVVtPyUyMxs5rwqvvYZbdptX6m6JzaxxBxAz9+r6FSWE1zmZqiqBZNdQav7/uohDs58P1IWDXHM0Xd8vle5OxVyqeJMbY2/ZCGupXYZxQLlucmGX3jJQLfvyw/H429t7Hh/l9lfn7+us1ZNdGxAFftFaTkZJZXhyr1O/n1+zg9ulDRI3/kPn749X8eH/M7/yM//PKfVApehZc5/eX7eO1PvlrqaxS0ir0nmjfwv8rREyfKx4Mrc18uhtbiSeaCLOdyvYw5mzirBjjnbuLcQjNn5xoYLa5nNBhgVG1irNjL9EIDm5pqvwsCduIMht+ZkQCwk6YHv1B+2/Es9b/0LADBG2usVr/t16j/wAPl94PP4nSsfkr2/v8cPwewH/zPNK4mJnbupqW0tth6I6frTppi7V/AScyRNi8feOOChNXs/Y+u+otV9v69seu3HxwnOwjMfAM3zRW87ddoMZ9Bae1ZiQQQBEEQhGsOS13vNg5BEIRrHBX4DP/F55k68qeXbY6G9m7Wbb8jdJmacyuYd9dxZuUmXJpQKhT3wjgApyJL1XGcWMambds4jkPGcaKxTfHOzEaNiZAGyXZTQDRFT8dxYuJqNffmWoVVM8YgtY+Za1qloJQWRHXuaTV37GpCsB5H56dqp24aaffPbItEZxUXppNzJQXxag5isz1ZwCrqEwR4JXE1udXfdM6GY3jG/Q5oYozB9sNknUrf28L4GSbfOczlysOsa9vELT/9FYo0sbJS6Zi9Hpl94/9i/vDXrvYyhAQbfvK/4jR0Xe1lCMK7luPHj9PW1saOHTuu9lIEQRCE64z5+fnzd1oDEgsgCIJwmbFsh63/8F/jLo4zf/p7l2WOlZkJzh76Ab077sTJlD0tlgVtuXN4vs/4yhbyqh3sHMrQYHVWJpRzUc28ThUE+JZVroatVFjcpiTSOY4TOzcpvpnHklEBaZmtkUNUhSJd0s16XtHUTgi4QaUgihXmQyoUBClip1XuV01YTc4VqPMLq+eLDFitLSkEV9vmb97jNJet2UeLqioIwsrtpWcLZceqbzhb9XhmTmu4jqD8PBRYeDRa59jW9hYZp9IxOnNqmNnT71S93kslU9/GTR/7MirbzkqN/oPpWsBp7Lm0glZCzbGcOhFWBUEQBEEQ3uWIuCoIgnAFsJ0sN/7Ulzi879MsnXv9ssyRn59h7M2D9N18D5m6eHJeV+MUGctldOkGiqoL/c+/3o4fimZa6LRj4mQA8TzMkgCXyZTHKDfFxVI9RlL005iuVu24TOaHJotgRe7PVdyo1RyiMaepqiKsEo8CWE1YhdL2/Cr5qNEW+CrrNedLc9Cmic5p98e8drOolOkMTjqG9Tb+IAjCZ2pgtussVjO+If6cyjERqACHAi3OGAOtx8g4AWbxKqUUk8NvsTh+puq9uFTsbCM7HnwWp2k9s7Oz133Oqkmu89arm7kqVNDQffeP1GdMEK5H5GdQEARBuNqIuCoIgnCFyNQ1s+Njz/Lmf/s4hbm1Vgm+MNzlRUZf/z79t+4k29AYa2trmCdrHeLM0g0U1ABB0FBuLDkvQ6HTqhDvzOJF+lhS5DPbzAgAfV7S+ZiMJDDdmLGcVttwbVbJPdV9V9vib867mmhqO+cRVi2wrbW5UXXMQrW4ACgXFtPb/JMFx/S9Sbp/tdBZcV2GExmICoXp82MxAKV+4b3TYnFQ4VZNiuThOgJ8Pyi5XgMIPDJqia7cSda3jmIljLgqCDh3+BVWZier3otLxnLY/lNfonHd7UxPT//I/cKda9tMrut28uOvXO2lCCWat/3U1V6CIAiCIAiCcJWRzFVBEIQrTH72JG/+14/j5Wcv2xxONse6m++hvqWtos3zLU7NbmbeHiQgG5lSbccmk8nGnaIpL8dxoheUMz6TgqkpsGqSrsww+7UsIpriom7TAiukC6exLfOriJ3nFU3X2MfJONG1mEV1KsYquVFX62Nurze/VkQzlNahXanJ803RM1ngymzXwmugi5KVnptj22BZYb6q5+FVKVpmOlY9zwvFWRVg4ZIJZhloPkp742LFdQaey9lDPyQ/P1P1XtSCwY/8G7pu/kfMzMzg/Yg6PPOThzn1p794tZchAA39O9n4kS9d7WUIwrue48eP097eLpmrgiAIwgVTq8xVEVcFQRCuAgtjr3LouV8icJcv2xyW7dB/yz00tFfmAapAMTnTxKh/O57VCpYdiavm9nyNLmylX6bwZ9t2uPu95H40RVOzHxATWs0ogGQOq55Pn58UIc3xkq7N1HuREGiTW+ohLqyGW9wrxzGF1WoO2uS4SSeuiSmamu1aXE1zq5pzmO7VpJM4eU91m3ak6rEcx8EuuZP9kqNVv0zRPC7ehnEBBAo7WKQ9c5oNrafIZStvmlfIM/bmQYrLlaJrLdn0vt9k/X2fYXZ2FtetLKD1o8TiyN8w+p3fQV3Gfz+E1Wnou4cN/2AvTl3lH7AEQbiyiLgqCIIgXCwirgqCIFznzI3s59C+XwZVWfCnVliWTc/222np6U9tL3g53p7YgVe/kUypEFZZyCyLa7YdCp2ZTCbKWjXRQqltWVglYVQf15ECjuNUiIemmBmLAkhxtSZFWFO8XZO4GmXLloVHfb7tlMfxfb9SWLXKOawQF2iT8+i1arRwap6fdJKaIqZ5f9Lco8m59HzaqWlep8Z0s/qeh2+062el81Vd162YzxTBg8DHcz2U8rCDZTY2HKGnZboiBgDAXVnmzOvfxy/mKxtrSN9dP8/mD/0Oc3NzFIvFyzrXtYK3Ms3sm19n9tBzeMsTV3s57xoaNwzRcevHabnhw1d7KYIglBBxVRAEQbhYRFwVBEH4EWDirW8y/Of/lPRqSLWjfcNWOjdvx0o4SQECZTEy0clM9r6SoKeA0vZ6i5JbNRO5SZOYQqh2QSbnMSMC0hytaWPGikoZmZ9JURUqxdJqJEXctP5r6WNmmpqiqYkpBiejE0zR1OxjzmdmnSZdxGni7GrishZUzQxV87rMwlXVxtDFq7SwmvMm2Nr+Ns0NhdT+S1PnGH/71cte3b77pp9i8CP/hrn5hXeNsCoIgiCUEXFVEARBuFhqJa5KQStBEISrSM8tD+KtzHDyu09e1nlmT7/DyuwUvTvuINfUEmuzLcXm3imap7/DmcIdKLsVRUm8JC4ami5L/VUXbYJSlXmlsEwx0LIIiIuCWpw0t7VDXIRN2wp/vr8H+r6/JtEUKrfoJ/sk82L1/Mks0yRphbnMvqawmry2pJhcTTA1hdk0QTQZD2CKqvq4fgaxAleBj1Jg2xaWpQuNlV2vgV/E9ldoz5xhY+8I2ZT/igh8j8ljb7Fw7nRlY41p3fQetv74k8wvLIqwKgiCIAiCIAjCVUHEVUEQhKtM/72/iLs0wejB/3hZ5yksznH6h39L9+AttPUPxNosC3q68rT5r3Bisp8FNqKcxpIDtTLv1BRTk7mn8XEtlG3jGFvVk1v4o635icJWenzTZZnMFzXXotuT4mpSgDRdsfr8ZLs5nnnNabECacJm2ppMx2padmyaYzUNc4xkdqy5RhUEeCUxPFkIy+yr28oxEOVnrlQ5g5WgSM6bZEPLCTqbF1NjAAqLc4y99UO8/OXPAm3qu53t/+jfs7i0QqGQ7p4VBEEQBEEQBEG43Ii4KgiCcA0w8MHHKC6eY/Lw/3NZ51GBz8TR11menqB3+x042VysPee4bOs5xbmZeSbdTXjZXiyrXMRJqVD4c5z4/31oAS8pTJpZnbZlESiFoixA6v5aWKwmmgZBULH9vpozVPc316W/ryasaoFRr7ea+JoUYJNuUz23Kaiaa9JzmWMkxeBqrtVkUSnf86IwiZjoHAQEShH4Pm4ph9Vctzl2KJyW+8SF8gDfDwi8Ira/QIOaZHPnSRrrA6DS0Tt35jiTxw/BFUgbqmvbxE27v8xyIWBlZeWyzycIgiAIgiAIglANEVcFQRCuEQYfeJpMUzdjB//gss+1OHmW/MIsvTvupKmzJ9ZmO4r+7lk63SVGFxZZKPbhZVoBGxUEYIFlBRVuSyiLeFGBK0NcxbJCYTUIUBguU8uCUj9TPDTFUE2yD6Rv3zedqNWcpWnb6k3BN9lHk1aUKnn9plCp15Mm0CYdv2n5qea1Re1aEKbSXavX43kenufF1muuRReniq/Hjhy2vu+Ct0K9mqK/5RQdTQupblWvsMLZw6+yMjNZ2XgZaFp3Gzfv+Q8U/BwrK0tXZE5BEARBEARBEIRqiLgqCIJwjWBZNlv+3ufINnYz8tdPX/b5vEKe0de+R8emQbpuuKmiCFVd1mNLxwlmliYZXRjAtTsIrDpsJ0NYgCseFxC6WisdlhCKrQFxx6qZwZrcJq8FWLMQlB4vKT6mFdlKOmOBCrEzbd619jHnWG0Lv+632lZ/UxA1xdVU56vv4yfHSriBtSPV87wKgTYprMYFahsoicleAcdfoD1zivVt42QzlW5VCEX6c4dfIfDcqtdfS1o33sdNe/4DSyueCKuCIAiCIAiCIFwTiLgqCIJwjbHhvl8mU9fMO3/5z0H55z/hEpk5dYzl2Qn6btlJrqEp1mZZ0Nm8SFvDIc4tdDOxvA5FO1amFSAqgAShuArlAldKqcg5mdwKn3SjRlv3Sw5Xy1xACTPv1BQgk4JlWn5qmrtzNQHWFDyTfZLjJHNPze+T2aimszfNQWvOVyEoGxmqsXVQKdBWc+6a7eWM1XIMgPIKWMEyDWqKjW2naK7PV1x3OI7P5PBbzJ05ntp+Oejc/hNs+4m9LCzlJWMVgGGee+wZDqQ1Dezh84/uovNKLwmY3v9Fnhz9KHsfGrwKswsh4WeDR/aiH8P0/i/y5L6RqMeQ0SYIgiAIgiBcGiKuCoIgXIOsu+MTZJt6Ofqnv0HgXf5MycLCHCMvfZv2jVvp2rK95E4tk8koNnRM0FE3wdnFjSy6m1FOI76yUYFCUekijblWjRzSpLDoGyKgKfbZth0Jh1p81ej3juNEeazmGKbgaRbDSgqrZr5qMmPVFEX1dZmFqfQ16mszMYVfLWYmz9dfo23+2iGbiCYISgWl/CqFsJJCcFrBLFNoDd2vPihQKCwLVOCiAo+MP0Vfw0m6WxdIGJkjFsbPMHHsLbzClcs67bvnU2z+e59ndnYO170yLtnrgwH2fP5Rdl0NFVW4bgiF1fU8svdRBsMDfPHJx3hOBFZBEARBEISaIOKqIAjCNUrn4I9xy898hUN//Gn8wsJln0/5ATMnj7Fw9gw9226lZd2Gij6NjbC18QzTs2OcXrqRwO5BWVnAqogVMHNE9fs0EVLj+37ketViphYdo3P1+WH+QDSG6QxNyypNCpAmQRBE8+n2pCAaEydThFUt0urj5tj6qykAR/dFqfD6zExX2yZQCkouVc/zKtYDxPJsk2KwOU9cVA7wAx8VlNpsCwIPqzhNszPJlp4xsply5INJcXmJc0deuWLZqprNH/od+u75FDMzM3ilAl3CBTD8HI89o/2tcTF2ev8X+So7Wb9vHwfQbsZp9n/xSbTJcWjPHkb3HWRn4ryyC3KIR/Y+xGDs+DM8Nprinh1+jtBQGfaPxjq4M+pbbezw9Md4hkfKrtjp/XzxyfLahp97jFfW72F03z5GUoXnYZ577Fusf2QnB5/ZxwhUunyn9/PFJ0ttVe5ZeX2JORLnDuz5PI+GC0tcd7qz9Kt8MuyfcCVH4+g5vgo71+9jX/jQ2PvQYHxdQ0MMReuf5sjBEQb2fDK6j3Tu4qND+3jmlWEeGhR1VRAEQRAE4VIRcVUQBOEapqX/Lm79xNc4vO+XKS6cvSJzeoVlxt58idnR46zbcTe5xqaKPp3tAe3Nh5mYO8G55c0UM73YThOOs7b/W6nmsNQCq+7jm0KozljVIq5SkcgaG08pLNuOhFrf2Epvumk1pkvUFDF1m3aYagcuEHNPWlY5CsG8vrS81mS773mhkGpgG65Wv7SN33TupkUOrJb9WhZzvZKgq48H4K3Qqkbobx+juanSgQsQ+B5TJ44we2o4JgJfdiybrT/+BN23PMT09HSFe1lYA8PP8dgzo+z5/N5QABx+jsee/CIYguDIvoPs/Pxe9nbqU55kH3v4/N5ddBIKrQcYYGdpyKQLcnr/F3nysedC4XDXo3yeVWIBBu9iiGd4ZfghQk0vFP6GPvqoIaxWGXuNl3xg3yiP7N27Sv8R9j2zPuoz/NxjhLdkF50lcXT9I3t5tLS+/V98kn1f3c+OR3fROfxc3AE6/ByPPfkcvXsfYpBhnoudO8xzjz3Jc717eWjwLob4FuPTMNgJDL/CAWAgOjDNkYOw85NlYXV0z+fZGwmtT/JFDIF1ZB8Hd36evaWHlrxvoQhNSWDtZNeje9mVcicG1nes8a4KgiAIgiAIq1Fl058gCIJwrdDUcxO3/ezXqWsfCLfJX6HX8swkJ77/V0wMv0UQ+KFT1HjZWZt13UVu3fA2m+teIrsyjJefi7I8fd/DdYslUc+rcH9q0VC/0rJBdWEm13XLfQ03q+/7eK6LWyzium6qmGkWeAp8n0B/b7hKXdelUCjgui6e5+GVvppiq57fdd2w4FYi1zQpdAa6T8Itq+crFou4pTliArBSuJ4XvkrXnRRO9Vz63DRHrsb3PTzPxfeDMApA+dj+PJ0c4ub2l9i+YYyWltAxm3zGi1NnOX7gr5g+eTSc4wp99nBy3LT7y3TetFuE1VUZYd+Tj/HYY+brOYYBmGb/tw4wsOeTZWfl4EM8MjTCvm8Pl4cY2MmOyLY5zCsHBtjzSe3k7GTXR8seSBjm2/tGGHqkLHZ27vokewYO8K3902tY7yB3DcGBV0rzTx/h4MgQdw3WYuwSQ3edV4g15xj88B4GRg5yZBro3MWje82t8p3s2DmwyuU8xN6qwu8gD0VjDXLX0AgHj4TXMT0+ysDQEBw8wjSE94HwOUzv/xYHBvbwyfJD46FHhhjZ923KT22AndFD087UD5ev6aFHMJ9akuHnHuOZA0N8VPIkBEEQBEEQaoI4VwVBEK4D6lrXc9vPfp3D+36FxbOvXbF5le8zfeII82Mj9Gy/ndZ1Gyv6OI5FT1eRro5hZudHGFvcQMHuw3cao63rphu1mgiYtq0+mY2ayWTwfT90kYYdYufo43YQ4BtjJItcmX9ZNIVQMxs2raiUX9qW7gcBttEe9UkROf2S69X3QoFZu1F11IGOJdDu2JgYbEQimPfHFFyDwAesmBu3fF1+JMRa3jJOsEhb9hx9nZM0NqQ/B4Di8iLjb7/G0uSVcUubOLlmbtr9LPXr7mZ6errq50VQwAC7P/fZysxVpVBMMzoC6x/oiN3D9v4BGNM/V+E4SpVSk6fPMcp67uzQbUB7PwOMhn2mzjHKAPe2G+100LO+NGdizDS23jkEL5xjSm2lc3qUkaE72aoUanoNY5MYO5bXTGV7lXvWb87R0cN6RhidVqjIyDnMvsefLRcLG7g3nGPrh9g98BTPPBa2DD38NHsiZXUrH9o9wFPPPBaeN/QwT5cbae8fYGQ0/DwfPgj3/tydjD31KtNKocIDdCjFcPjQ6IiuVz+Dsdi/n+V7nfac2wkfs3kvS1e273GePTDEw0/vCe97lTslCIIgCIIgrB0RVwVBEK4Tck3d3Prx/8Lbf/LrzLzz7Ss6t1dYYez17zN3+jh9N99NrrG5oo9jQ1e7S2fbCWbnTnNuqYdFawCVbQYyKXmrQUk0LeedWsYWfzMr1Dyut+cnhVozi9RXCksLr74fFcbSxav0fKbwaooWNmAlslyruUPNXFRVcndaEMugNefQblMtmJqiqOlENd2sZjRB0uWbhnYO+76L7a+QCVZo5CybeyZoqK9+bhD4TJ94m6kTR65sBECJXHMft/z0H2I1b2JmZuaKzy9cAQbvZGjkBY5M76L31QMM3bnnaq/IoCyqDuz+HE/v6mR6/5d46mXd3smuzz7NLkoi5bOPc8AQuDt3fZanw0Yef/ZZHj8QjvPZXZ107riXgedfZXjPnYyNrOfOzkF6h57l1eE93DkG937oCrhIp/fzwoEBdn9uz5pjFgRBEARBEITzI+KqIAjCdYSTa+Km3c8w8jf/B2e+98wVn395ZoJ39v+/tPVvpuuGHakiq2VBR4dPe/tZ5uYnGV/sJO+uw8o1E9gNBKX/6wkFQqt0TvjVdGQmxVhzG7/5VTtMzQJPpuM12U8pRVBybJn9tchpWRYBROJiWnaq7mMZAq0pvtq2jZU4x9zKb15fWmGqtBgAvRYtnCql71u4mT4IjIgCrwj+MnXeJG3OObo6lmlu0jXAKnNVVRAwN3qSyXcO4RVWKtqvBK0b72f7T/0+RRpZnJu7Kmv40aKD/gF4Ocr1DJkZG6l+Smcv63mZ2CkzY4wA90btI4zNgFEBivFRoH+t6xrkzqERXjiyn/UHhoi01ZqMvRYSc0yPh47ZDmD4VQ4M7OZzn00U4kq7ij1P8/SeafZ/6SlePjLNLtM+PLiHp5/eUxJmjzC9axednTu4d+BlxvfDgaE72QNM9w8wOr4fRu9Fa6sd4UNjmsHyGkrPIJ205zxD6mOeGWOE9TwgaQCCIAiCIAg1RTJXBUEQrjMsO8PmDz7GzQ/9RzL1rVy5FNbSSwXMjR7nnb/7c0Zf/z6Fxfn0dVrQ3uZx4/pxtnUfoZND5PInoDCF7y6XtrOXMZ2daYWazO3yrluM8khNUVK3e55HsVikWCzGttfrfl4pO7VYymrVWatmP3Ms/Uq6Rs0+pus0mYlqzmFmpCbnMfsk3allN2ppHt+P8m2DwMd3V1DFOezCOZq8o2xufINbN55gy8ZlWpq1sBon8H2mR44x/DcvcPbQy3iF5Sv/eUKx4f6HueVnvsKyl2NxcTH18yRcKJ3semCIkee/RhRZOryPZw8MsPtD1XyLofD5/Nf2U0oHZf8LB2LtH9o9wIFn90X5n9P7v8bzI0M8cAH5nYN3DjHy/PMcGLrTcFCef+yO/gE48GrUPvyd51cRHatz4AV9faUxhh4oRyuMjBF5pof38dTzxgzD+3j88fL6mD7CyyMD3LsjLDy17/HH2Vdu5MjLIwzcuyPKr+1dP8Lzzx9goD/MH+jsXc/I888zGvWBzl0PMDTyPF8rPzT2PXuAgd0fquI21c/5O+X7ss+INDApib7iWhUEQRAEQagt4lwVBEG4TunY+mHu+IU/5e1v/pMrmsMaoRTzYyPMj43Qsm4jXVtvpr6lvaKbZUFjnUtjzxx9/hzzS6eZmG9hhV4Cp5UgqEfZdcawOj/VidydSSdqEPiltkzkOo1nEcadn0l3qCnihmssO2h18aQ056uOJNDtye371cYyx9To6AP9vb4ufa5lOcY9KeWn+gGB8lAll6od+Fi42EGeOjVLV8ME7c156utjT6DimQSex8zpYaZPHMEvFirarxSZ+jZu/Mn/nZbNH2BqekYKV9WawT08/fA+Hn/qcZ4Hqma0xk75HLu/9BRPPR6eMbR7NwMjY/SWzunc9Vk+x5d46vHHS2eE+Z1REaod9zLw/LM8fiB+PD7JnQxxAO6Mt5537F0/x+6Xn+LZx3Xm6cMMHXjhQu5IeN76sfIcA7v53GcH9cXz8NDj0fgM7OZzDw/x1LMvc2R6F7uS7YS5q+H9HGTPw0M8/uzjZWFz6GGeNm724J1DcGC0JMYa96HXfCCD7Hn6YfY9/hSlRxBFC1RlcA+f212+bwO7dzNUeuIxhvfx+LNUfy6CIAiCIAjCRWEpqRQhCIJwXRN4BU5850nGfvCVq70Umnv66R68hYa287vYiq7N3HITE/NtuHYnntWAIoOyMmCFxat0HmvMvVoqDOVkHBwnExMzwz7l7fiWZceKQZXHCmKFXnT2qRZhk69kPqop8upxkkWwoCyaUkpiTUYd6D6gYsKi4zjYthMTeH3fxfcDHApYysdWLjk1R0fdJO2teZoa/FR3amwuz2Pm1DBTxw/ju8XzPqPLSXPfHex48P8kyHawsLAghauuVab386WnxnigpoLcMPsef5U7r7jIF2aqEitEJQjC9c7Jkydpb29nx44dV3spgiAIwnXG/Hz6LswLRZyrgiAI1zl2po6t/+Cf07rxPob/4p/h5a9eXuXixCiLE6M0dvbSPXgLTZ29VfvmsgE9bQt0t85TKJxmLt/G1FwjBaudwGkGq4FAZQGLoOTcREGaBqcF0yBQYVaqVco9teK5quXvg5JY6sTGMbfsm8WkTOEvno8aCqKh6GrHslTLW//DPo697U96AAAXGUlEQVTjoF2kpss2CEpzBgrL1tmxRMcD30P5RQiKWL5LnTVHW3aKzrYCzY1FbPs8iirw/7d3LjFyXNcZ/quqZ7p7niSHw4cki7QIIdQjUehE0MMIIgqwA8GQHESAgSxsIUgg5bVJFpazTIAEkIBkJSOIN4KyySaWoIUtZJGX40gyYgtWJEeiJdIc8aUZcch59HRPP6oqi+4e1jTrPutWV/fw/wDi1jn3nHNvdReHo1+nb0edNtY/vYDPfv6/hYuqAHDk1Ddw/LG/wEatgaajX2huJT744AO8/PLLTmu++OKLSBMfux+bfw4nAHxzp6PUtn6Ps+/unDuapab5Hp7bZQ9z7VHliSeewOnTp4veBiGEEELIWMPOVUII2UNsr1/Emdf/FLUr7xa9FQDA1P6DOHjiPswcPKIVH0cx6vUY1xv7sNrYjzamEXkVxF6AGD663Z8T8IJgRxz1PO9GF2kUI0aMIAhQKk3cqNv7p64vWAI3ukP710nB9MYXUwW7vuiqWyPaqdU9kiDY1Rnb3w8AdDrtns9HEPjwPD8hBEdADERxhCjsHYUQePB6CnIctRGGbfhRC2XUMDOxhv0zm5ifbqFU0jsyvbF+DdcvnMPGlSVEYUcrJ09KlXmc+K2/xvyJL+P6dR4DMJKcfRXPf+dHN+yHnsULzto8r+Htl17AaxcewrMvFPHR9LN49fnvAM++wM5VQvYQS0tL2L9/PztXCSGEGOOqc5XiKiGE7DGiThPn//1vRuKYgD5+UMLskTswf9sxTC8cTv14/CBxFGO73kZtewK15jw2O/vRjquI4SOePAA/6H74IoqBOOx9zN/3Eh/xv9GVGkXdL41C/yP8vrdz7EBSNO102ojCaKeDtC+cJgXTMOzs6mpNiqtdf7zrjFXP8xAENz4oEse9c1qjqNtl2/UijtvwECOI6ihFNUwFa5ivbmGm0kSlEiOY2N1lK6JVr2H98hLWLv4C7caWVs4wmDn6AH7pqy+hE+zD5uZm0dshhBCyR1haWsLCwgLuvvvuordCCCFkzKC4SgghRMrVD7+Hj974JqLW6AhsAFAqVzB/23HM33YclbmbvwBLRBzH2N5qYasRYKM5j1p7AREChF4VkVdC5E0CQQV+MLEjjPY/kt/phDvnCXieh6AU3PSFWX1hFQD8wN85zzUZMyis9j/qv/sogJuPFQiC0k63ahi2u/uJ2pj0mvAQoRRtYiq4jrnqFmYrrZ6Yqn9yT6e1jY0rn2D98hIaa6vaecPiyBe+gWO/2TsGoFncF2gRQgjZe5w5cwYnT57EkSN6n5IhhBBC+lBcJYQQoqRx7Rw+fO2PUL96puitpFKeme8JrccwUZ02yo1joL3dRmOrhe2Wj63OLLbCAwi9GcTwEfrT6LeqxjEQ+RXE3mS30zTwe2epdjtJozBCHHd68QGCUglBUOqdf9rrNI3jHfG139naF2DDMOwKr1G3czWOw521g6jR7UiNG/DiDvx4G1X/KqpBHZXJCNVyiKmZSXiBXmdqn6jTwebKRaxfPo/a1U/TD6MtGH9yGnc/8SLm7voS1tbWeAwAIYQQ57zzzjt4/PHHUa1Wi94KIYSQMYPiKiGEEC3iKMTln7yCT/7r7xC2akVvR8jU/kXM334c87fdiWBi0rpOFAHt7RaaLR/b7RJaLaDVAhrhfoReeUdk7Z5uekN8Db0Kul845QG9jtXuF2IBXcF09z+X3W5VDwGa8KIOEDfhx00gjuEhRKXUwOREhHLQQHUywsREiIlJoDQRaB2LkEYcRahd/RTrl85jc/nSSJyjKuLQ/U/j+GPPoxlXUauN7nNHCCFkfFleXsb29jYefvjhordCCCFkDKG4SgghxIhWbQXn//MFrLz3z0VvRY7noTp/ANMLhzF94DCmDiwiSHw5VRaiCIhiD1EnRLvZQRgBcdQTZFHuzXftOPK657nGgO8Dvh/D9wDPB3wPKHmdni9G4EcI/O5H+UuTE/C8GJb66S7iOML2xnVsra5ga3UZW9dWEPW+JGtUmT58H0586a9QPfwA1tfX0W6P9n4JIYSMJ7VaDWfPnsXp06dRLpeL3g4hhJAxhOIqIYQQKzYu/hgfvfE8GqsfF70VPXIUW0eNm8XUZUSd0e1OTRJMzuDO3/gzHDn1DGpbddTr9aK3RAghZI9y6dIlrKys4NSpUzh69GjR2yGEEDKmUFwlhBBiTRS2ceWdf8QnPxjtowJEVPctYPrgYUwfOITy7Dwmp2aK3pIVneY2mrUNNNZWu2Lq6viIqUkO3f80jj32PNbqwOXLlxFFUdFbIoQQsseIoghbW1uo1+vYt28fTp06xXNWCSGEZILiKiGEkMy0ass4/x9jcFSAAs/3MTk1i8mZOUxOzaI8M4vJ6TmUp2dRqkxZn3Hqgk6ridbWJlpbG2htbaLZu27WNkb+I/4qpg/fjxNf/ksE++/F8vIyWq1WapzurxqquDznbeby8g8jTsc3yrbtXNLWfT0HSf48GfzZYmLb1smypqsaNmtk8Yl+ho+af1Tm84pLy4vjeGj/xgZBgNnZWczNzaFSqQxlTUIIIXsbiquEEEKcsXHxf/DR97+FxupHRW8lF8qz+zA5PYvy9CyCyTL8oAQvKMEPSvCDoDeW4AUB/FJpx+5/sVbYaSMOO4jCEFHYQdTp7LZ7f+Kwg7DdRqte6wmpG4ja6YLjONM9AuDPcduv/x5idP/juv8f2GmCVdKftEX+ouyscTr+KIqM83TzTeNkeYOjSR2Xo2g//e7oPNZNe/+Bm4Uk09H3fcRxnDra1CtyTLsP07wscTrzJnk2dUbV7iOLc+0fpsBKCCGEuITiKiGEEKf0jwpY+sHfjuVRAWQ4HLr/aXz+9LcwMX3opo//i36lUAmusrgibFmc6FqUn3adNc80zjZelq8ba2vLRpsck9dDB5EwKJuTjaMgmKruI2udYcTl5Zdd29bTsfPOS/p1BFpVfUIIIWTcoLhKCCEkF9r167j8k5dx+ccvo9NYK3o7ZBTwfCze8yQ+9+ifYGrx5I6glRRI0zqZBv1JVHGD9ZIdlFlt0XqD+5PtS9TRKcpXdazmOa8Tn6VDtV8vrb5qHFw/67zJ/ajeP53OPZE9qmMc7+6U7dvJsR9v0pGqU08UX8S8rt8kTqcj1pUti+tjE6eznqg+IYQQMo5QXCWEEJIrYWsLn/70n3DxR/+A1uanRW+HFIAXlHHkga/h9oeeQ3X/sdQuwSQyITUNVZyJAKtr664vuk7asvpp17I6snom+TrrZ43XraeyTWOz7iftOs1O+nUEpjR7cEzOJ33DFlh1fSb1TO7LdH3TeZ21ssbb1LO186ij8xzrrC/7e0EIIYSMCxRXCSGEDIUobGHl/ddw8e2/R2P1bNHbIUMgKM/i6Be+jtsf/H1MTC/C827uTJQJmab+NLvPsARW3TwTf/91M63jct62o9XFWatp9Vye4apbVzSvek5lY5JBf3IU+dPibDpFdcdkfZuzUrPuVzdeFSea18nL4tddb1i2i7g+On5V/bR8QgghZByguEoIIWSoxFGI1Z//Cy68+W3Urrxb9HZIDkxMH8TtD/4Bjv7a1xGU53b8ol8VdP0y4dS2Xh62iziTa536qjzZvGmcq7w88l3cZ1pM3057PmWIhKRBoU7mT7sWjabxedXLa995zev6Zde6+UXYWeOy+CmoEkII2QtQXCWEEFIYa7/4IS68+RLWzv+w6K0QB5TnP4c7HvlDHP6Vr8EvVQCIO077DM4PnnGqErB084uys57RutfOZDUZ817P9H51bNHzmmarOvfS7KTfpjNTFmfTQarapyzfZXxe87p+nfdjXOw+un7R82sST4GVEELIuENxlRBCSOFsXv4pLrz5bVw98wYA/nMybkwfugd3PPLHOHTvU/D8krBzT+YXCVM6dXTz0+qZ5shs3VjdGjr5adciATdLPZP6NvVGIV4Wo2unIRNYB1H504QrHb/JvI4va55N3az3ZVI/a7wsX8efl51XnCze5nknhBBCxg2Kq4QQQkaG7fVL+Oz/XsfK+69ia+WDordDJPilCg6e/AqO/OrvYt+xR3b8qg6+NGHO1i+qr7J142xt13l5+IfRweo6TnVfWfev8zr20Xm+bEbATSdi0u+6w3XYcXnM67wuOn6TuCLPVh20XcT10YlX+dPqEkIIIeMExVVCCCEjSW35Z/jsZ69j5f3X0Ny4XPR2SI/5Y4/g4Mmv4PAv/w5KlfnUGNGvBCKhSidPx68SwEzy8rBN8kTXonom17b1XM27jstynzr+pK0jtNogE65c2El/2rWreZu4Iubz8tvGmdbJWs+0Th5+CqqEEEL2EhRXCSGEjDRxHGHt/H9j5b1XcfXD7yFs1Yre0i3H3B0PYvHeJ7F471cxObMojU3rSNKZ143XOeNSlK+y0+pnsXXXT9u/KE/VkWkab1JPtV+X86r1ZfNZXx+T50Pn+dYZgWwdgCJ7cMwanzY/ih2oNq9D1jNTTfZh+j66srM+V7Z+nTxCCCFknKG4SgghZGwI2w1c+/hfsfLed3Ht439DHLWL3tKeZeboA1i89ykcuu+3UZ47apQrEp505kU+kZAlqi/L163nytYVVNPstGtZPdH1YL7L+sOcz+KXXevYIl9azODzJbJVApOuX2abXiftwVE0b5vnYl0X95G1virWJE+2X9t6LvLSnlOVMGpajxBCCBlXKK4SQggZS9qN67j6wfex8t53sf7J20VvZ08wc/QBLN73FBbveRKVfXdY1ZB16InmZf60urp1dPN16ss6HFXzJrbtWaAmcTp+m47WouvZvk4mz4HML/sfCjJsO/1s7Swdljp1bM8ydXEGah736SLOVZ7r58Imro+OX1UvLZ8QQggZRyiuEkIIGXuam8tY/+QtrJ1/E2tLb6Gx+nHRWxoLyvN3YN/xL3b/HHsUlfnbndZXCU7D9qfZafsbli0SBHXyRHGia538LP6062Gur7Jlr4uJT+ZPi5MJSjrCkmg+TdCSxanideJMrk3r5+EXXWepr6ptkjcM20WcSECVIatPQZUQQshehOIqIYSQPQfF1nQmZ49i3/FHe2LqF1Hdf2dua4mEpLQzKwcFxjR/Wl1ZvE1+Wj2XZ7AO2rr7Gdy/LC9LR6epX7Re3vEm+bZ22vOieu4G83VtXcFV1gkoqieKM62nk2d6Zmne8aI4nY5WF+sUYds+D6o8WXwfk33InnNCCCFkHKG4SgghZM/T3FzG+tJbWFt6E2vnbx2xdWJ6sdeZ2hVUpxbuKmQfIuEqOW/qFwlhOjVUgqssbhi2rsCaZouuB+ub5Mv2k8d6Jvm6NUS2KMbmeRUxKCTpCEsqIUomwOZhi4TEtDhRvbRrk/VVNfPMt9131jzbfZrkqQR9nXVczRNCCCHjCsVVQgghtxzNzWXUrryL+tWPUF89h8a1c2isnkOrtlz01qwIJmdQXTiB6oHPY2rhBKoLd2Hm8H2YPnSy6K1JO/tk83n4ReuqbM8Tf0u8K9vFma2u1xvl/DxsHX/a85PnCJh3EtrEiew88rKcheoiP8+4omwXcX1MnkNTf9p6hBBCyF6A4iohhBDSI2zVUV/9GI3Vc6ivnu2JrmdRXz2HsOnmH0xbvKCM6oHjO+Jp9cAJTC3cherCCUxOHyx0b7qoflUQzeflt43TqWOSk3W9QUHSdE0X9XXqiQTUvPYrsmVxaUKq7nweqAQpXb9MQBPFia5N7GHF5b0/V3m2tkme6n21XcfmOdSdJ4QQQsYdiquEEEKIBmG7js72xs6fsLneu15HZ3sTnV32BsLmxi47jjoIynMoVeZQqsyjVJ7tjn27Mrd7vjKH0oA9jqg680QdobJ80bws3jY/745V1/YonOmapb5sPRvb5P23fR5F8bq2zqiKH5wXxavi8rRddpya5NmcsTqudtb3Xyde9vzq1COEEEL2IhRXCSGEEDJURMJVct7ULxLCdOqY5LuIydO2nUvaugKpag3b+1C9H7rvV9b3X3deFK9r66CKF83r+vOyi647rPscli2LEwmgOvVcxZvOE0IIIXsFiquEEEIIGRqqjj9Tf1pdmzou4nT3Myx7cD8u13FxRuywbNfPl2o0RaeuKl40L/PrdirmZQ+jo3SY9+PCziPP9P03eY5U9dLyCSGEkL0IxVVCCCGEFIJKkLLxm9STCWm6+S7qF2XrCrLjYtvEqZ4XE8HURIC1FZ5UeVn9tnFF2aOyD1s7jzyRIKqTr/Lr5FFQJYQQciviSlz1nVQhhBBCyC2BqPNpcD7pl8Wr5k07uXTzVaNtp90wRt/3b7I9z5Paqvystmr9vu153o4tiuvXT4vLMm8Sr2MP3o/o/nT2k1Zv0D+4X5ktu89RsPfy2Kf/cyJpi0bZz820fFO/Tt7gPCGEEEL0YecqIYQQQqzI2kGY1S+rr+Oz7VA1qT9udvL1MLVFdXV9ts+Lak5WP6ugNChMDQpspvGqOrZ+2Xo29W9FO0tnadb3M8tzocpjxyohhJBbGR4LQAghhJDCkH1k2nZe5k9b16aOizjd/bi2PW/3manDWtfV/ZvWs30ubONcjElcxLvwJ89IFcXp1ht1u+g6Weupnossz4vOc0kIIYTcaqSJq88884w055VXXrnJR3GVEEIIIZkQCVku5/OIT8vX8ZmsW0QdHVvn9XC1X5t9ZHleTOPyRFe4sp3P6lfZtnkyYS9v23Zdm7ys9bL4Zc+VbR4hhBByqyHqXBUJrGnCKkBxlRBCCCEOsOkY1Jkfpj9LnG1Hadr9m9qu1rfdT9b7c/m8yOZVYx9d22ZU5Sexzdepp7Jdx2W1h70fF/VN3sc833fR+08IIYQQ+bEAgwKrSFgFKK4SQgghxDGqXy1E8yKhTGde5NMREkV+k3wdn4mwaVtftl5R95PFL3seVPkqXAmrg/V00BW6TOdlgp1pHZfr2NS3Wc8kTnffNvXS6mRdTyWcmqxPCCGEkC6qM1f7AqtMWAUorhJCCCHEIarOQJt5Vf28/Hnk63aYpt2vqe26vsvXRfV+ZpnXiTfJNxmTmOZlqZuX3yQubX9Z6g2zfta4YfptnoO0fEIIIYTwC60IIYQQMiaoftWwnZf5RcKaq3jX+XnWG1acrd/VfDIu7fUrElOBSxUnmletoxIqderr1rWJ092P67i88nXqmLxfJnkUVAkhhBA1FFcJIYQQMvKYdhTqzos6QG3qyeLz2I9J/jD27+L1dfl+uJpXjX1c2Trj4H5V+UlczmeN11nXxLZZX2fdYee7er3ymCeEEELIzVBcJYQQQshYIRLGhjmfV7zIJxICs6xXdH6W+DznRfGyfJN6aegIrab18phX7Ser33RfKiF12PnD8sv2o9q/7jwFVUIIIUQfV+Kq76QKIYQQQoiCtE6rwdFmXlUfuLlTULdecvR9P9Xfv7a5H9koWq+/lm2+7/up+YP+fn6WeNN6yXlV/bS45J/B+0/Ll9XTGUX1Bl9/0f7S6sniRc+BbD5tP2nzWfyiUXRfafFZ1hP9PTPdr6txUHA32X9anu48hVVCCCGkGNi5SgghhJBCUf0qYtpBqTtv2iFZZHwWv+3r5+p1U+Xp5pvGqRB9hNp2zIJuvmo9nXmbfYyKXyY0ygTItLqu4vN4vV3NE0IIIUQOO1cJIYQQMvbIOjv7iDrTkvOqfJ1RtZ6o8873/dzjRfvWiVd1DtrUT84N1pHNe156p6lOvihuMF6Vn1bHxSh6/UT7S+tYleWLOmJV88k41Tq6eTK/Tn3VaBovex/66MRn6TgVzcvquZwnhBBCSHGwc5UQQgghI4FJ56LNvOszW1VzeZxZaupPqzes+zeNsT1T1dWvsqIzWkW2C0zr68zrdNTariOqa1rPdn82fhf71amXdwcrP/JPCCGEuMdV5+r/A8KK6TmvinCiAAAAAElFTkSuQmCC" height="600" width="800" />]]>
  </system-out>
  <testcase name="ForgotPassword_003" time="3.359" classname="testcases.LoginFeature"/>
  <system-out>
    <![CDATA[<img src="data:image/png;base64, iVBORw0KGgoAAAANSUhEUgAABVcAAAJWCAYAAABcXLeiAAAAAXNSR0IArs4c6QAAIABJREFUeJzs3dmXHOd55/nv+0ZELpVZ+15AYSNAAAR3UhRByiK1WCPJbWtste1uL5rTp/uiz9zMzH/g25m57Dln+pzpO7ftdttty7QW26RIURJXcAOJfUcVqlD7kpVrZES8cxFZBYAogECSBCjy99EBRVRl7Fks4FfP+zzGOecQERERERERERER+YIolUqfyH7sJ7IXERERERERERERkS8YhasiIiIiIiIiIiIibVC4KiIiIiIiIiIiItIGhasiIiIiIiIiIiIibVC4KiIiIiIiIiIiItIGhasiIiIiIiIiIiIibVC4KiIiIiIiIiIiItIGhasiIiIiIiIiIiIiV3nuued47rnnPvJ1CldFREREREREREREWq4OVT8qYFW4KiIiIiIiIiIiIsLmYerNAlaFqyIiIiIiIiIiIvKFd7MQ9UafM84592mdkIiIiIiIiIiIiMhnTalU+kT2o8pVERERERERERERkTYoXBURERERERERERFpg8JVERERERERERERkTYoXBURERERERERERFpg8JVERERERERERERkTb4d/sERERERERERERERO6Gd999t63tHnnkEUCVqyIiIiIiIiIiIiJtUbgqIiIiIiIiIiIi0gaFqyIiIiIiIiIiIiJtULgqIiIiIiIiIiIi0gaFqyIiIiIiIiIiIiJtULgqIiIiIiIiIiIi0gaFqyIiIiIiIiIiIiJtULgqIiIiIiIiIiIi0gaFqyIiIiIiIiIiIiJtULgqIiIiIiIiIiIi0gaFqyIiIiIiIiIiIiJtULgqIiIiIiIiIiIi0gaFqyIiIiIiIiIiIiJtULgqIiIiIiIiIiIi0gaFqyIiIiIiIiIiIiJtULgqIiIiIiIiIiIi0gaFqyIiIiIiIiIiIiJtULgqIiIiIiIiIiIi0gaFqyIiIiIiIiIiIiJtULgqIiIiIiIiIiIi0gaFqyIiIiIiIiIiIiJtULgqIiIiIiIiIiIi0gaFqyIiIiIiIiIiIiJtULgqIiIiIiIiIiIi0gaFqyIiIiIiIiIiIiJtULgqIiIiIiIiIiIi0gaFqyIiIiIiIiIiIiJtULgqIiIiIiIiIiIi0gaFqyIiIiIiIiIiIiJtULgqIiIiIiIiIiIi0gaFqyIiIiIiIiIiIiJtULgqIiIiIiIiIiIi0gaFqyIiIiIiIiIiIiJtULgqIiIiIiIiIiIi0gaFqyIiIiIiIiIiIiJtULgqIiIiIiIiIiIi0gaFqyIiIiIiIiIiIiJtULgqIiIiIiIiIiIi0gaFqyIiIiIiIiIiIiJtULgqIiIiIiIiIiIi0gaFqyIiIiIiIiIiIiJtULgqIiIiIiIiIiIi0gaFqyIiIiIiIiIiIiJtULgqIiIiIiIiIiIi0gaFqyIiIiIiIiIiIiJtULgqIiIiIiIiIiIi0gaFqyIiIiIiIiIiIiJtULgqIiIiIiIiIiIi0gaFqyIiIiIiIiIiIiJtULgqIiIiIiIiIiIi0gaFqyIiIiIiIiIiIiJtULgqIiIiIiIiIiIi0gaFqyIiIiIiIiIiIiJtULgqIiIiIiIiIiIi0gaFqyIiIiIiIiIiIiJtULgqIiIiIiIiIiIi0gaFqyIiIiIiIiIiIiJtULgqIiIiIiIiIiIi0gaFqyIiIiIiIiIiIiJtULgqIiIiIiIiIiIi0gaFqyIiIiIiIiIiIiJtULgqIiIiIiIiIiIi0gaFqyIiIiIiIiIiIiJtULgqIiIiIiIiIiIi0gaFqyIiIiIiIiIiIiJt8O/2CYiIiMitcTjCKKQUrrFUW2axvsRqWGKlscpyY5VSo0S5WaYW1YmSiAQHgGc8Ai8gazN0Z7rozBR5cvRL3Ne/j4wX3OWrEhERERER+fWlcFVEROQzrBbVWa6vMFedZ6Y6y1xlnqXGCuVmmXpcpxE1aCYRjTgkchFREhG7mMQlJM5hADB4xmKNZcbOsrd3D4lL8IwWsIiIiIiIiHwcCldFREQ+Y8I4ZC0sc7k6y0x5ltnqHDOVWWZrcyzWlqhEVRpxiHPrtalshKgb/+eu368xaRXrQK6P7mwXnvXuyPWIiIiIiIh8XilcFRER+YxwOBpRg7nqAqdXzvLa5UOcWTlHKSwRJU2MMVgsGIPBYIy3sSUOjDEYY9Y/giNhI3DF4RmP/nwfjw49xJbi6F24QhERERERkc8XhasiIiKfAQ5HGDd5/fLb/HLqFY4sHacZN3E4DAbf3PhbduIcDkdgfAZyA0RJTC2uUY2qG9Fq7Bzd2SJfGT3I1s4tZP3snbkwERERERGRzzGFqyIiIneZA2Yr87x06RXen/+AqfIUYdRoFZ2ma/zXK1LXJTgSl+Bw9Of62FYcZ6hjkLWwzGR5kkpUvmr/Dt96DOT6OTj2BMVMAcO1+xMREREREZHbp3BVRETkLlutr3J86RS/nH6Vheo8zTjEfGjYlGv90wHOOQIvoCfTxdbiVkYKQxSCAvWozqVwlUqzSuSijfg0cQlD+UH29+1lvHMLvtW3fxERERERkU+C/nYlIiJyF0VJxPnSRV67/AaX1ibxjHd9sOrSaNUY8I1Pd66LkcIwO7u2c6BvP82kyemVsxxbOsHFtQkSl6SVqS6NV62x3NOzky8NP0rGy9zxaxQREREREfm8UrgqIiJyF1WaFY4vneSNmbfSYJU0RG3lqS2OpPWBvlw33xx/hi+PPE5/vo+zK+d5fuJFDi8cIUxCfONhjW3NuHLEJHRnutnds4u9fbvvxiWKiIiIiIh8bilcFRERuYuOLpzgzMo5nHNstFVtBavOOWIXk/WybCmO8ejggzwweICh/AClcI0fn/9n3p57j5nKLA6Hh7exvSPtyxq7mIOjT7C/9161AxAREREREfmE6W9ZIiIid4HDEcURp1bOcqk8hTFmY8iUa1WqetZjR+c2dnZt596e3dzbu5vebA9nVs/y7twHHFk8xnTlMnESp9tfNfTKuYTACxjODvJg/31s6RxLK1pFRERERETkE6NwVURE5C6IkojlxgoTa5dYrC1jjcXhcM7h24DebCfjnVt4fOhhDgzsZyA3QCNpcHjhCL+cepUTy6dYC8v4m/VoxYExdGU6eWr0SXZ176AzKN6lKxUREREREfn8UrgqIiJyFzSTiKm1aUphiWYS4VkPR4K1lv58Lw/0H+C3d36HkeIQnvFYqC3y/sIx/urk37ASrpAkyXXL/NfrVhPAMx5jhVG+veMb9OZ6rqlqFRERERERkU+GwlUREZG7oBmHTK5NUY1qacUqCQCPDz3Kl4Yf5b7+fQzk+/Ctz9mV87w+8xa/mHqFUlgCuOkS/yiJ2NN3D9/Y+gx9+V48492RaxIREREREfmiUbgqIiJyFzSTiNnqHPWojm/TKtMvDT/Kw4MPsL1rnK5MJxg4s3yOn0/9irdm32WhtrhRnWow63OvWr9v9XFNYkYKIzzYf4AHBu8jsMFduDoREREREZEvBoWrIiIid5hzjjAOma3N41mPXV07eHzkUb4y+iRDhQGyXpZGHDK1Ns0vp1/jnbnDzFRmN9oApEHqtRLnMAZyfp6HBg7w0OD99OV77/i1iYiIiIiIfJEoXBUREbnDnHOESZNSuMZoxwiPDz/KM1ufojvbBaTL+ueq87xy6TV+fumXlBpr+NbfqFq9Eqy61v4AA1kvx87u7fzG2EH29d2LQX1WRUREREREPk0KV0VERO6whISszXB/334eGLiPnd3b6cwUNz4/XZ7h1ek3eO7CPxG7GO8m/VUBYhfR4XWwp2cXf7z3D9jaOUbgqR2AiIiIiIjIp03hqoiIyB1mjaU7282z41+lP99D3s9vDKiaq87z2vSbvHTpl4RxA2s8jEkrUF2rUjVx6Qgs5xzWWMY7x3lk8EG+NPwI27vHyfrZu3ZtIiIiIiIiXyQKV0VERO4wgyEf5Njqj2FMunjfOUeURLw1+y7vzL/H5cpMK3B1JC4NVY0xWGPpyhToDIr0ZLsZyPezo2s79/XtZUfXNrJ+5q5em4iIiIiIyBeJwlUREZE7bL0S1VzVErURN5irzvOr6dc5u3qRrJ/FMz6+9QhsgGc8As8n5+UZKQyxtbiFbZ1b2dW1g/58LzlVq4qIiIiIiNxxCldFRETuMucc87VF/v7sj5muzpHLFOjL9TGUH2Iw38dwfoChfD992R76O/royhTJegpTRURERERE7jaFqyIiIp8Bvdluvjn+LM9sfRrP+OT8LBkvg288MsYjMJbAyxB4GXyrYVUiIiIiIiKfBQpXRUREPgNyXpYdnWP4UQOvtopdncetzUNYwUUNkiTCGA+8DEm2gMt1Yjp6oTCAyXdjgg6w3t2+DBERERERkS8UhasiIiIfg0tijIsgCnFRA5wD64OfAetjPB+w1zZY/RCDw4sa5GurJEsXcQtniObP4BYuQG2VpFnFuQSMhwmymFw3FPuhaxjbsw3bsxXTOYwt9GFyXeDnFLSKiIiIiIjcAQpXRUREbpdz4BJcHEJYIa4uwdoMyeoMJE3IFLDdWyDfi811QpAHP4uxPphNgta4iSvPkkweIpp4h3jxIq66DFEDFzchSa68tr6GK83B3KnWBwwm3403tBtvy4P42x7H9u3A5HvSkNfYO3ZbREREREREvmgUroqIiNwOl0CjQrQ8QXzxdZLZkyQr0xBWwcVp8GoMeAH4GUy+F9u7FW9oD3bkQBq6ZgqYqytLvQDbvRXT0Yfd/hSEVVyjTFJdwq3NkixPpr+WLuKqSxA7wKTHMRbCKsnMCZKFC0QnX8Ib2Yu380m87V/GFgbv2q0SERERERH5vFO4KiIicotcY41k/gzR5DskcydJlidx5QVco5IGq1xdkdoKQIMcycokyexJzIU3sX07sIO7sUN7sF1bMH6QBqR+FuNnMfkeXBJjkwjbrOEaZVxtFVdZJFmbS8PWlUskSxeJly9h4gYuSSCMIKzhasu4sExSmiOeP4e/7THs0F5sRy8YtQoQERERERH5JClcFRER+ShJjKuvEk0dJr7wOtHFQyRLkwCY9erR64JV0irWsIYLq8Qrl4EjmM5B7MBuvK0P4o3cj+3fgS30gZdtbWvS9gHWx/g5TL4XesbTNgRRA1dbIVk8TzJ3Env5GEnpMklpFhrlVvsAg6ssEVeWSJYncCtT+LuegrH7MV1bMEHuzt03ERERERGRzznjnHN3+yREREQ+s+ImSWWBaOItmu/9LfHMSXBxGoACOJfWqBoDODAWgwUDG99inQOSNHN1CTiH8bPY/u34B76Dt+0JvL7t4Gc3P4dNzyskqS4TXz5KdPIF4kvv4WqraQjrXBr1OgdJhOkdw7/3mwT7v4U3cE/asoAbD9gSERERERH5vCuVSgC8++67bW3/yCOPAOD92Z/92Z99YmclIiLyOZMsnSc6+Tzhob/CrU5jcIC9diaVSzDOpT1WO/ox3SPYnrSHqgmyGBwuCiGJrvRkBVytRDJzDGrLmOIAtmv01k/MWAhy2K5RvJF92K4haNZISjNpeGtaPVmthwtraWuC1WnswHZMtutKOCwiIiIiIvIF1Gg0AJiZmWlr+9HR9O9v+puViIjIDSTLk0TnXqF57F9w5XmcSzCYVpUquCTBBDm87lG88Yex3ePYQj9kC+Bl0nYCzSo01nC1VZLqMm5lkmTxAsnKFMQNXC0knngrrYCNY7zhvZhs50efnDEY40PGh+4teDszUBiArhHii4dwpbnWwCuTVsvWVkkuHyE89JdkHv8TbP9OzO1UyoqIiIiIiMh1FK6KiIh8mEtwjQrR2V/QPPUS8cJ5sB6GNKx0zoGLscVBvJH9+Nsfx259FNs5DEEe47WGVLkEl8SYpEkSVnH1NVxpmmT+LMncSeLlSdzyJZLSHO7cq7hmA/Po72OH991awNpivADTPYbJd2OL/TRzXSQX3ySeP5dWsaY9CnDVFaJzr2IKgwT7fhNvaC9YDbkSERERERFpl8JVERGRD3FRg3juBM2TLxBfPoZZDyBbwappLcn3tj5EsO9beNufwGQK1+/IWIxnwQuwQUdaWdq/E7Y+Qrw6hZ14i/jcK8TzZ6G6SvPEv2C6RwgyHXjD+1uDsm6dyRTwRh/EZAo0gxxJrYRbm9vYj3MO06jQPPoTTEcvpnM4rbQVERERERGRtihcFRERuVoS4SqLhG/+Ocnihes/7xLIFvG3PUbmsT/GDu2+/eX1QR6vbxdezzaS8cdonn6Z6OhPYfEczSM/weR7sX07MZmOti7B9u3E3/sNXBzSfOO/XtPnFWOhskg88Rama4TMvm+1dQwRERERERGB2yuJERER+ZxLyvNEF98gWTgHzXoaRl7Vu9QGObyh3WQe/7fY/u0YLwuYj9zvtdJBU/hZTM84wb5vknniT/B2PAFxk2TuNMnCmfYvwli87q0E93wV/75vY/Ld6dCtVuWtM5Zk9iTxhTdI1uYgjto/1g0kSZK2T/iY+4iT5BPZ1yfFOUfSOqc7bf1+rN+Lu3FPkiQhjuPP1DP5rEtcQjNp0ogbxEn8qR3HOUfiEsI4JHKf3nFERERE5FqqXBUREVkXNYjnT9M8/jxJdbkVSF71c8gkwfRtx9/7DbyRA2D9KxWhbTJBHtO7DTJFMvluog+ew1WXiC68gTd6f2v/bRwjyGP77yF44Hdwa7PEM8charT6xlqS6jJm9gTx5FuYXU9jvO7rduEcJEnMWrmMAaz1wEAYhhQ6OshkMlhrW7cmYXW1xMzMDBOTk6ytlSgUimzbto19e+/FWrsxCGwzcRxTLpdZWlpmYXGBxcUlarUqURRjrCGfzdHT08PwyDAD/f10dnVhjbnpPm8kDEPCMKTZjMhkAqI4xgCZTIZsNntlYJlzhGHI0vIy8/PzzM3Ps1ZaI4oiPM+j0NFBd08PIyPD9Pf1USgUNu7Hx1Wr1VhdLbGwuMDs7ByrqytUazWSOMH3PLK5LJlMlmwmQy6fJ5PJ4PseQZAhCAKy2QxxFNMIQ5rNJnEcsWf3borFIr5/a3/8i+OEcqXM8vIyc3PzzM/PU6lUCMMQcORyOYrFIoMDgwwMDNDf30c+n8fzbq2PbzOJWKovEcVx+iwxNJIQB/Rmu+nKdN7283XOEbuEhdoCURLjt3ol1+MG1lgKQQd9uV6cc5TCNdbCNZpJROQiPOMRGB9rbBpQJjFNFxG3gkprbPoa61MIOujwO+gI8vj2xvfT4ZitznNs8SQLtQX29+1le9c43dmu27quW7nutbDM+wtHma8tsL1rnH1999Lh5z/R44iIiIjI9RSuioiItCTVJdzcaZKpwxjn2Ag1nQMcZDrwRu7D3/k0eMEnd2DjYYuD2D3PQtQgOvcqyepUWlHqBW1lqwBkC3hbHsLb8hCuski8eBHjtb71O0dSnic+9yu80fvSAVrX9Xh1VKs1PvjgCJVyGQdYa6jWajz26KOMDA8TBAHNZpOp6WlOnjzFkSNHOHL0KEtLSwwODfKNr32d3bvvIbNJ6OicI2w2WVleZnZ2jslLk0xMTDIxOcn09DRrayXCsIm1lnwux+jYGLvvuYddu3ayY8dOtmwZo9DRccth4brVUomJyUkmJybI5zuIoiaFQpHt27exdcsWfN+nXq+zuLTExYsXuXDhAmfPnePixARLi0s0m00yQUBnVxdDQ0Ps3r2be3btYueOHWzZMnZN6Hw74jimWq2ytLTEhYsXmZy8xOTkJJOXLlGv12k2mzgHntcKtOMEz/MoFgvkOzrI5XJ0dHSQz+XJZjM0wpB6rUatXieOIn7wp39KPt/BR92uMAxZXV1lZmaWqakpLly8yIWLF7l06RJJnBAnaeCdyWTIZrIMDw2xbds427ZtZ9v4OENDQ3R3dxEEN/8aqUd1ji+eYrm+AjiMMZSbVTJewEMD99OZKaY/DLgNDkeURHywcIzVxiqe8bDGstas0J3pZFf3zjRcxTFRmuTk8mkqUY3INQmMT8ZmyHpZEpcQJTFh0qQeN6jHdQzgGY9ckKc3001vtpuhjiEGO/rpzfVgjb3ufJ1zXC7P8OLEy5xfu8hSbRlrbFvB8c00kyaXK7P884WfcakyxW9sOciWwpjCVREREZE7QOGqiIhIS7J4nmj+NC5qgJe5KvxwkETY/h3Ykf3Y7rFP5wSMR7DvW5At4pYncXEjHaZlbq0S8LrdGQuexbvnaeLlSVg4x/q3fmM8qJWILhzCf+B7mM4RjJ/78A5YXFrkL/7iL3j//fdZWV3F8zystfzf/9f/SV9vL9bzWFpe5r/99V/z0ksvcf78eSBtPzC+Ns5DDzyI73mbBknOOebn5/nVr17h73/4D5w4cZzS6irGGPxMgMG0luDHJInbqH4dGBjk0Uce5gc/+AH79u2lp/v6qtubmZy8xD889xx/+Zd/SS6XI4kT9u3bxx/8we8z+N3v4nke09OXefHnP+fP//zPmZmZoV6vA+B5XusemFbmni6N3zo+zrPPPssP/vRPGBsdJZu9zT68QLVW4/SZM/zoxz/mp//0T8zMzGCNZXBwkIMHD7J92zYKHR3UGw1OnDzJkQ8+YGp6mjiO8TyPbDbbCk99SqXVjfYFxhiy2Qzf+973gJsv5XfOsbS0xKuvvc7f/d3fceLkSRYXFwHo6+vjgQceYGxsDN/3WVpa4ujRo/ziFy+n1cyFIl/5ylf4zre/zVMHDzI4OHDz641qvDN3mEOz77DWXEufN47x4hhD+QH29N5z2/cQIHYxv5p+nQ8WjtJMmlhjiJKYB/sP0OHnOTCwD+ccR5aO8+Pz/8xqY5WMzWxUqOb9PPd07SLrZwFHLaoxXZlhOVwhStIqW0taxbq3dw8HR5/gma1PU8wU8D70tZq4hEpUZaY6Szksc2juHfo7+tnXuwff++T+GL5UX+HU8mmOLZ8gjEJKjTKVZgUY/MSOISIiIiKbU7gqIiICEDeJZ4+TzJ0Gs/m3R2/bY3ijBz7d87A+wfhjJKP3YzIF2i9bvcLr3Y7Xt4041wXN2sY+nXMQ1kgWz2P7dmA6rw1XDeBZj1w+j/U8kiTB8z2KnUW6urrwPI/Tp0/z//2X/8Jbb73F0tIS1qZBahRF9Pf3Mzg4eN0y8TiOqdVq/OSn/8TPXnyRo0ePkiQJzz77LPv372d0ZIRsNotzaV/PpeVljh49xssvv8zy8hLlcok33nyDU2fO8K+//32+8+1vs33b+C3fj85igZ6ubnAQRzFxHFMsFNg2Po61lp+9+BI//Id/4O233yaOY/bu3cfQ0BCdnUWSOGF2bpZLly6xuLiIcw7P81hYWOCnP/kpR48e5f/43/83HnzgQQqFWx9INjU1xY9+/GN+/JOfMD09TbVS5dlnnuHrX/s6Dz34IL19vWSzWTxrSRJHvV7n8sxlXn31Nf7+hz9kZmaGbC7H448/zre+9Zvs2L6dWq1KGDZpNps0myHbxrde2+biKustEH75q1/xws9+xmuvvc7y8jLOOb7ylaf51m9+iwceeICe7m6y2czGM15ZWeXsuXO89tpr/OOPfsTrr7/OiePHOXToEP/mD/+QPXv2kM1mNj2mxVDw82RsgGfS5fsWR97Pk/Eyt121CmCMIbABXZlOCkEHpXANiyUwBms9XCvkN8aQ8/J0+AXWwrQqO3GO4Y5BvjT0CN/e+S2yfgbn0rC22qwyU53j3bn3eW/+AxbqCzjnOFs6z2J9iWOLJ/j+nu+xrWsLWe9KsB4lEbWoRj2u41mPlbDExdIE51cvsqtnB55t7wcnV4uTmNMrZ3lp8pckLq0ArkY1VsLSx963iIiIiHw0hasiIiKAqy3hVqZwlQXM1Uu6nUsrR7P5NIAsDn36J5MpYDOFT3B/RWznMLZziHjxAqz3KnUOXEw8exJvy0PQOXzdpp5n6ews4rXCVd/z6OnqJpvJMjExyUs/f5lXXnmVRqNBT08v+XyeOElYXFggieNWf85rVWs13n77HV544QWmpqd59NFHeOThR9izZw9jY6N0dXZhPYshrbOs1Wrs27uXHdu388ILL3D6zGkqlQrlcoXnn3+evt5eRkfSFgW3stTaDwKCTIC1ZqNlrvU8nIN33n2XF174GUuLizzzzFfZfc9uRkZG6O7uIpfNkSQJpVKJ6cvTHDt+gl/96lesraV9WFdLq5w8eZK/+/sfks/leeCB+z+y/2jaa7bC3/3wh7z44oucOXuWer3Os199hu9+9zs8+eSTjAwP421S/Tsw0E+xWMTzPf76v/93ymtlJiYucvzYMZ4+eJBcPoc1hjhJiKKIYqGA719/Ps45KpUKP3/5Zf7l+Rd47733mJubw/N9vvmNb/D1r32Nxx57lKHBIXzfu6blwfDwCMPDwwwODtLZ1cmPfvRjLs/M8MorrxBFEX/yx3/Ezp07KRSufz8bY/Gsj7WW9GmnTzywAZ7x21s278AaQ+AFeNbDkr7XEweB9QlM0Dq2IedlyPmZjXuwEcxmuxkpDJHxroTCURIz1DFIb7abvlwPz0+8RKVZIYwaLMQL1KM6exd2UwjyjBVHN7ZrRCG1qE4jDjEY4iTiUnmKwwsfsLVrjJzJfez2AJcrs5xdOcdUZTqNow004gbVZvVj7VdEREREbo3CVRERESBZncaVF3BhLV2K3+Kcw1iL7R7Fdg1jsp9g6HmHGM+HXBem0A8L568UwxoAR7xwFldZAhdf14LAWkuxIx3U5JzDsx7FYpHSWoljx4/zyiuvUCwWefihhxjbsoXOzk6aUZPpqSly2RzdXdcP7qnXahw7dozVUol7793D7/3u7/L4Y4+RyWQ2DyN7exkdGWF861biOKbZbHL8xAmstZw4cYJDbx3ikYcfYteuXbc0TMn3fDJBWn1pjMFaS6Vc5uTJk5w5e5al5SUeefQRfvOb3+SeXfdQKHRcs9/1gHX//v1kgoAXX3qJ1dXVjerPX/ziFzz4wP2Mj2+lv7//pudSq9U4fPgwzz//AqdOncJaS2dnJ9/61m/crhuPAAAgAElEQVRy8OBBtozduAVFPp/n3j178H2fM2fO8uabb3Lu3DmaYciBAwd4+qmDDA5+9LLwSqXCqdNn+Mcf/ZjDhw+ztLREsbPIfffdx29997s88aXH6enp2XTbIPAZHBygs7PI4EA/Fy9O8N577zE1Pc3PXvwZw8NDfOc73+HePXuu60NrgJyfw2BY73CcOEfWZvE/RkWnIQ1JPbyN4zgcvvHJXtUr2bc+FrtxMsaloavbpHWCbz26s10UgnvJ+TkurU1zZPEYlaRC4hyl5hrvLxxlvGsrI4VhbKtCeD3kjJII0/rffHWBDxaOc3D0CYYKgxuB7+1ypAPnTi6d5szKOWpRfWOAV6hwVUREROSOUbgqIiICJIsXcI0y1/ekdOBnsIP3YHLdmJtMBv8sM0EuDYavqpIzmPRy12ZxtRVcHGH868PVIAjSae4GPN8jk8lw7NhxDh8+zPT0NH/0b/+Ir33tWcbG0l6jLklYXFpmeWmJjo7rB+okztEIQ55++mkee/QRnn7qqY88f2stw8PDfOfb36Zer3Pi5EmstYRhyOnTZ3j1tdfZtm3bLYWrQRCQyaRLvtMBUR6XpqY2ltf/h//w7/nd7/3PDA1tHkxaa+np6eHRRx5h9z27mbx0iQ8++IBarYa1lsXFRY4fP8F9+++7abi63vLgb//H/2B2ZoYkSegoFBgfH+fxxx5jdGTkI6/F931GR0b4nd/+baamplhcXOTyzGX+3//8n9m6dQu9vb03HfjlnGNqepoXX3yJQ4fepFqt4vseA339/Pt/9+94+KGHbhisXi2Xy7Ft+3a+/vWvs7y8zMrKCpVKhf/6F3/J6OgY41u3Xle9GlifvkwXnrU4EgyWhIScnyGwbQ6MM+n7Om+zBNYnwWFh4/1rbKstAIa41XYiHUQFGJP+u7E37EzrW5/B/ABf3fIUE2uTrIVlvFZofGb1HDPVOaIk2qh6rcd1GnEDh0vbHhhLNaoyVZnm1NIZOjOdBNk2w1WXUGlWeW/hA86unk8DXZeGyfW4QSVSuCoiIiJyJ9z+KFsREZHPoaQ0gwtvEEZ4AaZ7FILc5p//NWD8LAR5cMmHPmFwjUoaLMfXL+GP45hKpQKkQV4YhkxMTvBX/+2vAMf/+h//I//mD3+fHdu3kc/l8KzF8zwGBvrZtWsXY5tUXhYLBZ588sv8zr/6LR5+6KHbuo4tW7ewf/8+du7cuVF1evnyZd588xDlcoU4Tj5yH1EcEScxgX9l6fnq6iqzszN8//d+j688/TT9/X0fuZ8gCOjt7eEP/+AP2L9/P1EUAWkrhWPHj3PkWNpL9kbq9TrT09O88uqrVKpVjDH0dHfxnW//T/T09l5X6XkjuVyOB+6/n6HBQbLZLEmccPHiBY4ePcbs3NxNt63Vahx+7zB/87d/Q6ORPv+enh4efuRhHnzwQbpuY1iY73k8dfBJ7tm1qxXoGkqlEu+8+y4fHDly3esTHA0XYbAYLGAIjE+YRMTEt3zcq61Xh2a8AK8VNq5/PMYRxs2N12ZsQMYLSFyCA+Ikwbc+vZku7E2W6mdswFB+kKyfvbKk3xgacUi9WaeZXDlGIw6pR420Av6qcyw3y/zLxEvMVueIk/auNYxD3p59l4nSJNWo1mqt0Dpu1KAcljetwhURERGRT5bCVREREcBVFiFucv0AKYexHqZjEOP/+oarzvPBz7bC1Q8FLnGEC6u4Zm2TLQ3G81oVr4YoillZXsFay759+3jqqYN0dnbiXxVUGmPwrCWTCTatmsxms+y7915GRkbo6Lj1oU8AmSBgcGCQe+65p9WHNA0pF5cWqdZqxPFHB1W+7xP4wUYVr3MOay3dXd0cPHiQrVu23FIFLKRVrPfff4Dx8XEy2czGvhYW5pm5fJlms5kODtvEWrnM9OXLlEolkiTBGENHR4H9+/eTy2Y33eZG19PZ2UlfXx+FQoHEOaIo4tjx40xNTd1023PnzvP+Bx9sDK9yDkZGRjj45EGKhcItB7yQVgAPDgxstENYv6YTJ05w7NjxGzybtDXD+vAqB3jWb4Wt7THGkJC0KlHX9+sIjE/uqmFTWS8gYzMkLtn4krCtYPZmw7SMsWS9zMbS//Wna8211wJQjxrU48bGq0zr/JpJxPm1i1xam6bcrNz2NUZJxHJ9hV9MvcZiYzmNlNd7KWOoxw1KzTJREqXXJyIiIiKfGoWrIiIigGus4Tap3DTrlW9e5pol9b92nAM2qVp1Lg3/GmVobBLyGPB8fyNki+OYWq3GvXvu5f7772d0dPT6bT6C7/v09vaSy7U3zKfYWWRsdBS/FYDGUUSjXqdWq5LcQhVgJsiQyVwZVuSco6Ojg23btrFr506Kxc7bOp+hwUHGxkbp7eltBYqWSqVCqbRGvd64cbi6VmZ2dg7XCryNMWSzWYYGB2+6lH8zQZAGrPl8fiPgnZiYYG5u/obHj+OYk6dOcuLkyY2P+b7PyPAI9x84gO8HN4kYN5fL5RgZGWV4aAiXJHiex+XLl7lw8QLlcuWac1nvjWrWG66aKyGob9rvuQrgMOnXq0n7uSYuHZSVtVeeu2d9POtdF47GrUrWG+/bUY8a173XCn6BYlC4pqVBLapRveqHFuuVpEkSU26WObp0nEtrUyQ3eEY3shaWOb1yltMrZ6g0Kxu9Yl2rL0A9blBulmnGkWpXRURERD5lCldFREQgDVY3qep0BnAO16xCm8t3PxOiBoTV1sCqTSKzsNUa4EOMMfiez0aDUtKg6vHHH2P37t23Vdn4SclkMvT09GBsupQcY0icIwybJMlHR0m+7xMEVwKwJEno6upiz549FItFPO/2rimbzTIyNMzIyEgrKIVmM6LRqNNo1G8YblarVZYWF1v30GCswfPsNe0KbpUxhmwuuxEaW2tZXl6mXC5v2prAOUe9Xuf8uXNMXLiA53k458jn8wwNDTE6Noq1tx98G2Po7++nf2CApBXylstl5ufmWVpeujZcNYacTQeLpR93JC4hY/10Sf/HkFa/pqOs1gXWJ7hqoNX6uazXmlqTBq31JOS66u6rNKIGl6uzhK7Z+ulL+gOKrcUt9Of6rjlGuVmhGlXToXg27ee63rrAMx7vzL3PqZWzNKLGLV9b4hJmKrO8NfMu1aiGweBbr1VJm+47SiKqzRphHN7w/SciIiIinwyFqyIiIgDWu2FlqkuauPIMLqrf4ZP65Li4iQtvcP4uwRmD2yTQMhisZ1sVgGlIk8lkGBsbo6+399M85RvKBAGFQiGNzq4Kjqy1m+bGH+b73ocqQx1dXZ3s2LkT37/9ikljDH39fQwODHB1jtVsRtRuUrkaxxGNsMHVJ+0cNKOorUDMJe6a7ZIkbvXzvP6mOOeYnZ1lZnaOcqWCtZYkSRgeHmbL1i0UOjraqioG6O7qoqe7Z2N5fJIkVGs1FheXrgl6DYbA8zfOb/3UPeNtLLlvl4+H5cp71uHwjCUwV557IwkJk+Y1VbLp0CmPm93+UrjG6zOHWGuUwaXBvjWWp0afYEfXto3XORyrjRKrjVUshpyXo+AXyHgZHA6LZbG+wJmVs5wvXbjlays11ji5fJpXZ94kdjHdmS76sn10+FcGhsUuJkxCanE9bZEgIiIiIp8ahasiIiKQ9lPdtKrT4KKIZPEihBVumrp8hplmffPKVNIekrgE3CaVuYaNaejOpX01Ozs76Sx2Ely1tP5OqlSrzMzOkLiklYenS+o9z95SINhoNGjUrw2ac7k8w0NDeLe5HH9dNpsj11qSv/4ecXDTkLRYLDI0ONgKHB2uVXWbCTK3HWwmSUK1WqXRqG/8jCCbzZHNZDYNnJMkYW5unlKpdKUXqnN0dXXRfRtDrDaTz+fp6Ming6JabSeazSb1+rU9fQ3gGduqL71yz9YrMD8OawzW2Ctfri59n5vNfoDQah/QehHrfWA/zDnHpbUp3p59j6NLx6lGNRISBvJ9fHP8Wfb130tXtqt1OEczbrIallhrlrHGY7hjiKdGv8y+vr0krA+4Mpxfvcg7s4eJkuiWBlCdWDrF0cUTNOIQHDwx8iiPDT1Mb6574zKSJKEZN9P2Beq5KiIiIvKpau9vECIiIp832U6Mt0mPSWMwLsKtXMLVVnFJhLlq2e+vAxc3SWqrUFu+cd9YL8D411+XwWCtl4ZNzuF5lkKhSC6Xu+WhTx9XkiQ0m01qtRqXL89w6K23eO+992g2o40QzBpDEAQ3nfK+LgxDGo0ry7CNsfieh+97bUd6SRKTxFF6T9bPqbXM/0aKhQJDQ8Mbv18PIdfK5Vtqb3D1dmGzyVqpRLVaTfuGxjF9fX10dnZuek+SJGF+fp5y5UqfXWMtlXKZM6fP8OKLLxHFEdam98XzfDxrMNbD2nQZfxLHxElCHMdEUUQcxwS+z9TUNFNTUxstI5xzxHFMGH54ifq1w58MBothvrbIiaVTVKMKFtsaANXc6IVqjcUjHWaWtFoJJC7BAL7x8a3H5cpMa8l8K6Y168f40L37cBuQVhi8HgzHLqGZNKk2q1wqT3F08QSH5z9gqb5MxsswXtzKgwMH+I2xgwx3DJJp/bfBuTRcrURV6nEdayzFTJED/fvoq/RwoXSR1cYqxhkW6kucXDnNZOkSo8URcjcYnJe4hHJY4cTyKc6tnse3HmOFEQ707yeMm5xfvbBxfx2O2MXUo3raG/bOfKmKiIiIfCEpXBUREQFscQAX5HAbFWUpg4EkJi7NEJdm8Bpr0NF3186zLc0qrrJIUlm6tiLPXakXNJkiJrPJICfDlZCMdPJQNpvFD/xPtN+qc+ky+SiKCJtNmmFIvV6n3mhQLpdZXl5mcWmJkydPceTIEU6dOr0xPMqYtJ+ltx4Cf4QkSYji+Eoway3OOWr1G/dH/SiNep1GGOK3epcCeNYjuEkVaqFQZHR0hO7ubsKwQRyHVCoVTp8+zY4d28nnNw/ZPiyKIhYXF1lYXKRWrQGGJEnYuWMHQ0NDmx4/SRLm5ufTMLb1HNeHT7388i84cuQIYRjiBxmy2SzZTIYg8FvDzdJwNWpeeV5hGNJshmSCDJVKhcWlxdb5p+dirb0mSN2MMWlLgInyJepxje6FLjzj41lLIw5pugicwbNXBl7FxMQu/WUdZGxAzstyYW2StbC8aaXq1RxsJK7OOepRnZnKLGdXLhBYn2bSZC1cY646zweLx7hYmmAtLDNaGKY/189jww/z6OBD7Ozeft19bsQh9ahOIw4JrE/WyzDUMUBnpsC51fO8Ofs2xhgacYPpygyvXT7E17d9lWE/u+m9CuOQ08tnOL1ylrnaAsVMgS8PP8au7h3MVObI+Nn0Jjq3Ea7WopoqV0VEREQ+ZQpXRUREAFscJN6sYsyYdEhRGMLSRZLSZbxfs3DVVZdxlUWoV2CzalNjMdkCBPlNtzcb4dO1v/94C7evOj+XBlvVao2FxUXm5uaYm5tj8tIkFy5c4MyZs5w/f54wDCkWi3T3dDM2NsbExMRGD8/1ifC3mo1eHYSth6vXV1behtZQJsf60naD5/tkszcLVzvYMjbGnj17OHXqFPV6GiS//sYbPP3UQXpucXl+vV7nxMmTLC4tETab+L6PNZZ9+/YxNja26TbOOVZWV6k3GhhzZRl8vdFg+vI0l2cuEwRBGqT7Pp7nEQQ+cZy0Ltfg+z5xHF+5Z87RaIQ4k743urq6SZKEXC5HZ2cnudyNw2LT2qcBGnGd2eo8C/UlbGsAlGcCAhvgt8LSpouIXYxr9RNNB4mZVvUrlJtVoiRKQ8qbvFE3Kltbv5urzfPypV9wcvkkHh7VqMZibYlyVMa3Pv25Ph4cuJ8D/fu5r38fo4VhOjb5uklcQrVZJYzDVlWt2ei3OpDv59Ghh3l7/j2acYTFstoo8cLky9w/cB8D+X58e+0f0Z1zVKMav5x6janyZQyGDr/AV8aeZCDfz3JjhQ4/f80IryiOKIdlYoWrIiIiIp8qhasiIiKA7R1PA8ZNk5g0gommDmP6duAN74ePOXDnTooXz5GszeBIMB9aH2wM4GchU8DcIFzdCFVbv1wrxPy43WcbjQaXL1/m6LFjHDt2nHPnz7O4uECj0cBaj4GBAUZHR/nmN75BT08PHR0d9PX1UqlUOPz++0xPTxOGYSsYdIRhI10CfdvSK7mVlgI33IP7UMWzMSRxTPMmga21lv6BAf6XH/yA//T//CfK5TUqlTKHDh3iwsWLdHV1USwWb3rcJEmYX1jgH597jpmZGcCRzWY5ePAge/feS29Pzw23q9WqRM3mxvmHYcizzzzD008/za6dO3GA7/v4voe1Hp5nccmVpfmmFUo7l6TDtKAVtqatApLEYa3BWkt3dzejI6MfGiR21f0DkiRdjv/wwAN8efRxtha3XBVMm42gNX19shFmr+/BtXZkgJ9P/pLDC0eYqc7imRuvib+qRW76TFr9XifWLm30gm0mEQkJ+/v2cnD0Sxzo308hKFAIOsjYzVuEOBy1qE4Yp8/fGkt3tovAC+jMFNnRtY17undyoTRBo9UXdbmxzNHF4/Tn+9hSHL1mf7WoxoWVCU6tnGG1UWIgP8Bjgw8xWBgk42XI2AxdmSJcFa9GScRKY5UoiW54/SIiIiLy8SlcFRERAUzXKHT0pQFj1OrHeXXYZj2SpQni2RMkK1PY3vG7c6K3wzlcEhFfPoZbvcyN5liaXBcmW8T4mwyoclcNZbpq+XTrE22dVrPZZG5unjcPHeLo0aOcPnOGyclJDIbR0RH27N7N8PAww8MjjIyMMDAwQE9PN/l8nnw+z6VLlzh/4QLWpkGSMWmAd3UF5m0zfOSy9ZtJj5/e3/XzMK1q1pspdHTwpccf42tf+xrOOc6dO8/c3Bw//slPcM7x0EMPUSwUNt02iiIuTkzw/AsvcPj991ldXaWjo8Ce3bv519//PtvGxwmC68O/jb6c68+RK31RR4aHefCB+zlw4ADOpddl7fXXY8xG1H7N/taHeK2HsIb1fdzK83EkJHRnutnRtZ09Pfdc+dRHPJorvUbTlx5dPE7Wy7bO59Z+EOCAnmw3O7t3UgnLnC9dYC0sp31fMayGJWKX0Jvt3hhcdSNxkrAartGIw7TViLEUgwK+8dLq1Y5+vjz8OIv1JepRA1rL+A/Pf8D2znGG8gMEV/VvXagtcmjubRYbyyQ4thRHeWLkMfJ+B9ZYsn6WzqCINYb1Gt5mEjFfW6CZNG/h6kVERESkXQpXRUREAFvox/ZswRYHiJcmwdqNPGd9mrhrlElmjhNdeJ2gcygdbPVZrmCNQ5K1WZKZYySl2euCrbS/rMX2jGHyPbBphZ/bmGZ/JV2l7bLVRqPBpakpXnjhZ/zL889z5sxp4jhmaGiYJ554gie//AQPPPgAoyMjZLPZTfu6xnFMuVzZOB9jDJ7nEwSZW+oD66765yclm8mSzWaJonSo1Xrga+3NJwn5vs/AwAD/6rd+iyAIeOmlnzM9PcXPfvYiUTOiVFpjz57ddHV2EQQ+YIiTmEa9weSlS7zxxhv89J//iYX5Bfr7+9m7bx9f+cpX+MbXv4bv+5uGmeshZ741lMw51/oY6QA3a8lms7d45Z9Ac4irVu47HLbVHuB2gvIPv9Zwq0G7u+bfu7Jd3N9/H72ZTl6c/AUnlk9RaVbxjOVSeYp35w7Tm+3mSyOPEtigVel6vdjFzNcWqEW1jfMpBkV8k/7RuzMo8uWRL/He/AeUGms0khDPWM6UznNi+TTburaytXMLAJVmhfOrF/9/9u4sSK7svu/895y75J6VS1XWvldh7wbQC9ndaLIlmiJlLSOTlh2WrXlxjB+tefOMIxzzMDNPtiPsCcuKmXGE9SLZw4mRRIWtkMSm1Vx6UXezFyyNtYBCbag9l8o973Lm4d5MVAGFvVukrfOJKBCoyrx5twQbv/yf/5/3Nz6i5bXpj+U5kp3jeO4oRvj6EWmTsBIHPiBwlcdWY4e213nMs6hpmqZpmqY9DR2uapqmaRqAtDDyU3jZMdi9zaFVnsLA37mFc/VNjKkvI5MFhPV4Q4f+yimFalfxVz9BVdZRTjMIgw88BpQA2T+LiGcPVurefUivDcA9332q3dra3uadd97hd37nd2i1WkjDYGxsjG9961v88i/9TcbGxjAeEZC6jku9N+U+2OegJ6j1yAFG3WcI7qnC7K4pf0qxWIx4PI7jdBAiCIW7PUsfJ+Q7fuwYqVSa8fEJ/viPv8uli5f4kz/5Ey5eusTPvfEGx44doy/swdpqNdnY3OKtt97i0qWLNJtNUuk0X/va1/jmN7/Biy+8gG0fUoW8j5SSVDrdC1GDMNigVq9Trzee+jw8le5pD1e0+8p/5uj77jV9+AsH1c+9Z6GUwjZsXhp6gbrToOE2+ax4FUNIPN/n4s5ntP0OE6kxCvECUfPwELoXrnqtIPyXkrSdxDSC//S2DIvh5CDHckfYae6yUlvDlCZtt82N8gJjyRFGUyMIBBv1zWCIVWsbFBzLzHMqd5yEHe+9niktoma0F64KIfCUR6VTxfGd8IOUz6tLsqZpmqZpmrafDlc1TdM0LSQH5jEKR3Bvvnv4A4QA5aFKyzh/+btYL/8mMj/9WIHeXzXldfB2F+l8/B38RhEOq6AUIKSJzM8gY4f35oTusKCD2evTdARotzt88OGH/If/5zs4btAHsjBQ4PVzr/O3v/0tMn19jwxWIaj2jEajKBVU1QaVqxLbsg7Lh+9j2zaRaCQ4iPAJSilc92n6tQZ8P+gzKoTs9V81DOOBPUYPUygM8NKLL9BqtlhZXqVcKVOtVvnRj3/Mu++9t29ZflBFnEwk+bk3fp6jx45y9MgRJibGGejvf2SwSrhvoyMjpJIpfN/HCAedNer1fcH1F00dmGTfvaeCwWTPFq96ymd/RBvktj4++4c73R/A+sqn47WQQvDy0FmabpNiq8RWYwshgj6mq9U1/r8bf8zfnv81JlJj91eEK4Xn+xRbJdpeG4HAFCYpO4m1b1CVEIIXC6e5U19nubYGgClMbu+tcH7nEl8eepGYFeNy8Rofb11AIknaSY7l5pnpmzzwmlJIbGkf+LvIVx51tx6Eq2F1sqZpmqZpmvb50+GqpmmapoVEsoDMz2DkxvEr6wfCN7hbDadaVdxb7yLiGcz5n8cYOgHyZ+j/UpXC372Fc/0t/J3FcNTPPcGK8hGGhUz1I3OTEEk9YFvBoKGA6FWyPo31jQ2uXrnG0u3bveX7k5OTfOUrr1MYGHj88EcE4aDyu0FZUJXX7Q36KLZt3w0glcIPr/PjVpkepuN0aHc6vd6ihG0BDEM+1jY9z2Phxg3efucdfvCDH3H8xHGOHj0a9k01cV03HBLlI4TEtm360mky2Qz9/f1kMxkikUgvJH0UIQTj4+NkspnwFldIKdnc2mJ9fR3f9x+rxcKz6A6LCuuHw18Fvro3BH1ybhiu9io5CfqguvsGntnSwpIWru9iSqP3WN8PhmVlohleKJzB9T3+6OZ/puE28PGpO3U+2b5IITbAV8fPMZ4aO/DuUkDH61BpV+h4ThCuSpOYFb9vuNZYapTZvmmulRbYamwjhaDpNlmtrfH+xkdkoxmulxbYaGxiS5uXCmeZzUyTtA8OOrMMk6gZDdoUhDvjKZ9ap07H6+D6Hrbxs/chkKZpmqZp2n8Lfob+JahpmqZpP13CjCKzExgTL6KuvInqNO9fKi8EyvdQ9SLuwo+DnqtSYgwef0DP0r96fnkZb+kD/OWfgOcipHHfcSilkJEkcugkIlU4fJhV8MigclXt/04QjD1pxrp+Z531jXVc18W2bYSU5PvzTE5OPFGo6fs+Tqc7KCgM5MLK0ccNfvcvkfY8D0NK4on4UweK7XY7aHOwb3CTr3xc1w3bFTz8+JZXVvjhj37En3/vTVZXV/kff+u3OHfuHGOjI719cl23V4Fommavt+vTkFIyNDjIwMAAsXicTruNlJKtrU3W1tao1xskk4kvtNrRV4q2112yDoR9Uh3lHqhofRqe8qB3fwTb9pSHu2+4k4HEwAjbEBiAjwBsGfSqFQiGk4O8PPQCK7U1Ptr6lGqnGiy3b1f4YPNjcrEcCTNBPpbdd1weHa9NtVPF9R0MaWAIg4hh39eDN2bGmEpPcjQ7x2ZjK4iDBZTbZd5d/0tSVorFvSU85ZG2U7xQeJ6hxCDGPdvpbV/IYKiVCqqCW16LttvBVx5w/3AzTdM0TdM07dnpj7A1TdM0rUsIRGYUc/ariFgfSHno+nchBMIw8XeXcK//Bc7lP8PfC/qa8oyh0NNT4LuoZhn35o9xr7+Fv3sbDPP+9fzhsnWRyGPOvo6MZR84mEvRrVxV++LI7vj1J0tXd3a2KZVKyHB5u5SSiG0/wfCkgOd5NFvN3tAoRBCudjqdcPjWw7muR8dxgvMiBCqs0ozH489QuerQcTpIGe4TCuV5OI7zyMDX933eeedd3vz+91lYuMHc7Cznzr3G1OQEtm1jmmavFUIsFiMajT5wWNXjEkKQz+eZnJykMDCA5wXnoFQqsbS0xNra2mOdy2ehULT8Tng/BqGiFJKO7+I+4/vI98OANrxVhRA4vkvbuxuu+ig85fUq0j0/eHzUiPTCd1OaDCYK/K2ZX2I8OYJlWKCC7y/u3eajzU+4XryB598N9j3l0/LaNNwmju8GS/YNG0taiHtuBSEEE+kxnsufxJZ2OMxLUO3UuLDzGe+s/yV3ahtEjQiD8QFmMzOk7furzKWQmNLEQN59WypFx+vQ9toHKnY1TdM0TdO0z5cOVzVN0zRtHxlNIQdmkaPPISLJh4el0sDf28K7/hbtH/8O/va1IGD9KVC+h1/doPPJd3Av/Qn+9sIDA9MgHbKR6WGM0TMIK/aQDYcDrQ77wRPqOB0cpxOE2GHA6vn+E4d4vufR6XRDsruDqYLV/Y8OHDtOh3a73fuzkBLf96k3GkGLgKcghcSQcl/1rLI1L04AACAASURBVMAPz93D9sn3fZrNFu+++y63bi0Si8XJ5XJYpvWFLssP+tQanDl9mrNnzvaqYpVSrKyu8ON33sZxnEdv6DH4D73GflAFzd07yvNdvGcIAxUqXOYfBJ0AEkHb69D0W73Htb0Obb8TLKXnbkW26/vsv+Ntw2I0PcLXxt9grm8GVwX7ZkiDS8Wr/GDtbbYb22G1LDieQ7VTo+0H1dVSSCKGjSXNQ/sz99lppvomOJqdJWpE7gvjPTzysRxfHXmNbKTvvqrV7vGZ0sQ27Lt9hMPndrwOnu8+9fnUNE3TNE3THk6Hq5qmaZp2gETEslinfhWRHQ+HWKnDs0QhwPfw6yW82x/S/vH/hXPhj/C3b4Dv8izT559EUK36Nu2//F2cS3+KX15Dec79LQ3CPVKegxw6gTn3OjKRf0S/WIXjOgRLrLvDn57uyOxIBNuO0H227/vU6zVKpfJjb6PT6bC1vcPi4i081wuqHsMK1mB41KPDVafj0O50en+WUuC4LtVq7amrNT3XxXEOBliPU1jqui67u7uUy2Xa7Ta+57G1tUWz1cTzvthqQyEEM9MzvPDC2V5rBiEEm5tb/PCHP+LqtWvPNNzKdV3W19e5fOUKS8vL978+AltaqO5gK6XwfA9TGphPOSSuG4q6YX/a7u3gqyDkNPe17uj4HTqegwyrZg0RtA6oOrUDAadAYEmLs4XnOVs4zUhiGNd3EUDbbXGttMB/vP6H3Kmt43gOba9NsVXCCatnDSRRI4IpzUMDcykkA7F+vjb+Bn2Rvl4P2m7Ya0ubofgQZwuniVmxAy0t9m/DNqygNUC3d2z44UW5vUfdbTzV+dQ0TdM0TdMeTfdc1TRN07T9hECYEYyhE5iTX8JpVYPl9dI8PLYTApSPau3hrV1AOQ386hbG8HPIwhFksh+s2KEVa8/Ed1HtKn5pFW/9M7yVn+Ctf4aql8Jl0Ie8nlIIFCKexRh9HjlyBoyH92FUKpy0ru4OsvI8D+U/+UT3gf5+crnsgeetr29w+fJlTp08cXcY1KH7oXBdlwsXL/L+B++zsrKK63m9Zf2+7yOkeKxAU4V9ZH3fQ0qJUuB5Lp12+9A2EI+j43Rot4Ip893wWBrGI/utdgPN7u8dx+HO+jpvv/0Oe3tVCgMDRCI2pmVhmWavt6wR9lw1wrBufx/WJ6l4TaWSPHfqOb7xjW/wn/7Tf6ZSKdNoNLh58ybf/e53+eY3vsnxE8fJ9PU99jaVUtRqNZZXVnjrrbfoy2Q4dfLUfY/zlU/TbeH5fnDdwlPn+m6v4vSJKcJeox1c5fWCxl5f1/29g1Wve3AYWAbhattrH7JhyEYzPJc/Qbld5ntLfxH2MVVUnSqfbF9gJDHIK8NfwhQGe50qvgqqmE1pEjWiGMI49O8QIQQJK87J/HHeW/+QUqtM020hEXj4DCf6me2bZiDej3xAXYSUBpZhE7diGNLA9dxeCFvp7NH4KVXUa5qmaZqm/XWgw1VN0zRNu5eQiEgKc/4NaNfo1LZRTuvBy87Dno34Lt6dy6jdJbzV85hHv4YxeAyZHoZYHxgRhGGhxONNkD9AqaBFgddBdRr4jV384hLu0od4Sx+iyqvhvpiHB4zd0FBI5MhJzLEzGNnxR58KAZZpoJQKl8wrXM/DfYLhUV1jo2OMj40TiUbxwx6fa2trvPfue7zyyisMFgaIRqMHwsFu64BWs8nyygo/+MEPuXjxIpGITaMRVON5vke73abZDKo9gwrWhxxT+OV5PkLI4DU8P1wa/0SH1NPpVsOG24Ng2bhlPTy8NgyDvr4++jIZotEozUaDUrHIH333u9y8eYvZ2VnS6RTxeAzbtlG+ot3pEIlEiEQiGFIiBJiWTTweIx6Pk0wkSCQSwc8fMfRKSsns7Czf/ta3WF1Z4dPzFyiVSpTLZf7gD/8QP3y9kydO0NeX7vV6PWyb3b631WqVhZs3eefdd/mDP/gDfvVXfpUXz75w3+ODwVB7+GFVtEBgSEnLa+P4T9mSICw0b3ntsLpU9K6347u9Jf29VhKo4PUVvQpan8ODXSkks5lpfOVxvbTAam2NttvG9z32Onv8YOVt4maCidQY5Xal19pACknUjPbaDxzGkhYD8X6OZudZq6/TqN0JPiBRgsnUBMdy80G/1wcedlAFnLQSd19HgFCw16nS9FoPfK6maZqmaZr2bHS4qmmapmkPYAweB6eB3yzhXPkvgA/i/n6HAN3SO2FIlNPE37iMt3EZkRzAGDmFOf0qxuAxRGoIGUk+smL0Pr6LalXwSkv4yx/h3v4A784lUF5QdycNHr4kPlxsHElhv/D3MEdPwyG9G+87rO5y+7Afp1LgOg6e5z7xEvrh4SFOnjzBkbl5Prv8GUJIqnt7fPiTD/k3/+bf8Ju/+Q84duwY8djdHrCe51Mul7l2/Rr/6l/9a9LpPl599TVyuSy//du/TbVaxXF8ypUyCwsL9KXTjxyQ1Wq3abXawfCg8MtxHPaqVfyn6PXp+35YCRt8GYZEKR/P9x55jqSUJJMJTj//PCvLy1y9epVoLMaNGze4du1asFzdCK5TN9zvDvGSYcAppSQSiZBKpRgbG+PE8eO8fu4c8/PzZLOZR4bNkYjNzPQ0//R//qf83//u3/Hn3/seOzs7KOXznf/3O3x64Txf//ov8Lf+u18ln8sRi8XuC1dd16XZbLK8vMxbP/whf/qnf8bly58xPDzCkaNHmJyaPPzc4QfxZtCmFhB0/A5eWPX55B9CBL/4ysXHC9oEiOAcdfwODbcZPkzR8R0cz0Huq2/1lI/jORzWZRiC/qtTfRP8wxP/gP/z0u9ye28laDWgFKv1O7y3/gFrtTuUWmV8/LDdgBEs15fy0CX9QC9cfnXoZW7vLbNSXUMJiBgRZjPTHM3OP/SwpQh6riatFIYw7lboCqh2arRcHa5qmqZpmqZ9UXS4qmmapmkPIfOzWCd+Cb+6hb+9gGrXwyDzYcTdELZVxV/5FGf7Jk4kiUwVEJkRZN8IIp5DRNMIOxH0PfWd4HlhL1c6NfxmBb+6jV9ZQ5VWUM0yNPfwW9WwBNPgATnQXWE/S5kbx3r5v0cOzIEZfazj91yXnZ0iHafTq0y0LCt46ScMvgzD4LlTz/Hrf+fX2fvdKhvrG3Q6HeqNOu/95XtsbG5y/PgxpqenSafStNttlpaWuLGwwMbmBnOzc/zC17/OiePHqNZqTE9Nc/XaNRqNBtvbO/z2v/23vPbqa0xNTTE4NMjr585hHlK56bourXYbx3WDoT+eR6vVYq9Seaqeq77v02g0aTQa+F7QB7bTcei0O3Q6DpFI5JGtAb75zW9gWRbf//73uXzlSm+7al+orYJfcPcFqyL8vecF1bt7e3ssLi7y4x//mNm5Wd746hu8fu41BgYGHnlt+vv7+Y3f+HvMzc3y5vf/Cx9//HFwDW4v8Ud/+Ae89+47TIxPMjY2ysDAALZtIw2DRqPBxvo6169fY2Nzk1KpRCqV5jd+4+/z1a98heeff47oIYG3r3yaTisYuKQ8DAw85dF0W0FFKD4Gj/4AYD+FwvFdqp06DacV9FpVhP1PvV4Ft0LRclvU3Sae8hAi6NfbclvstIoPfUvFzBiTfRO8NvxlOp7Dau0OhpBIIbldXWa9voGn3CCk3VcR+zhl0fl4num+Ca6XF9hobHI6d4qp9ASxx3i/CsAyrKDXqvIxhAQU5U6ZmlN/urBa0zRN0zRNeyQdrmqapmnaQ4hoGjl4DOv5b+Fe+fOgr2lr7+EBq9hXn+Y5KLcThKJC4pdXENsLyHgG7ATCioEZCXu6BuV7CgW+D24T5TRRzT1Usxxsw3NQftg/cl/AdqhumKN8ZH4ac/4NzOlXEbHsY1WtdpdOm6bBYGGQWCyOlBLP8/F99VQDlwqFAq++8irtdpuffPgTrl2/zsb6Oru7u9RrddbX1+nvv0g0GsH3fHwF8XiMF86c4bXXXuP06dP05/NUazW+/e1v8/bbb3P9+nWqtRo7O7vcWFjANE0y2cwDwyzlK2zbYnh4mGQyied55LI5/KfoI9s9T4ZhkMlkmJmdRQqJr3xi8XjYauDh2xRCMD42xldeP4dpGvhKcfXqVVzXxbZt4vE40WgU27aDvqpS4rgujuPQbrVoNptBWOw4QUi8t8fm5iZb29uUyxUq5TLf/va3SCQSvSrYw/YhErGZnZkhmUiQy+U4dvQoN2/eZGVlhZ2dHTY3N1lcvE0umyWVTgdtCpTCcRwa9TrNZpP+/n5eeuklThw/wenTp5mfmyWZTB76upa0GE0O82Vepu0HfU595ZO1M/TH8jzOcLJDjgSA2cw0MTOKEOApH1/5jCVHKMT6w4sGw4lBXiqcpe21e5WqMTPKWGr0oUv4pZAkrAQvFc7Q8RyWqyvY0kZIgVRBBakhJK7ycJVH0koynZrAeIz3XMS0OZ47SttzWKqu8FLhDGPJkcd6btSMMp+ZBQVNt4GQAl/59Efz5CLZxzh3mqZpmqZp2tPQ4aqmaZqmPYyQiHgW6+jXwXNA+Xhr51FuG+gOUHpICCTEgbHxql1HtWqo0urd73VDUmn0qkwPBINhy4Hu43icgUUqjIuUwkgPYc6ewzr2C8jU4GMeeBC42bbN0SNHyOayYY9SQbVaI5VO4/tPHkRGIjYT42P83V//daYmJnn/gw+4dOkS1WqVVruF53lUKmVarQixWJypqSleOHuW18+9RqFQwLZtAFLJJL/8y79EoVDgk08+YWtrC6UUmWyGiYlxxkfHHthvNB6PMTU5xdf/xtfo68vg+T6maTI2OoppPmG7htDo6Chf/vKXEQRL0JutFrOzM0jj8frrdjodTNMkm8mSy+UYGhoiYtvkcjmyuSzpdJpEMkk8FsM0TFrtFo16g1qtRrFUolQqUSwWKZfL1Ot1hBBUKhU++OADKuUyMzMznD17llQq+dD9sCyLsbExBgcHefGFF/n0/HkuXbrEzZs32S0WabVatFstdna2EQgsyyISjZDL5xkZHubsmTOcOHGCiYkJ0unUQ18rasY41X+CE/lj4VipYNCYJSwKiYEHLqF/OIUhJC8UTnO6/xSmNOj4DhJB1IjSF00DwTWay8yQj+YwhKTtO8HxSJO4FQ+W+j/CdN8UhjQpto4RNSIowJQmtrQwhYGjXDq+i4EkbYfL9R9BIJhOT5GJZNhp7TKWHCFlP/yadUWNKM/lTzCdmsBRbu+cRqRNfzdU1jRN0zRN0z53Qj1NiYamaZqm/TWk3Dbu4rt0Pv4O3ur5oNK019vwZ2e5bbD8F0CgDIvIq/8Qa/7nkLmpp9qW67q9KfRKBQOtZNj781mXGbdaLUqlEusbm9xeuk2r2SKVSjE5OcnAwACZvjSxfT1YD+N5Hl44YMuyrAMDsQ7T7Y0KAsOQveP0w5D1SXWfC/TOSbeqt9cj9SHPdV2Xi5cu8Z//5E94660fUKvV+Lt/9+/w+mvnmJ2dJZlMYNv2fWGx53m9XqfFYom333mHH/zwB3z00cc4jtNrFxCLxzl69Cj/+//2vzI9NfXI83Mvx3Go1xuUymXK5TLr6+vs7u4ghGBkZJTh4SHy+TyZvr6gZcTP0HtB0zRN0zRN0x5kb28PgE8++eSpnn/27FlAh6uapmma9viUQrUq+JtXca69iXvzHVStGASrTxhYfZGU54JhYRTmsM58G3P8xaBi1bCfbnvhfyp0Q7N7//xM+xqGi47r0m63Ub6PlAaRSLgEPgx1H2f/HnefHvT4Z+lJee9zH/ccVWs13n//A37/P/w+169fZ2RkhH/0P/wjjh8/Ri6bJRKJIKU89Bzc7ccanMN6vc7Va9d46wc/5Pd+7/fC5yiEkNi2zf/xr/81Z8+cJpl8vErI/a/j+34vxO50OriuixACy7KxrOA6maapg1VN0zRN0zTtvxqfV7iq2wJomqZp2uMSAhFNYwydACuGSA3hLf8Eb+sGqlWF7jTwn0bApIIlwCiFTA8ih09gzr6ONfVK0GPVeLrl7nB/QPh5BmhBQGdhWRbxR1SoPmwbn8fjn+W4nuYc1Wp1rl+/we/9/u9z8eIFJien+Ju/+Df50ssvkUqlHtgfdf9rdF/HMAwikQinTp4EBZ9dusT1GzfCFgE+tVqNra1N6o3GE4erQggMw+jtz6MqiTVN0zRN0zTtrxMdrmqapmnakxASommM0dOIRB6ZGkAkckHAWt0Grx30Te32i3yKwK7XaeCRDwwnnyuFNAyEFUOkhzBGnsOYfgVz/CVE5MmCNO2vhlKKtbU1fvSjH/H2228Ti8U4c+YMP//zP08mk3nq7abTaY4ePcJXv/IV1jc2qFWrCMMAFHvVKu12+/M7CE3TNE3TNE3TdLiqaZqmaU9LZsYQqQLGxEs4t97BvfomqrwK7QbKc4IH3dt951mqPrtham9T4SAsw4J4BmNgFuvkL2GMnkEk+oMgWPuZ5DgOn54/z3f/+I8BxfDwMHOzs4yPjT7ztuPxOK+88gp/9ud/zvr6Ot07RiDu3jyapmmapmmapn0udLiqaZqmac9CWsjUEPaJX8IcOY135zze0k9wVz6BdhV8LwhUH2NS+GNTKqiOlRIRTWFMfRlz5isYQ8cQyQGEFdXB6s+4crnM5uYmu7u7gGB4aIh8LvdUA7XuZRgGuXyOaCyGYRi9YVupVIpINPLM29c0TdM0TdM07S4drmqapmnaMxBCgDARdhKZn0LE0hj9s5jTr+LvLODtLuOXV1G1bfDdIGztLfi/tz+rIqwvvPtnRdBLNRxMhDCQqX5EdgyjfxaZm0TmZ5HZMUQsE1Sxaj/zKpU9yuVyMMRLKRLJJNFo9HPZtpAS0zQxzSDQl1JgmhHy+dxT9Uv1PA/f91FK9QaM3Tu8SymFr9SBVhZCiAODuPYP4HqQbl/XbiB87yAvpRSe5/X24UG9bfcP4erut2EYhz6+u03f93v7fG+/2+72uvu0f7hb92v//nQfu9+95+Ne3f3tPvbeoN33fXxfPbD4/d7rsv953f170PXofv9B1+dB2z5sW93zfe890t2PBw1o6x77Ya/Vff6jjuGw5ykV/A1qPOTcdx/XvV+698Dj3Odd3esvhOgdK3DgXtp/HrqPlVIeePx9+xbuuxCit4+H3cue5/W2+aj32b37pWmapmnas9HhqqZpmqZ9HoRAmFFEegSSg8jB46jKKYzyHbzSCn5pGVp7qFYlGH7VaaA6DZTbDgJX5QMqrHINQlRhRcCMIaNJRCT4IpZB9o1i5CcR2Qlkaghhxz7fyljtC9dut3vBqhAC5fv46v5A7mn4nkez2cRxHDzPIxaLMTk5yWBh8LGHhnVDnJ2dHYrFInu1GgKwbZtMJkMum6Wvrw+AZrNJqVRmc3sreK6vwkFlJn3pNLlcjkQiQafTYWVlhWarjes6YaB09zWTyQSzMzMopYJ+sbUa+VyOfD6PZVk4jkO1WuXO+jr5XJ5cLkskErlvv13XZWNjg1KpTLPVRClFPBanUCiQy2WxbTs4T75Po9Fgd3eXYrGE4zggIGLbDAwMkMvliEQi+L5PrV5nfX2daCRKvj9PKhwK1mq1KBaL7OwWmZqcIJFIUK1WWbtzB9f1DgRppmmQSqXI5XKkU6leONZutymXK2xtbdFstVDKJxaLkcvl6M/niUQiOI5DsVRia3ML13OD4vXuyVOKeCJOPp+nMDBwX+i2vh6cy1g8xvjYWO/n9UaD9TvrIGBwcJBoJEK5XGF9Y70XMqrwr6RoNEo2kyGbzR4a0HueF1RiF4sADBYKZDIZIpEIruuyvr5OZW8PIQTpdJqR4eFeuOd5Ho1Gg7W1OygU+VyeQmHgwLbr9TpLy8ukksng/KXTQNBeY3tnh729PSbGx4lGo73tKqVYX1+nXKlg2zbjY2PYtn3f+QnOf5md3V3q9Tq+UkRsm2QyRWGgn0QigWEYNJtNVtfWaLZauI4bDhGk91lZKplkcmIiPBdb7FX3sCyLifFxEokEQgharRbLy8u02m1isTi5bIb+/n42NjfZq1Rottr4vnfgfSGkYH52jlgsyt7eHmt37pBKpRgsFIjH4717fnllBdM0yWYyuJ7H2toa7XYbKQ0MQ+L73Q8IFIZhcub08/ddR03TNE3Tno4OVzVN0zTt8yYNhJ1ADBxBDhzBcFvQ2sOv7eBX1lB7m6jaFn51C9pVlNtGeW4QsgEIibSiiGgK4v2I1CAyHX6lhhCxDJh6efd/zUzLxLSsXqVZtVql1Wz1grhn4bouG5ubNJstPM8jmUzy2quvkcs/ftsBx3HY3d3l6tWrrK2v02w2kdJACOjP9zM1Ocn8/By2bVOv11m8vcj5CxexbRspJQowTYP+bI6jx44yNjpKu93m4mefUSyV8DwP0zC6xdkIEQRyE+PjeJ7HwsJNVlZXmRgf4+zZs2TSfXQ6Hba2t/n44084dvQo8XjsvnDVdV12d3f57PIVtre36TgOKIUhDaamJpmbn2N0ZAQIwsXVlRUWFm6yvbOD5/sIAaZpMjw4xLHjxxgaHEQIQalU5sKFi2QyGU5aZi9crdVqLC0t89mVK/Sl09i2zfbODh/+5CMc10VKgQxbdAghyOWyzM7MMDszQzQaxfM8tre3ubW4yOLt23iuh+t5RCIRCgMDnDxxgkJhgI7jsLq6yqfnz+P7Kjh3wVZRKPr78yil6M/n76tIvL20xOrqKgP9/YyOjPQqP/cqFS5eugSEoXlfhvX1dT74yYcI7lZhKsC2TEZGRpidnWVyYuK+e9RxHBZv3+bK1WsgBc+dOMH8/DyRSIR2u81nly+zvrGJlJKJ8XGGBgd7+9npdFhfX+ejTz7G9xVHjszT35/vvb7neZSKJX7y0cfkslmOHpnvBZ6tVoulpSUWl5bI9PVhWRaGYfQCx2vXb7C0vEw6leoFs5Z1t7rfdV22tra4tXibpeVlHMdBKR9pGKSSKWamp5mZmaYvnaZWq3H+4kUqlQq+5wfvpW76DAwPD1EoFGi1Wly5epXllRXi8RixaBTLsjBNk8reHh998mnwwUE+z5H5efr7+4NjWLxNrVbDMM1gk0rgKx/TNBgeHMI0DTY2Nnj/ww/J53K8/OJLvfdbp9PhytWrRCMR5mZn8Xyfa9evU65UwFe4YbW3lBLDNLBMS4ermqZpmvY50uGqpmmapn3BhBGBRD8ynsMYmAflo3wP3Da4bXyvEzQDMG2U0wqCC8NGWFGEYYM0wmrWsKr10EWp2n9NMpkMfX3pXhC0ubVFsVQMQsdn7LvaarX47LPLVKtVlFLk83l+8Rd/kXQq/VjP932fvb093n3vL9na3iaXy3H86DHisRgrqyusra+zWyxiWSYTYaVep9Oh3W4zNzNNNpfrhbM3FxeRhkHEjpBMJqjV67iOy2BhgKnJyfD4ARSJRALLsnBdt/f8Wq3G+Ng4sUgU31e4rkez1cJxHHzvYKWvUop6o8FHH3/CbnGXkeFhJsYn8JXPhQsXuXLtGtV6jcLAAJZlsbKyyqfnL1As7jI3O8fAQD9CCLa2trh89Sqe8hHA0NAQvu/Rardpd9q95evd13Qch1arhee5QBAW1us1Mn19DA0Pk06l8DyPSmWP5ZUVnI5DNBJhenqaSqXC5atXWVi4Gezv2Bg+irU7d7hy7SqO63Dm9GnS6TQdx6HZajE2MsrY6AjRaPRgZWk2e2gw3+60aTSbNNutA0vFPc+n1Qq+57kevvKDxzaazM5MM1goYNs2nY7Dwq1b3Ly1yF61ytDgYC/U654DpRTtdpt6o4EQgs2tLcbGxvB9n2arxcrqGvV6nVgsRrvTPjBXrdlscvPWYtgmo0M6naLdbvfaZCjfx/Nc2u0WtxYXMQzJ0NAQqVQK3/PodBxarXav2haC0LRWq7G+sREE567LyuoqyWSyF656nke1WuWTT8+zducOuVyWUydOYFomGxsb3Ly1yOraGpZlEpufx/N9arUaAsH42BijI8MIRNjMBZLJJBHbpl6r02q3aTQb+Mpne2eHfD6PUlCt1iiVSnScDslkEsfpBO/Z8N6KRqM8d+pkELASZLdSClKpJEIIHNelXq9TqewxOjJCOp0ilUqF57/TC8Vz2SynTp6kXq+zs7PDlStXGRgYYHRkhHw+F7SY0TRN0zTtc6PDVU3TNE37ogkBiAP/oBUAZhTwMVTQU1UJiQh7NQopw0BV/yP4v0XpdJrBwUEGCgU2NzbY3NxkaWmZjc1NxkZHn3q7juOwubXFm9/7Hrs7O8xMz/D6udeZnpokErEfaxvNZpONjQ3WNzaYmZlmbmaWoaFBDGnQP9BPIplicXGR8xcvksuHFYYEFZrjY+MMDg0ipGSvUqFYKlOr1ShXyiSSCQAikQgDAwPMzMwcCAO7fVHhbmAXVORdwbYtcrk8hpS9HpqHNR91XZdypYKUknQ6TaFQwLJMLNOkWCwRiwdL2hv1BhsbG3iex3OnTjE/N08y3L/BwUF8X1EsFllZXSOXy2EaRtD5uPva99gfWga/F/Tn+5memiKfy+H7QZBZqpRptVrs7dVQSrF4+zalUolCYYAvvfwSyUQyWBqfz5NKpkjE40TsSBCaAaigwndmegZ73/U0DAPTNA/tZbq/t+f+Xp1CiuDvmXCpOEr1wrnhoSGmpqawLBulfAzD4Nr169TrDdrt9oHqz97rILBME9u2Ke4WadQbdDodWs0mTqeDaZlYlhWcn/B8BQFnjZW1NfL5fhqNBo1mkzt37jA2NkYkEgk7Tgev4Lou2zu7XL12jTOnT4f3wL59Dz946nQ6rKyuopRPPpcjGolwa3GRqclJYrFYr9rz6rVrVGtVhoeHOHvmDJm+PgzDoL+/n8HBIba2tuhL9wXnTAG+Ih6PMzQ4yPT09IHjNw0T0zKDpfdKYRrBfbe1ucXU5BS+71MplxFCYEgDKcXde0mBlAbJVIrZ2dn7QvJ4PB60reBu39abiWFjOwAAIABJREFUt24Rj8c5fuxY+B682+u3GyI7joNt21y5eo1sNsv4+BiFQgH9AZ2maZqmfb50uKppmqZpPy1SAvcErjpL/WshGolw/Ngxfu6NN/jOd75Ds9nkwoUL/PBHP+Jbv/ZrRKPRhw4/Oky73eH6jet87803+ezyZfoyfZw79xq/8At/g1Qq+djbabVa7BaLOI7D8NAQY2OjxONxABLJBLVaPahKvXWLWrVKPB5HdIMiIYLBQULg+T6+73E3GgMpJI7vUC5XuL20hK+CvgCWaZJOpxkfH+uFgdFolHQqxcbmFgPr60SjUUzLBB48rCdi24wMD7OyusrK6iqu45JKpYjFooyOjvR6XxZLRcrlMrZlMTU5SaEw0KsYjsVizM7OsP3+DuVyOWiJYBiEMd6D2zbs+76Qgo7TodloUI9E8ML+rq7jELEjJBLB+Vxf38DpOAxPDDM8PNzbdjQaI5lIAIJEIoHjdHrBYbFYZGll+cDy/0wmw2ChcGhbCRkOOKpU9rh8+QqKIIgslYOgNxqNIEQ4DCp8aqPZpFLZ64Wo9XodRBDyPayyOmLbZLIZtre3aTQb1Go1KpU9orEYpiExTBPf79Z6Bm0VdnZ3qVarnH7uOZrNJltbWyzcvEm+v7/XH7d7T2QyGYQQ3Lq1yPjY2MH3yb5hYrVajWvXr5NMJpmcyNHpOFy5epViqUQikSAajYY9gFdRCoYGhxgbHUVKieu6ZKQkHouRz2ZJpVPBawiQhtHr8yoNGWTEShGNBT1pBwYGerdBNBqlL91HsVSi0ajTbpuUSiVSqRStVgtDGndHG4YfGjQaDRaXloJ+rioY7hWxLaanp8NK1iC0zfRlgv6ra2sUBgZIJBJ003cpJJZl9cLVWFgBHLFtEokEqVTqgddP0zRN07Sno8NVTdM0TdO0v2JSSmZnZ/nmN77B+fOfsrS8zI2FBd58803Gx8Y5dvQIfZkMdtiX9UG6vSUbzSa3bt7iv/zFX/Dm998kkUjwpZe/xFe/+hVOnTz5RPvmuC6NRhPDMIjF7u9rGonYxGIxHNeh0+n0hgQp5bO+vk6r1cL3fYqlIKDty2TIZDIgBFIKOp0Om1tbNBoN/LBCNRqNMjI8zPj4WO+44vE4U5OTLC4tsbO7SyIeJxqNBoHsIbqB7LGjR6jX62xvb1MqlYlFY+RyWUZHR7Asi3g8TrVao+N0wnYFyQPnWEpJtq8PyzJxXJd2u40Ip7WLwyr+gsL03ja6Yd9usYQ0DDY3t+i4Ds3wnA4NDTEw0N8blCUEpJKJA/sQiQRDtboqlU7vvGxubQXP64WKMDE+Tqav775rFfw4CFfL5TJXrl7tPafd7tBoNsNw9e45VAQDxer1BgC+UpTLJSKRCGNjoweGRu3nK4VpBQOVSqUyjUaDnd1diqVS0LIA6DidoLoyfL1ypcL21haRSIShoUF8z6NWq7KyusqpkydJJhK9UBFgaLCAYZisr2+wtLzM6MgIftgrl7DG1fM89qpVVtfWePHsWSYnJ9mr7HHx0iU2NzfJhoO2HMehVquRSCSIx4NqVqUU29s74WArH0NKjIaJaVoIggrhWq3GnTt3KJfLKIIq0kxfH/7kZBiuBucwGo3Q35/n5q1bVGs1UEGYPNDfz+7ubvB6/t0PHpRSVGtVrl67Fh6KwjAMEvEYo6OjvVDbMAzGR0fZLe5Sq9VZvH2budnZsGr1nvtTqd6Aue6AMk3TNE3TPn86XNU0TdM0Tfsp6EunOXvmNP/TP/kn/PN/+S/57NIl3n//fVZWVvmtf/yPeemlFxksFB5aKeh5HuVymWs3bvDv//2/54P3P0AaBr/yK7/C3/+Nv8f83NyhQdjDKN8PAyvRC2Xu1Q0aPd8Pl3mD63p8cuF872emaTI6MszczAzDQ0NUa7Wg8lMK4rEY/fl88HoobNsmnb5bUdcNXCcnJ4lEIizevs21GzeYHJ/oBVKHsSyL4eFh3vhqkjt37rCyssKd9Q2uXb/OzVu3mJ+b4yvnzoVLtzkQit57fCB6y9dF7/fqQHzVbV8QPObueREImq0Wm5tbOI5DtVYjFo1w7rXXmJudJZFIhCG0F2z9cYaYhU04Y7EY+XwOa9990ZdOP/Q+EQTVwfFYjO4Kd+UrZPcP3aMK1+BXKhUqlQr1RoN2p8Ps1DSnTp5kZnr6gfeTr3yklKRSKXK5bLDEv9GgsrfH8NAQzWaTcrmCCpeue57Hzs4Om1ubDA8FfVwNKUkmU1Su36BYKtHX19c7TuX7FAoF8tkchpRcvnIV3/NpNltIIXvXpV6vUyqWaLc7JBNJkokE7VabRCLB2todBguD5HI5UEEgvP9ucl2XTy+cZ2HhVm8Z/vzcLGdOP08kGkWIINxMJpPBEDHfx1eQTCZIhNXd3fsiEomQz+e5vbxMsVjEdV1anTbT01PU6/V7WlsE91XEsink+3sXTYYfGOyvYpeGwdDgIENDgyzcusX58xdIJhI4jks0Er3nwot78ladrmqapmnaF0GHq5qmaZqmaT8lsViMM6dP87/8s3/GO++8y9vvvMPly5f55//iXzA+Nsbc/DwnT5wgm81g25FedV2n02Zra5sbCwtcvHiB3d1dIpEof+PrX+eNr36VL335S+Sz2d6y6idh2zbxeIyO49BoNHAc50Bw12q3qdXrEAY/lmWBADticfq55xkY6CcWjQbL35OJ3lJyFVbRRewIExPjPP/cc71tCiHuvkYvzFVIKZibm6PeqLOwcJNqtYbjOoe1W8UNh/2sr6+Ty+UYHh5mZGQE13XZ3Nzi/MWLlMplKnsV+vrSRKIR2u0OtVqNVCrVCw1936dUruA4Hcx0Kuj7qRS+CpZc7z8XQfvQIGD1wsd4vodSPtMTU8zPz2OYBrdv3+bCpUvUajVarRapVArbtkkmktRqVWq1+oFjaTQabG5u4nk+AwP9d38gBNPT0xw7euRA31PTNLHCCuJ7+SiElBT6+3n99dfpBmzrGxt8+JOPgscoPzye4GfPnTrF2NgYtVqN995/n2azSb1W7/X0fBApDeKxOGMjoyyvrrK7u4tlWZw8fpxNx93XPzU4xkplj2K5QrVW58+/9yZSyrBqVLGyurpvqb3otTPI5XNYEZu19Ttcu3Edz/PDe1CAEOzs7LC8vIQAPvr4Yz67cqUXcNfrdYqlIuPtUSLRCOlUMDyrXg/Ov2VZnDl9msmJSYrFIucvXOz1OO1WiafTaebmZpmbnQ3vUjDk3fvC932UrzBMk1QqxWChwOraGu12OwzG8yytrNBud+5eo3AyWTaX5eWXX9p3ue+2yOh0Or02BJ7yGR0eod3psL29zYcffUSt3uj1Dd5v/znXvVY1TdM07Yuhw1VN0zRN07SfEikliUSCE8ePk04Foc2NhZus37lDqVzmzp07bG9vh7mR3BeeqXBSvGBycooXX3wxCGNn55ibm6NQGHi8ashDRKNR+vN5TMNgdXWVeDzO2OgolmVRqVRYXV2lXC4zPjYa9HpU9CpdCwP9jIyMEI/FkYY8OPho3yAjIQSGYRyoyBNC9EKs7sM9zyeRiDM6OkqxWGR5ZbX76Pv2WwhBu93mytWrpFIppqamGBsZJRaNUSqVARVWikJfXx/pVJrl0jJXr10LK2fTwdChSiVYPq+CitBkIoHjuhiGpFqrsrW9TTabBaBULlEqVzCkxDatoL+p7weVorZFKpUkk8lgGAYra2usrK4RjUSDFgexGCMjw9y61WJjc5ONjQ1SqRS+H7RXuPTZZyQSSSKRYN/2Tz8ypMS2rN63hBD4nhf0u72H8oPw1zRNkslE75xX9vaQUvYGMKl91yYRT5DP5ehL9/H8yVNc+uwzVlZXSSQTHJmfP7zaN2yaYBgGuVyOpZVlGo0G6XSaTCbDzm4R3/dQBEH7zs4Oe3t7JOJxZmdmwmFb0Gy22C3usrW1RbFUCqpMw+DUV0GQmsvlmJ6aZuHmArV6jVw2iyEljuOwu1uksldlanKSXC6LbUeCgWLtFrduLbK7W2Rnt0ihMMDU5CQ3bt5kY3OT5ZUV+vN5kokEvu9T3dtDKR9f+b3z3A3TpZBYptWrAu7yPC/sXRv0Ho5Go+RzOTY3t2i12+Sy2eA9g8D3/LtV2Cr8RdEbOrb/HN+9NuFAK8/Dtm2Gh4aYnJzkytWruK4XbuJgdao48G7Rlauapmma9kXQ4aqmaZqmadpPWSwWY35+jqmpSb78pS+ztrbG4u3brKyssL2zTa1aw/O9IL4SYJkW6b40I8PDzM7MMjU9RS6bJR6PP3EbgHtFIxEKAwNMjI9T2dtjYWGBVqtFxLbZ3tlhfWMD0zQ5duQIqWSyV3UppSQSiQR9WqOH9P4MJ9b7nkexWOLWrVtIw+hVfkYjUQYHg6FMhmEES9bD7Q4PDVEul9na2sZx3W7Wdt/2DcNAKVheXsFxHNrtNrZls76+jlKKvnSaeDzem/i+u7vL6tod4rEYfX19+EpRKpXY3NxkZGSE4aEhIpEIhmky0N/P9s4Ot5eWgtBYweraGo1Gg6HBoV7fTiElUhq930ejUQYGBpibmeHqtessr6ww0N/P2PgY46OjVCoV1jc2uHL1KvlcDtfz2NzcZHNzi5nZZLCd8GANQ7K7u8utxdtEInbYmjNYgp7p6yOXy903CK173rvh9f7Qrhvidb+kDL66f47HYxyZn+fOxgbFYpHFxUXGRkeJxWL3BeNCiqA3rRSkw4pfy7ZJJZMkk0lM0wAEMtyPza0t2p02o6MjPP/ccxiGBASNRoPVtVU+PX+BSqVCo9HAkPLu64WtEY7Mz7Fb3KXZCtoCdKte96p7CCk4cfwYAwMD2HYEpXyazSZ7lT3q9Tqbm5sMDQ0yOTnJbqnIbrHItWvXqAwOYVkWtXqN7d2dXugejUTC4FgGVePbW5imuS9cDVtd9OeRhoFpGBgy+N9cNotlmfi+TSaTIRaLhSF4UJkd3OMCISTNZpOFmzeDgBURtlowGBoshL2NZfCeCc95NptldnqG1dU1arXafaEs4YAzGV6Xp/3ARdM0TdO0h9PhqqZpmqZp2s8Iy7LI53Pk8zmef/45/LD/qeu6B3qfGoYRhjuff2BimCb5/n5efeXLvP/BhyyvrHJ7aRnLsmg2m2T6+pibneX48eNYlkWj0cA0TWwrCH8eRAhBLBaj3miwvLLM8sry3eFUCvK5HOdee5VEIoFpmpiW2QufUqkUQ0NDDI8Ms7m1dWiA3O33+aWXX+Kd995j8fYSS8srmKZJo9kIqvwmJkilgunvkxMTuI7Dpxcu8OmFCxiGCQRLv/vz/Zw4cZzxsTGkYWAbBkfm5+l0HG4vLbG+vgGA63n05/O8cPZMb7tSSCzbwgivDwSB9XOnTlEslSgWS9xcXGR4eIhCocBsu02z1eLTCxeIRaNBACol+f5+nj91iv7+fprNJtI0sCyLpeUVlldWezWIvh/sw9EjR8hkMveFq6ZpYNt2737pXgspZa+fqZRGL5y2LBtpyN6fU+kUR+ZmuXS5zfbODjs7OwwODhKNRu95neCaAeGQqDh96RQDA/1BQG2Y2JZFNBwmtVssEolEmJmePtD6IJVMYlsWNxZu0mw2qdVqGGbwXMMwEOES/OHhYUaGh6nXG+G5lpTLZZqtFul0mtnZ2QP9Sl3XZXJinMWlJba2t1FKMThYYH52Dte5yrUbN7h5axEpJa7rghAMDw4yPTlJNptlb2+PaCRKqVzm+o0Frt9Y2FfRqhgZHua1V17BNEyscBCdlJJMJkM8niAajTHQ349lWZhW8BjDDO5jMzy2vb093n7n3X3vC4U0DL567hzDw8MYhsS2LcywujUWi1EoFJibmeHW4iKGIQ8J12Vv+zpc1TRN07QvhlCHTSnQNE3TNE3TNE3TNE3TNE37b9Te3h4An3zyyVM9/+zZswA8uLxA0zRN0zRN0zRN0zRN0zRNeyAdrmqapmmapmmapmmapmmapj0FHa5qmqZpmqZpmqZpmqZpmqY9BR2uapqmaZqmaZqmaZqmaZqmPQUdrmqapmmapmmapmmapmmapj0FHa5qmqZpmqZpmqZpmqZpmqY9BR2uapqmaZqmaZqmaZqmaZqm/f/s3Xm4HFd97vu3qnr3HjWPlixZxrOxic1oc85NDCEhhIANBCKHhOSQPAlJyMnJySHYSc55npsQLA4Zbm5IQhJMCORghclWgFwwEAyBSBjwhG3Jsqx52JK29jx2d1XdP7qratWqqu6t1h5k6ft5no3UXdW1Vq1VvU2/+vWqNhCuAgAAAAAAAEAbCFcBAAAAAAAAoA2EqwAAAAAAAADQBsJVAAAAAAAAAGgD4SoAAAAAAAAAtIFwFQAAAAAAAADaQLgKAAAAAAAAAG0gXAUAAAAAAACANhCuAgAAAAAAAEAbCFcBAAAAAAAAoA2EqwAAAAAAAADQBsJVAAAAAAAAAGgD4SoAAAAAAAAAtIFwFQAAAAAAAADaQLgKAAAAAAAAAG0gXAUAAAAAAACANhCuAgAAAAAAAEAbCFcBAAAAAAAAoA2EqwAAAAAAAADQBsJVAAAAAAAAAGgD4SoAAAAAAAAAtIFwFQAAAAAAAADaQLgKAAAAAAAAAG0gXAUAAAAAAACANhCuAgAAAAAAAEAbCFcBAAAAAAAAoA2EqwAAAAAAAADQBsJVAAAAAAAAAGgD4SoAAAAAAAAAtIFwFQAAAAAAAADaQLgKAAAAAAAAAG0gXAUAAAAAAACANhCuAgAAAAAAAEAbCFcBAAAAAAAAoA2EqwAAAAAAAADQBsJVAAAAAAAAAGgD4SoAAAAAAAAAtIFwFQAAAAAAAADaQLgKAAAAAAAAAG0gXAUAAAAAAACANhCuAgAAAAAAAEAbCFcBAAAAAAAAoA2EqwAAAAAAAADQBsJVAAAAAAAAAGgD4SoAAAAAAAAAtIFwFQAAAAAAAADaQLgKAAAAAAAAAG0gXAUAAAAAAACANhCuAgAAAAAAAEAbCFcBAAAAAAAAoA2EqwAAAAAAAADQBsJVAAAAAAAAAGgD4SoAAAAAAAAAtIFwFQAAAAAAAADaQLgKAAAAAAAAAG0gXAUAAAAAAACANhCuAgAAAAAAAEAbCFcBAAAAAAAAoA2EqwAAAAAAAADQBsJVAAAAAAAAAGgD4SoAAAAAAAAAtIFwFQAAAAAAAADaQLgKAAAAAAAAAG0gXAUAAAAAAACANhCuAgAAAAAAAEAbCFcBAAAAAAAAoA2EqwAAAAAAAADQBsJVAAAAAAAAAGgD4SoAAAAAAAAAtIFwFQAAAAAAAADaQLgKAAAAAAAAAG0gXAUAAAAAAACANhCuAgAAAAAAAEAbCFcBAAAAAAAAoA2EqwAAAAAAAADQBsJVAAAAAAAAAGgD4SoAAAAAAAAAtIFwFQAAAAAAAADaQLgKAAAAAAAAAG0gXAUAAAAAAACANhCuAgAAAAAAAEAbCFcBAAAAAAAAoA2EqwAAAAAAAADQBsJVAAAAAAAAAGgD4SoAAAAAAAAAtIFwFQAAAAAAAADaQLgKAAAAAAAAAG0gXAUAAAAAAACANhCuAgAAAAAAAEAbCFcBAAAAAAAAoA2EqwAAAAAAAADQBsJVAAAAAAAAAGgD4SoAAAAAAAAAtIFwFQAAAAAAAADaQLgKAAAAAAAAAG0gXAUAAAAAAACANhCuAgAAAAAAAEAbCFcBAAAAAAAAoA2EqwAAAAAAAADQBsJVAAAAAAAAAGgD4SoAAAAAAAAAtIFwFQAAAAAAAADaQLgKAAAAAAAAAG0gXAUAAAAAAACANhCuAgAAAAAAAEAbCFcBAAAAAAAAoA2EqwAAAAAAAADQBsJVAAAAAAAAAGgD4SoAAAAAAAAAtIFwFQAAAAAAAADaQLgKAAAAAAAAAG0gXAUAAAAAAACANhCuAgAAAAAAAEAbCFcBAAAAAAAAoA2EqwAAAAAAAADQhtJidwAAgMUSBhWF/ozCoP4jf7r+XONx6M9I8uW4nfGPvM7UY8frlON1L/apAAAAAAAWAeEqAOCCE1THFFQG5M+cUVBp/NTGFfpTjRB1RmEwPbeNumUrcO2VW14pr3OV3PJqueVV8jpXzW2bAAAAAIBFxbIAAIDnpaA2rtrEIVWGHtHUyQc1cXi7xvZ9SMNP/6FGn9mm8QMf0dTx+zUz8E1VR5+SP3lIwcwphdWRuQ9WJSmoKKw1Qt2pY6qN71VlcJemTnxRE4f+UWPP/pmGn/yfGt375xo/+I+aOvFFzZzZperYs/IrgwpDf+77BGDh7NomOY60K3djfZuzzXq+X7rDkZw7pP4F6OMFIxpPR7pj+yxf0pif7ecw0NvvmKNj2NeBYZuTnJv5M9vzfF7btTjnGs1r7nt3lqJ5a+cYza7N1PVgXze70tdIs+uyf/u5nyMAoBCVqwCA815QHVVt4oBqEwfkTx2TXzktBZXF7lYbfAWV0woqp1Ubfyaz1S2vlte1TqXey1Xq2SKve8Mi9BHA2euXtt0t3X6fdMti9+UisOuh5O87tkv9W6X1C9Du1gekrQvQTp4dd0p3SHpgsTqApu4KpbvaeN02R7p7ttvulu7Y0rgG+qU7bk3vf+clkk5IW3PeDOtvk26XtG071xAAzAMqVwEA552gOqrK8OOaPPaARvf+mUb3bNPkkX9WZfBh+VPHJL8ihbrgfoKZAVVHntLU8S9obN+HNPLUH2r84Mc1ffrfVZs8SnUrcL7a9TFph6Stt83FwayqxZyq1mbVbNG2bduM7UblbFSl5zjSNquMzdxmVxBG1XXbtjeqbY22o2151XOpY7ao0I3baFZe1wiydbt0z+2SdkgP5R10V/EYtXs+duVq/Hj77M9xtnaGUhj97Kw/t+Ngti9Fla329lZzHW/PqbLeZo9FToVp6pq0xiCqmrxjWzLW0bHM182mqnI2FaKtxqZ/e/G21Pluz47PtoJztPuVd4zUddioWr9b0u2355zErkaweo91DWyvt9v/UP13zu331bfvvKe+/eDBnGNJ0npp6+31kJ7qVQCYc4SrAIBF1yxMDWYGFrt7iyYMplUb26Pp/v9P48/9tUae/iONH/iopk99XbWJgwqD6mJ3EYAkPdQoL9tyruWTOdVo2iFdYgVdmWq2nIDo7sZO99yW3vfOHcbDW5OgZde29DapHsTYYendd9ZDnbjtO6RbjQ7d+a4kdNp+h3VM61zaEYdKW6VfbFTgbX/I3skax7vTfTSdzfkUufNO48EO6V3z/LX2VnOVt/3uW2e5/RbpHkna1Tjv/uQaicY5qhyO/jEhc03ukC7JCUB33N0Y69ul29bXrw/zdbfa134bWl7Hu6RL7kxvs/ePmPN69631ayPu7yznOXVt3G2F3LdLJ0Lprpxy9/5GSBq/f7fUK091S71Ke/3WeqhqV6He1qR0fktj20OkqwAw1whXAQALLglT72+Eqfdo8sh2VQa/o2DmtBa9hPR8/QlmVBt/VtMnH9T4/r/VyO73aeLIP6s6+rTCoHYuUwKgbVH4dLu0Za6OGVWrRT/R940b1WxRtVoYSvcVVKPds7O+3Q5uoorIRqGbDjZCp1vuSrdZWAnX6NuJ++oPd+xoHPNEI/zZIR2UpH5p+470uey8R9LdxWtDRn3IC5siDzUCra23JV91jqr5IlElsdn2PdlDnd35NBHNR3yMVi+YhVvNStBG6BgFbbOdq/tOpPezvy5etP22exRXBEdhtnleDzUqh29bX68CTVVYGv3ZZoePjTAxfEBavysJNXdar2vmrsa+RZdIq7HZ3gj34/dQNM85ovfQfY0ddtxy9vMcHSPqx67oNeulBx4oXs4iCk+j90J0Td+TUx2/zan/g8DOJuMiSbfcZvUBADBXCFcBAAsi9Gc0M/h9jT339xrZfY8mDm/XzJmH5U+fTmcI/Mz+x6+oMvSYxg9+QiNP/7EmjnxG1bG9LB8ALKiDjfDpljlY97Px1V3dnf+15aiabcedyfYooDpoBZa5FWz3JOHLbQVBVvSV6aJKzyjcWR8lydEx11vBTjQuxrlExyz86nIrUWDbCPbi8bKWBjjYSJrv+8XkuaLznfX5NBFVcEZh73y4Z2c2dC6aqyhEu/OS/K/ct9q+pTEWBw8mc3VPIxjfFf1jQuN6j8Juc6xv+cVG6G3N8+3G2rjRtWyuU3zLXCyrER2/YGwONt4vd0UVn9E1lCN6D0UVn5lrZRaiY5zLue3aVj+P2+/L/4eHu0Ip3FkP5GdzM7C5CP8BACmEqwCAeVUdf04TRz6t4af/WJNHP6PaxP7F7tIFKQymVRn6vsYP/INGnn6/Jo5+TtWxfQStwPPN1gfSlZY77pzdOp5tB5YN0TqjH9sy+yrCtttqs69xFWXja+dmuHznx+aqd+eHnda/ppmhWsu5siospXrwFn8lvcX2KCS++6FGleo90i82AsWHrArKLefZHdwW8jpeCGawai4BYK//Gy0bYFdxAwAWBOEqAGDOBZVhTZ38mkb2fFDj+/9elaHvS2FFWuyv1V8kP6E/ocrgwxo/8JF6RWsjaAWwWKL1Eq2vxMdfX8+peo2+/nyfUZkZVcyZywLkhW/tiNaNjSrtDp7ruozROdtLHITt3638Y3c22Xh3Un0ZBX5x4BrdBOsCMdu5ir5aHt0M6e6HZrndqKC+W9LtW4zA1Wo7qnI1w+3our69SYVndC2bS1psP8f1eKXWY7OlUaUaL1mwq3jN1cVWFKxK0m2Nx9G4x//wMBcV9ACAs0W4CgCYE/Wv/X9PY8/9nUb2bNP0ya8oqJxZ7G5d9EJ/Mg5ah5/6I02d+JL8i/gmYcDci0LEXU0qxoyvHptfxY6+shyvo2je4d6szIy+Bt+42ZC5LMBc3qFeStb6POfAKWeJg1Z3hY+qDu0729c3Ntb2jNbtNH6iNTGjG/VEX0uP277EuGnVBaRorqKqxqI1W1ttl5LwTmose2Auk2AsL7F+a6PKOmc5FhjjAAAgAElEQVT5h7uahei3JPN2NtfcthbXUKTomFsb6xfH76E5uInWvNiVjGPq/d54r8dLUDTGPbpJV96arLZmoTcAoC2EqwCAc1Idf04Thz+l4affp8kjn1FtfP9iF27yU/AT1iY0feohje75E43t+7BmBh/hRljAOTPW/Wz2bfetD+R/Rfm+E0bV6S1JFaFpp3Hjm7vC7M2Zdja5Mc5s3WW2e7t04kTy1fB2bX0gCdAi952Y/VqmpugO9ea6nZEoCDQrLx+wzue+5/nXw02t5ipv3M31Olttl9Lrim4xb3SlbDiXuSYbAXired76QPp1991XuOustbyOb0kvh6B7smNxPtjV6n23XnrAuhlX3rq8ecfcOodr2wIAJElOGIbhYncCAPD8Ux0/oOlTD6k6tmexu4Jz4HauUffa21RefpMct7TY3QGen/q31yvH7juRvSM7YNp+h3TnLVJ412L3BBeb7XfUK3l3ziL4BoCLxOjoqCTp0Ucfbev1N998sySJT1EAgLNSGd2t6VMPqTbB3WYvBMHMaU0c+bQm+7+s7jU/os6VL5PjdS52t4Dnl+grutsfkra2uZ4oAMybfmn7jnqFMsEqAMw5wlUAQEth6Ksy9ISmTz0kf5rb0F6IwsqoJo99XlP9X1PXmleqc/Ur5ZZ6F7tbwPPEeumue6Rbt0v9OV9bB4DFFN3waif/+AMA84FlAQAAhcKgppnBhzV96hsKKkOL3R0sJLdDnateoe61r5LbsWSxewMAAAAAc4plAQAA8yb0ZzRz5mFNnf6mwurIYncHiyGoaub0tzQzsEudK1+mrrU/LK9z1WL3CgAAAADOK4SrAIBYUJvQ9Olva2bgPxT6k4vdHZwPwppmzuzUzJldKq+4SV1rb1Op+5LF7hUAAAAAnBcIVwEACsNA06e/rakTX1YYzCx2d+ZdrTKj0K8p8GsKajUFvq/AryXP+fXnQr+mMAzlep4cryQ39dN4rpQ853ievFLHYp/ePAk1M/iIZgYfUefKl6pn40+xJisAAACAix7hKgBc5GqTRzV++DPyp44tdlfmTHV6UpWJMVUmxjQzMRr/vTIxpsCvzW/jjqNyd5/KvUtU7luizp6lKvctqT/u7pPjuvPb/gKYGfyeKiNPq2fDT6pz1cvkOM//cwIAAACAdhCuAsBFKqhNaPLElzUzsEvS8/PehpNDA5oZH1FlfFQzk0aAWqsuXqfCUJXJMVUmx6TT2c3l3qUq9y5RZ+8SlXuXqrNvibqXr5bXUV74vp6D0J/UxJHPaGbwu+q99A6Vei5d7C4BAAAAwIIjXAWAi0wYBpo587Amj/3r82pd1TAINDUyqIkzJzUxeFKTg6eLq1AdZ2E7dxai4HU8Fbw66lq2Qr0r16l31Vr1rlz7vAlba+MHNbLnL9S5+lb1bHydXK97sbsEAAAAAAuGcBUALiK1qX5NHP60ahOHFrsrLZ1VmDpX3LIcryy5HZJbqv/dcSW/ojCoKQyqkl+R/Ok5bjjU9MigpkcGdebAbj3/wtZQMwP/ocrwD9R76RvUufLFi90hAAAAAFgQThiGz8/vggIAZi30ZzR54suaPvUtScFidydXOkw9NTdhqluW27teXu8Gub0b5C3ZKLd7rZxSn5xSpxyvS6HXqbC0TK7ryrEqXh3HURiGCoIgfmz+GVYnFNYmFdQmpOqkwtqUwsqIwskT8sePyZ84rmDihMLK6LmdRxy2rlXvqnXqXbnmvA5bS31Xqm/zT8vrWr3YXQEAAACAXKOj9c9pjz76aFuvv/nmmyURrgLABW9m6AlNHN2hoDq82F3JNTUyqOGj+zVy/JCCauXsD+B4crtXy+25RG7fRnl9m6XeDXL7LpPbtUqS5HleJjiNhGGoMAxT4ar5n8YgCOLtrnUzqmi/6BiO48Q/0fNBEMifGVcwfkjhxFEFE8fiH3+iX/Jn2jhnR31rNmj5pZdrydqN5+dNshxP3eterZ51r5LjdS52bwAAAAAghXAVANBUGFQ1fuhTmhl8ZLG7klGbmdbIiUMaPrpfM2NnGfq6JXnLrlRp9U0qrXmxvBXXyvXKcZWpGXRKSgWe9n/yzCDUDF+jQFVKAlQzXDXbMY8V7Wdvz6t8jbbXxg7JP/WIaoNPyB98+qyrXL1yp5Zt2KJlG7eoe+nKs3rtQvC61mnpFe+kihUAAADAeYVwFQBQqDZ1QmP7Py5/+uRidyUWBoHGTh3X8LEDGj99Qprtf34aYaq3+iaVVt0sb+U18kqduZWoZqAZVaKa1aZmaBpts6tRzf3satSozSAIUseK2jK32+FrtJ/9fCqIDUP540fkDzym2plH5Q/uVlgZm904SepcslzLL71cyzZcplL5PKoWdcvq2/zT6lr10sXuCQAAAABIIlwFABSYPvM9jR/6lBTO882fZmlqdEgjxw9q5Pgh+ZVZfAU+rky9WR1rX6LSimsUyktVo9phZl4VaV5wmheumiFt3n8Si9qJjmUex3Gc+Hm7rajf5jHs45n9jbZVRw/JH3hc/pnH5A/NsrLVcbVk7QYt33i5+lavP2+WDehc+RL1XfY2OW7HYncFAAAAwEWOcBUAkBL405o49FnNDH5/sbsiSRofOKGBA89ocvDULPZ25K24Rp2XvU6dG39ETqmrMMSMAsgo0Cz6ir65b/S1/FSLRigavd7cLy98jSpWTXlBr+/7Tc/WDF7tUNU8hv2f6DAMFQ4/pelDX1Gt/1uzWq/VK3dpxaWXa8WlV6iju6fl/vPN61qnJVe8Q6XuSxa7KwAAAAAuYoSrAIBYdeKwxvZ/XMHMmcXuikb7j+rMgd2aHm29lqrTvVYdl71eXZt/NL75VOG+jQDT87zU81HYGQWUZtBphqv2jaui8NUMVYMgiF+fV9Vqhqt2yBvtkxeKmv0yjxEdM++cooA22sdc4iAMQ4X+jCondqp65EH5A49Lav2f89UvuE4rLrtq8ZcMcDrUt/lN6lpz6+L2AwAAAMBFi3AVACBJmuz/uiaOfUEKs9WZCyUMAo0cP6TBA3tUmRxvvnOpRx0bX63yptfIXXalJMnzvFRYGQWQZlAaBZBF1ahmKGqHlXn7xX0vWBvVcY19grCwPfs4RYFp1GezatU8llnJaoar5jlHx7crY8OZQVWPfl2Vw19SOHmi8NwlyfE8rdh0hVZuuUalzq6m+8638vIbtOTyt8v1FrcfAAAAAC4+hKsAcJELahMaO7hdleEnF7EPNQ0f26/Bg8+qNjNVvKPjqbTmZpUv/VGV1t8iOfU1N6Pq0WZro5pfu/c8Lw5Qi/Yxq0hNrutKTiMUVePGUzmBtOu4mTDT3s91jLVRlQ1nM+PkJ5WqZqWsWY0ahap54aspqozNO44jqTK0W9UjX1P1+DcUVicKj+O4rpZvvFwrL79GHV2Lt1yA27lKS1/wDnX0bl60PgAAAAC4+BCuAsBFrDpxWKP7Pqqg0vqr9/PBr8xo8MhzGjrynIJqpXhHt6zypa9S5xVvldu7XtF/ccwg1P6qf94aq2ZVqrlf6iv8RqVpJAzSN6+K/i6lw9dQYRy45t1UKmx85f5s9jGPHQehYTb0japWzXDVrIi126nVaqnn8o4TBoGC2oxqR7+s6qEvKJw6mTme8UIt23CZVm25RuWevuL95pPjqvfSN6hn/asWp30AAAAAFx3CVQC4SE0PPqqx/f8khc1vmjQfwiDQ4OF9OrN/jwK/VrxjqUedl/2EypffIbdrZSbQtG84FW2P1iQ1Q1NzTVM7dHRcR66TvaGUGZaa7aX2yQk57eMXLRnQbLt5PLO6NApZ88JXhUlFqnn+5vGj4/i+n1n3NQ5VzSUDwlByHDmO5J/4pqb3fVrB1GmpVlxhvPSSTVp1+bXq7F1SuM986lr9CvVteZscp3hZBwAAAACYC4SrAHARmux/SBNHHliUtscH+nV67xNN11R1ysvUcdnr1bnlDfK6lhUGj0XLAUjpIDSuOI3yyFDx381Q1QwjJcWVr1KyVqu93e5PtE/edrt/kjJf388LRM11WOs71Stb7WMEYeNYYVJFa7/WvOmW3b9mSwpE/fJ9X+H0GVUOfFbVo1+VatOF57hs4+Vac9UN8kodhfvMl45l12nZFb8ox1vkm24BAAAAuKARrgLARSQMA00cfkBTJ7+x4G1XJsd18pnHNTl4qnAfp3uNOi57gzo2/4S8jh65rpsbUEahqV2RGh8nClQ9N1kb1UkHo56bhKXma6R0ZWz0p7nkQKuKVbOdon2i45hBpl1ZawajZpt21Wt0jFQo7DpS2AhRG1WtZltRZat9A6xmN8qKKlrDIFAoKZwZUu3Q51Q98tXCSlav3Kk1V96gpes35S5TMJ9KPZu07JpflduxOBW0AAAAAC58hKsAcJEIg6pGn/snzQw9tqDt+rWqBg/u1fDh5xTm3PhJkpzejeq4/A51bPgRuV6nHKPiNK861PO8VMBqV36a2xzHUeob9GHxcgLxLlbYaS8FYLaVez5GGJkX3kaiKtIiZlvmvnb4agaiUZtmH+Kq1iB7vNmGq9G2KFw1zymojKi6/1OqHCmuZO1atlJrr36RupYub3rOc83rXKVl1/yaSl1rFrRdAAAAABcHwlUAuAgEtUmNPPsRVceeW7A2wzDU6IlDGnhut/zqTP5OHUtUvnKrSpe+Vq5batxQKgk8zXA1CkLNcDV6bFZtRtvMSlO7WjQKV8198pivswPLdKWqFCW49pIBeaGqud1sJ+9r+s2Y4Wp0nKhvqXVarZtlSfWbdJnha7QGq3lu5uuj7XafzPH3p0dVPbC9Xsnq54esyzZu0erLr5NXXriv6zulXi2/+lelzg0aGxtrulwDAODC5rquli5d2vL/AwAAMFuEqwBwgfNnhjS892/kT/UvWJtTI4M6/ewPND06nL+D46p06Y+pfNU75JR65Bhf77fDyHi9VKXXWM0Elo11SL2SJ8/1WoShTuYYeV/Nn+3X/B0nCRmDIF1B6rrZ5QYkxfvVz8tRGKa3m4FxXj8z67AqHdIWVaGagiBQEDYqVv3s2q/mza3s49nVs+YNsKpTQ/Kf+Wv5p76X265b6tDqK67Xsg2XLdxSAW6Hll35TgXlTdq/Z5dqfkU66//nEi3WG87q6eLNLRpucbw2GizY3LKh7AvPbkPr4zmKb9AWtnuc+Hj1m6/pnP8v6dnNb/7r25+fZLcw3m1WzWd2OOuOpw9kvdx82Pyo7b1PZnOcUkdndmvY3lnOvtnZdbxwfMyOzlkHW3ereL7mcn5mL9ufNq/PWc5P4dFDKXA8DU/3qqOrR5s3b9aVV155dn0AAMBCuAoAF7Da5HENP/M3CiojC9NeZVoD+57W2Mmjhfu4K65X+bpfldu3Ka5Sda1w1b5BVfR8qaNUXz9VVlWp26hEdb3Ma81j2MsAmAGqWf1pB6+e58r3g1RQW+/z2QWD0euL+mjuZ4avnpfsXw8402ut2oG0vbZq0X+izcDUDmrtilZz32h8on1qtVp9WzSGjfOrnnpElSf/Qiq4/jr7lmnN1Teqe9nKpuMxdxwtuXyrOpdfr/Ej9yusTdTzDiP4SB6GVqg+2yAgTP2RDULSx8m00zLQytlBRhBXEOTU2zGCqJYBRZx8Ws0l7TiOMteWmW9G45gOPOvHTYLD/GA1207+MKcbzp5Pct52O/Y8WP02j2vubYxj3jiZ7eQHOwUnlPc4cz6Z5ppclQXj3Oq6KApWjfluNo6pDuacT6bf9vuvSTsdPWtV7lvXeJR/Pumzz3tf2DvM5v3cOogsnm8Z10X6Osq7DlrN5+x+v7TBmpBk3Kx5aPn7qehMZvf7pfDl8dPWOFvjONvfl/W/+/KrVY0FSzXa/SK95GWvVF9fX8uhAgAgD+EqAFygKqPPamTv3yss+Hr2XJseG1b/U99TdXoyf4fyUpWv/RWV1r0yDt8kqVQq5a5tGnFdVx0d9bvNRzeoSm130gFts6/5FQW3ZjVmO6FpcXtRCNm8gvRs1YPO+vGiytjAWk81b0kBs+rV3Ce6uVUcNIfR2qphKli1j2UuJWAuQ2DOoz8zpundH5F//OvKiwwc19WaK2/Qsg1bznFUZq934+vUs/6HNX7oUwoqw5lgL2IGn6kP6nYgcNZBmB3sNWnHOFA2CJPVjl3pmBdwZY+bDWLtoDE/wGnVTjZQynQ4E0jmtWMcOPswFQAWBOJFwWc2Yc47bGbA8wPJJsl1QeKWqUydVTs55228Pi/4bNVO64DLvv5aBNVG8Jl/nRYFn/b7JmnHK3Wpa9XV9swUjG/eeNvnY7dTmOdlh6Ngvlv+g0CTI9YfNnl/5p12wbQl82CNc0GzrdopvuDsvfKCz/yXtQw+c8cj205ucJ7RfL7kdmh6rF8nun5Ut/347SwVAABoC+EqAFyAps88otHnPiGFtQVpb+jIcxrYvyf/06TjqrTpJ1W+6k45pZ746egDjOM48jwvFe5F1ZFRWOqVPDnK3rwqYu5rf4XfXGqg3pabCibtkHK26sdrXoHarnbDWLPitWi9VjMEjb/Kb4luXBWE9eUCCrcbywbYY25WzgZBoNqZp1R9+kMKp07mttm7ep3WXfND8jrKsz/hc9C15hb1XfYmTRy+X/500qdUUFUU1JkKgtXCSsgmwWpeO6mgKi+wiXMJu3Iur5/GAYqCi/jp/OAj+1X1/PEoyhnjwK8oqLPGMXOi6cMY7eSPY3E7diBYUIFnB8mZecgPbgoDMVkBr9VO8rB5sGo2lztfmWC1oNJzVsHqXLRjD0v+fJvtJPPlqHvVVXJL3ckLWgZq6eNmrqu4PwUVp/YwyOx382B1dlq8PwsCT3Na8qet1ftT1gubX6+ZFxQ+zA9WzcPm/h4sPJH0eBS3kzlwfv8L/4GlvtlxSxqbDuRe9hbdeOONRQcDAKAQ4SoAXGAmTnxd44c+tyBt+dWKTj3zuCbO5Adm3opr1Hn9u+QuuTz1YTsKQaO/51WTep6nUqkUB6cR82vw5jaz+tX8intURTmbitT6MZzkw32L8LQojC26QdVstXpdGBYHp6YgqAc00d/rf+ZXoZp/z6tWDcKkyjW6GZbv+7kBrfn6IAikxnyE/oxq+/9Z/uEvKgyzryt1dmn9C1+qriXLm57/XCkvu07LrvovGj/8zwpmBjPbqVzND/byAo+8A1C5agd76RaoXJ1d5WpH33qVe9dm3jepfjZVcF0Vvm+KjzLbgJXK1WwHzZfl/R5sFbDmtZP3dsua3XwFflV7KjfrdT/1FqpXAQBnba7C1dKc9QgA0LaZoR9o/ND9C9LW1MgZndzzqGoz0/UPLKaOJeq85h0qX/oaOY6X+dq5eWOqSLq61It/ov3tykgzlLVvPpXs4za+mq/UtjxRsGr352w1C1bjAM3JqezKOUYxO/RN1oJN7WXs5nlOyw/7ZlVr/fXJkguhQgV+IEeOAtVDUzMkl/KrZcOw8RHaceR6PSpd9075G35YM099SMHYwdS+tcq0jj72ba26/Dot33h5W+N/NiojuzV28FNaevlWje3/RwW1iXRQZcxTJvAsDKbC5Om8HLZJsJrXTlHlqtVcJshqGawWBRfx00kAUdROcbBq7GcNWxz4FQV15rimD5x9mMpLzq5y1Q5Ws8FPuh/pdsx5yA9uCgMxJf1I55s549wkWDWby52vTLBqVZQWXr/p8U3OP2yrneL8LhnXzDgb8+V1LVVHXrDaMlAzG7bON9Uf+31TMAwy+908qEudV6t+nWWwak5L/rTlvz/teZirYNVsJy9YNQ+b+3uw8ETS41HUztkGq3mVq2FY0/TICVUnB7V07bUaGRnRypULtQ44AABphKsAsMgqI3s1vPdeSflVjXMlDEMNHd6nwUPPNp5JB2BOz3p1v/h/yuvbqOiO85JSlaZ21alZZRqFqnnha7SPeZxIFMBGoWr0mnRoGhrHy1alnmuYZwareQFqHDgY25sFrUX72P2sbwpTr8k/n/qxSqWkKieqaDXnwD5OPLZeYzwbQxoGYeqcXdeV7/uZecmc15IXqPOl92jmqb9UcGqn3UWd2b9bk4Ontf66m+Z9mYDpge/KLS9T32Vv09iBT0hBfSkNe+zjYM5OTDMJav0vTuNxZvc4mIr2a96Ok9kvtzmr8tVspyF+ofGn2cHMbk6jnag/STuaRTup/spsJjkf5Z637BdEB47OOPXQsc8/vm6bt5PZz2olGd/o9XY7ssanaHztbkftWRWlUX9atmOfd/r1mesrbsfJbSe/FFqZ7YXXqdFOqj3rejT7bZ5PPM054+x4nepaelnu+yYzYYWsebDON/u+yQ5D+rrIn2/7fFpXrlotZl6Y/wsk7k/htCXXs9lfex6aTIw1nnY/sw+V2441n1azqXHMeZ9kxze/HXu4CsfZuI6j+apODakyfkrVycH6816XetwxwlUAwKIiXAWARVSbPK7hZ/5W873Gaq0yo1N7HtfU8IAVqdaVLvlhdd34bjleZ/yc/RV+sxoyVXHqOvLcJFi1K0ftm16ZP9Hz8cc2J9rfCLpSPZ59Vaq5nx2C2sdo9bhoW9F+Zhgb7Zf39/QxonNLvzZiry3rOGGjeid9Qyp7eYUoKHec+jw5chQ6YbxcgKT4BljRfNtjF63RKkmOV1bni35HtWP/ptreeyV/JtXP6eEBHXnkW1p37U3qXja/H3Qnj39VbsdS9W5+q8YOflJJpSiVq1SuGvMZt2POQ6Yj1mO721SumucTmv0wzkdy1LX8coXRP97YM9M0ULNPxDrfVH+oXG12vWZeUPjw+VG5Gvg1VScGNDPWr7A23fiHhihgD+WFFVUqlaKDAQAw7whXAWCR1KZPa+jpv1JohVNzbXLotE7tfUJ+tRJ9+k24Hep84a+pvPHVktJ3n7eDVfur/OZSAGZFqh0+2j/2fvX1VItDyuhws70Jlb3MQLPK0WZLARQ5m33zqlGz/bHPPXocKlqjNS/EzQtso3GNwlUzeDXD7DiwivZTGD9vr5MbXRNxv516jVV502vkrrhetR98UMH44VTf/MqMjj/xHa3YfJVWbLpi1oF4O8YP3i/3yj71bXqTJg5/To6TVEJTuRqm2tEs2qFyNXqB3e2oPSpXm1Wudq3YIscrW/03ZsaesELWPFjnS+VqwS+qwn5mHyq3Het9YzW70JWrtekRVSYGVJ0ciF+Qet/M439bAAA4G/Nzu2QAQFNBdVzDT/+lguqw6p8s5udntP+wTjz1/XqwanF6Nqr71v9H5Y2vToVwkbyv+ttLAxQFq3aQmt63/vV/13Wa3Kgq+rTlzKKSyHqlESSYFZzRNvO5vL/PxU+ritbZqI+hq/qHzOIPkI6j1JzkVQfnBeWe68l13NRc2T/2edjH71iyUZ2v+KBKl/5Ybt+GDj+rU888piCoaf6u80Cj+z6hwK+qZ8PrFPq1VBjcTuWqcvKKdipX69fvPFSumueT2S1MH8doJ3roFLZj9MdsznhlmNrv3CpX4/M3w/sW7eRVrqbPK92PdDvmPNgTXXCdKL3/XFSuRv1yjPNpXlGabSc/UDMHwrxOm7cTnd+5Vq52Ltskt7wkPV/2zJjNN1VwXcX9aV25mhqOgvleyMrVePfc/ua/P+15aDIxOf20OpA7DcWVq3nNFv4+Tb3e/D2Y307zYFWqjJ/S2IkfaOLUHlUnB1LXb/x+SP3eAABgcRGuAsACC2pTGtz9V6rNnMnERHP5M3T0gE7ve0p5n15KG16t7lf+uUpLNsbPRVWLecFp3vN5wasdvtb3i/Z1VSp5VpCSloSJ9b8nxzy7/1yZgWn9WElIGPXP3Ldov6IlDooeR8/Z7dt/n610aJodg3pA7cZjWyp5jeA6L9ROz1kcqjquXK/+uFQqqdRRUqlUyg1qc4NYr0Md1/yKSi/8b5LXnenj+EB/PeD3a/N4vQca3vO3ktej7ktuUxgk68dGFWGK5ipVQmY8jq+7ZHdzc3yceL905ZTdTrpyNdt89BfHcXLaSV0ESh/AOp/Mbk76OEY70cOwsB2jP2Zzxiud1H5hph27X5l/GLCnI1OB1rydZOkMJ3X09LNJP9LtmPNgT3TBdaL0/nElqZLjmvub7aTGOXPeUbPJcVPnH7fjGPulGrZO2B4I8zpt3k50flHlaur0M++H9LhGf+lcukGlrpXZ+bJnxmy+qYLrKu6P/b7JfbV1vWfnOxnfdDMt+yXjBeaFlR2wzGnkT1v++9OehyYTk9NPqwO50+BYh3Uyb4Pc34MF7xN7PIracTLnIwVBVdMjRzV69PuaGjqgoDqZ+r2Unq96O1SuAgDOFywLAAALKAx8De/5sGrjh+a1nTMHn9HI8UPZT4pepzpf+G6V1r0yc9Mpuwo1uqN89PfoM5XruamKR7NCNTqW+Tp7rdAoY7S75rpe/Ppz+eq9GWyaFax5oaf9uqIw1N6et7/9uuzXnfP7Go1Nq3Ouj2l9jILAb7qf60phmLQVzU9UoWzfwMqVK7fUWKtVjSrmQPHc1ttMlowwz7X+Gslde6vKS16g2lN/omD8SKpP06NDOvHkd7X++pfIK3U0Pc92hf60hnb/tVbd+B51rRzR9NDjkoyvJJ9F5WqcD5i7x0lA9vpKbTces+Zq6ozNw6QqN4sqV/Payatcdaw/zX6k2zHnIdMR67HdbdZcNc/HrFzt6F2rUvca4/ppUbma1++Mgusq7g9rrja7XjMvKHy4+GuuhoGvmbHjqoz1KwyC3PejeV1F72dF/w2VZjFvAADMLypXAWCBhGGgkX3/qMros/PXRhBoYN9TGj1+SI6U/ikvV9fLPpAJViWlKhujUDT+KXn1QNV16xWNTrYy0gzcoufK5Q55Xt5Xy7PLAUTBqqTC0HI2X7VvFZ6ax88LNu2qVvu45v5mmGz3MS/ItUNj++95xyviul78k1OylFIqlTJBuVnRGp1ztJ/ruJkblHmep46OjvgnGqN4HCV5riuv9xJ1vOQeeYxDJs4AACAASURBVGtenrn+KuOjOvHkd1WbmWp5fu0KaxMaevpDKq98mcp9V0hqUmmVqfhy4qej3c3NVK4m55PsR+XqxV652tG7RuW+S4zho3I17xdI62nLf3/a89BkYnL6aXUgdxoWr3I1DHxNjx3T2InHNTN6QmEYGA2mz4/KVQDA+Y5wFQAWyNjBz2p64Hvzdvwg8HXymcc1duq4ZEVbTu+l6nr5B1Raujk3WJWUCVbrX/lufPXbceNQNfoxQ7voONFrSyVPzTlWQJgIw2yFpF1lm3tE4zVmn+rHzP8QNtsKWTNUjc6/2Vf/88JSM2S1+2e/1t6vmXp/vMy+juPEywREywZ4npt6nRma2pXL5vZSqRTPt6TsOrzGj1vqVMcNvyNv0+tlX4fVyQkd/8F3VZ2abHle7fJnBjT09F+qe8NrVerekK60ktKlU47xOKoUKyjMYs3V5HyS/Vhz9WJec7Wjd53KfRuScc6bL3tmzOabKriuUu0UHy57XeTPN2uuLs6aqzNjJ+uh6vAxhfGa3GaD6fNjzVUAwPmOcBUAFsD40S9p8vi/1T8ozMNPUKvq5O5HNTU8YOdZcla8UOWX/rGczpWZftkVq1HI5nmeHDcJB82gLy9UTSoc3SY3qVLqeMXbXetx+iv4dhWpGV7a+0Q36bK/jt+sffM1EbvNvH3y+pz3WrOfQRDM6nxmV9VavwFWNH7N5sFcziGvUjfe5tV/7HV2c/c1ryXXlXvFz8u94ufqH7SN69Gvzuj4kw+rMj46b++H2uRxDe/5W/VuukOlrnWSwmylVabiy4mfjnY3N1O5mpxPsh+Vqxdr5Wp5yXqV+9YZ5638+bJnxmy+qYLrKtVO8eGy10X+fFO5urCVq35lXOP9T2p6+JBCv2adj9lg+vyoXAUAnO8IVwFgns0M79b4oR3zdny/MqMTTz+i6dGhzDZ37X9S+aY/UKlzidycUCz60wzI7BseOUq+Tl4qlTL716tYvfhmVXkfdqLQL7phVbMPRPaNlCSlQyzjOXubfV7Rn/YSAHmvydvProbN60Ne20X9bdbPvErYSFFQa0pXxHq51azmfs1uVhY/dj15biNYLaWXCYiuB7PqNVVt7DjyNr1e3nW/ITnpJd6DWlUnnv6+pkYGM/2bK5WRvRo7+Dn1bX6LXK9XmUqrTMVXGD8tJ7uZytXkfJL9qFy9GCtXy0s2qqNnrXXeyp8ve2bM5psquK5S7RQfLntd5M83lasLU7kaBFVNDx7Q+Mmn5Vcn4+sl+wtRqfkxfy+l56veDpWrAIDzBeEqAMwjvzKi4b0fUyjNy091ZlrHn/q+KhNjqn8iSX68TW9U+YbfUqmjLCkbDpoBW/TVb8dN1hx15GSWAjBDz+R5J/W8yaykLNrHZoeQzdZRNUPRvP3zjhO9tmgdVfvDmhmyhmGYqTbNa7uocrWon2Y/igJRu6/N9k32T8Y/2uZ5UQWq26g0Ts+t/fd47d3G8g1mwGqHslK6qtd1HLlr/5NKN75X8rplXp+B76t/z2OaGDo9b++PyZPf0vTwHvVs/AkpGoe4lMpJPsgbG6yCqWzFlpK5oHKVytWLrXK1c8ml6uhZpdR0pYaPytW8XyCtpy3//WnPQ+HEZPqdM+650zD/lauV8VMaP/EDzUycTk9nzu/f9PUbGv2x56veDpWrAIDzBeEqAMyj4b0fVVAd0XxER9XpCfU//T35lSk5jpIf11HHlW9Xx1U/lwSlxgeQvOAs/gq4k6y3WfRjb88PVaOvqM8uULVf22q7HZo2CxmbVYLaj5sFsnlf4W+2lmurylWzn3Yfivo72/ajfeyxSubeDMSVuk7MwNSuYravhfgmWDnVxnKc+vIArqvS6h9S+SX/t9zOZelrVaFO7/2BJgb6NT/xaqiRff8kp9SnzhUvagxmPKjJB3ljA5WrVK7md7vRL12klaty1b38cpV6VqbGVcb55M6XPTPW64oVXFepdooPl70u8uebytX5q1z1q5MaO/mUpoYOKgiq1vsm73zMBtPnR+UqAOB8R7gKAPNk/NhXVRl+Rk1yn7Z//EpFp/f+QH6lovonkcaPW1bp2l9X6bLbU+GnlA3O4psUlerrq7pWhWleyJa+6ZHikM6ULAHQXqAafW3fXHPU3tc+tr2fWWXaLNCMXtuswtUOaIsC27z27eM1C05nM152EFt0zOzr8kPw6Jium75G7GDV3BZvLzV+vGQ5iKJg3nEcuX1bVLr5D+V0r1fqmpU0sH+PpoYH5+W9EtYmNbznXnWvf5W8zpVGCZaTfJCvPxE/rTC7mcrV5HyS/ahcvRgqVx2npJ6VV8jtXGLMg3GY1PBRuZr3C6T1tOW/P623X/aJogPmjXvuNMxP5Wpl4rTG+59UUJnIbcfJPR+zwfT5UbkKADjflVrvAgA4W5WxAxo7eP+8HDsIfJ3a+0TmjutOqUfeDb+t0oob45Ar3mYEX46TrJkZ3bgqWlc12jevQjUKVMMw72ZJTqqdduWFh/b2ZhWes3U2rz0fKmNmE+i2en3yKTZUGAaZfcygPAiSdWnN4Cu6LuLwW6GCMEhdb+bfgyBIKn7DUOpcI+dF/0vOM3+hYHhv0ngY6PSzT2r99S9Wuaev7fMsUh0/qPHD/6q+zW/S0J6/kvyZTCVjVDkVfd6P/8z+pb5fQcVlqwq2+C/xH/VKrCDVTiI1D43HVscb+0VPp/uZtJpU6CX72QcwultQkWdWQuZWrsbjU9SOMu0UVa7mtiPr/ArGLa7clNmOPd+Ocd5J5WbeOJrDkZ7OvPky9wut5pq3E59/NF9K9j+bduKHRdeFUfnXrB2v1KOuVVfI96ty/GrOfNvTkn8+OR1Sntz3n9lgahyz3TAGKPf6zasoTR+nuJ3c9orOxxqPzHxm2rHPu3CAm5+PMd957eScQHbsUrsb14U5v/bvi2j/oKbJM8+pMn7SGob8Cln792DxtCXnY/9+cju65a2u5Z4HAAALhXAVAOZY4M9oeM/fS+Hc/5/9MAg0sO8pVSbHUhUjTnm5Sjf+rrwlL4i/ii0lYaWkTLDqum6qYjXvq+FmRaLjFIWnjlHtE6aq53LPIQwlRYFdEqZmq0ml1ElmjtFknIzAZjahZNE+RZWmrUJeO5hs1ofZ9tM8TqtjJmNc9AWV7KdsL3XDs0BhWG/Ddd0kTA2TauAwDOUHviRlgnxzbFzXle/70Ua5nculG+6W8+zfyD/1sNFnX6f2Pq51196sjq7upmPRjvEjX1Tniheq79I3aGTfRxuBZkHA2vhAH4T2B/50QhHYwWdBwDq7wM1ux9AyCJtdO3HgeI7tZALJWbTTNFgpCFjz2kmCp2xCNrt27PFJJb1S03bs8TGD6Fbt2OOTbic9jrNrJxtwhebhk3aMIDevnXi+jPl2JJV616m8dKOC6ozkzJgDm75uigLkTH+U205m6QCbdV3NOvg03xdmO4XzXZT75r9Psv2xAsmCgNmexpwkeVbtWtOcGejMPGTGxzyusUMm+LQC1Mz51Nvxq5MaP/G4ajPjuQOZeV+0DFhbvz8dx5FT6lanXy06OwAAFgTLAgDAHBvd90n502fqHxjm+GfgwJ7GHdad5Mcty7v+N+UtvSIVrEqKA7G8r2w7merTunSgmoSpxWFe+mv8rcPM/P3M8C4Mg/jPvH1mYz4rTov6nreP+WcQ+LnnNJv2zP1m+5p6e3kf2Fu9Pn1t2DeuSq2166QDefPmVqmQ3Wnc4Mpx5Hid8q7+VTl9l8m8lv1qVaf2PiG/Up2H90+o4T0fUceSK9W99pWpD/rJuCT5hBl4yvygbwYKZpBsJizGY7udvLVQs+0Ys2UHbUZglhzIroTMbyc6v+aVq63bKQxW4wHMthNm2jHOv6ByNa+d7DxY82W2I7sdex7SAW4qiMuZbzvwNMdVOe0UBel57RQHq+Z+1nzmtJMO2sz+FLejuJ3oOnLVtfIqda14Qf1gmSTQlDcPTk5/jPFRzvum6HeSdV0p1Y6x2X6ZPc6ZBDQZj1Rum+lG/vsk25908Fi4tm2YM5xnEaya76eiID06//TatwWs6yrz/pSscbZ+zzXaqUwOaPTIw5lg1XyfpMc5PRCtgtUwM1/p8QAAYLFRuQoAc2iy/z80eWrXvBx7+Oh+TQ0md9uVJDmeStf/prwVN2SWAoik7vhuVazaFaau66qjoyMVqtYrVpV77LgbxnGKqyWT7UWFrfUQMTD2K9jxHJkfyOamjeh4+ccyz6tZX+aqP/X584q25odrBtd1GksDJGF7FPB6nhdXorqOK7lSoHoY7nlefNwgSM43dZMrSQpDhU6PvBe+V/4TfyRN9cf7+jPTOv3sD7TmmhfJ9eb2/6bUZs5o+NlPaMW1v6Tq6D7Vpk4aOUD9k77T+MCfVB4rHgczcLMrk+Mgo/ECJ7NflBNE+7Vqxxi70GpPoRxnSg/8/n36jW9Lr/2fP6N7X91r9Ce/HT31hDb/5iPWqGzShz71Kr1xZUE7Q4f0yz/z73rQHsx3vlYHf2ZV0s6ep7Tlvz0u6Yd0/5eu182OdOqhb+rl245Jkt77Z1v1ruuUjM/QYf3K23fqK5Le86dv069flx1fDR7Su37+O/pK0YS+4uXa9QebtMYcRzXejfG4FYyzPV/mOBvzlupPar6lRz/3Bf3M/5H09lfqmTevaNGOMQ857eT1J3neuC4yx0m3E1/PeddNQTsyni91LlHXiqvkljplvC2MIMwOQgveN5n+GNvzzrsoYI3bTyWYmfnO9Mqx3n/Wecs6b+vpnA7EB07vGPfHmgfrvBxjnFK5on1+LdpN5st6mbk957wL42u7Q/b7xhrf1Dg22pkaPKCpM/vT7xujn9F85P6ei9ux58E6Tma+kuu6SXQMAMCCoXIVAOZIbXpAI899UvX/oz+3P2Mnj2rs5NEk6XQcyXHlXfsuuatflglW7UrCVLjquXGwaq6l2dHRkQpWzZCnKFitB6lO/PdWwWorzYLVs6lanUVLCsNsZWy7Wp17cl5Oar+kymju+tJadhxdNz+IdV0ndcMq8wZX5rq80Q3S7LV6k+O41jq/br3qqGOpnBvvlsrLU9d2ZWpcA889pTD0Ndfvpekzj2iy/9taeuU75XodRp4RzYXiSinHemwGHudP5aqsdsz2k3a+/8mPaVMmWJWkI3r32z6uzfedss471CPb/0mb84JVSfrol7XltU/rEaudpN/pf2r4wH9/Wo8aG8zuN6tcbeo7D+uW9x3RabPfZgdkjHvuPDhGf4z5Uv58p+bB7ktOO46seWjSzvlQudq1dLO619wgJwpWjX6nn8ieePp9Q+XqxVK5OnbiiSRYVfI+URhah6VyFQBwYSNcBYA5EAZVDe3+O4VBZc6PPTF4SsNH92ee917ws/LW/efUXd3NQNIOVb1ScvMq86vdpVJJHR0dmbu+S0qFabnn3biZ0bmGqqZmFatzG0A6haHiXHNdT67r5Y7TQlTqZjlxn4qD1WgJCUee56aC01KpFF939jXmeq7sJQLM/TOheWm53BveK5V6Us/PjI1o8ODeefnwPHrgMwpDX72b36SkO9E/EkgKowq79OMkajArsRqPzRI243FcSerIeD4+TEE7iXSlY7oiL2G2Y7Zfb+fU1/9Nd3yk/vDH/+BtOvzVX9CRr/2CDn/1HXrglxqHuPdL+uV/m4rbOf3QN/Smexuv+b236NCDP6dDD75dhx78Od3/zqjdx/Smfz6TOp+k33ag84Te/KmBeIPZfXMcZYxbcoAN+otPvFXPfeGntf8LP63nPv8WPffBG+qbvvOwPrvHGEezAzLGPXceQqM/xnwpf75T8yBLTjuhNQ/N2kn2s9sx90u3o5x2km47Vn+K23FLXepbd5M6lm40rp/UdFhPZE88/b4Jc/pjjI9y3jdFSXp8WWTH0XxVplf2OFvzLWM8QvPwRRObHFjpFyhnHoxxth4n+6U25zSc126Ymh/z94aM843OPzUP9mmZxzV3sN6f9uxE5xcEVY0e/a6qE6fjduLr1HijJYe1xzk9EOY8mNdr5v1ptbNw/80EAKA5wlUAmAOj+z+r6tjB+oeFOfyZHh3W4IFnMu05G16r0qWvS92EyKzsjD5wpEIvx5WjdACbt0ZmPUhLPgjmfXiJKjXnMlSNjnsu28+ipaYfyvLWe51Pcz2OLVpr6wOpa6zRGwXwqaUmnGSpiTAMMxWtdrAaNpYNcF1XTu8meS98j+SklwGYHDyt4SP75/x9FfoVDe3+iLpWv0LlFTdFPar/b1wwdaFUrp7Wp993WFI9WP3Ibd2p/V58ZxKwPvj+5/T9MJSj0/r0+4/UX/N7b9Hf39YtGefz4q1vrwesjaUBzPNJ+p0T6PzDbn3+TGgOU733qQo04/xSB0jGXXKka1frPY0tj52ajsfnkc98Tle+sfFz+/268o179Wg0zs6gPnz7A7rqjgf04WdCPfbZHbrqjgd01Zt26Ko7vqMvDFnj/Mw+Xf3mf9HVb/58/ef+4QuucrWj9xL1rr9ZTke30hWlqemwnsibFxnvGypXL+TKVb8ypdHDD6s2PZpqJ75OjV94yWGpXAUAXNgIVwHgHM0MPa2J419T20lPwU9tZkoDB3ZHCWf8465+qTqu+gW5pQ5J2fAzt5qwEd6ZFa5msJqEZUnI6rrpKlazstKscJ3LypFmxzvXtoIgiG8o1exYQRA0qmuaha95N4o6O/Uw3FwuYGEqcIraahaWJ2F9+mv/eRXOrpNfFW2/xnFdeY0f13HkLr1K7rW/Lrle6nofHzihiTP9mvP31+Qxje7/rJa+4O3yyisUzXe6Ai/9OIkakkDwvK9c3d2vbZKkzXrjD0XBarqdF7/2/9KPS5IGdGzIUbj7pD4gSbpUb/yhqKLYaDeUXrz17fGaq+b5JP02A52N+vFbJemY/utfHdZpYzwkpcbRbsc4YjIeCnX6m3v1wcaWm9Z2yXEcPfKZz+mtH5flKb319r16rDE+kT957w699RPmfv367Xfu1eONcR741nd19d2704f6p2/pmg8c16ns6abnM0zO/3ytXHXLvepZc6O6lm9pHNauKDXOK7SfyJ54+n1D5eqFWrka1KY1dux7CvyZTDvxdUrlKgDgIsQNrQDgHIRBVcP7PjkPxw00cGCPwsaNgyLOsmtUuu7dccVqy2DVSwer0WvMr3SbwZl5TPPYTlyRmG3z+aB+c6Xok1xx/81gtdl5nvvasmEjUDp//o0zOV97Tdgw3h6GYXyd1MfUbVT5pj/kRtdVqDCpTGqcc7Sv67qS66ZvfLXqZXJe8A6Fz30s1behI/tV7lmiju700gHnauL4v6l77Su05PK3afiZDzf6GX3AP/fK1eTu60bFVlKqlRwn007CbMdRUcWWXbnqZNqRVmvTSrsyrGFln14s6UEd0ZH+0HiHrNHGFdF+YaYdJ7edqN/mO22V3vXuzQp37tRXdu7U739zjf72BqP3qfNJt1N3XL/185/WbynHK16ut1wrhYOH9Xcfl6QX6tP/co1uDkPpmb268nefkjSoo4Ohbl5pvvA6ffqBa3RTGEp79+qq9+6WtFu79lylm9Yd0//6s35J6/Xn975Mr18hheGU/vUDX9VvP/yI7t+7Qb9ytdUPcz6d5PzzKledpvOVzG/0erPSs1U7s6lc7Vy6WeUlG+LHee3E05m+7JWZaKPdvOsit3I1732TOa7VXBuVq441jvH703jDLWTlqmO+XKnNOQ3ntZte89f8vWFWrubOg31a5nHNHYzK1VQ7kvzalMaOfk+BXzX2a125Gj2fHuf0QMymcjWvnei4AAAsNsJVADgH40e/otrkyTk/7vCxQ6pNTRrVL5LTs0GlG39XXkd3bvCXF6w6ja9yFwWr9epUt1EkmPcRxa5enZuPMVFot3DhYqOmyMmGpunlFBTv18y5jIMZMM5nUN1uO9G+9araMHebFF1TScAaB6bG9iAIFISBnNCRfMV9cV037l/0mihkDdf8iNyZMwqPfsE8GZ058IzWXP0iud5crpMbanjfJ7X2xb+v8rLrVBnZna7AMwOsOBBKKsTSAU4jyIgqqjL7RTlBtF+rdowxD632jAq16DzS/bHaqR+pcbz8dpK9HGPWw7h9yZF2P6ktv/WY9YqbdP+Xr9fN1iUWFabFj1depl/7Lzv1lX+QvrLtoB77P71JK6nAzajAK0yE6n7sPa/Xh3+4q77fys36m3/ZVH/10BG96xe+q6+m+pOuXH3N71ymm6L5unq1/oekP4n2OzXZeG2/fvuXPq/fttr90yeH9KtXr7AHLn8+c+Zb1jzmXj+p5435yhwn3U4yXdnrxi0vUffyK+SUuqKRT65T2f1pDL+dsGWC0Gi+rPPP9MfYnnfeRQFr3H468bP7memVUcmZN77m+zR9l3o757SObO8Y98eaB+u8HGOcUrmifX4t2o3n3X5ZqpIze96F8bXdIeO6Mi5bhX5FY8ceVehXkhPOaye+TpN+RvOR+3subseeB+s4mflKf3MAAIDFRrgKAG2qTZ/R2OEvqmUCcJamRgY1ceaEEYpIKvWq9KL3yC31zCpYdT03vnmVGYzaFauOk6yvmscM5uY2EA3jz6cLoX4OzULG6EPwwnw9v1ngWQ8156of0Xm1wzEqiHK2xtdPoDBMQlMztHMcR6EfxtdhFKRG2+tLNdR/ZLwmuPTNcqdPKDzz/bi9WmVKI8f2a8XmK9s8n3zVsQOa6P+Wlmx5q8488ccKAz8+77jSyqykiirBiirwjMfnV+XqKR0ZlG5eoey8Do7rEUnSJm1cF8qJ/73ojI6ciSo+i37P2e1E/U5feaGkm9/2Gv3uP3xV/1tP6M1/uVE/FvU+dT5h6nzqNugvPvFK/dQKY6DieYjOZ0pf/ON/1W99p6CXqeNJN63tVKoyzthv4PRQwblmzjo7DKEdoBnjE19XC1u56rqeyss2q6NnndVhKlepXLXev9H7wQxWg5pGjz2ioDZl/qJKX89K/36ScR1Fz6fHOT0QVK4CAJ7vCFcBoE2j+z+jsLHu2FypVaY1dHhf5nnv6l+W27UuVRkYyQtWXTe5eZVZLWiuexndCb6IucZqUt2ZDija58hx5jaUbtpay0C4eP1YMyicm74UH8esojVDC9/35Qe+qk5NklQNqpr2KzJvuuWHvmphzWxJHU4pXhZCkjrckspeWZ5Tr/505arTLafW3U33sxEXFNzcy3UdBYGr6LKMKlijv4dhKNdxFThB6rqLztH3/dQ5OzKqrK/8JQVj+xRWRuL2JodOq9y3VL0r1xaOYTtGn/uMul9xj3rW/bAm+7+uVGWcXUkVV6A9TypXX7hed0napiP6l8endPurujPtPPLlf9eDkqTV2rTKUbhyXfya3/zKgN74M6vr533dC3XowRukMNSpb3xDL3v/UcURqnVZO0ZgmWxerV/7sxfpf//3J6Rdx/SVqPepwC0Zt3QilB7P5HF9HAf+/dE4WP0fH3yz3nWNpD3PNJYFUDwu9vGijpoVdqvXrpDUL+lafepzV9crXOsdLQ50iuYzZ75lzeN8Vq6We9eovHSzXK/DCvYa42f8SeVqKhe0OhAfOL2jeRmZ82Cd1/O1cjUMaho7/oiC6mRq3FXUjrndeJ9QuQoAuNARrgJAG2aGdmvq9MNzeswwCDR4cG/jLurJBwZ39ctVWvOKVCgVb2uEpXawKilVKWgGq1GoGle35Hw4SVerRn+GqefOXbqNxWSPgdmn5NyTcZ2LPucdx/d9+X5NM2FFvnz5QaDp2rSmKtMar0xoyB9Vh1vSaHVMA9ODqgVJmFoJqprxZxQqVC2sqeyW1Vvqkbm0RG9Hj1Z0LleP1y1JKjmeVpZXaElnn9b1rpFbcJ/LvL4mobNSAX4UlrquK9/3k+fVCFEbhwmCQL61prDrugoaH8idjiXS1b8m/6kPSka4O3L0oMo9veromrv1V4PamEYPPqBll79JUwPfVVgbT1damZVUxvvg+VG5ukZv/YPN2va+w3rwfZ/SphM/qSM/uyYJVu/7uO64t77rj//+Fbo5DOVojd7ye5dq2/uPSvd+SZeFr9WhrauNdgb0mfcfjXqY+iPpdzpvjTdfu0X/761P6L/uNHqfOp8wdT72EbLzUL8Gj5w8Ud/tFS/TW66pb3j0yaescbSPZ1TGmfut69FrJH1Ve/R339qkv/7PXQrDQf3dW76tP5X0O/f81Hm/5qpb6lbXsi1yy0ut6y99/lSuUrma2iF6P4SSAl9jxx+RPzMeB6GzrShNfg8qfj49zumBoHIVAPB8R7gKAGcpDH0N7/1Ek08r7Rk+fkjV6clUIuH0bFDpunenQqvoQ2n01X67IlVSqlrR3J6cQ/LhvLhaM/8Ei6oY2+NKSs6pXXYY3N4xkvA67xyT59w5GIN6f/3AVyWoaKo2JT8MNFWZ1uT0lM5UBzUeTGqyNqWhmWGNVsc0WhnTmekh9ZZ6NFGb1HBlVH7gy56nWuBryp9WX0dv/MHaaUSsHW5ZS8tL1NNYc9FzPK3oXK4bV12nVd0r1OHO/v8W1K9F44xyAupo3VXHceS5XhywhkFoHCOU53mKYlbPeF5Lr5Oz+U0KD382Oa4CDR7apzVXXC/Xm7v/GzNx9GvqWfsK9W16g8b23/e8qlz98h9t16Y/yjmpX369jvzsGq191au1o/9juv0jku79V226N2ffX3qdPnJbdxxYrHvVq3T/yU/oTfdK+uiXddlHCwbunet1syQ74civXJXk9OgNv3GrPr9z55xWrr74xhskPSl957u69Y3fzXTz/2fvXYPkOs87v997Tt+mp3vuMwAGGBAEQYIgSPEmSpQskRDXsr1eS7a8kqxEK+/GWylvzFSyqcrWftn9kKpUNluVbKUqkbWfUolsZ7O0s5K9pqQVJZKiKEo2JFG8gCAJkiCGAAZzv/TM9O2c8+bD6dPnPZfu6ZlpkBTx/FhTPdPnOe/1VQp7JwAAIABJREFUnAbPv//v8+7GuapHD/OH/+BnfO9P4Xv/5glu+zfGaR+5j8/dluhu5/lMmW9i89hP56qdHSBXniFTHEsR3Ew9qzV+xqs4VyO6YKwB7YKjgeZlZMzDL7tzFTwqcy/4wmrK5504VwVBEAQhioirgiAIu2Tr8vdxqv3dxGp7ZZHqyiKmyxB7gOyd/ww7k00VVi3LIpPJkMlk2ptXKaXaZcTdqoEQGzyMKEVEcO0VX4TcWVwM4sJXUxQBX1T1EvGxUtqx4cNUvFzLKIOuMUE+06BMs+7weHf20nf/PI2nPVw8mp5DrVljs77FfGOJXyy/zGZjk7ntebadGlWnxmZzk21nm7rb8DeFQmEpC1f7MqStfHHd9VzDJRVSaVRotpytGWVjW34qAE97rR9N1sowMTDOhyfviYhFphBljqnZ//i1o7XGdb3I3wFmrlXP83CVGznmeR62sVGV57o4nofreXgH/i7W+uuo9Zfbx916jbV33mLsWNw+uB80axf+jKn7/wXVhR/S3Hwn4gx7fztXu3YLgHv/s3/IO79+kX/8hWdaKQACZvg/HvsUnx01HWL+631f+gqXfm+BP/61/8S/jpf7B7/Gpd+bTPQnbHdUgNTmgfGj/I//fJYn/vUVIC4oRwXBeAmdnKv65G385L9f5sH/peVg5TR//pdHufw/fZv/7m/m+OuXqvzWQ/HyDGdcu3l+/+/+3c/wo6mz/Mq/uRae8pH7ePafTzOV7G50PiN6lTE+pgOvHdfqb1hAzKHYm3MVZZEfmiE3eCDqHExcf9H+i3NVnKuRAK3RSlOZexmntha9LszPQeNvca4KgiAIAii9X7uQIAjCDYRTW2b+7L9Eu7W+ldmsVVl64xWIiXb2qf+a7IGPA2H+yoBsNotlWeRyRr5MQ1wNhKpsNgsQEVh9kXVvjyOWZbdE3k4Co2o90Pbi7AxjTREyyPXq7x6/8z9RoeM0PbazGJysv5twvLOo3H0DKNf1WKmv8c7WFV5ZfZ031i+yVFuh0qwwtzXfFk1jJbZF0X7jaY+CnecThz7KP73jD8nlsl1dQL2I6oHAGlyv/t9hv4LNqxzXwXVcHMeJjJfrur746ji4rbQBWmt0cwvr3P+AaqxE6isfmqE0cXCPI5DO6Mk/IFc+wuq5/zUiCEQe+FME1oSA40eQ7hzsIBRF6jHYSXDrsZ5QcNtfPWmCx071RAWlmLASE9y61dMWVqLKTKrgll5PUgjrLLgllMEOAlcv9cTHJ1pPdBx7qyeowC6MUxg+hgqc3B0Ft7iMGbuezS8EIuMIyTdM0uYhJlwmhLSU+6abwJoqaHZ2rpqBuxFYk87VlP7GA1ME1sh8xsd5nwJrUrhM/NIK78G5mtKgrcXXqG9cTp+vTp+DXQTWsJrYdbhLgTX1vlEKlSmQO/WPGTn1BU6ePNmpl4IgCIKQysbGBgDPP//8ns6/9957AXGuCoIg7Ir1Nx9DO/0TVj3PZW32DcCL2LysyQexxh9oCYyhCBI4VgPXajuvqgpTAQQCapA2wBTM/L/T29JdPFNt8WOnmHh50dfQjWY6cTsLm2Zu2LTyPEJXrGrVG8Z3Lztav/narV+diS6T912amvnqIi+snuPV1Qu8vvYmi9Vlam4d1ws3oFKo9iZT7xYKxVBuiI9M3U8u54vwUZdxK07RnvedBFZzTgMCoT+4ltv1qzAncHvzq5S8wgB2vgy3/iGc/58jD+yVa5fJDZTIFUu7H4AOrL/5GAcf/Nfkx+6jvvwzwuf7FEHhfeFcjQtooQDRqZ7Owiq7qichrAblpNQTFzxNgaWbczXphEwRqjoJq8Tric9DioDbTUBSSeFxJ0fpdXOuArnSAbKDh7AyheiBiMAtztVehVWzmmQDjHakCr1Rwf6X1bla35ijvnE50h9xrgqCIAjCzoi4KgiC0CO11fNUF5K5/PbDxtVZnEadiLJaOIC6+R+CigpN5uZUQSoAy/aF1XCpvwo3tzJzsLadq2GsSa9L/Tu7OhXtR7EugmX4UK0jfwduVRIbKmnjYSxad+h0DYTAoF5FfAn73nOkhsJqt76b9TuOw8rWKq9vX+RH184yt32NpdoKm41Nam7dX+LffigM5+3dxNMeA5kBbh0+zj2jp7v0MRz/uLs4PT6IVe3l/gnBNfgiwArn37ZtHMdJCLCWZWEFYzN8G970b6KvfCsSs3b5LSb6mH/Va26ycfEbDB37+9RXX0B5TuuB30xrYQg3xly+2zlXO7cnvR661MMu6iG137SUlPR62jqKcTza/97q6ZRztfd64vMQ1sOu+h10NxSeutcTn4doPbvJuZodmCQ3NIOyssaVG1QQn4dOztVWv4xXybka0QVjDYjeJ8n2ROf7lzHnqlPfZGvx1XZ/MPsTv0871WMeN4RPybkqCIIgfNARcVUQBKEHtOey9trX6fB4sieceo3q+nL0TStH9o5/CrmoEy8Qq2zbbgurwfumsBrPrRo93lnE21l8TDoSzbb5h5IiqumEDMrxn5GSQqxq5RAFWpsghXFmefE6wnaFdfgOnm5u2KjIu5d+B20I6mo06lyqXOFvVn7OC4svs1hfZrW2hqNdXO0mynkvHwoViqmBCR48cD/DhXKkTcn+BnMVdwun5esN005oHeZTjdcdiP+u54JOulot2249vPtt8jwP7Xnow78DG69D5Y12rNtssLU8T3lqej9DEmHz8vcYnD7D4PSvs/nO423nlCl4iHM16oxr30rtezpaj07UQ7seca725lzNFEbIDc1gZQbNnhJtQNBss91mv814ca6Kc7V13HXYnHsRtJfojzhXBUEQBGFndr+TiSAIwg3I5pXv4VSv7Ry4CzbmZiMCqFKKzIkvo4q+SGQKh3Fh1VxSDb4TMHCnmukATOfq7tn5kSXu2gzOCUVT831t9Ckab4qqQa5VM84sL73ssA1+m7xYTNgnU+jt0rPE73ExNBBWXdfl4sYsj1/+Hv/3hX/Pt2e/xytrr3F16xpVt4bT2lQqPifvFZ72KGQKnBg6zj1jd7avDTMVQHSOzHFN/m6iFNi2lbiuw+MqssmabdmRLwLMGDMFRtu9qmzc43+Iyg5Gyt9ansdtNvo4Spq1C39KcfrTZAqj+E4uU9Iwv0Bo/d22YEX/bjtJgy7Q/iUsB8MplnadBUIRYTvCuHg9qmM9EOoeietQqXb9O9UTxulEPXSoRyXqMfqve68nOQ9E223WQ7ye+DzoSL/b45haT2wezPmJjbMOi42OT5d6wrh4PQorP0xx8k4KY7djZQeJVBhOYKQe88uJaL/NeGNcA+EqMV+RYehYb3QezPmKnm86VyPz0Onfm9h1RaQe43D8tPg4x+YbY9y1WXyiGen3SbI9ROpRkZZFxyMxnGZ5XeuNzo/5uYHR36D/kXmId8soV2uPzfkX8Zxa8v40rwvzczClnvb1bFxw5n0SHefoQJjzoOP1mPdNrJ73+t9TQRAEQQgQ56ogCMIOeM0tNi7+ZXctbpdsry3T2N6MvKcGZ7AmP4kOXCJaowwhKs2NCklhdbeu1XQCdyd07rhq/Ziuw2hs8KAUuGlSS1HhMv7oY2fw1Bj/vZvDJ5r3NHosHJNenLrx381yg7GpNCu8sHiOH177CedWX2WhuoTreWQsu50D93rgaX+5fc7OYSsLV7u4u0h9MF08wMcO3s9Ucbz9XjjX5liTcpyO10VUSAXTkBr/QsDzPN+92tq0KjgeF9DjSz9VbgRv+nexZv800riNuXcYnbml5zHYifrKeWrLL1Cc/g02Lv67rk5GAHGuGuWk1KMT9dCuR5yrKc5VIDd4gOzgAazMAJHhif4S/bvdbLPdZr/NeHGuinNVU118jeb2WqR/Zn/EuSoIgiAIOyPOVUEQhB3YvPIUnrON7tN/rutQWbicqEed/G/xsNvCKviCVJBDNe7uM3/SHKumsLo3NJ0fyYLyOz6yETg7g7KSD61B23yxM03wDITXfrhTgjJ0S5jcPcE5fr/mtud56sqz/NWl7/Cja3/L1a15tNZkrOuzMZXWGk97eNqjmBlgevAgNw8dZXJggqyV7alPWmuKmSK3jdzC6dHbDbGzl/HVHX7v0FYvFEnjbtT06zS81s04U2wN4jjwMBQPR+qsb65T21zv232q0WxcepzC5EexMmXjejccW4bwK85Vo5yUelSiHqP/uvd6bgTnamZgnNKBe8gNH/OFVaMfRgej8xerJ+y/OFfDeTAnJuy/Ob7Jf2rS75Nke4jU88viXHVqq9Qqc8b1Fbs/zevCuH5Jqad9PRsXnHmfRMc5OhDiXBUEQRB+2RHnqiAIQhc8t07l8hN9LXNzaQ7tedGHqdItkB/3c43iPziomBvV3KBKWf5r3NVqEggWcadrb6SLoQF+cboHQa8XQS5ejjbeDx+2upexM9Gl7ntHKZjbXuA7s0/x5JVnWKgu4WmPrNX/f1K1DmQ+/xl0MFPk4OAUN5VnGM2NsO1UubD+Fl4rTnV8hPbxtMdN5SPcO3EXY/mRSJ/8+qAfYwS0N7Pyyzfz3NJ+z3SsmsfD9BCBqBwtB8A79o+wzv+rSHsrC1fIFUuoPaXBSNLYeIv6+gWKBx9i852/JpQ0wvtLnKvRekLHZLQenaiH0NG2i3o+qM5V7By54gTZgQlUppDuUIwOZHT+YvWE/RfnajgPkQsv2v92+zo1wGhH5IRYsca4mgHvR+eqdhtsXjsXu750oj/iXBUEQRCEnRHnqiAIQhe2536EV1/3HwD68OPUalRXl6KV2EU49c9CMSomrEYEJWOdtaX8nJVBDNB+jbv94n/vl17K62eMKXDsvS/7Hw9Pe1Qam3z/8jN8Z/Z7zG3N42mv7ykAApeqq10UULQLHB48xMemPsznbvp7PHToQUrZQa5uX+Pq1hw1t7ZjGzztkbdz3D5ygjtGT2JZ4SPp9bheQmE1fM8UWU3x1bIsLDu6GVu0DOXfF8a9YJWPw9QnInW6jTrbK4t9u1/RUHn7cQYOPoxl5wmlgqg4DDFnnPG3OFdV5HDCGRcbx53q+aA5VzOFEQbGbqN04F5y5SOoTCFRT/v6iA5kdP5i9USchZF+m/HiXL2Rnaub115Ge83Y9RW7P83rwrh+Samnfd8YF5x5n0THOToQ4lwVBEEQftkR56ogCEIHtOdQmf0Opii3Xyrzl42Hrha3/CO0Cj+OA4EpzZXqi0x+XNytGneo+uKsL7i5rhcR0/pBRPi6zphCn+fp1L700p62W0pDVDjauRytNdVmjZ8s/Jy/vPgtVuvrWH1KWWDWodFtwbaULTE1MMGJ4Zt5cOo+Tg7cwlJ9lZ+s/JRvzX6PlfoatsrsmIpAa43jOdw6fJy7x08zWRjrGBe+qsTzfmJ5fg/Ytt0Sa6NfDpiimm3b/jEbPNeLXMvB/RBph+fheh7u9OfJLP8c3O32se3lBQpDI9jZXE/t24nayks0t6+Rn/wo1WvPYAr9EQdewrGV7lDcm3PVjPPr0TvVE3eGGfWoTvXQuZ5ACUk44+JOwA716LCi9ku7vkh7utfzQXCuWiqDXRgjNziFyhZj10U47qbsGBme6C/Rv2MniHNVnKtp47O9/CZObS36+WP0z+zP+925yi7yjQuCIAjC9ULEVUEQhA5sL/wUpzrft/Kq6ys0a1tRC0luFDV6f/tB07IsFLQFJ1NUCkQm27bJ2JmI8BoXWk1hFYj83i86iZzXC8/T2LaFbafX2U0wDWP8Bza/3elxaf3SWuO4LpdXrvKnF/6c1doa/coFG7aL1sZULrbKcPPQTTwweS/3TtzJ4eIh8naOl1Zf5f967d9xqfIOaMha2Z5cs652Kdh5PjJ1H3eOnUqIlQFB3zsdN2N26otZhmVZCWE1bXMrPNBKp8YFZZjlYBdwp38b+/K/C+vHo7JwlZHDxzq2cbdULn2b0Vt/j+q1HxKoAaY4HBGMAkdV4FiLH29b3YKXwBkWCAvJ9AnsoZ7AUWbWQ0/1RI/H253aHtLaEysnGDmjHvZQTzIuVs6O9QR6TazdO9YTi2vVE87HTvWAZeXJFMfJDh5CWXZMeOrQnnY9caEyLkhGr6tIOeZ8hFew3y/j1ex3opod6k3OQ7TeyPhE6lGR9iSID0CneuKtUuG8Rdtj3j9p919c54yVHA9Usbfb7QmETdUqJX5fxOpLVBwbeKM/pF4X4XyH/U65LwC3XqG+dqk9ThEBPlFPbL7M8WvHxe9joz3GfETui46fG93qiR9vlePUk9eNIAiCILzLiLgqCIKQgtYeldlv9a08z3XZXJyLvWvByf+mnU8yk/E/ks08qwERN6uKOlrjAp8vzF7/rC/vRh0Bfp+6C5ndBNMwZuc2p/VLa83C9hJ/9s5/4M31txmwC30TVgOqbg2AI6VpPnvsN/j42IeZHBjHtm3eXp3lG1e/zZOXf4irXTIq08672wuOdnlw6sPcN3kXw/lyx7id5rSXeYBQCO9Wjl+fHRH4AuE0LryCPwcRYbWFnnoYvfxDVDXcJK6xtUF9a4P84NCObe2F6uJPGT7+u4w/8L9F2isIgiC895w7d+69boIgCIJwgyPiqiAIQgrVxZ/T2Hi7b+VtLc/7m1iZ4t/gMXR+OhLXaXMqCN2stt15Cfi7Jay+n/Ba49rNTRmkRegkiPrCne4YM19b5LtXn+b5xRfJqv7906m1xtFOe6OpTx85w71Dd3J0+DCl/CBrjQ1+du0Fnr76HC8uv9JytXZPARDH8RzK2UE+PvZhbi4e3XM7dxJM/aX/uvVFQDiGnVJSBAJq4FoNXs1ygms9eK9TGe7Mf07m9f8F02G2uTBH9uhgfza30i4bb/9Hxu74L3EcZ//lCYIgCIIgCILwgUHEVUEQhBQ23v7rvpXlOk2q68tRU6VdQB3/Crq1pDtwqgauVYgurw5E1bQ0AMGruZzb8/y8ld0Ew+tJL2Jcv+ilb72kL+gU02w2eWf1Kj+e/ykbzU3y1v5zeXraw/VcUIoDxSk+c9Ovc9fgSY6MHWYwU0S7Hr9YPMczCz/hhaWXWKqu0PQcbGXvei4dz+FThz/BXVOnGMwX99zmXsYwzUltWap9PcTjgms8njs4uL4Dp2qaoGkp1VoyCtbIbTDxICz/uH3cdRrUKqsMDI/voped2br2HMO3fB6VGRL3qiAIgiAIgiAIbURcFQRBiFFbeYXGxlt9K6+6ukRiufrwh/DyhwCwjTQAgTgaCqatY7b/miasxn8C159//rsrqprsp27P83OzdRMSAwF5r27UIEZr3TVdwLpT4dXKG1yqvIPF/vOsOp6DRjMxMM79k3dz78Rd3D12mtHsENlslvVGhbPzv+Cpq8/y2vobVBqbQG8icrxvDa/J5MAE941+iInCeKSfvfTdj+k+l4Fo2ilGKYXreqm5WIP60/KxetpD6egXCMH5rnGNozVojXv4d7HWfgGt9AoA1bUVCkNj/flyQXtULn2Lkdu+LO5VQRAEQRAEQRDaiLgqCIIQY+Ptv47vaLFnPNeltrEakVZ1dgh94NdA2diWhdUSTc0fIOJWDXalj8cEvwcCYi9i2LvBfsWsXk7vpY79xjSaTd5avcTZpeepOjXy9t5dq4FbdWJgnLvH7+Se8dOcHD7BodKBVg5XuLB+kZ/M/4yzC8/zdmWWmltHsXfnsatdfm3mDCdHT1DI5BPHexuf/R0H/3r0PNPZqlsCenJTpfZ7urXRjxf2Py7Mgn+PeVqjM2W8yTPY177TjvGaDRqVdfLl4Z0b2QObl59k6PjvoFRB3KuCIAiCIAiCIAAirgqCIERobFyktvxS38qrri/T3sG5hR57AAaPtoXTtByq7c2rrO6bV0HUvfpBEXz6IZz6Y5J+LG05ehprjXVeW3+DtzYukbEyWGr3aQ487eFql+HcMCeGb+ZDY3dw38Rd3FQ+woBdwLIsGs0Gr2y8zhPvPMPLK+dZqi3jeO6e6gv652mPW4aO8fGpjzA+MJpwqL4b4nTgQPav33DMw12yw/cSzmsPPLyIsGrGe56H53loQheunnwEe/Ep8MLdo6vry+RKQ31xr2qvSWX2PzF08+dwXXff5QmCIAiCIAiC8MuPiKuCIAgGG28/3reytOdR21jFVFa1XYCxByKiafuYIYzGhdXgeD+chpE29snp2qtYuRO9pAMI2rxT3E4EZXRui8fV7Xler7zFVnOLvJ10fnZtY2tzpYyyOTlygtPDt/PRg/dxfOgmytlBbNvG8zw261v8ZP5nfG/uGc6tvEZ9n27VoO5CpsBvHH2Eo6VpcnZ2T+XAznORFhPMkb/BVOiyDnOv6sQmVe3NqVw3cSxIFWC+1xZUjVhtD+KO/Qr20lPtOKdRp1ndIlcs7XoM0qjMfpehY78F3FgbxwmCIAiCIAjCB5V77713X+eLuCoIgtDCc6psLz3fFsX2S3VjFW3kkgRg/BOowZv9zXhaxN2maZtWpcWaTj+t/aXWwWHTFRjEptXVKpV4Tth4nOrSXv+9sN5ucd3KCZaL79QWs807OXW7j1+nsn3qboPLm1e5vHW1ax2JlhnC6sHiFDOlw/z6zKc4VbqVseIImYz/T6/juazV1jm39Cr//uI3ma1cAdizW7VdPxqF4vbRE3zswAMM5oqpruZuY+P/HcSlHw9iOs25n0816qjWOsiF60VyvgZO1DAueU94npfIzxrkWw3qsCwLNf0bsPxD0GFe1O21JbLFwS6j1jva2aK2/BL58XujbREEQRAEQRAE4YZExFVBEIQW1cXn0U5958Ae0FpT3ViJKk/KRg+f9gWgmGsVUkTVmGHQTAtgbnwVLH83Nwxq56NsbegUFa2CgnVHAVe3Baugbozzo+UGOV/jZZhxwWvaOPnCmsa2k25N0wEZxoVtDja1iovKZplxwc/sfxBntjE4v+JscXFzlrmteVR8MlIwXZwDdoGpgUk+PXOGBybv4UjpIFkr245ztMtybZW/XXiexy89wYW1i+Tt3L6dv0H/hvNDfPrwGQ4WJttibVrfzXZ3m9NO85kmvMbPN68nf35oj1O3NBfhOWEO4oDIknzlz05wXKshvPGPYy3/sB3i1Gs0q1WyhYHeB7MLW3M/ZmDyfhFXBUEQBEEQBEEQcVUQBCFg69qPoU+u1cbmOrhuRJJzpz6NNXI6dXd2pVS4eZVlYWfs9iZWZkyaGBq6A6NlmoJmKIaZ5aWnJDDPSxNEzePd3I/xctLcs6FYHG2n6XQMhEB/jKKCX7ixlzkeVts1GS8z2t5o3fE+LVWXubo9T82t77iRVeBWtZXNeGGMB6bu5e8efYQT5ZsTfW+4TS5vzfHstb/h8UtPML+9mLrZ1G4J8qyWcyUeOvgxPjZyH7lMKOiam6DFlfv4nKbNVdp8+uJiVLANhe+ksB44V9Mw3alxPO2hPd2OCVyuyrL8xfnGlweu1uiDvw7LP0IRip+19WWyhcO9DeYOVJd+gXarKJX7wOQ5FgRBEARBEARhb4i4KgiCALj1dapLL/SlLK011fWVxPv26N2+y64lkgYopchkMliW1X6NY54Td60GmEKoHx8KXLZt4bqeIVwmN3uKx6ZtCBUvN+5IDcQz27bartFkTCBGqbYIGrhMbTvIu+m13Y+eR/t4WnuDXedbpUfEPbNM0+2aVr/52mw6LG2vsN7YSMxFGp72yNpZTo3eym/O/CqfnHqQfD4pyDqOy6XKZf7Dpcf5/uVn0Fr3RVgFPx2AbdmcGD7O547/PYZKQwDteQ/GKW1Og7ENYttltsRtf+O15HxGr9XweDD/ALatIvNpWX6uWb8uK5Iz1bKstis1cp944FkexIyiZj5i3UoRAODaw+jh+8mun23HNqtbOPUamXxhT+Nrot0a2/NnKR76pGxsJQiCIAiCIAg3OCKuCoIgAFtzz4HXH5GksbWJ5zpRO+XkQ6jS0fbO5q7rJkTWtmgaE0nThNXwHFMwTF/uDlHRzBQfd4o1MYW1Ts7WYJOptFizT/Hf4zGm69QX95LtSW9DUmxOiovJ+pPnOMxWLjO3NZ+o18T1/HmcKR/mYwc+zKcOf4Jj5Rkyyk7ENpsOP19+kW9c+hY/W3hxX5tWpbZFexwsTvF3jnySA4WJRJ+6zakpvpv4zes+n/FrLxDw09IteF7oes1k7Nb8htdM8HtcdNVoMG7PdgoArdsbg8VFTmfy02QrPwdtuFc3VilNHOppPHdi88ozlA4/jOM4OwcLgiAIgiAIgvCBRcRVQRAEYOvac/QjJYDWmtrGavL9iYdBZSNLs8Ol7mE6gKCMqCPVisQH58cdmSGhmGYKYul5VNNjzXJNETZ0mVqtY17H5eHxNAS95Ec1xzF0WUbLMYW7tD6FbfLLNMXFcPOvsJ2BwGf2eZsa12qLbDY3sTtsMOV6LoVMnrsnTvPIgU9yx+hJxgdHyVrJf1q3t7c5u/wC37ryPV5ZeQ2tPSwrKcDulabnMJof5oGJe7l/5ENkjPyk0VQLYX7eeG7UtFQPZlqGeJqFYJyj8cmcreG4h983xMVU/9zo35H3DNE8nnfY3CDLbaUMALCKh3BKd5KpvNg+t7G9idusY2e7p3nohfrqedz6GsoalNQAgiAIgiAIgnADI+KqIAg3PM3teerrb/alLKdRx202iOS0HL0Pa2CylZczFIcCh55t21GRqrXvkCmomrlW4yJrN9HS3FQoaJOpxZriphkbdXfSPtfMZRrUb7623u1QTrL+ZM7VqGCXtqFWWs7X7mUmxUW/LJXoT8CWs82ms4mrXTIq/KcyyGva1A4nho7xiUMP8sDUPRwrzVDMDKSmdKhWa/zVO9/l6WvPcWnzHRzPaW8y1Q887ZGzstw9fppPz5xhrDiScA+b42KK5UGf0jaX6hQXLy86R9G0DOa4pwxNQmQNxfKkWGlubBWkDwhEVRNzDtypT5OpvBQ5XtusUBwd7zCau2Nz7jnKR39D3KuCIAiCIAiCcAPTv6c7QRBrPfU7AAAgAElEQVSEX1I2r/zQFzT78NPY3mwtjQ9/mPkCWmXb9QViafATuFfN46bwajpXzeNmvP8adQZC1A0YLtkn5dykk9DzjGXZHXZ4jx+P/q7a4lfgJjTLMf9OuhiDuFAsTltCntauTmX6r6YQF4qK5vmep6k0t6i69cRYetpDo7l/8m5+86ZP88jhT3Dr8HFKucGEsKq1ptls8sz8j/ne1Wd4uzJL0232NR2Apz087XHL0DF+5dBHuXlopr3pU+exAn+pfzh2kTK9wNWaHpdWXlhEUiwNBO206zZ4P96O+Jz4JSss20rcO+FxsGLzaZePQ+nmyP3oVDfRnu7L/b555ZlUQV0QBEEQBEEQhBsHca4KgnBDo7XH1tUf0q+UAM3tSvRNZePZQ+DphJBkOlIjLk8FlrISoqpZjy840i7L83Rb4AqWX5tuVXNJNvi5LwPxzHcihsvlw9gwzhQuo81Jc46G9QRiW7DRldYe1WqNzc1NatUquVyOqQMH2oJg2N/kkvGoQzFar3nMFPrMdoRuzlB4TBM5Xddlo7FBza1Fxhw0Q7kyH566h79z6JMcH7mJ0fwImZTl/Z7nsVXd5vvXfsh3Lj/JO1tX8LSH3cdUAACO53K0fJiHpj/GPWOnyVlZQ9D0xctg/65gHvx0DbTHINpunRrnnx91MceHLpi3wBEcCOKZjL2DmBzOSeJIZF4VtmXjaX9jq7jYS+t+8jyvfTcrpWiOPURu62LYR9fBqVfJFga6tKk3mpVL1Dfexi4e6dgHQRAEQRAEQRA+2Ii4KgjCDU197Q2c6kJfymrWtn1HnJESwBu6KyL0dBL0IiISCmWFsXGBycwb2t0AGU8LEK3PFMvC/KYYYmi03aFjMZo/cyfMqj1Ps7KywuzsLOtrawwNDzM0PEyxWEzk5OxUVuhCTF8+3rkdyX6l4ThNVmtrbDtVv83aw1IWE4VxHjzwYX718MMcLx0ll812nMuNeoXnrp3lP1x6vLUpluprKgAAx3MYzg/x8QMf4SMT9zGSG26NT3TTqXBpftC+9M2tgrbvH90WafdaT1xMD65Bz/OwsPBUUshUrQvDVgrXddH4IrdTuoucyoIOl+43tjf7Iq6CvxneyK1fEnFVEARBEARBEG5QZC2bIAg3NFvXfty3sprVLV9Xbf9YeMf+oH08bSmzubFQEGPbNrYVuv0SDr0W6W5RU6AMl9MH7/milxmbFL9C1ysJcTbqSg1fO6UFCFy2SoW7xG9tbbGwsMD8wgJLS0tUKpVEH8zxMdMT+OVYxpiknRNvo7+03Uwr4M9FujDqeh7z20tsNjbRWpOzctwydDO/NvMp/v7xv8fJkeMdhVXXdVndXudv5p/nsUt/xWzlir+cvU9pAAI87aGUxf2TH+Lhgx9jpnSoLTjH+2WmVPD7n+yz50VjzM3I4nlv0+Y8KCcQsMNyrMQ4ma7W9vJ920osrzfd3UE5ptM7HtuOaaXSCOpSVgZn6I7IvdmsbfVJSIbt+b/t+YsGQRAEQRAEQRA+eIhzVRCEGxbtOWxd/VG6QrfrsjyatSqma1Xnp0D5y8BNgcgUjEIRM8y9mibCmgTCUXTJfHSJfHxzoCB1gLl5kSnEmUJTILIFAptZfripkRURhePibpAGIGinKR7ncjmyWT8HbbPZZGNjg6mpqUje2fYY6qiwmxTgwjYH/Ym7X5MbHnXOeaq1JmNn2GhWqDo1BjID3DZ8C78+8ykeOHAP44XR1PP8NnisbK/xs4UX+I9Xv8vFyiwFO98xfi9orfHw3ZsnR27hU9OfYKZ8GMuyU0VVX1QO0yB06rs5RmZM4Gg2N8cKr5+g36HQnpYDN62OuEtZKYXrprtR4+kcwr6F905Ae4MrQ4C1LIvG8K+Q2TA2ttLQrG6TGygm6twtztY1aivnyQ6fFPeqIAiCIAiCINyAiHNVEIQblu2Fn+M2Nvqyl1Wjto3SOmJcbR78nXZdnTa9MQUoK8W9B6SKSLYddfBFxc2o49WyVMuZ6LWdpL5TMJlvMy6sBuWYoloQE7yaGxyZrlHLioq3Wmts26JUKlEqlfx8mM0my8vLid3WQ/Gss7Ca5rjciTRxMXRc6raw7WmPfCbP/ZN384WbP8OZAx/vKqxqrdmsb/GT+Z/xJxf/P86tvHZdhFWNxvFcbh46yj++/cvcP3k3g7mBVGEVfCet6UJOc02bdIoJwtLGOpxj/+/g+gqu0WhZdHSqphG9BpPOVtu2Ez/gf9lhCp320ElUdiR6f1Y3+7WPHVtzz8nGVoIgCIIgCIJwgyJPAoIg3LDUVl7pW1mJlABWFl26HQC7g2sViPxtqaQYFcdPGxB+dMfdq6bTMy6CWpZFJmOnipS9EI8LxLOwb6HIG9SRJsQWi0XK5TLZbJZms8nq6mpEXA1EU9f12g5Hs83msnLTHZvu3Ex3ZMb7ZIqG9UadarPGPRN38oWbP8sDU/dQKHQWSrXWNF2HV9ff4KmFH3F56wp5O9dlJHdPIKwCTA8e5I9O/wGnRm6lkFJPKKyG4mJ6Ogo/Jk1Qj8cEZcYF07C+ziK42aZeibu3w3nyIsfjoqrnealOdMu28YbvjNyjTr2K57q7alcnthdfEHFVEARBEARBEG5QJC2AIAg3LLXlV/qSEsBzXdxGHTMlANmhttKourhWLcvCsi2UFV1q73leW6zpliIgWKodFXb8WNtWO4qLZjm9xpnirokp7Np2kEszbIt/vkehUGBoaIhsNkuj0WB7e5uNjQ1KpcF2HZ7nJVIXxNsRxPTSr177HvDggfs5ODjFyZETHfsb9lvz0up5vnHpW/x88cW+O1YBPDwcz2V68CD/6qP/goOFSXKZ9LyvEBVEzSX8YZsxnMwqtY+mgN2pniAuTQSPtN8LxdeOfdxhSb1rCKHKUlhEBffg1W2VE08z0Rh+kMLyjyLvObVtcsVS13p7wa0u0txewMqNveupAdbW1lhfX2draysyRoIgCO9HlFJks1nK5TIHDhxITQkkCIIgCL9siLgqCMINiduo0KjM9qWsZm078V794Of9/KkpLr9AfMlkMq0Yq72TfHxJv0nwnut62LaVmqMyWVcoLu4UE4/z25nceT7AdT3m5+fxPI/h4WEGBga6inCO47aFOt+9WmJrawvHcVheXubAgQPtekNHbHp7uwlY3foU9i3pag0YLBb5SPY+MpaNUn4/OwmHnudxYf0i3579Pi8vnydnZTu2ay942hdAR/LDfOzgA/zq4Yc4WJjEVukPo57nRa6LTCYZZ6aI6LSxl+d5XccoiDFTAaRv8NW70Bh8uZBMVWBFhVWlsJWNVtrf2EtH3a2WZeF6Xvve84LyBo5AfgLqS+2ymtX+iKsAteVzFKcf6ttGWTvRaDS4dOkSmUyGQqHAgQMHut5/giAIcer1OhsbG0xMTLxrdTqO0653dXWVo0ePUirt73P43frcFQRBEIROiLgqCMINSW3lPOFu8vujWduOWPK0PYgunQR816plWW0nqvmjlIIUUcpMH2BuPmXGBaJVt42Z4sJqN+HFFM5MgVdrjevqiLiotabZdHjjjQu8/voFtNacPn2amZkZ8vlcR5Et3AxLMVgsUiqVgfm2uOo4TmxX+GibTWF1J/E13i+zHFM0TDtuWRYDmUKrPBLHTVbq63x79vv87cLPqbn1tki+V1zPRaOxlEXezjGaH+HOsVN87MCHubV8nNHCMBkr08XNG/Y9EFbjfY8Lq/G+BcIqEBFf064///3kBlbxeUhzz8bj/NzAyYdk0zlrurvjLk1zs7ZMa8M0z3X9n1YO1kbpQ+QaT4X9cBq4ThM7s39RvLbyCqUjZ/ZdTi9UKhVmZ2cZGRlhcHDwXalTEIQPHu/FFzKZTIZMJsPg4CAbGxtcunSJkZERDh8+/K63RRAEQRD6hYirgiDckNRWztEPcdV1mnhOM/Kezo1j2RkspVCQmtexLUZp2rk0obP7Is3RF+ajBFLKCOMDwc88P7qze1Tg8gxhLNyESGuvLaTVajWuXZtnfX0dz/O4cuUK5VKJyamplhgXzYka3yk+b6QGcByHhYUFGo0G+Xy+nRZBa98Z6QuASVejudFSsLWQmZogve/hBk1+PaEuHuatjeZyDccnWrfneXz3naf4+dKLVJ0ait0/pGrtuy9tyxdCC5k8I/kRjpYOc3LkBMdKMxwZPMRkYZyCVWjXEaSDCMdYx8YjFBsDh2kYlxw/Mydu/DoLTcLpMaFwGp+bcAyD1yAdQRATvPpfQCRFVfMnEPuDV41ui6am4B4pu90HX1BulO4lt/JUpB6nXsXO7P9/h6rL594VoSK438bGxigWi9e9PkEQPri81273oaEhCoUCS0tLlEolhoeH39P2CIIgCMJeEXFVEIQbkurSK/1It4pTryckNZUb9x12GEJfbNfz9qZWhrDneV4k91i3XJdp73cSYOPlxAXPNMdh5yV2vqCXzWUZHx9nbm6OWq3G3NwcpVKJUrnM4OBgu4y0cpSCfD7H8PAwxWKR9fV1qtUqa2trDA8P43ke29vbrK+v47ou42NjjE9MdE2Z0E187hQTCnV+m0zhbydc1+XnKy/x7LW/YbG6hKJzTlfwHanxtmWUTT5boGAXGMkNcWjwAEdK0xwtHuFgcYqpgXHK2XIi1UByE7Ok2Nn6rWuMHxYK6/G+dxu/4LqK02nO/WMQisDdbz5TVA0w0wa039fJ6zhwiruGY7UdXziIzo5jNZfb5Tr1GrliuWt7esGpLvl5V7Oj1zXv6rVr19quL0EQhP3wXourALmc//8Dly9fZnBwkEwfvuwSBEEQhHcb+ddLEIQbjn7mW3WbjWhKACuPN3IfaN+P6gGWscQ/kRbA0JhMcShtmbUZs5PwFWBZKuFmNJdPx0kTVqNpCfzj2UyWmZkZFhcWmLt2jWq1yrVr1xgfH6dQyLedpmnl+GKmRaFQoFQabLtf35mdZalYZGtri2q1yubmJkopnGPHGBoeJpfLpba7k7gY32m+m/jaq+AXsNxY5cmrP+Ty5lUc7aaW364HRdbOkrdy5OwcA5kCQ7kyw7kyo/kRDg5MMVWYYLI4weTAOKOZYXJ2rmNbQ8dqJ9E0iO0eY85nos0p11+n8YuKvZ3H0HTYdupbJ9LaEgja/oZcdiJVQNz5Ci3htXw71upz7TjPaXb9ImM31JbPMXDok/supxurq6scPnz4fSGKCIIg9IPBwUG2t7eZm5tjZmbmvW6OIAiCIOwaEVcFQbjhqK28gi977g+tNW6zHn0vfxCndGe4GL1lizQF1YQoov3dz03xFdIFrl7ExQA/zhfQ0uI6OUDjZZjLvs3l4+VymeO33EK90WBxcZHV1VXeeWeWwcFBxsbGUssx68nlcpTLQ8BVPM/j0qwveNdqtbZgViwW8TwXx3XIq3y7LdGl7Ts7VtPGplMe1k4xfpzvhHz62o94fuklNp1tcla2vSlZzsqRtTJkrAx5O0s5W8JSFqXsICP5Ycayo4zmhhkdGGEoV6acLTGeH/XjLH++0lybnea8s7AaXeqfTrpLuRdhNd6mbjFpbep0PK1ss460uMDR6pfvpY6Jee95Q/eAIa4CuM06mVw+Uf5uqS6fY/Dww4l8sP2iVquRz+fF2SUIQl94P31JUyqV2NjYeK+bIQiCIAh7Qv7vXBCEG47q0it92cvKc5xQ5Wuhs8ORpfgKf1MrU+CJY74XzU+Z7lbt1VEYHI/HdRJo4wRiXxCaJtYdPHiQtbU1Njc32dzcZH5+3k8PUCqRy+Ui9dXrdbTWZDIZLMsin88zPDzcToXQbDbJ5bKUy2WKxSKDg4MMDZWZnJwkm8lGlrt3Wl6e1vc4nVzBvcR4WrPeqPDyymsUMwOM5IcpZgYoZPIU7AKl7CCDdpFBu0gpN8jUoL8D86BdpJwrMWoNM5gpkslkYk5lv1/9Ela7uXWDuLjQaR4PBOzdLOGPE3xJEG9TvL5uMXH3cfz+CN3Q6W20lELHvqzwCkfAyoMXfjHiNhpksvsXV2vL5xL97ie1Wq3t0hUEQdgv+/0sqdfrXLp0ieXl5dYXpmVuuukm8vndf57mcrnr9sWUIAiCIFxvRFwVBOGGo7Z8ri/lxFMCAOiBY+ESZKVShZaEKGZFHatpqJSyenFtxuvs5BRMbZeyWiKbThVWlVLk83lmZmZYWVmhVqtRqWwyO/sO4+MTTE9Pt12FQV7Wer3O+Pg4IyMj5HI5xsbGmGjlUy0OFhkZKjNYGmoLtPl8PiEmxTdEirZ551QAaWJcp/Ex47TWaOWx7m7w4NT96Kl7GS+Mk28t9S/YeTIqw6A9QJEBstlsJIeu2fYA06Wclqc2rT2umy6UBwLtfsYnrKc3N2ovwmq8rp3G2KynWxuDGDN3cZBvNV6OudGVp3K4hWns6tvtGNdpdKxjN/h5V+dRmdEdRem9UK/XRVwVBKFv7Oez5OrVq/zgBz+gUqlE3p+YmOChhx5iYmJiV+UF/16ur6/LxlaCIAjCLx0irgqCcEPh51u9RD+sq16zEdnMysuO0hx+AAVhGgDLSghsEApGlmW1d4rvdTOrNLEqLWVAN3HNdEp2ignKSBNWTfFsbGyMmZkZtra2WFpaolKpcPHiRSYmJshms1SrVd566y3efvttqtUqt9xyC/l8nnK5zMjICHfddRe2bVMqlxgoDETK3q0js5NQ162sbsfjMVkry9GBw9xUPNIWueLz4J/sgnax3Cae66JRKO2B9gAFLeEay8KyMrguYNn4WSS6z2dwLCog+q/9EJ479R2SouluY3aaz04u1OD9tGvQ8zyUjo+Hn1bCBWxob27lX88ebvFWMoa4qp0mWnt9ES39vKsPiQNLEIQPLJVKhSeeeIJ6vZ44trS0xOOPP86XvvSlPTlYr8cXU4IgCIJwvRFxVRCEG4rq8ivoPgirWmtcpwmGvKpy49i23XM2V1NoSnOthku0uy/jTxPi4seC8v0NrnQrm0Fn0Sutjk7tBDh8+DAbGxusr6/TbDaZn5/nwoULjI+P89prr3HlypW22FSrVnGazXZqgCNHjrTLMZ2d3frUa7t3KisQ7XZyGJvx2Ww2ERcRDN0G1JahOo+3PIduVCGTh9o6llOHfAmdyYPnofMlnOIYDAzD4BRki2g65OYlKbCGYmjv45PWt16W8O8nptvS/bRruZOzOF6P53loNJ5Oz7UKvrBqKYWnw83cmvlbyPO9SJmu08TORjcS2wu11QsMHj5z3cTVbu5zQRCEd4PnnnsuVVgNqNfr/PjHP+bMmTPvYqsEQRAE4b1DxFVBEG4oasvnEnlS94J2mvg7UYXvObkDeCrfcqP6rtUgz2rgSjXFTnOTq57r7SEVQLc8mWl5NnuhmzjmeR65XI7Dhw+ztrbG7OwsW1tbvPjiiwwMDLC1tYXneZTLZY4dO8axY8cSS/52k9vTdHb22vZ4e80y08qJL99PK6cd5zbQtQX00ptYc6+j1udg4xpUlqG+hapuol3Ht5cGyUwBlcnBQAmVH4TyBBRK6KFDMHwIPXQIPXIESlNYucFUB2j4qlOX8e+1X/GYvZSz1+s0nlPV/AneN4VV8zzT+R2kB2g7WFsCug6cvYVpsGN5V5sN7ExUON8LtdXXrmveVUEQhPeaubm5HWNWVlbehZYIgiAIwvsDEVcFQbihqK2+3pdyXNdJvKezo4CKpAoIRCLHcTru8G067ICE4BoXoQJRKb4U3nw1naa9CJcmweYUg4ODTExOUC6XybUcfWmiWtCWkZERjhw5wvr6Ouvr6ziOw+bmJlprjh8/zpGZI4yPj1McKCbaleZYTeQ7bf2Y+TM79Tvo+05xncbHFHJTl8o3NmDtMmr1HdTK27D0Fqxcho1laNbBa4Lr+mkAPA+FBssCZYV/Ow2obfrvL73jpwqws+hsHqs0BsMHYPQITNwMYzfB+AnIldptiQuQcYIYM1VAp/Ex4wJRslMagU7u4m7XabxdafNgHjOPpwmwwb2itQYdpK/w3au2bftuVcvCcRw/DUDrpy2m23mc3AEytdmwvU4zMYZ7obExi1vfAPJ9X95qisyCIAj7Za+fJY3Gznmql5aW9lT2bv+fRRAEQRDeD4i4KgjCDYVbX+1LOZ7jYNpWtT2EWzqNApThWg0wHXlxx2ogQpmbG6URd/AFr2mCVLycbs5TM2ZhYYHz58+zsbGBbdsUB4sMDw8zPjbO2NgYIyMjiWXxAZlMhgMHDlCpVHjppZewLIvJyUmOHDnC9PQ0g4ODZDKZdt/jol1avzoJp8G4Kc9BRRIxWGBldjWGcTq5MrXrQHUFdflnqIt/i168CJu+O5VGFdyWOKdirsW4i1EpIpZnzwOv9aDarKGq6365S5cg8wIMDKGGp1BjR9EHT6IPnoax42g7mxjDbg/K3cbZFFa70csDby9j3EvMTgRiqk5JbxGI5kEcsb4r20YXT0DtnbA8192VI7ozmubWHHb5+HVNDdAzSz/gTx6b5egXv8LDxv4yr37zjzk7+kW+8vDuNp0RBOGDw14/70qlEpubm11jxsfH91S2IAiCIPwyIuKqIAg3DJ5Txdleph+bWWmniflMogcOoXLDvrAavBdzWkbyp7b0tejy7uQrsbLMchJt6hKzkyjmeR7VapVXX32V1dVVmk1fKKxWq2ysb7C0uESx6AutIyMjTEz4jlZz53KlFMVikenpaba2tgA4duwYY2NjFAqFjm7IngRjz0HVN6CygNpahO1V7O01aGyD5wtYys5AbhAGRiBfRBfHoDgKg+N4mQEgKnLutNw9NZ+rZeMNTmJNHkfliqi1q7C17Iuh2+vQqPvt0R5Ytv8TZ8eHWeULro2a/1OrQGUR5t+E2RdQE8dg+hQcPIUeOwYDo6Ci/5ynidNp/UpzmnZit6KpWV+3ctLmvVM5adexIpqXOEgJ0O6P9uXXeD1u6TZyq0+ZLUO7jn8d7ZPG5hWKQ7fsuxxBEIT3I8eOHePll1/uGnPo0KF3qTWCIAiC8N4j4qogCDcMza056Hm7qc54ntsSeULRyMsfQKlsRFg1CdyabdcqUXEr3HAqKsQGMTuJpr2Ir93QWlOpVJibm6PZbFIoFCiXy7iuy+bmJmtra6yvr7O0tMTAwABDQ0OMj48zPDxEuTxEqVQim81i2zajo6OcOnUKgJGRkYhLN01A6yQo4zmwtYRavYS1fMlfer+xiKqtQ3UDmi23qG7NqWWDnYPcADpbQBWGYHAMSuNYxVEoTaFHDsPQNOTLmGJrXMxLG2etFDo7iJ48iTd8BMuto7fXoLaO2l6H7RX05hKquo7aXPAF161Vf+m/6+Ln6LV2FleVFTG2An6qgUYNtb0Ga1fg6jk/ZcDUCfTMPagDp6A0BSrp2k0Tr1OrjTmd42XsVE58PtPY7bXcrb3mcYVqi6rxdAJKKSyl/PkzxeTcYbRVQBl5Vz3HweqDuOpsL1y3pft7ub9bZ6ZeekopWHyarz92jgoAZU5/8fc5M+kfP/+Nr/LkVf/38ukv8vtnJoFFnv76Y8xSplKpMP3IFxk9+xir5WmuXm0FTz/Co587FRTCV4NCgOlHHuVzp1rvnx3ldPkc564CTPPIF0c522pLWB+xNk7zyKOf49QeRkEQhJC9fk7df//9vP322x3dq+Pj43z84x/fT9MEQRAE4ZcKEVcFQbhhaFSu9MGz6i8fjuNmp9DKDjUxrSHmyks4V6P6bEK0Slvy3S1/ZaeYXsnn8wwNDbVdq6XSICMjI9TrDdbW1tisVNja3m7nVF1aWqJcLlEuDzE6OsrExASjo6Nks1lGR0cTbUkT0lLb69ZhYw618AbMv4ZavACrV2D9GjhNf2y1ly5Uag1ao4Kl+Nk8ZHKo3ACUxtEjMzB+DCZuRo/fBINj6Ewp4jDtNM5aA1YWZWUhW0QrBcMzLeesv7EV9Qq6uo7eWkJVFmB9DjbnobKCqizC9hrUt/18q7q1IVo8jUAaSoV9dZqwNg/rC/4YLVyAwx9Cz9wHUydgYBStko7ZTm7njvPQtTk7i69pde3Gfd1rO7TWWMrCU176NWZZWK2/PWi7WjUWXn4au3qxfY7rOqR4jXdNY/PKL9GmVos8/e1zlB95lN8PBM9nz3Pmc6dYfPrrPFk5zRcfPcPk4tN8/bHH+MaBljAKVMoP8Ojvn/LLOAtXK6N88dHPMXn+G3z1ybM8vXiKMzzN15+scPqLj3JmEhaf/jqPnX2axVNnmASonGP1gUd59HO+YPvkY/DIo49y6vw3+OqTz3L+zOc4xXm+8VjYxvPf+CpPfv1pJn6/VYYgCO8q+Xyez3zmMzz99NOJza1uuukmzpw58x61TBAEQRDeG0RcFQThhqGxeZm+pATw3ISz0LIzvtgWI3BtRoTVoBzCtAGBq7V9LGVJdCf3Z1rMbrEsi+HhYU6dup1z586xsrLK2toaU1MHmJk5Sr1W4+rVq7z51ltsb28DfsqAarXKwsIig4OD3HrrrZRKJTKZTEdhteOSca1ReOjNRdTcy3Dpp6jZ52H1KjRrgApzlyoFKeJheMwYg2bd/9lag9U51OVXIFeA0cMwfTt64hhq9Dh6/GYojqLsQqLITkvU220PnI52DnIldOkgeuI2LKXA2YbmOqwvwsqs/7N2FdbmUFsrUF0D14Fmwyx8Z3drMBbVCurSL2DuNbjyIvrYR9Ez96InT0B2MDrGpM9DL3lGe722esn5mnZtpG1eFXdvd0rZEJzf6YsHy7JwW6J7UI7vcAU3O4pdu2ic03IY75PG5uXr5ly97pz6HI+eAljk3GyF8tHTvoA5eYYHps9xdn6RwDJaHo3ma23Hnrqd6SfP+m9OnuH3Hw1jJg+UYdY8a5rbTwFMcqAMs0c/4Rc/MUqZVo7s869ylWkeadV76hOnOfvYKksg4qogvEeUy2U+85nPsLS0xPLyMuA7VicmJI+zIAiCcOMh4qogCDcMzvZCP3QTtOcRV1dVYgpvqbkAACAASURBVB13KACZmzjFzwli0o7Hy2nX36OwulPuy7Q6jhyZoVLZpFars7q6xqVLl8jn84xPjFMaKmNZFrZtUy6X0VpTr9dxXZdSqUS5XCabzUbyzAZld22LdqG5hV56GzV7FnXuu/5mTk6zc97S3WKWUa/C1ddQV19DDZRh6mb0zR9FHzqNHj8OxTHI5EFZqcJqmiMxLhy2hb9cCZ0dhOI0+tDd4FRhaxGWL8Lim6jFN6CyAIuz/sZYTiN6jfYq0NW2UG/9DHXtdZg/j3f7r6IP3QWD42Bl2+V0FYn3SbeyujlWA9G0l7ywAcGGVUqpiOhqirDBPHme72jVfkA7dYCnFY49Sc7cmM71+vIZ4Wwt7L+QDuzW3WucSdppWk/w8Fce4Zt//FW++iTANI/80e9we+t45dxjfPWcecYSWvviSfnARKQt8b+DOl/95h9jZAWA8mg7Fy7lUSaC340+Gn+0jl3lya9+lSfDQphf1NwuOo4g7Jm9fZZEmZiYEEFVEARBuOERcVUQhBuGRuVKX8rRnhuRUrWVx7Py/kNKsEy5lVs1k/E/ZuNikYWVEOI6iXhpwqr5e5oTMC5Y7SS8BjG2bXPLLbewvr5Os9lkaWmJTCbD+vo6i4uLVKtVxsfHue+++3Adh2vz82xtbXH06FEOHjzY7m+8rvSNiLSfM3V7Ca6exfrbv4Arr/mbOdk2ZLKJc/qCZYXOz0YVZl9Cvf0L1OhB9Km/g77pAZi6zd8oysoSCOlpgnFaWgaTRN/tAmr4KAwfRR/7BF6zApVZ7Fd/CHOvwvKs77Jt1lq5ZNs7n+3cJ4BqBV56Auuts+h7P4u+7QxMnPA3+sLqKnKb12GnnKedYsxjwWtc9Oz0JUH8924CbBxz/M1NrIJr2XXdsM0p9ejsaOJrEa09VC+pGrrgOds4tRUsq7TjRmHXnYkDlKNWUWCJ+QowGvx9O7/zRy059dVv8sd/8gMmvnIagOlH/ojfuZ3E+T3z6jd58qoh2L76Tf747C77AFA+zRe/8jAi4QiCIAiCIAjvN0RcFQThhqHZt7QA0WSpTulDNPK3oFoOOZUiigbCT+D8jAtTaWJWEB+P6eY0SVte3S3WJKh3YGCAW2+9lWq1ytzcHJcvX+by5cuAvwzw5MmTTE1NAXDw0KGIoBUXGbu1WblVWL2EOv8E6sf/j5+71LIh04+slz2ilL+s37JhfRH17J+gXv4u3P2beCcegvHjkC0l8qL2Ms6dHMZtLBtyw+ixO3E+dgeqchnrnZ+h3nwOrr4GG0u++KysaEqEbli2H7+9gXr266jLv8D7xFfwpu5FFUbQccd1TOzcqc1xwbRbzG7HJign3qZu4mRw3HeieonybNum2WyiPQ/XcXBcN3KN6oEZ4i507bkoe/9u3kblCtmRhCrZF3bnNhtnpFzh3LPneei3AwH1Wc5Vytxxxzhan+cvv/ZTRr7wD3h4Av8jsjzFuB7njpkyf372aRZPPswEr/KXX3uKyh1f4B88TNsJ7DdFJ/4O2hk0VWuNZokfnL0KjBjHWvcSZpl+Gof2eSdPMv3kUzx7/iF++3ZY+sGf8uevlPnUf/XbXJ8RFoQbg704V5eWlrh06RJzc3NUKhUqlUrk+MTEBKVSienpaQ4ePCiuVkEQBOGGQMRVQRBuCJzaCl5ze9/l+A8iOqLHeJky2vNQdivHqmVhZzIJkShY/m/+mMTF1LRUAb0s697L0u94WyYmJrj11ltpNBosLfkuteLAALeeOMHNN9+c6Fe3elJdiU4NdeUXqJ/+v/D6j/2Dfdilfc8EIqudgfUF+MH/iXXhWfTdv4V3y8PokZsSp/SS77bnnLjKQg8dxT19FHXbp1HXXsa6+By8dRauvg6uB3a2tzFSynf9ag1vPY91+TzWJ/8A7/RvoksHwfLL6JbeoBv9ugb7naIgcKsG5brGxnOesew8uA+11rhWGW3nUF6Y81a7HvRhL6rm5mVyo9dnP/vdiqsPffnz8Gd/wde+9lTrvTJ3fP7LPDSu0fokn/3Ua/zbP/8arwAwzaf+yUm01ow/9GU+9Vf/lj//mn+E6U/xTx4aR+vAuRoVUxOpB7RGn/w4d/z0L3jqa1/jKcrc8ak7KD+1xpLWjBv9MXzMLXHVKIOTfPbz8/zZX3wNvwtl7vj8ZzkZSycgCMLu6PWzpF6v8/LLL/P6668nxNQ4S0tLLC0t8fbbbwP+l7L3338/t912277bKwiCIAjvV5TuR7IdQRCE9znbiy9x5Uf/ct/leK6LU9uKvLc18XmapQ+RyWTJ2Da2bWO38qwGBCkCLMvCzrRiLDshKJmCqvl7L8uwe4lJi+u0DLvRaPDGG29w4cIFKpUKhUKBEydOcNddd5HNZhOOwjTXYaqAVltFXfob1PPfgEsvhI7V98sGQIGArkHni3DsfvQDX4JDd6Ht/J7HeKeY8LhGuQ2oraHmzqHeeAaunIP5i+A5kBvYXT88D7IF9L2fQZ/+DbyJ28DOp4r7ceJpK67nNdgpptP/priui+d5uJ4bxnqh07XZbOI4Dp7n4ThOO76dg1VrPLdJ+cr/jtUMl7lb2RyZXHJjs90ycvy3GDv9X9BsNvddVsD8/DzNZlOcYIIg9IVqtcrS0lLXz5SlpSWeeOKJHUXVnZiYmOChhx7qWtfVq1c5fPgwIyMjuyr7/PnzFItFTp48ua82CoIgCDceGxsbfSlHnKuCINwQNLfn6UtKAO2SWEacKWNZdtuNGs85GRdZLWW1N8AKRKG4k7U3ES49v6UZs1PuyniMeTybzXLkyBFqtRoXLlygXq8zOztLPpfjxK23kjHcuTvmGg1iKldR5/8T6pXvwcJFXwDcj7DqueA6/vkaf3MsZfk/nuPH2EbuVstKLPFPoFp5TvFQ9S30Gz/Bqiyh7/xV9G2fgMGbjNB+C6uglIVn5WBgAo5+FDV2M2rhFaxXvg+vP+vnic3me++HpaBZRf3icdT6NfTdv403cz/kyz205b0T9+NlmCRy3aL8KbPAwmqnCminFdB+QgTTteqnEtB4mTGs5rJReXuB+r5obs+36+onvab9EARB2C9LS0s8/vjj1Ov1vpX1pS99iXw+3zFuL59x8pkoCIIgvNeIuCoIwg1Bc7M/m1nheQkd0LZsCITV1k+cQNRRlkoVk4KY+O8d3Z87iJHdRNNey1FKUS6XOXLkCJWNDd65fJnNzU3efPNNxsfHGZ+YiGxgteOGSBtXsV75Durcd2D5Hd9RmTJWO6K1v9mT67TykdpQHIbiEOSKvrPTbbRzNlLd8Dd6qm+3xNjWMaX8c60OOV6VBWiU04Brr6FqG1grs3j3/h565CaUHW5WFjZtv8JquBkZyoJsET18BApDeKUDcPB2rBf/I6xe85eu97LxklJ+KoD6Flx63j/NbcAtn0TbhZ4E0WSR109Y7SVXq5nnV2lfWFUoPDw0OpL3VSl/QzClFLZSuJ5niLMKJzNBVl0w6ujPBlSNzct9KUcQBOG94tKlS30RVgPq9Tqvv/46d911V8eY/aSHEQRBEIT3ChFXBUG4IWhsXO6HGa0lykT/x9+ybLBtrJjQFLhYzVyr8Y2e0sSlVKHNOLab3JWdHCC9LuG3LIuxsTGOHTtGtVZjZWUFjb9RUK/CIYCqLqNe/mvUK0/4wqr2OouandCtJe7ahdIYTB2H4UPooYO4+TLkB1GFMlY2H7pWAWd9AbtegcY2qlaB7VXU5iKsXYPNFWi2HhytTMvZaoyvUv57ngsrl1HVDaxmHe/DX4axY6hMPrXfu3X0dnUg21kYGINDZfTIUZzhQ9gXnkG9dfb/Z+9dnyO5zjvN55yse6FwLQDd6AubZJPdTcoSaVq+aLwiKVv2eOSwx96wYxUzdnh3vnhG/8x8kbWxEROxYU9s7NKOkbwar2V7LJG2ZNmiZNHi/d5XAN24X6oKVZV5zn7IykJmVmZdgAKbbLwPAwEg881zy6xi41e/877QqnecugP+GFUKHAeaddTNV1DWw2by2IufBacQCjuaE7e3u+TndBTHariP+LWJ4j2ASe5Ha43Fz70ab6/tVCmGX9Od9ALH/QO/vbfqP+djJJfLUavVxKUlCMJYuB/vJa1WK/F4kCd7cnLyoxyOIAiCIIwFEVcFQTgVuM0txpIWIMUBStB6R7QJC1CO46QWpwoEpiSxM6mfowhWQX7JJGdsUhvx89lslup8lUsHD5FxHKrz80xUKj1zSmwHwDtAvfci6q1vH11YNQawUJzAnr0KS4/B2U9jK2ehPAc6g9UOODlsxw3bdSce1DCmjbIuuE1obGP312B7GbWzitq9C/fehd0N3w0bpA4I5qYUKMcXd+s7qLdeQufK2Kf/Z5h+CJzswHuQtD7hZ6TfH7iB8xKdh4kF7OXnsRNz4GRRH/4I6tuH4+yH0v4Nadbh9uuoXBmVK2KWnkl1TYe/D/v8HPU5TROd014L8Wfa2EO3anycWmsMgBfKz9qJ87Jz9GDNcK7gvnh4rR20LieK5kchn8/TbDZFXBUEYSx8nN5LWq1W5INbQRAEQfgkIeKqIAinAtOuDQ4aChsxrprcWYwz4f/cKZSjAOUciocRkciA1b1iVVJuxrioFReawgLRIGE2OB4XzsLt9BMEC4Ui586dp1wqU5mc7OZLiwtwEUcuoLwm6vr3UP/832D95ujCauBWzeagehF76aexj/wiZvY8FOZA50Dpbn8QLjLemVcp7x8LRErjYr021m2i3Dpq7x7q5o9Q996HrVuo9Zu+IxQVdbIGaQQae6if/KXfx1O/jZ2+CDobG3bvWqetc3yre0DavSJbwiw9hc4WYfIMvPlt1PbK4RgHoZSfJuGDl1HKQeensNXHUscbHkt8zGlxR3lOw1v949f2G1M4xlgTiQnnV7XWYjsFrUw4NUB2Nm5G9+/ToHUcAtOuofITY2jJp1AoYIyhXq9TLA5Z2EwQBCGFQeLq2bNneeaZZ8ba59mzZxOP1+t1SqXSWPsSBEEQhI8KEVcFQTgVGLfFcQ0aSSkBWqUn8DLTqHjjIVcqHAqv3XY6OSJH7z9563g8Js2Jmra1Oq2tsEhVLpcpFos4IeE4LQ2AP1AX1t9Dvfz/wMp7/rFRhVVroTABZ69gn/wlzCM/D4V5LJmukKgS5tJPYLZocPLg5LH5SUxpAaYv4hxso+++hX3/+7D6ju9obdYPUwOA/3Mm5ztYf/z/Qmkae+3XYHKp63RMEw2TxpKU+iFxzPH5OQXM4pOoiUX/OXrzb1E7q376gmHWWAH1bdR7/4CemMH73H/AZisopVOfobCo2e85GuYZG2buaeMIjoU/kLCdrfzW2p5CcuH8qybJQZutYMmg8CLtj8PQ5bVqOOl1W0ZGKcX09DRbW1sUCoXBFwiCIByDpaUllpaWTryfWq1Gq9Xi4sWLJ96XIAiCIJwEIq4KgnAqsKbF8dMCJIg8Koc1Bos5FFNjeVbjaQICYTXNxddvS1xaYaqkdvrOpE8agEA8S4oJF7BK608phfVc2FvBeeXP4PqPD7faj4K1UKxgL38O++kvYc98CuNE3XppazXKtkKlNKo4gy3OYKbOwUM/g1p+Fd79Ltx8BbW3Dl47CPa/Z/N+/tJX/z90aRbz+C9jC1ORdgeJpv3ExaHuqc7C5BL2md+B0iTqlT+H9Vv+ug2TIkB3HKyvfgt98Qm4+BzGyfWIisNs348zzHM4zFb5tFQB8Zju82oPY8JO2EB0jTirg3as9dfSeOFWGU8akdbYt7ieOXOGd999l1qtJi4vQRCOxcchLYDruuzs7HDu3Dmy2ezgCwRBEAThY4iIq4IgnApMe38MrSRsnde5bq7VYGu64zg4mUzXORcIO4HjU6vDXKVxd13we0C8OFXf0Y0grFprcV0Xz/PQWpHN5ro5VNPcqINEtm6MtaiDbfQHfw8//ovgzFBji5AvYR/+LPap38Se+SmMiv4v6yii1aB5WZ2D4jw8/D9hlz6Nvv6P8PpfY2+/jmrVo8JlNg+by6g3/wamzsGFn/GLYqX0E+/rqMJqz30oL2J/6kugDPoHfwY7a72FuZI78j8IqG2jvv9/Y6YehaloioNxCoPDtDXKBwWR7f6Bw9qJuofDKQCC7+F8rUop3HYbnDzKjq8idneMXnLhluOgtebcuXPcunULYwzlcnnsfQiCcDq43+Lq/v4+e3t7TE9PMzU1NfgCQRAEQfiYIuKqIAgPPMZrYkPV449Mwt8gVmX9Lf+dPKqkiKFxZ2hcRE0iXtBnGKFt0PmgjUajwZ07d1hZWWayUuahS48yMzMzlCjYL8Zai/Ka6NXX0N/9L/4J7QyXC/SwA79I1NVnMU/9NmbxU33nFB/TaK7V5FijMlCYw175VdT5n0a995KfN3bj9uEYwZ/bjX9Bnf0eVM9jy+eHWsNhxjPMH71dYTE3i3n8V8G1qO/9n6hW4zA9QL9+tfbz4H7wY/Q/v4D52f8VJhYjz3HaeMaxzmnnh3W+RvKvKiLiaVhgDdIIBI7WntQGKhdtfEx6gze2XM9RJiYmuHTpEjdu3KDValEoFMjn81IIRhCEkbgf4qrrujSbTRqNBu12m3PnzjE5OfmRj0MQBEEQxomIq4IgPPCYVu1QDDsOSW2o5PyW4dyPcOhIHVWQOqk/fNx2m1qtxtraOpubm5TKk8zMzIyn8a2b6Fe/CXtbvrtzVIwHT34B8/TvYOevHHkYwzp++66zymAnzmA/9Rtw5hr6u/8HXH8lmtvUGvT1H2OqV7FPnD/yeI+LLS9gnvg1tPVQf/dfhs+/igInCz/5FvrRz2JKk1hn+O3mwzynJ/ksh9FKY7TxC8dZi+d5oXMKY6OFxjzPw1owZImulB3Le4Zp1U5M8CwWizz66KPcuHGDWu1kRFxBEE4Hy8vLH1lfSikcxyGfz3Pp0qWedEOCIAiC8ElE/m8mCMIDz1jdYzGhpK3KKJ3xUwFojU7Y9t3vD4dwOoDAWed3ky5GDZvjsp8bMJfPUyqVuqkKKpVK6hhHcVOq9g569V/g/R/4hZ9GFZY8D85fw179Inb2ki8ODnCl9hvTUfODRuMUZEqY6hX4/FfQC38Fr/011HY6aQI0rN9C3XoFLjwNE72VkEd1gQ577yNxSmNLVcyjn0fvLMPLX/f/Lz+Mc9jJQGMf/c73YPIhzMzDoA7TAwxyK480zpSYYWKDc2HRNOzwDgpbxdFaYwANYAyGaKEwq7KxNRqPIDqedCTpZLNZLl++fKJ9CIIgCIIgCILQnxGriwiCIHzysKaFHdN/cZSTR6lQJXnAeF6P+NMvDUCSsNodeyinZFIxnyCmZ1x9xK12u83Ozg77+/torfE8l+3tDZqtZm8l9SG3siulwHjo2z9Bv/ZX0D7wt5wPi7W+sFqZwX36d3DPfhrrFAZu9+8nUsar1g8SYfvFWMBm8njVx3Cf/jLmF/83mDvf0eAstJuoe++iV9+MjCWtAFM8ZhBDt6MdmD6P+akvwcOf8bf8D9rj3sm9itbw7vdRt/4Z1dhK7CfOKGs8TMyowmpwPiywBnlWw+e7ry+lsBx+qHEorkbTAozr/cKcQEErQRAEQRAEQRA+XohzVRCEBx7rtcaTQ9GCijnatFLYWJ5VCzj9BCRsN+9jkqDajRsy52acQU7TWq3GrVu3WF5eptFoYIzh+vWbGKOoVqtUKhXy+TyO44xUXEntr6Ju/BCW3xlyO3rPbLBPfBF7/mlsfrInT21P9Bi2bY+2xgp0Fls5g7n8PHgu+sffgM3bYFzYvYe69zbqwjPY/ODCHGku5aO6bbuxmQJm9lHUU7+G2rwD+9v+R6mDxG6dgb0N1Ic/QFUvY4szWJX8z4RhBeF++YLjHNUB268trXXUoZpQBAvAqnz0tW0Zy3uG9dojjVsQBEEQBEEQhE8eIq4KgvDAM7a0AAl6UtcNZy3WGGzgXrUWh15xyFg/H6RW6ULXUQTTeFy/mKCYRLPZxHX9Ql9bW9u0Wm1WV1epVCrMzs4yPTXFRKVCLpdLdd52CwqZNmrlNdSNH0GrAZlsYnxKI/73M4/iXftVKM+jQuLsuOae1E4gsiXlxO3bTnkec+WLYAz69b+Ce+9DYxfWr6P3VjCF6dgUB7tm+53vR++YFeQm8B76RTKPvwWv/g24LbBqcHErA9x+FR56B6qXISYSjyK2x4tKDXLfDmor7jZNdHhjI/FBn57nQScmcLZ2+1YKq3PjygQQwWudbFoAQRAEQRAEQRDuPyKuCoLwwGNa+4yt/HcM1dlmbK3FC1UkDwiLktavnINVNlHIGbT9v9vGAAbFFItFzp07Ry6fY3trm0ajQavVYn9/n/39fdbX19lYX2dqepqHHnqIhYWFvmkNAFR9HbXyhu/iPIJr1WoHPv1vsNMP+cWVjjCvjzymVMU8/kugFOrH30Dd+xC1swpbN2H+2tBtnYirUTnY4gLmiV9Br7wN9z70UwSkFGDrojOwv4Va7ThwcxU/p+yIjPs+xB2njuP0nDPW9FwHdIVU0/kAJEz3deYUk3ofOL5BmPa+pAUQBEEQBEEQhAccEVcFQXjgMe3a2NICJKmigXgTbEEO51ANi63GmG4BKYjm0YznVj0Kw1ZkL5fLFAoF5ufn2d3dZWdnh93dXTY3Nzk4OKDVarG5tUW90WBubo6FhYWefgKstWCNvx1+9e1OrtURxNVOQShVvYR79V9DNipyDePEPU7MsDlP09qxlTOYq7+Krm2jGnuwvwEb18F62D5pzYe5V8eeu3KwZz+DffTnUDv3oLEDVg92r3qg7ryGfugd7PR5bKY01Jj7jSUszg+bUiDtePCa6rfVP7ivXWHVGKwxmFC6gMDZirXg5Ol5bY/hPcNrjbGYniAIgiAIgiAIH0tEXBUE4YHHeK3xNJTiNg2Lq4HwExdOjTFd8VXRW+gobWv4uMTFOI7jUC6XKZfLLCwssL+/3xVYt7a22Nvbo1gsUi6XI4JwUj+6XUfdeRU2bjDy3mprID+BffKXMYU5fz4jzOsoqQCOEtdPELSlOezV57HtOuru25DNg/FSc5wOK+YeW3xVCuMU4aHPot/9J1RjtyNmD+jfcXwH8r33UBefwU6UjiWsjho3zD3t+VAiUELtYUw8LYEJtReItH5xLOsL4SdgMLWeFLQSBEEQBEEQhAcdEVcFQXjgsV7rUHw5JvGCVkH+xnBxokBkhei2ZiAivnbHd4xt44OEm2H6cRyH6elppqenWVpa6rpZM5kMs7OzkXykiW1s34LVd6G2PbhoUhhrQTvYmXOYa7/SFaDD4/6ohNXjCK8AtvoY9mf+F+zBOmZiHg8n0bc67LyOO55wjDt/jdyZx2B3BZqN1Ha7aAfaTdi8AVu3oLw40IXbbyzhuKOKr0qpiMgfcasSysGq8fPGdghen9jeIlbdtozBGB15bVvsWN4zjBnTBzuCIAiCIAiCIHxsEXFVEIQHHp0rn1jbgWvVcZyIwAqdPKyeFxFc04SxJJG0nxg1qsAWqYweE3zDcY7jMDMzw8zMTMqMY1iLWnsXtXdvOFdkGONBYQIefgZTPksgnY1DNB2XsDpMGwDoLGbqAnbyvP/rMfrqx1FEeZutYBcuo26+4ourQ94ntfYB+t5bsPQpjFMaOJ5hxz3o/DDFvSIFqQbEBmilUI6TeK2yJyOCOtmTe+8RBEEQBEEQBOHjgYirgiA88DjZifHkXFUkbh0O3JZaKXRHQPM8r+u0C8RVx3EiIizQk2M1ydk6bqy17O/vs7e3h+d55HI5ZmZmyOfzqdekjUe7++h7b0Nt42hjmZjHXP1i3z6GGcdJxHyc+jvO9Y7jwJmrMDEHO6v+a2FgaoAM7NzDbCzjue7AOlijjmmU83FMrCiVDhXcihe16sYq5X/FPmQIXK3KNqOvbctY3jN0duJkCpYJgiAIgiAIgvCxQcRVQRAeeJTOMhalxKoeUUop3RVOu47LjqDjQWK+0rTtyTq2pX4cjsr4+a2tLW7dusXdu3dpNBp4nkc+nyebzbK0dJbHHnucbDabKHgl9rV3F3bv+dvIR8FzQWvU9CJMLo48r2FixlWxfljG1dZxx510rl2qkp1cQG9cHy41gNLgtdF7q9jdO3hzEz3P57jGe5S4tGuDrfyJry+lunlXw8KrMQZt2/R+cmI4Lv57jyAIgiAIgiAIDzIirgqC8MCjnNzJta0UKqheDnjGoIgKpcHPYcedxaJVNE1AOOeo53k9aQPCbSZtj06L8Yv2wM7ODu+88w4rKyscHBx0Rd5Go4FSip2dHZrNFleuXKFUKvWMrccxqDVq80PfDem5o6UEsBYmF7EP/QwmW4mMOb5tO6lCfHhe8bkH80ocbyzlQDwuKXVDPCZJME8b8ygxwZySYuJiYTD3YcYL4JSmUaUp0Jnh0gIEKS527+Ksv4+dvohnCz1zH/ScJs19mGc5aV5hMTQJi8Ua3zVujIk8H/F2gpjDtnpjx4F2cuJcFQRBEARBEIQHHBFXBUF44BlnWoC4o1N1thsrpbpCjaM1hATBsKAXxGg0VttEh2gQG+4jTWhKi4nHua7L3bt3WVtbo9FokM1mKRaLANTrddrtNs1mk+vXrzM7M8PSuXPkcrnU3JZaa7R10esfQlCFfpRiVoAtz2EWHyfYc54mQCYJokE6hTSHbdL6DIpLiomPJ8m9mZjDM9bWoJgkR/OgezosSil0poAqTUO2AOwOf/H+BnbzJta46Ex07sPMOx43zJz6vSaS+uuunTl8fqy1XVE6IqTH1tkfj0bhRfu1loTHfmS05FwVBEEQBEEQhAceEVcFQXjg0bnyWCp/J5HVbdrWw0/deCiWKtIdel2BKEFDShPY+uWlTIqJC1bNZpONjQ0ajQYzMzOcP3+e6elpAA4aDTY2Nrh1+zaNRoPVu3epzs+TyWRSxTOlFLbVwG4vo1r1IVYqhDGgFLY8i5m+EJn3oLmH4+LuxuOsT1JMeHnfEgAAIABJREFUkrA6jGgaj+sXExf/hpl7cH4YgjaMyqHzk6hsel7d3os1NGuwcw/ttbAJomjSnMIkCatpc+oXE9yrYM3iLmaLjTwbwfWO4+C6bncscQe2Usp3mscKWtlOm8dFZ8upaUAEQRAEQRAEQXgwEHFVEIQHnhN1j3kHGONhOoKO7rhWAzdreKs6dByfWqO0QpHs4otvjT6KGBWPabfb1Ot1HMdhcXGRixcvUi776+J5HlPT0zRbLe7cuUOtVusKUmF6tnwfbKH218EdsdK6NZDNQ2UO8hORcQ8zr0H5RkcR6xLnRa8g2s8lm9ZX2niTtryH24j3FxdghxXco+0obK6IckbIAao1eC7qYBfVbkSkxn4pF5LmPsz9HDSvsLAabyMYXOr1KX3511ocexC/oN/KDI2Tk4JWgiAIgiAIgvCgM9oeTkEQhE8gepw5VzvCafBlvANMJ39j0tbnwCkXEcW06hGSxiVGpcVYa3FdNzKO4OdMJsPExARTUxXf5RjaWn047V4BUh/sQG0b3PaIi2ihMIGamI2MOdxXfG3iYxrk3Ayu75e7M21ew8w97oDsiuYD7mdSTHzcae0E9yvJIRrvKz4eAJwc6GyiYzoRpf10Dwd7sL/We7rPGo/rWU4TuSNxHBayUkrhOE4kz3E3HUDC+gYtaNWKvraHXqT+KCcr4qogCIIgCIIgPOCIc1UQhAcepXOMJYFiUhPGxViD0hm01jhaozgUhsIOwsiY6M0jGhaOBglWQZuDBKtAZHIch2w2S6vV4t69e5RKJebm5sjlciil2NvbYWtrE2stuVxUjE4SFwFo1bHNOsp4vhA3NAryZWxhcuC8hk0XEF7LpLEG54YRVvvFJG3hH8e9SiPtfqbNL010ttaCdsBxRrxXoJr7qL270WMpz/Vxn9N+7fTMp/tL0BERN3hwL5M+4AifUwDWi3cwlvcMpU+umJ4gCIIgCIIgCB8PRFwVBOGBR2fyKJ3FmlEdlnEscUebcQ/A2kTnojFmYF7QcC7JftvOhxGj+omCxWKR2dlZdnd3WV9f5+DggNnZWUqlEmDZ2d5iZfUeWmuq1WpXYE3rC0DtrXZSAqjRjH7WQLaAKs+gnQxuilCZJtSljaefwJhU4CqesiEeN4xoOq6YtLh+8w7H9DsXzMtmi9hMfnRPptuCg91Ie/Ht+cGxo65PvJ2kol2O4/S4mK0NuVZRGGsi7SSJ4QGHz5lBYRiXWzUy5k7OVUEQBEEQBEEQHlxEXBUE4VSgs2W85vax24nrdhm7T1uZXlHMWj9tgDE4jtO5NrqVOXDcWWzXyQpERL+w0BRcn+SkTMqBGT6fz+c5c+YMGxsbtNtt9vf32d/f77mmUqkwPz/f414NtxX0p7Zuo4zr5+YcsE2/ByeLzZawys8BGqxRuK9+gmh4PKMI1GFncPic5x06F5O25sfb6tdHOCZpXnFXczwu3lY/QTnNHZ30XNhMznevjkq7AbXNblv9cgGHx5M0p7CDNE7asxw/H1kfDtuyWJRWGNd3pHqe58cYg1YK1RlP4FgNzmM9tG2O/AgPg85NDA4SBEEQBEEQBOETjYirgiCcCnS2jHuwNfZ2J5o/xFau4upJtNaY0HZipRQqJK4GTlYsWGOxyhdYle6tsK61TqxsHibN4RcXBYOY+fl5HnvsMjdv3mR9fYNW67AQleM4zMzMcPXqVSYnJ7sCWpII2R1HtxhVr6N3GIxVtI0ibrocJKymiXBx52o4Li5mxueU5nrttz09WKNRt/jHBca4CJkmLqbNPW3eccFYtQ9Q3ojubQV4bWjVu4e6z3FsXGnCaXgLfng8cOhGjc8pMu7OhxReJ7dxt03be/+Nd5gGINxn9/XUuQee53W/tGmibLunrXE4Tp2sFLQSBEEQBEEQhAcdEVcFQTgVqDEVtfINqelCYliUibsWw2JcNz+kVmjVW3woSVwM2kiLCeLS2tFac/78eaanZ1hfX2dnZ4dGo4HjOExOTrK4uMjU1FQ3xUF8Xv1ch0clrVhUvzkNGxOOC7s70wpKpTmD04TVUWLicUl9DTuvUWLCztcj3TflgOdCfbd7KC3vazCWeEySqNrvOQ3H9nO4KlQ3JUD4XNBWt02luh94BMJqWHhVZpeeDwfGJIgqJ5uYqlkQBEEQBEEQhAcHEVcFQTgVZAozNMfQjrUGlbC1OhBtwgSiVrhyOfiiq7K9eUoDISlwWSYVtwoX44kTvibd/ZlhamqKiYmJSKEfrbU/LqV60hjEK7Z3ae6D8XqPD4PbQrf3yNLEqnL3cNIaxgXRNGdnP/Ew3E7ghEwSVsNzT5t3cD/7xcTH0+Mi7TOv4P7Ht98PM/d4TGRNWvVOjtwRCITJ9gEQnXtAXHQPP6/xeYfPD3u/0pzBQToNS+e8ia5hROANjSO+Rlmzk6CtpruHh0ZpnPwUbnsMbQmCIAiCIAiC8LFFxFVBEE4F+ckL1FZ/eOx2fIEn7hL0hdXwtnXHcfw8jx0BTmvdI+o4yok0lVSAJ55P86jCajwmaTzQK57FxcNALDbGHM/d57WgWcd6LmSOLpqG5xUQbysssvUTVpNE0ySn6SDReVg3aj9BdFhhdZh2Qgvji+HG0JOLIQ2lfOdq6yDRXR2ff9id3W/e8THHP1AYymGMjrxegvGEPzDonrMWL5ZaQCmFoxUltUX4hei3eXy/abY4h5MtYVu1Y7clCIIgCIIgCMLHFxFXBUE4FWTLZ8ahl4AxPdlFw6IOpG/T7tma3UkNEJAk1CUJUeFCR/GvwEHbarXwPI9MJkM2m8VaS7vt55XMZDI9KQuCvoLv4W3l4fP9toSPRKuBau6jlO7mwRw09yT34jAOx/Dc0gTR+NyT2hlWWO035mGcuMMIq/Ht9YNijDFwsNd1oI6GBRvNWTuqsNpv7vGiXPE5JQmrwfXd7zZ6LPzhQVoOVr8tQ8bdjLymrTFjea/Ils98JPlWXdelVquxt7eH67on3p8gCA8O1tqP/H3DcRwqlQpTU1OJxTMFQRAE4ZOIiKuCIJwK8pMXGIdiYq3p2ULsmBqu9UBlEl2HcTdh94vemPB1aUJTeAt2UkytVuPWrVs0m00WFhY4e/YsjUaDmzdvArC4uMj09HSPozMQYIP0AGmuzW7/mTyoI4qt9R3YvQchUTQ8lvDcRhHr0oS4YI3ThNVw6oakdoYpXnVUYTXtfoZj+s07aV5xIVxjUAe7RxNXtUZlsqnzis89iTQRPP7cB1/h+9BPoAxSAoTXMbx24IulYcdqMN5OAzg2mhbATwlw/PeK3OSFvmkjxsHa2hqbm5tks1lyuRyZjPyzThCE4QkKOpZKpY+sT2stOzs7bGxsMDExwblz58bSpiAIgiDcT+Rf4YIgnApykxfGU1jGGOLqqva2wboolY0KbPQWVAp+jgtA4ZhgS3OaoDdo+3Sj0eD27dvU63U8z2N+fp56vc6dO3fwPC/kTLV4rovbqbDueR7NZpNqtcrU1FTE3Zrkxu2c6FmPgSgFrQPY24BWDVso9vQzimszPPdwTLyoUj9hNbzGac7ggEHpAsJx/eZ1FFdrfF5pbt4eh7HXgnYdvHbPGgzLsGMe5C5OSrkwaJ3TB0VEB423Ec4rnBRjjcGxNaJpAcxY3ivyHXH1JLDWcvv2bZrNJmfOnEl0oguCIAyi2WzieR6Tk5Mfed+u67K5ucl7773HhQsXyOfzH/kYBEEQBGFciLgqCMKpIFtaADQcs1CNtVGnIUCudYNW/lGsKkWELWsMhkMxJy7AWfztzNZalPadrOFckX5/UYEtOJ/mBAwLVgcHB9y9e5fr16/TPDigXq/TarW4desWGxsbGOPRbrVotd1uyoB2u82VK1colUpdF1xkTuF+rOmIq51t2X2cixGUA9aDxjZq5w4Uqt1+kgS2yKUp4mKSkzIgLX9qkrCa1FeSIBp+BpJieqacIqyO6ljt92wkxQRxqrkL9e3RC1r5DWATHL1p8x60zT9pvMMIxj3POr0Cbfg6YwzG8zAJ973bh1dDm3p0ut740gKclLi6vLyM67osLi6OL1WHIAinjn47Dk6aTCbDwsICW1tb3Lhxg8uXL8v7mSAIgvCJRcRVQRBOBUo75CbO0tq7fey2LBYV2g6fN3do2XWanI2KTIA2BhVzgB6Kk51tzcZ2i1sNcjfGC04lOQELhQKzszNsbm6yu7vLa6+9BkCr1cJay8bGBhsbG4lz01rTbDYjRYHColVYILOlaZR2fDev0sOLq1qD8VD1LdTWTdTip7FEBdzuWic4HOMCWpr7NxwTHIuLfvHt6eF16NlebtNzgIaFxSQRNzyXNPfnMDGD5h6PCeIyjS1UbRPcJiNhLThZyBV60lukjSW+zsGxtPHGn680sTt+H4xNdiMH513X7XEhh52snueRa9/reW6t9RiHupqfvDDYeXsE6vU6tVqNc+fOiRAhCMKx+Di8h8zMzLC2tsaNGzd4+OGH7/dwBEEQBOFIiLgqCMKpIT91cSziKp7xRcUwITEo2HqvtfYF1kiY7eY4C3KbBsfDMUqpblw8pQBEBcO4gFMsFllaOsfGhi+uttvtSJzWGsdxcBynxwVbLBYplUqpAm+kr+nzWJ0ZNSlAMBGob6PvvYdzpYWr8t32407dsFiZdC7JeRMX+5KICMUpgmnq3IkK5Wluy/gc0nLH9ruf4Zj4cxLvK3CN9jh565tQ3wXP88XtYbHGj88Vu30OEoLjpBUIC88r3F78fNz1Gi9OFT/WFVaNwSQI50G867rk3J1oMauOS/fYKE2ucp7GwYhi9gCstaysrDA9PS2pAARBeGCoVqusrq6ysbHB3Nzc/R6OIAiCIIyMiKuCIJwasuUzY2nHpqQWiDv7gK4AEi6Y5LdhD7eda4XSvbkm48Jh0nbvJDEqk8lQrVZ56qmnePfdd9nZ2cFaS71ex3VdSqUSCwvznUq9efJ5/yubzZLNZslkMmQymUTnZqT/bAmVyQ3vWA3jZKC+i731GqqxiZ44112fJBEuvm08Pp60VAJpBZPC5/oJg2lzD7aypwmHSW6gfvPqJwQPiknKMxo9D2wvw8Gu70Qd5X5ZAzoDxcmukzk+p/izGsQ4jtP9gOA48+pxyGIj1xsbFdy7ImzouiD9Q3jMWEPWbMXmM55t/NnSPEo7Y08L0Gg0uvkR7+d2XkEQHgw+Lu8jSikmJyfZ2toScVUQBEH4RCLiqiAIp4b85AVfXDom1ng9ApUxvZXP48TPBw5XRzlopXsE2IHjSNliHRZYgz9SGo0G7777LisrK8zPz3P58mWmp6f7ugXT+oKOsJXJoyarsHsX2kfJ5WlQzT3U9i1M6WxXiA47VdPWctB26zSBepBgPGjuwT0KhNWkNtK2WQ6KO8p9GLQ+SimyeOitm3CwnziuvigHcgXIFVMF43CO1YCwq3KQWJ4UkyQYR5730IcR2misOkzvEBRnc1KE4KAtR1uKehdsSJg3ZizvEbnK+RNJCdBqtcjlch+LrbyCIHzyOY642mw2uXHjBnt7e2xsbJDP55mYmKBarXLmzJmRC1Tl83l2d3ePPB5BEARBuJ+IuCoIwqkhN3lxLFXAjef1HMvYHZRt4dlMovARL/IDfjGHwLkaxKQRd2b2c20mbdXO5/M8+uijXLhwgVwuR6lU6ruVPa2vcIxXnkfny70pEoZFadjfQP/kv5M58ylcSgMvGbQFPW1t+uWxjccO01d4i/og0lIB9OtnlPuQNrduG40N2F8/YjErD5wclKNOoiSXdvhnz/NS1+aoc7fWdl2rYTzj4bpupE/HcfBcFy90nzzP68ZYa3GUR87GnKvGjOU9Ij958USKWbmuSy6XG3u7giAIo/D222/zj//4jzSbyalPKpUKX/ziF6lWq0O3mclksNZycHBAoVAY11AFQRAE4SNBxFVBEE4NuYnxpAUwntvZXR1yz7U3sE4b5WR7q58b4+deDeU37RZM6jRhYtuRFYcxgQswact8XGCDZMHKcRzK5XI3n2pSXs54W2miYHDezU6SnZiHTB6ajf6LloRS0G5il99CbXyAmXuiZy795jRIgIzPJ56zNamttLn3cyKnxY0iiB4npme7e3ws6+9hN++gvPboKRws2FwJOzE/1FjCeWjjjGPuChURWI1nsCbqQu6uSehexoVVgAx1tKlBKOuq57pDL00/shNnUlNcHIfAif1x2corCMInm6O8lywvL/PSSy8BkMvlePzxx5mbm6PVarGxscH169fZ29vjL/7iL/jt3/5tKpXKSO03m82RXa+CIAiCcL8RcVUQhFNDtrSAzhQx7fqx27Kei85mu78XzS0a3h0OnMciAiqAZwwO9AisSilfvAqJQ4HgGo5JE2jCOS7TBLZ4XL+Yfnk7k2JQDnb2Iipfhtr2oCVLmoCfGmB/E/32/4DPPdEz5kFzGkaoC36Ob+MPtxFewyRhNX4vBq1PP9frOIXVgGRh1eJg0MuvoWqbo+dbDcgUsMXkFBLx8cSd0+G1G/Y5TRVWO+0HAqs1AwpqhfoKF8AK2sm3b0SWw1qLcVtjSQtwUs5VSE8FIQiC8FHw/e9/H4C5uTl+/dd/vUcI3dvb45vf/Cb7+/v86Ec/4rnnnrsfwxQEQRCEjxRJ2iUIwqlBaYfcxNmxtGXcduR3bVtk2I+4ViM5IPu42IKYJEFqkFg3yLmYJsTFY0YRVoN5AdiZCzAx51eUP0oxIKXBbaLe+R7ZnQ9RNppyoZ9IOYxYHJ9b0tb5sMs4TVgNX9tPfE2d5hD3c1hhNelexO+p1hqtFLq1jbrzOhzswagb3o3xxdhCBUozQ80radzxNR41xUH8XoVj4m2Ez/tTMJH16a6NVuS81cj11vPGIqwC5Kcu4iWkDxEEQfiks7GxAcAzzzyT6DCtVCo888wzAKysrHykYxMEQRCE+4U4VwVBOFVky2c42Hr/2O14bpssUTHNMXU0HtY6Q7kNA9EnnipAEXVJ9hNNAwY5Nwe5KPvFJYmCQZw3uYSuzKMyOWgdwKiGOqXAWuzOPTKvfRM++wd4hanUOSXNKy7A9YsJx4XnlVScatg1TlrnfuMeVlxMymsa7yvsxoyPxxoPtfYurN/s5Fsd9eZYcDJQrEC+0nf9+q1xeLyD7kN8XvH72v3AwprIhxdd13eonyANQPx8Z3HIm/XImnixD0yOjNJkSws0a8d3yKd2Ic5VQRDGwKjvJevr692fL126lBoXpALY29s72sAEQRAE4ROGiKuCIJwqJi/8K/Zuf/fY7Ri3hSUq2GTZRuFizOFba3xrevf6kCimlJ9XVSkV0b/6bbEedtv8MGJfUlyr1cJaSzabJZPJJI4HwCtWyUyfQ+VLvrh6RJTx4Cd/ifPwL2DOPIVxcgOF3rDbNyyexeced3aGUzPEnZ/B93BMeO5pDFrnYdyo4baGEYzjomF0bTzswQ659/8B9jspAUatMG8t5EswMYvRmR4hN2m8SaJpPF1A/NlPm1d4ffw5GSw2ct/jscHvxvPwYq7VcB8Zs0OGvcjrzbgtRnb3JlA59/PYkYXsE2T9Jf7rn75BXOKoPPE7/Ptnhy82c/95iz//2nfg+f/Ib16932MRhNNJq3WEwoiCIAiCcAoQcVUQhFNFefHpce38xbguTvawcnfW2yDjbdF0znQFnaAYlSJZXO3JwdrB2k5l9NBYRxFWB7lW44Jf+PvBwQEbGxtYa5mdnWViYiKxDa01lgJ25iIUp2Fvs89q9SEY6/4m6p1vw8RZ7MRZrNLdsYbHHXf0Jrl6B7l++8UMK6wmrWEcHRM0h3Xiho+Hvw/jZrbWgueit26grv8QjOunXxgVa6A8i5m+gGfoJhJKE03jwmo4bUPwfZCwOoyIHW4vTWw3CesTHkPBu05YWbXW4rbb49BWKS8+hTumwlhpjOQ2Uwqo8OTv/h6HWupbfOOPvsXffSp87ONOZ85KMcr0BUFIR1zwgiAIgjAeRFwVBOFUkaucJVtepF27e+y2vHYrIq46Zpd8823q+XmstV1xyXGciNAUz8XYFfN0SHwN5S8N0gSEBaugrTRhtZ9AlSQKBqJXvV5nZWWF27dvA/DYY49RKpUSr+/2Nf8IduoMauMmGO9oRZMAnBzqjW+j5x7BPvIsXnEuIgomFZ0KC3rBOsZjwtcniYJpMUH74xBWB8UkOV/jjtR+7thIP9Zgm3sUbv4T9t51lNaji6vBGlYWcauP4ulCd7yjCqtJMUm5U/sJz937bQ7b0Vp3X0sRZ2woHUAQF7QRvP6yrTuRfoznji3favnM0yeabzUuSo9wZeilWWWmssfWukLNw9qLf8wLrwfe1gpP/u7v89w8sPYif/zC6x3X66Djb/L1r77MTCdm7cU/5oWbF/nd33+OedZ48Y9fYOuzX+G3rsGbX/8q317u9Pbk7/L7fqO8+McvcJMKe3t7LH3hK/zWNf/Y63vA0hJLPfMQBOE4DPNesr6+Trvtp03Z3Dz8ELVfPtW0uGw2S7X6iflERxAEQRCGRsRVQRBOHeXFz7D9wV8dux3jtnr/yLcHeJ4XEY8C92rcrRoXmLoiU8g+p5Xu+eMnTYwaRoRLEl8D0alx0OC9995lZWWF/f0amUyG/f19Wq0WuVwu0k5YOPQq59CzF1HLb0BtC5TTZ9VSUAocBw5qZF/976iJKvbCz2EzpZ4xxwsUJblRk8TXNGF11FQA/QTRpPUZ5C4edD/TYoI+eubuNlE7N1Fvv+iL3aOmAwC/mJXOYMpzeKX5bn+DRNPguU5zFw8jrKaJ0saarmia5AgOcqzGXePh9AHGGKxpk2cj8todV0oAnZ2gMPMo+/u1viL4URnk7B2atde5uVfhYhV48+u88HqFL3zl97lGR/j87ps891tVXvzL16l84Sv8vn+Cr/Y9fo2rS9/mrXVgHta3oMIW/q/rbO0tcfWaL7p+e3mJL3zlt7i29iJ//MILfH3RF10B9iqf5Su/7//y5tdf4HWe5He/8hzzb36dry7TEVgFQfgoePXVV/n+97+feO6b3/zmUG3E45599lmuXLmSGn+U97mTeL8VBEEQhFEQcVUQhFNH+czTbL9/fHHVa7WwNur8yJg9lG2jVAGtdVfg8YyBkCgUFlgjopUJ5VfVCUWKhhRWk/JjBj97nofneZFt1Y1Gg1deeYWVlZXu8UKhQD6f7xGy4uKXcYros0+iVt5A1baOs6R+AaXV98m893eYyjm86mMo1d8BmiYqh93D4xZW4zHhdU4SX4M1DY8lHpM0p5FjjMFpbFH48O9h5T3IFY/mJDYuTC+i5s6j8yXoPKNJaxweS9L6HMWxGhmKORRVlVIR0TT4Hpz3XLebazV+fTCWCWeHbLtOpJhVqzWmlACfwdqP4x/6e7z+wld5PXRk6Qtf8V2o87/FV64dHq/OVCDpZXwtiFtLOe5fu/zWm3Ctyl0u8tmLN3nrTbjGWywvXeW3gDe39qg8+WtcA5h/js8uvc63O9cAVGYCV9sad/dg6bPPMQ9w7Rd58uUXEocmCMLJcBI5Vvf398fepiAIgiDcb0RcFQTh1DGx+NTY2jLtFk4u3/29aFepmh+w4zwfEdzild/jOSfTthEnbdlLEtmSzscFPYBGo9Hd9n9wcMDMzAyLi4vUarWusAqwsLDAww8/zOLiYlfM6teXu3AFNfswmVuvJs5jZN78OzKTS1CcxFSSvWpxMS88nvBY43k94z+HBb+kuH6E1zjeV3A+EAWTzif1dawYt4G+9wa89jdDjb8v0+fwZi7h6QI6ZQ2TBOOkcSfdq3hbSVhrMba3KBX4r6nggwITE1TDqQC67XRiCu03evrw2uMRECbOPH3i+VbhKOJtPOcqgO1kQljnpT/pbL0PWAJrqzz7e1/gG3/0Vb76bf/gF/7Tv+Uqaceh+uRFKn95l7W1u9xkkWcXt3j57hpr7FGZqWKtL5gycziHQMwNplRZrHbOrbO1Fx5nfNyCIByXj98HQYIgCILwyUTEVUEQTh25yhLZ8sJ48q66LZx8IXJMK6+vaJqUDiAQfzKZzKELUPW6KeNbosPiVtJW7XBMvV7n3Xff5c6dO9Rq/rbl3d1dbt++Hbnm8uXLXLp0iUql0h1P0E5cMA6EQ1uoYuYvw9QCbK+CPkJqgO4COeC10K/+BRnj4v7Ub+JOLEUcoGGxLjz3pHUJvoeFtnA74XnF87TG24vPPR7Tz/kaH9O4YoJxOLhkNt9Bv/LfYOce5KLP5dAYD5TGzl5EzV5AaydxjeNjiY857J7ud6/SONzG33tvgzbCwqo1BmMtjtaYmIgeOLUBcuxE3LzGdf3iXWOgvPjUieZbPQnWX/pLf+v9f3qWKrD+0p/wQtceepV/+5+u+j++9Q3+6E9eovp7z1JNO159kot8l/V1YOZJqM7AW6/z+h5c/DVf2V2swM1w/1thVTdMlTQTrSAIHy+C1EEn4XQVBEEQhE8CR0jEJgiC8MmnfOZpLBz7y201e9rWthkR38Lb8AOSRMrgZ6VUd8dy2HHXT9hKEhfDgpdSiq2tTdbW7lGr1br9aK1ptVrdYhUXLpzn0qVLTE1NdYXV+Lb2uHAGoJwMnL2GPfvE8bdXK+UXYNrfQr/792Te+Vuc2t1UYTVpbZLWIBh7fCt7MMfwPUhby/jckwTauGAeH298HOF+BsWE+w3G2h3zxofot/8WdedNP72C0kdLCeC5ML2AWXgUU5pLdKQmrU14zIOE1XBMeM7BXIJ7EH4txO9BJK9u6J6akPDqum7ktefYJjl7WGgFwGs3x/JeoLITFGYvf2TO1VG++l8DvhvUYu2bfPf1vc7vb/KNP/oTXlwLxVUWmEs9brF2joXKHi+/vExlYQ479wQXuMlNLvDEnB8/N11h7/Xv8qa12LUXeXkZlq5c8dvyB9ppd44nLlRYfvlF1qzFvvld31074tzlS77kq//XOPjyl7/Ml7/8ZSYmJsbSniAIgiB80hAe4QeGAAAgAElEQVTnqiAIp5Ly4tNsvfetY7fjtVpYz0OHts5nvA2Uu4/NTHSFlvDWemttj4syLkApFJbeP3wUquteDc6Fv4fjwzGe57G/X+PgoIlSisXFRc6cOUOxWGR9bY2bt27RarWoVCYpFosA1Go1Njc3qdVqVCoVFhcXyWazQG+aAwCmL8C5T8GtH8P+1vHcq0r5gtn2CvqNvyHrteCJX8crLybOOTzvsAiXtjYB4ePhOQXHkoTrpLkP6muUe9UvJj4Ga/1t85n6Gtl3X0S9+SJ47eOtvbXYxcfx5h/Hy5T94lZ95t5vzEnn4msZnnv4GmstlsPXQne+xnRF024u1WA81mISYgIm1XUyRJ1VbvNgLPlW/XQjqmcuH3eqz/4MS1/7Dn/6tTeAJZ5/fonlH95lnWf5zeff5mt/+jX8RApLPP8ffbdq2nGAq1cqfOc7FX7mKkCVRfa4deFJqt3+/j3Pb3+N73zta3wHqDzxO/zm4eWxsf1rnvivf+qPrfIETywts30iqyAIwlHJ5/Pk8/nuz5JTVRAEQTiNiLgqCMKpZOLMU4xFUQHc1gG50qFbI8s+E+4bbKtnetyj4BcdMgkuxSSstYfDVOm5LQPSzvl5Kz3AUigUWFhY4MLFC+SyOUqlEvu1Gqurq+zt7bG+vk6z2WR7e5vt7W1arRazs7MUi0VmZ2dTx+o5BfT842SWnoS3XjqewOdPxhf2Nm+j3/oOWTRc+1W8icMcrEnCas/cE7b6p7lZB2GtTV3jpHbS8pAmjTkQcvvFAD3CvNPYJPvBd3HeeQn2NyGTHWouiRgD+SKm+ghmYhGUM9T6DDP3UWKC//ygqMgd5FoNF7rqNNY9H44J91ny3oumBPA8vNbBUEsziPKZpz4S1yqMmCdx7vP8uz+E9FylV/iNP4xW7r5yBV9kv/IbRE51hGzSjofPdY5d+Y0/5EpszMGx6Hzm+Py/+8PYOP1jn+9Gfr7PPARBGJVxfBjUbDZ59dVXuXTpEhsbG2MYlSAIgiB88hBxVRCEU4mfd3VxLHlX2wf1iLgKlpL5gC3706nbxgNBKJx/NSL4GYtVNqL/xnOwxulbUAhFLpvruB8VuXyObDaL4zgUi0WmpiZZXV1lY2ODVqtFo9GgXq/jui5Kqa4bZWZmpqfP7rxQeFPn0RefRt98BRp7/vb046CUnwN04xb69W+RVcATX8ItzPl5QRMcq/G5J63TKFvv48eT6NdOv7ikfkaJcWr3yH74XZw3/ho2bh5f0DYuLD6CV72MyU0OtT5poukgATttXuHz4WvjwmpwLJ5uwNrDHKvh9jK2Rt5GK923D+qjrE5fJs48/ZHkWx3nVl5BEIRxMDc3R6VSud/DEARBEIT7hoirgiCcWiYWn2br/b88djte8wDjuuiQYzDDAdq2gEJXRAq2QHvWRhJeh1MGwKEzMSw+JVW0H0TYBamUolgqk88X2N/fZ3dnl92d3U4u1i329vxtfPV6nXrdF5wymQzlcplyqcRctUqxGC2QlCSgebkKnP002Ud+Fv0v3zq+uOp35Dsqt+6gX/lzsm4b++izmOnzWJ2HBNE5vsU+Pua080nzGkSa2BXexp/UX5pAOYxgbIwhc7BB7v1vo3/yF6jNW0GnQ4+7h8ARe/FpzNyj2EyhZ1461v4wonI8HUDShw3x+SkCwT4qmsZzqAYpBWzMrRpPX6CUYtp7C2U9uklcgXZ9v5uv9TjonJ9vdX+/JsKnIAinjrm5ue73cbhX5X1UEARB+KQh4qogCKeW8tnxiKvgO+Dylanu75oGRXOTZtZPJhgIq/Et6jomQoUL+QSiq9LK/0oQo/o5KeOxExMTVCoVdnd3WVtbwxgP1/VYX1+nVqv549GaTCZDNptlamqK2ZkZpqenmZ6ZoVA4FFfTRDarMtiph+Dy8+Tf/wE0949eWCmM1mAV7K6j/+n/olBfx732K7SmH8HmJ1Hq8H9nwwirw7hah2FYYXVU12ZSTHdeXgvd2CZ/47voV78FW3c6azz0sJMxLlTm8M48iS3PHSkVAIw29/i9CnKsdu+TOXRvh7f4B30Ex7yOsBoUsYrHWWsomg8ja+S5bYzbHmppBjGx+BTWJqegGCdBAToRHgRBGAfjei/Z3PQLBY76IXDSWML/1hAEQRCETwoirgqCcGqpnPv5MWVdhXajRiEkrgJUzcss83hX+AunAkgSncLHHMfpiqxJhLdDp4l08fZLpRJzc3NsbW1186kGZDIZHMdhYmKC6elp5ubmmJubo1Qq9Qhh8RyhPdvYs0Xs/OPwU1+EH/wZvk13DAKrUv62d8+FH/45mb017JVfwjv/DKZYxepegfXw0mSXaHjt0sTMfn8s9hMXB4m8adfHYwLXM1hwm+id6xQ+/B76x9+E+vbx19XarnvTXv4crfmrmEw5dV7BuIeZe9yFPUhU1urw+uC/QECNC5fd9Q25VsOu1nCccrfJeFsR/dlt1Mb2+p84//O02+MRavuRy+XY29s78X4EQRBG4Zvf/Oax22i322itu4UzBUEQBOGThIirgiCcWrKlOcqLn6F295Vjt+W5Lbx2Cyeb7x7TtknO7tCyh0Wg4o7PgCBPJBwKq+C7VpPEujRhNdxemEDUmpud5e7EBDs7O93jmUymI6bOsrCwyPT0dGQMQXvGGjzX33ZdLpf7bq235Tm8a7+C887fw+YyZPMc31rJocCaAd7+B7Kbt8k8tU3z4V/0C11pBxvqJ8lh2/2545JMi+u3vvG24v2NIqymxYQLoGENym1Q2L+F/pc/gzdegvZBJw3AcdfV+m3NnqV1+VlMcTZ1Xt0rhkxdEF7jYXPi+iPqda0GbTiO0xVRPc/DixW2Co81EGbnzE+64wj6btX3YRzyqnKYeuhZDlqt47c1gHw+T6vVwvO8YznEBEEQ4OTd9qPQaDR60iQJgiAIwicFEVcFQTjVzF7+N9RWjy+uArQaNYq5Q3FV4bLQ/Dq3i/+hJ7abh9VaHKJCUz/hJKjJHWydHkZgCcdNVCqcXVrioNmk3W5TrVZZWFhgbm6OYrHYvSb+B1e73WZ9fZ2bN2+Sz+f51Kc+RS6XS3V+WidPa+oRCr/we/BX/3kcsmp4Qn4uVycD67dQ3/nfKdz8Ee6n/g2tM5/BFqt9RWxjOyJcxyWZFBsIq8OKq0fZ5j8opiuw2zbZ+j2yt34Ar/w53HoTnKw//3EKbE98AW/2MmSiWzLT1jI+3jBhYTXNsQpDCKwDtqyGHavBeJIcxxPciKYEaDUxrtu37WGZvPA5nPw0pnXyjtJMJkOhUGB3d5fJyckT708QhNPN2bNnyeVytMb04VEul+Pxxx/vOe66LrVajaWlpbH0IwiCIAgfNSKuCoJwqpm69Dx3/vE/Y9zjVw1vN2oUJmdiIpLXFUvTxKWwYzX43lMMyXaclnp4MS2t2n21WiWfz+NozeTUFJlMJlVA8zyP3d1dbt26xcrKCvV6nUwmw8zMDBcuXCCbzaYLwU4e9/wzZK/+K3jre2C941ezj5PN+4WYPvxnnJ1Vig9/Fu+x53Crj2MyE5HQrvuRqCAcZxQnT3jrfvBzODdov37S2grjHGyRWXsD/eE/wmv/Aw52IVdgLC5gf7D+fTn3OO1rX8IWoqktwoXUwikg+jmm40Wp0p77NOHUWBNxrSYP2+C5bjclQFhQDX4Oilvl3WU0zcj17UYtvfERmX74l8cmPAzD4uIiN2/epFgsksnIP+MEQTg6gz7AWlpa4g/+4A9OfAzr6+tUKhVKpdKJ9iUIgiAIJ4X8q1wQhFONkytTufDz7Hz4t8duy7htvFaTTP7QAaqspb1/l0ypiuoIi0HO1UBU9TyvK6yGt5UbY1BeSJRVoI3uCqxhQSlJEIyLWoEIlc/nu67TuJAbbmd3d5fl5WVWV1fZ3d2l3W5HtrJ3x5iw3duPU7SKC+if+g2cex/Cxm0/X6ozxv/1KNXZGm9RG3dgbxNn9R2ch34a79xn8BaeoO2UANV1rCa5KfuJfWHSCjSFzxkbKrykdGpc8nQ6guTBFpm7r5O5/k+oG/8Mu/eg1QDl+MWrxoH10w1QmISf/m2a5bMYpVHWJuZXjaeJSFu/IF+qVjoiPsfbClzY4TUKhNXw8xUWT4NjnuviGUPbdSN5VsMpCQJX63zmX6B9MikBdKbI5MXPUT84+XyrAdlsltnZWe7du8f8/LwIrIIgHJn7XRzPdV02NjZwHIfFxcX7OhZBEARBOA7yL3JBEE49Mw9/kZ0Pji+uArTq+2QLxdARy4XM37HGlzDqsEhQv+JW4fySnuehtfbFrsC9GnIE9hP7wgQCVeB+dZSTIohCs9nk3r173Lt3j42NDWq1Gp7ndXOzVqtV5ubm+m4X77arczTnn6D41G+gXv4zXyS0ZnwCoT9hQPntNuuo5bdhexXn1k/Ql55Bn3mC1vQlVH7GFye7lw0vrA6zznFhNRBxR2lH1dfJbF9HL/8EffPHqPUbUN/x56b1eNfNWsjksI/+LI0L/wqjsyjSBdG0MScWNUtwBye2E4pLElaTxHy3I6yGRdXwayEsrBq3Rs6uRrInuAcNbOeDjeMy9dBzoAsYsz+W9oZlZsZ3yN+9e5eZmRkKhYLkYBUEYWTul7hqraVer7O7u0uhUODcuXP3ZRyCIAiCMC5EXBUE4dRTufA5nMIM7sHWsdtq1WuUZuYjQkdR75AxO7SdIuBEcqramEswOAZ0XaEB4S3axho00crqSXlY05yCSa5DYw3ra+usrq6ytrZGrVaj3W6jlGJqaorFxUUWFxeZnJwkn8/3cayGUAqbm6T56C+R211Dv/lt2N8AZ4wi4eEC+YKhcWFvHVXfRu2soD58GTX/KHbhcWz1UdzJ85jsRPqY6c19miYuhmPiwmr4foXb6ckJatrkdm+i1t5Drb6FXv8Atb0MtS1w24dFvMZJIKwuXsb9zL/FK1ZRoXnHhftwKoBUN2rMiTro2Qie1/C1SesTd626IbeqUocF37ofIHRc4cZ4LGX+BdVxUQc06/vjKGMFwMxjX6LVat0XgWJqaopcLsfKygrW2r7pPQRBEJKw1nbdox8VwXu41pr5+Xkqlcp9d9AKgiAIwnERcVUQhFOPdrJMPfR5Nt7+xrHbssalubdNYXImcnza/JgN+3k8KhGhKq2YUni7fcSRFvrRWINCdYUpVLqjsJ+w6nketVqNtfU1VpZX2Nraotlsdv/YKRaLnD17losXL1IqlXq2Iac5aINzAF55Ae/x51H7a6j3/6lT6f4EqgIr5btTrfXzie6soXbWyGzcgOU3sNWH0AtXMNMXsJNncEtVjFOK3IeTFlattSjTxDnYxtldRm3fIbP2Nuree7C9Cgf7YLxQyoMxYy1Yi506g3nii7SrV3tyxyY9O2Enbji3aWRtEmJGdVeHU1OErw8KV8UF2CAtRtjtaq3BmBYV9UGkD6/dolXbPerKRcgUZpg4+zS7uydfyCqNYrHIww8/TLPZpNlsdlONCIIgDIMxhmazOThwjExOTjI5OSkpTQRBEIQHCvm/miAIAjD9yBfZeOv44ipAY3eL/OR0REAqscymV8dTpR7RNDEfZUeADXKxdrGHVdSV8oXVbjuMLqy2Wi02NzdZWVlheXmZet0v7JXL5bqOFsdxKOTzPQV0lFLdQj6O4/TMJ95Xe+4x7JVfItOsoe+87ucQPQmB1e+c7l5w40F9F+q7qPUPydz6CUwtYmYuoKYv4JTmUROz2NIMtjQLmQLWyWHRfQXjYF4RsS9BWFWmCe0mTqsGjW2ob6H27pHZuYWz8QFs3Yb9bWg3Aetv/T9RB6LFVuYwl3+R1sOfx+h8d179hNXw3Ps5UfuJqj0jCfVjzaGwGnZvB1v8g6+kcQRx/peHwlLlDZSKio0He9vjSLUK+O8ZntdbvOyjRilFoVCgUCjc13EIgiAIgiAIwmlFxFVBEARg4uzT5CbP09q9fey2rOfRqu2Rn4hWXi+ZD2irIkb7uVd78nEagxcTVePCjbV+FXVrre9U1VFhNRw/TCqAZvOAu3fvcvPmTVqtFlprSqUS1WoV13PZ3Njk4OCAjc1NpmdmqFarXVG3Xq+zurqKUopqtUqpVIqKiiF3ozEGq7KYs0+h2nW024Rbr/ouypPOFRkWcF0Xtu/Czj308lvk8kUoTsL0Enb6HO70RShOYQvTmGwJmylAJgdOtvM9j/VC98RalAVHgbIeynPRGKznotoNaB+gm1tQ38LZX0PvrsDOCmyv+IJvu+k7bBW+qDrOnKpJWAvlGewjP0f7yi/Rzs+iiRVSs6Yr4kPUjRreoh8mydE6lLBK1KkabivsRjXGYGI5VrvjDQmr/nMNCo855x3CVm/jujT3x+NaBZjtpAQQBEEQBEEQBOF0I+KqIAgCoJRm+tJz3PvJn4ylvcb2BrnyZERsnOV1WmqBfVvqcXlaa/E6wpGjO87FmAswXOgqrXhN2PXanVssF2vYUZjJZCmXyyilyOfzzMzMsLS0xNLSEo1Gg7fffpvl5WU2NjYol8tMT0+jtWZ7Z5s7t+/w4Ycf4jgO165d49y5c+TzvgsyKNQFHZGsI9SZXAX3ws+h202cZg02b4PbOjkHa5ywI9R40Nj3vzaXUfyQbK4AmTwUK1Cehol5bGka8hPYwhS2MIXnuYdtGQv4eXO110Id7IJ74BfWqq3D/rqfO7WxC82G32cgJnbuMXF38klhDOTLmEd+gdaTv057+lF0KGcp9DpS49v8g5jBXR0KpklFvYCusBpuL1zgLexYjceFhddwugClFI6GivcBjmpH+j3Y2/ILg42B/NRFStUr7OzsjKU9QRAEQRAEQRA+uYi4KgiC0GH6kS+OTVw1bhu3USNXrkSOO2YHrVuAv4U3vg0aOgIToGN5UYFuAR/HcXwxqfNfENfNv2o7Iiy9wla4r0KhwNmzZ9nZ2UEpxeXLl5mYmOi6Z+fm5tjZ2aFer7O+7he7KhQKvPLKK+zu7nZzw25ubkaqlicJq+CLdaY4h3v5eVQmi3rlG6g7b3Vcmx+DauetAziowd5hcQ/VKSgVjK4rheaLh87TMNb6ImoY7RzO734UHbJ+ugF78TO0rv1r2tVrkWJQfkjyNn84mrAaFFn7/9l78yg7rvu+81NV773u1/uGRjeWBogmCS4iwVVqRLJMKrFlylFkgJ7ItiaW7eOIdEJm7HNCSnLOZBJnIUVmmyNNDqksnvjY8oxtgscT2xp7nEiyHQOWSIk7AJJNAA2gG0Cj9+UtVXXv/FHv1rtVr14DIBtogPx9ePoAqLp1762q1yTx6e/9XXN9Qo7WatRq1difnUQ1YjVdh9VuF1qJVq01Ocr0O68lpK4KQypL8xec+8XSs+tH8H1/w0sCCIIgCIIgCIKw8YhcFQRBqNE2sJuW3uspz769Lv2tzs+Qb+tISJ5B5wfgtLPEDQ27m3ueh+u6sTSyl2rby6HN8UTtT1L1LZ3mdTITyUTHoVgscsedd+C59VIESitcz2V4eJjV1VXefvttZmdnefnll9FaUy6XgUgEd3V10d/fT7FYjK+HmvyqJQXNDvJm7kFLD+Gu+/EKnbT8xbMwcwpwzaTey2N/71xsirZSyj7uOOBdBf95TXweHBj9MOU9D+IPfgjXSkUbjAg3n5v0Zmvp5ftRt9nlAmyhnnVOa40KVdM+kjVUVXwvruPgW5taBUGQEpyaopog5yTfTXlpPh5vPei74VNXfBMYQRAEQRAEQRCuTq6Cv/0JgiBcPfTf+OOcPvTv1qWvoFLCL61QaOtInlAlQsJ4CbS93B9I1FtNJ1vNZknxRleaWGAm6lFafjKWnRlLomMBi1OvtwlRotCJNrbq6emhu7ub+fl5SqW6tGptbWX79u3s2LGDzs7OxJLuWPZqwKmnGBMCzW0hHLoD56N/l8Kf/XuYO3PlygN8UFAhBD7cuJfy7T9BsOnG+LORlp3mnRsx31C/1y45Ycn7uI31zk0tYFvW2uPYAt58lo1IDYKgIZFqCGvfD83O53SJfl5LzkspyguzrNdOVh1Dd5JrH2Z1cf3qtwqCIAjvHllFIAiCIGw0G7A2URAE4epl4Ob9eIXOCze8SErzM/Wd62tfA7xMr3MYAK2j3c0NJrkaBAGB7ydqThqp6jhOLJbSm/kAkBH8XFOsmg2E7DYOlMtlTp8+zcTEBIuWSHIch6GhIe6++252795NV1dXPK+MQRJjNcwr10Z16A7UfX8PNl8XPSP5S9J7xy5NcOenKN/z0/iDt0K+PfEuYtlpxCoZ0rQm3W0Z29CHLdMtHKLNz5RW8TjpEhg2DZ9lew5WGQDzPZG+tqgnyLurie+3KLUaXPyzuwCb7/i8pFYFQRAEQRAEQYiR5KogCIKFm2ul/6af4NzL61N71S+t4pdXybe21cdwQly1QqADXNfBsXaIN+UAYnEUhtES7lTK1XVdwrCefjUbVsVfTWSmwa6nmaZSqbAwv8CZM2eYnp5mZWUlThh2d3czMDDAyI4R2opt5PP5ZHkCq+5reh6JHd5rO9LjOKhCB5Whu2j5SBX38J/Cse9D6EuK9d2SEKs/zvJNn0H1bMXJtQHWJmlYS/hNOVgnWXIiLiNhXKeT0SYlVu33Ho+hkqUB0mOkf0iQFqxaa8I1NrgCyLNCr3Mk9Sg0pbmZ9Qqt0tK9nY6tH2FhQVKrgiAIgiAIgiBEiFwVBEFIsenWv830a/83OlyfdFpp7jyF4R2JY73OO/h0saBvqAlWJ7FLekKweh4eyU2BsuSS4zj15fdEsktnWKW0WE1shAXMz88z/vY4c3NzVKvVWl3VTvr7+xge3kpXdxdtbW3Zm2XROCdDonyBLeIcl7DQSWXbXigO0Fpox3nnu7C6GAnWjdgA6lpFhZFc7exHX/9RSh/aR9i9DcfLkxar6SX8mTV6a/9crHy1BX98PkOsGrLqq9plMmLZan1vpDe4guj7oUsfp9Vdwo5uV5bmUaH/Hh9qnc13/BzV6vr1JwiCIAiCIAjCtY/IVUEQhBSFjs303fgpZg4/vy79VVeWCPwKuUJLfMxzqhSDSRbUNvA6GmUVxKnUNLZYMunVrBRqg+hMybN4PKudg4PnelSrVXzfp6Wlhd7eXgYHN9E/0E9HRye5XK6piMsaL3FftRqspmanEXFaa/x8O2y6Gf2hHC2tPXjHDsHCGQiDq2ODqKsZrUCpSEQPjKB230/luo/hd4/geF78rJst4V/rfZpjtpTP7Me8V2scFdY3yVprqb9dQzX9vZBZ+iJFi7vMAIcb+l+dm37XjzRNrm2AvhseYHFpZd36FARBEARBEATh2kf+tioIgpDB4G0/w/l1kqsAy+fP0LMlmV7t9M6woidZ5caESGpM/im0JVrtjYUcx4nlqlmOrVWjGHOdbAGbRVdXF4ODg+Tzebq6uti0aRM9PT20FlvjNg07vGeI1YTEJSXzanNNz0m7BaqDt0BLGy3tPXjHvgvnxqGyGolDR1KsDWgFSkNrJ3pwlGD0rxGMfpxqcTOOm3zODUlmJ+NdNRHldnI6S6zGnz8jVpVq+vlIi1O7hqoZJ6vGamLTtlo/jvYZcF7Go5wYo7w0T+BX3+VDbWTTrZ/FDxpTs4IgCIIgCIIgfLARuSoIgpBBa89Oukd+iIUTf7Yu/VWXF6ksL9LS0R0f85yQgfybnOI6lM7XZFKI47iJWqpGsCqnni40X7lc8l/jdvI1alxf9m23iX9vSS+z5Lu1tZXt27czODhIsVik2FZMbDxk2mVJuGhIp0G+mrnE889oEy9TdxyC3l04xR5yvSO44/8D79SrMD8FKEmx2qgwEpydA6iddxNc/zGqQ7ejCl041N8V1J9vLN7dJknm2ntNJ1YvRqzG580mWU3QWsfCNL3M35xLf9mf7XoZDUW7c5YOJrDLAagwYHl6at02R/MKnQzcvI/VcvnCjQVBEARBEARB+EAhf0MVBEFowuY7f27d5CrA0rlJCu2dOJaoLLBAMTzNsrMDrVWt3qoTbyAV1VGF0Ertua6LWzuX3hTIxq7BamgmRN1UIrSrq6uhXMClpFVNvUy7XbPl5UB9gytzHoewOEA4shevexuFvhHc1/8EZ/EsBNVoJ3hqO8J/EDHS0MujuwZRu8bwb/wEfu9OdC7aPM2klWNhaov3jBqqJhmqdb3GajrVaurmNhOr0dSSgj9T3lpfWfVTbamamJfVj1IK5ZfoL7wETrKPlfNn0GF48c/zAgzcvA9y7YSlpXXrUxAEQRAEQRCE9wciVwVBEJrQsfl22gZvZfXca+vSnwqqrM5O0zEwFB9z0Gx2v0dFdVLR3Y3X1MoEuK5LqHVU1rImwky61cgnW2wCeJ6H53lxXxcrVrPqsDYs379EsZrVLi1W7Y2V4jZuC37PKOGtQ7RuvhHv8B/jHPsBlBejGqOmiOsHRbJqHX05DhS70FtuQt3yScqbb8dv6YkTxol0sS1WnWSpiEQbUlK0WQI5Q6zGS/l1tghNC1a7hmq6rVYKFYYEQZBok0jPao0KA7r1EVqdeezUql9epbQw8x4ftIXjsem2n6JUKjWt+SoIgiAIgiAIwgcXKV4nCIKwBsN3fyGSSev0tTJzlqCSXFqccyqMeN/GWCtTQ9WuRRkEAb7vx9LSSFMjqsKUjDLE6UCtEuIrTsFmSbgmYtWWW82wk4hxyjGjr4RYpVGsJoQfmjDfRmnoLvyPP4L+0X8A/duj+quq9mDf79JLW/eoFXT1o+/+DMHHvkBpx0cJi33NxSpJserg4Dpu4nNgPhsAOI2pV9PGnG8oBWDXA06VA3A9Fxziz6hZ4g80lgMIAvzaV/qzbItWrTU6XGGo5c3UY9Isnjm5rt+zA7s/g9vSh+/7F/++BEEQBEEQBEH4wCDJVUEQhDXoHvkoHcN3sTz1/fXpUGuWzp2md2Q0cdijQitL+G4PQKIOpb1xlSkRkKNem9KIWCPDErVYa+xr73AAACAASURBVG4qvVFWjPXHrFSrjVLqgjVWTT9xTc4my8shWQrACL1EHylJp90cZbeX8vaP4+zfQ/vE/8B9+b/C2XcgDN/f6VWtwK9CSxt87Kep7Po4lc4daLcA1F9jQwo59RzXfFe1jrJSykaaxhupuckNsuzzaVSoEvVVgURy1RDWfoDgpxKribnU/hwEPjsK38N1k0v/S/MzBOVS08d4qThegeF7H2Z1dXXd+hQEQRAEQRAE4f2FyFVBEIQLMPzhX+LN3//FdeuvsrJIeWmB1s6e+JiDZnvuWxzXn0bjJRJ9RqxG7aJkaxiGuK4bSyiTdjVizJQNSCcDTX/Gximtoh3em0hT+9pEXVQraWq3aZB1qTYNfZnd6rmAGLUkLY4HLT2sjNxPru8GCie/h3f0O3B2HNDgemt2dU1hSh+0dcN1dxNe/3FWBu+EQhHtJO8z810Yseo0ilfTzhar6X7S2GK1PkWVuXmVkf123dSGsbHS17WvLEGbrNEakvfP0tEyjf3TARUELE1PXfCHBJfC4G0/BfkugrLUWhUEQRAEQRAEIRuRq4IgCBegc/guekd/lLnxP1m3PhfPnKTQ1olr1UTNOWW8lXH81hvAzaFUCDhxCQCzuZVJ/RmZaidWGzadqokrI1+jjki0izcw0vVzRrDZtTSbSTjHceIl47asS/cDqVIBqZqdhsTy84x+InHooAtt+L27CNuH8LbcRX7qZXITL8LkYaiWIzHpXYOiVYW1uqoudA+irt9LdefHCLq2Q7ET7bU2rXsKKcmdsXGV3SYmo126TeIzZKaqs2Vouj4qNKZVTeLaLnthlwywf1BgPqdB4KNCn93tByElUZfOnUKHwUU94osh19rL8J2/wLKkVgVBEARBEARBWAORq4IgCBfB1o88wtz4n0bLs9cB5fuszJyla/PWxPGR9tc4FfZTDnvQNMosiGpXGjzPi1OtdrrPllRQT7LaqcO4vUou9W4UmUkJlyU7TX8JsWonaW35Sl2cNRWrTdrY84kSuHlUazcU2tEdm/GHbsObeZv89Fs4k6/B0gyUV6J5ue7VWzpA6+iz5bjQ1gX9O9DDNxNs2o0/cAOqYzOhm689expqqKZludY6833GbVLv1E61Zr33TAluEqspt2p/JoIgSNThtTFiNQzDON3a/PFE7bQK2Fb4Pp4bYKdWq6UVSvOzazzgS2fozl8gdFoIw+V17VcQBEEQBEEQhPcXIlcFQRAugpaubQzc/BOcf+O5detzZeYMbT195FqK8bGc6zPM9zgVjFF1ehp2WQ+CejLPdd1YrBrsZGC8aZXdrpZO1SqVRq2di8sPNEmspiVbetMqc21Wfde16rA2CD8urQ1eAdW+CV3sJegZIRjeA9vHKM6Pw9m3cBbPwvJ5qJQg8EkWe73CeztqZW3A5UTp2vZuaGmHTbuobr4FNXA9dG0hLPaivFairG7yGa4lVol7X1us2puVxdPLeM5ZYjVrqb+9CZYR/Eaa2mK9nkQN4o2uss7HAjYIUaFPmzpFb9up5OPUmsXJEzRY3vdAoXOYTbc+yOKypFYFQRAEQRAEQVgbkauCIAgXyZZ7H2b27T9GVdcpyaY1C1MT9O/cnTjc4i7QGb7FvPch8DoTtSuNgPKs5e5ZpQDMr57nJUoGaK1B1TYissOLtTqskcRzYrFlC68smZcmXaqgfqtWqpUMKYhOjGXa2debNrbka+zHRec7Cbs7cLq24Q3dCMN3wMoM+ZlxnLkJnPkpKC1AtQRhEH1l3AuO8+6Trlpn9wmRTM3lIV+Ejj5U52aWeq6jpWcYp28bQfd2dEs3uLmE6IyfZ0pO2+/bbpMpVmv9ZT1j08YI86bJ4dRnw5CWog2iN3U+CAICa/Mqu008F6UIw4BQhXi6zM72l3FSEnV19hx+eX0l6NaP/AP80EmkxAVBEISrk6z/HxEEQRCEK4nIVUEQhIsk3zbA5tt+hqkXvr5ufVaXl1idm6atbzBxfKD1BCulQapuK45XSKT4XNfF87xM4WWwN8EybcxxI7MS6VInW9LGMtNycPF5GuWZ+TUtTLPKBTT0c4FUq705U2YbnRS0jpvHbx+G9uHo+Wy9HXdxChamcJanyS2fw12ZhuU5KC9B6NeEq19Lt1KXpE5tYK1qm0zVcN1oKb/jNLaFSKJ6OSgUo6+WTmjrRrf3EbYPEvZsI+zYRKm4Bd3Zl5DYpJ9h7Tk2lHZIbyJWW+bf7H1mPT9z3t5oLP1eL0WsGimZ9Rde84MCk1pNS3X7s26+cqyyrfh9PC9ZDiCollk6e3o9Q6u09o3Sd8OPMTc3t36dCoIgCIIgCILwvkXkqiAIwiWw+Y6/w7nXfoegvH7iZf70cZxcnmJXb3zMdRWbW97gTNiF7wwAoJQRUW5DKjQMQ0vM0bDU3d4AKy1E0xthaWUJuFot1vg8yXFtaQrEqdf0+fRYmVLQtFlLrJp2ay2Ht0SxjV/chG4dQA98CDcsUyhP4y2fw1mZhZUZqC7hLZ/HWV1AV1bAL+MEPqig/oUTJV3jF+VFz8pxwfGiX70c2s1BvhWn2A4tnYQd/ej2TdC5CV3sQRX78Ft7CXKdaK0pum5ScNPkGabqqGaJ1TXldZPnBzSWibDHuUixar+H9K92jVU7sZquGWzamD+72qc/9w5duenEuKHvc378cG3jt/Vj295fplQqrVkD9mrDCRdxtZQwuJxox0W73WinZaOnIgiCIAiCIFxliFwVBEG4BLxCB9v2/jLHv/W/rWu/8yffIX/DbeQK9b+4t+WW2ey+wlR4L75ua1gSD8mUn0mreq6Lawkvk1aFjHqoTiTsYhGm6iIuLVYdnGSN1TXSqOlarI5bl6a2WDUy12y2dSGx6rhOYvOlhNQjmcY17ezzAK7ngteGX9hJ0H1d7bzC8ZcpVBZwV89D6ONWFqGyDGEVd3UOp7QAhVaUm8fVIRoX0Dh+OQq1FtrRrV3ofBHt5tEdgzj5FnRLF9WWbsJ8J46bT8pO3biZWFbiN33vzRKrDZ+Pi0y1rlVb91ISq+lyAOkSAWEY4vt+XGM1na6up1VrG1zpgA7nDIOFcezEqtaauZNvo0zCeJ3o2Xkfndv/GvPz8+va7+XAVcvkKodxKTWUShAuHwqP0BskbNktS5EFQRAEQRAEQOSqIAjCJTNw82eYfv13WTn32rr1qVXI3MRbbBq9BceShx3uOfrCVzkT3A5eEdf1EkLKTtfZy6tdpXBzucyakZ7n1Te50sQCViudkLBQr48KdWGalp3NaqdqVS8pkEhAriFW7fuwxWkseknVcrX6sqWg3Y/Sqi6MayK5Yck8oLx2VottOG1bcByHHFUcVUEHVbzqCjl/Ge24BC3d5IMygVfAUwFOWAYVorxW/EInyiugHZfQbY+esRGaZr7Wc07fezwZnXyf6XuPZbF5f66Tee9xEjnjXcWfIa0a2qTfV/wMLZqVArA/k3YCVSmVEKvpeRj5GoYm1aoohLNsbXsF10mOvXTuNNWVJdYTx82z/Ye+yMrKylUvzdzqKfLVt4HAfFyEK4aPF07gBjP4rXei3daNnpAgCIIgCIKwwYhcFQRBeBds/9jjHDnw+agG5zrhry6zMDVBz9adieO9uQmWlx1W2u4BvFhq+X4ytWekq+u6kZwKgvj35rjZ4CqRLgwt0Var6QrUlrsnpWq6pAAk05GJ5fmkZOca7cx5qC+FjyWdLWczapDGc3Hq/ZiUbXrOqPrS+qz7stO6IS3gtqA9TdDST7nWznVdqmZeJq2bYbc8uzaqkcDp+Zhpmc+RTspJ+97TcjtdqzTdV/q+0nNpaJM1X0vOprHTqHaNVfMZssVqWNu8KrBqrNrlAtJiVSmFGy6zs+1lCrlqYtzK8iJLZ09lzum9MHTXz+O2DlBdXFz3vtcTNziPV3odhWy2taGEVbzwe/gdH038QEwQBEEQBEH44CFyVRAE4V3QMXQ7g7f9FOde+ca69rty/gwtHd0Uu/viY64Lw91neGd5Gtq2xFLKCC178yojtwA8IFQKp5ZSTS/XTpcMsDGJy7htuuaptZQ9atQoTF3XrZcLMPZRJ5eg2+PYfdlzcp16utPuJzmh5B/TYjVO4rqphul6r+nzqXZ2OYWsPprNx7RLP590P+lNybI2E2uQ16m0KWQL44bppNukSwo0EcE2YRg2fH5ssWra+FZa1cbetCq0a9nqkC3FN2jNL2M/gNCvMnvirTXn9G5o6drG8N2/yOLSyrr3ve4svYBS5Y2ehQDADO7qYXT7rRs9EUEQBEEQBGEDEbkqCILwLtn6kUdYOPHnVBZOrmu/cyffJl+8nVyhvty04FXZ2fEKp/wOAroS7RsSoLUUoApDXM/DpZ5qtTe2SmwaVBOwcbkAiGVf1nLwuEaoKSeQ2gzJFqvxvFLtjFxsaJOqD2snUtOp1vRc1iIx51SK1O7HddzMlG1ahpp7bxwoo/Zp7b5iyWvKJVjtmonVrPnac7Zr0GZJ5fTzabh3q1yAuXcVqoSot0tRGIIgSJSdSNdXBahWq3GyNV0CwN64yiRWzXMYyI3Tl59KPkOtmT3x1rrXWQWHnX/9n1OphpllNK4qKqfBX5QyAFcTpeMgclUQBEEQBOEDjchVQRCEd4lXaGfnJ/4pRw78/Lr2q4OAmeNvMnjjbYnlpq25Rba4L3C6cg8VXawlVr04fZqupxklRiPMUm0j6tJpQ7scgC3HsuSaLU3tDbDi8yZJaZcNuIBYzZSmKQFpy864TYZYteeTTqw2FZX2+QuUOYjHse7Jvt9mYjU6SaJdQwmEjHtPl3Gw7z0hZ9+NWHUa31VarKafbVqgAolj5sv3farVakM/dpvE5lU1OvVJhotvNTzHpTMnqSwvsN4M3v4ztA/tYW5u7qqvtarLZ9BB9cINhSuGg48KfRxX/pdaEARBEAThg4r8n6AgCMJ7oHPL3Wy69SeZfv331rVff3WZhdMn6N12XeJ4m3ueLfkf8NbqPXheviY9azU5rZSpLUNNSQBI7shun89KJtr9JWqxUq/7mU6sxsLPsWqoKt0wXpY0jftoIlYTmzM1EYfpfhqSps0SoClp2iAz3dTy/Iy0btTQamMEZda9WaTFqunnQonVqFm9Hutawjjz+aQluEpKT1M2wr7e/uykBb19PgzDhmRrul0YBoRhkPiMtTvTjHS8huckrysvLbB4Zn0T4hCVA9g29ihLS0tXvVgFUOVZ3KCy0dMQLLTWEC6B27vRUxEEQRAEQRA2CJGrgiAI75HtH/uHLE39gPLs+Lr2uzw9SaGtnfa+wfiYA3TkzrK99WXOBndhbJ4tA42Us+us2uUAbGzxatqkk5LpVKYt1ex+G1KQJpWpU/LwPYrVuB+a92MkZzp1uZaotMmSr4mkaVqs1jb/SidE06US0mNkidWshKdNs5Rtuk2zNO9a96RClbguPZes1Go6saqUIgiCTPkKxPLV1Gs1x3PBHDu6XyLvJpf9B5USM8eOsN44bo5dn/wK1dBp2BzuaiUMqujqMo5b2OipCDWC0lkKeBs9DUEQBEEQBGEDEbkqCILwHvHybYx+8ikO/+7PoIL13Whm9sRbeIUWWjt7EscHWk6zvNpKqeVm8IoAaK0wzsvzor/s2zLUTiJGJQUaZV86aZglTTNxkkKv6XL3jDbp8S6UWG0qMk0fbpO5ZmxK1ZBazRCZaQm5VgI0vj5dvqDJfdlzSidtszaUypKmDdLZSYrcZone9D2ZcgAGU0bCkLV5lZGj9q92Ld+skgLpGqwOQFhitONFCl4Z+yGEgc/0+OuocP3l55YP/z2KA7cwNze37n1fLrRWVObH8Vr78QrdV34CQ7/A5uuuww2OsfC9/8zqGk3bbvlVuruLiWPBuf+V6cyfQe1j0967kv9T2jBGrU18vH5Nst+99N37KVpyJSrH/iWzZ97NjV4YrUOC0jTKXyavdeYedoIgCIIgCMIHA5GrgiAI60Bb/w1s/+g/5MS3//k696w5//YbbLrxNlraOxNntnWOc2q1nRI7UE6hJlc1jlNPrEJdmoZhGJcAMPLVkFVbNS3XsjDt15KLcbsm9VMTY2SlWlMC0k6aNqsh2vAUrfOZ48QN62PZ8rVpDdZm8tWiaYrUNHNolK9ZYjUlxDPvPS2vISmma+PZ80gnZE3qOZ1iTpeTMG2NWDWlAIIgSMzZvj4StGF8844Djiqzs/gCxUIp0bcKA86/9TpBeX1/YAHQufVehu/6eRYWl9a978uJVorQrxL6U7i5ebzW/itb6zN+/wrtl2m2/VfvPU/T3tZ4PDf4zxju+B6nXvid+sEbH2Pb0GBG4+vo3vsouT97mkh/h7VPjRk7jL+FcoOP0nXEtLNEvCqz7l5eh4T+MmFlAbS6cHtBEARBEAThfY/IVUEQhHVi8LbPsjDxl8y/89/XtV+tQs6/9Rqbb76TXEs9CZbLwZbi65xc9Si5QyinUBN9tetStTMNtvAy7dK1Ve0l6un25riNQ6NcNJKu1qBBvqY3OmqQphnJzqw2F6qVmZV8bSYg47EyEraXIlYT956ai91XLKfT99UQ6W1e4iCdjE0s2VepBKnpwpprWpimNz5LfzU825RYTZcMsOVrlFg1fWhyusRw4RU6WxesyUXXnR8/THV1/eVnrtjH6CefYrVUTojgawGtFCqM5qzCJYLKEm6uiJtvx821wuXOT4bKTAQdVMhUizf/o5pYXaX85pc4d6p+fGR4M7TdysBQpXb8cwzXxKqae45TP/hO1Hbbo2y78QZcBineNsbMD74DpMe2Rx+k/e6fZOavfgsIagl+jQ4rqHV6xTqsooIVwuoKDZH7hj8LgiAIgiAIHyRErgqCIKwj1/31X+O16cNUlybXtd8w9Dn31isM3XwXXi4fH28pKLY7rzKxHFLytuK4rbiuZ10XNghTuxZrMznpeV4sxMy1tlizyw7E4k43irqoEYk2a9URhexSALZYtYVoWvg2S6PGgnENsaq1jjeuupBYTSdxm917+r5sqdlUrKaW+tvtmt17g3y17sluYz+PrPqp9jzs5ft2+6x2ge8TWG0N9gZXStllBSKxOpR7hb62cw3jzxw7QnnpcizXdxj95FNQ6Ka0sHAZ+r+8aF2XqwYVLkElktCO14KXa8XJtYJzGeqAKhWnR1VQyUyuDnRtBqB6+leYOm6dePUfM9Pyb+nva6N1608RHv8vcOsO8gArf8mJ7/1Jve3xf8WJ9n/KdT3vWMfD1NhhUmm238amLRXOTATxca0qhO9arupI4gYlVFiGtX6II25VEARBEAThA43IVUEQhHUk19rN9T/2rzj8ez+LXq/IVI2gXObcm6+yefftuF79X98t+ZDtbW9wquRR9nbEItGIL4gkl+d5sSS15aEt5TzPi2WskWRZdVjtNlnL1+t/IB7H/NpQ19NNpi3t2p9G7KbbNNuYyk5uNqRRM2qrZpUUuBSxat+XjbmvxLlmJQNw4k2/0mLVfo5N59wkZZvGFq524tS+ZyNy7Q2nshKrBluspjc6M7+GYUgYBPE9Oo6Dq8ps8o7QnyFW5069w8pM4/H1YMuHH6Zz24evqTqrNlqFDXI1QRjUkpXRhl2O14Lr5sDN46yHbA1jbYn2s5KrP0quALBKOF9BpZbkz09N0NN3E55WKL9Cd2sXANXZrze05aUvkSzPWhfz0djmz1MsnoSu7cMUR3+FzvHvW/NtnEOTG0OrEK18dOijVYDWzYoeCIIgCIIgCEISkauCIAjrTMfQ7Wz/6K8w8edPrXvf1ZVFpt96ncHdt+M49WXnrS2KbbzOqZUqpZbdsSQNAj8hz0zdTjuZCJFU9VyXMAzja414TS9vN33ZdVqNrGuoeWo5vixBp7TCMztt66SUy6ydmlGLtLFR8xRps02wzDGHZPozayw7aaqUunBqLWM+dhJXabXmfTUTmxc7FiRlqy1M7fqq6XPpDazs32ulCJXC9/2GFHQ65epXq8l7UyWGCq+zqWOK9DL2xbMnWZyauPj7vQQ6t36YrR9+mKWlpYYfGFwr6FChLrqUQQDY9WodHNcDx8Vx3Ei2Ok7tz9HxC2LVXFWZNVf92reDRmfVOzXX65DQL6NqnwuveD+h/00Aej72nxgcaLe6fINzf/hrzMejmbHrf9Yv/imrQ5+nLX8TvR85S6VhDjoqJ6BVVCdVa7QOI4m6Dj8EU1rhXOjfS4IgCIIgCML7FpGrgiAIl4GhOz/P0ukXmXvnv6173+WlOWaOHaF/180JAdnaGjDivcXEQsBK/qZYhnk5D9f1ElI1nVg1GJGarsNqpGlWHVG7v3Sfa9ZETe1qb8u7OLFaW8pv99fQjTVuesf7+LxJkarmpRBcz5pLRj/pNmEYZopVe1OqZmI0IXmbpH/NvTdNs6ZQSiXSqelyEKaNLT6bnbdTq3bb6J41oVIEQZBZKsA+Vq1UEue9cJ7txdfpbZ8nLVaXz59hbuLtC97nuyFX7Gf0x56m6gdUKpXLMsaVIKsswCVxgd2dHMeN5WskW2tp8CiqjWOktG4mV5+nWvo8bfl2vM5Gudq7eUf0o5SaXJ1ZnmNwoB2vsJ3Qj0Rww7eMrstUXbtWVVcIY5Gr0JXf5fhrd7H7ztvwBu6mpQqg0ZXzVJcVsm5fEARBEARBuJyIXBUEQbhMXPc3/hkrv73+9VcBVmbO4uYK9O24IXG8kA/Z2fsOx8+vslS4o+E6I8yMvPM8L7EUHCCsJeMSaVerXSLBaC1PzyKdmLSX3sfJTUsKGmLpZ5bfNxGVcRpVZydN7XFMOYO1pKkZq6GNkxSRYZCdfEynepu2cZoLXDOeXSM1q49YPOu60DRSFRrFdTpVGtdyteZsC1P7WdnPLgiCWL6mN6+ya7SmN7fKBXNc1/EyHcVV0mK1vDjLzLEjTZ/Ze8Ph+h97Gq+195otB2DQSqHfi1y9UP8XalA1Y/uo1RmC2vdeJGCjje1Onpugp2uElp2/yfbpv8mxw7VL/tpvMDQYJVLL536NoAT82WuUd26jtesT3PhDb/DGn/we0//vjzMNcPO/45Z778DDR5VmCXS5Nr8AVZonoFqXq+UFwlf+HmeH/4gtQ514hehutKpwRVb3i7sVBEEQBEH4QCNyVRAE4TKRa+3m+gf+NYd/9++gL67w3yWxdGaCfEsLXUMjieN5T3HdwBTHzzsstd4Rb3BlJ1GBBrkGdcEalwRwHBzXhZoYNTU6s8hKrdqSsWmqVSeTlpcqVh0nqlm6lli1BWSaxLL4LOFpiVUz38z7t9KxzTDzXSvRa2Sx0tklB5oJ47RYXSuxavdlrllLrJpjQRDEpQDStXuTtVwDVPxZCml359jR/SrFQqnhfqqry5x785WMyOL6sOUjvxTXWb1gSYmrHK0upSzAZcB8tgt3suXzf84W+1zl+5z+zb/P+e98ltmBg/T1dNBx77e57d5UH/N/yNHvmPTwP+Xomzex58adeEOPcNvPPtIwZDjzHaZ9n/ibQWt0EKDibw7zZ5j+w/9E1//8y3S0mPkGrHPp6yZc258rQRAEQRAE4b0hclUQBOEy0jF0O1vH/j4n//LfXZb+Z068RbW0Qv91uxM1WHM5za7B00zOhqx4txI4nSilAVMbtZ5CtTcschwnThy6rot2XbyUQLPJ2ijK9GULuPQXNC7RT5y/FLGakXy125j7bFpSoLZZ1oUSq0asZtZPNUv4m4jVhhIHTTyivUlWMxIlDtAJuQqNYjUrZWpL0XQpgOg+dVSP07QJQ4IwxPf9hIA3JOu4qjjZq3VIO1Psaj9ModD4A4bV+fOcO/pqVAvzMtA++CG2fviXWFxcvGbrrNq857IA7xWl19CIGh1GkvPE79zL6t/872zb0ploUT56L4e/k7rs2/8TP/j2P+bmL3yaVvt45UVO/ZeHoxRrNHhqHCtBXxsXfou3jv8Ed+7eGR1XAeraf+2CIAiCIAjCVY6jr/UYhyAIwlWOViHjf/JlZo7+wWUbo9gzwOYbb49SpvbYGhb9zZwu3YRPO1pHgi8qB+A11FL1PC8h6VzXxfM8cp4X923LO7s2akJCWqTP28lNWwp6npeUkE3SmxcrVu0yBpltUlK0aap1Dflq5OxaItj0Y+qnmqRuFmvJ1YR0rs0nSxqb2rqQlKeJfmpkydU0WimCMCQIgoal/nZyNuojsJ63op0pRnuOkPcaxerSudOcf+cIlyv119K9nVt+8jeo0k6p1JiYvRaZf+3/ZPHINzZ6GkKKrT/+23jF/o2ehiB8YDl27Bjd3d3s3r17o6ciCIIgXGMsLi6uSz+SXBUEQbjMOK7Hrh/5F/jL51g89VeXZYzS3DRnDn+fwd178HL5+tgOdBfOEoQh50o7KesecAtoy8GaWplQr4tq1+vUShE6Tn037Fqq0Ug6z/MS16blm30sXSogq2ZrnBDVkaRLp1kvKE3dlMBVjUIUJ6oPqdGgMmSnU2/XNNWaGks1SV/aYvVCJQPWOpcWwc2W+dvPuFnKNi1VtVLRzu0ZiVWzeZUtX+1EsEmrxu9Dg0NAm3OW67vfIOc1RgfnTo4zf+qdpvf7Xsm1dnPTT3wdne+htE7/w3Q14LVt2tjkqtCA47WIWBUEQRAEQfiAI3JVEAThCuB6eW749Nc4cuAXWDn76mUZo7w4x9TrLzB0813kWhILbOlvmyHn+EyuXEdV92P+9W9qq0bSzIhONyEnFSTrYdYEXC5X76N+KilLTR9p6WewU60mcZmuH5reBCtOf66RRm2WEE0kTXUTsUqyFMBaYhWieTSrjxpvTNVkvvZ4WQnaLOmc9Xzse7c3lUqXXUjWRQ3rwjR1f/Z5U4vVyNx0P0qF9XSsVnhU6PSmGOl6m5ynsDev0lpzfvwNls+dbvos3ituvo3dn3kWr30L8/Pz13ydVZtC360bW3NVaKA4cOf76jMmCNci8j0oCIIgbDQiVwVBEK4QuZYOdv/Es7z+f32W/F6FAgAAIABJREFUysLJyzKGv7rM5KvfZfjWe8gX2xLnuouL5J3DnF65jooeQali/WQteRmJTqdB3tmbF5ljaclnn7NLAJjr0snHdEkCO42ZqMPqWqnNJnVPTdu1lvjb464lTV3vAmLVAde5uDSqKbPQrFwA1DcWM8v80xuOmWeTTv8a0dlwX1YSGYg3CjPXJ8oA1NpFz87IYtWQVk1L8mgeijBUtdSrAhWQ0yv0F06wpWsSJxXE1Upx9shLlObPN30W7xnH48ZPf422zbcxOzv7vvsLd6F7B4X+2yife2mjpyLU6Lj+0xs9BUEQBEEQBGGDkZqrgiAIV5jy/Ale/+3PEpTnL9sYXr7A5pvvorWzu+FcEDqcnN/BojuKIh+HUl3PJZfLZ25AZX95nhd/Qb3GZ1qY2oLVkE5lRrVf6xLRlovmnBGskC1OE0vm15CdF5SmF9nGy3nxvajwAtLUYc029vJ6+9eG0gy1eZhUavp6W3qmNymzzxvxqmrSVNXem+e64DhRfdUgIAjDRFrVnof5CoIgkrNa4eCTU/OMdLxFT9tyw32qwOfM4R9QXpxr+izWg9FPfoX+m/8Wc3NzBO/ThGf5/BFO/sHPbfQ0BKA4fA/bPvm1jZ6GIHzgOXbsGD09PVJzVRAEQbhk1qvmqshVQRCEDWBp6mUOP/fzKH/1so3huB7Dt9xFsaexHqBWmvNz7UyGtxE4XeC4sVy1l+cbzMZW5ssWf67rRqvfa+lHW5ra7YCEaLVLAaTrsJrxzPVpCWn3l05tZj6LlKBNL6mHpFiNlrg39mOL1WYJ2nS/6SSujS1N7fNGrmalVe0x7PRqOkmcfqbmnEmkmr48z8OtpZPDWqLVfNnSPClvo3IBKI2rlunJnWJr10kK+caHFlTKTL3+AtXVRum6nmz/6K+w5d4vMD8/j+83bqD1fmJ54i+Y/Pavoi/jvz+EtSkO3cXWv/E0XkvjD7AEQbiyiFwVBEEQ3i0iVwVBEK5xFiYOcvjAL4Ju3PBnvXAcl0033kbnpuHM85WgwJvTuwlat5GrbYRVF5l1uea6kejM5XJxrVUbI0pdx8GpiVFz3JQU8DyvQR7aMjNRCiAj1ZqWsLa8vSi5GteWrYtHc73r1fsJw7BRrDr1OqyQFLTpccxcDUac2tenk6S2xLSfT1Z6ND2WGc8kNe37NNhp1jAICK3z5l2Z+qq+7zeMZ0twpUICP0DrAFetsq14lE2dsw1lAAD80iqnX/0uYbXceHIdGbrj77Djvl9lYWGBarV6Wce6WghKs8y//jvMH36OYHV6o6fzgaFt6xi9t36Wzuvu3+ipCIJQQ+SqIAiC8G4RuSoIgvA+YPqN32f8j79I9m5I60fP1l307bgRJ5UkBVDaYWK6j7n8vTWhp4Ha8nqHWlo1F6dJ09gi1KQg0+PYJQKyEq1ZfSY2lbJqfqalKjTK0makJW5W+4tpY9c0taWpjS2D06UTbGlqt7HHs2udplPEWXJ2LblshKpdQ9W+L3vjqmZ9mM2rjFgtBNPs6nmTjmIls/3KzFnOvfnyZd/dfuCmTzP6ya+wsLj0gRGrgiAIQh2Rq4IgCMK7Zb3kqmxoJQiCsIFsuuUzBKU5Tnznics6zvypdyjNzzC4+3YK7Z2Jc66j2TE4Q8fstzlduR3tdqGpyUuS0tBOWZpfzaZNUNtlXmscWwY6DoqkFDRy0l7WDkkJm7UU/kI/DwzD8KKkKTQu0U+3SdeLNeOna5mmydqYy25ri9X0vaVlcjNhaovZLCGaLg9gS1Vz3LyDxAZXKkRrcF0HxzEbjdVTryqs4oYlenKn2TY4QT7j/yJUGHD+7TdYOnuq8eQ607X9I+z60SdYXFoWsSoIgiAIgiAIwoYgclUQBGGDGb775/BXppl84T9e1nEqywuc+sH/YGD0FrqHRxLnHAc29ZfpDl/i+PlhltiG9tpqCdTGeqe2TE3XPU3266BdF89aqp5ewh8vzU9tbGX6t1OW6fqi9lzM+bRcTQtIOxVrrk+ft/uz7zmrrECW2Myak51Yzaodm5VYzcLuI1071p6jVoqgJsPTG2HZbc25ehmI+jvXul6DFVWlEJxna+dx+jqWM8sAVJYXmHrjBwTly18LtH3oNm78W/+e5ZUSlUp2elYQBEEQBEEQBOFyI3JVEAThKmDk449RXT7L+SP/z2UdR6uQ6bdeZXV2msEbb8fLFxLnC57P9ZtOcnZukfP+doL8II5T38RJ60j8eV7yPx9G4KXFpF2r03UclNZo6gLStDdisZk0VUo1LL9vlgw17e15md83E6tGMJr5NpOvaQGbTpuasW2has/JjGX3kZbBzVKr6U2lwiCIi0kkpLNSKK1RYYhfq8Nqz9vuOxKn9TZJUa4IQ4UKqrjhEkV9nh19J2hrVUBjonfh9DHOHzsMV6DaUEv3dm7a93VWK4pSqXTZxxMEQRAEQRAEQWiGyFVBEISrhNEHniLXPsDUC//5so+1fP4M5aV5Bnfvob1vU+Kc62mGB+bp81eYXFpmqTpEkOsCXLRS4IDjqIa0JdQlXrzBlSVXcZxIrCqFxkqZOg7U2tny0JahhnQbyF6+bydRmyVLs5bV28I33caQtSlV+v5tUWnmkyVo04nfrPqp9r3F540QpjFda+YTBAFBECTma8/FbE6VnI8bJ2zD0IegRKueYbjzJL3tS5lp1aBS4syRlynNnW88eRlo3/whbt7/H6iEBUqllSsypiAIgiAIgiAIQjNErgqCIFwlOI7Lzh/+Evm2ASb+7KnLPl5QKTP5yl/Ru32U/utuatiEqiUfsLP3OHMr55lcGsF3e1FOC66XI9qAK1kuIEq1NiYsIZKtimRi1a7Bml4mbwSsvRGU6S8tH7M22UonY4EG2Zk17sW2scdYawm/abfWUn9biNpyNTP5GoaE6b5SaWCTSA2CoEHQpsVqUlC7QE0mBxW8cIme3Em2dJ8jn2tMq0Ik6c8eeQkV+E3vfz3p2nYvN+3/D6yUAhGrgiAIgiAIgiBcFYhcFQRBuMrYeu8vkmvp4J0//Segwwtf8B6ZO/k2q/PTDN1yD4Vie+Kc40BfxzLdxcOcXRpgenUzmh6cXBdAvAESRHIV6htcaa3j5GR6KXw6jRov3a8lXB17AjXseqe2gEwLy6z6qVnpzrUErC08023S/aTrntq/T9dGtZO9WQlae7wGoWzVUE3Mg0ZB2yy5a5+v11itlwHQQQVHrVLUM2zrPklHa7nhvqN+Qs6Pv8HC6WOZ5y8HfTf+GNf/2NMsrZSlxioA4zz32DMcyjo1sp8vP7qXvis9JWD24Fd5YvJTPP3g6AaMLkREnw0efhrzGmYPfpUnDkzELcasc4IgCIIgCMJ7Q+SqIAjCVcjm23+KfPsgb/3BL6OCy19TsrK0wMT3vkXPtl3077yxlk6tk8tptvZO09syzZnlbSz7O9BeG6F20UqjaUyRJlKrVh3StFgMLQloyz7XdWNxaOSrwfzZ87y4Hqvdhy087c2w0mLVrq+arrFqS1FzX/bGVOYezb3Z2OLXyMz09ebXeJm/ScimShOo2oZSYZONsNIiOGvDLFu0RunXEDRoNI4DWvloFZALZxgqnmCga4lUkDlm6dxppt9+g6By5WqdDt31eXb88JeZn1/A969MSvbaYIT9X36UvRthUYVrhkisbuHhpx9lNDrAV594jOdEsAqCIAiCIKwLIlcFQRCuUvpGP8Etf/s3OPx7v0BYWbrs4+lQMXfibZbOnGbT9bfSuXlrQ5u2NtjVdprZ+SlOrdyAcjehnTzgNJQVsOuImj9nSUhDGIZx6tXITCMd42vN9VH9gbgPOxmaVas0LSBtlFLxeOZ8Wogm5GSGWDWS1hy3+za/2gI4fi5aR/dn13R1XZTWUEupBkHQMB8gUc82LYPtcZJSWRGqEK1q51wHVIBTnaXDO8/OTVPkc/WSDzbV1RXOHn3pitVWNey471cZuuvzzM3NEdQ26BIugfHneOwZk29NytjZg1/lt7iHLQcOcAiTZpzl4FefwIQcx/bvZ/LAC9yTuq6eghzj4acfZDRx/Bkem8xIz44/RxSojNrHfb1wT9y2Wd/R5Y/xDA/XU7GzB/nqE/W5jT/3GC9t2c/kgQNMZIrncZ577I/Y8vA9vPDMASagMeU7e5CvPlE71+SZ1eeXGiN17cj+L/NoNLHUfWcnS3+Lz0XtU6nkuB8zxm/BPVsOcCB6aTz94GhyXmNjjMXzn+XoCxOM7P9c/Bzp28unxg7wzEvjPDgqdlUQBEEQBOG9InJVEAThKqZz+A5u/alvcOTAL1JdOnNFxgwqq0y9/j3mJ4+xefedFNraG9r09Sh6Oo4wvXCcs6s7qOYGcb12PO/i/rPSLGFpBKtpE9oi1NRYNRJX61iyJvrTGsd1Y1EbWkvp7TStwU6J2hLTnDMJU5PABRLpScepl0Kw7y+rXmv6fBgEkUi1cK1Ua1hbxm8nd7NKDqxV+7Uuc4Oa0DXHFQQluvQEwz1TdLQ3JnABVBgwc/wo8yfHExL4suO47PrRf87ALQ8yOzvbkF4WLoLx53jsmUn2f/npSACOP8djT3wVLCE4ceAF7vny0zzdZy55ggPs58tP76WPSLQeYoR7al2mU5CzB7/KE489F4nDvY/yZdYoCzB6B2M8w0vjDxI5vUj8jX3qUUusNun7Im/50IFJHn766TXaT3DgmS1xm/HnHiN6JHvpq8nRLQ8/zaO1+R386hMc+K2D7H50L33jzyUToOPP8dgTzzH49IOMMs5ziWvHee6xJ3hu8GkeHL2DMf6Ic7Mw2geMv8QhYCQ+MMvRF+Cez9XF6uT+L/N0LFqf4KtYgnXiAC/c82Werr209HOLJDQ1wdrH3kefZm/GkxjZ0nuRT1UQBEEQBEFYiyaL/gRBEISrhfZNN/Ghn/4dWnpGomXyV+hrde48x7/735gefwOlwigpan25eZfNA1Vu3fomO1q+R740TlBeiGt5hmGA71drUi9oSH8aaWi+smqDmo2ZfN+vt7XSrGEYEvg+frWK7/uZMtPe4EmFIcr83kqV+r5PpVLB932CICCo/WrLVjO+7/vRhlupuqZp0alMm1Ra1oxXrVbxa2MkBLDW+EEQfdXuOy1OzVjm2qxEriEMA4LAJwxVVApAh7jhIn0c5uae73Hj1ik6O6PEbPodL8+c4dih/8bsibeiMa7QZw+vwE37vk7fTftErK7JBAeeeIzHHrO/nmMcgFkO/tEhRvZ/rp6sHH2Qh8cmOPCt8XoXI/ewO45tjvPSoRH2f84kOfvY+6l6BhLG+daBCcYersvOvr2fY//IIf7o4OxFzHeUO8bg0Eu18WeP8sLEGHeMrkffNcbuuKCItccYvX8/IxMvcHQW6NvLo0/bS+X72H3PyBq38yBPNxW/ozwY9zXKHWMTvHA0uo/Zc5OMjI3BC0eZheg5EL2H2YN/xKGR/Xyu/tJ48OExJg58i/pbG+Ge+KWZZOr99Xt68GHst5Zm/LnHeObQGJ+SehKCIAiCIAjrgiRXBUEQrgFaurbwoZ/+HY4c+Lssn3nlio2rw5DZ40dZnJpg04230bV5W0Mbz3PY1F+lv3ec+cUJppa3UnGHCL22eOm6nUZtJgGzltWna6PmcjnCMIxSpFGDxDXmuKsUodVHepMr+yeLtgi1a8NmbSoV1palh0rhWufjNhmSM6ylXsMgEswmjWpKHZiyBCYdm5DBVkkE+/nYwlWpEHASadz6fYWxiHWCVTy1THf+LEN952krZr8HgOrqMufefIWV81cmLW3jFTq4ad+ztG6+k9nZ2aafF0EDI+z70iONNVe1RjPL5ARseaA38Qx7hkdgynxfRf1oXauaPHuWSbawp9ecA3qGGWEyajNzlklGuLvHOk8vm7bUxkz1mcWuPWPwzbPM6F30zU4yMbaHXVqjZy+ib1J9J+o103i+yTMbtsfo3cQWJpic1eg4yDnOgcefrW8WNnJ3NMau+9g38iTPPBadGXvoKfbHZnUX9+0b4clnHouuG3uIp+on6RkeYWIy+jwfeQHu/pk9TD35MrNao6MD9GrNePTS6I3v17yDqcS/P+vPOus99xC9ZvtZ1u7swOM8e2iMh57aHz33Jk9KEARBEARBuHhErgqCIFwjFNoHuPWzv8mb//V/Ye6db13RsYNKialXv8vCqWMM3XwnhbaOhjaeC/09Pn3dx5lfOMXZlU0sOyPofAeQy6i3qmrStF7v1LGW+Nu1Qu3jZnl+WtTatUhDrXGMeA3DeGMss3mVGc8Wr7a0cAEnVcu1WTrUrouqa+lOBxI1aO0xTNrUCFNbitpJVDvNapcmSKd8szDJ4TD0ccMSOVWijTPs2DRNsbX5tUqFzB5/k5njR69sCYAahY4hbvnJX8fp2M7c3NwVH1+4AozuYWzimxyd3cvgy4cY27N/o2dkUZeqI/u+xFN7+5g9+DWefNGc72PvI0+xl5qkfPZxDlmCu2/vIzwVneTxZ5/l8UNRP4/s7aNv992MPP8y4/v3MDWxhT19owyOPcvL4/vZMwV333cFUqSzB/nmoRH2fWn/RZdZEARBEARBEC6MyFVBEIRrCK/Qzk37nmHiL/4tp//qmSs+/urcNO8c/P/oHt5B/3W7MyWr40Bvb0hPzxkWFs9zbrmPsr8Zp9CBcouo2n96IkHo1K6JfrUTmWkZay/jt381CVN7gyc78Zpup7VG1RJbdnsjOR3HQUEsF7Nqp5o2jiVobfnqui5O6hp7Kb99f1kbU2WVATBzMeJUa/PcosX0SlklCoIqhKu0BOfp9s7S37tKR7vZA6yxrqpWioXJE5x/5zBBpdRw/krQte3D3Pjp/50qbSwvLGzIHN5f9DI8Ai/GdT0j5qYmml/SN8gWXiRxydwUE8Dd8fkJpubA2gGKc5PA8MXOa5Q9YxN88+hBthwaI3ar69L3xZAaY/ZclJjtBcZf5tDIPr70SGojrqy72P8UT+2f5eDXnuTFo7PstePDo/t56qn9NTF7lNm9e+nr283dIy9y7iAcGtvDfmB2eITJcwdh8m6MW+2NXhqzjNbnUHsH2WS95zkyX/PcFBNs4QGpBiAIgiAIgrCuSM1VQRCEawzHzbHj449x84P/kVxrF1euCmvtSysWJo/xzl/+MZOvfpfK8mL2PB3o6Q64Ycs5rh84Sh+HKZSPQ2WG0F+tLWevYyc7szZqspfL+341rkdqS0lzPggCqtUq1Wo1sbzetAtqtVOrtVqtptaq3c7uy3ylU6N2Gzt1mq6Jao9h10hNj2O3SadT62nU2jhhGNe3VSok9Evo6gJu5SztwVvsaHuNW7cdZ+e2VTo7jFhNosKQ2Ym3Gf+Lb3Lm8IsEldUr/3lCs/XDD3HL3/4NVoMCy8vLmZ8n4VLpY+8DY0w8/w3ikqXjB3j20Aj77muWW4zE5/PfOEitOigHv3kocf6+fSMcevZAXP9z9uA3eH5ijAcuoX7n6J4xJp5/nkNje6wE5YX77h0egUMvx+fHv/38GtKxOYe+ae6v1sfYA/XSChNTxJnp8QM8+bw1wvgBHn+8Pj9mj/LixAh37442njrw+OMcqJ/k6IsTjNy9O65fO7hlguefP8TIcFR/oG9wCxPPP89k3Ab69j7A2MTzfKP+0jjw7CFG9t3XJG1q3vO368/lgFXSwKYmfSW1KgiCIAiCsL5IclUQBOEapXfX/dz+s3/Am7//969oHdYYrVmcmmBxaoLOzdvo33UzrZ09Dc0cB9pafNo2LTAULrC4corpxU5KDKK8LpRqRbstVremfqoXpzvTSVSlwtq5XJw6TdYiTCY/0+lQW+JGc6wnaM3mSVnJV1OSwJxPL99v1pfdp8GUPjC/N/dlrnUcz3omtfqpoULpAF1LqboqxMHHVWVa9Dz9xWl6Osq0tibeQMM7UUHA3KlxZo8fJaxWGs5fKXKt3dzw4/+Gzh0/xMzsnGxctd6M7uephw7w+JOP8zzQtEZr4pIvse9rT/Lk49EVY/v2MTIxxWDtmr69j/AlvsaTjz9euyKq3xlvQrX7bkaef5bHDyWPJwfZwxiHYE/y7AX73vsz7HvxSZ593NQ8fYixQ9+8lCcSXbdlqj7GyD6+9MiouXkeGns87p+RfXzpoTGefPZFjs7uZW/6PFHd1eh5jrL/oTEef/bxutgce4inrIc9umcMDk3WZKz1HAbtFzLK/qce4sDjT1J7BXFpgaaM7udL++rPbWTfPsZqbzzB+AEef5bm70UQBEEQBEF4VzhadooQBEG4plFBhePffoKp7//GRk+Fjk3DDIzeQrH7wim2qu+ysNrO9GI3vttH4BTR5NBODpxo8ypTjzWRXq1tDOXlPDwvl5CZUZv6cnzHcRObQdX7UomNXkztUyNh01/p+qi25DX9pDfBgro0pVaJNV3qwLQBnRCLnufhul5C8IahTxgqPCo4OsTVPgW9QG/LeXq6yrQXw8x0amKsIGDu5Dgzx44Q+tULvqPLScfQ7ez+zP+ByveytLQkG1ddrcwe5GtPTvHAugq5cQ48/jJ7rrjki2qqktiIShCEa50TJ07Q09PD7t27N3oqgiAIwjXG4mL2KsxLRZKrgiAI1zhuroVdf+Of0LXtXsb/5B8RlDeuXuXy9CTL05O09Q0yMHoL7X2DTdsW8opN3UsMdC1SqZxiodzNzEIbFacH5XWAU0TpPOCgaslNNGQ5OCNMldJRrVSnVvfUSdZVrf9e1WSpl+jHXrJvbyZli79kfdRIiEbS1U3UUq0v/Y/aeJ6HSZHaKVulamMqjeOa2rHEx1UYoMMqqCpO6NPiLNCdn6Gvu0JHWxXXvYBRBVTgs3DmJNNvvrLhUhVg6M6fZed9X2ZxuURlnf6H5oPE4cOH+fVf//V17fOpp54iSz5Gy+YfYhR4PE6Uvtv+a4y/HNcdfS99XvocHkr8+UqOfbXywAMPcP/992/0NARBEARBEK5pJLkqCILwPqK8cIqjv/8Iy1Mvb/RUAGjrHWBg9FY6BoYuqr1WmtVVzVyph5lSLz7tKKcV7XhoXKL0Zx7H82I56jhOPUWqNBqN53nkcvl6v7X/1BlhCfV0qPm9LUzrG1N5iY2uoj5U3FdUksBLJGPNfACCwK8dc/E8F8dxLRGsQIPSChXWSiF4Dk7NIGvlE4Y+rqrSwjId+Xl6O5bobq+Sy11cyfTSwixzJ99hceoEKgwu6prLSa61m9FP/gu6R3+UuTkpA3BVMn6AL379r+p//sgX+Mq6xTxnOfS1r/D8yY/wha9sxNL0cQ588evwha9IclUQ3kecOHGC3t5eSa4KgiAIl8x6JVdFrgqCILzPUEGF49/6l1dFmQCD6+XoHNpG95YdtPdvzlwen0YrTXnVZ7mcZ7nSzVLQi6+LaFx0oQ/XixZfKA06rC3zdx1riX89lapUtGkUZgm/68RlB2xpGgQ+KlRxgtSIU1uYhmGQSLXacjU6rhM1Vh3HwfPqC0W0rtVpVSpK2UZH0drHQeOpVXJqmTZvnu7iCh2tFVpbNV4+mbJtRnV1mYXJE8yfOoZfWrmoa64EHcN72P2ZrxF4PSwtLW30dARBEIT3CSdOnKC/v58bbrhho6ciCIIgXGOIXBUEQRDW5PyRP+Stbz6Oql49gg0g19JK95addG/ZSWtX4wZYzdBaU16pslLyWKx0s+z3o/AInSLKyaGcAnituF4+FqNmSX4QhHE9Acdx8HJew4ZZRqwCuJ4b13O126TFqlnqnywF0FhWwPNycVo1DP1oPsqn4FRwUOTUEm3eHF3FFTpbqzWZevGVe4JqmcWpCRYmT1Can7no664UQ3f9LDt+uFYGoLJxG2gJgiAI7z+OHj3KTTfdxNDQxa2SEQRBEASDyFVBEAThgpRm3+HI87/E6vmjGz2VTFo6umuidQf5YvslXas1+GWf0kqVctVlJehkJewjdDrQuIRuOyaqqjUotxXtFKKkqefWaqlGSVIVKrQOau09vFwOz8vV6p/WkqZax/LVJFuNgA3DMBKvKkquah3GY3uqFCVSdQlHB7i6TNE9T9FbpbWgKLaEtHUUcLyLS6YaVBCwdO4UC5PHWT5/JrsY7QbjFtq54YGn6Nr1I8zPz0sZAEEQBGHd+f73v88nPvEJisXiRk9FEARBuMYQuSoIgiBcFFqFTL74X5j4839DWF3e6Ok0pa13E91bd9K9ZQQvX3jX/SgFfrlKpepS9nNUq1CtQinsJXRaYskaVTety9fQaSXacMqBWmI12hALImGa/M9llFZ18KjgqAB0BVdXQGscQlpzJQp5RYtXolhQ5PMh+QLk8t5FlUXIQivF8vkzLJw+ztLZ01dFHdVmDH7oQXbe90Uqusjy8tX7uRMEQRCuXc6ePUu5XGZsbGyjpyIIgiBcg4hcFQRBEC6J6vI5jn/nK5x79fc2eipr4zgUu/to799Me99m2vo24VmbU70XlAKlHVQQ4lcCQgVa1YQsLbXz0Z+1cqJ6rhpcF1xX4zrguOA6kHOC2jGN5yo8N1rKnyvkcRzNu/SnCbRWlBfnWJk5x8rMWVZmz6Fqm2RdrbRvvpXRH/k1ipv3sLCwgO9f3fMVBEEQrk2Wl5cZHx/n/vvvp6WlZaOnIwiCIFyDiFwVBEEQ3hWLp17grW9+kdLM2xs9lYvjMsrWq41GmXoWFVy96VQbr9DByA/9CkN3fp7llVVWV1c3ekqCIAjC+5TTp09z7tw57rzzToaHhzd6OoIgCMI1ishVQRAE4V2jQp+p7/8GE392dZcKaEaxp5/2gc209w3S0tlNoa1jo6f0rggqZSrLi5TmZyKZOnPtyFSbwQ89yI77vsj8KkxOTqKU2ugpCYIgCO8zlFKsrKywurpKT08Pd955p9RZFYT/v72z+dGrKgP4877vMDPtdKaFdloqRT66gYJiVGIKKzduCGg0MXFBiNFEoztXbP0D3EmMK8LKFRAWYlxojMGCURMIICqltoAUDz3UAAAQL0lEQVTAlA70c4b5eGdcdG5ze3s+nvN17/vO/H7J5Nzn85x77+nM26fPnAJAEhRXAQAgmdXLC3L6T2NwVICHXr8vk7tnZXLPnEzunpWpPbMyOTMnUzOzMjG9O/qM0xysr67I6pVLsnrloqxeuSQrW9crly+O/K/4+5g5dL8c/cbPZXDzMVlYWJDV1VWjn/ajhs+vpD3GVkrfhp9GN8pyrK0ua59nk/r3k+b3lhA5Nk/KnLlyxMyRorN9Dx81/ajYS/mZ4jY3N1v7GTsYDGR2dlbm5uZkenq6lTkBAGB7Q3EVAACycfH9v8nbLz4py4tvd72UIkzN7pPJmVmZmpmVweSU9AcT0htMSH8wIf3BYGuckN5gIP2JiWty9R9rDdfXZHO4LhvDoWwM12Vjff16eetrc7guw7U1WV26vFVIvSgba+aC4zhz9QiAn8nnvvp92ZSrf7mu/oJtKljV9XXZpu9KTvXT6Dc2NoLjtPGhfq645hiSJ+doW0/VHV1iXtP7F7mxkBQ69vt92dzcNI4x+bocTfcRGpfip7GHxMXkGVW5wuWXW99mgRUAACAnFFcBACAr1VEBZ/78i7E8KgDa4eD935G7vv6k3DRz8IZf/7d9pPAVXF1+XcguP9u1Ld50nRoX6hfr74rX+sbKrjEmJuR5aLAVBl021zgKBVPffaTmacOvlN51HZtPI5eOq+s1BVpffgAAgHGD4ioAABRhbelT+eAfT8sHf39a1pfPd70cGAV6fZm/91G5/aGfyu75e64VtOoFUlMnU1Nfx+fXzFfvoEyVbfM11+dal62j0xbv61gtadf4p3SoVvlM+X1jc/5Ue8j9+N6fpnPPJo/quLl5fadsJdfHyj+kI1WTz+bfhV2rD/HTdMTmkl1+FTF+mvls+QEAAMYRiqsAAFCU4eoV+ejV38j7f/21rF76qOvlQAf0BlNy6wPfldu+9iPZdfMdxi7BOq5CqgmfX0gBVitr57dd12VXftO1K48rX0i8Zv5Uf20+nxzqm7oe07VJrus1BSaT3Bzr9rqu7QKrVheSL+S+QucPtWvmSvWPyRcrl8ij2cea+V1/LgAAAMYFiqsAANAKG8NVOfvG8/L+K7+S5cV3ul4OtMBgalYOf/lxue3BH8hNM/PS693YmegqZIbqTXJFWwVWbVyIvnpuoXly2mM7WnOctWrKl/MMV21em923T11jnaa+Ptr0Jr+YTlHtWM8fc1Zq6nq1/j4/m10Tl6LXzteWnMOvQqP35TfFAwAAjAMUVwEAoFU2N4ay+J/fy3snnpLLH77W9XKgADfNHJDbHvyhHP7K4zKYmrumt31U0OpdhdPYfCXkHH4h15r8vjiXPdQvV1yJ+Bz3afKpZNP+dGErJDULdS696do2hvqXyldq3aXsWr3rWhvfhZzql6KnoAoAANsBiqsAANAZ5//7krx34pdy/vRLXS8FMjC193Y5cvzHcuiL35X+xLSI2DtOK5r25hmnvgKWNr4rOfWM1u12JmvIWHq+0PvVyLb9apJ9nXsmua6P6cx0+cV0kPrW6YrP6V/KrtVr3se4yBVavW3/hvhTYAUAgHGH4ioAAHTOpQ9elfdOPCXn/v07EeHHybgxc/BeOXL8J3Lw2GPS609YO/dcelthSpNHG2/KFxrjkrW+2hyaeNO1rYCbki8kf0y+UfB3+WhlE64CaxOf3lS40uhD7BpdalxM3tT7Csmf6u+K1+hLyaX8XP4x+x0AAGDcoLgKAAAjw2cX/icf//MFOfvGc3Ll7FtdLwcc9Cem5cA9j8itX/qe7Lvj+DW9r4PPVJiL1dvy+2StX6ycO66Evo0O1tx+vvtKXb/mOVZo9lfMKJKnE7Guz93h2rZfCbvmuWj0IX5dnq3alHP4VWj8fXpTXgAAgHGC4ioAAIwklxfelI/ffEHOvvG8rFz8oOvlwBZ77zguB+55RA594dsyMb3X6GP7SGArVGniNHpfASwkroQcEme7tuULuY7Nl8ue2y/lPjX6uqwptMbgKlzlkOt603Uue4xfF/ZS+li/0Dyp+ULzlNBTUAUAgO0ExVUAABhpNjc35Pzpv8jZ15+Tc//6rQxXL3e9pB3H3JEHZf7YozJ/7JsyuWfe6WvqSNLYtf6aMy5t8T7ZlD9F1s5vWr8tzteRGeofks+33px23/wue+rzCdkfmv2tGUXSOgBtcnNM9TfZR7EDNeY5pJ6ZGrKO0PeYS07dV7F6TRwAAMA4Q3EVAADGhuHasnxy8g9y9vVn5ZOTf5TNjbWul7Rt2XP4AZk/9pgcvO9bMjV3OCjWVnjS2G06WyHLlt8Vr82XS9YWVE2y6dqVz3bdjM+Zv017it51rZFtOpNPc3/ZZF+BSat3yaHXdbk52uyxcTnmzXEfqfl9viFxrvXG5ssRZ9qnvsJoaD4AAIBxheIqAACMJWvLn8q5t16Us68/KxfefaXr5WwL9hx+QObve0zm731Upvcdicrh6tCz2V16U15tHm28Jr+rw9FnD5FjzwIN8dPoYzpau84X+5xC9oFL7/oHBRexnX6xckqHpSZP7FmmOc5ALXGfOfxyxeXeFzF+FRq9L58pHgAAYByhuAoAAGPPyqUFufDuy3L+9Ak5f+ZlWV482fWSxoKpvUdk350PX/264yGZ3ntb1vy+glPbepNsWl9bsq0gqImz+dmuNfEpetN1m/P7ZNdzCdG59CY/V0FJU1iy2U0FLZefz1/jF3Idmr+E3nadkt+XOySuDTmHn62A6sKVn4IqAABsRyiuAgDAtoNiq5nJ2cOy786HtoqpD8uumz9fbC5bIcl0ZmWzwGjSm/K6/GPiTflynsHalLXraa7fFZfS0Rmqt81X2j8kPlY27RffvmvGa2VtwdXVCWjLZ/MLzaeJCz2ztLS/zU/T0Zpjni7k2P3gi3P5V4Ssw7XPAQAAxhGKqwAAsO1ZubQgF868LOfPnJDzp3dOsfWmmfmtztSrBdXd++/uZB22wlXdHqq3FcI0OXwFV5dfG7K2wGqSbdfN/CHxrvWUmC8kXpvDJtt8YvarjWYhSVNY8hWiXAXYErKtkGjys+UzXYfM78tZMj523alxsesMifMV9DXz5LIDAACMKxRXAQBgx7FyaUEuf/iaLJ17W5YWT8nyJ6dkefGUrF5e6HppUQwm98iu/Udl1y13ye79R2XX/rtlz6H7ZObgPV0vzdnZ57KX0Nvm9cm9nv1/ic8l5zizNfd8oxxfQtboTfun5CgS3kkY42eTS8SlnIWaI76kX1dyDr+KkH0YqjfNBwAAsB2guAoAALDFcHVJlhZPyvLiKVlafGer6PqOLC2ekuFKnh+YsfQGU7LrljuvFU933XJUdu+/W3btPyqTMwc6XZsW30cFm72UPtZPkyckJnW+ZkEydM4c+TX5bAXUUuu1yS4/UyFVay+BryCl1bsKaDY/23WI3JZf6fXliouVQ+J87zV2nph9qLUDAACMOxRXAQAAFAzXlmT9s4vXvoYrF7auL8j6Z5dk/Tr5ogxXLl4nb26sy2BqTiam52Rieq9MTM1eHSt5eu56+/ScTDTkccTXmWfrCHXF2+wu/9j40h2rueVRONM1Jb9rvhg55P3H7kebv1bWjD7/pt3m7/MrKefsOA2JizljdVzl1Pev8XftX00+AACA7QjFVQAAAGgVW+Gqbg/V2wphmjwh8Tl8SsqxtrqsLZD65oi9D9/70L6v1Pevtdv8tbIGn7/NrtWXkrvO29Z9tiW7/GwFUE2+XP6hdgAAgO0CxVUAAABoDV/HX6jelDcmTw4/7XrakpvryTlPjjNi25Jz7y/fGIomr8/fZnfptZ2KpeQ2OkrbvJ8ccom40Pcfso98+UzxAAAA2xGKqwAAANAJvoJUjD4kn6uQpo3Pkb8rWVuQHRc5xs+3X0IKpiEF2NjCky8uVR/r15U8KuuIlUvE2QqimnifXhNHQRUAAHYiuYqr/SxZAAAAYEdg63xq2ut6l7/PHtrJpY33jbGddm2M/X7/BrnX6zllX3yq7Ju/knu93jXZ5lflN/ml2EP8NXLzfmz3p1mPKV9T31yvS3bd5yjI23msqL5P1GXb6Pq+aYoP1WvimnYAAADQQ+cqAAAARJHaQZiqd+XX6GI7VEPyj5tcfx6hsi2vVhe7X3w2V/7UglKzMNUssIX6+/LE6l3zxeTfiXJKZ2nq+0zZF744OlYBAGAnw7EAAAAA0BmuX5mOtbv0pnlj8uTw064nt9zrXX9malvz5rr/0Hyx+yLWL8dYJ4d/Dn39jFSbnzbfqMtd50nN59sXKftFsy8BAAB2Gqbi6hNPPOGMeeaZZ27QUVwFAACAJGyFrJz2Ev6meI0uZN4u8mhkzfPItd6YdaTsl1C/kmgLV7H2VL1Pjo1zFfZKy7HzxsSl5kvRu/ZVbBwAAMBOw9a5aiuwmgqrIhRXAQAAIAMxHYMae5v6FL/YjlLT/YfKueaPXU/q/eXcLy67b6zQyjGjL75ObLwmn0/O7Zcqt72eHPlD3mPJ9257/wAAAOA+FqBZYLUVVkUorgIAAEBmfB8tbHZboUxjt+k0hUSbPiReowspbMbmd83X1f2k6F37wRfvI1dhtZlPg7bQFWp3FexC8+ScJyZ/zHwhftp1x+Qz5Umdz1c4DZkfAAAAruI7c7UqsLoKqyIUVwEAACAjvs7AGLsvfyl9iXhth6npfkPl3PlzPhff+0yxa/xD4kPGOqFxKXlL6UP8TOtLyddm/lS/NvUx+8AUDwAAAPyHVgAAADAm+D5qxNpdelthLZd/7viS+dryi9Xnstf9TM+vS0ILXD4/m903j69QqcmvzRvjp11Pbr9S8Zo8Ie8rJI6CKgAAgB+KqwAAADDyhHYUau22DtCYfC7/EusJiW9j/Tmeb873kcvuGytyyZqxuV5ffJ2c9lR/zbwhcsz8mnnbjs/1vErYAQAA4EYorgIAAMBYYSuMtWkv5W/T2QqBKfN1HZ/iX9Ju83fFh+QzoSm0huYrYfetJ1Ufui5fIbXt+Lb0rvX41q+1U1AFAADQk6u42s+SBQAAAMCDqdOqOcbYfflFbuwU1Oarj/1+36ivrmPuxzXa5qvmio3v9/vG+Ka+ik/xD81Xt/vym/zqX837N8W78mlGW77m87etz5TP5W/bBy67aT0me4reNtruy+SfMp/tz1noenONzYJ7yPpNcVo7hVUAAIBuoHMVAAAAOsX3USS0g1JrD+2Q7NI/RR/7/HI9N1+cNj7Uz4ftV6hjxxS08b75NPaYdYyK3lVodBUgTXlz+Zd43rnsAAAA4IbOVQAAABh7XJ2dFbbOtLrdF68ZffPZOu/6/X5xf9u6Nf6+zsGY/HVbM4/L3uuZO0018Ta/pr8v3pQnx2h7frb1mTpWXfG2jlifve7nm0cb59Jr8vvGUH/Xe6jQ+Kd0nNrsrnw57QAAANAddK4CAADASBDSuRhjz31mq89W4szSUL0pX1v3H+oTe6Zqro+ytjNabXIOQvNr7JqO2th5bHlD88WuL0afY72afKU7WPmVfwAAgPzk6lz9PzG9EuFkaO3zAAAAAElFTkSuQmCC" height="600" width="800" />]]>
  </system-out>
</testsuite> <!-- testcases.LoginFeature -->
