<?xml version="1.0" encoding="UTF-8"?>
<!-- Generated by org.testng.reporters.JUnitReportReporter -->
<testsuite skipped="0" hostname="LAPTOP-JEI8AS0O" name="testcases.DahboardFeature" tests="2" failures="0" timestamp="2021-10-10T15:51:00 EDT" time="0.768" errors="0">
  <testcase name="getDashboardQuickLaunchItems_004" time="0.335" classname="testcases.DahboardFeature"/>
  <system-out>
    <![CDATA[<img src="data:image/png;base64, iVBORw0KGgoAAAANSUhEUgAABVcAAAJWCAYAAABcXLeiAAAAAXNSR0IArs4c6QAAIABJREFUeJzs3XeQXed55/nve8LNt2/37YyOQCNnAiBIgkFMEkmRSp6V7Z2VvfbWVm251qr1Fv/0uqamamprw3hnZmvsCeWqVVkzli3LEiVKJkVSEkmRBBGIDDRy6m50DjeHc8777h/3otFANwIpCiDk51PVbPbtE95z7u1/fnjO8yhjjEEIIYQQQgghhBBCCCHEvJdffvm221h3YR1CCCGEEEIIIYQQQgjxG0fCVSGEEEIIIYQQQgghhPgEJFwVQgghhBBCCCGEEEKIT0DCVSGEEEIIIYQQQgghhPgEJFwVQgghhBBCCCGEEEKIT0DCVSGEEEIIIYQQQgghhPgEJFwVQgghhBBCCCGEEEKIT0DCVSGEEEIIIYQQQgghhPgEJFwVQgghhBBCCCGEEEKIT0DCVSGEEEIIIYQQQgghhPgEJFwVQgghhBBCCCGEEEKIT0DCVSGEEEIIIYQQQgghhPgEJFwVQgghhBBCCCGEEEKIT0DCVSGEEEIIIYQQQgghhPgEnHu9gF+nsl9hujTDcP4Kw7kRrhTGGC9OMFuZo+yX8Y0P5tr2BkPMifHYsof55+u+jkKhlLp3FyCEEEIIIYQQQgghhPjM+o0LV33tM1aY4NTsGU5Mn2Q4P8JcJUtFV/ACn0D7BEZjMMwnq0aBAoMm7IRZ1TiAQkJVIYQQQgghhBBCCCHEzf1GhaujhXH2jR3gwMQhrhTGyFfzVIMqGg2AMbXqVGMMUSeCpWw87RHg11+LMpBaztrm1VKxKoQQQgghhBBCCCGEuKXfmHB1ojjFK2d/wvHpQSZKk3jaqxWmKlAoDAaNJubEGGhYTtgOMVocY7o8g29qwWtLtIXHlj1MMpS415cjhBBCCCGEEEIIIYT4jLvvw1VjDJWgwusX32T36B5yXo5anKpAmas1q8SdGBua19EVX0ZgAs5nLlDwiwQmwBhNwo2zvmkNm1o2YCmZ8yWEEEIIIYQQQgghhLi1+z5c1UZzcuY0713ZTd7L13ulqvmeqnEnRn9DHysbVzDQ0M9YcZITM4NcyF6i4BfrR1Esi3fyYPs2GkLJe3g1QgghhBBCCCGEEEKI+8V9Ha4aYyj5JX429C7T5VmMMShVC1bDdoiWaAurUgNsb9tKOtLE8ZlBfj70DhPFiVrHAKXQRtMQSrIuvYZ10mtVCCGEEEIIIYQQQghxh+7rcDUwmvHiFHvG9qO1xgAWFo3hBlY1ruSRzp2sbFzOVGmaN4d+wS+G3wXAUvW2AYClLNan1/BQxw5ibuweXo0QQgghhBBCCCGEEOJ+cl+Hq772uZwdIu8VCFsuruXQHG3mqa7HeXTZQ6QiKQanT/HKuR9zbGYQW9nzoSoYtNG0xVrZ0rqZlU0D9/RahBBCCCGEEEIIIYQQ95f7Nlw1xuBrj/OZC4DBtmx2tG/j+b5nWZ1eSTWo8ouh9/jJhdcZK47hqOsv1dT3eaTzIXZ2bCNku/fmQoQQQgghhBBCCCGEEPel+zZcBagEVU7PncPC4rcGvsKzfZ8jHWmi6BV5Z/g9fnLhp4wXJ7GVvWjfauDxdPcTPNr5EE2RxnuweiGEEEIIIYQQQgghxP3svg1XtdFUgwoxJ8r/uu1/ZlvbVlLhJIVqkR+df513ht9jujSNpRQsaAUAtVB2R9sDPNf/LP2pXixl3bPrEEIIIYQQQgghhBBC3J/u23AVIObG+OrKl1iR6ifuxtBG896V3Xw4uo/p8gxGXY1VDcbUAlmlFI907OSF5Z9nRaof15J2AEIIIYQQQgghhBBCiI/vvg1XLWURd+OsTa8mbIcwxvDR+CHeHn6PkcIovglAKSwUYTtMOtLEioY+BlLL2dKyga7kMiJ2GKXU7U8mhBBCCCGEEEIIIYQQN7hvw1WlFI5y5i9gtpzhw/GDFLXHQONyGt0EDaEkiVCCVKSJlmgz7dFW2mKtpMIN2NIKQAghhBBCCCGEEEII8Su4b8PVxQxr0ytZ27iCBuWSUhYNVpioGyMabiAabQQnApYj1apCCCGEEEIIIYQQQohf2WczXDW1wVNG+6ADUBZYNkpZcJNgtAHFM+EOyI6hc1egnAO/CgqMHcaLJFHxZlSiFSvZhoqmwInUjimEEEIIIYQQQgghhBAf02cqXDVGg1/BlHOY8hymlIFqEZwwKpxEheMQTqBCcZQTroWudXa1gB4fRA8dxEyewy/OYqoFjF8FDNghrGQrqrkPu2MDVutq7HQfxFsgFJWQVQghhBBCCCGEEEII8bF8NsJVYzBBFVOcQU+exR85hL5yBJ0dw1RLYIex4mmsVCdW2yrs1jVY6X5UvAlC8VowGm2Enu1YLQOQn8SZHUZPnUPPDqMLU1ApoOdGYGaI4Oz7qEQbdt92nIHHsDs3QixdC2yFEEIIIYQQQgghhBDiDihj6s/g3yPGGAg89PQ5vMHX8Y6/jslPgWUBCqWs2jZGX10yKtqA3b0VZ81TOMt3ocINoKxFvVSNV8bkJwkmTuFf2od//j0oZkB7XL1sK9mGu+YZnHXPYbWuRln2TVsPCCGEEEIIIYQQQggh/ml4+eWXb7vNvQ9X/TL+pT14e79NcPkgWHbtC0BrMMG1bVG14LO+ZGWHsPu2E370f8RqXYtyQjc/j/bRs0N4J9/AO/C9WssBq34sY7A71xN65A9xVzwG1mejoFcIIYQQQgghhBBCCHFvfObDVRNU8U68hnf4+wQTZ1E6ABSgwYBq6cfqWIcVbwZlYyo5TOYKem4YPTeKCjywXVSsidBTf4K74lFUKLb0uYwB7YNXJpgYpHrg7wgu7a+1HVAWKBu7dQWhrV/D3fQVUPZdvRdCCCGEEEIIIYQQQojPjjsJV+9diabR+Offxzv6Y4LxM9ce+1cGFWsmtP13sHq2Y8VbwA7VM1cNfhlTyqCnzxMMH8Q79x4mM0b17X+HMhq7/2GsaGrR6ZRSYLtgu9jLthCOt+A1fB//9DuY3ASGgGDqPJUD34N4C+7AE3f3fgghhBBCCCGEEEIIIe4r9yxcDcYH8QffQE+cBhOg6o/8W03dhHb8c+zlj6JiTWA51/dSNQaTbMdq7MJqX4fdsx3/5Ft4l/ZS3f83hKONqJ5tKNu96bmVE8Zq6sXd/DWwQ/gnforJT9YKZmcu4+3/DlbraqxkW21YlhBCCCGEEEIIIYQQQtzgnoSrupzDO/6PBEMHwSvXAkyjUck23G2/g7P6GVSkYemdlaoFp9FGrEgKK9WJle5Hta7AO/JD/Et7sJp6UanOW65BWQ5Wuh93/RcxlQLm5FtQyYP2CUZP4B3+PuGH/xCcyMcecBUEAYHWKKVwbHvRoK2FjDForQmCAAPYloXjfPpvizGmtq4gQCkL13Vuua6Pe0xQWJaFZSmUuvZ14/ZX3e7cxhi0MQS+jzEGy7KwbRvLur/DbmMMBkPBK+JaLiHbxfqEAb42Bl/7VIIKcTeO4vb3VQghhBBCCCGEEEJ8eu5NuDp2jGDoAKY0Vx9QpSGawu7fibPqyZsHqzdQSkEojt25ARVtAK+Mzoyi54ZQyTaUdeu+qcqysdL9OKuexOQmCM69X1tPUMUf/CnuuudqQe2CKthq1WNubpa5TIZQKIRSip7ubpRSeJ7H5aEhzpw5w/T0DD29PWx/4AESicSicxcKBcbGxxm6PMTExAS5fB6loKGhgfb2dnp6eljW2YnrurcMzLQxVCoVRkZGsG0b3/NpbGykqakR27YplUqMjY9z8eJFJicnKZZKhFyXdDpNd1c33d1dpFKpOw4tgyAgm8sxNjbG0OUhJqcmqVQqgMK2LcLhMLFYnEg4jOu62E4tXK5Uqhit2bJ1Cy3NzUtekzGGUqnE+MQEly9f5sroKIV8AWM0oVCIpqYmuru6Wda1jHQ6Tchdujo5W80xUZyk4lfQxmAri/Z4G83R9G2vr+SXmShOkq3kcCybol+mJ7mMdKSJbCXHRGmSglfEUhaOsvFNgBd4VLWHRuMoh5gTJRVuoDmSJu7GsG/4HFaDKq9dfJPGcCMPtG6iJbr0/bgVg2GuMsfRyRNMlqZ4vv9Z4u7S/YaFEEIIIYQQQgghxK/HXQ9XjVfGP/ceOjcBxsxXhVrpXpzVT9d6rH4CVmMP7gNfxz/9c6Ae2HL7oVTKdrA71qP7HyIYOQzVAsaAmR3CHz6AG29BLejhmi/k2b//I/bs3Us8HqetrZXf+8Y3qFQq7N23j/fff5+Dhw4xNTXNM08/zfq16+bDVWMMvu9z6dIl9h84wLmz57hyZZS5uTkKhQKVagUFtLW3s3btGh7csYNt27bRkExi20tfi9GafD7P97//A/wgoFqt8uQTT7B9+zYKhQIHDh7iwIEDnDp1ionJCYrFErZt09zczIrly9m6dSsPPbST3p4eQqHQLe9VoVjkwvkLHDh4kNNnzjAzM0M4HCYei6GUIpvLMTk5QblcxnVDdLS309bWhjaG2dkZjDZ0dHbSnF4cclYqFUZHxzhy9AhHjx7l4qVLaG2IxWLYtk0QBPi+RyKeoK+/jwe2bmX9unU0NTUtOla2kuX9K3sYyV/BGENjuJGneh6/o3C14BU4PjXIgYnDhGyXvFfkS8ufJ+kmuJwb4sPRfYwURnGVQyqUojmaxgAlv0SmmmWukiFkuzRHmulL9rC6aSX9DT2EnXDt/cKQqWR56/LbhO0wqVCSVLiBkH3re38jX/tczFzmR+dfI+/leXTZw8TcaK29hhBCCCGEEEIIIYS4K+56uKqzo/jDhzDVYq1azxgIx7Hb12Iv2/QrHdtO96M2vgRWCD5GyGRFktitK7FaB9BDh2oVr8rCP/MOTu9OTCQ533u1WChy6MhhvvOd7xCLx3nyyc/xjf/uG+zdu4+/+A//gVOnTlGplMFAsVTCrVdXGmOoVqvs3bePn/70Dc6ePUs0FqOnp4fVq1dhWRZzc3OcPHWKwcFB9uzZwwcffMDv/97v8+STn6M5nb5pdaPWmtdef52xsTEsy6JrWa2y86MDB3jn3XfIZrMkEwl6e3qpVqtMTExw6tQpjh49wocffsjly5f58pe/xLq1a29awVosldi7dy8/+tGrHDhwgFQqxWOPPcaju3bR29uDZVkMj4yw+4Pd/OznP+fcufMEQUB/fz9tbW1k6oFqLBZddOxSqcTgyZP842uv8e4vf0k2k2Hrlq088/STrFy5kmgkwuzcLCdOnODDPXv46MBH7N79IV/+0kt84fOfXxSw+jrg7Nx5Dk0ewVKKFanl7Fq2844+C74OmCxNs3tsL45V+/N4vGsX2mimSjMMzpzmQvYSjuWwsnEFOzq2kQwl8I3PeGGCo9MnGJw5yeHJY8ScKFtaNvHC8s+zLr0a27IxxjBdmqUSVBgtjHN06ji9yW464u13XL1qjGG2NMeRqWOcnDtFa6SZsl+utV2QbFUIIYQQQgghhBDirrnr4WoweRpTnAWtwbIwOsBKtmN1bsAKL358/uOyEm0ffydloRKt2C0DBEMHa/mUZaPHBjGFSUgtA7sWOrquQyQcwbIsQq5LR3sHV0ZH+da3vsXE+Djd3d04tk2xVKQxlcJxahWnWmvmMhn+/V/8Jblcjt//vd/j4Yceor2jnXC9YrRcqXD27Dl+8MorvPLKKwwODvJXf/VXtLe3sfPBBwmHw4uXrhSRcITGxhRTU1OEQiFKpRJvv/MOR44eZWDFCp566il6e3qJx2NkslmOHDnK3/7d33Hy5EkmJib44Y9+RCQSobenh2QyuegcWmtOnz7DX//1t3n/g/fZsH493/jGN3jpxRevW1NXVxebN22itbWVv/3ud8lkM4RDIV54/jmamprme64uDBGDIODMmbP87d99lx+9+iqNqQaefeZZ/uiP/oiuZdf3zX34oYfY9cgu/uY73+GHP/whY2NjRKNRnn/uueurbpXCUTaO5aAARzk46uYDzhaylEXIdnEsB1tZKCxClotSFpaysC0HSykcy6I91sr29i1EnMj8/js7tvODsz/mg9E9TJen2T95gEQoTm+ym4Zwsv44fwZtNErB0akTbG7ZSEusGfcO1+hrn/PZi3w0cQgLC20MuWoec/tdhRBCCCGEEEIIIcSn6O6Hq0MHwatcNyPKamjHTvdzL8vuVCgG8ebaGpQCFKaUQecmsIMq1PuuhkIhIpEIuh4UVsoV/uvf/FeK5RJ/8id/woYN63Fdl9HRMWzbng8UtTaUS2VCboj//V/9K9avX7foMfxYNMrGDetpb2tlenqan/3sLc6cPcMv3n6Hvt4+enq6l6xudBybcChcGyYFvPHGGyxfvpwvvfQiz33hC0Qi18K/q+0Aenq6+b/+73/N4OAg09PTHDhwgMFHH+XBHdsXnaNYLPLdv/8uhw4dIhaLs2vXLp5/7rklw95oNMpXvvIVhq+M8O1vf5sfvPIDWtta+a2vfW1RawNjDLOzs/zD97/Pa6+9RjgU4rFHH+Ob3/wm7W2tS1ynw4YN63nhhRc4f/48+/bv59//xV8wMDDA+nXrau+jUoQtd77qtDYkzCa2IAC9FVspQtaCkFNBxAnXglbLqg+fUoAFWHg6YOGRm6Npnut7hrHiGLPlOSp+laH8CJdzQ2wMr8cYw2RpEm00jrK5lLvMiZmT9DZ00x5ru6NBX2OFCQ5PHuNSdghHOQRGM1OexUi8KoQQQgghhBBCCHFX3fXR63ryLGifq0GqUhYqnKgNpLqXlEJZNspekDcbMJlRjFeef6nqeVSqFRzHplwu89M3f8o777zD//anf8qLX3yBVStX0t/XxyMPP8TOB3fMV4JaliKVauDP/uxP2bBh/U37m1qWRVNTE7/z21/Hsh1s22b//n2Mjl5Ba73EshWO42C7terKQrHI5eFhtm17gOefe+66YHWh7du28dJLL9HZ2QkYhoaHOHz40JLnuHjpMmfPnCWbyzEwMMCmTZuJx+M3vZWJRJy1a9bS37+cS5cu8+abbzI7N7fktr987332799PoZBnYGCAF1/84pLB6sLrXbtmNQ8//DCWpZiamuJv//bvrttGG10PGtV8WOmb4KbHXMhSNmE7XIsp6yG7Xz9exArjKBuDQaEIWQ6OWvwn1BRppCGUmh9kVfJLTJWmgVrP1Xy1QGCCWm9f4NDEEU7NnLmjcFQbzYmZkxyYOIxStTBdG022mp0P8oUQQgghhBBCCCHE3XHXw1VTmK61BKj9hAGMHYZ7PencUOv/Ov8DYFno3Dj4lUWbK2XhBwH5QoFv/vE3WbF8OY5z80Jgy7JIpVIMrFhxy+0AbNumo6OTpsZGbNthcnKKbC5HECwdEFqWRSxa62VarVZ54vHH2b59+20HVD3+6KP09vailEUmk2F4eIRyubxou5MnT5LNZlEK2tpa64HsrbW2tNCcTtd6lU5Pc/r06UXbzMzO8t5773Hx0iWikSh9vb1s2nT7vrvJZJKurlpf2VKpzNtvv8Ps7Nx8MGwpGwurFt8bsLBwrTsr0g6MpqJ9HCyMMdjKImKHsJRF3IniWg6G2utWPXy9kTYaMChV+4S7lkvCvTbUbLI0TXB1rVhczg8zOHOamfLSAfRCI/krHJ06zlhxDFtZGAXaBGS9vFSuCiGEEEIIIYQQQtxldz1cpR48XSeogr841LurrmZkOrj+pWr5utcsZdUf99dYlqKtrY3t27cTiURu+Ui3UrUqStu2b/vot1KKSCRMY2MjSil836da9eYDuRvZtk2kHqRaStHT3U1Lc8ttz5NKNdDU2EgoFMKrehSKBcqVxUHy2NgYlWoFpSxCoRDh8O0n24cj4Vq4a6BcKjM1Nb1om9OnTzM6Okq1WqUpnWZgYAWphttXMLuuS3M6TVtbG1prcvkcZ8+exff92u8tp/74vsFgsJQibN1+zVB7f68GqMZcrVB1USg846ExWPU/G20MmsXvSa6aI1vN4WkfS1k0R9L0N/SijaESVJkoTV79ZwVQtUB3cPY0x6ZO1IPZpVWDKgcnjnJy9gwKq/4FGsNseXZBxa4QQgghhBBCCCGEuBvufrh63Slr0RDVIqacv/tLWSjwMV4JozXzSavW84+GX6UshWXVqhodx2XlypWkm5qwrE//VgaBD/Vw0LLULcPSq+d3XJempkZisehtj++6LslkgnA4jDYGz/epVquLtguFwyhlXRtIdQe9catVD8/359d84yPrWmtOnTrN9MwMxhhaW1pYcQdVvVevNRaL09CQQmuN51WZnbtWueooG0up+ZjRqg+3uhOOsona4fmQUgG2slHKouRXCExQr1ilPuTq+ntR9st8MLqXodwwgQ7oT/bycMcOGiONgMHTHtOlaTSazS0baYu24CibkfwVjk2dmG8fsJTL2WGOTZ+gHFRYl17DuvQaAqMxRjNTmsXT3qJ/txBCCCGEEEIIIYQQvz53faAVkUStNQDMP7ZtijPo7Ch226q7vpyrTLWIKczAwto/VR9utXD4llL1qshaxWhTY+MdBYK3Pb8xBEFALp9nbHSMd3/5LlNTUxhtsGwLx3EWBXkLlcplLKtWVeu67qLhUTc759WKWqXqtZBL9BDt7e0hFo1ijKZYLFEoFG577EwmQy6XwwCRSITWlpbrfh8EAcMjI+TzeSyr1iv22LHjBL6mWq0QjkRwHBvHcQGD7/l4vo/neTiOzcWLl5ianATA8zwK+QJa1985pa4LgDOVDPvGD9CcaUIpi4quglI4qlbhqk2AbwIsoBp4nM2cZ/5NV1zX2/RqL9da3akhMJpAB1SCCmOFCfaNH+C9kd1kqlnWNa3hia5dbGrZgGPZ+Dqg4lfIVHME2mdH+wOMFybYPbaXidIUp+fOcmDiMF/oe3rR++AFHvvHD3Iuc4HuxDIe6XyQydI0R6aPYQxkvRxlv0LCjd9R+C2EEEIIIYQQQgghfnV3PVy1mroxc8OYoBZSoRQ6O4YeP4npfwjlLJ5A/2tndC3gnb2MWlDxCKAiSVhY9VgPIjG10M11Q1jWxw+zyuUy2WyWmdlZZqZnmJyaYnZ2ltm5OWZnZ5gYn5gPCy3LwrHtW1bHVj2vFpBaFkEQLDmYatFlG1PfrnYex3EIhxff/zWrV9Pa2sLpMzZjo6MMDQ+zdeuWm66nWq1y6dIlxkZHCYVCtLW30dffd902lUqFqclJyuUytm2TzWbZt38/586fRylFLBartxUw14ZSBQGeV0VrQ6FQIBQO0dfXW69kjV7/PizIxDPVDPsnDhJ341jKRqNxlI3CwgCB8QlMgF3fY7w0ueR1LczZfe1zMXuJH59/nagdYa6S4UphjFwlRzqSZlPLBja3bGB100qaIo1ArTdqppqlrCsoLHoSXQyklnMxd5nJ8jRjxXEOThxmW+sW2uLXD/U6P3eBQ5NHqARVNjavY3PLRvaPH0ShMBhyXh4v8GoVwpKtCiGEEEIIIYQQQtwVdz1ctVtWoi9/NP+zUhaU5ggmTqMzV7Cbl9/tJWH8Cjo7ipkbBsu+lk0ZjWroBDdy030/To5lTC0UvHDxIsePH2fkyhWKxSK2bePYDoZawNnR3k5vTy/nL1ygWCjU2xAsfrR+yfUohdb6jsLV2ppq369WvS4VFHd0dPDggzs5d/48I1eucPToUXbs2E7XsmVLXuO58+c5MXiC6ZkZurqWsfPBBxdVrmqtKZaK+L6PMYZ0Os3WLVtoa28j5IZwXRfHsQkCjVJgW7UgVGuN7/sEQa3nrTEG27ZZtWrlogrienxP3I2zsnEFqXAKhcK2bGxl16qFqT1WT72XajWoYiubM7PnlnzC3sz/1zBdmuHdkd14QYWiX6IclHm2+ym2tm2mN9lNSyxN2L4WVvs6YK6SIdA+cTdOyAnRm+xmRaqfS7khMtUsl3JDHJo8yrPRJ+fD64pfYc/YR1zOj9CX7GFDeh3NkSbCdghFrYK25JepBBXpCiCEEEIIIYQQQghxF939ytX2NeDGoJSpJXtKYQIfPX0B/+IerMYulH1nw4c+LbowhZ46jynMgmUtTBxRDe3XV9NeDTnrPQ3uJPCE2mPwmUyGt995hw927+bgwUMkEgkGBlawdu1a1qxeTXt7B83pJhLJJBMTE7z66qugwLadjxWY3ilV7+UKtYpXZSn8IFi0XTQS4fOff5aRkWF+8Yu3+ejAR/T29vD5z3+epqYm3HqoWa1WGR0b48c//gnHjh0nnW7iscce46mnnqpVoS5gWRZGm/l2CN1dXXz1K19h3bq1i9YI11oY3Hi/F7Y2uP4X1761RJp5pudJOhPtt70n2UqOmBPj7ZH3uFV07lguLdEWmiNpDk8doeSXsZVN3I2xPNVHa7QF+4bK3sAEzJbnCExA3IkTsl2iTpRNzeu5kLnEkenjTJdm2Tu+nwdaN9MarwXSl7JDHJw6gq89NjWvZ0WqD8dyCdthLFUbruZrj1w1Xw+Kb98SQgghhBBCCCGEEEL86u5+5WrrKlSyDZ2fBB2gAGXZmMwV/MHXsbs2Ybevq1W03gUm8NBjgwTDh8Bo5gduGQPxFqxY+rq2AMZcH6jqOwhXjTHMzWV4/aev86///M8pFots376D3/md3+bRRx6hqanpuh6pvh/geR6lchljTK2HqmPXh2st7VqQd+e1i5ZV6+V6NZh0HAfbWjqYG1ixgt/93d8lmWzgzTff4Nv/5b8wOzfHls2baWxsxGjD1PQUu3d/yN69e4nHYrz04ou88MLz9Pf1LTqesiwi0cj8+T3Po1Kp3LTVgJofInVntcLmuv832Hf8eapVpS7dt/Taa5ZS9DX08FzvMziWzQeje9BG88bQz0lH0zzS+SDpSNN16/W1z0RxEgM0hBOE7TBKKdamV3Muc5Hz2UvkvBwXspf5cGwfL654Dl/7/GzoHa4UxljbuJr1zWtJhpN4gUfIDhG1wxT9EtpoZitzaPPpBvBCCCGEEEIIIYQQ4ubufuVqogWrazPB9MVa9erVoVFao6cv4R38HtYTf4yKpWs73GH7eH3hAAAgAElEQVSY9kkYo9H5SfzL+wnGTqIWBos6wO5YgxVvQS0MV2+sVr2DcNXzPE6fPs2f//n/Qy6Xp6u7i2/+8R+zdesWopGlWg4YAj+o9041OLZd67l6i3sRiUauBb93WE1bCwsVRtcevXcdd1GF6VWWZbF2zRps26ZQKPDmW2/x6quvsufDPaQaG9FaMzMzg+PYPPHEEzz++ONs3LCBZDKx5PFCrktbWxuRSIRcLkehWGRubm6+EvVXcfUx//mfMQRmcUXuUjQG/+q26urxDKbeNkCZWr9dbTQK6G3o4qsDX+Ri9jJX8qNkq1lev/QmyVCChzq2E3bCtb6oxuBpj/HiFApIOHEc5aBQJMNJNjSvZXDmFAcmD5OpZPnF8Hs82vUI2XKWPWP78QKPnR3bWZHqw1JWrd+v5RJ1YhT8EhrNbHmWQMJVIYQQQgghhBBCiLvmroerKBt39VME5z9Al6+1BsCywCvin34H5biEH/9jCMUB61cO25ZijMFU8vgn38C/sBtMAJa9IJg0OCufQEVT1wW81ypXa8Hk7SpXjTHMZTLs3beXmdkZXMfl6aeeZmBgxU2C1atnN2hdG0x1dVDVre6DbTvoICAINKFQGNd1b3sPPN+rDYgytXPYtnXT4VzGGM6cPcfff+8fGJ+Y5OWXX+bRRx5GWRaz9VC0KdVIQ0OSaDR6XSXuUlzXZdWq1Xy4+0MmJyaYnZ1lZHT0UwlXA6PRmPk6U2MMgb7DcNUYKtqvB6u1UNTXtb6wCTeOa7kE6Pq2Gm0M/Q19/MnWP+Jf7v0/KHpFLmeH+enFn5EMJdjSuhFb1e5Fxa8yWa4Ny0qFU7i2O3+t/Q19rEuv5vjMSXztcaUwyhsXfsZEaZK5yhxbWjexrnkNyVASAFvZxNwoUSdauz5jyHsFDBKuCiGEEEIIIYQQQtwtd+fZ+xvYLQM4neuxwskbqiwVeEW8Y69Ref8/YvJTH6MK82MKqnjHX8U/8RrkJuHGx8ajDTjd22r9YRe6oS2A0bdfXzab5fiJQUKhWu/W1tbW+T6lSzHG4Hkevh/gOA5+4BMEwU37u17d/uqwJTfk3jbcBNBBgO/7AFjKIljw841yuTzf+ta3eP2111i7ZjVffP55Ojo6aG9rY82qVaxdvZqOjnbi8fhNH+2/0Y5tD9C5rBPLsRkfH+f4sWPkcrk72vdWKtq7Vn1KLWwtBZU72tcYjdYBqt4YQBtNRVfR9XYBC/vs2srGUTaO5bCisZ+vr/wqcTeOpSxOzJ7ivZEPuZwdhvpxin6RmdIsoEg4MawFn7lEKM7a9GrWp9egAU9X+cH5n/DelQ/xdcCOtgdojV4bCmYpi7AdIuqE69XUmmw1d0dtKoQQQgghhBBCCCHEp+OehKvYYdyNX0K1rsIs7I55tWIx8PCO/Jjyz/5PgpGDmGrxUz29LkxR3fvXeAf+gWBmqH7q+uAkDMYO4277OirZXqtmXbivMfVq0quv3D7M0oGmUqlcLYakVCrecjhVrYrUplQqXbe2m/F9n2KxWF+TolgqU616t10XgNZ6fkBXoDWet3S4euDgQc6eO4eyLFKpBiKRMJZlYVkWtm1j2/Z8de2dVp729vby4PYdtLe1UyqVOHnyJLt3f3hH+17l+z6zs7PX9cK1VS0YvVaDbLiT9wlqoWXIdghMUD+GwdM+xmjyXpGq9rCUwtTbB/jGr71fls2zfU/y2LJHiLkxtNHsHt3DTy/+jKniNL72matkyHl5lKq1Arha0Qq197i/oY8dbQ/gKgdjoBpUKAUltrZsYl16DYlQ/Lp761ouMTde2x+YKs7gae+Oh6wJIYQQQgghhBBCiF/NPQlXlVJYratwVn0Oq7EbAn/hL2vfgyrB5QNU3v5/qR78e4LJsxiv9InPaYzGVHL4F3dT+cW/xTv6KiY3Xhtipeaba6KUhZXuxl3/RagPHLrhQPW+prUfPd9fNOTqRrFYlJ6ebnzfx1KKE8eOk88XltxHa00mk+GHr/yQUqlUD3ItLMteMrQ0xhAEAZVqZf541WoF3799uOp5PpVqFd+vVXm6jkM4vHTP1WKhgO955HI5BgdPcvT4cbLZLJVKBd/3KZfLVCoVqtUqvu/fMjy+ynVdnnnmGbZv24bruly8dIlXfvhD9u7ff9t9jTHMzs7ys5//gh//5B+v+12gr1X5GhYPIbuVQAeUvDIWV8N26r1uFb72awOjVK0dxI19XGNOjC/0Ps3yhj7ClkvRL/HRxEHeGX6Pkl+mElSp6mqt56obXzRkKxlKMNC4glWNA/jar7UiNprPdT9KW6z1uiFbV3uuJtwYRhmMgenKDNWgev0/WAghhBBCCCGEEEKIX5u733O1ToWiuCsfx8xexitnMeXstYFSV0NEr4SeOI1XmCEYOoDdtRG7extWug8VSaHs2/QVNQbjV9C5cfTUWYJL+wjGTqBnLoNXrp/qWrCK0ah4C6Ed/20t9F0izHRcFzfkzg8O8rxbh5hKKRobG9mxfQff+94/AHDk2DHefOstnn/uOTo7O+Yf4S+VSgwOnuTNt94il8vR0tLCxMQEmUyGTDaL53k4S7QT8H0fr+rVLsEYfM8nCG4fbjqOjQ50fXCWA6ibPtLf29tLU1MTJ0+dYvfu3YyNj9HZ2Uk8FicUctHaYNs2bv3+JOIJ2tpa6enpob+vj8bGxiXvTV9fL//NP/tnBEHAz3/xc/bu20vVqzLz9d9m54M7aGxsvG5NgdZkM1lODJ7g3Xff5djx43ztq1+7Lnj2tY+vfWrRqEIbTVXfWSWvwaDRaKOxlIUxUPYraKPxjU9gAkx9oJUfXF8lqpSiJ9nFi/1foOJXOJM5x3R5ht1j+3Asl0pQO45NrZUAXP/5si2b7mQnD3fs4OTs6fl+ruua1xB3Y4vCdduy5gdmoWC2MkvJL8+vXQghhBBCCCGEEEL8et2zcBUUKtmOs+ZZTDmHf+Zt8Ku1wVbzm1i1gDQ3QVCaRc9eIhg5ipXqRjX1YDW0o2JpVCQJlnNtOJZfxpRz6MIUJjOKnrmInhvBzFzGlLNcDd0WVqwaY1CJFpw1z+As34Wylr41vu9TqVQIfB9vQZXmrfqMRqNRNm/ayJdeeokfvfoqmUyGH7zyCpOTE2zcuJGGhgaKxRLDw0MMDQ2TSqX44otfJBKL8b3vfY+5uTneePMNcrksGzZsoK+vj4Zksr50Q7Xqkc1m8LxaFWqlUsEPln68fyHP9+v7eCilKJfL+L5POBxetG1vbw/PPPM0pXKZM2fOcODAQUKh4ziOMx/6ObaNVW8REAmHaUilaG1pYfWa1Tz80EPs2L590aAt13XZvHkzAPF4nA9272b//o/IZXPs3v0B6zdsoLkpTSQawfd9JiYmuXDxAufPX6BSKbN1y1Z2bN9+3TEDUwtHrw7H0ibAC+6wTYLRVILqgpYCujbQqt5rVRtdC2Dr25WCCnHi8/s7tsOm1g2MFEbJVrOMlya5kh/l50PvErLd+VYAtrKXyu6JuwlWp1exIrWcc5kLPLFsF03hxiXDUkvZhK3wfERb8stkqzl8HdTDWyGEEEIIIYQQQgjx63RPExhlOdidG8BoTFAluPAhxitdq2CFWgCqFAQ+OjOKnhtFOYdQsab6VyMqnKiFq1dHOvkVTCWPKc5iCjNQzoL2ma8UXBhUXQ1W42mc1U/hbvkqVix98zWjaGluYfu27cQTCTo62m8brtq2TVdXF3/wB/89oXCIwcFBhoaG+PFPfsK+/R/R2JgiGo2RTCYZWLGCJx5/jIGBAdJNafK5HBcuXmRmeoYzZ87S0dFJd1fXdcf3A5/+/n6WdXZRrpRpaWm5o6FSnufR1dXNzp0PYSlFW1sbfhAsuW0ymeTpp56iUq2Sy+W4cuUKzc3NNKQaiMfiRMJhPM+jWCqSmcswPT3N5aEhlFIcOnyIkydPUvU8Hn/00UV9WZPJBDt2bKelpZm1a9dw+PARzp49y1tv/Yz9Hx0gmUwSiUTq9x8ikQhdy5axceNGHtq5k87OjuvWGrbDbGxeTzrShFKK5kiahlDytvcDwLFcOuMdPN3zBLay0UbTHmvFVjbtsTa2t22lr6EXS1l0J5bhLBF6JkMJHul8EGM0Q/kRXKsWqrqWw/KGfqqmSldi2ZIBqGPZdCU6eXH5Fzg6Pcijyx4i4kSWbAkRd2KsaVpF3stjWw7GGGJO9I573gohhBBCCCGEEEKIX40yn4HpN8Yr4w8fxD/8ffzLH0ElX69gvUlIVHv+/frOkqoWfBqu9kM1879QSi35iP/V46hEM/byR3C3/hZOx/qbnxcoFIpcvHiRy0NDRKNRLEvxyMMPX1fBeTNaa4ZHRvjoo484cWKQyclJgiAgFo/R093Dpo0b2bJlM42NjfN9Qk8MDnLp4iXKlTLNzc2sWL6c9vb2+epSrTW5XI4P9+wlHA5TLpfpWraM5cv7SSQSt1zPzOwsZ86cIZ8vgIHGphTr160jGo0u2jaTyXD8xAn27t3H2XPniEWjrFy1krbWVhoaUsRiMcrlMvl8nqnJSS5cvMix48e5dOkS+XyOcDjCE088wb/8F/+CxsbUkuGvMYZCocDQ8DDHjx/n7JmzTE5NUS6XsWyLWDRGT083a9asYe2aNXR0dCyqhAXIVwv1Cs5a9a5t2TSEkiRDt74fABW/wmxljmpQq+bVOqAp0kjcjZP3ChSqBXwTgIKwFSIdacJdoj1FoAOmyzMUqgUcy8Wxaq0AAqOpBhXSkSZibmzJitRAB5T8MrOVOTrjHdjKWvKz5WmPXDVPtpLDtmpBcDrSRMyJYt8wiE0IIYQQQgghhBBCfDwvv/zybbf5TISrAMYrEUycwjvwXYKhA5jiLNcqTW8eWi5cvFritYWvL9yr1kFAoeLNOCufwN3wReyO9ddXtd7Jum/ouXmn++TzebLZLAaIx2IkEoklg8LPglKpzLu//CXf+4fvUa1Uee6553jqqSdpbWlZsgdsEATMzs3x/vsf8Oqrr7Jv/36q1SqpVIp/92//Ldu3PbDkfgtpbahUKuQLeYrFIrZtE4/HScTjn9n7JIQQQgghhBBCCCF+c9xJuPqZacyo3Ch250asx1vwTr6Jd/RHmMIsBJVahSksGbIuFWcuGbLe8INyo1iN3Tjrn8dd+3msZPsnW/cneARbKUUymSSZvLNH1e8lbQxHjx3jP/3n/0yhUOB/+MM/4Ktf+cqSfVmvsm2bluZmXnj+ORKJBFPT05w4cYJqtcLxE8fZunXLbT94lqWIRiNEo5FP94KEEEIIIYQQ4lOQqWb5Tyf+P94f+5CRwui9Xo74hLrjy9jV8RD/0/o/JBVquNfLEULchz5TI8WV5WA1dhPa+XtEXvgznIFdtWFVV6tJr7YDqH/d9njGoOr71NLV+j5OGGfFLsJP/S+EtnztEwer/xRUKhW+852/4ezZMzy6axc7H9x5y2B1oVAoxMqBFWzb9gBBEKBQZDLZO3rvhBBCCCGEEOKz7N8c+Uu+e+4HEqze54YLV/juuR/wb4785b1eihDiPvWZqVxdSFkOTvc27Pb1BEP78E69RXBhD6YwXctHlXXLVgHXMQtD1RD2il2ENn0Zu2sLKvzZrxy914aHRxgcPInv+3R0dpBqTH2s/WPxOC0trbUeq0rR29ODJQOXhBBCCCGEEPe5D8b23OsliE/R/smD93oJQoj71GcyXJ3nhLF7HsRqW4ve8BJ6/CT+yBH0xCl0bhKMvlYFqfX1g6uUAmVDNIndMoDVuR6770Hs5gFUOAFO6N5d130km81SqVYBhes42PYnGZRUe4/C4TD9y5dj3WLYkjGGarXK9PQ0vu8TjUZpamrCcRx83yeXz1MqldBa49g2iUSCeDwOwMzMLJVKZb6yWVmKeDxONBqlXCphjKGxsbF2Xbkcge8Tj8cJha59FrTWlMtlZmZm0FrT0JAimUzMX3e16pHL5SiVijiOQ0NDA7FYDKgN/fJ9n4aGBlzXpVwuUy6XcV2XUChEJpulUq5gjAZUbe2JOG69/6zn+RQKBXK5HI5jk06nCYVCBEFAJpOlXCnXPu+G2rXFYqRSKZRSGGPwPI/ZuTkSiQTRSKTW27dQQAcBiUSCSqVKJpupH8MQCodpTKVwXXe+vYUxtV63mUwGlKK1pQWlVO21bBbHcUjE44TD4fl7lclmaWlunh/qVq1WyWZzRCJh4vE4xhjK5TKlUonGxsb5e1ksFikWiySSSSILqqFrnwGP2dlZPK9KKBQinU7jOA5BEJDN5SjV309M7U89FovR0NAw/76lUinC4TCe55HL5QkCn2QyiWVZzMzOooOgXghvCIdDNDQ0EAQB1WqVaDRKJBKp3/fM/LXm83m0MVhKoY1BAfF4glRKHh0SQgghhPinJuflmanM3utliE/RZGmKnJcn6d5+ELIQQiz0mQ5XlVLgRlBOGBVpwG5djbPqKXRxBpMbx+Qn0fkpTCVfq1ANPJTtokIxiDVhJTtQyTaseDNEkqhQHOxQrSerVE/eEctSWJYiCAKKpTLVavVj7V8qlpiemkYpxfIVy1k5sALbXrobhdaayckpDh89wtjYGIl4nHyhwPL+5WzZvAmAw4cPM3zlCpFwmMAPcFyHB7fvoKtrGe998D7FYpFwOIJlWTi2TX9fH62trZwYHGRyaoqXvvgC0WiUU6dOMzc3y+bNm2lva6udPwgYGx/n8JEj5AoFLKUoFIs8vHMn/X19VCoVjh0/zuXLQ7VAE4hEwjz6yC5aW1s4cuwYc3NzPPLQQ7S0tDA+Ps7Fi5dIp9N0dS1j9+4PmZmdJZGIE/gBgQ7YuGEDK1cMgIJTp89w8vQp0IagHog++bkncByH3Xv2kMvliITDKEvhui693d0kk0ls28YYw8zMDL945122PbCV5f39+L7PiRODlEolNm/ayOjYGPs/+mg+YC4UCvT29LBu3TpamptRqvY+T0xM8M4v30PrgK9++cskk0lOnjzF4KmTNKfTbNy4kWWdnZRKJQYHT3Lk2DEe27WLgYEV2LZNJpNh94d7aEgm2bx5E4lEgkuXL3P+wgWe+tzniEajAOzdv5/Ll4fYuWMHK1YsJxQKobVmYmKCw0eOMjk1SSwaJZPN0d/XywNbt6Isi4OHDjM6OkoiHkcpheM4dHUtY9XKlbz9zrvk83l27XqEFcuXMzIywsHDhzHGsGXzZiLhCG++9RaJZIKQGyLQAc3NzaxdvYbJyUnOnD1LV9cydmzfTqVSYfeePfT19BAKhTh/8WI98PVwHZeGhiT9/f2kUus/4V+XEEIIIYS4X0kA95snMIG8r0KIT+QzHa7OUwrlhMEJQySJnWyH5uUYrwx+BRN4te2MBmWhLAecEMqNghNG2e61vq3iY1nW2UkqlWJoaJjRK1eYmZ6htaXljvYNgoCh4SEOHT5EU1Mjv/W1r5GoV5kuJZfLcf78Oaanp9n2wAO1YVhTU5w6fYbW1haa02mKpRLxaIxNGzdQqVQ5c+4ch48epaWlmdm5Obo6O+nt7SUWjaFUrXLV86rk8zmujI4yePIkWzZvplwuUygUCXx//vxVz2NyaoqJqSm2P/AADckGTp46SalUwvM8Tp85y+TUND093XS0d1AoFhgeHmbf/v08+8zTVMoV8vkCfhAA4HkexVKRWCWO5/sUS0VamtNs2rQJrTVHjh7l8uUh0k1pSqUiV66M0NHWRnd3N8VCkVNnzpDJZmlMpcjlcrS1ttDX20s4HEZZFvFYrNZuoc73fXLZLEH9/MYYSqUSxWIB3/eplCtordm6eTO2bTM6Osq5Cxdoamoi1dBAKBTCGIPvBxQKBTzPY2pqikgkwtj4GLOzc0QiUTzPwxhDLp9naGQEr1rl1JnT9Pb2YFkWOqhVeY6Nj9PY1MjqVavwPI98Po/RtSrmQqHAyMgVcvk845MTtLa10pxO1z4DFy4wOzvLtq1bSSQSjE9MMjU5SalUIhwOUyoVScTjbN1Suw5lWUSj0Xqlbp7ZuTnm5uYol8vMZbJMTU0TiUaoVqvYlk0un2fbAw/Q2NSIQhEOh0gmE1wZvcLk1CQVr0pfby/xRIJcLke5XKazs5NYPM75c+e5MjZKe1sbKwcG7ouhdEIIIYQQQgghhPj1uT/C1QWUssC2wHalZ+pdkE6nefaZZ5mYmOTDPR+yatXKWu/Vhls/Cu0HAceOHePHP/kJ09MzvPDCCzz5xOdu2lbAGEMmm2VqeprO9nZWr1qF8/+zd+/BUdx3vvc/MxpJozuakRACIWZXFyOtLyxQAeJRjsVZx8kTO3FslwFvioL1OjnB7IHnKMcbqBAs2zFZe9lHnDLss3E58FAxApedOLH3JLAp8EGyhRPQOjhBICAeQBiwNFwkJKHrPH/0zKhnNLoNEpLw+1Ulm+n59a9/3T39657v/PrbNpumZmbqXEODLl68pPi4OEkWxcXHacqUKWpra5d8PrW1tcnn8ynGYlFbe7txC/2NG4qLi1NCgjGKNSbGpsSEBB0/Ua8Z06crNi42JDApSVarVbG2WPX29ur8+U/Vk9Wt6dOnKyMjQz6fT5/6R8wW5OcrIyNDN27cUIzVqpoPf6erV6/KarXKYrEodEy08doiBdNWxFhjZJFF3d3dikswRk9e/Owz9fT0qLCgQFlZWerq6tKUKVM0ZcqU4Lxtbe26eu2a4uLijHWz24O388tfxmcx8uR2dHSqu7tLTV6vEhLsRjssfeUCt/D39vYGp5nrsdvtSp8yRRcvfaa0tDTd6OhQYmKiYmNtwRQEV69cVVdXp/76r+foT3V1unL1qqZmZsonI+VAb4sR0E5JSTG2i8UiWYwRyh6PRynJyZoxPVvXrl1TY2Oj0qdM0ZWrV3Xps880Y/p05efnS5KSEpM0JS1VCQmJ6u3tkXzGg9auXL2qGGuMYmw2OdLTZfFvW0d6utra2nT58mXduNGu2Fhj3/t6fcH1bG5ulizGgHdH+pRgygB7vF2dHR2qO35cd915p2y22OAoYofDoWtXrxlpEDIyNGPGjJDtBgAAAAAAPn8mXXAVt1ZsbKy+fP/9amxs1H/89j/07rv/rri4ON37xXuVlTVVcXFxIQGmri4jV+axujrt3bdPJ06cUEmJW4988xE5HOmDLquzs1Nd3d1KT08P5kFNTExUclKS2tra1NHRIckn7+XLOvrxH41Am6TCgnwjb6jVqta2Nl1rvqa42FjZ7XalpaXJZrPJZrNpena2JJ/q6o7LEmP1B0H72m6z2ZSVNVVFd9yhxsYmfeI5oxhbjOLj4mSLiVFHZ0cwx6rValVcXJxSUlPV29ur9vZ2f3Av9GFrFov/P/68qFevXtXJU6d09epVxVismpWbqwS7XTfa22X155CNiYlRTEyMcnNnSpKut1yXZASRr127plj/uqWGB7gtRrSwublZVqtF3d09amtv8wdhjSIdNzrkOXNGzS0t6u7q1l+4XJqWldUv6B1rsyk7O1uXr1xWw/nziouLV5o/P6t8Pl2/fl3ey17Fx8VpxvQZOlF/0kiBkG7sY2P6dPl6ffrzn/+spKSkYEC3q6tLJ0+dkiPdSJdQ+9Ef5PVeVkduhzpuGH8Oh0NWq9VIrXDmjLq6uhQfHy+73S5ZpBsdHf6AdoziYmPV092t2Lg4+SRNmzZNnZ1d+vTCBXV2diotNU1x8XHy+XP/GoF8I/dsb2+v4uPilJ7eI5/Pp7S0NCMVwbVmfeI5ExKADwSHjd1p6QsYAwAAAACAzy2CqxjSX/7lX+iRb35Ttlibjhyp1f/+37/W+fOfKj8/T05nhuLjjUBoV1eXrl69qoaG8zp56qSuXLmqBV9YoK997f9ScVHRkIEoW0yMkee0tU29vb2yWq3q6upS+40bssfbFeMPzvV096ijo0MJdrtcLpcKC/KN6b29ysjIUM70GbLb7YqNtSklOTkY+JwyJU3Ts7NV8+GHxijFuPiQ1Lvd3d3q9fk0bdo0TcvKUmNTk07U1+tE/Undfdedslqt6uzsDOad7enpUXt7uyQpLi5OsbGxslr7Rq729vaqt7fXWIbP5x8RmqCExASdPXtWDke60tOnKDExUTExMer1P1DJ5zNyrl66dEnJySn+mKlPTqdTOTNyFB8fJ5vNWLcQPp8ki5xOh6ZNm6burm61trUq8EAxSf4Aboq8l6+oublZd975V0pNTQ0JIgYeBuZ0OvRZ42eqP3lK07KyFGuzyWq1yifpypWrunjxonw+ny5cvCCr1aJTp0+ruGi2Altg2rQsWWSR58wZXb58WXH+h1a1XL+uCxcvKj7eLq/3sm60Gw8Qu3btWjAQHhiN3Nvbq5aWFn3iOaPExETNmD5dFotFqSkpyp050z8qOUax/nytPb09cqSn6/Llyzp3rsEY/ZuWphud/ged+Z+ANX36dKVPSZfkU1JSkmJjY9Xb06sEu10zZ85Uk7dJx0+cMLZFhJQiwYemEVwFAAAAAOBzjeAqhmS1WnXXXXcqKytLC77wsQ4dOqT6+nqdOn3aeCp7XJwsMVZ1dnQYgdGeHuXMzNFDDz2ku++8U+npg49YlYyRgMkpKUpNSdW5hvOa0dCg5KRkeb1eXb16TXf+1QzjAUaSsrKmasGCLyjFP8oz8DT7QHAsKTlJiQmJCgQVe3p61dvbo57uHs2YMUM5M2boo6NHlZU5VeaRqx2dnWpoaNCFixc1d84c5efl6cqVK7rW3KKYmBhlODPk9XrlOXNG3d3dun79us54zmjKlDSlp6fL4biqs+fO6bPGRklS0+XLwRGXgWBc9rQsfWH+fCUlJuoPR4/q/KefqrCgQE6nU83NzfrkE496envVev26av/zI82b+9dyOBySpMTEBKWkpCguLjYY1AsEoSUj4CdJ07KmKe8v/1JdXV1q9DaptbXVH1g0RgLPueduzcqdqf9zsErnzp1TakqKpk6dGqyn12cEhZOTk5WUmKTj9fUqKMhX71McZaoAACAASURBVNUe9fb61N3drcuXL6vlequmZWXpWnOzHOkOnTp9Wo1NTUqIt6u7u1s2m00zc2aqta1VH/3hqKZnZxt5eM+eVXy8XTExMWpta9OU9Clqa2vVxUuXlJ2dLafTqbMN55Q1LUvJSUmalTtL5z+94F9nY73j4uKCt/IHRsMa+WK7lZiYqNbWVl05d06pqSlKTE3R9dZWI/bsM2pITUlRcnKyLBbj8x0I5Pb09io5KUnJyUn68yceeS9f1uzCguBnxOeTev37EgAAAAAAgOAqhm3q1Ez9zX9drHu/uEhNXq8uXrwkr9er1tZWxcXFKj4uXs4Mp7KnTZPD4TBu4R6BtNRU5ebOVKPXq8OHjygjI0PnP/1UqSkpypkxQ3FxcbLFxspqNW7Vj42NldQXVExITNDFS5fU2dml2NhY+Xy9ypqapdQ042FNVqtVsbGxuufuu3Xm3DnFmoKUkmSPj1eCPUGNjY06fKRWU9Kn6MLFS8rPz1Nqaqpm31Go//zoDzp56pQaG5t048YNXb9+XfPmzpXdbtf07Gz96VidTpyo1/lPP9XVq1eVlpqqrKlT5fP5ZLPZZPXfSl5YUKA/ezxqaDivqZlTNTMnR1euXtWJkyd1+cplXb/eqra2NqWkGKNK7Xa7Pr1wUW1t7UY9VqumZmYqPz8vGBS1WK2y2/sCuZKR6iAu1kjdEBMTo/g4I6dsRkaG7rijUEePfiyHw6H09HTF+0eWWi3GdrLHxyt72jR9euGCpqSmqq21Vb29PnV0dKitrV3Z06bpvi99STG2GN24cSM4InX6tGzFxsYqxmpVWlqqcmfm6vynFxQTE6P29nadbWhQYWGB5s6Zo/j4eLW2tup3v/+9rjU36y9cLs3KzdWlS5f0+98fVmZGppF+wJ9nNz7e2O9NTU36+I9/VIzVKos1RlMzjRyosbZYxdvjjXWaMkUpqalKSEiQ1Wrxp1uwKj4uTsdPnFBSUrIkn+zxdrlcs2SNscpmi5HFalF6erruuesufXDoUDCAL0kxVqtibbYBcwcDAAAAAIDPl5hnn3322fFuBCaX2NhYpaWm+h86lKfioiLdUViovLw8Tc/OVkpKimy2kcftY2JilJKSouxp09TV3a3W1lblzszRX8+5R+np6bJYjFvA09OnKH3KlJAAl8VikS3GJrvdbtyab7HIYrUoOTlJjvR0JSQmasoUYz673a7ExEQ5nU5lOJ3BoGJg+VlTs9Ta2qr29jbl5+epaPZsJSUlKSUlRRkZTsXFxqmjs0NT0tJ09113yeVyBR8ClZWZqe6ebnV3Gw/Dmn3HHcrIyJDFYlFsbKwyMzOVmpqqmJgYOR0O/4hd42FJGc4MJSUmqr29XU6HQwsXLpDDYTyoycgtalNMjFWSRTExViUnJSk9PT1kO8TFx2vatCwl+fPCWi1GgNPhcCguNk7JycmaOnWqLBaLHA6HbLE2JSYmKjEpKZg/12KxKMFuV0ZGhpKTk5WSnKycnBmyx8crJTlFcXFxSk5OUs6MGUpPT5fVapXNZjPWyx9QTU5OksPpVHJSkrGtHQ6lpKRoypQ0dff0qOiOO4L5ZePi4hQXG6vEhAQlJyfL6XQqOztbvt5eXb9+XRmZGZpzzz3Gg8hiY4NBcovV2BZWq1VJScb+jI01cuumpaUFA9tpaWlKTExUhtPpX89YY35/7lRbbKwc6Q4l+/dxenq6khKTlJqaKnt8nKZNmxYcJSuLMfrX4XAoKSmJtAAAAACfYz+p2zHeTcAo+3bxilu2rMbGRlVXV+vDDz/Uu+++q7Nnz+rChQtKS0tTUlLSLWtHJHv37tVzzz2njIwMzZo1a1zbgomjublZH3zwgX70ox/pX//1X/X666/r4MGDwe/xgdjK7Wbfvn1DlrH4uL8VAAAAAIARmf/WfWO8hO/rzUe/IlfItOs68ocH9Z1TI6/H2fiKSg++OaotHI5lX3pXZZmX9c5by1U+zm0ZyuFH3xvzZdTV1ekXv/iFjh8/PmCZ2bNn65vf/KaKiorGvD2RvPjiizp+/Lhmz56t9evXj0sbMPF88MEH2rp1qzwejywWi9LS0tTc3Kzc3Fw9/fTT+uIXvzjeTRwTZWVlQ5YhLQAAAAAAABNJfoUO3DNHanxF801ByGVfeldl97ynA9MnZnAyksqDD6pyvBsxQVRVVenVV1+VZARQS0pKlJGRoaKiItXV1ampqUlVVVU6fvy4Nm3apKeeekolJSW3tH2B5UvS8ePH9eKLL+qBBx7QvHnzblk7MPH09vbq008/1ZEjRyRJKSkpevLJJ1VRUaHa2lp9+umnIc+E+bz5fK41AAAAAEwojdpfvlzLt9cNXKRuu5YvX67BigytTttvuo5G1dU1Dr/0/nItL9+v4c+BjX85RymdH+knYQHUyoMP6p0WKSXNrWXj1DZEJxBYTUhI0Lp167R+/XqVlJQER6cWFRWppKRE69ev17p165SQkKBXX31VVVVVt6R9P/nJT/Tqq6/2G1F7/PhxbdmyJRgUxufT+fPndeLECTU3N0uS7r33Xt1333269957ZbPZdOLECV28eHGcWzl+GLkKAAAAABNE3tk3VL5/lTYuzgx7p07b3zirvHFplVmj9peXqapkszaOzx3Lnx9xDhVGmFy+7z6VB19Fvs3euBVfYSkE3Hrz0dV9aQY6P9Lmd9aaRpU+pn97aLXmxZkW1vIbzd/3Y9OE8DLmNAVGW9T4kZyZc5Tin3/zDbcpLcBw29JXX19ahGhSIkwMdXV1wcDq+vXrg3lM6+rqtHfvXrW1tUmSSkpKggHX9evX68UXX9Srr74aHN06Vn7+85+rurp60DJVVVVyOp165JFHxqwdAXXbl2uT1mnnStM6N+5XedkOacXm0P6xbruWb5LW7VypobZQxHonorrtWr7pQIQ3Soe1nsNciLYbG07D2RyffPKJmpub9d3vfld///d/L5vNptjYWJWVlamjo0OXLl3SuXPnNH369FFp3WTDyFUAAAAAmChKSpRb9XH/UZ51h3S2pES549Em3HLl3rOScvXQo+/pzVG6Gzslc46cja9o/lv3af5br+iI5qjsoQr/CFh/0FQfafNb9/nL/EaelK/owJce89fwfb35aGiZzY3SvHve1b/l9y3HlZmv+j/46wgJzA63LTLSIjz6FblafuMvE3lZk8UvfvELSdLatWuDgdWqqipt2rRJtbW1On78uI4fP65XX301OEJ01qxZWrt2bcj8Y6GxsVFvv/32sMru27dPjY1jPwa9aGGpdPZCaD/YdEan8/KksP6x8cJZKW+WMsa8VbdY3gpt3rlTO01/m1ec1abl23VTNx5Eqbe3V1OnTtX8+fNlt9tls9nU3d2tmJgYlZaWaubMmfo8P9KJkasAAAAAMGHcpYW5ZXq3brFpNFGj9r9xViWrFupMePEII5zygiO76rR9+RuatSJXO3YckDHqaWF4Bdq+fJMOKE8rNm/U4kwFR4idDhQpDYz0Mkat7jgt6XSZllet0OaNi9W0fbk2aYVWnN1hvBcyTwTh9Uco37i/XGU7+krkhYxWM7XDmHkUR3NNEEeWa3PSuyrLTJbL9Z4OB4ZvRhzhOUwtvzGNbn1T36lz68A9c/ToPKnySL6ccVJLY7Wp7h/rsbf6gqPLvuSWS2f1jmn5lQd36L6HVqtw+mNSYERpS/XQo0sHbYs/LYLO6h1TcDawrHlFFVp2KsptMA4aGxuDD4cyjz792c9+JkmaO3duMOdqbW2tqqqq5Ha7VVRUpKKiIs2ePVvHjx9XY2OjMjPDR7TfvMEerBWura1NZ8+eHZN2hMiYpbzTVfq4cbECh33doQMqfXyzZr2xzTS9UR9XnVZeySoFe4eQvsPUr0UwaNmQvjX0vcb95So787jWaZMCRUrX7dSDF0z1hfeBYX116TBHjJplLn5cpTve0IVGqShSXx3Szv4jUxv3l6usqkSbNy7WSPdgTk6OWlpa1Nvbq2vXrikpKUmSdP36dVmtVs2ePVvZ2dmD1tHT06Oe3t5Bg7AxVqtstskXqmTkKgAAAABMIEULS3XgkGlsUuPHqlKJ7gr/Nty4X+WbzmrFZvPIpjyd3rFN+4NDu05rR9Us/wio8ACkP7Bauk47d/q/kNdt1/KyKpUE69ysFWc3+XPBZmrxxs1akWcEO3eav6Af2KGqks3+edap9MAmle+PNMKtTtvLdih3nWlE1rpS6cCmYB5YI+ChvvXavELaUeZ/v07bl5eZljW+o7nGUuXBB4OjNt9p8U+Mm6OyR98zjSYdvpYbYRHPU9Wq75Rczu9L+rE+bpFSMlfr8KM7tTHC/IX2ZKnzsupDpr6p77xzX0hKgn7LGXFbvq+7UiS1HDOlETCW9d616wOmS5ioamtrJanfg6nWr1+vhx9+WGvXrtUDDzygb3/728H36ur6Ps2B+QL1jLaRjkQ9c6bfTzyjL/MuleSd1pmmwIQ6HTpQqoVFmcrOPa2qjwNtbtKZ03kq8XeOweBhsG/J1Y6yAfqGuu0q25GrdZHK1m3XcnPfui5XO8rKFdKlHdikQwv7+t0Dm5ar7MzjwT4r78AbfeWDqQv6+rSzm8LqGyl/YLWvL92sFXmntWPb6Oe3/uMf/6hLly6pp6dHH330kY4eParu7m51d3ertrZWH330kXp6enTu3Lkhg/Vtra267PUO+NfZ2TnKrb81CK4CAAAAwERStFClBw4FAwKNH1dJJXf1H2mUuVgbd4aOysq8q6RfXta8SPOaA6um4VN1hw4ob8UqU52ZWrwqLFAQSd4KrQrOVKSV60p1ese7EYIaRVq5M2zEVtFClQZf+EeimduQuVgbA/PUHdKBkGVJmYtXaUXeAb1xU5GKia18n+lWfUkpmStGfHu8t/XNQd8v33ef5nv60hEcfvQ9U6D1MU2Pj67t0bRFkpTyFX8b+v7KMpNHrxG3SCB4mZEReuP6rFmzgvlL6+rq9OKLLwbfM49wDcw3VrfjB/K9TiyZuqskr+9HpsYLOuu/9b9oYalOB1IDNF7QWeUq2z9S890d0opVph99ilZqXWmkvqFR+984oLwVD/b94FS00v8DVOA9Ux9UtFLrSk9rx7umHi1vhR70z2z0u3la0TfBFBw26itdZ/pxK3OxVq1QaH3DULd9kw7k+X9oM/eLpm02mpqbm3XkyBGdOXNGVqtVycnJ6unp0YkTJ3TgwAEdOHBAp06dUk9Pj5KTjWPzz3/+s44cOaKWlpZ+9VksFlmtVvX09Kijo6PfnyTFxMSM6jrcKpNvrC0AAAAA3NaKtLB0kw7VrVRRUaM+rpJKVmVKahqgfODW/oA8mcfI5Wb3D60e2LTJKDnLHPBp1IWz0ukDZVq+I3yO0Dr7yc0ODeBmzFKeqnShUQPkQgy/tV/+AGuTzpyWch+PfNNqo9FAlfVvoPIGbeAkkl+hA/fMkddznx47Ev7mj/WYp1iHXblypo2sWmfSY5KGCGoeWa75gWX62/HQozult341soWNQltawh7SNVmdPXtWkgZ8INWRI0e0ZcuW4Ou//du/DSkb+HegnrFq33CNJI3AzcjMzpWqLqhRRfJ3gkYfU7RQpacPGb3hx1U6Xfq4EbRsvKCzOq0DZcsV3jvkrQivfbB+JvJ7GbPy1D8vi1kgyBu5vgOblqvfI6pKI5X3O70jQj9XqnU7w2/pD+v/R7Ej9Hg8ampq0pQpU+R0OpWUlKTi4mJ99tlnunDhgiQpNTVVmZmZmjp1quLj4+Xz+dTU1KSEhAQVFxeH1Ge1WmW329XR0aHu7u5+y0tOTp6UKQEkgqsAAAAAMOEULSzVpkN1WplxQVUq0apIX9pN+fbyVmzWzsWZ/mlVQy+gdJ12Ljyk5Zu2af9dgdGvRhAgL/xp3KPKFAgoXaedG4uC04ajyWhgVDkDJ41T1aovmqN50yu07MhAuUWvy3tt4CoK7cmSrodMS7GHDXXNd6swTvJ8GvmhUzq1Vj+Z/q7KMh2anv+m3ru2QvMy+9+Sv/HL7+mh+I+0+Z2Lg6/XCNrycctX9FCaW8v0Zsj69y1r8uRczc3N1fHjx1VXVxcxwLp3715JUkJCgtavXx984FVAIEVAbu7YPM5upCNim5oG+pFnlAWDqI26EPyBSTL/+LTwzOmwH4gGz7E6nkacY3XIfq6vLw30/0ZahJtuatCpU6eUmZmprKwsxcbGymazafbs2crKylJra6skIyA6ZcoUJSYmKiYmRtnZ2bpw4YI++eSTfsFVSYqNjTUCrJ2d6u7qCk6Pj4+XPSFBVuvkvMF+crYaAAAAAG5n/tQA+wdKCSAjXcBp/xOlg8HQpjOhD4oaQOnCIqnowbAcfRmalSedPhNF8CTSk70jjeSqO6QDKjVyDwafsnJBfWPnjDacvRA54JNhNHDAMby3hzf1nbqP1BI3R2UPVWiZ+a38Ch1w5aqlcYf/oVGBXKlf78uTOm+nHkqJUG3KV/TmvMCL7+vNe+YopfMjvXXE//rR93T4y983zfCY7ktLljpP6b1TUuXBanmUq4fMbfIvy/PpCIOdg7ZFKv+zf/3N7Yl2WeMs8PCngYKSJSUlevjhh/Wtb32rX2DVPN9YPESqrq5OXq93RPM0NTWF5IQdO0VaWHpAh/Z/rKrToX1Jxqw8nb2wX4cO9OVbVWa2cmXO0zqYwfqZyO81nRlOzzrSZd0Ef4qUkP5/FHV0dOjKlSvBh091dXWpt7dXdrtd2dnZys/PV35+vqZNmya73a7e3l51+YOlPp9PV65ciZg/1WKxKD4+Xgl2e980f8qBGKtVFotl1NflViC4CgAAAAATToZm5R3Qjh3qCx5EYg40Nu5X+aZ+N54Owp9P9fQObdvfaLx+PPThUka15VoefGBUprJzIwRgg3VIUp22bwrLZxjirPriDMYDrvrCFkbewNB8rY3aX75c5fsbjadl64A2hTZQ5cuXh7R50ju1VqVvvaIjMh5gFcw7ek++6v8Q+gCp8n2v6EinKU/q9Mva7Ol/q3dL40eSK1DXV+Rq+Y3mB0eA/liPvfUbeULynK7WPJlHif5Yj4W3yeXQkT9ESl8wuMHbElj/sPZEuazxNnv2bElSVVXkIYVtbW2qrq4eMPdpYL65c+eOarva2tr0+uuvRzXv66+/fktytWbMytPZqiqdLl0Y0pdk3lUi7djRl39UklSkB1fk6cAm8wOs6rQ9Yt9g9HUh/UzjfpUvL9f+xsB720IeSLXpgCmn6ohEqM/Up90Uc/9ft11l5jwr/qBu38MR6/TujuEHiK9evSqfz6eenh51dXWN6K+np0e9vb1qbm6OWHdg9KotNlYWi0VxcXFKTEyctIFVibQAAAAAADABBR5OYg4ehJVYvFHrzizXpuWBgGqeVmxep9yyTar6uFGLFw9nMYu1akWVynaUaXv2Tq0sWqmd66TlIfkBS7VuZ9/DWIoWlkqbNmn5AWO6UWSFSqr6crUOmFqgaKU2ryhXmSkvYum6zVrxRpl2HKrTyqIiZS7eqM0qV9ny5cHZ+urL1EqjgVpuiiOP+JbbSeFNfeed4eQcjVyuMhiE/LEee2uAW/9DDKfcYG2KPH/lwQdNI02H25aRlp24Zs2apdmzZw+YGiAQ4Hz99df1wAMPhLxXV1en48ePa/bs2aM+cvVnP/tZ1Hlcz549q9dff11PPfXUqLYpXCCIWvp4UfgbKsmTTofleu7fJw7SNwT6IlM/U7pup5FSIHOldq7bruXBfuom0w1E6PduOv1K0UqtKzWta94KbV5XqrJNVfq4cbEWZxo/nlWVBfrKUq1bV6oDbwyv+itXrshiscjn80XMjzqYwGjXa9eu9XuQm6RgQDUpMVGtbW1KSUmRdRKPWpUkiy+w1gAAAAAAjFDd9uXapHV9t/l/Tsx/677xbgJG2eFH3xuTeuvq6rRp0yYlJiZq3bp1Ibf/v/jii8EA6vr164PTz5w5o02bNqmtrU3r1q0b8IFY0frOd76j9vb2qOdPSEjQv/3bv41iizCR7N+/X2fPnlVubq7S09NHNO+VK1fU0NCg/Px8ffGLXxywXGdnp65fvy6Hw3GzzR1TZWVlQ5Zh5CoAAAAAAMAYKSoq0lNPPaVXX31VmzZt0po1a4LB0vXr1/cb0VpXV6ctW7aora1NTz311KgHViXphRdeGDBVwXCUlIzeU+kx8XR0dKi3t1ednZ1qb2+XxWIJjiwNH2EaGLPp8/nk8/nU2dkZnHcwcXFxEz6wOlwEVwEAAAAAAMZQIBgZCLDOnj1bJSUlyszMVFFRkerq6tTU1KSqqiodP35ckvTUU0+NWRAzMzNTjzzySL/pdXV1IcGzhISEiA/awu0tLy9P77//vj788MNgjtTExEQlJSUpMTFR8fHxkowgbFtbm1pbW9Xa2qobN26ou7tbOTk5+tKXvjTOa3HrkBYAAAAAAIARIi3A7Wes0gKY1dXV6Re/+EUwgBrJ7Nmz9c1vfnNMRqwOpaKiQrW1tcHXc+fO1dq1a295O4CJgrQAAAAAAAAAE0RRUZGKiorU2Nio2tpaNTY2BnNbZmZmau7cuaP+8KqR+Pa3v62KiopgHthvf/vb49YWYLIguAoAAAAAAHALZWZm6oEHHhjvZvSTmJgY8mAtAEOzjncDAAAAAAAAAGAyIrgKAAAAAAAAAFEguAoAAAAAwAhNS8wa7yZgFLE/AUSL4CoAAAAAACM0P/Ovx7sJGEVfmDp3vJsAYJLigVYAAAAAAIzQ/333KiXaEvTBxQ/V0PrpeDcHUZqRlK17py3Ud4pXjndTAExSBFcBAAAmKN+NZnW8/6q6P/lAvmtDf3H3+SRZfLLIMvaNu835LDGyOlxK/OY/yZo2Y7ybA2ACSotL1TNz1ox3MwAA44y0AAAAABNUx3v/S10fvTmswKokWSwisDpKLL4e+byn1f7m2vFuCgAAACYwgqsAAAATVPcnH4ygtG/M2vF51tt8YbybAAAAgAmM4CoAAMBE1NEiX9uVYRb2SYxYHRu9Peq9RoAVAAAAkRFcBQAAmIjiU0ZQmMDqWLKmZY93EwAAADBB2drb28e7DQAAAMCExfUyAAAABmLr6ekZ7zYAAAAAExbXywAAABgIaQEAAAAAAAAAIAoEVwEAAAAAAAAgCgRXAQAAAAAAACAKBFcBAAAAAAAAIAoEVwEAAAAAAAAgCgRXAQAAAAAAACAKBFcBAAAAAAAAIAoEVwEAAAAAAAAgCgRXAQAAAAAAACAKtvFuwLDV79KqimrJtUzPP1Mi59AzaNeqCmntNj1RGN0ivVUvaUPNomEub7x5VfXSBlV6Ir3n0rLnn1FJYCXqd8nYNE+oMPi6IbRMpLo13G0/1oz21Cx6Xs9EbjAG/Tz4udfq+ZlvT6LPeDQG3w7um+gfRlP9rlWq0FptCzamXvX1hSoc97Z5VV8vFRZOhE+Hf1/mmLdTGP95Ivr9GmXf4q3SSxsq5ZHkWjbx+yVv1UvaMMBBMVrtr9+1ShXVkuTuO9fgloh9fJ/sM1P6v3GjVje2Pq2u0VzY3K1KLi1Qz4Evq702chH7yhrF6t/Vsv2F0Vxy1CZUewLXtv30P25u2TVpfb3qCwtv42PW+H7QMEhfZ/SRGuS6OEKt/c7jQ/MaJ9jb9PprvBj7t/9R5RrR/gQAYKQmTXC1/nC15HLJ5anU3vqSWxIQcZY8o20lY7+c0RTpi7G36iVt2LBLWUN8wa15bZeynulfxlv1mmrkGvW2Yiw5VfLMNgU/vuEB9aDJ9xmPRsSAUf0urapYdVM/wIyWwie2aVvwVd8PQ+PbLFOgcQJ9y3Y1vK2Xqp6M8KW4XrvebhiXnqp+b6U87pF9qR53kX6o9FbppQ0btCvrJo8Jb5XeruaL7LiKEEi1r6yRvaxSMZuX6ca4NQz9DRBIXfVSyDF0S65Jg9cKk6gvi1bNa9qV9Uz/vs5bpddqNOJzSeh5fGh9wfLPwbYeB+E/shrfhV6SOC8BAMbIJEkLUK/D1ZL74Se1yCVVH64f7wZNKs6Sh+VWtQbfbDlatKghQhmvjtXkaNGisWsfMC4Kn9BaN/3JpLNokXJqjskbPr3+sBoWLVLOLW+QV5caJNfM2+DbmrNED4/GMeE9J49ylHUbbJLbyY3tFeq+4VLsyh+Md1MwBGfJM1rr9qjytar+fR1GRc6iRWqI0Nd5j9Uoh4ve247xXcijcxxQAIAxMilGrnqr3la13Fpb6JRzkUuqPKz6J8JvWQq9DcS1bFnIl+zAL8TLcipVGSjkXqttTyhkPvMvnSG3YHmr9NKGGi1au0g1Fcbtn+HlJ7us4kWqea1KXvNopvq9qsyZr+fVMJ5Ni1L4LeHho0Mi3TIeKDPA7cHhI0BNtwMbs0+u0Wuhtxn6R0wuW6aGysA6GaPPio+ZbiOOMOKt7xbgvnkm/sgAIyjWLxoXdptm/1Gv4bec9X2uvFUvacO5RVrWUKlKj3/e4mNG32HeJoH+xD+t73ZCU39UsUrVpj5qtPdLYN+vXVSjiuBBEPr5r/RI8mzQqpqJkhJEkoo1P2dD2B0MXlW93aBFT87XOZmmRUgjMNJbNwPl16qib1sGt7Xps+DZoFWVfZ+FyXlMRDBoH1evXave1sxlOaqsrJbk1t8ta9BP/Z+nilXVfcfPEH1l/a5VenvmMuVUVqpaxrl1/uFVqtCy4PEkmY+p0GOhb9sO1q+r79gb4lwenjohvB+YnPt3j9pPPayUO/9Kdik4etW+skaxDnO5FnWbb/N/oFIpd5rG8V2OcEt9fqVSSl2R55ckZSvh6RrZ7APXEdqO/nUM3s4fKLHsS/Kd88o20yXJoy7/CN2Q+W7UqrttwA00oRQ+sEyuDTU65i2RcQiFn69Dj73QVE9RnMNM81WsMqdXGfxaqt+x+3fL1PDTSuWEHFM3n6pr1GUVa1HNa6rymo/deu2tzNH859X/qjdCCgfztg05twzRz/T1Lx5t6f2ntQAAIABJREFUWFXT138Mo58c+Hw0snYOWke/fT5UPzs5079Euh4wTxswhY57rbY94Rww7dTt9N0QADB8kyC46tWxGo/kftg4aZc8LHdlhQ7XP2HKR+hV1UsV/kBEofpyhEpuc1WeStUsel7btgW+6FVoVbVba7dt0xPyX+xU7NL8AS8QPKp8e5Ge37ZNzmGVnxjqd1X4g9NDFHQWa5FeC17IS0Y6Bvf8J6RLY97MUdaXU2vbM8bKGLfZ7TIFP/yBl2cKQ+ap2DVf254oVPEilyor96q+xPQl4nC15F4blqt2m4xFGJ+7VbsmV4A1XHXlOa3dtq0vQLRhlVzL/MeNfxu9VlXsv1A3BbACtxHW79KqyXDrVf1eVXpcWvakKdxe9ZI2VOYE199Y3w16SYEvJv4vpaYvPPW7VqnipZl6/hn//ZrVlTq3dpuCd1WOaJREoZ7YtlYK+RJa7692DPaLp1JvB/pE/zyBz3/JM89LEzS3ceF8tyoO1+uJwEnAe0w1WqQnnTIFV50q7vdjnP8uiCE7wzDVFTq8dpu2PWHU0betC/XEtuc1M2Q7mXJUbyvpO1dMimNilyrM22dYfZxHlTV950VJmp8VKa+3Eax5xv+Z3rWqQqvCvtR6Kmu06Plt2hY8/yj0eKrfpVUVG7TKtSy4vPpdq1TxWpWK/YGBofr1YJsHOZf35VvcZgp4BNIlTOI+T5IaL8unAlnmSqo18rPGJtbqxuZACoElSnh6rWyLtiq29ml1zd2q5Dud6j6wyBTE/JoSH3hBbXsDlabIlnlSNzYvU5f8OV9LK2WvNaUfcMyV5Y+L1LK3r47kx0/q+ht7+papvnYYdexTgozg6ZDtjNAO+euJdfQFWo18tJIuj+1mHhXOLOUERtpF/Fz1P/Zu7hz2hPpOP0+Y5veXf8ZUflVomqHQY9erqv1SpbmPrj88vOvQW8qp4kXSa8e8Kum76FW1e76eCL/o9VbpJX9fGPIDZeVrqioe6LgfpJ8peUbPKyyH7nCvKQc8HzmH387B6hjwHBZILzb09fVE5K162/gcj6CB/VJxBPbRA0YlIem35D82GpbpgYm6EQAAY2ripwXwHlONxxU8kUmFmu+Wqt823SpVv1eVHrfWBi8+nCp5clmEfEluPRxMXlWsRS7JteyB4IWAM2voG0rdD/f9sussXiSXGnRpAt1i4qncoFWrVoX8VVQP9xdl40Kz5lhghep1uNqt+ZPxIqH+sKpdy/Sk6YrXWfKklrmq9XaVsX6FT2wLC4Ian62+8uHpFPyBGf8GqT9cLdeyJ00X1f7PXfXbqppAn4mRMh8ThfPdCjlu5NRM84HlPaaakGNP/tvtParcO3Fut490XPR/iJvxQ457rflYKdQTa93yVO41QpyBL4im9S18Ypu2hYz4GJtjZmz2S2gdxYtcUsOliX8bauF8uasPK7Am3mM10qLifvEHo482HcP+/Tfi/eMyf1ky+gnPQPcWBs5ZT5rOFSVPapnLY+pbJwBPpTb0OyZCHwY23D7OFWHbmwV+lHrCtA2fMHJyKKSXcC1ScXhF5m1fOF9uhZ2HZ4ae6Yfq1wMGPpcb/UDIejtL9Mw2/3aZJH3ecHW98WW1hORm3aPuxpa+ApkOWULmeEFtmxeZAquGnlN9dXSdOimfnEYAN+Dyv5vmeUFtf/TIMvNh2SVp7pcUY29Rd42pjjdeU/eNFMXkLxleO/18jQdNZX6g2Jkp6vljX5DXqHewLTK5hB57o3UOM4lYfm3/VFMhx67/XGI6vo0+YP6EC7w5jYve4DnPGFAQoZXOEj2zLTSIavQbgxvJd4ZhX1MOdj4abjsHqyPiOewZbQv+WDb09fVEUF0Ren7bUOm5uesbb5VeqqiWe23kYLq36iXj+9aEucsHAHCrTfiRq95jNfK4jBFJAYXz3VK16VapSw2Sa1HoycyZ1T/3nmvmTZ7wXJroafVu9knPTuNnfHlLSuQM/oI/wsF3E4D3UoPkqdaGVZX93nOFpdLqd9tP8Iu4ccEZHCEXMvLCuKXcU71B/Rfh0mTO1pUzkkSJ3nPyqFoVqyI87ThCQGO8hBwXwVF04RfIXp3zGBfk/dfGWJmIfU2/hd1sPxPZmOyXMWrr2CvUfHfgDgavjtVIi540RtyE8P+IFhhBFTLyfCRysoa/nfz5Rh8OPSEZI+EHHoJ260V6oFWI4fdxg382/TlpF4WVKZwvt97WJa9UGHgr0nYeybY3L3XAfl0a/Fxu9AM5Dw9QYJL0eSMWfut/IAC5921156+VrbRGKaWKnBJALfI1Dl69r/Vk6ATzCNpMhyzyyheSRmCPuhuflC2pYHjt9Ou9tqfvxdxsWdWinpC27ZGvbe3gjZ1EQo+9UTqHmWuMWN64NnrbfPCGHadGQK/S30dHecfArRByx5Z/QMGgF73hKRUGu94byXeGEVxTDqtPHKKdg9UR8RxmensE19fjqd+t+f6UCxt2ZUVxd1m9dhm3M0S+3b9+l/9uh4k7chcAMPZsPp9vvNswiHrtDeYk6n8Sr/lTk9wlThmr4JPP51Pf2vj/5fPJ51OEMv7/+4xpobMY74XM4y/j89cXqLvftHETYX0GLmr8L7AtzK8dRVqon+pPTW5lHa6We94y0/qFb+PxMvS6Np3zSK6leu5/Rg4e+Hw+1Vc+rS3VkuTWmq3/07jduvJpbVFfvQXz3NKWwzqxrEA6XC3X0udU4PPJpyYZi3hO/zNiMHsifCZMwvd5YHLIfg09ZiLPF7rtvRcbZGy/ZREvKMe/f4nwWSlYpueWNuiHFaukNVu1LHj7/kU1SHKbp4VU5ZN3iOMg4nEyjL4juG19PoX3Xf1fa1T2S6S2hn8eht2n3BKh7SmY51bF4RNa5rikGi3U3znMfXlg/Rxyf8Otyi2HdWKZT0eqJfeagkHWp/86h+4bRZgWNs8Ax1rTOU+/esbL8Prz4fRxET6bxlv+yYN8jvzHW07EY8BcjXla/+WFr8uQ/fqQx+MA6xRs9kTv84aQ6ZDlxkl1+wOZxm3yKTLyly4K3oJvzwzMsEftW/0BywcqlXLn15RS9rUBgqyjKyYpJfjvods59sZk3w7QX0jyHyNufaMg0nVshM/pKJzDBr0O7muYLhoHb+g5yLx9HG59w12pLYdPaJnviKrl1pqCiXJdZN52DhUtlH76pya5sw6r2j1PyyJd83ur9PIPd8sjo0/c6r8F/+UfHop8Hh/OeT9k2w7vmnLIfnKk7YxUx2CfSQ3v+np8DdCHO9z6u6U1+uGhi2ryFcipYWwLSZJXVS9XqNq9Rlvdjv7r563SyxXVcq/ZKrdjonzGAQDjYWKnBag/omq5tPS5rdq6NfRvjVvy7N6nevlv5/c0hP7Q7L00KR/BNP6cKl4oHTpWpSPVbs2bpD/BOnNc/T8TIer9gZat2hr8kux/wJFZ4Ty5Va0jVVX6ZbVLC4P3vTllLGKyjekdXUYqjYmVGmM4nCV/p6UuqXpLZd9tyf7R7g2DrEzEviYa3gZFeAbCqJms+2VECufJXX1EVccOSQsHuS29cJ7catClKuML/pj3ac6cCLd++kdv5kyQUavDMlp9nFPGYRNWj7dBHuVoJAOyhzbMfn1QxnoP1A9M7mNriRLyXaZb55fIlpki37kKtWzue3iUOagZYu8ytWxepJY/eiSH8VCs4bKEj0A1j1ZtvNw/jYCWyJIo/4jXEbYzoPaCepUiS0gA1qh3Mqjft1se97zhj4Qbg3NY5PJeNXiGvpuicJ5barikqiPV0kjW4xZzGhe9qjpSLfcAJwjvsUPyuJbqua1b+4Kfo3oeH53+dlTaGfEcZn57qOvryaz/+aK+8ofaraV6LuIvFvWq/OFuaelzkX/QAAB8rlgDIzUm4l/9kWrJ/Q3/L4GhfwXz3JKqdaTeJ1/B/VriqtaWynr/+006+NPd/ouJwDzmf5t+bQ9/HTItdB7jrdA6Ik0bt7/w9RmsnLls2GtHVo48u3er2j3PGKU50PabwOvqcH9Dbpk/Ez75mg7q5aefVmV9YH2khotNfZ+3yh9qt0dh+7RA9y9xqXr3bnlcC1QU/CwaI+JUvcVfn/HXdPBlPf10perHe/sMtc8j7tdgocHnM78uuF9LXB7t/ulBNQXL1Kvy6af18sGmm2/3mH1WHHKvXCKXqvXLYDuNfe3Z/VMdbOorW1/5tJ5+2b9+BUaw/ZfmdauvNO3zCMeJw3goye59pv7pl9Uhn7O+zWy0bYbL/Nkcq/0S6Zg2T3MEg2Ljvg8j7kuHZriqtXu3tKDIMfC28hVontuj3buNL/gFI1pG+L4ZYJp5HkeRFoRt+6aDP9Vuj8vUzvH+G05/Ppw+LtL27v/5LJgXXk+9KreE7o9hbeeIy+vfhw3Vr4cvJ3SaQ0ULXMaPt8H3m3TwZf+xMw593mixr1wrm92j7jf2hEw3Bz6NB0CZ3nygUill+5RgCnzap7uky38KvyN/cI6vKfGBwIsfKPFOl3zn3jbqqD2onhspxsOpgu14UjZ7i3pO9bV10HZG9IK6zrUo5s7KYCDYqHckDe8zJsdiX+Uh05sOvqwt1S4tub9g0M96eF930+cwxwy51KCLgfn95c3XUvWVW4wfqgoGPnaD83p2y+h6C4beFrfsL2zbObKU49mt3dV969S/n5ARUAy8bjqol7cMdh4f+juDIxC49vc7w7mmjLStQ6eNvJ39pgXOYfvCr59f1sGm4Vxfj/dfpGPDJ5+vXvt2e+T+hluOwD6Y4ZKqf9l3vNTvCzlfBI/DlX3z9P016eDLW1TtWqKV7olybuePP/7442+s/oZj4uZc9Vbpl/5bOCPyB1T3HDmppQUFKvleufTPG7V6tfG2a8kSuT17Is+LwfkvpjVvgG0/QXj2bNTq8F3sWqLy75XIqQItfWWNtHqLVpuSj7nXvKKlBZJUoKXlS/TPG011uNeofMkvtXHPEZ1cWqDA2juLF8glj7QgbHRcwVIZi1htymvl1ppXlmpib7nR5AweextNO8O1pFzfm+iPzXaW6BvuPdqyZ6N2TzM+F86S76lc/6yNG1cruDbBz5Qk/+dq92rzZ69vn0ceyWF81ho2Bj6LLi1Zs0SuLR8O1DAVL3Bpz56NWv3hEpV/b1o0Kzcq+8VIi7FFq6sn4ufa2E7Sgv4PQQpjBPeq5b4lfZpTJd97RdN2rzZte5eWlH9v4j9JPtxo9XEFS/VK+Qz988bVWh2sZo1eWTra+2P4/fpggv3A6mBrQ46dSdHn2efKXlYTOrr0Rq1ubA59KFT71gIlln3NuNU/UOaPDtnvLJBtrtS1d5lupO2TPZBzNVBm6whTAlyulS+/Ril3Gi995yp0PRjkNVIP2FfWmNrcou4DgVGqw2hnbfgCDV1vfFl6fJ/sZTVG4PZGrbovz51gF7/V2rI6PEtqdH3uzZ7D5CzWAtce7dm4Wh8uKdf3Sgq09JVyzTBdXw+/bQUyul73BL+c9LdT8wZcJ2fJ97Tm/GrTfnJpSfka5Wzcog+PeVUSzbFfME9ubdGW1dX+a9Ob729Hp53Oft+pQs9hQ11fTwzVIdvREN7G4PYKHC/uNVrjrtYWSdJJ/cceI9K6x3w8ScYx9Y3zMt7eE3IuMN6eYOcDAMAtYbl27RrZYQAAt6+Tu7V6iyZggBgYmuXVB4YuhDHne2rveDdh0jm5e7W2aCx+SAEAALh1ysvLhywzwR9oBQDAzTl5uFquJc8q3+cb5AFOwMRkGe8GQNJEeFDPZHNSh6tdWvJsPtsOAADc9giuAgBuT95qbS5/Q2dmPa6NSyI85RcAhon+Y/i81ZtV/sYZzXp8o5bwBHUAAPA5QHAVAHB7ctyr/7HlXuPfjFoFcBO4Xh4+x73/Q31dL9sNAADc/qzj3QAAAAAAAAAAmIwIrgIAAAAAAABAFEgLAAAAAAyC62UAAAAMhJGrAAAAAAAAABAFRq4CAAAAg+B6GQAAAAMhuAoAAAAMgutlAAAADITgKgAAADAIrpcBAAAwEHKuAgAAAAAAAEAUGLkKAAAADILrZQAAAAyE4CoAAAAwCK6XAQAAMBDSAgAAAAAAAABAFAiuAgAAAAAAAEAUbNYLH413GwAAAIAJi+tlAAAADMTS/P98iSRSAAAAAAAAAGDy7Ln5Q5axqafzFjQFAAAAAAAAAG4v5FwFAAAAAAAAgCgQXAUAAAAAAACAKBBcBQAAAAAAAIAoEFwFAAAAAAAAgCgQXAUAAAAAAACAKBBcBQAAAAAAAIAoEFwFAAAAAAAAgCgQXAUAAAAAAACAKBBcBQAAAAAAAIAoEFwFAAAAAAAAgCgQXAUAAAAAAACAKBBcBQAAAAAAAIAoEFwFAAAAAAAAgCgQXAUAAAAAAACAKBBcBQAAAAAAAIAoEFwFAAAAAAAAgCgQXAUAAAAAAACAKBBcBQAAAAAAAIAoEFwFAAAAAAAAgCgQXAUAAAAAAACAKNh8vvFuAgAAAAAAAABMPjZiqwAAAAAAAAAwcjYfQ1cBAAAAAAAAYMQYuQoAAAAAAAAAUSDnKgAAAAAAAABEgZGrAAAAAAAAABAFm3ySLJICUdbAvyP9XxH+rWHMN1DdA80bPi1guPUOt8xA9YZPC2+nIkwbbNmRykZa9nDrNRtqnQYqG2mdhlqXSNtooPaapw+n7FD7YyTrFGnZQ+2f0VgnhU0f7joNVna01mm4+zZ8WcNp91D7aaBtGv6euc1DvRep3oHeu5n3w6cPNC/rNLx2jcU6RVqfgeZlnYbXLj57o1/3cNcpvA7WafB6Waeh5x3J8TTQddlQy42mXTczL+s08dYp0vus08RbJ/q9yb9O4e+Z5/eFlR+N5ZrfC1/+rVinSMtmnQaudzhlRtp3+SKUiTT/UNtzqH7PXGYir9MgbD75Qgv7hvh/pIWPdL7w+Ue77EjKDKfegV4Pd9mDLWO86o30eqhljtW6DTZfNOsUafpw9/9otmG46zTcZYRPH8k6jcY+vdltNFRdg02/mfdu5v3hdKSs0+i8F+37wzzZsU6j9N7NvH+7ffZGOi/rNHrLHcu6P8/rNNh1WTTLjeZ91mno+VmnsXmfdRq9ulmnsal7vD97Q72Opm7WafSWG22Z4bRruPMPd3tO5nUaBGkBAAAAAAAAACAKPNAKAAAAAAAAAKJAcBUAAAAAAAAAomDzEV0FAAAAAAAAgBEj5yoAAAAAAAAARMHWS3QVAAAAAAAAAEbM1ktaAAAAAAAAAAAYMR5oBQAAAAAAAABRIOcqAAAAAAAAAESBkasAAAAAAAAAEAVyrgIAAAAAAABAFBi5CgAAAAAAAABRIOcqAAAAAAAAAETB5rNYx7sNAAAAAAAAADDp2GKSnePdBgAAAAAAAACYWJqHLmLx+ci6CgAAAAAAAABmZWVlQ5YhJwAAAAAAAAAARIHgKgAAAAAAAABEgeAqAAAAAAAAAESB4CoAAAAAAAAARIHgKgAAAAAAAABEgeAqAAAAAAAAAESB4CoAAAAAAAAARIHgKgAAAAAAAABEgeAqAAAAAAAAAESB4CoAAAAAAAAARIHgKgAAAAAAAABEgeAqAAAAAAAAAESB4CoAAAAAAAAARIHgKgAAAAAAAABE4ZYEV30+361YDAAAAAAAAIDb3ESKNdrGsvLW1lZdu3ZNvb296urqGstFAQAAAAAAAPgciI2NldVqVVpampKSksa1LWMWXG1tbdXVq1eVkJCguLi4sVoMAAAAAAAAgM+Zzs5OXb16VZLGNcA6ZmkBrl27RmAVAAAAAAAAwKiLi4tTQkKCrl27Nq7tGJORqz6fT729vbLb7WNRPQAAAAAAAIDPObvdrvb2dvl8PlkslnFpw5gEVy0Wi7q6uiZUclkAAAAAAAAAt5fOzs5xC6xKY5gWAAAAAAAAAABuZwRXAQAAAAAAACAKY5IWIIC0AAAAAAAAAABuV4xcBQAAAAAAAIAoEFwFAAAAAAAAgCiQFgAAAAAAAAAAosDIVQAAAAAAAACIAsFVAAAAAAAAAIgCaQEAAAAAAAAAIApjGlwdLSd3r9aW6kjv2JTgyJJr3pf16P3zNC3xVrXFrTWvLFXBKJadWE5q9+otqnav0StLJ1fLAQAAAAAAgFtlUoxcDVQzteheFTjM77Tr0tGjqvuP7XrhQJWW/GCN3M5RWeQQbfHJ5/NpqLUbSdmJxd9en4/RxwAAAAAAAMAAJsXI1YCC+5eq30DKpVLz0e368au12rN5t7LKl6ogdlyaBwAAAAAAAOBz5LZ4oFXq3Su15utTpZb3tbv60ng3BwAAAAAAAMDnwKQauTqYrAX3K/9Xr+tU7Ul5S7MUyA7Q1nBIP3/r1zrmuayWbkmyKWVGgRZ8/Vv6RnFqSB1G2V/pyKkWdUuypcxQwYKv61vfKFZq2PK62hpUvWe7fnX0M7V325Qw9W59feUSuXP6J37taj6mX/7sLb1X95m6bQmaWnCvHv3WN1QcXqnadOnIr7X7Vx/Kc7ld3bIpJX+evv7oI1oYXm9bgw79/C39+phHl40Vi9zek7v1D//rvJb84yPy7vlXvedpl6Yu0Mo139LdqZL8bXv/5GdqV4Jc7hV66lGG/gIAAAAAAABDiXn22WefHYuKr169KrvdPip1ef/0a/3unJT7ha/qrxwDFIqPVfOHVaq/EK/8v5mjLKvUfORV/XDrb3UhIV/3P/iIFt87X3dkd+vCRx/rD7/7vdqKFqtoijF718k9eu5f/l1nE+bokUceUsmiO5R6pU61v6vSe5dmqGROlmKDbbmqEx/u19Huv9LDDz+k+XdIF2oPq6bqw5A6g2V//75Oab6W/O1XNTenVcdrDqnqvWNKmb9IuQmBFWjTyT0/0j+/82fJtUhf+9pXVXJnqq58XKP9v61Rw9R7NDfbX7j5iF794Vb99kKC8u9/UI8svlfz78hW94WP9PEffqfftxVpcV8j9OvfndLZozX6LOtBPfbIXDljZ2jO3VmK91Zr83P/n/7z8hTNfeQRPXTvHeqq2amdJzuUeuGCPsv9gr464AYHAAAAAAAAxteNGzeUnp4+JnXv27dvyDK3zchVyaaEFEmXvWpuluT06ujvPFLCf9F//8dH5QoUKy7WgiKHnn3pt3r/w5N61GUkcT354ftq0Rf03/7xWyoOFr1Lrh0/0OueozrVdrfuDg4ebZHu/ge9sKRAxqRizctJ0D/+y//R74549KgruDRJLeou+m964VvFRtniYs0r+g+98KN39PN3jmrBirsVK6nr6Bv61/dblHLvP+gZU73FC+bqVy+8pN++/oaOFHxX81Il79HfyaME/Zf//o96tG/FVLygSI5nX9Jv3/9QJx91qS89bbtasv5WLzy1QKmS5hVLUpeOvvNznemepUc2luk+Z986F/2sXP/v6OwUAAAAAAAA4LZ1W+RcNTjlyAp97f7uj/Qv/2QKrAbkFKlIUne/Oi7pVEOb6XWi7l7xL/qnZ79lCqxKkkP33RcIgPq57tZcSe0tzeoKqXOqvnp/cWjZrPv09blSd22t6rokqU1H369Vt+ZqySNh9SpHX/36XKm7Tu8dbTbWzP1d/ehf/skUWO0rWxR5xTTj7vzQ1AZddaqt7Zbm3q97neY3ElV8/9+I8aoAAAAAAADA4MZ05KrP5xulevrqG7hKry5f6pvBXK6rzatL5z9Ty+XzOnrqpM7UndL5YDmjYP4XvqiU332g3770fb2XMFX5X7hPC+bO1l0up8wZSI3iU+VIDm+LTz5J8jbrms8nZ7BsvqZPDS9r0/RZM6TaOp1s8OkuV4NOnpQ0Y5am2/qvo216vmapVmcaLsrnSzGvmLyXzuuzlss6f/SUTp6p06nz/rb4/O3xVzY1PSV0fzScVJ2kGbOmyxYoGzB1lmZL+sC0fQAAAAAAAACEuo3SAnSrvUWSsuT4/9m78/i6zvre959nDXuStubJluchHhIncQgmOBAH0lJaQilQoE3o3JLent572oZ7boGWe6GXltsC5/aW0xLantOTErclbdI2tKRtAtiQQJwBMtpOHMuTbEmWZM17Wms9948tyVIsS1uTlS1936+XXkbS2ms9z/5l/ez947eeZ6wTc+AwD3zpLzjQPtbK6ZGs28D2W/eQfOhxjk14tb/1Q3z841t55IGv8/ixLo4c+CpHDgBeHbve90vccfOaCR2ldaQv3bdqdnwPyFAYa3MNAK/UjaQGOPzAl/iLA+3jTapeso4N229lT/IhHj926SuSydecu1AgM5tLioiIiIiIiIiIyCTLp7jac4zneoH1G2gC4AQP/OGXODCYZvcdv8q7dzVTnxqtJBae468eevySU6Sab+DH/5cb+HEKDJw5weFnHuGRA0d4/qv/la+mP8vPX7twlcggMwjUUT/2rL4HBIVpXnHRiQf+kC8dGCS9+w5+9d27aK5PjXbXFnjurx7i0plNwfdJln5JEREREREREREReY2yWBZgwhkvuyzAiQNf5ySw5eZrqLMWe+IZDg0Ce+7g5/a0Th5PTycnJ43xBA99+i850PRefu9XbyCJR7p1C3tat7Bnx1f56Bcfp3dgAGsnrET62kfpJ4xx8u/a6eyxbJm0iOkAJw73ArtpqrVY28qWLfD4kcOcGNlHXXLyGQvtr3ASWN/ahLVtPFOcGHf83B5aJ42lh86LE3vN+F7z3q3ewnYO8P3DJxjZV8ekS/Z2FpdNYDFiKCIiIiIiIiIisjwsiw2tep/5n/zlgUFI7+P2PaOtoMl0sWCYyZCZdPQAhx58mN7R3xUbN1vZsD5DcOQAh3onnzszMEgAJJOvqXiW7CQPP3Js0hgyxx7moWOQ3Hsz232AJLtu3o3HER586NhrxtvOww99H9jCzbuqgCTp4sTITD6QgUMP8nDv6O9m6kj1t3Pz3iQceZCHjk0aHcceeXi8+CwiIiIiIiIiIiJTK6tlAY498lW++syEHwS9xc2pBgPwtvCB33wvG8Z+13xgwTX8AAAgAElEQVQDt63/Gvc/v58v7s9w2+466D3CoUcf4xgbWF93jJO9AxQfzvfZ9e73sv75+3nw9/+I9vfexu66JIPHDvDwgSOQ3sc7b5hrcdUjc+hL/FHvPt65bwuMnnMwvZdff/eW8c2y/F0f5Ff3HuOLj3+JP+q9mdv2bKcuOMaBhw9wpNdjywfuoFg3buaG29bztfufZ/8X95O5bTd19HLk0KM8dgw2rK/j2MleBooTm4bPlnf/Enuf/yKPf+mP6N33TorDe5gDxzLFVQrmOGMREREREREREZGVoCyWBRg7S9eRx+ma9BuPdO16dr/rNm7/oR3UTXr0vZa9d30Ue/+9fO2Z+7n3EHjpzey+/Tf49J4mjt37X/jvzx/jTH4vtT5Qu5ff+FgtD+6/n0MP3suhALxEE1v2fYT/dPuO4lIDE8Zip3jsfuxPO+nYPfzi717DkXv/hq/e8yiBl2D97p/mF9+7h9bExPEm2PyBj/HR9Q/y4MNP8OC9Bwi8BLXrd/PTv/he9rQmx9/P2r138VF7P/d+7RnuL06Mzbtv5zc+vYemY/fyX/778xw7k2dvrT9xwJcuqZDYzAc+9lHWP3g/Dx7Yz5FHPRJNu/iJ37iGs5/7ax4fnYuIiIiIiIiIiIhcythFqp61tbVRVVU184EiIiIiIiIiIiIiczAwMMDGjRsX5dx33333jMcsizVXRURERERERERERK40FVdFRERERERERERE5kDFVREREREREREREZE5UHFVREREREREREREZA68xTy5dpoXERERERERERGR5UqdqyIiIiIiIiIiIiJzoOKqiIiIiIiIiIiIyByouCoiIiIiIiIiIiIyByquioiIiIiIiIiIiMyBiqsiIiIiIiIiIiIic6DiqoiIiIiIiIiIiMgcqLgqIiIiIiIiIiIiMgcqroqIiIiIiIiIiIjMgbdYJ04mkwwODi7W6UVERERERERERGSFSyaTS3r9RSuuZjIZVrW0LNbpRUREREREREREZIU719GxpNfXsgAiIiIiIiIiIiIic6DiqoiIiIiIiIiIiMgcqLgqIiIiIiIiIiIiMgcqroqIiIiIiIiIiIjMgYqrIiIiIiIiIiIiInOg4qqIiIiIiIiIiIjIHKi4KiIiIiIiIiIiIjIHKq6KiIiIiIiIiIiIzIGKqyIiIiIiIiIiIiJzoOKqiIiIiIiIiIiIyByouCoiIiIiIiIiIiIyByquioiIiIiIiIiIiMyBiqsiIiIiIiIiIiIic6DiqoiIiIiIiIiIiMgcqLgqIiIiIiIiIiIiMgcqroqIiIiIiIiIiIjMgYqrIiIiIiIiIiIiInOg4qqIiIiIiIiIiIjIHKi4KiIiIiIiIiIiIjIHKq6KiIiIiIiIiIiIzIGKqyIiIiIiIiIiIiJzoOKqiIiIiIiIiIiIyBx4Sz2AK+bofXzkCwcn/WjjHZ/hY/saZn+u7gP8wSf207bxDn7/t/dRyhm6D3yWj+9vm9U15/KapXeUr9z1BQ5yC3ffcyfblno4IiIiIiIiIiIii2RFdK4eve+uSwqrAG37P8FH7rqPo0swJhERERERERERESlvy79z9eh9fH60rnrLb93Dh8dbKcc6LA/y+ftu5Mt3zqLHsmEfH7tn30KPVERERERERERERMrIsi+uHn2qWFndeMdnJhRWAbbx4c/cwelP7Kft4FMcvXMb2yh2uX7+4ORC7CWP519mWYCx146ZXMx97cDGlinYyJ2f+W3m9dT/FEseTDv+ia+55beKheWJc3rvGT4+fr4pxvfa642d49KBjRawL3MeERERERERERGRMrbMlwU4ypMHATay9+opqnoNV7N3I8BpOrrneaXXFFYBDn7hLr4y1ZoD3Qf4g4UqrI6f67XXnuNyB237JxRWAdq47y8OMP72TFHI5eAX+Mh9r73aaR747FhhdfQ8n9ASDCIiIiIiIiIisnyUTedq4U/fPuvX+L/2ZzMc0UDLWqCtjdM9UNLOVFPpPsADo0Xc8WLpaBHy4FNH+fC2CV2dZ/6NP9h/kDbglt9agE7OS5YoGOsWLRaMt83h/ONdr2OF1LYzFN+ebg48eLETuNgFO3q9Cd2/RW3w5s/w5d+ecMzomDZ9dfaxFBEREVlM/q99Y6mHICIiIiJlqGyKq4ujm47TC3CanjO0Adzy3ovF0m138uV77rzk0LaDFx+3X1u/ANceN/ER/Pm4hTeOVUi33cgtHJxwzh5OFyfK+y5OlA/fcw8fvuQ8E7uF61m7EYpvkoiIiIiIiIiIyPJQdsXV2XYVvPEWOHiwjcdf7GbfhE5LfusePlz/Io+3wVSFztMT2j57zixGVbCN+/7tKPtms5HWVCaulXrPPXx4miJr25mL7bndl6sqb1zDwtR819Jyma5ZdYaIiIjI68Vcno4SERERERmzzNdchW033gJA2/5PjK5/uo133rGRg1+4i498Yv9oM+WlhcBiIRIurts6jfo1bAQ4+CAHxhYnPXofH7nrLj7y2QnrlVJ8nP7L93yGOzcCB78w9Zqss3D034pz2Pjmq4tl0+4OLtuMe7pjdCzdvPjduRSMRztQOcgDFyfKV+66i4/c9dmLcxcREREREREREVkByq5zdda23cndtxzk8weLG0xNVSfdeMePjK8VWr9m9Pn1g1/gI6U+Y9+wj/fdsp/PH2zjvk/cxX0Tzz1a9Jxcd2xg3y/fweOf2M/BBw/wzt/eN+1yr237P8FH9l8yau78zG9z9eh4pz5m9GrFhWWLm1XddZmDStLAvvfewn1fOHjp9Ta+man2DBMREREREREREVmuln3nKsC2O+/hy791y2V/f7FLFRr2/TZ3Tzx04x3cfcfGkq5x92sucXHTpyk07ON9twBt+/nzebR8Nuz75WIX7IRr/v4dxYLr4y92jw1u9GdjbuHuad6PaW2789L3cuMd/P4MBWIREREREREREZHlxlhr7WKcuK2tjVUtLQt2vrH1sBZ+vc4Ja7DOc/lTERERESkvi/dvTBERERG5Es51dLBx48yNkXNx9913z3jM8l8WYEbF3e5FREREREREREREZkPF1RJls1mGhobIFwrE4zF8P7bUQypZoZAnl8sTi8WoSKVIJBIYY5Z6WFeE4la+FLvypLiVp2w2y/DwMLl8vuziBhdjF4/FqKioIJFILPWQrhjdcyIiIiIiS0vF1RIMDA4yPDxMU1MDyWSS4kIKlsVZUGFhFT+jGIwpfgDr6uomXyiQrqzEcZb3kruKW/lS7MqT4laeJsYtlUoRRWMBe/3HbixuAI5jGBkZoaurm4qKCqrS6SUd25Wge05EREREZOmpuDqDXC7H8PAQ69atwVoIgqAsPrS8ljEQi8VYu3Y1p0+3E/N9ksnkUg9r0Shu5UuxK0+KW3maGDcwo3Erj+LcRMZAFBkSiQTr1rVy6tQZ4rEY8Xh8qYe2aHTPiYiIiIi8Pqi4OoOh4WEaGxsAQxiGEzp6yo+1Ea7r0NBQz+DA0LL+8KK4lS/FrjwpbuVpctwioigqywIdgDHForDrOjQ2NtDfP7isi6u650REREREXh9UXJ1BLpcjlWomCELCMMKW66dOwNrio5PJZJLu7p4lHs3iUtzKl2JXnhS38nRp3Mq5uMr42FOpFF1d3Us7oEWme05ERERE5PVBxdUZ+L4/+ohkeX/oLCp29Vjr4Hn+Ug9mUSlu5UuxK0+KW3l6bdzKu/sRHCcaj53vr6zY6Z4TEREREVka2jFgBsaY8fXnyvuDC+NzsNYu+914FbfypdiVJ8WtPC2nuIFiV65WUtxEREREZPlR52qJih9gyvzTCyyLOcyG4la+FLvypLiVp7G4LYd5L4c5zIbiJiIiIiKytNS5KiIiIiIiIiIiIjIH6lwtwWJ09ERhSGZkiJ7Oc5x59SiHn3mC44efZ3BwgNBCIpVmzabtXP/mt3Ldnr3UNTYuyHWXS4dLKZZbJ9ZymEepFjN21lqiKLrk58aY8a+Fvt5KiZ1yZXmaGLflMOflMo9SKFeKiIiIiCw9FVdLYilutjD/f/SHYUDPudO88MRBXnr6Cc6e62BoYICokMdxDK5jcBxLfriPo888xtFnn+L5pw/xrg99mPWbt+C68w2ZHf1aCRYubktvJcUNFiN21lpsmMMZfJ5Ez8N4A4dwcu1Yr5qw8jry9e8grLkZ61ctcNFgJcVOubI8XYyb8mW5Ua4UEREREVlqKq5eQWFQ4PTLL/Iff/PnHDvyIoOZgExgifs+juOQzYc4BmKewTGGmO8RRgHPfPsRerq7+cmf/xV2XHs9rusu9VSWte7ubr71rW/hOA5vfetbaZyiEy6Xy/Hss89y5MgR9uzZw/bt25dgpFIqay3kuoh1/iOJM1/GzRyf9Huv/wf4XV8j1/x+cqt/nqjyKhxH99lSUa4sHw899BBnzpzhXe96F+vWrZvymIGBAfbv309LSws/8RM/cYVHKLOhXCkiIiIiMnsqrpao2BRi57wjr40ius6c5Dv/cj9HX/gBgXXJR2BxcB1DzHeJIsNQtsBQLsJzwHeLXzHf4eizT/Gv/1BFqjLNhs1b5tQtYkz57yg8W6XELQgCOjs76ezsJJvNMjg4yKlTp3Bdl6eeeoqqqqopX3Py5EnOnj3Lc889R09PD1B8XDKRSNDY2EhjYyPxeHzec1iJcYP533MXz2Mh30vs3AMkTnwRJ9+BnWK5aRNeIH76PkwhQ27DfyKq2DrvrqyVGDvlyvJ0MW7TT/z8+fO0t7eTyWSw1nLixAkuXLjAD37wA06fPj3lazKZDF1dXWSzWR577LHxnzuOQzqdprW1lZqamgWZx8qO3XzPo1wpIiIiIjIXKq6WwNqJ65rN7RyZkSGOfP8Qzzx2EByXXACZQrEYgDGEoSUV93Bdh6FsgZFcyGAuxHMsKd8Qj3s8+e1v0dy6nuraOmrr6uY4l/l/ACsXpcQtm83wwtEnePLYn9Pe+xSWCFOoI5Z5KzgFvvPqfUR+z6UvjHy8kavxCtt4rv1/8P0LL4//ynViNFddx+5Nd3DttluprKxcgLmsnLjBwtxz48IMXu/j+O3/gBnpmrJYcFEOr+MRgoqdRPHVWK9inhdfWbFTrixPk+N2+UkfOfoijx35/zhx/gCRDQGID/0YDo0cOvF5wnNnpnydCdMkeB99Iyf42gt/Mul3cb+CzY2385ZrfoX169cv4FzmfaqyoFwpIiIiIrL0VFy9Aqy19Hae48gPnmQkl8d4cQazEfkgoirlU5nyCQJLJh8QRZZUzCMV8yhEEYUgwkbBaHdWxHNPf4+rr99N1Y1v1COv8xQEBV49+QI/OLGf9r5DeDGD4xpMxQWo+WcAYgBM1ZETQPpZ4Fl8wJ90TIGe3FO8eDpGbVUTm9ZdtyAdrDI3JtOB3/4vuD0vYZn5njFBL17Xdwjr3kpUteMKjFDGKFe+fp081cZTr/4Vbd3fwPMNvmswDlDxdSxMkQcnGsJW3YsBEpccM8KrF75K6uU6qqp+gdra2sWchkxDuVJEREREZG5UXJ2RHf+aa1dFUCjQ03WOM23HyYeGbCEkU7AkfYeKuMf2Tc2EYcSzR85igUwhJB9GxFyD5xhCXCIb4Xs+J199lWNHjrDt6mtIVcylU8RO+FrOpo9bFEX09ffy8qlH6c8eor7WJVXpEE8YnOmadUq8chSBb4/T3X+Y5uEtxGKx+Z10xcQNFuKem8jJ9WL6j2MDYNpOrIvMwBnIdmPTC/F+r5TYKVeWp9fG7dL5Dg8Pc/j4o3QOPkpdtUsq7ZBIzj9Xjl09CiHHt2hvf8e8lwcYe0R+ZcZufmdTrhQRERERmRsVV0ti5/XYXSGfY7Cvj2wuRzawZMOIuGOpSrhsXNfAW2/chOvA4FCWI8c7iTsGF4dsEDIcRkQRGCwWyBYCuro6GB4eIplKzX4mdiV9cLl83MIwpL+/h0Sil7qqPNU1HukqFz822o01T1EEUZAhHOgll8vNeyfnlRU3mO89N0lhBIZ6sIVZdC8OX8DkhxZkB+6VFTvlyvI0MW6Xzrm3txc/3k1NRZbqWo+qapdYfGFyJRTzZZg/z4XeCwuQK1dy7OZ5KuVKEREREZE5UXH1CgjDgFxmhDCKcD2Pat/Q2lLLjbu3cePVq6hPe7iO4Y733Mj3D7fz3JGzdJ4fIJstUAhCckFEPoR8IcLBpetcB0MDg9Q3NM57E4mVylpLGBaoTIW0Jj3qGlySSWfBigUANjIM5vRBcel52CiBDUovGFg/gbVKj1eacuXrU6FQIJkIWN3oUd/oUlGxsLkSwEbQ3R0t7ElllpQrRURERETmQv8iLkGxE2bumy24nk+8Mg2OR8yF7Tu28a73/BjbNzYQ9Z+kkBkgxNDQUMePvq2Bt+29mvM9g3R09dPdO0hP3xD9gxk6eoY4droXz3UxjplTp8jYXFaC6eJWfO8MFckKqhJ11Fb7+PGFLL4UVyHMn0/MuElMSWdbQXGD+d9zE0VuJTbWCv2dpV+/qgXrVS9QN9bKiZ1yZXmaHLdLJ22tJRlLkqiso77GJ5ZY6EK1xZCiGxYsV67M2M3vXMqVIiIiIiJzo+JqyeyExw1nx3U9UulqjOdTka7i1nf+KG94y60EA2cZGezA8ZOAIcAhDMGLxVi7poL1a1uwUUCQy2CDPKc6+vjzf3iKhuZmKiqKO9DPbjyGlffI3eXj5joVrG38X1m//nMLe8Ugi80OEg6dJxx4Ej93iChcA+lVmFQ9OLO97VZi3GA+99xEUbyOsGYXputlTJAp7TUVW4iSTQtQMFiJsVOuLE/Tx62x+kNcddXvLvxVc4PY7ABB31k6+76BPWmwyVpM9VqIVc7+fFaxmyvlShERERGRuVFx9QpwXJeq2gbWb76KlB9y/Y034HpxCsbHiaXAhoBh7DnLyFpyYYS1ETY0hDmLR4ghIpVKsKq1dY4btMhE1lqiKCKKFuZRVFvIEJ39PsHL/4EJMrgVDWyqrARjiM6donC0k8AaWP1GzLq9kNSu2FdClGyksOld0NeOd+rAzMfXbCJY+3aiilVXYHQykXLl69dYvlyw82UuELzwAFH793HTTTipOt64pQYzfJzgXBeFgU7CWBVmy49A640Ldl25POVKEREREZG5UXG1BBM3+phrd0ZtfSM7r7+BoY5XqEjGwbg4fhInni6e01qMcQCLNWCshTAkMjkitwA2on+owJYd17HjmmuJxeNzfNR1/o+ol4vp4jbx51EUce7cOf7sz/6MZDLJG97wBrZt28a9995LEARs376dPXv28MADDzA4OMj111/P+973Pr773e/y9a9/nbe97W3c+qZr6X38fxCd+i71G6/Dbb0GYxxMshbHLxZ34gbCvjPkjn6dwsv/gr3+56DlOvDiJc9lpViIe+4iQ1B7FWb7BzCDvTjnX7rskVFFE+HWnyBofgMRzoI8o7qSYqdcWZ5mitvEXAnwyU9+EoCtW7fyMz/zM3zmM58hn88D8KlPfYo/+ZM/4fz58wB8+tOfnvSaT3/609julzn2V7/Cxi078Fuvw61Zgx3pxW3aBoU8Xss1JGxI0HWU7Ld/n6BmC+z9z5BePau5rATKlSIiIiIiS0/F1ZLM/8NLRTrNVdfewCk3pLfrHKs21+PEKnCT1RCFxS9nbIeQYgHBOiEWMG4GGzoUnBTX3Phm1qxfXzxqjgWDlfPoXWnFVWstLS0tfOpTn5p0zO/8zu9M+v6jH/3opNffdNNN3HTTTdjhToJnv0J19iT+DbfjJGsgKIANsf1nCN14sYBqDE6qhuR1H8A58jC5A/830e5fhM23zfj468qKGyzEPTfpbMansPpNsDeN+8xf45w5hClMeOzV8YkathJc+yGCDW8ljKUXbPG/lRU75cryVFpxdex3E3OltZaPf/zjk77/9V//9UnfT3xN1PkchUc+yZab3oXfcjW2kIH8CMb1CdufxaTqsBiMY/DqN1Hx1l9n5Ht/SeHBX8a+47PQvGv6mYyPU7Gb09mUK0VEREREZk3F1SvEGENjSysxz2Eoc54oN4RxY7jxKmxQwIa5sSOLf9gIawoQ5MG4BPg0bb2RVOtOYonEks1juZn3o665AaIX/hZz7im85l2EHc8SFPJ4q3ZhvCTR0HnwkphEFRiHwvljGD+Bt+5GwqFOCof+FOt4sOlt4KcWbmJyicjxKTTvwt70azjHd2HOPosz2IlNpLFNO4g23kzQsqtYDJclo1z5+rQgywIMnCJ8+DeIrX4jbmUdme/8v/ib345TsxaCHGHfaVw3hjUGjEv+zA9wataQuOFDRN/5U8Kv3429/YvQcNXCTEqmpFwpIiIiIjI7Kq7Ownw7QxzXpaq+BTefJD8yhJeswklW4dqQKDcENmJ8UwcbMd7DYQxuzToaG3dBolaPzc1SKcsCDA8P8/zzz+N5Hk1NTaTTaY4ePQpAXV0djY2NnDhxglwuR3V1NY2NjfR0d+GceoT1g9+iomETTiwGroM1MWxhGKICJjHa1ZMbAuNgc0PY3DCuG8NfdS1R7ynC5+4jqt0ADTvALPQu3OVtobqxTOYC7rln8M88iVMYJGrcRnTDhwgrmzG5QZzzh/Ge349/sI0oXk3YvIvChlsIG3ZATGt2zpZyZXkqdVmA733ve0AxN27evJknn3wSANd12b17N0eOHGFoaAiAnTt3MjQ0xJmTr7L99B9Tm0ri1a/FZntxq5rAFrDZPrARTk0rNj9UDKvrEWUHYbAL14sT23Ir2af2w3f/K9GP/TE4/mXnsBIpV4qIiIiILB0VV0swtgvvQnx4cVwXElXkwiFMfhg3UQXJaozjYoP82BWxYYDNZ4vrC8aqsOn1WH/+j98V5zCvU5SN6eI2sVgQRRHWWnzfx/M8PM/DGEMsFgPA9/3x76MownVdHMchbbupKLxIhdMHw21YU8CpWgPWKXbXhbliwcea0cqPxUmmAYPNDWL8JE56FVHnS3D8m9h0K8SrLjOXlRM3WMB7rjCCd+4Z4i/8Hd65H2DGuh6P/ftlX+JwGq/rBfxX/pVg7V5yO3+SsGE7uFMXc2aykmKnXFmeZorbxFwJxZw49mcURcTjcaIoGs+RsVhs/BgoFl1X5Z6h3rZh/HWEZx7FaboBb811EIbYfH+xoMporhzNl27tGrAR0WAnTqoep7qV6NRj8Oqj2C0/cpm5WMVuLpQrRURERETmTMXVkizwmma4ZE0CJ8qSsiGOl8TgYd0s1gbYKCQKh7EWnFiaKNFAlGoE4y5IwWDlrGk2/ZqrY3+G2QxO52k2pFPFdf4udBCr28mGDRuAYgHB931aW1uJogjP8/A9l7TfTdJrx4nXYuJNxXUgC31Y62CswVoD1hRDFtnJsbMGvHix2Op6OCcPEGx5J/iVU3avrqy4wWzvOWd0Dc6Jx5pMH37bo8SO/TsmUUVww89Cqh4yfTgdz+J0PI/JF7vrbKyCqGkn0eo3QLIGMhdwuo7gnX8J59B/I7fzfRTWvWV86QYzGqNSHpNeWbFTrixPM8dtrMAanjrGhsoEJlWJc7YN1qxhw4YNWGtxHAdjDC0tLTQ0NAAQj8fxHEtl9ARORRJTswrCCBMMjG6ENDFf8pp8OQQU8yixAm66kbDvFM5Lf0+w8e3gXPpPGK25Oj3lShERERGRhafi6hKxJsZgLkNYGKC6oQXrxYgKLlGYhyCH4/k4rk/Gxgjj9ThecqmHvCxZa4msJT84SOe//SNOqoLKvbeRGBrixIkTANTU1FBbW0t7ezvZbJaqqiqaql0q+g7jcwHiayDhQRQQRYOAA7jFLwsmHH2KObr44ddaIMyDMRjHhf5TmJ6j2HQLKNazYk2evvBlIhuQjm3ANT4Ghyjtk931DoaufgsDhTb68i+TC08Rc6qp3/VzNJ3tIXXoryAKyNz4M5xfv47zmafJR6eIOTXUXvN+qvwNeE4FxjijD6EPEdoCg/kTOMal0tmCYxWvxaRc+fow3r3q+nT+w1cw+SzxvT9MPAg4fvz4eMfqVVddxdmzZxkYGMAYw5YtW7C9L1CffxWTqMDGHAweUTgIdkKuxIHIYqKp86WJChgvhnEc6D5czJeNVy/hO1J+5pUrv/cXAMqVIiIiIiJTUHG1JBc7YRZyPbcgl6Wj/XmGelto3noD8eombBRgCyMMdWU4f/IoNpYmmVq9MGupmYmdISuhO+TycZu0LABALFF8vLiQJwhCwjAkCAIAgiAY/z6KIsIwxOT78cMuXD8CJ4uNBrHWYIwDtlgsMNbBRqNdOxistZhg9LFHCzh5CHPFRtUowFw4TtT6JnAnb8Kz8uIGs7nnIhPQl3+Fly78JXG3mqTbiGN8LJbQ5sgFveTCXgo2g7UBBpeUv5qN9e9i0zt/F8dGtLkvcrz7/2EofxpLiDEuvkkRd2uJu3W4TgKDIbIB2bCbbHiBq6rvJJXcgJlmfCsvdsqV5Wn6uE1aczWRwoYBJp8fz4mFQgGAfD4//v1Yp2IYhiRGjuLFLNYJwQ4VcyVmtMN4NF9Go13+GCLARhYTTsiXUVBcx9oYCPOY84eJGnZOO5eV4crkyi0/+n8CKFeKiIiIiExBxdUSjH0eWKhHXce4DrjZHtqfeoazr7xA4+ZriacqGTx/hr6TL5Kmj/ja68hHhvhCPGJrJ/+53M0UN9/3yeVyRPk8YWYYZ8+tmGQFsXwG13WpqqrCWksymcR1XSorK8nn8ySTSXzTi+9kMb4PJo+J+rEmhjEeFgdwwHGIrIHQ4GDAQGQsNrLFz46hhy1kgBAcMJnz2DB/SYBWWtxgdvecsR5xp5ZcWCwMDNA2/bmJGCqc5JX+v4NqwBiOXriXfDQ44foROdtPLuqHwokpzxN3qzH4045vpcVOubI8zRS3eDzO4OBg8f9c6mzH3b2XsK6Zio6TWGuprq4mDEN8v3g/VFRUYIzBGIPjOCTow3gueDEIezEmhjExLG5xnVVccA2RBb/XpWoAACAASURBVKyDA2AMkYlG86XBhiG2MIJxwDoGM3zusoXgiXNa7q5UrvRqkwRRVrlSRERERGQKKq5eYZGF4RDaR8AZjthZW0NFzKG94zwvH3yQKIpIJuM0tjSzunkbA3h872QvNuWxtT5GfcrDd52lnkbZcxyHdDrNsWPHqK6upmrbLta+5ph169ZN+n716tXj/zs21InvRTipZkzTrdiRdmzvMxCBNfFi0SACgweuBzjFbi3H4NiIKDJYG0IwgHEsxjWE6taZG+sQc6tw8IgISn5ZZAPy0RBhlJlULCiFg4fvpDG4sx2tlEi58vWjrq6OEydO0NPTQ+2m7azZtL34ix3Fx/LXrp2cPZuamiZ9H487GHI4zT8KlVcRnbwPU+gDJ4nFL/YqhmBMHOO6RNYUC6iW0XzpFPNloVikNUBoZ17DU15jPrkyHCIX9ipXioiIiIhMQcXVksx/kxYLjERwPOPy8ohPpe9yUyIgGbqY5g1UtO6g4CQhXo8XS+IWLmAGTlKbG2JNKsGfvpTl3BPtvGl1itu21rK5ITnrwsHYrsIr55G76eOWSCRobGzkxIkTbNy4kUQiMcU5puaElsi4EPZg4zWY1vdg+n6A7XkSM3yq+MiyV40JspDtJ7KMbt4CWHAs2CgCOwy+wRoX48VhdPmASbNYcXGD2dxznufT7L+R9296jHzYz9mRb3Ns4B+4kHtpQUdUG9/JxvSP01qxj4RbB0BQiAiicJpNgFZa7JQry9P0cfM8j82bN3Ps2DG2bdtGMjm7tTNDPHANduhFzFW/hVOzC7q+ie0/jMldwDoxbLwZM3QKClmsO1qIswasnZwv4z42tOAnpl3CQLG7lHKliIiIiMjiUHG1JPMrGAQWukKHF7I+p7MOcddlV32CprAam0ngGQenchVDkUt31wu4fhX1zddT2VBHNNLB6vRqVneO8M3n23ju1HkOHu/mp29o4dbNdVQn/NJnseI+vEwfN8dxaGhoIJfL8dJLL1FVVUUikcB1Z+6wSYbD+EGCZDCE7fwPwvgaTNMtuKveAsFIcb3VTA/2+F8TZTswjouDwboGi8Eah6gwiOPmMb4hcgxRuonI8aZcFmBlxQ1KvefiboFU/3+QOPNn+IPPEvm11DXcTl3DT/NU9CBdmacv+9rQtdjQElkIg+nf24bEteyp+CCru79L7PDv4eTPE1ReTbb1IwxX3UYumrowv/Jip1xZnmaOW11dHdlslhdeeIGamprx5VJKEeYT1LgJ7OBRohN/SbD2F4hd9XOYMA/BMMZUYi+8iH3xs0TGxXGcYp6kuA6rNR5RrhfHtxjHIQoioqpWFVeBK5YrI0sUKVeKiIiIiExFxdUSFD+vzK1gULBwLHB5suDh+B6+cTg/XOCF3hHWrm6lcZ1HdniATAFGur5C3eCXsHh0d9/Ghaafp3b1mxkIfLq62ykEWYKowLHzIX/87Qxdwzl+4upmGlKxWc5jtu9AeSolbp7nsXbtWhoaGjh//jyDg4OEYTjjueMUqHIS1Ls+DB2m+/k/49XwLWT8jcT8OBXuEOvMIerzz+GYCIwloti9aowDQRbMMDZmi/u52ARR7VVYJ36ZNVdXTtygtNg5jkMsPE/ylc/ijhzHAibfQyz7AHWhpaX+zZzrf/Ky14jciCi0RJElzE//iHFT9Y3UdX4Tv+OfMUEfFnB7nyeR+TzB1VvJ+9vGN/CZeh6lzry8KVeWp1LjtmrVKurr6+ns7GRwcHB807+ZRKaSTZ6L4yWJztzH0bZOztg3kkqlcYyh3u9iW/hPuGTBJMCERJiL+bIwUMyXCQcbhBCvIKi/Zpo1VxW7iRYsVwbKlSIiIiIiU1FxdRGFwBlcvo2Pnyh2LvYEEQOe4dCFDL1DGd61qZWG6tWMnPomtdlv0lLdhxODTO7v6Oz6JufPv5NY05385t7ruaYxxf1Pt3GqZ4C+kRG+8tQpkp7Le65upjKm9czmynEcKioqqKioKP1FNqJioEDU/Qpe4RxN5hhe4TTneusIIp+G1BBVySyO52MdF6IIxylu8IINiWwWxw+Lj7+GEFZcRVi1HtzSij9SZMICpvc0ERO7ErMkBntJN2+kkLt8IcBxo2KxIIqmPQ6gwltLYvD7MDQ86Vom244Js1B6U6RMQbmyfMRisUvWWJ2JsTspnPom8cxhXMeyg6+T7H+S3gs1JP2A1eke3DjgJjC2AJG5mC+jApHN4MQNNnIhsBRqdhNVtC7OBJepeefK0BIGypUiIiIiIlNRcbVEY4+szaYbq984PGM8MnGXtOvSngm5YCMc32DTMQ5dGOGVQ8fZ5/fzxuBR0u4JXDcJ+QypOGxo6GI4ey9dHY+Qdd/LO9feSW+mmb9/NkffQEDf8DB/+8xJNtUleUNrNb5rSpjDfN+J8jKXuJXGkElchRO/nopsN77j0FAR0pDuBGMg8gAfbERxkdXi5izGhkSmUHy81XWwYYQNHXLNtxB5VZfpxFp5cYOZY2eLzwsTZS79tB7lPWxkCbKX70J2vZAwKHauTnccUOzayntTXovQuew4V2LslCvL0+LlSrC49NW+j8qBPyLhGTzHZUvDAJh+wIXIBzywBTAOOIzmy6CYL2MGEznYIMK6LiNr3zdtXlDsXvv7+efKKCh2ripXioiIiIhcSsXVksx+HcEchiN4POu4bIl7nM+HdEQhOcfiR+B4kKxNUMkIie7nqLTfI7luL4Wmt8PAd3EH/h0n101lAlKNZ+kb/G/0D1t21P0Uqxuq6c/lMEGOto4L3P/9dporY6yvSRQ7fS43ixW3ptn8N9e5nEKhwPBQnPbsm0iO9NHsHKY+OYRvJ26cUwCKRdWLjzsaHGOKSwGYYh1huOYmsnVvInKTU366XHlxg1JiZ63FRgabq4Qof/HnxiUMEuQLmem7scKxzlU7YzdWoZAlDBK42STGTiguODFsNFPBYCXFTrmyPC1ergQYHh6mc3gDNnw/9UOP0pruIzXpiBAo3oMX82UxPsX1V+14vhyofhe5musvW4nTmqtTHLEAuTIMLGGgXCkiIiIiMhUVVxeBBS7gcNhxScddCgY6oogLJsQ64GFwsMTDDLW9r9Jy4TEaU6/gdfdg/Vai5vcS1N6G6f4n3KFv4zgXqE7EsJVVhIUYgZcD1wULJgz55gvt7F1fS2NFExV65PWK6Ozs4OWjR2ltbaV268/QffpfCEe+S1NqAN+Z2Nlz8YOiMRSLBO5oV5aBXGwzQy0fIIi3XPlJlDlrLQUnTb7lR/Fe/Tpj73WUbqW3aittHQcoZC9fCHD9YrEgDKNpjwM42fVd1ldtpTF2HKevbfSnhnDjbRS8+kUpSK0EypUrw5NPHiIoFLjthz7EyNn1HD/512yqOU/Ky004avI9ZIwt/mRCvswkrmVgzS9eyaEvCwuRK6PAEhaUK0VEREREpqLi6owudsGU2tUTAj3G0O44NPsuQ2FEHxHDo503rrE4RMT7eqg78zTN/iukmm8maL4B0/FN3HPfwFl9G2HLLxPm3wEdf0km9DkTvInvdBrODGWLn42sxdiQXC7Hc2f6uGlDDSl/6p14YfLGF8u/O2T2cZuNvr4+XnrxJV566TA33fQmtqx5O73nA2LZ79KQHGRSU5xh/O0uFliL8rG19DV8mFxiExZnmk6syfNZ/kqLnbWWnFuJf+0vEJk07rnnsMlawi230VOT5pXn7yWYZvOVwEbFXcdDSzBDN1Zb+2Ncfe2PUHP1L+K+8u+Y4W7C5p2E17yfXLyeKJz69SsrdsqV5WlxcyXA8Vdfpauzi86uLn783bdTaP4pTp//Cltru4ob/k10mXyZS2yjZ9X/RuhM3eE/PpsJc1HsRo9aiFw5uqGVcqWIiIiIyKVUXC3RbB6ZzFk4Zww4DnFj6Ioi+q1l2AHHgmchPjBI4sRhWi88zeqaEzgdQ1D3BuzO36TQ9xLO6YdwO5/A1G0mKrj0mJv5j3PVPN89SL4QYoOAqBASBSE2tBxt72NgpEBLOj7NHFiUD86vZ4v1qKu1lnwhz+DgAI8/9hj911zDhtV7sIGlwh4iZfonv2Cs2GohcioYSb2Rvtr3ko+vBePNUCxYeXGD0mKXD6A/sYb4W/4PcPJ09R3lyKl/4aWn/5lM/sK05w+YUDCYYQfsofwF/unpT7Jt7TvZsffnaam7GmNj5HL5aXdMX4mxU64sT4u5LIC1lqHhQc6cOsXf/u3f8cM//MP0+O+hLnqURvfYpS+YmC/dGgaq3kF/7XsI3fSMC3Mu1hxez5QrRURERESWloqri6Bg4XxkiWxxJ/LhyDJsLVlrcQA3CnHbT1N/9HG2VLdTveEWovrNmJf+Cffo12Db7UTXfoyg+xDuyb/hgq3mudg1HOyMONc/QpTJEmWz2EIBQosTwcBQliCYfqMJWTgxP4bjGIaHhwE4fPgwxuyEde8gXvUmaqOXKAyeYSQbkQl8IgtJP6SqdhVh3U3k41uwzuWLO1K6MAzJ5jL0Z1/mX7/3MXr6Xy3pdZEzWjAIi4+7zmSo0MPTR+7jePtj3L73D6lJXEUYqhgwH8qVK0M6nWZwcBDX9ch3nOPxxx/n+uuv52jq17DVJzB93yczMsRwPkYu9DCEpJMRVQ1bGa55G4HXtNRTWBaUK0VEREREFoeKqyUa24G4lM6KGLAqDHg6U6Dbd8iEllxoyVmLAeLne6h46ftsG3iJrRVn8S5UYTe+neiWTxKcPIh5/n5M2zdwW66m4K7m1OAmDvZVcqJ3kMLgCNHgCHYkgw1CsGCtYWtjmoq4N+34rDUrrjNkNnGbjerqaurq6mlra8N1Xbq7uzl+/DiJRALHXU1vaj2VqyvxPA8njMiOjHDybDv9bf2sKVTQsgpisdLGtBLjBrOLnY0MLgkcGycMSnuvQtcSRRBFtuTXADjEcEmMxmX6QsNKjJ1yZXlarFwJsHnzFg4c+BYjI8MkEgmOHz9OVVUVW7Zs5WVvJ/GK3VS3VmODAC+y9Pf18cKJNsLukB07PWprSx/TSuyAvBK50kZWuVJERERE5DJUXC3B2D/4S33cMAZc5wRksiM8FoZ0ei7ZMCK0EQZD1NdHfc8ptiUvUJftJnrxILQ9i7tjH/ba24nW30LY9k3s0X+gM2rimXAjh/rynB/MEmby2FwBrINxYsTjLjeua+Bnb95AS3V8hoLBxHksyFvzujbbuM1GTW0tW6+6iqMvH2VgYIAgCOjoOEdtbS11dXXk8jmeeOIJjr/6KtlsFoCKihT1dXUMDvRjHMOqVatx3Zk31VlpcYPZxy6KIlwnQV31Rjp6X1zUsdWm1+M6CaIomnFsKy12ypXlaTFzJcD2HTvYuGkTr7z8MhbI5XIcP36choYG0ulKTp85wwMPPsCF3l7CMMR1Xaqrq6ivqyObyfCmN+8llUrNei4rgXKliIiIiMjSU3F1kaQdeHssYmeY4bEheD6wtEVw3hgiL0FPZTOHO5vYXd1PEx3Y4X6iJ/8Zc/Q7OFf/EKZlK5n4Zl7qqOHb2UrO5Sw2dEh4caqqU7QkY6ytTvDG9TXctLGOqqSHmbSLkiwmz/PYvn0758938Y1HH2VoaBDf98nn87z88su0tR2np7eXQr5AGAYUCgUKhQKJRIKrrrqKzVu2rpgP/1eCtZZkrIkbt91JR8+L9A60zfyiOahNr2P31g+RjDURFPRo+UJQrlz+4vE473//T/LnX76Hnp4ePM8lk8kQRRHf+MY3OHGijWwuRxiE4/ny1KmTVFVVsfv66wmnWatTZke5UkRERERk4am4WpLJO/KWygFWu/CBJNweWc4WoCuM6EpXcnz9Dh49fY7jJ9O8s7mLmypOUJc/TzTYS/S9r0IqRnvFDp7P7KSqvoUPrV5HbdylNuFRl/BZVRUjHfdwnYtFgpnHttJ24p1b3EpVWZnmLW+5Bc/zeeKJ71FfV8+aNWs5fvxVzp07N95JFIYhxhhisRi5XA7X9aioqMBxnBLHtdLiBnOJXRhE1FZs4+03/O888tTv0zd0psRrlVZoq6lcwy3X/Weaaq4jDGbuxCpaabFTrixPi5srAdasWcuv/MpdPPiPD3D61Gl27txJVVU1hw+/NJ4jwzAkiiIcxyEejzM4OEiqopKKyopZjEuxm4lypYiIiIjIwlJxtUTz3Uk5YWBTDDZhIBmjcOMO2lfX8J3vPcX/PPYyj3iNvLv5HG+oOElVoZesSfHchXoSqzbzUzduoqG+7rLjmu0cVpLF3AEboLKykn37buXaa6/DGENtTQ0tq1qwwCsvHyWTyUw6duvWq7j5LW+hvqFxfHylzmGlmW3swjDEWoc1DTfznrd+nmeP/T3n+44R99PUpNeQTrWQitdigMFMF529h3GMC1hW1e9ic+stVKWKscvk+xkYPkv/0Fly+QHqqjewe+uHqK3YRiEfEUWldWKtxNgpV5anxc6VAK1r1vBLv/TLnDvXQevq1cTiMX7sXbdz4Fvf4sKFXqKouC6nMYa6unquueYa9t36NqD09TgVu5nNJVca46BcKSIiIiIyNRVXl4jv+2xYv47Vq1o4dfoM333qWe45dpSN8Rb2NV0gjByeza7h6pa11NfVLvVwZRq+79PUdHE36/XrN7Bq1Wp6e3vp7j5PoVAgmUxSX19PbW0tnucv4WiXtyiKyGUjqhPb+aE3/F84bojj+Bjrkc8Xxos3sZhPptDNSLYXay17dv4CVck15HJ5ABzHIRbzwYSEUYEodMjnAnLZwlJOb0VSrlxekskUmzZtGv9+z543sWvXtZw7d5b+/n6MMaTTaZqbm6msTC/hSJe32ebKTK6fKAqUK0VEREREpqDiagmKzRSL09Xj+z6bN21kTetqXj2+nSeefpa/PneOVMJn97W72LJx/egY5n/di48OzvtUZWEx4zYT3/dpbm6mubl5inHNbiwrLW4w/9jl83ny+TzGGKzNXfL7TCaD6yZJumsBiIKIvr7+SccMDxf/LJ5jbm/+SoudcmV5WspcCZBIJNi4cdMlP5/LWBS72Sk1VyacCnCUK0VEREREpqLiaomsXdzH1mKxGDu2b2PjhvWMjIzg+/4s1+Wc2UrchXex43YlrMS4wcLEbrrXBiVukjPf66+02ClXlqflkCtBsZv7OZQrRURERETmSsXVEhhT/LoSEokEiURi0c5/Jeey1JbTXJfTXEqxnOa7nOYyE+XK8rTc5rrc5jOd5TTX5TQXEREREVlZVFydgbUWxzEYYzBmYR45XSrFDy4GxzEs9x15FbfypdiVJ8WtPL02buX8aPZYcW4sduX832ApdM+JiIiIiLw+OEs9gNe7QiHA911838V1XUyZtlUYY3Bdd3QuHoVCaTv4livFrXwpduVJcStPl8bNKcvuwWJxznlN7Ep7nL1c6Z4TEREREXl9UOfqDBKJJLlcQCIRI58PsNYShlFZdYgUP7g4xOP+6DwKJBLJpR7WolLcypdiV54Ut/I0MW6FQjgpbuUSu2Ln5uTY5XIrK3a650RERERElo6KqzOorKigu7uH1tZ60mmL5zkUCiFRVD4fXhzH4PsuiUSceDzGuXMXqKmuWephLSrFrXwpduVJcStPE+MGTIhbVDbLAxgDjuPg+y7JZDF27e091NfVL/XQFpXuORERERGR1wcVV2cQi8WorKikvb2HhoYqamoqxz94louxD535fMi5c72kkhXE4/GlHtaiUtzKl2JXnhS38jRd3MqlA7K4VmcxdrlcQHt7D5UVlcRisaUe2qLSPSciIiIi8vqg4moJ0uk08XicgYEhstksvl9ea5tZaykUQpKJBLU1dSvmg4viVr4Uu/KkuJWnsbgNDg7T1dVfdnGDCbFLJqmvq1/2hdUxuudERERERJaeiqslisVi1NfVLfUwZJYUt/Kl2JUnxa08xWIx6mIxqK1d6qHILOmeExERERFZWs5SD0BERERERERERESkHKm4KiIiIiIiIiIiIjIHKq6KiIiIiIiIiIiIzMGyL6523P9BkqkUyVSKzx1avPN/8P6OhT/5uEN8LpUimfocTyziVcpOx/18MJUi+cH7Wcx3fyE98bmZ/lucS6w7uP+DH2RR/xOcl7E5Xebrg/fz9Rnflys1xsW+xw7xuXK5j8fur1SK5CIGZuZ7YnFfv+Ic+tyE+2/yf4sT/76ca8yvzN+JZWriPZV6Tc6eGJc5/53Wwf0fnCbXpj7H118H8bky9+zr/e9FEREREVlOlnlxtYNv3/+18e9+9+DC/0u+5QNfJTMywlc/0LLg55aVaA8fHRkhM/JR3lTS8R3c/8FN/OzXZj7y9Wz3R0fIjIzw0T1LPZLFdIjPpW7ld5d6GCXq+Pb9PDT2zScPlkdBWGbpEKfGi0+T/76UxfY1Tp66+N0TBz95Ra5atyL+zbI8/l4UERERkfKxvIurh75S/Mf1pz/N78FlCgSXdnpM7qaY/vdTdelM7pYde/3FDqHxro37J3axLEA326SumEs7UyZ1JU3qjrl0jBd/drHzY/Lry6cjZPpxXxrfD16ccPH9nBzwS7plx+K5MHGcooPy/2fv7sObuM+80X/1YmNC0qSOnRrSyHXElhpKNtsEitm1QWKfpruB9kkNZE8IQn66bZZkr2Zr5WxjOAmYrnF6NvI+6e7CIZs+VuRAN4CbbnF2k26RwU4wCSlNISBIEY5NYhxkHN7Mi21J54+ZkUbS6NWSJdnfz3VxJR7N/OY3o5nR6Nb9uyco0yz0fZO+QLbBdHe2ZotJAeOruHZ1n3AuYhP2SdN2rkBPUCaT7Njb9XzI+yJ/v0L3dUiGbGhaVMT9GCJaxmaMcyzy6/LA6rNYHLatka4/mfIuXlnTBmATfrwJAJ5FZ2i/ZOfCrueV90ng+rhL9t5EvnZEu56O7dhO8NjwH1vxXRtjHhdZqw27OqXrXSfCYqvSfpHvL6VpSYh+3QzPdvevTlx/0D5W6FNqr8vpEfjB9110hsVWFY4zxWlyJVixU7rWnoZ9KQAshf20NO0plIacT4r3I+J+DOzD8PUl9v5F6u8YrucRX8+Vz0UiIiIimkgmdHBVygT5cdVTqIwQIHjn+fDshmcWB74IxHo9zLvPo2yNLFt28Q+wK8Ksz6xZE8gMw7NYPJYvq/27sPJueXvAnjV3B30hlfcLANC2Bj/Y1Q+gBJUrliJo/0hftJeuQGWJEOAIXr4Npruz8wurXKx+K72/e9b8QHh/Syoh7JZAUF7K5lu2ohIlEL5gLg76UvwsFqeyTEH/LqxcHPKtu20NyrIjApdmbTCtCWz7njU/wMqgbCT5OaOQFfrs4uBAeVz78Vkslp9Hzy4OnEOxzrFYrytI+PoyXt7tEPblpio8VbUJQJTM/7Y1MMl2rdI271mzRvbeRL52lFSuwDIAe3Z1+n9AELIpl2JFZbKZdkkcG/5jK/a1MZn3PSuIPzr693VvD/YA+PGmTYF55leF/TAZ+FxNPs08+nWzH7tWhmd4P7NYPGbEPgWOkfA+pf26PFZLN+HH8s+W/h68C2DZpk1Y5p9JOvYUAuDSsZdCQfcjzy7GypUrZfuwDaYfBP+gmNj7p3zOP7M4yet5zNeJiIiIiMbXBA6uSpkgm1A5H/h61ACBPLPjKq5d3YngEXOxXpf0Y9fzwjeOZS+fFubdNx97Ig1N27RPnEf8MvtuT9Jf/qSg34/3BWcIPvO8+IVn/lOy/gfWuUcclygFNaT9ExxElAIcsmzDfZsAPAtrVn+Zid3vrz91NWi/CLtFGq4ZGlgJDfSIx9jSl9EtLt/98lKgbQ1eSXVgRTpWpH9PzYeQpRScnTTRhnpK55H0vuyBuK9DzxkxGOg/78SsrT1rXgn+Qq+4H4NJ51D3y0vFVYghgxjnWPTX5+OpkKzdwKrjvb6Mn6BglUKALVig/9I+C7vO+s8R6XhVyIQFAj9otPWgB0hNMCnWsVGyAjvlx8Tpl4UAl3hsRb82xnHtzVpVwo+O4r4W3vNNqKySzzNf/GFSKh8Q/LmanFjXTXn2pfyYkfog9qltFzoV+zSO1+WklYqfLcI2CcfQUqyoKg2ay/9jg/g5HXrspZR4bZTO4T1t84XPTel8kM7JuPev7HM3Uqkb6Xoccs7FPGejvj7xPxeJiIiIKPtM3OCqLPPq60DEAIEQdBWGjikNTYv1erBe9LQBwCZYpJv5+Y+KN/nh/Jk/Ut/GoEdYMZ5ZLPVTzOrwfyESScNXQzO1grI0A0FJYTuk7RKGM0+VLb9HXjQu68Tfb2nocfhukQVWpEDPpqeE4JeYbYS2NSgT25eyZKWA3Jj535fFOTjkeKwC2YqlpcJJ5A8q6EplGV5Af4/wrX7PmrvF/SRlRIkBmbj3YyBoVFIaHD2KdY7FfQ7KJHZ9GS+hwar5ETP/AQTOBwAlK54SrmUhPxT9+KkVYjCoBCueEgLjyudIyA8aYjblWIJJMY8NP3GYcUgWavRrY3Lve7YQzqtn0fmuFDArRWnIPNIxuquzP3DNkz5Xk5HAdVMYeh6e3R3UJ3+g7VGhT+NxXU6B0tL5ELbhXfGYmg+dLmSmkNETwrE2lizuyKT7Ef91T3qPS0oRdCWMuX8D57D/czdC1rD/HihkHbHO2fjPaSIiIiKi8TFhg6v+h0P4gymBeodB2ZZiRqeUrRFcDzGO17Oe+GVDqkn3SqmQpbVvU8h8sqDGLimIGMcX6DFk22aU2G+pbtwrpTtlGZIysi+3u6QMtTiGw6Yu6Cxlce3zB+D3rLl7DE+TnmwCWcjp24+xvtBHeT0bry/SD1Oy4Ij0o4NiNmYc14BEglryHzSE63h6gkn+Y8NfO7YHj8qz6AI9Su7amAOBHv++fv55YVi6UhBbNgz/nQSugckQrpuBuqK9j8ozV5X7tCuBYySrfgz0b8PzUY4p+Y8NUgA89SUBUsU/EmZFyOdp2xqUpaROe/BDwBJ/nYiIiIgoPSZmcLV/F6xRHrwrr9Umkb4MSEHH1xD3tQAAIABJREFU0GGtsV4X6FAqDnn1B3Clh2qlmZTZFxiaGjzEOLQmnZT5Ief/oi3WXgt8gZa2K3SYn/Awoiz9nofY/Q7N0OtHb9huCXy5NYkP+PEPh5WybWTDI6MNNx8b6aFQYqDBPySWgEC2VWCYaOBf8FuR/H6MdY7Fej1q/+O6voyHQGkTRUr7Szatf9fzQmB2fmnQdUFeQ1Vqf35phJ0iyzJenIJgUqxjI2yotZgtG9ylSNfGsb3vGSddw9rasAeR3hNpGP4aLA69Bo5lnZGum2GlIKQRCMp9MoUeI+N6XR4L8fNJ3PfLSkPTVgX+Y2+x8ANxWkoCJCKB/SuV3RF+PJLVjo25iujnbPzXeyIiIiKi8TEhg6vSl+Ww+opS1po/GBD+pG5p2Ljw5TnW66ECQ179w9UWv4tlEcoCJE42zC7kKb2BL2Ahr4ekwEmvhz3cCgBKVsDiz9yUf4FWGOaXTU82lw1PDH4SfLz9ll4PH34KyIY6AyHZRYEv+MHrj52hE/Y+RdqXYU8xF/sYFnASh5ZnxRuSAVIWmH+YaMhw1Lj3Y2SxzrF4z0HpeFu562iC15dx4H9ifPgPElLd2/AASaCsgXRdCeu//xyRzrFoATrpvBXEG0yKeE7FOjZEgWu2QnA54rUxkfc9G0klH4Bo74lUs1yYLb6SAGH721+KI87rpv/18IdbAcDXHw1kGAcfI8lfl8eX/DiPknkr/dgQa75xE2v/iuU1ZP+E60ICfY91zsZ5Tk/6z0UiIiIiGjcTMLgq1cRTClBIXySlAIH8wQcBy14+LWY/xHpdwfynZEN8l8J++qdYMYatiVvJCuwMHc669GV0ix39+lP7ZHVdl8J+WtwuxRq0CPsCXbJip2y7BFH3Q5aI3u/5eEpeB2Dpy+gW92Fw5mAgABF6TH39qfBSAj/el8KMtflPKZRw2IR9O8NrWE5u8gdGSWT7KeZ+jEOMcyzm65iPR4OOxeLEry9pFvhhKjyAJl0bwjL/l74Mu2zXKvV/2csvh1x/FB5uIyMFLFMTTIp+bJSs+GnQe/DjfeI5HZKlG+naGPt9z24Rt0tOVhc8FYH/qNfNkhX4qfw82bRPPHdDAvv+oGP4MZL263KK+I/zqD/yyIKwWVISIPr+VTrfEt3/Ma7nMV/n5yIRERERjS+Vz+fzpaPh7u5uTC9J3beAkS1GAEDe446UtZkO7zwv1ifctE8cIvcunr9pMZ7BJuxTelouEVEu6t+FlXevwZ6lL6M7QpC6f9dKlK1pw7KXTyf2xO442qbxxM+xTEr6PKK45co9JhEREREpO9vfj7KysrS0bbFYYs6jTcuaJzGh/l6b8CAt+ejSsTxdmYhoEgmrg0qZJT3kjJ9jGSCNxsmGkgBERERERKRkApYFyKySFTvDnzifQ0NEiYgyR6jXWLamDVj6Mn7KLL0ME+uOC8MxsI+fY+Pr3ef9dYqXvfzTrCtrQEREREREApYFICIiIqJJi/eYRERERLkt02UBmLlKRERERERERERElAQGV4mIiIiIiIiIiIiSwOAqERERERERERERURIYXCUiIiIiIiIiIiJKAoOrRERERERERERERElgcJWIiIiIiIiIiIgoCQyuEhERERERERERESWBwVUiIiIiIiIiIiKiJDC4SkRERERERERERJQEBleJiIiIiIiIiIiIksDgKhEREREREREREVESGFwlIiIiIiIiIiIiSgKDq0RERERERERERERJYHCViIiIiIiIiIiIKAnaTHcgUSNbjJnuAhEREREREREREREzV4mIiIiIiIiIiIiSkTOZq3mPOzLdBSIiIiIiIiIiIiI/Zq4SERERERERERERJYHBVSIiIiIiIiIiIqIkMLhKRERERERERERElAQGV4mIiIiIiIiIiIiSwOAqERERERERERERURIYXCUiIiIiIiIiIiJKAoOrRERERERERERERElgcJWIiIiIiIiIiIgoCQyuEhERERERERERESWBwVUiIiIiIiIiIiKiJDC4SkRERERERERERJQEBleJiIiIiIiIiIiIksDgKhEREREREREREVESGFwlIiIiIiIiIiIiSgKDq0RERERERERERERJYHCViIiIiIiIiIiIKAkMrhIRERERERERERElgcFVIiIiIiIiIiIioiQwuEpERERERERERESUBAZXiYiIiIiIiIiIiJLA4CoRERERERERERFREhhcJSIiIiIiIiIiIkoCg6tERERERERERERESWBwlYiIiIiIiIiIiCgJDK4SERERERERERERJYHBVSIiIiIiIiIiIqIkMLhKRERERERERERElAQGV4mIiIiIiIiIiIiSwOAqERERERERERERURK0me5Aup3c/hisHZFfr6rdhkdnpbkTA/vRuH4HusseweanF6Eozasbq4H9z2Hdjm7F10L3lzRv2SMNqFuUhi0L23cn8cpjTehAFSzbViH1b1262w+W9v2HAex/bj22y97OZI759PczbIU5dc5MFtL1dFyum2k1vuc5EVGoyPenZVjV8DTG46M2/Fo40e6B0ky6V4nwcu5/VhIREVG8mLlKCeloegyN+wfG3tDAfjQ+tx8paGmsHcH+555DKjYp+4QHVgHhPXzlZGZ6NFYnt+du34mIiGLrxvb1E/W+ZHLpaJoA72PW3K8TERFltwmfuSrhr8eJC80kkDIMune8iZOLhIyGokVP48VFCTZ8cju+39QBlD0Se96iRajblugK4u6ImKFRhlX+abPw6LZteDRNaxxXA8dwoBuALANFypTpeO8kHp2VxSdE2PseCBRX3Z+xXhEREaVU8P2p9FnXjQPHBrBo3LM5J9A90HhSGGUj3G9l6n1MkUTu14mIiCa5SRNcjUUKOpU98gju2rEDwkgtcWgWZMN+Qm6gAsNka4GmJkgjvOIJ5oYNv6+qxYurZkkvKgyLlm665UPGQrMTFYZySTdHomSHXxUtehqWjx+DtaMDh06uwqxZEYZ0KQyT8u8PeV+6d2DdYzuE124PbO+qu3ZgeweEff3XwL9FGh4etF3Bw+gU+yXNX1WLF1dBDKwCQpbIY9geND1kP4ZtU4TXyx7B5oc+xroI/YrsfPD76D8WlN7zRIfSBd6vWau24cVV8teUhgAqrzN6P+NvK3DONOCu1yK0FXT8z8Ex2To7mh5DB8sFZLmTsvMLil885de/skca8D28pHBMR28nrmNJoZ2q2tqUbi0RUWoUYU5FGdDdje6PzwMIuX8RhX72p+5aGP45nlzbVbBsux+HUlZiIPa9bniZBdk8Qfd/ofcs8nud2J9d8br9i2UAQt7HeNoPeq+rYKkFrPK+K34/UC7nEPo9I+y7SchxFXTPGul+fZbCvuY9GRERUe4EV0e2GBNeJu9xh///O5oeQ0fYHOE3Z9075AE0MeiGoBnwb/vnhAW0OpqaQv5+DIgSYFWstdXRhO+fEW9QiuZgYRnQ3d2FYwOLhBsdKROxrAJzFAOrANAB62MIv6EM2oT1aERyAVbpZvFM/wAwS2H5CPWnOpqew10NTyNmDmr3jsD23FWCIvRHmLED1qBd3o3t67ejJB01whT2obCfz4QHH7t3YF1ov17ajzkxbjq7dzQF77OOJjR+UXiPpC9ageyHARzr6gZQhoVzorTqP4ak43/sddyi9TNRHU3rQyfglfvjzzAf3WLESMJrnZzk10Jg7NfT6EK+PALCefEc/F++Qr/wde9Yj38rK0u4HUn0Yym8ndDrdTL7g4gmp/ReT6XPd6Dsi7cLkxK4jxvrtTCaxNrugPW5Mwi9qicn9r3uwP7nFOrXdsC6/X4hIDnrflShAx0d7+Hkqlni/fF7Qn+rHlIOrAIRP3Pi6XPY+xhP+wP70Rj0Xofe6ybQA4XnJwR9N1G8t419L634/aV7B9ZtL8GLq2bx85QSEv+9JRFR9suZ4Oq4kX59lQUJpQwB/7D4oF+hQ5aDbOj1a/vxTaUbsoH9+IV4YxL4FVm86eregTdOLsKjs8KDagPHuoT+VMwR2jz5pnCzKVu30McO/GL/A6hbBOx/rUN5PbKh/clQ3AcR9keQolV4sRb+YUaBG8rALEG/rA9ECq7KMzekG29pu+O5BZ6FR7fVAgpZC8EG/PtQnvEgDffa/uZJLFoVvBfDsnS7P0aMvQWlDAt/+YU5FShDN7q7jmFg0SIUhQXZIynCoqdrcSY0Q3dMWSRR+ploU/73P/DFSTloX4RFTzcAUlkAcf+ObElqAyjNBva/Jn5hDT1fpGub7Eun/xwWrkvdCbUjmznasSR9gZYdu9Ee2kdENJ6Uf/yXfjwdSOw+Lp3XwmTaTsVlNua9blF4iSrp/utMPwYwC0WYhXlVQIds5NXJ98Qe3y+Os0nkMyeUmNkZrgrfEe9J42n/5JtickLY6KWEdxre2CH8CO+/vxW/14R9NwnLQBbNUr5fP/metBjLrREREcnlXHA12V+44r0J8Acui0pwF4BuWXZgUYkwRbH9hwI3KrMeeARlHTvQHSmodv5j/81ToE+z8M1HytCxo9tfD7MoKKg2JyxbcaD/jLCowk2dEPwEzsiHUgfNcQaRkk/HxJ8tKetTQsOFqjAvrpu1wA1rxGF0KXFe3IdVsMhuPv3vsTwLQuyXv/9SpkQcayl75IFAG/7lpPcoOIt5TmiQPSqxflpQhkIHrM99MakhXNH7mWBb/v4H3r9E8Nfu2GJlkKRjH57/2H/RwfdDDn7hi3jgnAqcw4HrX/ztBA64aMeSdJ2UH7tFix5C1Y5ABhGPJSKKZfyup/IfQM8ndB831mthNOlsO5rY97qyHaCYjSmQ7tuEe2zgkBDp9N+zJfKZE5eQoGXs9gFpU6WAL1CERQ9VYXuEbYpooB9CU0oj8MTvJv5sXll/IgVaZWbdXwV0dAQdj/LvWPw8pXgww5mIJiJ1pjuQ/e5CSaaKCIlBNXR34djJeLMV00u6OQwMcwpVhEVPb8OL2xqwShoP1r0D6x6L8ynvZV9EpJaTIQWZAdkNejqluP8C8YsMunHg2Mn4SgKEmrUKL27bhhdrq4S/xZvrAOFLmiDwZS458bV1V8ZOLJpoeCwRUa6qqt0mfD77/yU/qiid18Jsvs4O7H8O33/sMTT2PxB8ryMn3VN3vIeT/pIA96emlFTZI9i8LeTet+O9sLFQKSW/j/MHUxMh/Pj+4rZa+PdWRxO+/9hz2D8QbbFVYfu4o+kxfP+5/Yi2GBER0USXc5mr2Uo+zEYavh8x0Hb7F1EGoDukXtUbYtaW/BdrKTtge5MY1JRlK/ozaSNmhg7gLiEml5rhOye3i3WW5BlnkQhB1kUIDDvzP6Fe2v4xdUZeAkCptpXIPyQsME/A7f79E5k0j6x2F+RDt1JzYx40tN4/vC4Q2PdnMUs1T+MIsvuH+8kzESLu+26ckRJA/OtPvJ+JtJWYIkRJHKcsItVljpYBI51TgXM4cP1LpJ14SNdJ+bHrH55JRJTVbk/ZfVw6r4Xj0Xbke93AEPiwkV3BLYn31FId0zKseiCwQ1PzmSMvYxQ8Siie9qVN9d8vy0tThQlkLvu/d/i7ERh9F7vWvjjCCYGSV/4a/9Hu12etwovbViFQ1kz2jAgiIqJJaNIEV5VrWmHMX9z9FIYryUsFBClahO9U7RDqsob2q+wRfFPWHX9QTXgxOFtx1gNYVdaB7Urrrt2GR2cFhhMprSfWsPDuHevxfYUSUkFDw0NFGZIVCBr7VxB4+mgS6Z7h/QsEff034xHrYAW1JAybqqrFi6tCX5MNyQobyhV8Yz42HbA+Frzfgvaz7OFUQHwlAfzHjsIQtEBQOPDFLeI5Enc/E20rOR1Nj6GDT6bNqKgPCJSGgiqdLw1PY1GRrIyH7BwuKwseZloUs504O+svXxF+7BIRZbex3ccFSee1UKntsrK4f0hXvt8Ur/Ux73Wlew+FIfAhgu6pQ36kTtlnDoqw6K8fwYH1O9AtewhuPO0HSk4p3Lf5m5cCp9G2N1BqJ2we8XtP5Hq7CiOj/PfrDbjrtQg1YDM8so6IiCjTWBYgRapqZUOBEDvDYNaqbdj8SMhzVKtq8WLojXLRInxHGnkTduMi/EK+KqwZ2bpnrQofHpV0YKoMqxq2RX9g1KxVeLHhkbAnxJY90hDokzQ0S3SmP5mBRFWwBG1XyEOaZq0K2b+h8wOB4fb+jigPaVLcpipYtiVysx1d2SO1Qe9j4EE/gb4uesh/IMRXEqBoEerkw70kQT8oCA+9ks8T2pf4+5lYW4madb+s5bCyBpQ9hIfFBR93wV9OixY9HXR+lj3SgO9VJN5Osv2pqlU4L4iIslHK7uPSeS0MbbsKlqcfwl0paTvWva4QzJR9omBVgzh/dxeOyW/sZPfU4T9Sp+ozR1jP98TPuO4dL4nD7ONov2gR6kLvbcPuXWfh0ZB7UqX3MfRzVpzRf/9XtOhpxfIJVbXy/oTerwOLnt4GS/iNJSz8wZuIiCY5lc/n86Wj4e7ubkwvKUlZe1Lh62wrlC4MoUnvUzOldYQH3GhSkbKCmbVJcYp03czs9VT29GOFJyLzOkdE2Sg7r6dZwj9qSRYs9E8L+fGbEiPtx1SNtCPKArxuElE6nO3vF0ZDpoHFYok5z6QpC5CzBvbjFx1Awg8wogkmUHcrnpIARNlL9qRpheGRvM4REeUYf1kApWHoKXpoFBEREVEWY3A1i0kZq0DIMB2aXOR1bKtqmdVHKXPs+PGUtjdn9uy45ita9DQsHweub4Ikh18SEWWBy1euZLoLGXQnvr2+Gh81tKJXPrliLazfvnOS75sxujYi/HfkGvcjTRgFme4AEVEaMLg6RrNWbVN4CFL2t005xP9EVqLUizcgGkuigVpe34iIJpDChXjSujDTvZh4Zi6H1bo8070gIiKiGBhcJSKa5K6+95djWv6m+/8zRT0hIiIiIiIiyi3qTHeAiIiIiIiIiIiIKBcxuEpERERERERERESUBAZXiYiIiIiIiIiIiJLA4CoREaWIE80mE1Y3O4Omuh31YdMUl242YaPDna7Ojds6xDWh2WSC0mYn2we3ox6rTSb/v7jacDuw0dSM2Hs/7k4E2kt120RERERERDmID7QiIqIwkR5SFdfDr9p3Yu/SDVhSnOJOpUB5jR0bM92JJLgd9ai16bDOvgHlAITgrQUbYcVG4zju6GIjNtrHb3VERERERETZjsFVIiIKE1cQVZEeRgNg2+LAPRuMUAz7OZuxurFdnN2Mpg1GwFGPze0AECFgKF8GgLHOjppyCNmTFhtc4rrNVjGoG2G6s9mEV0ul9p1oNjXCAQAGA4ztvdBZN2DJQDNW7wSMaIfDFdIuhDY2+7sv76sbe+stsLnE9hQ23a2wnZHbCxjocQGGlWJgFQDKsdSsR23nUbiNRgwEbZfQj96VdtQUCXP3Oeqx2eYK3hZnM1bvLEWT+D65HfWo7VmJlppyYT/BALS3C/tQfJ+K3Q5stPTgYfsCHBT372YTsM5eA8i2A4Y6tNSUg4iIiIiIaKJjWQAiIkop3dLHYYYNbUrjxd0ObGxsh7HOjha7FWbYUNvsRLFxA9YZIgQX3Q5sbOyF2WpHi92OJrMejp0OuOHG3i02lNYJ01vqdLC1OYGI04M5mxvhMNQJbZb2CkFWiasdWCn2Ue/yL+921GNzrxlNdjtarGbAZvEP/Xc2W2CD+NoCBLcnCt1OIdhqwDqF9uTKFxiA9kasrnfALWurJVIAO0g7bD0rxX0nBL7jKUrgagceFvuld4W+n+WosZqhhwHr7DUodzYH9ovdCnPvTuwdj+oLREREREREGcbgKhERpVgxlqw0wNGoUI9zoAcuvRlLywPzof1g9LqdxUZstAcyR4un65TnK69RzpZUnO7EwXY9zEJHUGxcGZJpasACsY/3VOrFaW4c6XRBXzlXCGgWG/GwAeg56wbgRl8vYFwpBjvLl8KsR0wDPS7ozUuFjFSxPcdBpehqTSAYLdVdrY8vSAqEbKerE0fiWdCwQOzXXFTGsS0BxViyITvLQhAREREREaUaywLQpKZWq6FSqaBSq+HxAiq1ClqNGmqVyj+P1+vDqNeLkVEPhkc8GPX64PF64fP64AVw5+23JL5inwderweABj6fDz6fD17xvz6vN2XbR5Qx5TVYZzDhVcdSPCGb7D7bC6A0MKGoFHr0xGxOPnQeAKA3Qwji1QkP0QIAKYsy4vSgjqAHQIQwLaAvRVGEl1w2C1bbZBMMAwCAXlfMzQghBGSDd4cekXdHMZZssGOJ+Jez2YTa5ulxDL/XYUYSgU59aaQ9oKC8Bk2V9ag1CTsmUnkDIiIiIiKiiYbBVZoU1Go11Go1oFLBBxU0YgB16PoIBi9dQ/9nVzB4+RouXLmOGyMeDI+O4saIB9eHR2O2XfudBRg68SyGB96KOa9K+zmop9wOdX4R1Pm3C/8KpkNdUAJNfhFUeZ+HOv9mAB54R67AMzoMH1TwqW6CD5oU7Ami8VO+1AxYtqDNEJgWlnU60IOYMUlnszh0XgyQOoWaqOJaUGO3o0aaXu8Qa4gqT5d1RB7TTIi/3msQN3R6oDehlooxI2x3KO0NN/bWbwEeD84GLV9gAHaehRuhnRkICfT2os8NlBcjalBZed3xKzZuQItR6q8FzdOV9hMREREREdHEwuAqTThqtRqjXsALIE+rgVajwcWh6zh/aQj9n13BZ1euYfDSNXx25Tq8Pt+Y16dSqRBvM77RS/CMXoJnqDvqfJppemhv/jK0n/sqtLfOhWbqHfB5R+D1jsLn08Lr9cLLDFdKkZvu/8/0NFxsxBPmTtTaXIAUYC0qFet3GlFT7sbene2AoQ7lQPTSAH7iMjBDeCDVTuEhVFLQUTcdxRGnAwP+dsqxwODC5jYnltSUw+3YCYfYapQNwj2Veth2OrB0g1FcTyN6xCzNoNecbbC5oPhQK7miUj1ctjY4jTUodzvwajtgrAuNSBbjnkqgNughYeJ+0NX5t8slPtyq2HkQDsjX7ULnUTeWGIvhPtoJl74STwQWwhG3EUuKnTjYjsD7lCD5w7AEeugSSHwlIiIiIiLKRhaLJeY8DK5STlOpVGJGqhoeHzAlX4uREQ/6zl9E77mL6HVfwvlLVzPdzYR5hlzwDLlw49P/EiaotNDerIf25q9Ac+s9yPvcHKgLiuAduQIvtPD4tCwnQEk5dvx4WtsvNj4Oc6cFtsAEbKzrwepGk/DAJ70ZTWJATgg0WrARIUPKy5fCrLdgs6kdgB7mOjP0jT0YgBE1dTqstpjE9g1YZxfaijRdrrymDkZTI1a3A3qzGUZ0xrE9G7Cux+Qf/g5DHVrEvkrbWmuyAXozzAblTNbg7RTaE7ZNGE6vlO1ZbNyAJgSG3fvXLc4sbUutyQYYzDAHZdEaUIktWG1yiftCqgsrlG7YbDHBBgPM5mglCZR2xnSUwobNJmCd/XGY6y1YbYJ/OzayKgCRzCAOvNCAVlRj/ZMLUSh/6dRuWLYCa63LMTOZlg+8gIZWpauNDtXrn8TCQoWXMuIUdgsbiuXJbOg4kfZnRYr7eWq3BVuxFtblM4P+P67+HJoXftzE+ToRERGln8rnS0HqnoLu7m5MLylJWXsjW4QcnLzHlZ6/TJOJWq2GRqOBWqOBSqWC1+vDxwOX0HNOCKh+euFK3JmkqWCprsDl489g5HzssgCppNJOQ95t9yPv9krkF84H1AXw+XzweFXwejxI06lNOSTSdZPXUwXOZqxuRHhtViIixL6eXjf9KkYLYnC1F9BVr8eT8ohnKoKrfQ+GBeqEIOGdSbeberkQXD2F3ZbXgQqg65P0BSwZXKXJrMD+LQC8DyWi1Drb34+ysrK0tN3X1xdzHmauUk5Qq9VQa7VQqdRQq1VwXxjC6bOfodd9CX3nL8HjnXyBRN/oEIYH9mN4YD+GAGim3Y38wq8jr2gx8qfNFMoI+NTwjDLQShROqAtq85cZ1cNs3cDAKhGlVUVFBbpaW3DgK9EzSoOzUSuSCpAWLnwQFa1b8f6p5ZjpX1gIcHb5OxQS4Bs8gBcaWv2Z78GB4OBlg14bPIAXWoB5d7aitSvQbtB2VFSgIqiHMfoS6tRuWLZ2ySbI9kuE9YcuEzMb9dT76NLNw3oj8EnDIZwYXOh/n5QCosGB7UAAXSLfR9ECqqd2WxC8aaHz9cHxggVd0q6Muh0J7lciIiIaMwZXKWtJGaoqjQZXr4/g1EdudH96AWfclzAy6sl097KOZ+g0rg2dxrUzP4dKMxV5t30NeUWLkF9YAZ8qDx6vGp7R2A/ooskj1SUB5syendL20qsYSzbYsSTT3SCiyeXe5VgLC7a2HMBXomUitt6JtdYnMVP627I7BRmogcxRqxCRxIEXGvDCASkAeAq7G1px51ornpwpzd+A3XdYsXymsOwn1ethlea1NOAFyAKsva04NG89rNZCxe0QgosQA6yDOPCCvL3QvoR2fTcsWz9B9XqrGOwU+rN1972BwGHI+gMZwdZAALbhBRyIUirh1Ptd0M1bj8JCYJ6uFYdODGKhOPPMeyuAre/j1PKZ4vswiBOHelHxoCyweudaWJ+cKdv+2IH0U7st2PpJNdZbxePh1G5Ytm7F7ntlAdTeLmFfPVkobocFuxUDrLHeYyIiIkoHBlcp62i1Wmg0Wnh8Ppz4eAAHjn+MS1dvZLpbOcXnuYbh829j+PzbGAKg/dxsFHxxFaZ8fh58UMEz6oXHwwA1pS4gmu7arUREE8XM5WtRYdmKlgNfUQh4nYKjtRcVa5/0B1ILF65G9aEGvH7AmFCAbPDA6+hCBdbOlP1dsVYMugFAIRaursahBgdOLVyOwgOvo0tXjfX+12diudUaWFZXjfX+9c/E8rUVsGwVlhUW0WHeV6TXhcCjrnq1fztmLl+Liq6tEXpbiIVPWrEw0sbMXA6xK/7131sBdAXNFLz+A693oWKtNRCQLlyI1dUCqTf6AAAgAElEQVSH0OA4hYVKmZyDB/B6lw7z1gttLHywAq3y7Zt5LyogywQePIFDvRV4cKZy/wu/Mg86HIq0RbJNsyJ40+5FRciWQVeN1dK+L1yIBytasfX9U1g+M3g7Yr3HzF8lIiJKDwZXKSuo1WpotFqo1Wp8duU63j3ZgxNnBiblcP90GL10HFeOr4dKcxPyv/ANTP3iw8gruAMejwejLBsw6b3Rqx7T8t/U8WFqRETxkwKTYlaj/KXBc/gEOswLiqEW4o47YzTZtRWWrtCJweUEBvt6I87nf/3OB5WzaZVeK5wBHSLVIBuEsIh8iULM0EFcolAMXjbA0gpAp/CgL8Vmg8sWhNQZCFt/11ZLaJgy4jKDJw6ht+JBPOmPH4cEU8WArhTUlOYPDVgGD/HXYV6sbfJvWvCDyYK6eecdQfumcIYOOHQOgyFrj/UeExERUXowuEoZJTyYSguoVPjwk/N458QnOH/paqa7NWH5PFdxo++XuNH3S2im3Y2CO1civ9gAr2cUHq8GXi+DZERERGk3cznWVojlAR5MQXvyuppiABLVxvBMxSj1N0+loBsJmbkcVutyf38bLK2R+ycLqlaIZQukMgPRxKyx6idkDAMKgcnXD8AoBn4DpQEKcc5fEkBsQQqq6sQh/oMH8EJD7MzVQFC1QiyhIA7tTxZrrBIREY07Bldp3KlUKn9Q9fK1Ybz7wUdwnnFjZDQ3A3s+nw+qTHciCZ6h0xj68Dlcdf1vFEz/NgruegTQ5mPUo2bJACIiojTzlwd4XQdATE0tvAN3ohd9g0AgVXEQ5z4BMCPOhgsX4sm1fbBsleqlipNl2Y5KGaLRXld8bbAPvYhEyFI9dG4QmBkYqt+ntEDhQjxpXSjWGpXXNA0QskQTCRoqrT+KU+8LJRRC69qe2g3LVtmDraRs1gMz8Im/JAAAnML7XTpUR6nnqkys2xorCPxJ8L6XZxIPymaL9R4TERFReoxtLChRgjxQI2/KFHzkvoydHcfw0huHcaT705wNrE4EPs91XPv4VVx4ZzmudW+BBpdRUJAHjZa/vRAREaWPUB6gt7c3aJqxWoeurbv9maSDB1rQ2luBBxOJ2s1cjrUVQNfWF3BAjL4VLnwQFb2taDkQCMcNHngBlhcOYFD2usOfwjqIAy9Y8MKBQYVlT2H31i7olLJjhbVh4YMV6G11+Lfj1G7ZE+xlbUtOvd8FVNwbuS7oJ+f8gcTBAy/Iht5HW38LAqsIX2fMdc80olrXi0MnpGXEWq+trejVzQgJYIpBcaFF7JaXL4jhk3P+LcOBF7aGlzKQvy+ndmNrlw7VxvA9Fes9JiIiovRg9ITGhVqrhVajRXf/Z9h39DguXLme6S6ljEqlwkSoWOrzjuD62T24fvZ1TLnDgKm6GminFGF0VMVMViIionSYuRxrK7qCAoWFC5/EeryABotFnKKQURlX0+tR/UkDWht24w7rcszETCxfX40XGsQ6p0BIrVPpdQukNaNiLawLCwEUYrl1LXZbAsvqqmM8gX7mcqyvDmyHrroaFZBWLD1oKbQvEUK14kO9GqSZK9ZiffXraGhVznQNWn+DBYFVKPR58ABe7wIq1iq1UoivzNOhtTXwQKiZ91YAXV3QzfuKLLgq1dGVarzqUL1+LSoatuLQiUEsjLifwvdDxdr1qH69Aa3yB1ZVVGPG6xZYeqV5rBEyZGO9x0RERJQOKl+anmTT3d2N6SUlKWtvZIsRAJD3uCNlbVL6afLyoNFo8LH7EtqPfISBixOvnqqlugKXjz+DkfNvZborKZdfWIGpX/ou1AUzMOrRMMiaYyJdN6XpHy7+F8yZPVvxgVaRHlIVad5jx49jzuzZ/mnOZhM295rRtMGI4kgddDZjdSOwzl6D8ji2R2r31VIrNhojtgq4Hdho6cHDUdp1O+pR27MSLTXxrllhOWczVu8sjb6NRDQhxLqeXjf9atz7RESUiwrs3wLA7/VElFpn+/tRVlaWlrb7+iI9wDOAmauUFlqtFiq1BgOXruK/D5/GpxeGMt0lSsLwYBeGB7uQV7gA02b+HTT5t2LUo4aXQVaKxu3Aq70GGNGJI24jlqQw8lheY8fGWDMVG7HRnrp1RukMWjaMw3qIiIiIiIgoazG4Siml0Wqh0mjw2eXr2H/0FHo+vZDpLlEKjAwexIVDq1Aw439i6pe+B2jzMDw8ijQlvlMWUMpQjZf7aCdQ+TiWYgtq25xYIs8OdTuw0WKDC4DRYAhMF7NAzTobbO0AYMA6ayleFefVm4Vs1UDmKrC33oJenQGO9nahDUOdkFEqz1yVrQ/Qw2zdgCUDzai1uQA0YjXq0LL0LDZaOgG9Cy6XAevsNShy1IvzRFluwcGgzFVnswmbxa5I/QXckftJREREREREOY8PtKKU0Gg00OZPwdVhD15/5w+w/+b3DKxOND4Prn/SigvvrMTwuV9jypR85OVpMt0ryjpuHOkEKucWo9i4Esb2g3D6X3Oi2WIDzFa02O1YgPbgRV029C6wo8VuhVnfjs2WHjxst6OlzgCXrU3WToCjtxRN4jxo34m97uC+7N1iQ2mdHS12O1rqdLC1OYHyGjSZ9SFBThdKV9rRYq9BubMZtTYd1tmF5dYZXFGWE9fkqMfmdoOwjNUM2CxolnU4ej+JiIiIiIgoVzG4SmOiUqmQP6UAw17g14dP46U3fodTfXwe6UTmG72EoT/8Iy4e/i5811womKKFRsMgK4ncR9GJStxTDADlWGBox0EpyOg+ix4Y8LBYL7V8qRn6oIUNWFAOAMWYoQP05qVCzdSi0pD5AvSVc4V6p+ULYIzVt/KaKBmjeuiKZPPJ6rUWlUZae8BAjyvQ32IjHjYAjoOB6GpC/SQiIiIiIqKcwbIAlDStVgu1VovDfziLzmO98Ho5RHwy8Vz9CJfefxz5t/8pbpr5d1Brb8KoR81SAZOc+2gnXC4Xak022VQnasrLgYEeuCIuCUBfiqJorysonR6toGsxlmyoQ7PJhNUAAEOUh2fpMMPflDCU3ybvrEFhET83+noBlAamFJXqgZ54+0lERERERES5isFVSphKpYI2Px9D10bwy/1H4L54NdNdogwaPv82hgffxU1lf4OCGd/G6KgHo6N84NXk5ESbzQVjnR2BBFEnmk07sXfpBiwpKoVeHnEcF+WosdtRAwh1XesdaNoQPXfU7dgCG8xosgu1VN2OetRG7baQaSs30BM1jExEREREREQTBIOrlBBmq5Ii3wiunv5nDA/sxy2zN0GTV4DhUR+zWHPEN3Xe1DTkPAgHDFgXlBpaBJ3ehc6jbiwxzkWl3oZXHUuFh1O12eCKnhI61g6h2bQTOusGLJESR3XThYBpAm202VwxMleFTFWXrQ1Oo/AQrVfbAWNdeUJrIiIiIiIiotzD4CrFRaVSQZOXh2vDHrzGbFWKYPTSEVw4tArT/uiHyC9ahNERLzweZrFms2PHj6esLefBdsBQFzLsvhj3VOphEwOPSx43o9NiwWoboDebYUxrJms5aup0WG0xQShSYMA6u9C74uk6wNaI1ahDy9LgpYqNK2G0NYqlDQxYV2eAY+dZuFEevNwC+TIbsK7HhM0m4SFderMVEcu7EhERERER0YSh8qUptay7uxvTS0pS1t7IFmEYZ97jjpS1SfHRarVQa7Q47DqLtz7ohYfZqkEs1RW4fPwZjJx/K9NdySp5t1fi5llPw+vTYGQkRZmRlJBI101eT4mIEhPrenrd9Ktx7xMRUS4qsH8LAO9DiSi1zvb3o6ysLC1t9/X1xZxHnZY104Qg1FadgmujPmxvP4r9R3oYWKW4jZzvxIVDq+AbOo6CgjxoNJpMd4mIiIiIiIiIKKVYFoAUqTUaaLR5+N2ps3jrGLNVKTm+kQu4dKQWBdOX4Sb9D6BWeTEyymMpW6SyJAAAzJk9O6XtEREREREREWU7BlcpjEqjgUqtQetbx3HGfSnT3aEJ4PrZPRj57Le4+as/wZT8O3BjxAvwYVdZIVUB0VQHaomIiIiIiIhyAYOrFESlzcONEQ92dRzBhaHrme4OTSCe6324ePi7uGX2P6Dgtq9heHgUXi9rsWaDD1asGNPyX921K0U9ISLKTbfcfHOmu0BElBNGMt0BIqI0YM1V8lNr8zBw6Rpe/u/fM7BK6eEdxuUP/h7XeluQPyUfGi1/3yEiIiIiIiKi3MXgKvkfXHW8dwCv7j+G4VFPprtEE9y13pdx6ejfQ6vxIS+PAVYiIiIiIiIiyk0Mrk5yGo0G2vx87H2/G3vf74aPdTBpnIxeeA8XD/81VJ4LyM/XZLo7REREREREREQJY3B1ElNrtfCpNWh9y4kPPjqX6e7QJOS9dgYXfmuG58oJFEzRQqVSZbpLlArOZqw2mfz/Njrcwa/VO+CGG3vrTWh2jmU1IW0Hv4pmWR9Wm5oxhlUluG4iIiIiIiKaLDged5JSiw+u+vf9R3Hp6o1Md4cmM89VXD7yQ9x099+g4M7lGL4xzAddZYFID6mK+fArZzNWN/bCbLVjSTEAuLG33oKNsGKjsVg2YzGWbLCnqruhnUCzqRE9ZitaxHW6HfWoNTVjnb0G5SlYQ3mNHRtT0A4RERERERHlNgZXJyFNXj4+vTCE194+wfqqlCW8uHp6CzxXz2DaH/0Qw8Mj8Hp4bGZSzCCqIjf27myH3mwVA6sAUIwlj5vRaWmD0ygPbApB196VdtSUA3A7sNFigwsAYPAHQZ3NJrwKA9DeLrymN6NpgxFw1GNzOwAoBG7dZ9EDPSrnBqYVG1fCaGvEQWcNymOtr1cPl8sF/fJqYPcgHvYHZJ1oNu2EzroBM9pMeLU0sF5ns0nsD2CsE7dJ3EabK/p0vTk08ExERERERES5gmUBJhGVSoW8KcKDq3Z28MFVlH1u9O/BlZPPIT8/D2oN67DmHPdRdLqCg5oAgGIjNkbNGHWi2WJDaZ0dLXY71hnasbneAWnQvasdeNhuR4vVDL3LhjYnUGzcgHWGCIHJ4rmo1Ltgs8jLDpSjxi4FN2OsD5Vostux8VsLUalvx0GpDedBOPSVuCdkdW5HPTajDi1iH3sahRIEzmYLbDpxep0BjsZ67HUDbseWwHR7HUptbSktWUBERERERETjh8HVSUSbl4/Df+jHb353GnxuFWWr4XO/xtCJf0B+fh40DLDmIB1mJJqE6TwIBwxYIEZfy5eaoXf1YEB63bBACMwWz0WlPp4GhZIDQkAzUHe1WR4kjbY+3XQUi+3M0AEOMbrqPNgOfeVcBG+eG0c6XTBKjfkDyU4cbEdgevlSmPUu9A4gRDlqUlSqgIiIiIiIiMYfywJMEtq8fBzvHUDHBz2Z7gpRTDfcDvg8VzFtdgOgUsEzOprpLlHcetHnBsoTHuXejs2mdtnfevS5gRkA9KVFyXWlvAYt9hrh/90ObLTUY691A5YksL7yBQZg51m4ARxs16PSGrphA+h1Re6Co9EEh3wtZ91C1m2zCatNwrRAuQAiIiIiIiLKNQyuTgKavHx82DeIXx+OEgEgyjLDgwfhO/Yj3DKnESpoMcoAa/YrnotKvQ2dR91YEjRU34lm00EsiJahKdZSDQ1dJjVc3tmM1QcXoEUesRT75s8cjXd95QtgdO3EEWclevSVWBoWNC6CTg/0KnZED7N1g6z+rKzZGjtaaoQ1NpvEoC/LrhIREREREeUcBlcnOE1ePnrOXcR/HTqV6a4QJWzks/dw6fd/h8/d0wSVSouREQZY0+Gru3alqKViLFlpgK1xC/bOlYKFbuytb4TDUIeaSIuVL4DR1Yg2pxE15UIN01qbDuvsEZeIrnwBjI2NaF4gywh1tsHm0sNcBKA4kfWVY4HBhc2NLujN1rBgrFQ6wHbQiZrycjFDthOV1g3Ccm1OLKkp9z9Aq7TOjgUHgx+GlVQpBSIiIiIiIsoKDK5OYJq8fHw8cBm/6jqZ6a4QJW308jFc/P0PcOsf/2/4tMxgTbVjx4+ntsHyGrTUNWO1xQSbNM1QF5xFGr4QaqxmbLSYsBqAkPEpZLlGy1wtKtXDZbNgI0IfalWOGnsdmk1Se1KbUsA3sfWVLzAA7b3hD+ryb7IV5npL0DD/JcUAQqbrzVYh2Fteh1KTBattgflZFYCIiIiIiCg3qXy+9DzaqLu7G9NLSlLW3sgWIwAg73FHjDkJADTaPHx68Sp2dhzjw6vSzFJdgcvHn8HI+bcy3ZUJTXvzl3HLvf+K0REvPB5PpruTEyJdN3k9JSJKDK+nRESpwesmEaXD2f5+lJWVpaXtvr6+mPOo07JmyiiVNg/uS9ewu/M4A6s0YYxe+RBXjj+DvPw8qNW8dBERERERERFR5rEswASj1ubh4tUb2NV5HB4vI6s0sYwMHsTQqX/CNP3f4caNYaQp8X7SSHVJgDmzZ6e0PSIiIiIiIqJsx+DqBJKXn4fL10fx6v5jGPV4M92dScPn80GV6U5MIjfO7oF6yhdQcOfDGB4eZYB1jFIVEE157VYiIiIiIiKiHMDg6gShUQPwjuDWmwpw/x/NwNvHz2S6S0Rpc+2jl6CZehfyPr8Aw8OsvzpWK//j4TEtv/Pbr6aoJ0RERERERES5hYULJwC1Wg1NnhaHX/8eTrz1D/j6V+7EtytmZbpbk4ZKpQJzJ8fflROb4LlyAlOmaDLdFSIiIiIiIiKapBhczXEqlQparQonOupxeeAEzp78D7z/X38L/fTb8L8euDfT3RsDPWqqK2D5hj78pZmz8UTQa+K81RV4oqrEP9vXquYF/U0TjM+Dyx/8CN4b55CfxyR8IiIiIiIiIhp/DK7mOK3Gh7Mf/gr9p97wT/us7x0c3FWNzxWo8cSyecjX5tjbPHM2nqi+A4URXn7g7ltRIPv7a1WFKLx8DtaPrqGguAQPAAD0+OPiEZzq6E97dymDvNdx6cgPoVJ5oNEywEpERERERERE4yvHom4kp1V7MXTxI3x44B/DXrt26Qze3vEA1N4reHzZPNx2c4FCC1lo5mw88cfBwdMg992Lr94SPKm4QAyqXRzGdXHa16oKcZO7H2+mqZuUPXzDA7ji3IA8rQYqFR8tRkRERERERETjh6leOUqtUQO+Efz+jR/A51N+oM/o8BW89co3MO+hFvyvb9yLX7x9Ah99emGce5qEy+dgPT1FIciqR82XpuK6+yKuFt/qz2x1Xx8FCgDcmi/OL2attjJrdbIY+exdXP9kFwpmPITrN/iAq1SI9JCq6A+/cqLZ1AhH2HQ9zNYNWFKcTE/c2FtvQe9KO2rKk1k+kVU5sNHSg4ftNUj3qoiIiIiIiGhiYHA1B6nVauRpNTjc9iRGrn8WY24vDr22CrMXb8J3/vQv4Ph9D953nR2Xfibl1HH86ykAM2eHvfS1qkIU4ho+6LiBGdWB6Yc7BvHH1XfAcgtw3d0Nd9VdmOk+gzfvuxeWL00FMIozvz+EnafGbSsoA652b4P2tj9B/tQyDA+PZro7OS96EDU6Y10qA6HFWLLBnqrGYqzKiI3jtCoiIiIiIiKaGBhczUFarQofdv0jLp47Gvcyx/c9i6sXPsKS+9ai8JYCON7vTmMP02DmbFQUazH40SG8CT1qgl50obnVJf6/HjXVIzjVCqxcNhWDH3Wh7/YKfPVuPXDKFd4uTSA+XP7gadw27xVotXkYHWWANeuImaGlhnY42oVJ8kCs21GPWpsLgB5GA+DASrTUFAUyV4uiL+9sNmGzOF1vtmKjUUqVFbJfba6QZdwObLR0AnoXXC4D1llL8aqYuYpmE16FAWhvh0toEE0bjBBalGXoGgwwtvdCl3RmLhEREREREeUy1lzNMVotcO70r/GJszXhZT96///gA8fTuPfuL+D/WvzVNPQufb42YxoKABR+qQIW6WFXt9wByzf0wfP5a61Ow7R8YZr7OoNsk4Vv5DNcOf7/QJunhUrNy1t2akdPqRUtdjvWGQDHTgfcAOB24F9tgNlqR4t9JdAe6ccQ5eXdjnps7jWjyW5Hi9UM2CxodgpLOJstsOnq0GK3o6XOAEdjPfa6pfZcKF1pR4tCKQBXO/Cw2J7eZUObv71GOAxCe02lvQplEIiIiIiIiGiyYPQhh2i0WniGL8PZ+Q9Jt3Guey/e+1UNSj4/FY/95X3Q5kgA6nDHIVhbu8R/5zAICLVZfy0PwIi1Vjv6AQxhaFiY6n/gFU0KIxd+h2u9LZiSnxvH9kTkaDRhtUn2r14MoAIA9KicK6R4li8w+Ke6j3bCZVgpZn+WY6lZD2VKy7txpNMFfeVcIbO02IiHDUDPWTcAJw62A8YFYui0fCnMehd6BwLt6YoirMqwQAi4Fs9Fpb87Thxs18O8VGiv2LgSxrj2ChEREREREU1EjDrlCpUKWo0Kv/3N/w2fd2yZmJfdH+DAv38LFSt24/Fl9+P/vPk+rlwfTlFHM0fIWj2DNwEA/djZVwLLlypQiFGc+f3kLQkw7b52TLlJ+qsXNzrXYAgA8CPcWvlNaAAAVzDiWobLfcHTvRf+BReOClnSU+buwVTY/H9ns2s9NuTddh/yp32Z9VczIHrNVR1mKAyfH+iJ9xxVXh4AXDYLVttkEwz+CCocjaagDFP9WTdQFL09falC1NV9Fj0AdHH2loiIiIiIiCY2BldzhEbtRd+H/4FL7mMpaW/46jl0tvw5Fjz8Gr73l1/Dz9uPov+zoZS0nRLSg60UyWusBhzuOITD8gm/fR/W36ahb7nkyy9jyk2A51MDLn5YjVsq/hZT7vsRhn77E0y775vQjL6Poa4fQntfO6boX8a0vjUYnftn0Fx9A4OXZ6PwC9/CNLRiCD9CwW2DGOnM/sCqwIcrzmdx67x/h1qthtfrzXSHstrOb7+a6S6gqFQP9IytDeWgrhOAHmalmqju0HnjUDwdpUn1joiIiIiIiCYijpvNARqNBvAO4w9dTSlt1+sdxoGfP4hL/b/DI4a5mK3j01gmnA/XYLDTgIsfAkArvMMAbpqNafgRtDcBGO7HDQBDl3sB6KD9MqDNv1lY9sogpJDklLl/BtWFXyGLwu8xeYcHca17G/LzNZnuCsWheG4l9O07xVqoTrTZEsk2L8Y9lfpA/VY40WwyYaPDDaAcCwwu2KSCqW4HNppM/nqsiQtuz+3YyZqrREREREREkxgzV7OdSgWtVoXfv7EOXs+NtKzi8Ovfx5cXPoW/mPdX+PzNBXj7+Jm0rIcybMY/Ie8mAKODGJ1RgjwA3mExPfjKILxf0EE1pRqjw1cwJR/AzYXiry+5lrUacL2vFVNmfAt5eTMwMjKS6e5kpWPHj6e8zdAh+ICYVRqptikAFBvxhLkTtRYTbDDAbE4sk7XYuAHrekyoNYl1AQx1aDGKtVlrrDDXW7DaJLykN1uFDNdkMlcBlNfUwWhqxOp2QG82w4jO5BoiIiIiIiKinKfy+Xy+dDTc3d2N6SUlKWtvZIvwyJC8xydXjpBG48PAR3vh7KhP+7q+OHsF/qji73G6/zP88sDJtK9vorBUV+Dy8Wcwcv6tTHclipA6quf/DLfp7wWkmqoz/kn298ygea/BLNRavfEtFH5Bh+D6rNlPM60Mt/7JS7hxYxhputxlrUjXzey/nrqxt96CzkorNhqzPKPe2YzVjcA6ew0ilpklopyXu9dTIqLswusmEaXD2f5+lJWVpaXtvr7YwQ9mrmYxjUYDFW7gw67nx2V9Hx/fhaELvbj3L/4Z3/3mn+Bnb/xuXNZL6VaNWyrEB1eNvo9rR1uBGX8WZf6f4GLnT8T//xFurRzESCdwS4UOnk8NGL2lHVOm/wjo+0mUNrKHZ6gb1z9pxZQZ38aNG55Md4cicTZjdWN74G9Z5ml2EQK/gaoFQj1XBlaJiIiIiIgmJwZXs5hWq8LR3zwDz8j4Vbr8rO8dvNP6V5j/ne14Ytk8/OzN3+E6n7ae06bd97fI0wJAL250/RA3AKCvHz49oMmfKcwklgDw3Age+i/UWrVhCDNxq3i18JcNyCFXe15C/h3/A1rtNIyO8niWpLokwJzZs5NfuLwGLfaa1HUmbYqxZIMdSzLdDSIiIiIiIsoKDK5mKa3Wh3Mf7cNA7/gPNb964TTeeuUBVDz8S/zNg/eh5TdHcP7ytXHvB6XAl1/GlJsAYSj/GtkDqX6C0avfhCa/BFMAYEohgF6MfihfWF5rtRreUeEJeP4HXuUS7zCGPtyMW776HEY9HmCSlQeIZkwBUZl01G4lIiIiIiIiynYMrmYhtVoNjUaDDw/8vxnrw+jwJXS2/DkWrNiNNf/jj/HagRPo7r+Qsf5QcqbdohP/72bk6dtRqAeAXtzoXIOh3/4L1BV/i2mV7QgPvsqzVgGgFZfPfwuFX2iHBlcw4sqNkgByI58dwvDAAeTdej9GmLwa5Gd/ObYfT777n1NT1BMiIiIiIiKi3MLgahZSq73oOfIKRq5/luGeeHFw13dwzzea8J0/rcK+Iz347R9y5ClGBAAY+q0BkYtKtOJyV2vEV28cXSaUEJB8uAaDH0aaOzdcPf3PuHXeDqg8I5Pu4VZERERERERElHrqTHeAgqk1GqjgRc/v7Znuit+RX9fio9+9hMX3lOIb9+kz3R2ipHlvnMONvl9Cq2VglYiIiIiIiIjGjsHVLKNRe9F9+N/G9SFW8Tj92/8Px/c9i6+WFmOVcW6mu0OUtGtn7FCrtVCrefkjIiIiIiIiorFhWYAsotFo4Bm5gjMf/DzTXVHUf+o/MXSxF/cv+xn+5sH78NJ//Q6jXm+mu0WUEN/IJVz/+FUU3LkcN4Yz3ZuJxolmUyMcoZP1ZjRtmIsj9Rb0rrSjpjwTfSMiIiIiIiJKPQZXs4hG7cXJg/8Cn8+T6a5EdNn9Abp2/k98ffkuPL7sftj++31cusoIFeWW6x//OwruXA61Wg0vfyBQFOkhVfE8/MpYpxxAXbIhe8qdEBEREREREaUCg6tZQqPR4FVo080AACAASURBVMY1N85+uCfTXYnp+pWz6Hzlz1Gx8j/w3Qe+hl2dx/DxwOVMd4sobj7PEK6dacHUu0zMXo0gniBqYtzYK2WuFjmw0dKDUkM7HO3Cq/KArNtRj1qbS1xOD7N1A5YUi8vrDHC0iwsZ6tDij+LKs2YNWGevQbnQGDZabHCFTiciIiIiIiJKARYdzBIaDXDq4D8ByI0H7XhHr+PtHQ/gkvsDrKyag7lfuiPTXSJKyPWPdwHwQKPRZLork1Q7ekqtaLHbsc4AOHY64AYAZzNqbTqss9vF11ywtTn9Szl6S9Fkt6OlzgC078ReNyAEbhuBOmGZJnMvNjc7ATjRbLGhtE5qqx2b68X1EBEREREREaUAM1ezgEarxtWLvXD37Mt0VxJ2eE8NvlK5Ht+47yF8/pap6Djak+kuEcXHN4JrH72EqV96DJ7srcSRkxyNJlnd1UjZonpUzi0GAJQvMAC94uTyGrTIqgcUleoB2WVFXzkXxcJCMEoLuY+i02XAw+JKio0b0AIAzmY4YMA6cXr5UjP0lh4MAEIbRERERERERGPE4GoW0Go0OPL25kx3I2knOhtw9cJHmPf1v0PRrTfhF285Yy9ElAWun92Dqbo10GimwsMIa8pEqrkaTIcZihFOYfi/vyoAABgC/1s6XWGhgR64wqeK2rHZ1C77W48+N1DO6CoRERERERGlAIOrGabRanFl8BQufnok010Zk96j2zF0oRf3fMOK733za/jZG4fBxwRR1vON4toZOwpKv8fs1SzhdmyBDWY02Y0ohlh/NVZCfFEp9Igwk96Mpg1GZqoSERERERFRWjC4mmEqjKL3aEumu5ES58904p3Wv8L8h7bjiW/Px8/+6zCuDo9multEUd3ofxNTv/Q3UKk88Plyo+Zxqn33P6dmugsRONFmcwVlrioqno5S2HDQWYPycjEg21mJpg0LYHQ1os1pRI003abjQ62IiIiIiIgoZRhczSC1Wg34RnDu9G8y3ZWUuXrhNN7++YOoWPkaHnvwfmx3HMW5i0OZ7hZRRD7PEIbdv/n/27vzwKrqO+/j73PuvVmAJCQQICwJeBGNCnXBBTWtCVSsINWKUEeJidNCxTp9NDPtRJ8poH1k2pkwM864tGoTQ61KXXCro5VEiyJa2UQJAgESMAkEEkJClruc8/xxQwhLWHNzkvB5/ZWcnPM7n3sh549vvvf7wz1gIn7/2de++tWGDU5HOExixgwyChbyQGYBkM6DuekULamkmoHHuSqV7Lws5udkMgtC17V2vh5+3EtWngqrIiIiIiIi0nkMO0ytWtu2bSNpyJBOW8//RAYAnrlFJziz53C7YOdXz7N11VNOR+l8ppurb3uVyH5DeXPl12yuqHE6Udjk3DqB+g3/gn/vR05HkdPk6jOSuEufpbm5xekonaqj52ZvfJ6KiISTnqciIp1Dz00RCYfKqipGjRoVlrUrKipOeI4ZljvLiRkGLk8kOzcscTpJeFgBVrw0jdqKlUybcB6XnTvU6UQiHQo2bifQsBm3W838IiIiIiIiInLyVElwiNuE6rIP8DX13o5OgLXv/JTRV/yM68bNYkBMFO+t3up0JJFjat75Av3Of4jAWTQmuLNHAlx4wQWdup6IiIiIiIhId6fiqkNcbg871j/vdIwuseWz/+JA3XYuuvb/Mii+H39Y9oXTkUSO4tuzHDvYjOmKxAqePbNXO6sg2t1mt4qIiIiIiIh0BRVXHeByu2k+sIu6XeucjtJlKr9+nca6HVw65Sl+MuUynnlnDQHLcjqWSDsWzRUvEzns7/CdPbVVAFY8n3ZG1199x/JOSiIiIiIiIiLSs2jmqgNchsX2Nc84HaPL1VWtZuWfbiXKbTP3pvHE9olwOpLIYVoq38J0RWAYhtNRRERERERERKQHUHG1i5mmiW0Hqdz0htNRHNG0fwcf/3Eytn8/fz/5UpIT45yOJNLG8tXgq/0cl8vldBQRERERERER6QFUXO1ipgm7t73vdAxHBXwNfPT8ZBpqvmZ6WipjRw5yOpJIG9/uv2AafqdjiIiIiIiIiEgPoJmrXcw0TXaVvud0jG7A4vOld3LBdQ9z/WU3Eh8TzV/XlzkdSgT/3o8xxvwCI+DHtm2n4/QwJeRnLoTcQrJTDx2tLlrAA2UzWNz+oKNCOYuOPOzNYtG8DBKdiCQiIiIiIiI9koqrXcg0TcCipuIzp6N0Gxs++CWN+7Zz+fi5DOrfl5eXa8dxcZYdbCSwbxWufpcQCAScjuOYjjapOtPNr7qTjMOKwNUsW5DD40VjmZ+h8qqIiIiIiIicHBVXu5BpGuzetgxsy+ko3cr2tb+noXY74yb9mh/fcCnP/u9q9A6Jk1p2vUuf2LFOx3BU2IqoJfnMWpLS1iF6qKt1IMsW5FCelkVZQQGlgDcrj5llOTxaDJDOg4XZhGqhR3SepueGumKri5ifU0ZKejFFxaEfZRzRRduxRMaleSko2wOtvasl+Zmt9w5laSu6luQza2HxwZu3yxUq0BaUHnHvDl9zKiX5mbxU7qW0tLTtHtVFC3igdZH29+0oT/vjbe+FiIiIiIiIdAnNXO1CLpfBrtJ3nY7RLe0pK+KzpbPoF+3i3u9fQZ8I1f3FOf69H2OaHgzDcDrKWadoOdxbWMji3HRKC3J4KSWPxYV5ZHmLeamomlABcyFlWXksLixkcV4W3uIlLKs+uEIxZSmhnz2YDkVLiqg+zv0OqeaL5aV4UwaGvitawKPlWSxqvQcFOeSXAJSQv7CcrLxCFhcWsiirvDUXlOTnUEDrNbnpFC1c0C5Xx0pJY1FhYahYWpLPA8tD3y8uzCWl4AmWVR8nT0n+oeOFeWSVLzmpe4qIiIiIiEjnUAWri5imiW1Z1Hyz0uko3VbD3o2seHEaE257mTlTxvN80Xp21x1wOpachWyrBV/tZ7hiLj+rRwOcrqKFmUfPM00/uWu9aWNDfaMDU/CSzszW7syhyQfPSGTivEImtn2bRMrhK5A2NnRN6lXpUH4KOdNzWZyRSFuhNW1uKEtiBjPTC3ipshqOaApNzJjHfACqqSiHjBmtM1tTp5LlzWH5+momJp3gRScntc15LVlZjDctr/X7VLIL5wHVLOsoz2FrJzJx3rwT3ExEREREREQ6k4qrXcQwDarLP8S2VKg5Hl/jbpYvnsSEma9x58RxvLnyazZX1DgdS85Cvl3v0Sf2Eqdj9EhHfhQ/9DH4k7s2Jekk5p0e9rF8AC9ZbV8nM/QkR6a25awuYn7OctKmHl45LS3IYVZBuwPpe4BUsvPSmJ+TSQG02wRrD+Wl7a9ObFcQPr6D3bIHC7RHVIuPnycjm0VpC3ggM/SDw8YXiIiIiIiISNipuNpFXKbN7q1/cTpGj2BZPj5+YQqXTPkt0yZcxkdf7eDTjTudjiVnGX/NJxiuCIyAH9u2nY7Ta+0pKz3xSYcpIX9hcbsCbgn5mUvOLERiBvdmLeeBnHyGts1PPc681sQM5hdmAK2F4/wkFmcPJNnbvlG240Jpx6/5+AXZjvIkZsxjcUbonssW5JCfdLJzZkVERERERORMqbjaBQzDAMPF3h0fOx2lR1nz9hzGXP2PXHvhD0noF8U7n29xOpL0cmZEAlHDZ+AZcB1m5CAMw8Dltgn4/U5HC6ur71jetTcsXc4X1RlMTCxhZTEnPTLgWKqLllAE7TpXT09ixlyylufwUtFU5me0bm61pIip8zJIbN1Aqywrj/lj1zM/p4yZ7Yqwoc7TUGG07ZqStygo9ZI1NxH2nPxrHpjipXT5eqozDt2X3EKmdpDnXp5o2xyrNQ3JA4+9toiIiIiIiHQ+FVe7gMvtpnbnSqxgi9NRepxNK/6dxn1lXHD1z0mM60vhsnVOR5JexhN/OVFJ38fV/1JMVzRBy2Zvk832ygBRboPUhN69799XGzZ07Q1Ts3kwPZNHczIpIJ2sLC+c5MiA1gWYmuXlgdZ5qd6sXLK8CynfA5xRUTGRiTPSKVj4BMvGzmNixjweLMts+7j9oXmsGdybtYAHMjNDx71ZLJrXOiE1O4+sBTlt12TkFjIxEUg8+deceMR9vVl5zE8FUjvKM5esBTnMaouTx3xNBRAREREREekyhh2mz7tu27aNpCFDOm09/xOhj2B65h61TUq353HDxo9+xa7Sdx1OcjuXzMohnlVsWjyHncc7/u2XyRgzEqin9pN01nx18LzZsPrg910nfuiVXPy9/6bZH+SZd1bjC1hdG+A4cm6dQP2Gf8G/9yOno8jJMKOIHvYDPIMm4YpOAQxaglDZYLO5JkCj/9AjMSbCIGNkBC3NTc7lPQMdPTd78vNURMQJep6KiHQOPTdFJBwqq6oYNWpUWNauqKg44TnqXO0CLk8Ue8q7+GO3R5nHlT+6ib4ALSc6fjuXpIzkwKbx7B/0OUmp8+CrBfDtW4lv+oCiLi6sAtRWfMrKP93KFbe+xD1TL+e599exr6G564NIj+TuO4qo4TNx9b8KV0Qclg37mi127LYo2xeko1J9vc8maIdGe2juqoiIiIiIiIgcScXVMDNNE1/TXoL+RgdTtCugntTxMUREhr6qb6onKRpCBdcB1K5eEN6ox9G0fwcfP38DE2Yu5e7rL+aVj0oo213nWB7pzkwiB08mcsiNuPqdj2G68QVtqhpttlT6qW0++c7nmiaL+AgXwUAgjHmd0dkjAS684IJOXU9ERERERESku1NxNcxM06SmohvMCW1ZxabFFQw7sph6zOOb8LVABBATHRM65GDXansB336WL57EldP/xPS0C/jLmq18sXWXs6GkWzAjEokaMQNPQhquqMHYQIPP5ptaiy01LZzuJIldBywSol3QC4ur0HkF0S6f3SoiIiIiIiLSDai4Gma27ae24jOHUyzg08UA8xh2UsdfYE3ZrWSM+Zy+1FP7ySYuufQ6alcvIHX65yT1p7Uo235ua1ey+PTlWxl3fR7fveQ7DIztQ9HabY4kEWdFJFxJZNL3ccVdgumKImDZ7Gmy2V7hp7K+c+by7mm0MA09KkVERERERETkaKoYhJnbHUHdri+cjnHq/jqdor+2fv3tl8lo+oAifkta/+1UPrOe2B/dxLBvw86/HneVsPrivRzOuewnXHLJjxgY24clf3W4rVbCz4wmetitRAyahBk9AjBoCsCOepvNe1toCkNzaV1LaNZqb567+vif157R9ffeeHEnJRERERERERHpWVRcDSPDMABoqNnicJIz0W7W6oCX8QDtxwY4beuqpziwbzsXpj/CnCmX8ew7awhYndOxKN2Du+9ooobPwBV/JS5PLJZts6/Zpny3RflxNqPqTDVNFnGe3jl3VUREREREREROn4qrYWSaJvV7NgI9uNut/azVC/fiZwDtN7zqDnaV/i+N+3dy2U3PcM9N48l/dy0NzT6nY8lpcxGZdAORg2/E1W8MhuGmJWBT2WSzucJP3SlsRtVZqg5Y9E8wu/y+IiIiIiIiItK9qbgaRoZpUOP4vNUz0a5rFeCrOexJ/ZykH40MzVx1cCTAkeqrv2TFi9OYMONVfnzjpbxQvJ6q2gNOx5KTZEYOImr4DDwJ38aMHAhAgx927LXYWnv6m1F1lj2NFubA7tCrLSIiIiIiIiLdiYqrYWTYgW42b3UBnz6z4BSOv8CaxS8cdqTk5fGUhCXbmfM17mb5HyYxYcbr3JExjrc/28zGHXucjiUdiBhwNZFJ03DHXozhiiRg2VQ32Wz/JkDVge412mFfs41p9O65q52nhPzMhRS1fZ/Og4XZpJ7wsnxmLUlh0bwMEjslRj6zFhYDkJFbSHYHAUryM3m0+BjnHLw+PZfFHV18TNUsW5BD+YyO73n0JUXMzyljZmE2qe2/PoW7ioiIiIiIiDNUXA0jlyeafVWrnY5xVrECzXz8x8lcdtPvmXLFOBJio1nx1Q6nYwlguPsQNWw6EQMn4ooegQ00BaB8v83mmhaau/k40+aAjXkWFVc72qTq+JtfhQqrZVl5LM4IlUirixbwQGb+yRVYO00J+QvLycorZCJFzM/Jp+Q49/d6vRStLCE79dAZJSuL8Xq9lHZN4EMSM5hf2NU3FRERERERkdOl4mqYmKaJv3kfQX+j01HOSqvevJvz0x5iwvm3kBjbh9c/+drpSGcld8wYoobdhrv/lZieGCzbprYZyncHKdsXdDreKWnw2cR5TDhLNkw7fhG1A9WVlOElbeyh3tPEjBlkFCxkZUk2qakc1lEKHXWVhro/C0qPPudgpylwGl2lHUhLI6NgJSXZqa0F2BJWFqeTllVOadmxM+HNau2yDR1fjpfS0lIycvNIbr92ST6zFpaTlTePiYnHel0l5OcUUAo8mgkP5qXw0sHO1ZJ8Zi2BDIopKgXwtq5zRB5vOhkUw6l0y4qIiIiIiEin0A4tYWIYBs0NlU7HOKttXP7/2LQyj9FDE7j7+mN34UlncxGZNI3Ybz1B/LXvE3vxb7HjJ/JNU1+Ktvt5Y5OP5eW+HldYBahtDnWuynEkjiXNW0pBTib5bfNDUskubC36VRcxv7WjdHFhIYuyvBQtKaL6iGVK8nMoSM5lcWEhi3PTKVq4gGXVQEk+j5ZnsaiwkMWFeWSVLwkdP0oqU7Og4IkFzM8pICX3RF2zSSR7i1l5MHPJSorSr2JcR5kKc8koLeCtdjNSSpNnsLjwGKMFlqSwqDBUED3260olOy8Lb0fjE0pDRdPFhXlkeUspaL1pddETFND6XsygtfgqIiIiIiIiXU2dq2FimCaN+8pOfKKE1c4vX6Cpbifjrs/j3psu5+l3VuFzenekXsaMSiJ6+G24E9IwIwYAUO+Dnd1kM6rO0uCzsQz9Per4Epk4r5CJJfnMWpjZNne1rfM0MYP5hRmHzk5KPsYaJawshozc1jJj6lSyvDmUHzU+OZGJ8+Z1kKOaL5aXQimUpucy/4TdnAMZl+aloHU0QMnKYjKuyoZ2fx9LzS5kcbvzk71Q3m4Fb8rAw5esLGJ+ATxYeHCG7HFe1xGXHi6dq1JDr3dcmhfKDr2+jBnzQmunTiXLW3xYHhEREREREekaKq6GiWEHObBvm9MxBNi7YzmfvvJDrrjlee6ZejnPvb+OfQ3NTsfq0SIGXkvkkJtwx12MYUaENqNqtNlWHWBXN9uMqrM0+CxMw03P67l1QGo2iwuzQ19XFzE/ZwHL8g52b7b7WD+AN+uYSxS1K84CeCurISObRWkLeCCzoPXSPOZnHLn91aENpRanhmbAzk/JY2ZZDi+lHOv8kMSxaXiXV1INrCz2kjyVw4qroddRcNgM1ox2X6ckHb5u0XLISi8+NA7heK/reMVVb8oxfryHcnWqioiIiIiIdAsqroaJbQdpqt/pdAxp1bhvKx+/MIUJM17j7usv5pWPSijbXed0rB7DcPchetgMPIkZuKKHAwaNfpvyup6xGVVnqPfZuEzwOx2kOyvJZ9bKqw6fg5o4ljRvQahDc08+jxa3+/h760zRo7WfLXq4xIx5LM6Ag0XU/KQjPopfvZ7lpenMTAUIfeR+fk4Oj5LOg4XHLqy25eQJvihKpsibxqLDTq1m2RMF0LZRV2sB9zhvRcaMDCYO5IjNtDp4XcccbXA8R3fOioiIiIiIiDNUXA0T0+2hab+Kq92Jv7mGv/5hIlff9irT0y7gL2u28sXWXU7H6rbcMWOIHjYTV/yVmO6+BG2b2iab8qog5XVnX/+mLwhBOzRP2bZtp+N0qntv7KSZxKlXkbFwIflXtSt4lrxFQamXrIHAYR/tr2bZkmLgyM7VVK5KL+XRt0qYmJ3a1jGaklvI1MoFPFA2o13x1kvykW2drcXcto7RxCRSgFLKqaiG1A7rq4kMTS7l0YJSvFl5hEqoHSh5i4LSwztXj71kBjPTM3mpaCrzMzp+XdnHHQtw7Kzj0rwULCli6rwMEk82j4iIiIiIiHQ6FVfDxDQ9NKq42v1YAVa8NI2Lb/hvvnvJBAbG9qForcY3hLiIGjoVz6Dv4e43GsNw0RKEygMWm/f6qff1zo/7n4pGv02kaWIHe09x+asNGzpxtVSyC3PJz8xkVtuxdt2aiaE5o49mFoeO52bhXVjGHqB9zTM1O4+sBTnMymxdISsvVKxNnXvU8flHFUsTmTjv8AwZuYUsJp9ZTxQxbl4GHdVXU69Kh+Jy0sYeeUYiE2ekU7Awh1kFQHouD6YX81JlNSfYKYvU7FxSMp9g2dh5TOzodZFECgU8mgkP5qUcf8GDiTLmkrU8JzQiIT2LLHWyioiIiIiIOMKww9SCtW3bNpKGDOm09fxPhHpyPHOLTnCm8wzDwOMx+CD/GqejyHGMvuJnJI+bxc49+3npw69Oe52cWydQv+Ff8O/9qBPTdY3QZlQzcSdcixmRAIQ2o9qx32LbvkCv2Yyqs1w+1MPgqCCBQM+Yg9DRc7MnPU/lJFQXMT9nOWkdjFIQkTOn56mISOfQc1NEwqGyqopRo0aFZe2KiooTnqPO1TAwTJPmhiqnY8gJbPnsvzhQu5XU78xjzpTLePadNQSs3l9NjBj4HSKTpuKKGYfpisAftNndDFt2B9jb2Ptf/5nY12wxONp0OobIURuDZeQWqrAqIiIiIiLiABVXw8A0DJr26wOaPUHl5jdprP+GS298kntuGk/+u2tpaPY5HatTme5YooZPxzMwA1f0UMDggN+icj9sqmnB1zOaMLuF5oCNjeF0DBFSswtZnO10ChEREREREVFxNSyCNNSUOh1CTlJd1Wo+WXIzV05/mR/feCkvFK+nqvaA07HOiDsmlejhM3D1vzy0GZVlU9sCZZVBduzvPfNCu5rfAsNQ56qIiIiIiIiIhKi4Gga2HcTXtNfpGHIKmhsq+fiPk7nqtte4I2Mcb3+2mY079pz4wu7CdBM1ZBqRg2/A1dcLhklLECoaLLbUaDOqzuIP2qhxVUREREREREQOUnE1DAwMgv5Gp2PIKQr4Gvjo+cmMv/k5plyRSkJsNCu+2uF0rA6ZUcOIHjETd/w1uCLjsezWzaj2WGzf16LNqMLAb6m2KiIiIiIiIiKHqLgaFjbBQJPTIeS0WHy+dBYXXPcwE86/kcFxfXltxUanQ7WJTEwnYshUXDEXHdqMqsnWZlRdxB+0cZkGfqeDiIiIiIiIiEi3oOJqGNhA0K/iak+24YNfcqB2G97L7+XuyZfw+3fXOJLDdMcRNfw2PInpuKKSAIMDPpuKOpvNtdqMqqv5Vb8WERERERERkXZUXA0D0zAJBjQWoKcrW5fPgX1ljJv0a+696XKefXcNzV1QzXTHXUj00Bm4+o/HdPchaNnUNNuUVQbZqc2oHNU2asEwwLYdzSIiIiIiIiIizlNxNQwM01Tnai+xp6yIz5bOYvy0fH4yZTyL31/H3vpO/rc1I4geOg1P4mRcfUdhGC6aAzYVB2w21/hp0GZU3crBPa1UWhURERERERERFVfDwDBcBLShVa/RsHcjH78whatnLuWu736L11ZsZFvVvjNa04weQfTwmXgGXIPpicPGoK7FZkd1kG11LViqp3ZbgaCNYRjY6lwVEREREREROeupuBoGhunG0oZWvYq/uYbliycxYeZr/OCaVIrXbWP1lqpTWiNy0CQiBt+IK/YiTNODL2hT1WRTWhlgb5OqqT1F0NaDU0RERERERERCVCMIk4DGAvQ6luXj4xemcMmUp0j/1ngGxvblvdWlHZ5vRvQnatgM3AOuwx2dBECDz6Zin8WWmhZ8Gp/aI/mCNh7TcDqGiIiIiIiIiHQDKq6GSVBjAXqtNW//hPOu+QVjU29jQGw0tm1zsNTmjvsW0cNuDW1G5YomYNnUNNmUVfj5pl7dqb2BhgGIiIiIiIiIyEEqrnY2I1RmG3HBbQ4HkXBqqttBzc4VDB1+NQDRo++nX+oCMEyaAzY762221Po44FMprrdxGYYKrCIiIiIiIiICqLja6Q52MKZc/A+O5pCu5YpIoClgs2Knn/oWdaj2ZqYBaDMrEREREREREUHF1U53cAfxp6fsx1aNrdeKijO4o7A/7ih4Yf0f+eFFPyTabTJxpIf65iDrqi32NOo/wOFcXDvazUAs1m/xU3q840M83BxnAjZ7dvv4qPbgeS7Ye/B7ZxgGmg0gIiIiIiIiIgCYTgforTx9tOFNbxU/0iTrT/G4+1n801/+kRe/epHcZbnYtk1DSQkR+6q5doSH753jZkScy+m43YSbiee5GXjU23Gs4y6u7WdSX9dCeYvBwLjWvwENMRkYsBwtrEJr56qIiIiIiIiICCquho0nShWY3ihlgpvbn+2Pn2Z+/OaP2LR3EwAle0p4/G+P0y81lep33mHDT39KYFsplw12MXW0hwsSz+YmcTcTz3MRc9LHDSJbi611wYMtoi6u7Wewpy4Qxpwnx2WocVVEREREREREQlRcDQMrCJ4op1NIZ/vW9EimPhrL3qa93Pnanext2nvYz9/b+h6vlLzC8OxsIocOpeSBB1g7axYNn/+NMf0Npp0bwWVJHtxn429d0GL910HqT+q4TUsw9FWcq/WPFN2kaxXANAzNXBURERERERERQMXVsLCD4Fbnaq+Sdl9frr23L+t3r+fuN7PxWb5jnvfcuudYU7UGb24u0V4vgX372PLII6yePp29//sOw6ODTD03kmuGu+njOVv+jwRYdtiM1RMdD/JRg0VMXCTJkTZ76uy2rtVLR0Zy83mR3Dzag7croh+Dcbb8s4mIiIiIiIjICam4Gga2ZeOJVgWmt7jlsRjG/SCStza/xUNFD53w/HkfzGPXgd2k5uXhTkgAwPL5KHviCVbdcgs78/OJt5u4/pwIJo70MCBav4ZHqfKz9OsWln7t46PI1q5VPCRFWpR/HaTeZTJyiDPR9JstIiIiIiIiIgepqhMGloqrvYI7Au56qT9Dx3p48m9P8rtVvzvpa+/58z002S2M/e1T4D58xIESywAAD1JJREFU3mrVK6+w9oc/ZMsjjxBZt4e0ZA83nONheKw2vzpau1mrkeAB2o8NcIKpmasiIiIiIiIi0krF1TDRhlY9W99Eg7uXxtMnEX75wS95p/SdU7o+YAWY8+YciIzkoiefPOY5+z79lC/uvpsNP/sZwbKtjB/iYqrXQ+rAs3nzqyO0n7XaAn6g/YZXXa3tt1ozV0VEREREREQEFVfDw7Zxa0OrHmtwqovMP/bH8vi55+17WFu19rTW2e/bT85fcogcMoQxDz/c4XmNpaWU/J//wxdZWRxYs4rzEkymnevh0iFn6eZXbdp1rQLU+qlsMUk+z0VM0GJ7Vdcn8qi5WERERERERETaUYtcGNioc7WnGjPJw3cfjKGuZT9z3ppNY6DxjNbbWruVf13xr+Rek8vwrCx2FhR0eK5v7142L1iAGRHBiNmzGTFpEsnnRrL7gMWaKj9NgTOK0g0EWPb1sV5ER8eDfLTl8M//r97ewuqwZDs5fTwGQTWtioiIiIiIiEirs7ovLlwMl02fBL21Pc2V2X347kMxbK3dyl1LM8+4sHrQJzs+4bl1zzFk+nQSJ08+4fmWz0fZ//wPq26+mYo//IEBRjOTvZGkp7iJj9L/KydFuw0sS9VVEREREREREQlR52oYmC6buOEqgvUk33s4hnPSPHyw/QMWrVzU6eu/UvIKQ2OHMumnP6W5qor6detO6rqKF1+k4sUXib/6akbMns13UgbS5LNYvydIRb3V6Tnl+Pp4DLD0vouIiIiIiIhIiCqAYWDbNvHJGs7YU9xR2J9z0jwUrisMS2H1oP/+9L/Zum8rYx55hIhBg07p2toVK/giK4uSBx7A/qaMK4Z6mOL1MGaA/j7Slfp4DAxDnasiIiIiIiIiEqLiahhYtk3MYBVXu7uIPnD3a/2JG26w8KOFvFzyctjvef+791Pn28+FTz6JGXXqu54d2LSJDffdxxfZ2TStW8MFA0y+f24ElwzxYOq3Oez6egxsW8VVEREREREREQlROSYMbMsiKtbA0LvbbcUNM8l+LQFPjMX9793PJzs/6bJ7z35rNkG3wUVPP33aa/iqq9k0bx6rp0+npmgZI/paTBsdyVXDPESpmTVs+kaouCoiIiIiIiIih6j8FyZ2EM1d7aaGj3dzR2EcPhrJfiObrbVbu/T+zYFm7nvnPtz94zj/3//9jNayWlrY9p//yeqbb6byxRdINJu5wRvJdclu4rT5VaeLchvYmrkqIiIiIiIiIq1UfQkTf4tN7BCNBuhuLpoWyff/LZbdTdXcufRO6lrqHMlR2VDJvA/n0fe88xh5332dsuY3zz/Pmhkz2Ppv/0bfpjrSUzxMHuVhSD/9mncGA/CYqHNVRERERERERNqo6hI2FnFD9fZ2J2n39eU79/dlbdVafvzmjwhYAUfzrKtax+N/e5yBkycz5NZbO23dmg8/ZF1mJhv/6Z8wqnZy1TAPN57j1uZXZ6iPx0BlVRERERERERFpT9WWMDE9NrFD1bnaXXw/L4bhl3p4deOrFKwtcDpOm/e2vkdyXDLTsrNpqaykdsWKTlu7oaSEL+fOJXLwYFL+4R+44Fvf4vwEk7L9Nut3+dGH209NtMcgaKm8KiIiIiIiIiKHqLUyTGxsElJUXHWa6YasJfEMv9TDY58+1q0Kqwc9s+YZ1u9ejzc3l6jk5E5fv2XXLjY99BCrp09n3wfFjIyxuWlMBFdq86tTEhNhYKm4KiIiIiIiIiLtqLgaJrZlETdMxVUnRfeHv18aT9QAm9xluby/7X2nI3XooaKH2Ntcw4WPPYY7NjYs97Cam9m6aBGrbrmFqpdfZpDbxw3nRPCdZA9xkXoUnEhCtIFpB52OISIiIiIiIiLdiCoqYWLbNrFJJqbqq45IHGOS9acE7Eg/c96azVfVXzkd6YTmvDmHZtvHRU//DtxhbCm1LL557jnWTJ/O9v/4D/o115E+0sP1ozwM7qtHQkcGRJtYloYpiIiIiIiIiMghqqSEiW3bBP02iWP0ueuuds63Pdz2VH/q/LXMWnonuxt3Ox3ppPgsH/e8PRcjOpqLfvtUl9xzT1ER62bN4uvcXIyqnUwY7mGK14M3Qf9v23MZoQ2tVFwVERERERERkfZUXA0jK2gz5MLuVKSK5OY3E7j3zRjGnej4L+K4tziBe4v7c/Ot7c9r/333M/7OaL63IIbNNZu46/W7aA40Ox3plNQ015DzlxwiBw/m3Hnzuuy+9evX89XcuXz54x/TvHEDFw00mXZuBOMGe/SQAPpHGQSCmrcqIiIiIiIiIodT3SSMDE+QEZd5nI7Rqi9/V9yXYf1O5ngkN1/rovZ/aygpNxk2rW/o8C+iGFbjZ+krXZP4VE3K7ceVfx/Nu1vf5R//8o9OxzltW2u3suiTRcRdfjnDs7K69N7NlZV8/c//zJqZM6n7aDmjWje/umKYh4izeMRFfLSJbatrVUREREREREQO153aKnsdy7JIGhfhdAxCBdRI4k/6uJs+rcXWPTUWJECo4GrwTcGB8EY9HSbMeCqOxHNdPLv2WV7f+LrTic7Yh2UfMjRmKLdPv53G7dup+eCDLr2/1dhI6W9+A6bJiLvuYsjUqXzPG0Ftk82aXUHqfWdXoXFgtAnazEpEREREREREjqDO1TCyLQtPlEG/Qd3gbW7wszy9hdqTOh6gsSH01cCE1uzdtGvVHQV3v9KfgaNNHvnrI72isHrQC1++wCc7P+GcnBz6nn++MyEsix35+ay+9VZ2PPUUsf56Jo7y8N1RHhLPos2v4qMMbM1bFREREREREZEjnD3VEYf4my2SLnK6QfgAf7ypni9O+ngLSz8KEn9DAqnJFt+8EQh1rb5xgIznEkKzWI+a29r1Ygab3P1aPJ4Yi/vfu5+/VfzN4USdb+FHC/mmoYLzfv1rIgYNcjTL7rffZu0dd/D1Qw/h2lPFNcM93Oj1cE7/3j0vwG1CpFubWYmIiIiIiIjI0VRcDTPTZTF0nNPF1dPw6zoeT6/h8fR9LB3d2rVKDOckBylJb6G2n4eLfuFcvKHfcnPn83H4zSay38hma+1W58KE2b1v38uBYCMXPvkkRoTzYybq163jy9mz+fKee/Bt2sjYQS5uGu3hokHdZb5w5xoQbeLXZlYiIiIiIiIicgwqroaZZVgMu6QnF50i27pWGW0SCbQfG+CE878XwS3/GUt1czV3Lr2TupY658J0AQuLOW/OIeg2uOh3v3M6TpvmHTvY+POfs+7226lf+QneOPj+mAguH+Yhohc9WfpHGaDNrERERERERETkGHpRCaR7soJB4ke4cEcaTkc5Pe1nrW6xaAHab3jV1a7+SR8m/rwfqypX8eM3f0TACjgTpIs1+Bu475378AxI4Lzf/MbpOIcJNDSwZeFCVt18M9VvvEFSRIDvjY7g2hFu+vWCKmtSPxMsbWYlIiIiIiIiIkfr+ZWPHiDgsxmc2hPnUrbrWgV4pZ6t5S5SiyOJb/Dz5a+7Ns3UX8dwycwoXt34Kgs+XNC1N+8GKhsq+dXyX9HvglSSZ892Os7RLIvyp59m9Q9+wM6nn6Z/sJFJozxMTHEzsE/PfNS4TYiLMgkGVVwVERERERERkaP1wGGgPY9NkOQrIvhmrdNdlgf4Y/qBUzjewtKbWg47UnRXDUVhydYx0w13Lu5PzBCTxz59jPe3vd/FCbqPzys+5+nVTzN72mxaKivZ9eabTkc6pl1vvMGuN94g7rLLGDFnDteOGEqL3+LLvRY76npOoTKpn0kg0HPyioiIiIiIiEjX6pntZD2MTZAxk5zfiKgnioqFv18aT59BkLss96wurB701qa3eOPrNxgxezZx48c7Hee46lat4svZs9nw058S2LqZywa7mDrawwWJPePvOsNiXJq3KiIiIiIiIiIdUnG1C1iWRZ94g4SRPXE0gHPiR5pkvRyPHelnzluz+ar6K6cjdRvPrHmGDXtKGP3LXxKVnOx0nBNq3L6dkpwc1t5xBw1/+4wx/Q2mnRvB+KEe3N30KWQaMLiviaWRACIiIiIiIiLSgW5a1uh9gpbF6OvUvXqyUia4uf3Z/uwP7GPW0jvZ3bjb6Ujdzj8v+2dqWmq58LHHMPs5tMPYKQrs38+WX/2K1T/4AXvf+TPDooJMPTeSa4e76ePpXpu+JfYxCVg2tm07HUVEREREREREuikVV7uITZAx3410OkaPcPFt0Ux9NJavazZy1+t30RxodjpStzXnzTn4CDD2d78Ds+f8OluBAGVPPsmqW25h5+9/T3+rkevPiWDiSA8DorvH6xga48Kw1bUqIiIiIiIiIh3rHlWMs4AVDBIz2CB2iN7y47kupy/XzI3m3a3v8vP3f+50nG7PZ/m4988/xezXlwuffMLpOKel6tVXWXv77Wx55BEi6vaQluzhhnM8DI91dozGsBiNBBARERERERGR41OlrwsFfEFGX6fu1Y5MfzyWC6dG8uzaZ3n8s8edjtNj7G7cTe6yXKKGDcP70ENOxzlt+z79lPV3382Gn/2M4PZSxg9xMdXrIXVg129+FR9lYBqheckiIiIiIiIiIh1RcbULGS6L8yZ7nI7R7bijIPuVeBJTXTzy10d4fePrTkfqcTbu3ciiTxYRP2ECQ2+/3ek4Z6SxtJSS++9n7axZHFj9OeclmEw718OlSV23+dWQfiaWpa5VERERERERETm+rm8JO4sFg0HiUyLoO8DkwF51xAH0TTS4o7A/RkSQ+975GTv273A6Uo/1YdmHjOo/ih/ccQfNlZXUfPCB05HOSGDfPjY//DBmRAQjZs9mxKRJJJ8bye4DFmuq/DQFwnfvkXEurKA/fDcQERERERERkV5BnatdLNBi4f1OhNMxuoXBqS4yX4inxThA5tJMFVY7QcG6Aj6v/JxzcnKI9nqdjtMpLJ+Psv/5H1bdfDMVhYUk2I1M9kaSnuImPqrzH2GD+ppEuAzNWxURERERERGRE1JxtauZAS6Yormr510fwa2Px1Jx4BvueO0OGnwNTkfqNR7+8GF2Ne4mNS8Pd0KC03E6VcWSJaz94Q8pffRRoupr+E6KhxtGuRka03mPMm+8CysYxrZYEREREREREek1VFztYsFgkPhkFwkjnd0J3UlXZvdhUm4/Pqv4jLl/vgcb2+lIvc49b99Do9XMRb99CiOi93VK165YwfrsbEoeeABrZxlXJLmZOjqC8wac2aSTKLfB4L4mgYCKqyIiIiIiIiJyYv8fPF2KpvzepFEAAAAASUVORK5CYII=" height="600" width="800" />]]>
  </system-out>
  <testcase name="getDashboardQuickLaunchitemsCount_006" time="0.433" classname="testcases.DahboardFeature"/>
  <system-out>
    <![CDATA[<img src="data:image/png;base64, iVBORw0KGgoAAAANSUhEUgAABVcAAAJWCAYAAABcXLeiAAAAAXNSR0IArs4c6QAAIABJREFUeJzs3XeQXed55/nve8LNt2/37YyOQCNnAiBIgkFMEkmRSp6V7Z2VvfbWVm251qr1Fv/0uqamamprw3hnZmvsCeWqVVkzli3LEiVKJkVSEkmRBBGIDDRy6m50DjeHc8777h/3otFANwIpCiDk51PVbPbtE95z7u1/fnjO8yhjjEEIIYQQQgghhBBCCCHEvJdffvm221h3YR1CCCGEEEIIIYQQQgjxG0fCVSGEEEIIIYQQQgghhPgEJFwVQgghhBBCCCGEEEKIT0DCVSGEEEIIIYQQQgghhPgEJFwVQgghhBBCCCGEEEKIT0DCVSGEEEIIIYQQQgghhPgEJFwVQgghhBBCCCGEEEKIT0DCVSGEEEIIIYQQQgghhPgEJFwVQgghhBBCCCGEEEKIT0DCVSGEEEIIIYQQQgghhPgEJFwVQgghhBBCCCGEEEKIT0DCVSGEEEIIIYQQQgghhPgEJFwVQgghhBBCCCGEEEKIT0DCVSGEEEIIIYQQQgghhPgEnHu9gF+nsl9hujTDcP4Kw7kRrhTGGC9OMFuZo+yX8Y0P5tr2BkPMifHYsof55+u+jkKhlLp3FyCEEEIIIYQQQgghhPjM+o0LV33tM1aY4NTsGU5Mn2Q4P8JcJUtFV/ACn0D7BEZjMMwnq0aBAoMm7IRZ1TiAQkJVIYQQQgghhBBCCCHEzf1GhaujhXH2jR3gwMQhrhTGyFfzVIMqGg2AMbXqVGMMUSeCpWw87RHg11+LMpBaztrm1VKxKoQQQgghhBBCCCGEuKXfmHB1ojjFK2d/wvHpQSZKk3jaqxWmKlAoDAaNJubEGGhYTtgOMVocY7o8g29qwWtLtIXHlj1MMpS415cjhBBCCCGEEEIIIYT4jLvvw1VjDJWgwusX32T36B5yXo5anKpAmas1q8SdGBua19EVX0ZgAs5nLlDwiwQmwBhNwo2zvmkNm1o2YCmZ8yWEEEIIIYQQQgghhLi1+z5c1UZzcuY0713ZTd7L13ulqvmeqnEnRn9DHysbVzDQ0M9YcZITM4NcyF6i4BfrR1Esi3fyYPs2GkLJe3g1QgghhBBCCCGEEEKI+8V9Ha4aYyj5JX429C7T5VmMMShVC1bDdoiWaAurUgNsb9tKOtLE8ZlBfj70DhPFiVrHAKXQRtMQSrIuvYZ10mtVCCGEEEIIIYQQQghxh+7rcDUwmvHiFHvG9qO1xgAWFo3hBlY1ruSRzp2sbFzOVGmaN4d+wS+G3wXAUvW2AYClLNan1/BQxw5ibuweXo0QQgghhBBCCCGEEOJ+cl+Hq772uZwdIu8VCFsuruXQHG3mqa7HeXTZQ6QiKQanT/HKuR9zbGYQW9nzoSoYtNG0xVrZ0rqZlU0D9/RahBBCCCGEEEIIIYQQ95f7Nlw1xuBrj/OZC4DBtmx2tG/j+b5nWZ1eSTWo8ouh9/jJhdcZK47hqOsv1dT3eaTzIXZ2bCNku/fmQoQQQgghhBBCCCGEEPel+zZcBagEVU7PncPC4rcGvsKzfZ8jHWmi6BV5Z/g9fnLhp4wXJ7GVvWjfauDxdPcTPNr5EE2RxnuweiGEEEIIIYQQQgghxP3svg1XtdFUgwoxJ8r/uu1/ZlvbVlLhJIVqkR+df513ht9jujSNpRQsaAUAtVB2R9sDPNf/LP2pXixl3bPrEEIIIYQQQgghhBBC3J/u23AVIObG+OrKl1iR6ifuxtBG896V3Xw4uo/p8gxGXY1VDcbUAlmlFI907OSF5Z9nRaof15J2AEIIIYQQQgghhBBCiI/vvg1XLWURd+OsTa8mbIcwxvDR+CHeHn6PkcIovglAKSwUYTtMOtLEioY+BlLL2dKyga7kMiJ2GKXU7U8mhBBCCCGEEEIIIYQQN7hvw1WlFI5y5i9gtpzhw/GDFLXHQONyGt0EDaEkiVCCVKSJlmgz7dFW2mKtpMIN2NIKQAghhBBCCCGEEEII8Su4b8PVxQxr0ytZ27iCBuWSUhYNVpioGyMabiAabQQnApYj1apCCCGEEEIIIYQQQohf2WczXDW1wVNG+6ADUBZYNkpZcJNgtAHFM+EOyI6hc1egnAO/CgqMHcaLJFHxZlSiFSvZhoqmwInUjimEEEIIIYQQQgghhBAf02cqXDVGg1/BlHOY8hymlIFqEZwwKpxEheMQTqBCcZQTroWudXa1gB4fRA8dxEyewy/OYqoFjF8FDNghrGQrqrkPu2MDVutq7HQfxFsgFJWQVQghhBBCCCGEEEII8bF8NsJVYzBBFVOcQU+exR85hL5yBJ0dw1RLYIex4mmsVCdW2yrs1jVY6X5UvAlC8VowGm2Enu1YLQOQn8SZHUZPnUPPDqMLU1ApoOdGYGaI4Oz7qEQbdt92nIHHsDs3QixdC2yFEEIIIYQQQgghhBDiDihj6s/g3yPGGAg89PQ5vMHX8Y6/jslPgWUBCqWs2jZGX10yKtqA3b0VZ81TOMt3ocINoKxFvVSNV8bkJwkmTuFf2od//j0oZkB7XL1sK9mGu+YZnHXPYbWuRln2TVsPCCGEEEIIIYQQQggh/ml4+eWXb7vNvQ9X/TL+pT14e79NcPkgWHbtC0BrMMG1bVG14LO+ZGWHsPu2E370f8RqXYtyQjc/j/bRs0N4J9/AO/C9WssBq34sY7A71xN65A9xVzwG1mejoFcIIYQQQgghhBBCCHFvfObDVRNU8U68hnf4+wQTZ1E6ABSgwYBq6cfqWIcVbwZlYyo5TOYKem4YPTeKCjywXVSsidBTf4K74lFUKLb0uYwB7YNXJpgYpHrg7wgu7a+1HVAWKBu7dQWhrV/D3fQVUPZdvRdCCCGEEEIIIYQQQojPjjsJV+9diabR+Offxzv6Y4LxM9ce+1cGFWsmtP13sHq2Y8VbwA7VM1cNfhlTyqCnzxMMH8Q79x4mM0b17X+HMhq7/2GsaGrR6ZRSYLtgu9jLthCOt+A1fB//9DuY3ASGgGDqPJUD34N4C+7AE3f3fgghhBBCCCGEEEIIIe4r9yxcDcYH8QffQE+cBhOg6o/8W03dhHb8c+zlj6JiTWA51/dSNQaTbMdq7MJqX4fdsx3/5Ft4l/ZS3f83hKONqJ5tKNu96bmVE8Zq6sXd/DWwQ/gnforJT9YKZmcu4+3/DlbraqxkW21YlhBCCCGEEEIIIYQQQtzgnoSrupzDO/6PBEMHwSvXAkyjUck23G2/g7P6GVSkYemdlaoFp9FGrEgKK9WJle5Hta7AO/JD/Et7sJp6UanOW65BWQ5Wuh93/RcxlQLm5FtQyYP2CUZP4B3+PuGH/xCcyMcecBUEAYHWKKVwbHvRoK2FjDForQmCAAPYloXjfPpvizGmtq4gQCkL13Vuua6Pe0xQWJaFZSmUuvZ14/ZX3e7cxhi0MQS+jzEGy7KwbRvLur/DbmMMBkPBK+JaLiHbxfqEAb42Bl/7VIIKcTeO4vb3VQghhBBCCCGEEEJ8eu5NuDp2jGDoAKY0Vx9QpSGawu7fibPqyZsHqzdQSkEojt25ARVtAK+Mzoyi54ZQyTaUdeu+qcqysdL9OKuexOQmCM69X1tPUMUf/CnuuudqQe2CKthq1WNubpa5TIZQKIRSip7ubpRSeJ7H5aEhzpw5w/T0DD29PWx/4AESicSicxcKBcbGxxm6PMTExAS5fB6loKGhgfb2dnp6eljW2YnrurcMzLQxVCoVRkZGsG0b3/NpbGykqakR27YplUqMjY9z8eJFJicnKZZKhFyXdDpNd1c33d1dpFKpOw4tgyAgm8sxNjbG0OUhJqcmqVQqgMK2LcLhMLFYnEg4jOu62E4tXK5Uqhit2bJ1Cy3NzUtekzGGUqnE+MQEly9f5sroKIV8AWM0oVCIpqYmuru6Wda1jHQ6Tchdujo5W80xUZyk4lfQxmAri/Z4G83R9G2vr+SXmShOkq3kcCybol+mJ7mMdKSJbCXHRGmSglfEUhaOsvFNgBd4VLWHRuMoh5gTJRVuoDmSJu7GsG/4HFaDKq9dfJPGcCMPtG6iJbr0/bgVg2GuMsfRyRNMlqZ4vv9Z4u7S/YaFEEIIIYQQQgghxK/HXQ9XjVfGP/ceOjcBxsxXhVrpXpzVT9d6rH4CVmMP7gNfxz/9c6Ae2HL7oVTKdrA71qP7HyIYOQzVAsaAmR3CHz6AG29BLejhmi/k2b//I/bs3Us8HqetrZXf+8Y3qFQq7N23j/fff5+Dhw4xNTXNM08/zfq16+bDVWMMvu9z6dIl9h84wLmz57hyZZS5uTkKhQKVagUFtLW3s3btGh7csYNt27bRkExi20tfi9GafD7P97//A/wgoFqt8uQTT7B9+zYKhQIHDh7iwIEDnDp1ionJCYrFErZt09zczIrly9m6dSsPPbST3p4eQqHQLe9VoVjkwvkLHDh4kNNnzjAzM0M4HCYei6GUIpvLMTk5QblcxnVDdLS309bWhjaG2dkZjDZ0dHbSnF4cclYqFUZHxzhy9AhHjx7l4qVLaG2IxWLYtk0QBPi+RyKeoK+/jwe2bmX9unU0NTUtOla2kuX9K3sYyV/BGENjuJGneh6/o3C14BU4PjXIgYnDhGyXvFfkS8ufJ+kmuJwb4sPRfYwURnGVQyqUojmaxgAlv0SmmmWukiFkuzRHmulL9rC6aSX9DT2EnXDt/cKQqWR56/LbhO0wqVCSVLiBkH3re38jX/tczFzmR+dfI+/leXTZw8TcaK29hhBCCCGEEEIIIYS4K+56uKqzo/jDhzDVYq1azxgIx7Hb12Iv2/QrHdtO96M2vgRWCD5GyGRFktitK7FaB9BDh2oVr8rCP/MOTu9OTCQ533u1WChy6MhhvvOd7xCLx3nyyc/xjf/uG+zdu4+/+A//gVOnTlGplMFAsVTCrVdXGmOoVqvs3bePn/70Dc6ePUs0FqOnp4fVq1dhWRZzc3OcPHWKwcFB9uzZwwcffMDv/97v8+STn6M5nb5pdaPWmtdef52xsTEsy6JrWa2y86MDB3jn3XfIZrMkEwl6e3qpVqtMTExw6tQpjh49wocffsjly5f58pe/xLq1a29awVosldi7dy8/+tGrHDhwgFQqxWOPPcaju3bR29uDZVkMj4yw+4Pd/OznP+fcufMEQUB/fz9tbW1k6oFqLBZddOxSqcTgyZP842uv8e4vf0k2k2Hrlq088/STrFy5kmgkwuzcLCdOnODDPXv46MBH7N79IV/+0kt84fOfXxSw+jrg7Nx5Dk0ewVKKFanl7Fq2844+C74OmCxNs3tsL45V+/N4vGsX2mimSjMMzpzmQvYSjuWwsnEFOzq2kQwl8I3PeGGCo9MnGJw5yeHJY8ScKFtaNvHC8s+zLr0a27IxxjBdmqUSVBgtjHN06ji9yW464u13XL1qjGG2NMeRqWOcnDtFa6SZsl+utV2QbFUIIYQQQgghhBDirrnr4WoweRpTnAWtwbIwOsBKtmN1bsAKL358/uOyEm0ffydloRKt2C0DBEMHa/mUZaPHBjGFSUgtA7sWOrquQyQcwbIsQq5LR3sHV0ZH+da3vsXE+Djd3d04tk2xVKQxlcJxahWnWmvmMhn+/V/8Jblcjt//vd/j4Yceor2jnXC9YrRcqXD27Dl+8MorvPLKKwwODvJXf/VXtLe3sfPBBwmHw4uXrhSRcITGxhRTU1OEQiFKpRJvv/MOR44eZWDFCp566il6e3qJx2NkslmOHDnK3/7d33Hy5EkmJib44Y9+RCQSobenh2QyuegcWmtOnz7DX//1t3n/g/fZsH493/jGN3jpxRevW1NXVxebN22itbWVv/3ud8lkM4RDIV54/jmamprme64uDBGDIODMmbP87d99lx+9+iqNqQaefeZZ/uiP/oiuZdf3zX34oYfY9cgu/uY73+GHP/whY2NjRKNRnn/uueurbpXCUTaO5aAARzk46uYDzhaylEXIdnEsB1tZKCxClotSFpaysC0HSykcy6I91sr29i1EnMj8/js7tvODsz/mg9E9TJen2T95gEQoTm+ym4Zwsv44fwZtNErB0akTbG7ZSEusGfcO1+hrn/PZi3w0cQgLC20MuWoec/tdhRBCCCGEEEIIIcSn6O6Hq0MHwatcNyPKamjHTvdzL8vuVCgG8ebaGpQCFKaUQecmsIMq1PuuhkIhIpEIuh4UVsoV/uvf/FeK5RJ/8id/woYN63Fdl9HRMWzbng8UtTaUS2VCboj//V/9K9avX7foMfxYNMrGDetpb2tlenqan/3sLc6cPcMv3n6Hvt4+enq6l6xudBybcChcGyYFvPHGGyxfvpwvvfQiz33hC0Qi18K/q+0Aenq6+b/+73/N4OAg09PTHDhwgMFHH+XBHdsXnaNYLPLdv/8uhw4dIhaLs2vXLp5/7rklw95oNMpXvvIVhq+M8O1vf5sfvPIDWtta+a2vfW1RawNjDLOzs/zD97/Pa6+9RjgU4rFHH+Ob3/wm7W2tS1ynw4YN63nhhRc4f/48+/bv59//xV8wMDDA+nXrau+jUoQtd77qtDYkzCa2IAC9FVspQtaCkFNBxAnXglbLqg+fUoAFWHg6YOGRm6Npnut7hrHiGLPlOSp+laH8CJdzQ2wMr8cYw2RpEm00jrK5lLvMiZmT9DZ00x5ru6NBX2OFCQ5PHuNSdghHOQRGM1OexUi8KoQQQgghhBBCCHFX3fXR63ryLGifq0GqUhYqnKgNpLqXlEJZNspekDcbMJlRjFeef6nqeVSqFRzHplwu89M3f8o777zD//anf8qLX3yBVStX0t/XxyMPP8TOB3fMV4JaliKVauDP/uxP2bBh/U37m1qWRVNTE7/z21/Hsh1s22b//n2Mjl5Ba73EshWO42C7terKQrHI5eFhtm17gOefe+66YHWh7du28dJLL9HZ2QkYhoaHOHz40JLnuHjpMmfPnCWbyzEwMMCmTZuJx+M3vZWJRJy1a9bS37+cS5cu8+abbzI7N7fktr987332799PoZBnYGCAF1/84pLB6sLrXbtmNQ8//DCWpZiamuJv//bvrttGG10PGtV8WOmb4KbHXMhSNmE7XIsp6yG7Xz9exArjKBuDQaEIWQ6OWvwn1BRppCGUmh9kVfJLTJWmgVrP1Xy1QGCCWm9f4NDEEU7NnLmjcFQbzYmZkxyYOIxStTBdG022mp0P8oUQQgghhBBCCCHE3XHXw1VTmK61BKj9hAGMHYZ7PencUOv/Ov8DYFno3Dj4lUWbK2XhBwH5QoFv/vE3WbF8OY5z80Jgy7JIpVIMrFhxy+0AbNumo6OTpsZGbNthcnKKbC5HECwdEFqWRSxa62VarVZ54vHH2b59+20HVD3+6KP09vailEUmk2F4eIRyubxou5MnT5LNZlEK2tpa64HsrbW2tNCcTtd6lU5Pc/r06UXbzMzO8t5773Hx0iWikSh9vb1s2nT7vrvJZJKurlpf2VKpzNtvv8Ps7Nx8MGwpGwurFt8bsLBwrTsr0g6MpqJ9HCyMMdjKImKHsJRF3IniWg6G2utWPXy9kTYaMChV+4S7lkvCvTbUbLI0TXB1rVhczg8zOHOamfLSAfRCI/krHJ06zlhxDFtZGAXaBGS9vFSuCiGEEEIIIYQQQtxldz1cpR48XSeogr841LurrmZkOrj+pWr5utcsZdUf99dYlqKtrY3t27cTiURu+Ui3UrUqStu2b/vot1KKSCRMY2MjSil836da9eYDuRvZtk2kHqRaStHT3U1Lc8ttz5NKNdDU2EgoFMKrehSKBcqVxUHy2NgYlWoFpSxCoRDh8O0n24cj4Vq4a6BcKjM1Nb1om9OnTzM6Okq1WqUpnWZgYAWphttXMLuuS3M6TVtbG1prcvkcZ8+exff92u8tp/74vsFgsJQibN1+zVB7f68GqMZcrVB1USg846ExWPU/G20MmsXvSa6aI1vN4WkfS1k0R9L0N/SijaESVJkoTV79ZwVQtUB3cPY0x6ZO1IPZpVWDKgcnjnJy9gwKq/4FGsNseXZBxa4QQgghhBBCCCGEuBvufrh63Slr0RDVIqacv/tLWSjwMV4JozXzSavW84+GX6UshWXVqhodx2XlypWkm5qwrE//VgaBD/Vw0LLULcPSq+d3XJempkZisehtj++6LslkgnA4jDYGz/epVquLtguFwyhlXRtIdQe9catVD8/359d84yPrWmtOnTrN9MwMxhhaW1pYcQdVvVevNRaL09CQQmuN51WZnbtWueooG0up+ZjRqg+3uhOOsona4fmQUgG2slHKouRXCExQr1ilPuTq+ntR9st8MLqXodwwgQ7oT/bycMcOGiONgMHTHtOlaTSazS0baYu24CibkfwVjk2dmG8fsJTL2WGOTZ+gHFRYl17DuvQaAqMxRjNTmsXT3qJ/txBCCCGEEEIIIYQQvz53faAVkUStNQDMP7ZtijPo7Ch226q7vpyrTLWIKczAwto/VR9utXD4llL1qshaxWhTY+MdBYK3Pb8xBEFALp9nbHSMd3/5LlNTUxhtsGwLx3EWBXkLlcplLKtWVeu67qLhUTc759WKWqXqtZBL9BDt7e0hFo1ijKZYLFEoFG577EwmQy6XwwCRSITWlpbrfh8EAcMjI+TzeSyr1iv22LHjBL6mWq0QjkRwHBvHcQGD7/l4vo/neTiOzcWLl5ianATA8zwK+QJa1985pa4LgDOVDPvGD9CcaUIpi4quglI4qlbhqk2AbwIsoBp4nM2cZ/5NV1zX2/RqL9da3akhMJpAB1SCCmOFCfaNH+C9kd1kqlnWNa3hia5dbGrZgGPZ+Dqg4lfIVHME2mdH+wOMFybYPbaXidIUp+fOcmDiMF/oe3rR++AFHvvHD3Iuc4HuxDIe6XyQydI0R6aPYQxkvRxlv0LCjd9R+C2EEEIIIYQQQgghfnV3PVy1mroxc8OYoBZSoRQ6O4YeP4npfwjlLJ5A/2tndC3gnb2MWlDxCKAiSVhY9VgPIjG10M11Q1jWxw+zyuUy2WyWmdlZZqZnmJyaYnZ2ltm5OWZnZ5gYn5gPCy3LwrHtW1bHVj2vFpBaFkEQLDmYatFlG1PfrnYex3EIhxff/zWrV9Pa2sLpMzZjo6MMDQ+zdeuWm66nWq1y6dIlxkZHCYVCtLW30dffd902lUqFqclJyuUytm2TzWbZt38/586fRylFLBartxUw14ZSBQGeV0VrQ6FQIBQO0dfXW69kjV7/PizIxDPVDPsnDhJ341jKRqNxlI3CwgCB8QlMgF3fY7w0ueR1LczZfe1zMXuJH59/nagdYa6S4UphjFwlRzqSZlPLBja3bGB100qaIo1ArTdqppqlrCsoLHoSXQyklnMxd5nJ8jRjxXEOThxmW+sW2uLXD/U6P3eBQ5NHqARVNjavY3PLRvaPH0ShMBhyXh4v8GoVwpKtCiGEEEIIIYQQQtwVdz1ctVtWoi9/NP+zUhaU5ggmTqMzV7Cbl9/tJWH8Cjo7ipkbBsu+lk0ZjWroBDdy030/To5lTC0UvHDxIsePH2fkyhWKxSK2bePYDoZawNnR3k5vTy/nL1ygWCjU2xAsfrR+yfUohdb6jsLV2ppq369WvS4VFHd0dPDggzs5d/48I1eucPToUXbs2E7XsmVLXuO58+c5MXiC6ZkZurqWsfPBBxdVrmqtKZaK+L6PMYZ0Os3WLVtoa28j5IZwXRfHsQkCjVJgW7UgVGuN7/sEQa3nrTEG27ZZtWrlogrienxP3I2zsnEFqXAKhcK2bGxl16qFqT1WT72XajWoYiubM7PnlnzC3sz/1zBdmuHdkd14QYWiX6IclHm2+ym2tm2mN9lNSyxN2L4WVvs6YK6SIdA+cTdOyAnRm+xmRaqfS7khMtUsl3JDHJo8yrPRJ+fD64pfYc/YR1zOj9CX7GFDeh3NkSbCdghFrYK25JepBBXpCiCEEEIIIYQQQghxF939ytX2NeDGoJSpJXtKYQIfPX0B/+IerMYulH1nw4c+LbowhZ46jynMgmUtTBxRDe3XV9NeDTnrPQ3uJPCE2mPwmUyGt995hw927+bgwUMkEgkGBlawdu1a1qxeTXt7B83pJhLJJBMTE7z66qugwLadjxWY3ilV7+UKtYpXZSn8IFi0XTQS4fOff5aRkWF+8Yu3+ejAR/T29vD5z3+epqYm3HqoWa1WGR0b48c//gnHjh0nnW7iscce46mnnqpVoS5gWRZGm/l2CN1dXXz1K19h3bq1i9YI11oY3Hi/F7Y2uP4X1761RJp5pudJOhPtt70n2UqOmBPj7ZH3uFV07lguLdEWmiNpDk8doeSXsZVN3I2xPNVHa7QF+4bK3sAEzJbnCExA3IkTsl2iTpRNzeu5kLnEkenjTJdm2Tu+nwdaN9MarwXSl7JDHJw6gq89NjWvZ0WqD8dyCdthLFUbruZrj1w1Xw+Kb98SQgghhBBCCCGEEEL86u5+5WrrKlSyDZ2fBB2gAGXZmMwV/MHXsbs2Ybevq1W03gUm8NBjgwTDh8Bo5gduGQPxFqxY+rq2AMZcH6jqOwhXjTHMzWV4/aev86///M8pFots376D3/md3+bRRx6hqanpuh6pvh/geR6lchljTK2HqmPXh2st7VqQd+e1i5ZV6+V6NZh0HAfbWjqYG1ixgt/93d8lmWzgzTff4Nv/5b8wOzfHls2baWxsxGjD1PQUu3d/yN69e4nHYrz04ou88MLz9Pf1LTqesiwi0cj8+T3Po1Kp3LTVgJofInVntcLmuv832Hf8eapVpS7dt/Taa5ZS9DX08FzvMziWzQeje9BG88bQz0lH0zzS+SDpSNN16/W1z0RxEgM0hBOE7TBKKdamV3Muc5Hz2UvkvBwXspf5cGwfL654Dl/7/GzoHa4UxljbuJr1zWtJhpN4gUfIDhG1wxT9EtpoZitzaPPpBvBCCCGEEEIIIYQQ4ubufuVqogWrazPB9MVa9erVoVFao6cv4R38HtYTf4yKpWs73GH7eH3hAAAgAElEQVSY9kkYo9H5SfzL+wnGTqIWBos6wO5YgxVvQS0MV2+sVr2DcNXzPE6fPs2f//n/Qy6Xp6u7i2/+8R+zdesWopGlWg4YAj+o9041OLZd67l6i3sRiUauBb93WE1bCwsVRtcevXcdd1GF6VWWZbF2zRps26ZQKPDmW2/x6quvsufDPaQaG9FaMzMzg+PYPPHEEzz++ONs3LCBZDKx5PFCrktbWxuRSIRcLkehWGRubm6+EvVXcfUx//mfMQRmcUXuUjQG/+q26urxDKbeNkCZWr9dbTQK6G3o4qsDX+Ri9jJX8qNkq1lev/QmyVCChzq2E3bCtb6oxuBpj/HiFApIOHEc5aBQJMNJNjSvZXDmFAcmD5OpZPnF8Hs82vUI2XKWPWP78QKPnR3bWZHqw1JWrd+v5RJ1YhT8EhrNbHmWQMJVIYQQQgghhBBCiLvmroerKBt39VME5z9Al6+1BsCywCvin34H5biEH/9jCMUB61cO25ZijMFU8vgn38C/sBtMAJa9IJg0OCufQEVT1wW81ypXa8Hk7SpXjTHMZTLs3beXmdkZXMfl6aeeZmBgxU2C1atnN2hdG0x1dVDVre6DbTvoICAINKFQGNd1b3sPPN+rDYgytXPYtnXT4VzGGM6cPcfff+8fGJ+Y5OWXX+bRRx5GWRaz9VC0KdVIQ0OSaDR6XSXuUlzXZdWq1Xy4+0MmJyaYnZ1lZHT0UwlXA6PRmPk6U2MMgb7DcNUYKtqvB6u1UNTXtb6wCTeOa7kE6Pq2Gm0M/Q19/MnWP+Jf7v0/KHpFLmeH+enFn5EMJdjSuhFb1e5Fxa8yWa4Ny0qFU7i2O3+t/Q19rEuv5vjMSXztcaUwyhsXfsZEaZK5yhxbWjexrnkNyVASAFvZxNwoUSdauz5jyHsFDBKuCiGEEEIIIYQQQtwtd+fZ+xvYLQM4neuxwskbqiwVeEW8Y69Ref8/YvJTH6MK82MKqnjHX8U/8RrkJuHGx8ajDTjd22r9YRe6oS2A0bdfXzab5fiJQUKhWu/W1tbW+T6lSzHG4Hkevh/gOA5+4BMEwU37u17d/uqwJTfk3jbcBNBBgO/7AFjKIljw841yuTzf+ta3eP2111i7ZjVffP55Ojo6aG9rY82qVaxdvZqOjnbi8fhNH+2/0Y5tD9C5rBPLsRkfH+f4sWPkcrk72vdWKtq7Vn1KLWwtBZU72tcYjdYBqt4YQBtNRVfR9XYBC/vs2srGUTaO5bCisZ+vr/wqcTeOpSxOzJ7ivZEPuZwdhvpxin6RmdIsoEg4MawFn7lEKM7a9GrWp9egAU9X+cH5n/DelQ/xdcCOtgdojV4bCmYpi7AdIuqE69XUmmw1d0dtKoQQQgghhBBCCCHEp+OehKvYYdyNX0K1rsIs7I55tWIx8PCO/Jjyz/5PgpGDmGrxUz29LkxR3fvXeAf+gWBmqH7q+uAkDMYO4277OirZXqtmXbivMfVq0quv3D7M0oGmUqlcLYakVCrecjhVrYrUplQqXbe2m/F9n2KxWF+TolgqU616t10XgNZ6fkBXoDWet3S4euDgQc6eO4eyLFKpBiKRMJZlYVkWtm1j2/Z8de2dVp729vby4PYdtLe1UyqVOHnyJLt3f3hH+17l+z6zs7PX9cK1VS0YvVaDbLiT9wlqoWXIdghMUD+GwdM+xmjyXpGq9rCUwtTbB/jGr71fls2zfU/y2LJHiLkxtNHsHt3DTy/+jKniNL72matkyHl5lKq1Arha0Qq197i/oY8dbQ/gKgdjoBpUKAUltrZsYl16DYlQ/Lp761ouMTde2x+YKs7gae+Oh6wJIYQQQgghhBBCiF/NPQlXlVJYratwVn0Oq7EbAn/hL2vfgyrB5QNU3v5/qR78e4LJsxiv9InPaYzGVHL4F3dT+cW/xTv6KiY3Xhtipeaba6KUhZXuxl3/RagPHLrhQPW+prUfPd9fNOTqRrFYlJ6ebnzfx1KKE8eOk88XltxHa00mk+GHr/yQUqlUD3ItLMteMrQ0xhAEAZVqZf541WoF3799uOp5PpVqFd+vVXm6jkM4vHTP1WKhgO955HI5BgdPcvT4cbLZLJVKBd/3KZfLVCoVqtUqvu/fMjy+ynVdnnnmGbZv24bruly8dIlXfvhD9u7ff9t9jTHMzs7ys5//gh//5B+v+12gr1X5GhYPIbuVQAeUvDIWV8N26r1uFb72awOjVK0dxI19XGNOjC/0Ps3yhj7ClkvRL/HRxEHeGX6Pkl+mElSp6mqt56obXzRkKxlKMNC4glWNA/jar7UiNprPdT9KW6z1uiFbV3uuJtwYRhmMgenKDNWgev0/WAghhBBCCCGEEEKIX5u733O1ToWiuCsfx8xexitnMeXstYFSV0NEr4SeOI1XmCEYOoDdtRG7extWug8VSaHs2/QVNQbjV9C5cfTUWYJL+wjGTqBnLoNXrp/qWrCK0ah4C6Ed/20t9F0izHRcFzfkzg8O8rxbh5hKKRobG9mxfQff+94/AHDk2DHefOstnn/uOTo7O+Yf4S+VSgwOnuTNt94il8vR0tLCxMQEmUyGTDaL53k4S7QT8H0fr+rVLsEYfM8nCG4fbjqOjQ50fXCWA6ibPtLf29tLU1MTJ0+dYvfu3YyNj9HZ2Uk8FicUctHaYNs2bv3+JOIJ2tpa6enpob+vj8bGxiXvTV9fL//NP/tnBEHAz3/xc/bu20vVqzLz9d9m54M7aGxsvG5NgdZkM1lODJ7g3Xff5djx43ztq1+7Lnj2tY+vfWrRqEIbTVXfWSWvwaDRaKOxlIUxUPYraKPxjU9gAkx9oJUfXF8lqpSiJ9nFi/1foOJXOJM5x3R5ht1j+3Asl0pQO45NrZUAXP/5si2b7mQnD3fs4OTs6fl+ruua1xB3Y4vCdduy5gdmoWC2MkvJL8+vXQghhBBCCCGEEEL8et2zcBUUKtmOs+ZZTDmHf+Zt8Ku1wVbzm1i1gDQ3QVCaRc9eIhg5ipXqRjX1YDW0o2JpVCQJlnNtOJZfxpRz6MIUJjOKnrmInhvBzFzGlLNcDd0WVqwaY1CJFpw1z+As34Wylr41vu9TqVQIfB9vQZXmrfqMRqNRNm/ayJdeeokfvfoqmUyGH7zyCpOTE2zcuJGGhgaKxRLDw0MMDQ2TSqX44otfJBKL8b3vfY+5uTneePMNcrksGzZsoK+vj4Zksr50Q7Xqkc1m8LxaFWqlUsEPln68fyHP9+v7eCilKJfL+L5POBxetG1vbw/PPPM0pXKZM2fOcODAQUKh4ziOMx/6ObaNVW8REAmHaUilaG1pYfWa1Tz80EPs2L590aAt13XZvHkzAPF4nA9272b//o/IZXPs3v0B6zdsoLkpTSQawfd9JiYmuXDxAufPX6BSKbN1y1Z2bN9+3TEDUwtHrw7H0ibAC+6wTYLRVILqgpYCujbQqt5rVRtdC2Dr25WCCnHi8/s7tsOm1g2MFEbJVrOMlya5kh/l50PvErLd+VYAtrKXyu6JuwlWp1exIrWcc5kLPLFsF03hxiXDUkvZhK3wfERb8stkqzl8HdTDWyGEEEIIIYQQQgjx63RPExhlOdidG8BoTFAluPAhxitdq2CFWgCqFAQ+OjOKnhtFOYdQsab6VyMqnKiFq1dHOvkVTCWPKc5iCjNQzoL2ma8UXBhUXQ1W42mc1U/hbvkqVix98zWjaGluYfu27cQTCTo62m8brtq2TVdXF3/wB/89oXCIwcFBhoaG+PFPfsK+/R/R2JgiGo2RTCYZWLGCJx5/jIGBAdJNafK5HBcuXmRmeoYzZ87S0dFJd1fXdcf3A5/+/n6WdXZRrpRpaWm5o6FSnufR1dXNzp0PYSlFW1sbfhAsuW0ymeTpp56iUq2Sy+W4cuUKzc3NNKQaiMfiRMJhPM+jWCqSmcswPT3N5aEhlFIcOnyIkydPUvU8Hn/00UV9WZPJBDt2bKelpZm1a9dw+PARzp49y1tv/Yz9Hx0gmUwSiUTq9x8ikQhdy5axceNGHtq5k87OjuvWGrbDbGxeTzrShFKK5kiahlDytvcDwLFcOuMdPN3zBLay0UbTHmvFVjbtsTa2t22lr6EXS1l0J5bhLBF6JkMJHul8EGM0Q/kRXKsWqrqWw/KGfqqmSldi2ZIBqGPZdCU6eXH5Fzg6Pcijyx4i4kSWbAkRd2KsaVpF3stjWw7GGGJO9I573gohhBBCCCGEEEKIX40yn4HpN8Yr4w8fxD/8ffzLH0ElX69gvUlIVHv+/frOkqoWfBqu9kM1879QSi35iP/V46hEM/byR3C3/hZOx/qbnxcoFIpcvHiRy0NDRKNRLEvxyMMPX1fBeTNaa4ZHRvjoo484cWKQyclJgiAgFo/R093Dpo0b2bJlM42NjfN9Qk8MDnLp4iXKlTLNzc2sWL6c9vb2+epSrTW5XI4P9+wlHA5TLpfpWraM5cv7SSQSt1zPzOwsZ86cIZ8vgIHGphTr160jGo0u2jaTyXD8xAn27t3H2XPniEWjrFy1krbWVhoaUsRiMcrlMvl8nqnJSS5cvMix48e5dOkS+XyOcDjCE088wb/8F/+CxsbUkuGvMYZCocDQ8DDHjx/n7JmzTE5NUS6XsWyLWDRGT083a9asYe2aNXR0dCyqhAXIVwv1Cs5a9a5t2TSEkiRDt74fABW/wmxljmpQq+bVOqAp0kjcjZP3ChSqBXwTgIKwFSIdacJdoj1FoAOmyzMUqgUcy8Wxaq0AAqOpBhXSkSZibmzJitRAB5T8MrOVOTrjHdjKWvKz5WmPXDVPtpLDtmpBcDrSRMyJYt8wiE0IIYQQQgghhBBCfDwvv/zybbf5TISrAMYrEUycwjvwXYKhA5jiLNcqTW8eWi5cvFritYWvL9yr1kFAoeLNOCufwN3wReyO9ddXtd7Jum/ouXmn++TzebLZLAaIx2IkEoklg8LPglKpzLu//CXf+4fvUa1Uee6553jqqSdpbWlZsgdsEATMzs3x/vsf8Oqrr7Jv/36q1SqpVIp/92//Ldu3PbDkfgtpbahUKuQLeYrFIrZtE4/HScTjn9n7JIQQQgghhBBCCCF+c9xJuPqZacyo3Ch250asx1vwTr6Jd/RHmMIsBJVahSksGbIuFWcuGbLe8INyo1iN3Tjrn8dd+3msZPsnW/cneARbKUUymSSZvLNH1e8lbQxHjx3jP/3n/0yhUOB/+MM/4Ktf+cqSfVmvsm2bluZmXnj+ORKJBFPT05w4cYJqtcLxE8fZunXLbT94lqWIRiNEo5FP94KEEEIIIYQQ4lOQqWb5Tyf+P94f+5CRwui9Xo74hLrjy9jV8RD/0/o/JBVquNfLEULchz5TI8WV5WA1dhPa+XtEXvgznIFdtWFVV6tJr7YDqH/d9njGoOr71NLV+j5OGGfFLsJP/S+EtnztEwer/xRUKhW+852/4ezZMzy6axc7H9x5y2B1oVAoxMqBFWzb9gBBEKBQZDLZO3rvhBBCCCGEEOKz7N8c+Uu+e+4HEqze54YLV/juuR/wb4785b1eihDiPvWZqVxdSFkOTvc27Pb1BEP78E69RXBhD6YwXctHlXXLVgHXMQtD1RD2il2ENn0Zu2sLKvzZrxy914aHRxgcPInv+3R0dpBqTH2s/WPxOC0trbUeq0rR29ODJQOXhBBCCCGEEPe5D8b23OsliE/R/smD93oJQoj71GcyXJ3nhLF7HsRqW4ve8BJ6/CT+yBH0xCl0bhKMvlYFqfX1g6uUAmVDNIndMoDVuR6770Hs5gFUOAFO6N5d130km81SqVYBhes42PYnGZRUe4/C4TD9y5dj3WLYkjGGarXK9PQ0vu8TjUZpamrCcRx83yeXz1MqldBa49g2iUSCeDwOwMzMLJVKZb6yWVmKeDxONBqlXCphjKGxsbF2Xbkcge8Tj8cJha59FrTWlMtlZmZm0FrT0JAimUzMX3e16pHL5SiVijiOQ0NDA7FYDKgN/fJ9n4aGBlzXpVwuUy6XcV2XUChEJpulUq5gjAZUbe2JOG69/6zn+RQKBXK5HI5jk06nCYVCBEFAJpOlXCnXPu+G2rXFYqRSKZRSGGPwPI/ZuTkSiQTRSKTW27dQQAcBiUSCSqVKJpupH8MQCodpTKVwXXe+vYUxtV63mUwGlKK1pQWlVO21bBbHcUjE44TD4fl7lclmaWlunh/qVq1WyWZzRCJh4vE4xhjK5TKlUonGxsb5e1ksFikWiySSSSILqqFrnwGP2dlZPK9KKBQinU7jOA5BEJDN5SjV309M7U89FovR0NAw/76lUinC4TCe55HL5QkCn2QyiWVZzMzOooOgXghvCIdDNDQ0EAQB1WqVaDRKJBKp3/fM/LXm83m0MVhKoY1BAfF4glRKHh0SQgghhPinJuflmanM3utliE/RZGmKnJcn6d5+ELIQQiz0mQ5XlVLgRlBOGBVpwG5djbPqKXRxBpMbx+Qn0fkpTCVfq1ANPJTtokIxiDVhJTtQyTaseDNEkqhQHOxQrSerVE/eEctSWJYiCAKKpTLVavVj7V8qlpiemkYpxfIVy1k5sALbXrobhdaayckpDh89wtjYGIl4nHyhwPL+5WzZvAmAw4cPM3zlCpFwmMAPcFyHB7fvoKtrGe998D7FYpFwOIJlWTi2TX9fH62trZwYHGRyaoqXvvgC0WiUU6dOMzc3y+bNm2lva6udPwgYGx/n8JEj5AoFLKUoFIs8vHMn/X19VCoVjh0/zuXLQ7VAE4hEwjz6yC5aW1s4cuwYc3NzPPLQQ7S0tDA+Ps7Fi5dIp9N0dS1j9+4PmZmdJZGIE/gBgQ7YuGEDK1cMgIJTp89w8vQp0IagHog++bkncByH3Xv2kMvliITDKEvhui693d0kk0ls28YYw8zMDL945122PbCV5f39+L7PiRODlEolNm/ayOjYGPs/+mg+YC4UCvT29LBu3TpamptRqvY+T0xM8M4v30PrgK9++cskk0lOnjzF4KmTNKfTbNy4kWWdnZRKJQYHT3Lk2DEe27WLgYEV2LZNJpNh94d7aEgm2bx5E4lEgkuXL3P+wgWe+tzniEajAOzdv5/Ll4fYuWMHK1YsJxQKobVmYmKCw0eOMjk1SSwaJZPN0d/XywNbt6Isi4OHDjM6OkoiHkcpheM4dHUtY9XKlbz9zrvk83l27XqEFcuXMzIywsHDhzHGsGXzZiLhCG++9RaJZIKQGyLQAc3NzaxdvYbJyUnOnD1LV9cydmzfTqVSYfeePfT19BAKhTh/8WI98PVwHZeGhiT9/f2kUus/4V+XEEIIIYS4X0kA95snMIG8r0KIT+QzHa7OUwrlhMEJQySJnWyH5uUYrwx+BRN4te2MBmWhLAecEMqNghNG2e61vq3iY1nW2UkqlWJoaJjRK1eYmZ6htaXljvYNgoCh4SEOHT5EU1Mjv/W1r5GoV5kuJZfLcf78Oaanp9n2wAO1YVhTU5w6fYbW1haa02mKpRLxaIxNGzdQqVQ5c+4ch48epaWlmdm5Obo6O+nt7SUWjaFUrXLV86rk8zmujI4yePIkWzZvplwuUygUCXx//vxVz2NyaoqJqSm2P/AADckGTp46SalUwvM8Tp85y+TUND093XS0d1AoFhgeHmbf/v08+8zTVMoV8vkCfhAA4HkexVKRWCWO5/sUS0VamtNs2rQJrTVHjh7l8uUh0k1pSqUiV66M0NHWRnd3N8VCkVNnzpDJZmlMpcjlcrS1ttDX20s4HEZZFvFYrNZuoc73fXLZLEH9/MYYSqUSxWIB3/eplCtordm6eTO2bTM6Osq5Cxdoamoi1dBAKBTCGIPvBxQKBTzPY2pqikgkwtj4GLOzc0QiUTzPwxhDLp9naGQEr1rl1JnT9Pb2YFkWOqhVeY6Nj9PY1MjqVavwPI98Po/RtSrmQqHAyMgVcvk845MTtLa10pxO1z4DFy4wOzvLtq1bSSQSjE9MMjU5SalUIhwOUyoVScTjbN1Suw5lWUSj0Xqlbp7ZuTnm5uYol8vMZbJMTU0TiUaoVqvYlk0un2fbAw/Q2NSIQhEOh0gmE1wZvcLk1CQVr0pfby/xRIJcLke5XKazs5NYPM75c+e5MjZKe1sbKwcG7ouhdEIIIYQQQgghhPj1uT/C1QWUssC2wHalZ+pdkE6nefaZZ5mYmOTDPR+yatXKWu/Vhls/Cu0HAceOHePHP/kJ09MzvPDCCzz5xOdu2lbAGEMmm2VqeprO9nZWr1qF8/+zd+/BUdx3vvc/MxpJozuakRACIWZXFyOtLyxQAeJRjsVZx8kTO3FslwFvioL1OjnB7IHnKMcbqBAs2zFZe9lHnDLss3E58FAxApedOLH3JLAp8EGyhRPQOjhBICAeQBiwNFwkJKHrPH/0zKhnNLoNEpLw+1Ulm+n59a9/3T39657v/PrbNpumZmbqXEODLl68pPi4OEkWxcXHacqUKWpra5d8PrW1tcnn8ynGYlFbe7txC/2NG4qLi1NCgjGKNSbGpsSEBB0/Ua8Z06crNi42JDApSVarVbG2WPX29ur8+U/Vk9Wt6dOnKyMjQz6fT5/6R8wW5OcrIyNDN27cUIzVqpoPf6erV6/KarXKYrEodEy08doiBdNWxFhjZJFF3d3dikswRk9e/Owz9fT0qLCgQFlZWerq6tKUKVM0ZcqU4Lxtbe26eu2a4uLijHWz24O388tfxmcx8uR2dHSqu7tLTV6vEhLsRjssfeUCt/D39vYGp5nrsdvtSp8yRRcvfaa0tDTd6OhQYmKiYmNtwRQEV69cVVdXp/76r+foT3V1unL1qqZmZsonI+VAb4sR0E5JSTG2i8UiWYwRyh6PRynJyZoxPVvXrl1TY2Oj0qdM0ZWrV3Xps880Y/p05efnS5KSEpM0JS1VCQmJ6u3tkXzGg9auXL2qGGuMYmw2OdLTZfFvW0d6utra2nT58mXduNGu2Fhj3/t6fcH1bG5ulizGgHdH+pRgygB7vF2dHR2qO35cd915p2y22OAoYofDoWtXrxlpEDIyNGPGjJDtBgAAAAAAPn8mXXAVt1ZsbKy+fP/9amxs1H/89j/07rv/rri4ON37xXuVlTVVcXFxIQGmri4jV+axujrt3bdPJ06cUEmJW4988xE5HOmDLquzs1Nd3d1KT08P5kFNTExUclKS2tra1NHRIckn7+XLOvrxH41Am6TCgnwjb6jVqta2Nl1rvqa42FjZ7XalpaXJZrPJZrNpena2JJ/q6o7LEmP1B0H72m6z2ZSVNVVFd9yhxsYmfeI5oxhbjOLj4mSLiVFHZ0cwx6rValVcXJxSUlPV29ur9vZ2f3Av9GFrFov/P/68qFevXtXJU6d09epVxVismpWbqwS7XTfa22X155CNiYlRTEyMcnNnSpKut1yXZASRr127plj/uqWGB7gtRrSwublZVqtF3d09amtv8wdhjSIdNzrkOXNGzS0t6u7q1l+4XJqWldUv6B1rsyk7O1uXr1xWw/nziouLV5o/P6t8Pl2/fl3ey17Fx8VpxvQZOlF/0kiBkG7sY2P6dPl6ffrzn/+spKSkYEC3q6tLJ0+dkiPdSJdQ+9Ef5PVeVkduhzpuGH8Oh0NWq9VIrXDmjLq6uhQfHy+73S5ZpBsdHf6AdoziYmPV092t2Lg4+SRNmzZNnZ1d+vTCBXV2diotNU1x8XHy+XP/GoF8I/dsb2+v4uPilJ7eI5/Pp7S0NCMVwbVmfeI5ExKADwSHjd1p6QsYAwAAAACAzy2CqxjSX/7lX+iRb35Ttlibjhyp1f/+37/W+fOfKj8/T05nhuLjjUBoV1eXrl69qoaG8zp56qSuXLmqBV9YoK997f9ScVHRkIEoW0yMkee0tU29vb2yWq3q6upS+40bssfbFeMPzvV096ijo0MJdrtcLpcKC/KN6b29ysjIUM70GbLb7YqNtSklOTkY+JwyJU3Ts7NV8+GHxijFuPiQ1Lvd3d3q9fk0bdo0TcvKUmNTk07U1+tE/Undfdedslqt6uzsDOad7enpUXt7uyQpLi5OsbGxslr7Rq729vaqt7fXWIbP5x8RmqCExASdPXtWDke60tOnKDExUTExMer1P1DJ5zNyrl66dEnJySn+mKlPTqdTOTNyFB8fJ5vNWLcQPp8ki5xOh6ZNm6burm61trUq8EAxSf4Aboq8l6+oublZd975V0pNTQ0JIgYeBuZ0OvRZ42eqP3lK07KyFGuzyWq1yifpypWrunjxonw+ny5cvCCr1aJTp0+ruGi2Altg2rQsWWSR58wZXb58WXH+h1a1XL+uCxcvKj7eLq/3sm60Gw8Qu3btWjAQHhiN3Nvbq5aWFn3iOaPExETNmD5dFotFqSkpyp050z8qOUax/nytPb09cqSn6/Llyzp3rsEY/ZuWphud/ged+Z+ANX36dKVPSZfkU1JSkmJjY9Xb06sEu10zZ85Uk7dJx0+cMLZFhJQiwYemEVwFAAAAAOBzjeAqhmS1WnXXXXcqKytLC77wsQ4dOqT6+nqdOn3aeCp7XJwsMVZ1dnQYgdGeHuXMzNFDDz2ku++8U+npg49YlYyRgMkpKUpNSdW5hvOa0dCg5KRkeb1eXb16TXf+1QzjAUaSsrKmasGCLyjFP8oz8DT7QHAsKTlJiQmJCgQVe3p61dvbo57uHs2YMUM5M2boo6NHlZU5VeaRqx2dnWpoaNCFixc1d84c5efl6cqVK7rW3KKYmBhlODPk9XrlOXNG3d3dun79us54zmjKlDSlp6fL4biqs+fO6bPGRklS0+XLwRGXgWBc9rQsfWH+fCUlJuoPR4/q/KefqrCgQE6nU83NzfrkE496envVev26av/zI82b+9dyOBySpMTEBKWkpCguLjYY1AsEoSUj4CdJ07KmKe8v/1JdXV1q9DaptbXVH1g0RgLPueduzcqdqf9zsErnzp1TakqKpk6dGqyn12cEhZOTk5WUmKTj9fUqKMhX71McZaoAACAASURBVNUe9fb61N3drcuXL6vlequmZWXpWnOzHOkOnTp9Wo1NTUqIt6u7u1s2m00zc2aqta1VH/3hqKZnZxt5eM+eVXy8XTExMWpta9OU9Clqa2vVxUuXlJ2dLafTqbMN55Q1LUvJSUmalTtL5z+94F9nY73j4uKCt/IHRsMa+WK7lZiYqNbWVl05d06pqSlKTE3R9dZWI/bsM2pITUlRcnKyLBbj8x0I5Pb09io5KUnJyUn68yceeS9f1uzCguBnxOeTev37EgAAAAAAgOAqhm3q1Ez9zX9drHu/uEhNXq8uXrwkr9er1tZWxcXFKj4uXs4Mp7KnTZPD4TBu4R6BtNRU5ebOVKPXq8OHjygjI0PnP/1UqSkpypkxQ3FxcbLFxspqNW7Vj42NldQXVExITNDFS5fU2dml2NhY+Xy9ypqapdQ042FNVqtVsbGxuufuu3Xm3DnFmoKUkmSPj1eCPUGNjY06fKRWU9Kn6MLFS8rPz1Nqaqpm31Go//zoDzp56pQaG5t048YNXb9+XfPmzpXdbtf07Gz96VidTpyo1/lPP9XVq1eVlpqqrKlT5fP5ZLPZZPXfSl5YUKA/ezxqaDivqZlTNTMnR1euXtWJkyd1+cplXb/eqra2NqWkGKNK7Xa7Pr1wUW1t7UY9VqumZmYqPz8vGBS1WK2y2/sCuZKR6iAu1kjdEBMTo/g4I6dsRkaG7rijUEePfiyHw6H09HTF+0eWWi3GdrLHxyt72jR9euGCpqSmqq21Vb29PnV0dKitrV3Z06bpvi99STG2GN24cSM4InX6tGzFxsYqxmpVWlqqcmfm6vynFxQTE6P29nadbWhQYWGB5s6Zo/j4eLW2tup3v/+9rjU36y9cLs3KzdWlS5f0+98fVmZGppF+wJ9nNz7e2O9NTU36+I9/VIzVKos1RlMzjRyosbZYxdvjjXWaMkUpqalKSEiQ1Wrxp1uwKj4uTsdPnFBSUrIkn+zxdrlcs2SNscpmi5HFalF6erruuesufXDoUDCAL0kxVqtibbYBcwcDAAAAAIDPl5hnn3322fFuBCaX2NhYpaWm+h86lKfioiLdUViovLw8Tc/OVkpKimy2kcftY2JilJKSouxp09TV3a3W1lblzszRX8+5R+np6bJYjFvA09OnKH3KlJAAl8VikS3GJrvdbtyab7HIYrUoOTlJjvR0JSQmasoUYz673a7ExEQ5nU5lOJ3BoGJg+VlTs9Ta2qr29jbl5+epaPZsJSUlKSUlRRkZTsXFxqmjs0NT0tJ09113yeVyBR8ClZWZqe6ebnV3Gw/Dmn3HHcrIyJDFYlFsbKwyMzOVmpqqmJgYOR0O/4hd42FJGc4MJSUmqr29XU6HQwsXLpDDYTyoycgtalNMjFWSRTExViUnJSk9PT1kO8TFx2vatCwl+fPCWi1GgNPhcCguNk7JycmaOnWqLBaLHA6HbLE2JSYmKjEpKZg/12KxKMFuV0ZGhpKTk5WSnKycnBmyx8crJTlFcXFxSk5OUs6MGUpPT5fVapXNZjPWyx9QTU5OksPpVHJSkrGtHQ6lpKRoypQ0dff0qOiOO4L5ZePi4hQXG6vEhAQlJyfL6XQqOztbvt5eXb9+XRmZGZpzzz3Gg8hiY4NBcovV2BZWq1VJScb+jI01cuumpaUFA9tpaWlKTExUhtPpX89YY35/7lRbbKwc6Q4l+/dxenq6khKTlJqaKnt8nKZNmxYcJSuLMfrX4XAoKSmJtAAAAACfYz+p2zHeTcAo+3bxilu2rMbGRlVXV+vDDz/Uu+++q7Nnz+rChQtKS0tTUlLSLWtHJHv37tVzzz2njIwMzZo1a1zbgomjublZH3zwgX70ox/pX//1X/X666/r4MGDwe/xgdjK7Wbfvn1DlrH4uL8VAAAAAIARmf/WfWO8hO/rzUe/IlfItOs68ocH9Z1TI6/H2fiKSg++OaotHI5lX3pXZZmX9c5by1U+zm0ZyuFH3xvzZdTV1ekXv/iFjh8/PmCZ2bNn65vf/KaKiorGvD2RvPjiizp+/Lhmz56t9evXj0sbMPF88MEH2rp1qzwejywWi9LS0tTc3Kzc3Fw9/fTT+uIXvzjeTRwTZWVlQ5YhLQAAAAAAABNJfoUO3DNHanxF801ByGVfeldl97ynA9MnZnAyksqDD6pyvBsxQVRVVenVV1+VZARQS0pKlJGRoaKiItXV1ampqUlVVVU6fvy4Nm3apKeeekolJSW3tH2B5UvS8ePH9eKLL+qBBx7QvHnzblk7MPH09vbq008/1ZEjRyRJKSkpevLJJ1VRUaHa2lp9+umnIc+E+bz5fK41AAAAAEwojdpfvlzLt9cNXKRuu5YvX67BigytTttvuo5G1dU1Dr/0/nItL9+v4c+BjX85RymdH+knYQHUyoMP6p0WKSXNrWXj1DZEJxBYTUhI0Lp167R+/XqVlJQER6cWFRWppKRE69ev17p165SQkKBXX31VVVVVt6R9P/nJT/Tqq6/2G1F7/PhxbdmyJRgUxufT+fPndeLECTU3N0uS7r33Xt1333269957ZbPZdOLECV28eHGcWzl+GLkKAAAAABNE3tk3VL5/lTYuzgx7p07b3zirvHFplVmj9peXqapkszaOzx3Lnx9xDhVGmFy+7z6VB19Fvs3euBVfYSkE3Hrz0dV9aQY6P9Lmd9aaRpU+pn97aLXmxZkW1vIbzd/3Y9OE8DLmNAVGW9T4kZyZc5Tin3/zDbcpLcBw29JXX19ahGhSIkwMdXV1wcDq+vXrg3lM6+rqtHfvXrW1tUmSSkpKggHX9evX68UXX9Srr74aHN06Vn7+85+rurp60DJVVVVyOp165JFHxqwdAXXbl2uT1mnnStM6N+5XedkOacXm0P6xbruWb5LW7VypobZQxHonorrtWr7pQIQ3Soe1nsNciLYbG07D2RyffPKJmpub9d3vfld///d/L5vNptjYWJWVlamjo0OXLl3SuXPnNH369FFp3WTDyFUAAAAAmChKSpRb9XH/UZ51h3S2pES549Em3HLl3rOScvXQo+/pzVG6Gzslc46cja9o/lv3af5br+iI5qjsoQr/CFh/0FQfafNb9/nL/EaelK/owJce89fwfb35aGiZzY3SvHve1b/l9y3HlZmv+j/46wgJzA63LTLSIjz6FblafuMvE3lZk8UvfvELSdLatWuDgdWqqipt2rRJtbW1On78uI4fP65XX301OEJ01qxZWrt2bcj8Y6GxsVFvv/32sMru27dPjY1jPwa9aGGpdPZCaD/YdEan8/KksP6x8cJZKW+WMsa8VbdY3gpt3rlTO01/m1ec1abl23VTNx5Eqbe3V1OnTtX8+fNlt9tls9nU3d2tmJgYlZaWaubMmfo8P9KJkasAAAAAMGHcpYW5ZXq3brFpNFGj9r9xViWrFupMePEII5zygiO76rR9+RuatSJXO3YckDHqaWF4Bdq+fJMOKE8rNm/U4kwFR4idDhQpDYz0Mkat7jgt6XSZllet0OaNi9W0fbk2aYVWnN1hvBcyTwTh9Uco37i/XGU7+krkhYxWM7XDmHkUR3NNEEeWa3PSuyrLTJbL9Z4OB4ZvRhzhOUwtvzGNbn1T36lz68A9c/ToPKnySL6ccVJLY7Wp7h/rsbf6gqPLvuSWS2f1jmn5lQd36L6HVqtw+mNSYERpS/XQo0sHbYs/LYLO6h1TcDawrHlFFVp2KsptMA4aGxuDD4cyjz792c9+JkmaO3duMOdqbW2tqqqq5Ha7VVRUpKKiIs2ePVvHjx9XY2OjMjPDR7TfvMEerBWura1NZ8+eHZN2hMiYpbzTVfq4cbECh33doQMqfXyzZr2xzTS9UR9XnVZeySoFe4eQvsPUr0UwaNmQvjX0vcb95So787jWaZMCRUrX7dSDF0z1hfeBYX116TBHjJplLn5cpTve0IVGqShSXx3Szv4jUxv3l6usqkSbNy7WSPdgTk6OWlpa1Nvbq2vXrikpKUmSdP36dVmtVs2ePVvZ2dmD1tHT06Oe3t5Bg7AxVqtstskXqmTkKgAAAABMIEULS3XgkGlsUuPHqlKJ7gr/Nty4X+WbzmrFZvPIpjyd3rFN+4NDu05rR9Us/wio8ACkP7Bauk47d/q/kNdt1/KyKpUE69ysFWc3+XPBZmrxxs1akWcEO3eav6Af2KGqks3+edap9MAmle+PNMKtTtvLdih3nWlE1rpS6cCmYB5YI+ChvvXavELaUeZ/v07bl5eZljW+o7nGUuXBB4OjNt9p8U+Mm6OyR98zjSYdvpYbYRHPU9Wq75Rczu9L+rE+bpFSMlfr8KM7tTHC/IX2ZKnzsupDpr6p77xzX0hKgn7LGXFbvq+7UiS1HDOlETCW9d616wOmS5ioamtrJanfg6nWr1+vhx9+WGvXrtUDDzygb3/728H36ur6Ps2B+QL1jLaRjkQ9c6bfTzyjL/MuleSd1pmmwIQ6HTpQqoVFmcrOPa2qjwNtbtKZ03kq8XeOweBhsG/J1Y6yAfqGuu0q25GrdZHK1m3XcnPfui5XO8rKFdKlHdikQwv7+t0Dm5ar7MzjwT4r78AbfeWDqQv6+rSzm8LqGyl/YLWvL92sFXmntWPb6Oe3/uMf/6hLly6pp6dHH330kY4eParu7m51d3ertrZWH330kXp6enTu3Lkhg/Vtra267PUO+NfZ2TnKrb81CK4CAAAAwERStFClBw4FAwKNH1dJJXf1H2mUuVgbd4aOysq8q6RfXta8SPOaA6um4VN1hw4ob8UqU52ZWrwqLFAQSd4KrQrOVKSV60p1ese7EYIaRVq5M2zEVtFClQZf+EeimduQuVgbA/PUHdKBkGVJmYtXaUXeAb1xU5GKia18n+lWfUkpmStGfHu8t/XNQd8v33ef5nv60hEcfvQ9U6D1MU2Pj67t0bRFkpTyFX8b+v7KMpNHrxG3SCB4mZEReuP6rFmzgvlL6+rq9OKLLwbfM49wDcw3VrfjB/K9TiyZuqskr+9HpsYLOuu/9b9oYalOB1IDNF7QWeUq2z9S890d0opVph99ilZqXWmkvqFR+984oLwVD/b94FS00v8DVOA9Ux9UtFLrSk9rx7umHi1vhR70z2z0u3la0TfBFBw26itdZ/pxK3OxVq1QaH3DULd9kw7k+X9oM/eLpm02mpqbm3XkyBGdOXNGVqtVycnJ6unp0YkTJ3TgwAEdOHBAp06dUk9Pj5KTjWPzz3/+s44cOaKWlpZ+9VksFlmtVvX09Kijo6PfnyTFxMSM6jrcKpNvrC0AAAAA3NaKtLB0kw7VrVRRUaM+rpJKVmVKahqgfODW/oA8mcfI5Wb3D60e2LTJKDnLHPBp1IWz0ukDZVq+I3yO0Dr7yc0ODeBmzFKeqnShUQPkQgy/tV/+AGuTzpyWch+PfNNqo9FAlfVvoPIGbeAkkl+hA/fMkddznx47Ev7mj/WYp1iHXblypo2sWmfSY5KGCGoeWa75gWX62/HQozult341soWNQltawh7SNVmdPXtWkgZ8INWRI0e0ZcuW4Ou//du/DSkb+HegnrFq33CNJI3AzcjMzpWqLqhRRfJ3gkYfU7RQpacPGb3hx1U6Xfq4EbRsvKCzOq0DZcsV3jvkrQivfbB+JvJ7GbPy1D8vi1kgyBu5vgOblqvfI6pKI5X3O70jQj9XqnU7w2/pD+v/R7Ej9Hg8ampq0pQpU+R0OpWUlKTi4mJ99tlnunDhgiQpNTVVmZmZmjp1quLj4+Xz+dTU1KSEhAQVFxeH1Ge1WmW329XR0aHu7u5+y0tOTp6UKQEkgqsAAAAAMOEULSzVpkN1WplxQVUq0apIX9pN+fbyVmzWzsWZ/mlVQy+gdJ12Ljyk5Zu2af9dgdGvRhAgL/xp3KPKFAgoXaedG4uC04ajyWhgVDkDJ41T1aovmqN50yu07MhAuUWvy3tt4CoK7cmSrodMS7GHDXXNd6swTvJ8GvmhUzq1Vj+Z/q7KMh2anv+m3ru2QvMy+9+Sv/HL7+mh+I+0+Z2Lg6/XCNrycctX9FCaW8v0Zsj69y1r8uRczc3N1fHjx1VXVxcxwLp3715JUkJCgtavXx984FVAIEVAbu7YPM5upCNim5oG+pFnlAWDqI26EPyBSTL/+LTwzOmwH4gGz7E6nkacY3XIfq6vLw30/0ZahJtuatCpU6eUmZmprKwsxcbGymazafbs2crKylJra6skIyA6ZcoUJSYmKiYmRtnZ2bpw4YI++eSTfsFVSYqNjTUCrJ2d6u7qCk6Pj4+XPSFBVuvkvMF+crYaAAAAAG5n/tQA+wdKCSAjXcBp/xOlg8HQpjOhD4oaQOnCIqnowbAcfRmalSedPhNF8CTSk70jjeSqO6QDKjVyDwafsnJBfWPnjDacvRA54JNhNHDAMby3hzf1nbqP1BI3R2UPVWiZ+a38Ch1w5aqlcYf/oVGBXKlf78uTOm+nHkqJUG3KV/TmvMCL7+vNe+YopfMjvXXE//rR93T4y983zfCY7ktLljpP6b1TUuXBanmUq4fMbfIvy/PpCIOdg7ZFKv+zf/3N7Yl2WeMs8PCngYKSJSUlevjhh/Wtb32rX2DVPN9YPESqrq5OXq93RPM0NTWF5IQdO0VaWHpAh/Z/rKrToX1Jxqw8nb2wX4cO9OVbVWa2cmXO0zqYwfqZyO81nRlOzzrSZd0Ef4qUkP5/FHV0dOjKlSvBh091dXWpt7dXdrtd2dnZys/PV35+vqZNmya73a7e3l51+YOlPp9PV65ciZg/1WKxKD4+Xgl2e980f8qBGKtVFotl1NflViC4CgAAAAATToZm5R3Qjh3qCx5EYg40Nu5X+aZ+N54Owp9P9fQObdvfaLx+PPThUka15VoefGBUprJzIwRgg3VIUp22bwrLZxjirPriDMYDrvrCFkbewNB8rY3aX75c5fsbjadl64A2hTZQ5cuXh7R50ju1VqVvvaIjMh5gFcw7ek++6v8Q+gCp8n2v6EinKU/q9Mva7Ol/q3dL40eSK1DXV+Rq+Y3mB0eA/liPvfUbeULynK7WPJlHif5Yj4W3yeXQkT9ESl8wuMHbElj/sPZEuazxNnv2bElSVVXkIYVtbW2qrq4eMPdpYL65c+eOarva2tr0+uuvRzXv66+/fktytWbMytPZqiqdLl0Y0pdk3lUi7djRl39UklSkB1fk6cAm8wOs6rQ9Yt9g9HUh/UzjfpUvL9f+xsB720IeSLXpgCmn6ohEqM/Up90Uc/9ft11l5jwr/qBu38MR6/TujuEHiK9evSqfz6eenh51dXWN6K+np0e9vb1qbm6OWHdg9KotNlYWi0VxcXFKTEyctIFVibQAAAAAADABBR5OYg4ehJVYvFHrzizXpuWBgGqeVmxep9yyTar6uFGLFw9nMYu1akWVynaUaXv2Tq0sWqmd66TlIfkBS7VuZ9/DWIoWlkqbNmn5AWO6UWSFSqr6crUOmFqgaKU2ryhXmSkvYum6zVrxRpl2HKrTyqIiZS7eqM0qV9ny5cHZ+urL1EqjgVpuiiOP+JbbSeFNfeed4eQcjVyuMhiE/LEee2uAW/9DDKfcYG2KPH/lwQdNI02H25aRlp24Zs2apdmzZw+YGiAQ4Hz99df1wAMPhLxXV1en48ePa/bs2aM+cvVnP/tZ1Hlcz549q9dff11PPfXUqLYpXCCIWvp4UfgbKsmTTofleu7fJw7SNwT6IlM/U7pup5FSIHOldq7bruXBfuom0w1E6PduOv1K0UqtKzWta94KbV5XqrJNVfq4cbEWZxo/nlWVBfrKUq1bV6oDbwyv+itXrshiscjn80XMjzqYwGjXa9eu9XuQm6RgQDUpMVGtbW1KSUmRdRKPWpUkiy+w1gAAAAAAjFDd9uXapHV9t/l/Tsx/677xbgJG2eFH3xuTeuvq6rRp0yYlJiZq3bp1Ibf/v/jii8EA6vr164PTz5w5o02bNqmtrU3r1q0b8IFY0frOd76j9vb2qOdPSEjQv/3bv41iizCR7N+/X2fPnlVubq7S09NHNO+VK1fU0NCg/Px8ffGLXxywXGdnp65fvy6Hw3GzzR1TZWVlQ5Zh5CoAAAAAAMAYKSoq0lNPPaVXX31VmzZt0po1a4LB0vXr1/cb0VpXV6ctW7aora1NTz311KgHViXphRdeGDBVwXCUlIzeU+kx8XR0dKi3t1ednZ1qb2+XxWIJjiwNH2EaGLPp8/nk8/nU2dkZnHcwcXFxEz6wOlwEVwEAAAAAAMZQIBgZCLDOnj1bJSUlyszMVFFRkerq6tTU1KSqqiodP35ckvTUU0+NWRAzMzNTjzzySL/pdXV1IcGzhISEiA/awu0tLy9P77//vj788MNgjtTExEQlJSUpMTFR8fHxkowgbFtbm1pbW9Xa2qobN26ou7tbOTk5+tKXvjTOa3HrkBYAAAAAAIARIi3A7Wes0gKY1dXV6Re/+EUwgBrJ7Nmz9c1vfnNMRqwOpaKiQrW1tcHXc+fO1dq1a295O4CJgrQAAAAAAAAAE0RRUZGKiorU2Nio2tpaNTY2BnNbZmZmau7cuaP+8KqR+Pa3v62KiopgHthvf/vb49YWYLIguAoAAAAAAHALZWZm6oEHHhjvZvSTmJgY8mAtAEOzjncDAAAAAAAAAGAyIrgKAAAAAAAAAFEguAoAAAAAwAhNS8wa7yZgFLE/AUSL4CoAAAAAACM0P/Ovx7sJGEVfmDp3vJsAYJLigVYAAAAAAIzQ/333KiXaEvTBxQ/V0PrpeDcHUZqRlK17py3Ud4pXjndTAExSBFcBAAAmKN+NZnW8/6q6P/lAvmtDf3H3+SRZfLLIMvaNu835LDGyOlxK/OY/yZo2Y7ybA2ACSotL1TNz1ox3MwAA44y0AAAAABNUx3v/S10fvTmswKokWSwisDpKLL4e+byn1f7m2vFuCgAAACYwgqsAAAATVPcnH4ygtG/M2vF51tt8YbybAAAAgAmM4CoAAMBE1NEiX9uVYRb2SYxYHRu9Peq9RoAVAAAAkRFcBQAAmIjiU0ZQmMDqWLKmZY93EwAAADBB2drb28e7DQAAAMCExfUyAAAABmLr6ekZ7zYAAAAAExbXywAAABgIaQEAAAAAAAAAIAoEVwEAAAAAAAAgCgRXAQAAAAAAACAKBFcBAAAAAAAAIAoEVwEAAAAAAAAgCgRXAQAAAAAAACAKBFcBAAAAAAAAIAoEVwEAAAAAAAAgCgRXAQAAAAAAACAKtvFuwLDV79KqimrJtUzPP1Mi59AzaNeqCmntNj1RGN0ivVUvaUPNomEub7x5VfXSBlV6Ir3n0rLnn1FJYCXqd8nYNE+oMPi6IbRMpLo13G0/1oz21Cx6Xs9EbjAG/Tz4udfq+ZlvT6LPeDQG3w7um+gfRlP9rlWq0FptCzamXvX1hSoc97Z5VV8vFRZOhE+Hf1/mmLdTGP95Ivr9GmXf4q3SSxsq5ZHkWjbx+yVv1UvaMMBBMVrtr9+1ShXVkuTuO9fgloh9fJ/sM1P6v3GjVje2Pq2u0VzY3K1KLi1Qz4Evq702chH7yhrF6t/Vsv2F0Vxy1CZUewLXtv30P25u2TVpfb3qCwtv42PW+H7QMEhfZ/SRGuS6OEKt/c7jQ/MaJ9jb9PprvBj7t/9R5RrR/gQAYKQmTXC1/nC15HLJ5anU3vqSWxIQcZY8o20lY7+c0RTpi7G36iVt2LBLWUN8wa15bZeynulfxlv1mmrkGvW2Yiw5VfLMNgU/vuEB9aDJ9xmPRsSAUf0urapYdVM/wIyWwie2aVvwVd8PQ+PbLFOgcQJ9y3Y1vK2Xqp6M8KW4XrvebhiXnqp+b6U87pF9qR53kX6o9FbppQ0btCvrJo8Jb5XeruaL7LiKEEi1r6yRvaxSMZuX6ca4NQz9DRBIXfVSyDF0S65Jg9cKk6gvi1bNa9qV9Uz/vs5bpddqNOJzSeh5fGh9wfLPwbYeB+E/shrfhV6SOC8BAMbIJEkLUK/D1ZL74Se1yCVVH64f7wZNKs6Sh+VWtQbfbDlatKghQhmvjtXkaNGisWsfMC4Kn9BaN/3JpLNokXJqjskbPr3+sBoWLVLOLW+QV5caJNfM2+DbmrNED4/GMeE9J49ylHUbbJLbyY3tFeq+4VLsyh+Md1MwBGfJM1rr9qjytar+fR1GRc6iRWqI0Nd5j9Uoh4ve247xXcijcxxQAIAxMilGrnqr3la13Fpb6JRzkUuqPKz6J8JvWQq9DcS1bFnIl+zAL8TLcipVGSjkXqttTyhkPvMvnSG3YHmr9NKGGi1au0g1Fcbtn+HlJ7us4kWqea1KXvNopvq9qsyZr+fVMJ5Ni1L4LeHho0Mi3TIeKDPA7cHhI0BNtwMbs0+u0Wuhtxn6R0wuW6aGysA6GaPPio+ZbiOOMOKt7xbgvnkm/sgAIyjWLxoXdptm/1Gv4bec9X2uvFUvacO5RVrWUKlKj3/e4mNG32HeJoH+xD+t73ZCU39UsUrVpj5qtPdLYN+vXVSjiuBBEPr5r/RI8mzQqpqJkhJEkoo1P2dD2B0MXlW93aBFT87XOZmmRUgjMNJbNwPl16qib1sGt7Xps+DZoFWVfZ+FyXlMRDBoH1evXave1sxlOaqsrJbk1t8ta9BP/Z+nilXVfcfPEH1l/a5VenvmMuVUVqpaxrl1/uFVqtCy4PEkmY+p0GOhb9sO1q+r79gb4lwenjohvB+YnPt3j9pPPayUO/9Kdik4etW+skaxDnO5FnWbb/N/oFIpd5rG8V2OcEt9fqVSSl2R55ckZSvh6RrZ7APXEdqO/nUM3s4fKLHsS/Kd88o20yXJoy7/CN2Q+W7UqrttwA00oRQ+sEyuDTU65i2RcQiFn69Dj73QVE9RnMNM81WsMqdXGfxaqt+x+3fL1PDTSuWEHFM3n6pr1GUVa1HNa6rymo/deu2tzNH859X/qjdCCgfztg05twzRz/T1Lx5t6f2ntQAAIABJREFUWFXT138Mo58c+Hw0snYOWke/fT5UPzs5079Euh4wTxswhY57rbY94Rww7dTt9N0QADB8kyC46tWxGo/kftg4aZc8LHdlhQ7XP2HKR+hV1UsV/kBEofpyhEpuc1WeStUsel7btgW+6FVoVbVba7dt0xPyX+xU7NL8AS8QPKp8e5Ge37ZNzmGVnxjqd1X4g9NDFHQWa5FeC17IS0Y6Bvf8J6RLY97MUdaXU2vbM8bKGLfZ7TIFP/yBl2cKQ+ap2DVf254oVPEilyor96q+xPQl4nC15F4blqt2m4xFGJ+7VbsmV4A1XHXlOa3dtq0vQLRhlVzL/MeNfxu9VlXsv1A3BbACtxHW79KqyXDrVf1eVXpcWvakKdxe9ZI2VOYE199Y3w16SYEvJv4vpaYvPPW7VqnipZl6/hn//ZrVlTq3dpuCd1WOaJREoZ7YtlYK+RJa7692DPaLp1JvB/pE/zyBz3/JM89LEzS3ceF8tyoO1+uJwEnAe0w1WqQnnTIFV50q7vdjnP8uiCE7wzDVFTq8dpu2PWHU0betC/XEtuc1M2Q7mXJUbyvpO1dMimNilyrM22dYfZxHlTV950VJmp8VKa+3Eax5xv+Z3rWqQqvCvtR6Kmu06Plt2hY8/yj0eKrfpVUVG7TKtSy4vPpdq1TxWpWK/YGBofr1YJsHOZf35VvcZgp4BNIlTOI+T5IaL8unAlnmSqo18rPGJtbqxuZACoElSnh6rWyLtiq29ml1zd2q5Dud6j6wyBTE/JoSH3hBbXsDlabIlnlSNzYvU5f8OV9LK2WvNaUfcMyV5Y+L1LK3r47kx0/q+ht7+papvnYYdexTgozg6ZDtjNAO+euJdfQFWo18tJIuj+1mHhXOLOUERtpF/Fz1P/Zu7hz2hPpOP0+Y5veXf8ZUflVomqHQY9erqv1SpbmPrj88vOvQW8qp4kXSa8e8Kum76FW1e76eCL/o9VbpJX9fGPIDZeVrqioe6LgfpJ8peUbPKyyH7nCvKQc8HzmH387B6hjwHBZILzb09fVE5K162/gcj6CB/VJxBPbRA0YlIem35D82GpbpgYm6EQAAY2ripwXwHlONxxU8kUmFmu+Wqt823SpVv1eVHrfWBi8+nCp5clmEfEluPRxMXlWsRS7JteyB4IWAM2voG0rdD/f9sussXiSXGnRpAt1i4qncoFWrVoX8VVQP9xdl40Kz5lhghep1uNqt+ZPxIqH+sKpdy/Sk6YrXWfKklrmq9XaVsX6FT2wLC4Ian62+8uHpFPyBGf8GqT9cLdeyJ00X1f7PXfXbqppAn4mRMh8ThfPdCjlu5NRM84HlPaaakGNP/tvtParcO3Fut490XPR/iJvxQ457rflYKdQTa93yVO41QpyBL4im9S18Ypu2hYz4GJtjZmz2S2gdxYtcUsOliX8bauF8uasPK7Am3mM10qLifvEHo482HcP+/Tfi/eMyf1ky+gnPQPcWBs5ZT5rOFSVPapnLY+pbJwBPpTb0OyZCHwY23D7OFWHbmwV+lHrCtA2fMHJyKKSXcC1ScXhF5m1fOF9uhZ2HZ4ae6Yfq1wMGPpcb/UDIejtL9Mw2/3aZJH3ecHW98WW1hORm3aPuxpa+ApkOWULmeEFtmxeZAquGnlN9dXSdOimfnEYAN+Dyv5vmeUFtf/TIMvNh2SVp7pcUY29Rd42pjjdeU/eNFMXkLxleO/18jQdNZX6g2Jkp6vljX5DXqHewLTK5hB57o3UOM4lYfm3/VFMhx67/XGI6vo0+YP6EC7w5jYve4DnPGFAQoZXOEj2zLTSIavQbgxvJd4ZhX1MOdj4abjsHqyPiOewZbQv+WDb09fVEUF0Ren7bUOm5uesbb5VeqqiWe23kYLq36iXj+9aEucsHAHCrTfiRq95jNfK4jBFJAYXz3VK16VapSw2Sa1HoycyZ1T/3nmvmTZ7wXJroafVu9knPTuNnfHlLSuQM/oI/wsF3E4D3UoPkqdaGVZX93nOFpdLqd9tP8Iu4ccEZHCEXMvLCuKXcU71B/Rfh0mTO1pUzkkSJ3nPyqFoVqyI87ThCQGO8hBwXwVF04RfIXp3zGBfk/dfGWJmIfU2/hd1sPxPZmOyXMWrr2CvUfHfgDgavjtVIi540RtyE8P+IFhhBFTLyfCRysoa/nfz5Rh8OPSEZI+EHHoJ260V6oFWI4fdxg382/TlpF4WVKZwvt97WJa9UGHgr0nYeybY3L3XAfl0a/Fxu9AM5Dw9QYJL0eSMWfut/IAC5921156+VrbRGKaWKnBJALfI1Dl69r/Vk6ATzCNpMhyzyyheSRmCPuhuflC2pYHjt9Ou9tqfvxdxsWdWinpC27ZGvbe3gjZ1EQo+9UTqHmWuMWN64NnrbfPCGHadGQK/S30dHecfArRByx5Z/QMGgF73hKRUGu94byXeGEVxTDqtPHKKdg9UR8RxmensE19fjqd+t+f6UCxt2ZUVxd1m9dhm3M0S+3b9+l/9uh4k7chcAMPZsPp9vvNswiHrtDeYk6n8Sr/lTk9wlThmr4JPP51Pf2vj/5fPJ51OEMv7/+4xpobMY74XM4y/j89cXqLvftHETYX0GLmr8L7AtzK8dRVqon+pPTW5lHa6We94y0/qFb+PxMvS6Np3zSK6leu5/Rg4e+Hw+1Vc+rS3VkuTWmq3/07jduvJpbVFfvQXz3NKWwzqxrEA6XC3X0udU4PPJpyYZi3hO/zNiMHsifCZMwvd5YHLIfg09ZiLPF7rtvRcbZGy/ZREvKMe/f4nwWSlYpueWNuiHFaukNVu1LHj7/kU1SHKbp4VU5ZN3iOMg4nEyjL4juG19PoX3Xf1fa1T2S6S2hn8eht2n3BKh7SmY51bF4RNa5rikGi3U3znMfXlg/Rxyf8Otyi2HdWKZT0eqJfeagkHWp/86h+4bRZgWNs8Ax1rTOU+/esbL8Prz4fRxET6bxlv+yYN8jvzHW07EY8BcjXla/+WFr8uQ/fqQx+MA6xRs9kTv84aQ6ZDlxkl1+wOZxm3yKTLyly4K3oJvzwzMsEftW/0BywcqlXLn15RS9rUBgqyjKyYpJfjvods59sZk3w7QX0jyHyNufaMg0nVshM/pKJzDBr0O7muYLhoHb+g5yLx9HG59w12pLYdPaJnviKrl1pqCiXJdZN52DhUtlH76pya5sw6r2j1PyyJd83ur9PIPd8sjo0/c6r8F/+UfHop8Hh/OeT9k2w7vmnLIfnKk7YxUx2CfSQ3v+np8DdCHO9z6u6U1+uGhi2ryFcipYWwLSZJXVS9XqNq9Rlvdjv7r563SyxXVcq/ZKrdjonzGAQDjYWKnBag/omq5tPS5rdq6NfRvjVvy7N6nevlv5/c0hP7Q7L00KR/BNP6cKl4oHTpWpSPVbs2bpD/BOnNc/T8TIer9gZat2hr8kux/wJFZ4Ty5Va0jVVX6ZbVLC4P3vTllLGKyjekdXUYqjYmVGmM4nCV/p6UuqXpLZd9tyf7R7g2DrEzEviYa3gZFeAbCqJms+2VECufJXX1EVccOSQsHuS29cJ7catClKuML/pj3ac6cCLd++kdv5kyQUavDMlp9nFPGYRNWj7dBHuVoJAOyhzbMfn1QxnoP1A9M7mNriRLyXaZb55fIlpki37kKtWzue3iUOagZYu8ytWxepJY/eiSH8VCs4bKEj0A1j1ZtvNw/jYCWyJIo/4jXEbYzoPaCepUiS0gA1qh3Mqjft1se97zhj4Qbg3NY5PJeNXiGvpuicJ5barikqiPV0kjW4xZzGhe9qjpSLfcAJwjvsUPyuJbqua1b+4Kfo3oeH53+dlTaGfEcZn57qOvryaz/+aK+8ofaraV6LuIvFvWq/OFuaelzkX/QAAB8rlgDIzUm4l/9kWrJ/Q3/L4GhfwXz3JKqdaTeJ1/B/VriqtaWynr/+006+NPd/ouJwDzmf5t+bQ9/HTItdB7jrdA6Ik0bt7/w9RmsnLls2GtHVo48u3er2j3PGKU50PabwOvqcH9Dbpk/Ez75mg7q5aefVmV9YH2khotNfZ+3yh9qt0dh+7RA9y9xqXr3bnlcC1QU/CwaI+JUvcVfn/HXdPBlPf10perHe/sMtc8j7tdgocHnM78uuF9LXB7t/ulBNQXL1Kvy6af18sGmm2/3mH1WHHKvXCKXqvXLYDuNfe3Z/VMdbOorW1/5tJ5+2b9+BUaw/ZfmdauvNO3zCMeJw3goye59pv7pl9Uhn7O+zWy0bYbL/Nkcq/0S6Zg2T3MEg2Ljvg8j7kuHZriqtXu3tKDIMfC28hVontuj3buNL/gFI1pG+L4ZYJp5HkeRFoRt+6aDP9Vuj8vUzvH+G05/Ppw+LtL27v/5LJgXXk+9KreE7o9hbeeIy+vfhw3Vr4cvJ3SaQ0ULXMaPt8H3m3TwZf+xMw593mixr1wrm92j7jf2hEw3Bz6NB0CZ3nygUill+5RgCnzap7uky38KvyN/cI6vKfGBwIsfKPFOl3zn3jbqqD2onhspxsOpgu14UjZ7i3pO9bV10HZG9IK6zrUo5s7KYCDYqHckDe8zJsdiX+Uh05sOvqwt1S4tub9g0M96eF930+cwxwy51KCLgfn95c3XUvWVW4wfqgoGPnaD83p2y+h6C4beFrfsL2zbObKU49mt3dV969S/n5ARUAy8bjqol7cMdh4f+juDIxC49vc7w7mmjLStQ6eNvJ39pgXOYfvCr59f1sGm4Vxfj/dfpGPDJ5+vXvt2e+T+hluOwD6Y4ZKqf9l3vNTvCzlfBI/DlX3z9P016eDLW1TtWqKV7olybuePP/7442+s/oZj4uZc9Vbpl/5bOCPyB1T3HDmppQUFKvleufTPG7V6tfG2a8kSuT17Is+LwfkvpjVvgG0/QXj2bNTq8F3sWqLy75XIqQItfWWNtHqLVpuSj7nXvKKlBZJUoKXlS/TPG011uNeofMkvtXHPEZ1cWqDA2juLF8glj7QgbHRcwVIZi1htymvl1ppXlmpib7nR5AweextNO8O1pFzfm+iPzXaW6BvuPdqyZ6N2TzM+F86S76lc/6yNG1cruDbBz5Qk/+dq92rzZ69vn0ceyWF81ho2Bj6LLi1Zs0SuLR8O1DAVL3Bpz56NWv3hEpV/b1o0Kzcq+8VIi7FFq6sn4ufa2E7Sgv4PQQpjBPeq5b4lfZpTJd97RdN2rzZte5eWlH9v4j9JPtxo9XEFS/VK+Qz988bVWh2sZo1eWTra+2P4/fpggv3A6mBrQ46dSdHn2efKXlYTOrr0Rq1ubA59KFT71gIlln3NuNU/UOaPDtnvLJBtrtS1d5lupO2TPZBzNVBm6whTAlyulS+/Ril3Gi995yp0PRjkNVIP2FfWmNrcou4DgVGqw2hnbfgCDV1vfFl6fJ/sZTVG4PZGrbovz51gF7/V2rI6PEtqdH3uzZ7D5CzWAtce7dm4Wh8uKdf3Sgq09JVyzTBdXw+/bQUyul73BL+c9LdT8wZcJ2fJ97Tm/GrTfnJpSfka5Wzcog+PeVUSzbFfME9ubdGW1dX+a9Ob729Hp53Oft+pQs9hQ11fTwzVIdvREN7G4PYKHC/uNVrjrtYWSdJJ/cceI9K6x3w8ScYx9Y3zMt7eE3IuMN6eYOcDAMAtYbl27RrZYQAAt6+Tu7V6iyZggBgYmuXVB4YuhDHne2rveDdh0jm5e7W2aCx+SAEAALh1ysvLhywzwR9oBQDAzTl5uFquJc8q3+cb5AFOwMRkGe8GQNJEeFDPZHNSh6tdWvJsPtsOAADc9giuAgBuT95qbS5/Q2dmPa6NSyI85RcAhon+Y/i81ZtV/sYZzXp8o5bwBHUAAPA5QHAVAHB7ctyr/7HlXuPfjFoFcBO4Xh4+x73/Q31dL9sNAADc/qzj3QAAAAAAAAAAmIwIrgIAAAAAAABAFEgLAAAAAAyC62UAAAAMhJGrAAAAAAAAABAFRq4CAAAAg+B6GQAAAAMhuAoAAAAMgutlAAAADITgKgAAADAIrpcBAAAwEHKuAgAAAAAAAEAUGLkKAAAADILrZQAAAAyE4CoAAAAwCK6XAQAAMBDSAgAAAAAAAABAFAiuAgAAAAAAAEAUbNYLH413GwAAAIAJi+tlAAAADMTS/P98iSRSAAAAAAAAAGDy7Ln5Q5axqafzFjQFAAAAAAAAAG4v5FwFAAAAAAAAgCgQXAUAAAAAAACAKBBcBQAAAAAAAIAoEFwFAAAAAAAAgCgQXAUAAAAAAACAKBBcBQAAAAAAAIAoEFwFAAAAAAAAgCgQXAUAAAAAAACAKBBcBQAAAAAAAIAoEFwFAAAAAAAAgCgQXAUAAAAAAACAKBBcBQAAAAAAAIAoEFwFAAAAAAAAgCgQXAUAAAAAAACAKBBcBQAAAAAAAIAoEFwFAAAAAAAAgCgQXAUAAAAAAACAKBBcBQAAAAAAAIAoEFwFAAAAAAAAgCgQXAUAAAAAAACAKNh8vvFuAgAAAAAAAABMPjZiqwAAAAAAAAAwcjYfQ1cBAAAAAAAAYMQYuQoAAAAAAAAAUSDnKgAAAAAAAABEgZGrAAAAAAAAABAFm3ySLJICUdbAvyP9XxH+rWHMN1DdA80bPi1guPUOt8xA9YZPC2+nIkwbbNmRykZa9nDrNRtqnQYqG2mdhlqXSNtooPaapw+n7FD7YyTrFGnZQ+2f0VgnhU0f7joNVna01mm4+zZ8WcNp91D7aaBtGv6euc1DvRep3oHeu5n3w6cPNC/rNLx2jcU6RVqfgeZlnYbXLj57o1/3cNcpvA7WafB6Waeh5x3J8TTQddlQy42mXTczL+s08dYp0vus08RbJ/q9yb9O4e+Z5/eFlR+N5ZrfC1/+rVinSMtmnQaudzhlRtp3+SKUiTT/UNtzqH7PXGYir9MgbD75Qgv7hvh/pIWPdL7w+Ue77EjKDKfegV4Pd9mDLWO86o30eqhljtW6DTZfNOsUafpw9/9otmG46zTcZYRPH8k6jcY+vdltNFRdg02/mfdu5v3hdKSs0+i8F+37wzzZsU6j9N7NvH+7ffZGOi/rNHrLHcu6P8/rNNh1WTTLjeZ91mno+VmnsXmfdRq9ulmnsal7vD97Q72Opm7WafSWG22Z4bRruPMPd3tO5nUaBGkBAAAAAAAAACAKPNAKAAAAAAAAAKJAcBUAAAAAAAAAomDzEV0FAAAAAAAAgBEj5yoAAAAAAAAARMHWS3QVAAAAAAAAAEbM1ktaAAAAAAAAAAAYMR5oBQAAAAAAAABRIOcqAAAAAAAAAESBkasAAAAAAAAAEAVyrgIAAAAAAABAFBi5CgAAAAAAAABRIOcqAAAAAAAAAETB5rNYx7sNAAAAAAAAADDp2GKSnePdBgAAAAAAAACYWJqHLmLx+ci6CgAAAAAAAABmZWVlQ5YhJwAAAAAAAAAARIHgKgAAAAAAAABEgeAqAAAAAAAAAESB4CoAAAAAAAAARIHgKgAAAAAAAABEgeAqAAAAAAAAAESB4CoAAAAAAAAARIHgKgAAAAAAAABEgeAqAAAAAAAAAESB4CoAAAAAAAAARIHgKgAAAAAAAABEgeAqAAAAAAAAAESB4CoAAAAAAAAARIHgKgAAAAAAAABE4ZYEV30+361YDAAAAAAAAIDb3ESKNdrGsvLW1lZdu3ZNvb296urqGstFAQAAAAAAAPgciI2NldVqVVpampKSksa1LWMWXG1tbdXVq1eVkJCguLi4sVoMAAAAAAAAgM+Zzs5OXb16VZLGNcA6ZmkBrl27RmAVAAAAAAAAwKiLi4tTQkKCrl27Nq7tGJORqz6fT729vbLb7WNRPQAAAAAAAIDPObvdrvb2dvl8PlkslnFpw5gEVy0Wi7q6uiZUclkAAAAAAAAAt5fOzs5xC6xKY5gWAAAAAAAAAABuZwRXAQAAAAAAACAKY5IWIIC0AAAAAAAAAABuV4xcBQAAAAAAAIAoEFwFAAAAAAAAgCiQFgAAAAAAAAAAosDIVQAAAAAAAACIAsFVAAAAAAAAAIgCaQEAAAAAAAAAIApjGlwdLSd3r9aW6kjv2JTgyJJr3pf16P3zNC3xVrXFrTWvLFXBKJadWE5q9+otqnav0StLJ1fLAQAAAAAAgFtlUoxcDVQzteheFTjM77Tr0tGjqvuP7XrhQJWW/GCN3M5RWeQQbfHJ5/NpqLUbSdmJxd9en4/RxwAAAAAAAMAAJsXI1YCC+5eq30DKpVLz0e368au12rN5t7LKl6ogdlyaBwAAAAAAAOBz5LZ4oFXq3Su15utTpZb3tbv60ng3BwAAAAAAAMDnwKQauTqYrAX3K/9Xr+tU7Ul5S7MUyA7Q1nBIP3/r1zrmuayWbkmyKWVGgRZ8/Vv6RnFqSB1G2V/pyKkWdUuypcxQwYKv61vfKFZq2PK62hpUvWe7fnX0M7V325Qw9W59feUSuXP6J37taj6mX/7sLb1X95m6bQmaWnCvHv3WN1QcXqnadOnIr7X7Vx/Kc7ld3bIpJX+evv7oI1oYXm9bgw79/C39+phHl40Vi9zek7v1D//rvJb84yPy7vlXvedpl6Yu0Mo139LdqZL8bXv/5GdqV4Jc7hV66lGG/gIAAAAAAABDiXn22WefHYuKr169KrvdPip1ef/0a/3unJT7ha/qrxwDFIqPVfOHVaq/EK/8v5mjLKvUfORV/XDrb3UhIV/3P/iIFt87X3dkd+vCRx/rD7/7vdqKFqtoijF718k9eu5f/l1nE+bokUceUsmiO5R6pU61v6vSe5dmqGROlmKDbbmqEx/u19Huv9LDDz+k+XdIF2oPq6bqw5A6g2V//75Oab6W/O1XNTenVcdrDqnqvWNKmb9IuQmBFWjTyT0/0j+/82fJtUhf+9pXVXJnqq58XKP9v61Rw9R7NDfbX7j5iF794Vb99kKC8u9/UI8svlfz78hW94WP9PEffqfftxVpcV8j9OvfndLZozX6LOtBPfbIXDljZ2jO3VmK91Zr83P/n/7z8hTNfeQRPXTvHeqq2amdJzuUeuGCPsv9gr464AYHAAAAAAAAxteNGzeUnp4+JnXv27dvyDK3zchVyaaEFEmXvWpuluT06ujvPFLCf9F//8dH5QoUKy7WgiKHnn3pt3r/w5N61GUkcT354ftq0Rf03/7xWyoOFr1Lrh0/0OueozrVdrfuDg4ebZHu/ge9sKRAxqRizctJ0D/+y//R74549KgruDRJLeou+m964VvFRtniYs0r+g+98KN39PN3jmrBirsVK6nr6Bv61/dblHLvP+gZU73FC+bqVy+8pN++/oaOFHxX81Il79HfyaME/Zf//o96tG/FVLygSI5nX9Jv3/9QJx91qS89bbtasv5WLzy1QKmS5hVLUpeOvvNznemepUc2luk+Z986F/2sXP/v6OwUAAAAAAAA4LZ1W+RcNTjlyAp97f7uj/Qv/2QKrAbkFKlIUne/Oi7pVEOb6XWi7l7xL/qnZ79lCqxKkkP33RcIgPq57tZcSe0tzeoKqXOqvnp/cWjZrPv09blSd22t6rokqU1H369Vt+ZqySNh9SpHX/36XKm7Tu8dbTbWzP1d/ehf/skUWO0rWxR5xTTj7vzQ1AZddaqt7Zbm3q97neY3ElV8/9+I8aoAAAAAAADA4MZ05KrP5xulevrqG7hKry5f6pvBXK6rzatL5z9Ty+XzOnrqpM7UndL5YDmjYP4XvqiU332g3770fb2XMFX5X7hPC+bO1l0up8wZSI3iU+VIDm+LTz5J8jbrms8nZ7BsvqZPDS9r0/RZM6TaOp1s8OkuV4NOnpQ0Y5am2/qvo216vmapVmcaLsrnSzGvmLyXzuuzlss6f/SUTp6p06nz/rb4/O3xVzY1PSV0fzScVJ2kGbOmyxYoGzB1lmZL+sC0fQAAAAAAAACEuo3SAnSrvUWSsuT4/9m78/i6zvre959nDXuStubJluchHhIncQgmOBAH0lJaQilQoE3o3JLent572oZ7boGWe6GXltsC5/aW0xLantOTErclbdI2tKRtAtiQQJwBMtpOHMuTbEmWZM17Wms9948tyVIsS1uTlS1936+XXkbS2ms9z/5l/ez947eeZ6wTc+AwD3zpLzjQPtbK6ZGs28D2W/eQfOhxjk14tb/1Q3z841t55IGv8/ixLo4c+CpHDgBeHbve90vccfOaCR2ldaQv3bdqdnwPyFAYa3MNAK/UjaQGOPzAl/iLA+3jTapeso4N229lT/IhHj926SuSydecu1AgM5tLioiIiIiIiIiIyCTLp7jac4zneoH1G2gC4AQP/OGXODCYZvcdv8q7dzVTnxqtJBae468eevySU6Sab+DH/5cb+HEKDJw5weFnHuGRA0d4/qv/la+mP8vPX7twlcggMwjUUT/2rL4HBIVpXnHRiQf+kC8dGCS9+w5+9d27aK5PjXbXFnjurx7i0plNwfdJln5JEREREREREREReY2yWBZgwhkvuyzAiQNf5ySw5eZrqLMWe+IZDg0Ce+7g5/a0Th5PTycnJ43xBA99+i850PRefu9XbyCJR7p1C3tat7Bnx1f56Bcfp3dgAGsnrET62kfpJ4xx8u/a6eyxbJm0iOkAJw73ArtpqrVY28qWLfD4kcOcGNlHXXLyGQvtr3ASWN/ahLVtPFOcGHf83B5aJ42lh86LE3vN+F7z3q3ewnYO8P3DJxjZV8ekS/Z2FpdNYDFiKCIiIiIiIiIisjwsiw2tep/5n/zlgUFI7+P2PaOtoMl0sWCYyZCZdPQAhx58mN7R3xUbN1vZsD5DcOQAh3onnzszMEgAJJOvqXiW7CQPP3Js0hgyxx7moWOQ3Hsz232AJLtu3o3HER586NhrxtvOww99H9jCzbuqgCTp4sTITD6QgUMP8nDv6O9m6kj1t3Pz3iQceZCHjk0aHcceeXi8+CwiIiIiIiIiIiJTK6tlAY498lW++syEHwS9xc2pBgPwtvCB33wvG8Z+13xgwTX8AAAgAElEQVQDt63/Gvc/v58v7s9w2+466D3CoUcf4xgbWF93jJO9AxQfzvfZ9e73sv75+3nw9/+I9vfexu66JIPHDvDwgSOQ3sc7b5hrcdUjc+hL/FHvPt65bwuMnnMwvZdff/eW8c2y/F0f5Ff3HuOLj3+JP+q9mdv2bKcuOMaBhw9wpNdjywfuoFg3buaG29bztfufZ/8X95O5bTd19HLk0KM8dgw2rK/j2MleBooTm4bPlnf/Enuf/yKPf+mP6N33TorDe5gDxzLFVQrmOGMREREREREREZGVoCyWBRg7S9eRx+ma9BuPdO16dr/rNm7/oR3UTXr0vZa9d30Ue/+9fO2Z+7n3EHjpzey+/Tf49J4mjt37X/jvzx/jTH4vtT5Qu5ff+FgtD+6/n0MP3suhALxEE1v2fYT/dPuO4lIDE8Zip3jsfuxPO+nYPfzi717DkXv/hq/e8yiBl2D97p/mF9+7h9bExPEm2PyBj/HR9Q/y4MNP8OC9Bwi8BLXrd/PTv/he9rQmx9/P2r138VF7P/d+7RnuL06Mzbtv5zc+vYemY/fyX/778xw7k2dvrT9xwJcuqZDYzAc+9lHWP3g/Dx7Yz5FHPRJNu/iJ37iGs5/7ax4fnYuIiIiIiIiIiIhcythFqp61tbVRVVU184EiIiIiIiIiIiIiczAwMMDGjRsX5dx33333jMcsizVXRURERERERERERK40FVdFRERERERERERE5kDFVREREREREREREZE5UHFVREREREREREREZA68xTy5dpoXERERERERERGR5UqdqyIiIiIiIiIiIiJzoOKqiIiIiIiIiIiIyByouCoiIiIiIiIiIiIyByquioiIiIiIiIiIiMyBiqsiIiIiIiIiIiIic6DiqoiIiIiIiIiIiMgcqLgqIiIiIiIiIiIiMgcqroqIiIiIiIiIiIjMgbdYJ04mkwwODi7W6UVERERERERERGSFSyaTS3r9RSuuZjIZVrW0LNbpRUREREREREREZIU719GxpNfXsgAiIiIiIiIiIiIic6DiqoiIiIiIiIiIiMgcqLgqIiIiIiIiIiIiMgcqroqIiIiIiIiIiIjMgYqrIiIiIiIiIiIiInOg4qqIiIiIiIiIiIjIHKi4KiIiIiIiIiIiIjIHKq6KiIiIiIiIiIiIzIGKqyIiIiIiIiIiIiJzoOKqiIiIiIiIiIiIyByouCoiIiIiIiIiIiIyByquioiIiIiIiIiIiMyBiqsiIiIiIiIiIiIic6DiqoiIiIiIiIiIiMgcqLgqIiIiIiIiIiIiMgcqroqIiIiIiIiIiIjMgYqrIiIiIiIiIiIiInOg4qqIiIiIiIiIiIjIHKi4KiIiIiIiIiIiIjIHKq6KiIiIiIiIiIiIzIGKqyIiIiIiIiIiIiJzoOKqiIiIiIiIiIiIyBx4Sz2AK+bofXzkCwcn/WjjHZ/hY/saZn+u7gP8wSf207bxDn7/t/dRyhm6D3yWj+9vm9U15/KapXeUr9z1BQ5yC3ffcyfblno4IiIiIiIiIiIii2RFdK4eve+uSwqrAG37P8FH7rqPo0swJhERERERERERESlvy79z9eh9fH60rnrLb93Dh8dbKcc6LA/y+ftu5Mt3zqLHsmEfH7tn30KPVERERERERERERMrIsi+uHn2qWFndeMdnJhRWAbbx4c/cwelP7Kft4FMcvXMb2yh2uX7+4ORC7CWP519mWYCx146ZXMx97cDGlinYyJ2f+W3m9dT/FEseTDv+ia+55beKheWJc3rvGT4+fr4pxvfa642d49KBjRawL3MeERERERERERGRMrbMlwU4ypMHATay9+opqnoNV7N3I8BpOrrneaXXFFYBDn7hLr4y1ZoD3Qf4g4UqrI6f67XXnuNyB237JxRWAdq47y8OMP72TFHI5eAX+Mh9r73aaR747FhhdfQ8n9ASDCIiIiIiIiIisnyUTedq4U/fPuvX+L/2ZzMc0UDLWqCtjdM9UNLOVFPpPsADo0Xc8WLpaBHy4FNH+fC2CV2dZ/6NP9h/kDbglt9agE7OS5YoGOsWLRaMt83h/ONdr2OF1LYzFN+ebg48eLETuNgFO3q9Cd2/RW3w5s/w5d+ecMzomDZ9dfaxFBEREVlM/q99Y6mHICIiIiJlqGyKq4ujm47TC3CanjO0Adzy3ovF0m138uV77rzk0LaDFx+3X1u/ANceN/ER/Pm4hTeOVUi33cgtHJxwzh5OFyfK+y5OlA/fcw8fvuQ8E7uF61m7EYpvkoiIiIiIiIiIyPJQdsXV2XYVvPEWOHiwjcdf7GbfhE5LfusePlz/Io+3wVSFztMT2j57zixGVbCN+/7tKPtms5HWVCaulXrPPXx4miJr25mL7bndl6sqb1zDwtR819Jyma5ZdYaIiIjI68Vcno4SERERERmzzNdchW033gJA2/5PjK5/uo133rGRg1+4i498Yv9oM+WlhcBiIRIurts6jfo1bAQ4+CAHxhYnPXofH7nrLj7y2QnrlVJ8nP7L93yGOzcCB78w9Zqss3D034pz2Pjmq4tl0+4OLtuMe7pjdCzdvPjduRSMRztQOcgDFyfKV+66i4/c9dmLcxcREREREREREVkByq5zdda23cndtxzk8weLG0xNVSfdeMePjK8VWr9m9Pn1g1/gI6U+Y9+wj/fdsp/PH2zjvk/cxX0Tzz1a9Jxcd2xg3y/fweOf2M/BBw/wzt/eN+1yr237P8FH9l8yau78zG9z9eh4pz5m9GrFhWWLm1XddZmDStLAvvfewn1fOHjp9Ta+man2DBMREREREREREVmuln3nKsC2O+/hy791y2V/f7FLFRr2/TZ3Tzx04x3cfcfGkq5x92sucXHTpyk07ON9twBt+/nzebR8Nuz75WIX7IRr/v4dxYLr4y92jw1u9GdjbuHuad6PaW2789L3cuMd/P4MBWIREREREREREZHlxlhr7WKcuK2tjVUtLQt2vrH1sBZ+vc4Ja7DOc/lTERERESkvi/dvTBERERG5Es51dLBx48yNkXNx9913z3jM8l8WYEbF3e5FREREREREREREZkPF1RJls1mGhobIFwrE4zF8P7bUQypZoZAnl8sTi8WoSKVIJBIYY5Z6WFeE4la+FLvypLiVp2w2y/DwMLl8vuziBhdjF4/FqKioIJFILPWQrhjdcyIiIiIiS0vF1RIMDA4yPDxMU1MDyWSS4kIKlsVZUGFhFT+jGIwpfgDr6uomXyiQrqzEcZb3kruKW/lS7MqT4laeJsYtlUoRRWMBe/3HbixuAI5jGBkZoaurm4qKCqrS6SUd25Wge05EREREZOmpuDqDXC7H8PAQ69atwVoIgqAsPrS8ljEQi8VYu3Y1p0+3E/N9ksnkUg9r0Shu5UuxK0+KW3maGDcwo3Erj+LcRMZAFBkSiQTr1rVy6tQZ4rEY8Xh8qYe2aHTPiYiIiIi8Pqi4OoOh4WEaGxsAQxiGEzp6yo+1Ea7r0NBQz+DA0LL+8KK4lS/FrjwpbuVpctwioigqywIdgDHForDrOjQ2NtDfP7isi6u650REREREXh9UXJ1BLpcjlWomCELCMMKW66dOwNrio5PJZJLu7p4lHs3iUtzKl2JXnhS38nRp3Mq5uMr42FOpFF1d3Us7oEWme05ERERE5PVBxdUZ+L4/+ohkeX/oLCp29Vjr4Hn+Ug9mUSlu5UuxK0+KW3l6bdzKu/sRHCcaj53vr6zY6Z4TEREREVka2jFgBsaY8fXnyvuDC+NzsNYu+914FbfypdiVJ8WtPC2nuIFiV65WUtxEREREZPlR52qJih9gyvzTCyyLOcyG4la+FLvypLiVp7G4LYd5L4c5zIbiJiIiIiKytNS5KiIiIiIiIiIiIjIH6lwtwWJ09ERhSGZkiJ7Oc5x59SiHn3mC44efZ3BwgNBCIpVmzabtXP/mt3Ldnr3UNTYuyHWXS4dLKZZbJ9ZymEepFjN21lqiKLrk58aY8a+Fvt5KiZ1yZXmaGLflMOflMo9SKFeKiIiIiCw9FVdLYilutjD/f/SHYUDPudO88MRBXnr6Cc6e62BoYICokMdxDK5jcBxLfriPo888xtFnn+L5pw/xrg99mPWbt+C68w2ZHf1aCRYubktvJcUNFiN21lpsmMMZfJ5Ez8N4A4dwcu1Yr5qw8jry9e8grLkZ61ctcNFgJcVOubI8XYyb8mW5Ua4UEREREVlqKq5eQWFQ4PTLL/Iff/PnHDvyIoOZgExgifs+juOQzYc4BmKewTGGmO8RRgHPfPsRerq7+cmf/xV2XHs9rusu9VSWte7ubr71rW/hOA5vfetbaZyiEy6Xy/Hss89y5MgR9uzZw/bt25dgpFIqay3kuoh1/iOJM1/GzRyf9Huv/wf4XV8j1/x+cqt/nqjyKhxH99lSUa4sHw899BBnzpzhXe96F+vWrZvymIGBAfbv309LSws/8RM/cYVHKLOhXCkiIiIiMnsqrpao2BRi57wjr40ius6c5Dv/cj9HX/gBgXXJR2BxcB1DzHeJIsNQtsBQLsJzwHeLXzHf4eizT/Gv/1BFqjLNhs1b5tQtYkz57yg8W6XELQgCOjs76ezsJJvNMjg4yKlTp3Bdl6eeeoqqqqopX3Py5EnOnj3Lc889R09PD1B8XDKRSNDY2EhjYyPxeHzec1iJcYP533MXz2Mh30vs3AMkTnwRJ9+BnWK5aRNeIH76PkwhQ27DfyKq2DrvrqyVGDvlyvJ0MW7TT/z8+fO0t7eTyWSw1nLixAkuXLjAD37wA06fPj3lazKZDF1dXWSzWR577LHxnzuOQzqdprW1lZqamgWZx8qO3XzPo1wpIiIiIjIXKq6WwNqJ65rN7RyZkSGOfP8Qzzx2EByXXACZQrEYgDGEoSUV93Bdh6FsgZFcyGAuxHMsKd8Qj3s8+e1v0dy6nuraOmrr6uY4l/l/ACsXpcQtm83wwtEnePLYn9Pe+xSWCFOoI5Z5KzgFvvPqfUR+z6UvjHy8kavxCtt4rv1/8P0LL4//ynViNFddx+5Nd3DttluprKxcgLmsnLjBwtxz48IMXu/j+O3/gBnpmrJYcFEOr+MRgoqdRPHVWK9inhdfWbFTrixPk+N2+UkfOfoijx35/zhx/gCRDQGID/0YDo0cOvF5wnNnpnydCdMkeB99Iyf42gt/Mul3cb+CzY2385ZrfoX169cv4FzmfaqyoFwpIiIiIrL0VFy9Aqy19Hae48gPnmQkl8d4cQazEfkgoirlU5nyCQJLJh8QRZZUzCMV8yhEEYUgwkbBaHdWxHNPf4+rr99N1Y1v1COv8xQEBV49+QI/OLGf9r5DeDGD4xpMxQWo+WcAYgBM1ZETQPpZ4Fl8wJ90TIGe3FO8eDpGbVUTm9ZdtyAdrDI3JtOB3/4vuD0vYZn5njFBL17Xdwjr3kpUteMKjFDGKFe+fp081cZTr/4Vbd3fwPMNvmswDlDxdSxMkQcnGsJW3YsBEpccM8KrF75K6uU6qqp+gdra2sWchkxDuVJEREREZG5UXJ2RHf+aa1dFUCjQ03WOM23HyYeGbCEkU7AkfYeKuMf2Tc2EYcSzR85igUwhJB9GxFyD5xhCXCIb4Xs+J199lWNHjrDt6mtIVcylU8RO+FrOpo9bFEX09ffy8qlH6c8eor7WJVXpEE8YnOmadUq8chSBb4/T3X+Y5uEtxGKx+Z10xcQNFuKem8jJ9WL6j2MDYNpOrIvMwBnIdmPTC/F+r5TYKVeWp9fG7dL5Dg8Pc/j4o3QOPkpdtUsq7ZBIzj9Xjl09CiHHt2hvf8e8lwcYe0R+ZcZufmdTrhQRERERmRsVV0ti5/XYXSGfY7Cvj2wuRzawZMOIuGOpSrhsXNfAW2/chOvA4FCWI8c7iTsGF4dsEDIcRkQRGCwWyBYCuro6GB4eIplKzX4mdiV9cLl83MIwpL+/h0Sil7qqPNU1HukqFz822o01T1EEUZAhHOgll8vNeyfnlRU3mO89N0lhBIZ6sIVZdC8OX8DkhxZkB+6VFTvlyvI0MW6Xzrm3txc/3k1NRZbqWo+qapdYfGFyJRTzZZg/z4XeCwuQK1dy7OZ5KuVKEREREZE5UXH1CgjDgFxmhDCKcD2Pat/Q2lLLjbu3cePVq6hPe7iO4Y733Mj3D7fz3JGzdJ4fIJstUAhCckFEPoR8IcLBpetcB0MDg9Q3NM57E4mVylpLGBaoTIW0Jj3qGlySSWfBigUANjIM5vRBcel52CiBDUovGFg/gbVKj1eacuXrU6FQIJkIWN3oUd/oUlGxsLkSwEbQ3R0t7ElllpQrRURERETmQv8iLkGxE2bumy24nk+8Mg2OR8yF7Tu28a73/BjbNzYQ9Z+kkBkgxNDQUMePvq2Bt+29mvM9g3R09dPdO0hP3xD9gxk6eoY4droXz3UxjplTp8jYXFaC6eJWfO8MFckKqhJ11Fb7+PGFLL4UVyHMn0/MuElMSWdbQXGD+d9zE0VuJTbWCv2dpV+/qgXrVS9QN9bKiZ1yZXmaHLdLJ22tJRlLkqiso77GJ5ZY6EK1xZCiGxYsV67M2M3vXMqVIiIiIiJzo+JqyeyExw1nx3U9UulqjOdTka7i1nf+KG94y60EA2cZGezA8ZOAIcAhDMGLxVi7poL1a1uwUUCQy2CDPKc6+vjzf3iKhuZmKiqKO9DPbjyGlffI3eXj5joVrG38X1m//nMLe8Ugi80OEg6dJxx4Ej93iChcA+lVmFQ9OLO97VZi3GA+99xEUbyOsGYXputlTJAp7TUVW4iSTQtQMFiJsVOuLE/Tx62x+kNcddXvLvxVc4PY7ABB31k6+76BPWmwyVpM9VqIVc7+fFaxmyvlShERERGRuVFx9QpwXJeq2gbWb76KlB9y/Y034HpxCsbHiaXAhoBh7DnLyFpyYYS1ETY0hDmLR4ghIpVKsKq1dY4btMhE1lqiKCKKFuZRVFvIEJ39PsHL/4EJMrgVDWyqrARjiM6donC0k8AaWP1GzLq9kNSu2FdClGyksOld0NeOd+rAzMfXbCJY+3aiilVXYHQykXLl69dYvlyw82UuELzwAFH793HTTTipOt64pQYzfJzgXBeFgU7CWBVmy49A640Ldl25POVKEREREZG5UXG1BBM3+phrd0ZtfSM7r7+BoY5XqEjGwbg4fhInni6e01qMcQCLNWCshTAkMjkitwA2on+owJYd17HjmmuJxeNzfNR1/o+ol4vp4jbx51EUce7cOf7sz/6MZDLJG97wBrZt28a9995LEARs376dPXv28MADDzA4OMj111/P+973Pr773e/y9a9/nbe97W3c+qZr6X38fxCd+i71G6/Dbb0GYxxMshbHLxZ34gbCvjPkjn6dwsv/gr3+56DlOvDiJc9lpViIe+4iQ1B7FWb7BzCDvTjnX7rskVFFE+HWnyBofgMRzoI8o7qSYqdcWZ5mitvEXAnwyU9+EoCtW7fyMz/zM3zmM58hn88D8KlPfYo/+ZM/4fz58wB8+tOfnvSaT3/609julzn2V7/Cxi078Fuvw61Zgx3pxW3aBoU8Xss1JGxI0HWU7Ld/n6BmC+z9z5BePau5rATKlSIiIiIiS0/F1ZLM/8NLRTrNVdfewCk3pLfrHKs21+PEKnCT1RCFxS9nbIeQYgHBOiEWMG4GGzoUnBTX3Phm1qxfXzxqjgWDlfPoXWnFVWstLS0tfOpTn5p0zO/8zu9M+v6jH/3opNffdNNN3HTTTdjhToJnv0J19iT+DbfjJGsgKIANsf1nCN14sYBqDE6qhuR1H8A58jC5A/830e5fhM23zfj468qKGyzEPTfpbMansPpNsDeN+8xf45w5hClMeOzV8YkathJc+yGCDW8ljKUXbPG/lRU75cryVFpxdex3E3OltZaPf/zjk77/9V//9UnfT3xN1PkchUc+yZab3oXfcjW2kIH8CMb1CdufxaTqsBiMY/DqN1Hx1l9n5Ht/SeHBX8a+47PQvGv6mYyPU7Gb09mUK0VEREREZk3F1SvEGENjSysxz2Eoc54oN4RxY7jxKmxQwIa5sSOLf9gIawoQ5MG4BPg0bb2RVOtOYonEks1juZn3o665AaIX/hZz7im85l2EHc8SFPJ4q3ZhvCTR0HnwkphEFRiHwvljGD+Bt+5GwqFOCof+FOt4sOlt4KcWbmJyicjxKTTvwt70azjHd2HOPosz2IlNpLFNO4g23kzQsqtYDJclo1z5+rQgywIMnCJ8+DeIrX4jbmUdme/8v/ib345TsxaCHGHfaVw3hjUGjEv+zA9wataQuOFDRN/5U8Kv3429/YvQcNXCTEqmpFwpIiIiIjI7Kq7Ownw7QxzXpaq+BTefJD8yhJeswklW4dqQKDcENmJ8UwcbMd7DYQxuzToaG3dBolaPzc1SKcsCDA8P8/zzz+N5Hk1NTaTTaY4ePQpAXV0djY2NnDhxglwuR3V1NY2NjfR0d+GceoT1g9+iomETTiwGroM1MWxhGKICJjHa1ZMbAuNgc0PY3DCuG8NfdS1R7ynC5+4jqt0ADTvALPQu3OVtobqxTOYC7rln8M88iVMYJGrcRnTDhwgrmzG5QZzzh/Ge349/sI0oXk3YvIvChlsIG3ZATGt2zpZyZXkqdVmA733ve0AxN27evJknn3wSANd12b17N0eOHGFoaAiAnTt3MjQ0xJmTr7L99B9Tm0ri1a/FZntxq5rAFrDZPrARTk0rNj9UDKvrEWUHYbAL14sT23Ir2af2w3f/K9GP/TE4/mXnsBIpV4qIiIiILB0VV0swtgvvQnx4cVwXElXkwiFMfhg3UQXJaozjYoP82BWxYYDNZ4vrC8aqsOn1WH/+j98V5zCvU5SN6eI2sVgQRRHWWnzfx/M8PM/DGEMsFgPA9/3x76MownVdHMchbbupKLxIhdMHw21YU8CpWgPWKXbXhbliwcea0cqPxUmmAYPNDWL8JE56FVHnS3D8m9h0K8SrLjOXlRM3WMB7rjCCd+4Z4i/8Hd65H2DGuh6P/ftlX+JwGq/rBfxX/pVg7V5yO3+SsGE7uFMXc2aykmKnXFmeZorbxFwJxZw49mcURcTjcaIoGs+RsVhs/BgoFl1X5Z6h3rZh/HWEZx7FaboBb811EIbYfH+xoMporhzNl27tGrAR0WAnTqoep7qV6NRj8Oqj2C0/cpm5WMVuLpQrRURERETmTMXVkizwmma4ZE0CJ8qSsiGOl8TgYd0s1gbYKCQKh7EWnFiaKNFAlGoE4y5IwWDlrGk2/ZqrY3+G2QxO52k2pFPFdf4udBCr28mGDRuAYgHB931aW1uJogjP8/A9l7TfTdJrx4nXYuJNxXUgC31Y62CswVoD1hRDFtnJsbMGvHix2Op6OCcPEGx5J/iVU3avrqy4wWzvOWd0Dc6Jx5pMH37bo8SO/TsmUUVww89Cqh4yfTgdz+J0PI/JF7vrbKyCqGkn0eo3QLIGMhdwuo7gnX8J59B/I7fzfRTWvWV86QYzGqNSHpNeWbFTrixPM8dtrMAanjrGhsoEJlWJc7YN1qxhw4YNWGtxHAdjDC0tLTQ0NAAQj8fxHEtl9ARORRJTswrCCBMMjG6ENDFf8pp8OQQU8yixAm66kbDvFM5Lf0+w8e3gXPpPGK25Oj3lShERERGRhafi6hKxJsZgLkNYGKC6oQXrxYgKLlGYhyCH4/k4rk/Gxgjj9ThecqmHvCxZa4msJT84SOe//SNOqoLKvbeRGBrixIkTANTU1FBbW0t7ezvZbJaqqiqaql0q+g7jcwHiayDhQRQQRYOAA7jFLwsmHH2KObr44ddaIMyDMRjHhf5TmJ6j2HQLKNazYk2evvBlIhuQjm3ANT4Ghyjtk931DoaufgsDhTb68i+TC08Rc6qp3/VzNJ3tIXXoryAKyNz4M5xfv47zmafJR6eIOTXUXvN+qvwNeE4FxjijD6EPEdoCg/kTOMal0tmCYxWvxaRc+fow3r3q+nT+w1cw+SzxvT9MPAg4fvz4eMfqVVddxdmzZxkYGMAYw5YtW7C9L1CffxWTqMDGHAweUTgIdkKuxIHIYqKp86WJChgvhnEc6D5czJeNVy/hO1J+5pUrv/cXAMqVIiIiIiJTUHG1JBc7YRZyPbcgl6Wj/XmGelto3noD8eombBRgCyMMdWU4f/IoNpYmmVq9MGupmYmdISuhO+TycZu0LABALFF8vLiQJwhCwjAkCAIAgiAY/z6KIsIwxOT78cMuXD8CJ4uNBrHWYIwDtlgsMNbBRqNdOxistZhg9LFHCzh5CHPFRtUowFw4TtT6JnAnb8Kz8uIGs7nnIhPQl3+Fly78JXG3mqTbiGN8LJbQ5sgFveTCXgo2g7UBBpeUv5qN9e9i0zt/F8dGtLkvcrz7/2EofxpLiDEuvkkRd2uJu3W4TgKDIbIB2bCbbHiBq6rvJJXcgJlmfCsvdsqV5Wn6uE1aczWRwoYBJp8fz4mFQgGAfD4//v1Yp2IYhiRGjuLFLNYJwQ4VcyVmtMN4NF9Go13+GCLARhYTTsiXUVBcx9oYCPOY84eJGnZOO5eV4crkyi0/+n8CKFeKiIiIiExBxdUSjH0eWKhHXce4DrjZHtqfeoazr7xA4+ZriacqGTx/hr6TL5Kmj/ja68hHhvhCPGJrJ/+53M0UN9/3yeVyRPk8YWYYZ8+tmGQFsXwG13WpqqrCWksymcR1XSorK8nn8ySTSXzTi+9kMb4PJo+J+rEmhjEeFgdwwHGIrIHQ4GDAQGQsNrLFz46hhy1kgBAcMJnz2DB/SYBWWtxgdvecsR5xp5ZcWCwMDNA2/bmJGCqc5JX+v4NqwBiOXriXfDQ44foROdtPLuqHwokpzxN3qzH4045vpcVOubI8zRS3eDzO4OBg8f9c6mzH3b2XsK6Zio6TWGuprq4mDEN8v3g/VFRUYIzBGIPjOCTow3gueDEIezEmhjExLG5xnVVccA2RBb/XpWoAACAASURBVKyDA2AMkYlG86XBhiG2MIJxwDoGM3zusoXgiXNa7q5UrvRqkwRRVrlSRERERGQKKq5eYZGF4RDaR8AZjthZW0NFzKG94zwvH3yQKIpIJuM0tjSzunkbA3h872QvNuWxtT5GfcrDd52lnkbZcxyHdDrNsWPHqK6upmrbLta+5ph169ZN+n716tXj/zs21InvRTipZkzTrdiRdmzvMxCBNfFi0SACgweuBzjFbi3H4NiIKDJYG0IwgHEsxjWE6taZG+sQc6tw8IgISn5ZZAPy0RBhlJlULCiFg4fvpDG4sx2tlEi58vWjrq6OEydO0NPTQ+2m7azZtL34ix3Fx/LXrp2cPZuamiZ9H487GHI4zT8KlVcRnbwPU+gDJ4nFL/YqhmBMHOO6RNYUC6iW0XzpFPNloVikNUBoZ17DU15jPrkyHCIX9ipXioiIiIhMQcXVksx/kxYLjERwPOPy8ohPpe9yUyIgGbqY5g1UtO6g4CQhXo8XS+IWLmAGTlKbG2JNKsGfvpTl3BPtvGl1itu21rK5ITnrwsHYrsIr55G76eOWSCRobGzkxIkTbNy4kUQiMcU5puaElsi4EPZg4zWY1vdg+n6A7XkSM3yq+MiyV40JspDtJ7KMbt4CWHAs2CgCOwy+wRoX48VhdPmASbNYcXGD2dxznufT7L+R9296jHzYz9mRb3Ns4B+4kHtpQUdUG9/JxvSP01qxj4RbB0BQiAiicJpNgFZa7JQry9P0cfM8j82bN3Ps2DG2bdtGMjm7tTNDPHANduhFzFW/hVOzC7q+ie0/jMldwDoxbLwZM3QKClmsO1qIswasnZwv4z42tOAnpl3CQLG7lHKliIiIiMjiUHG1JPMrGAQWukKHF7I+p7MOcddlV32CprAam0ngGQenchVDkUt31wu4fhX1zddT2VBHNNLB6vRqVneO8M3n23ju1HkOHu/mp29o4dbNdVQn/NJnseI+vEwfN8dxaGhoIJfL8dJLL1FVVUUikcB1Z+6wSYbD+EGCZDCE7fwPwvgaTNMtuKveAsFIcb3VTA/2+F8TZTswjouDwboGi8Eah6gwiOPmMb4hcgxRuonI8aZcFmBlxQ1KvefiboFU/3+QOPNn+IPPEvm11DXcTl3DT/NU9CBdmacv+9rQtdjQElkIg+nf24bEteyp+CCru79L7PDv4eTPE1ReTbb1IwxX3UYumrowv/Jip1xZnmaOW11dHdlslhdeeIGamprx5VJKEeYT1LgJ7OBRohN/SbD2F4hd9XOYMA/BMMZUYi+8iH3xs0TGxXGcYp6kuA6rNR5RrhfHtxjHIQoioqpWFVeBK5YrI0sUKVeKiIiIiExFxdUSFD+vzK1gULBwLHB5suDh+B6+cTg/XOCF3hHWrm6lcZ1HdniATAFGur5C3eCXsHh0d9/Ghaafp3b1mxkIfLq62ykEWYKowLHzIX/87Qxdwzl+4upmGlKxWc5jtu9AeSolbp7nsXbtWhoaGjh//jyDg4OEYTjjueMUqHIS1Ls+DB2m+/k/49XwLWT8jcT8OBXuEOvMIerzz+GYCIwloti9aowDQRbMMDZmi/u52ARR7VVYJ36ZNVdXTtygtNg5jkMsPE/ylc/ijhzHAibfQyz7AHWhpaX+zZzrf/Ky14jciCi0RJElzE//iHFT9Y3UdX4Tv+OfMUEfFnB7nyeR+TzB1VvJ+9vGN/CZeh6lzry8KVeWp1LjtmrVKurr6+ns7GRwcHB807+ZRKaSTZ6L4yWJztzH0bZOztg3kkqlcYyh3u9iW/hPuGTBJMCERJiL+bIwUMyXCQcbhBCvIKi/Zpo1VxW7iRYsVwbKlSIiIiIiU1FxdRGFwBlcvo2Pnyh2LvYEEQOe4dCFDL1DGd61qZWG6tWMnPomtdlv0lLdhxODTO7v6Oz6JufPv5NY05385t7ruaYxxf1Pt3GqZ4C+kRG+8tQpkp7Le65upjKm9czmynEcKioqqKioKP1FNqJioEDU/Qpe4RxN5hhe4TTneusIIp+G1BBVySyO52MdF6IIxylu8IINiWwWxw+Lj7+GEFZcRVi1HtzSij9SZMICpvc0ERO7ErMkBntJN2+kkLt8IcBxo2KxIIqmPQ6gwltLYvD7MDQ86Vom244Js1B6U6RMQbmyfMRisUvWWJ2JsTspnPom8cxhXMeyg6+T7H+S3gs1JP2A1eke3DjgJjC2AJG5mC+jApHN4MQNNnIhsBRqdhNVtC7OBJepeefK0BIGypUiIiIiIlNRcbVEY4+szaYbq984PGM8MnGXtOvSngm5YCMc32DTMQ5dGOGVQ8fZ5/fzxuBR0u4JXDcJ+QypOGxo6GI4ey9dHY+Qdd/LO9feSW+mmb9/NkffQEDf8DB/+8xJNtUleUNrNb5rSpjDfN+J8jKXuJXGkElchRO/nopsN77j0FAR0pDuBGMg8gAfbERxkdXi5izGhkSmUHy81XWwYYQNHXLNtxB5VZfpxFp5cYOZY2eLzwsTZS79tB7lPWxkCbKX70J2vZAwKHauTnccUOzayntTXovQuew4V2LslCvL0+LlSrC49NW+j8qBPyLhGTzHZUvDAJh+wIXIBzywBTAOOIzmy6CYL2MGEznYIMK6LiNr3zdtXlDsXvv7+efKKCh2ripXioiIiIhcSsXVksx+HcEchiN4POu4bIl7nM+HdEQhOcfiR+B4kKxNUMkIie7nqLTfI7luL4Wmt8PAd3EH/h0n101lAlKNZ+kb/G/0D1t21P0Uqxuq6c/lMEGOto4L3P/9dporY6yvSRQ7fS43ixW3ptn8N9e5nEKhwPBQnPbsm0iO9NHsHKY+OYRvJ26cUwCKRdWLjzsaHGOKSwGYYh1huOYmsnVvInKTU366XHlxg1JiZ63FRgabq4Qof/HnxiUMEuQLmem7scKxzlU7YzdWoZAlDBK42STGTiguODFsNFPBYCXFTrmyPC1ergQYHh6mc3gDNnw/9UOP0pruIzXpiBAo3oMX82UxPsX1V+14vhyofhe5musvW4nTmqtTHLEAuTIMLGGgXCkiIiIiMhUVVxeBBS7gcNhxScddCgY6oogLJsQ64GFwsMTDDLW9r9Jy4TEaU6/gdfdg/Vai5vcS1N6G6f4n3KFv4zgXqE7EsJVVhIUYgZcD1wULJgz55gvt7F1fS2NFExV65PWK6Ozs4OWjR2ltbaV268/QffpfCEe+S1NqAN+Z2Nlz8YOiMRSLBO5oV5aBXGwzQy0fIIi3XPlJlDlrLQUnTb7lR/Fe/Tpj73WUbqW3aittHQcoZC9fCHD9YrEgDKNpjwM42fVd1ldtpTF2HKevbfSnhnDjbRS8+kUpSK0EypUrw5NPHiIoFLjthz7EyNn1HD/512yqOU/Ky004avI9ZIwt/mRCvswkrmVgzS9eyaEvCwuRK6PAEhaUK0VEREREpqLi6owudsGU2tUTAj3G0O44NPsuQ2FEHxHDo503rrE4RMT7eqg78zTN/iukmm8maL4B0/FN3HPfwFl9G2HLLxPm3wEdf0km9DkTvInvdBrODGWLn42sxdiQXC7Hc2f6uGlDDSl/6p14YfLGF8u/O2T2cZuNvr4+XnrxJV566TA33fQmtqx5O73nA2LZ79KQHGRSU5xh/O0uFliL8rG19DV8mFxiExZnmk6syfNZ/kqLnbWWnFuJf+0vEJk07rnnsMlawi230VOT5pXn7yWYZvOVwEbFXcdDSzBDN1Zb+2Ncfe2PUHP1L+K+8u+Y4W7C5p2E17yfXLyeKJz69SsrdsqV5WlxcyXA8Vdfpauzi86uLn783bdTaP4pTp//Cltru4ob/k10mXyZS2yjZ9X/RuhM3eE/PpsJc1HsRo9aiFw5uqGVcqWIiIiIyKVUXC3RbB6ZzFk4Zww4DnFj6Ioi+q1l2AHHgmchPjBI4sRhWi88zeqaEzgdQ1D3BuzO36TQ9xLO6YdwO5/A1G0mKrj0mJv5j3PVPN89SL4QYoOAqBASBSE2tBxt72NgpEBLOj7NHFiUD86vZ4v1qKu1lnwhz+DgAI8/9hj911zDhtV7sIGlwh4iZfonv2Cs2GohcioYSb2Rvtr3ko+vBePNUCxYeXGD0mKXD6A/sYb4W/4PcPJ09R3lyKl/4aWn/5lM/sK05w+YUDCYYQfsofwF/unpT7Jt7TvZsffnaam7GmNj5HL5aXdMX4mxU64sT4u5LIC1lqHhQc6cOsXf/u3f8cM//MP0+O+hLnqURvfYpS+YmC/dGgaq3kF/7XsI3fSMC3Mu1hxez5QrRURERESWloqri6Bg4XxkiWxxJ/LhyDJsLVlrcQA3CnHbT1N/9HG2VLdTveEWovrNmJf+Cffo12Db7UTXfoyg+xDuyb/hgq3mudg1HOyMONc/QpTJEmWz2EIBQosTwcBQliCYfqMJWTgxP4bjGIaHhwE4fPgwxuyEde8gXvUmaqOXKAyeYSQbkQl8IgtJP6SqdhVh3U3k41uwzuWLO1K6MAzJ5jL0Z1/mX7/3MXr6Xy3pdZEzWjAIi4+7zmSo0MPTR+7jePtj3L73D6lJXEUYqhgwH8qVK0M6nWZwcBDX9ch3nOPxxx/n+uuv52jq17DVJzB93yczMsRwPkYu9DCEpJMRVQ1bGa55G4HXtNRTWBaUK0VEREREFoeKqyUa24G4lM6KGLAqDHg6U6Dbd8iEllxoyVmLAeLne6h46ftsG3iJrRVn8S5UYTe+neiWTxKcPIh5/n5M2zdwW66m4K7m1OAmDvZVcqJ3kMLgCNHgCHYkgw1CsGCtYWtjmoq4N+34rDUrrjNkNnGbjerqaurq6mlra8N1Xbq7uzl+/DiJRALHXU1vaj2VqyvxPA8njMiOjHDybDv9bf2sKVTQsgpisdLGtBLjBrOLnY0MLgkcGycMSnuvQtcSRRBFtuTXADjEcEmMxmX6QsNKjJ1yZXlarFwJsHnzFg4c+BYjI8MkEgmOHz9OVVUVW7Zs5WVvJ/GK3VS3VmODAC+y9Pf18cKJNsLukB07PWprSx/TSuyAvBK50kZWuVJERERE5DJUXC3B2D/4S33cMAZc5wRksiM8FoZ0ei7ZMCK0EQZD1NdHfc8ptiUvUJftJnrxILQ9i7tjH/ba24nW30LY9k3s0X+gM2rimXAjh/rynB/MEmby2FwBrINxYsTjLjeua+Bnb95AS3V8hoLBxHksyFvzujbbuM1GTW0tW6+6iqMvH2VgYIAgCOjoOEdtbS11dXXk8jmeeOIJjr/6KtlsFoCKihT1dXUMDvRjHMOqVatx3Zk31VlpcYPZxy6KIlwnQV31Rjp6X1zUsdWm1+M6CaIomnFsKy12ypXlaTFzJcD2HTvYuGkTr7z8MhbI5XIcP36choYG0ulKTp85wwMPPsCF3l7CMMR1Xaqrq6ivqyObyfCmN+8llUrNei4rgXKliIiIiMjSU3F1kaQdeHssYmeY4bEheD6wtEVw3hgiL0FPZTOHO5vYXd1PEx3Y4X6iJ/8Zc/Q7OFf/EKZlK5n4Zl7qqOHb2UrO5Sw2dEh4caqqU7QkY6ytTvDG9TXctLGOqqSHmbSLkiwmz/PYvn0758938Y1HH2VoaBDf98nn87z88su0tR2np7eXQr5AGAYUCgUKhQKJRIKrrrqKzVu2rpgP/1eCtZZkrIkbt91JR8+L9A60zfyiOahNr2P31g+RjDURFPRo+UJQrlz+4vE473//T/LnX76Hnp4ePM8lk8kQRRHf+MY3OHGijWwuRxiE4/ny1KmTVFVVsfv66wmnWatTZke5UkRERERk4am4WpLJO/KWygFWu/CBJNweWc4WoCuM6EpXcnz9Dh49fY7jJ9O8s7mLmypOUJc/TzTYS/S9r0IqRnvFDp7P7KSqvoUPrV5HbdylNuFRl/BZVRUjHfdwnYtFgpnHttJ24p1b3EpVWZnmLW+5Bc/zeeKJ71FfV8+aNWs5fvxVzp07N95JFIYhxhhisRi5XA7X9aioqMBxnBLHtdLiBnOJXRhE1FZs4+03/O888tTv0zd0psRrlVZoq6lcwy3X/Weaaq4jDGbuxCpaabFTrixPi5srAdasWcuv/MpdPPiPD3D61Gl27txJVVU1hw+/NJ4jwzAkiiIcxyEejzM4OEiqopKKyopZjEuxm4lypYiIiIjIwlJxtUTz3Uk5YWBTDDZhIBmjcOMO2lfX8J3vPcX/PPYyj3iNvLv5HG+oOElVoZesSfHchXoSqzbzUzduoqG+7rLjmu0cVpLF3AEboLKykn37buXaa6/DGENtTQ0tq1qwwCsvHyWTyUw6duvWq7j5LW+hvqFxfHylzmGlmW3swjDEWoc1DTfznrd+nmeP/T3n+44R99PUpNeQTrWQitdigMFMF529h3GMC1hW1e9ic+stVKWKscvk+xkYPkv/0Fly+QHqqjewe+uHqK3YRiEfEUWldWKtxNgpV5anxc6VAK1r1vBLv/TLnDvXQevq1cTiMX7sXbdz4Fvf4sKFXqKouC6nMYa6unquueYa9t36NqD09TgVu5nNJVca46BcKSIiIiIyNRVXl4jv+2xYv47Vq1o4dfoM333qWe45dpSN8Rb2NV0gjByeza7h6pa11NfVLvVwZRq+79PUdHE36/XrN7Bq1Wp6e3vp7j5PoVAgmUxSX19PbW0tnucv4WiXtyiKyGUjqhPb+aE3/F84bojj+Bjrkc8Xxos3sZhPptDNSLYXay17dv4CVck15HJ5ABzHIRbzwYSEUYEodMjnAnLZwlJOb0VSrlxekskUmzZtGv9+z543sWvXtZw7d5b+/n6MMaTTaZqbm6msTC/hSJe32ebKTK6fKAqUK0VEREREpqDiagmKzRSL09Xj+z6bN21kTetqXj2+nSeefpa/PneOVMJn97W72LJx/egY5n/di48OzvtUZWEx4zYT3/dpbm6mubl5inHNbiwrLW4w/9jl83ny+TzGGKzNXfL7TCaD6yZJumsBiIKIvr7+SccMDxf/LJ5jbm/+SoudcmV5WspcCZBIJNi4cdMlP5/LWBS72Sk1VyacCnCUK0VEREREpqLiaomsXdzH1mKxGDu2b2PjhvWMjIzg+/4s1+Wc2UrchXex43YlrMS4wcLEbrrXBiVukjPf66+02ClXlqflkCtBsZv7OZQrRURERETmSsXVEhhT/LoSEokEiURi0c5/Jeey1JbTXJfTXEqxnOa7nOYyE+XK8rTc5rrc5jOd5TTX5TQXEREREVlZVFydgbUWxzEYYzBmYR45XSrFDy4GxzEs9x15FbfypdiVJ8WtPL02buX8aPZYcW4sduX832ApdM+JiIiIiLw+OEs9gNe7QiHA911838V1XUyZtlUYY3Bdd3QuHoVCaTv4livFrXwpduVJcStPl8bNKcvuwWJxznlN7Ep7nL1c6Z4TEREREXl9UOfqDBKJJLlcQCIRI58PsNYShlFZdYgUP7g4xOP+6DwKJBLJpR7WolLcypdiV54Ut/I0MW6FQjgpbuUSu2Ln5uTY5XIrK3a650RERERElo6KqzOorKigu7uH1tZ60mmL5zkUCiFRVD4fXhzH4PsuiUSceDzGuXMXqKmuWephLSrFrXwpduVJcStPE+MGTIhbVDbLAxgDjuPg+y7JZDF27e091NfVL/XQFpXuORERERGR1wcVV2cQi8WorKikvb2HhoYqamoqxz94louxD535fMi5c72kkhXE4/GlHtaiUtzKl2JXnhS38jRd3MqlA7K4VmcxdrlcQHt7D5UVlcRisaUe2qLSPSciIiIi8vqg4moJ0uk08XicgYEhstksvl9ea5tZaykUQpKJBLU1dSvmg4viVr4Uu/KkuJWnsbgNDg7T1dVfdnGDCbFLJqmvq1/2hdUxuudERERERJaeiqslisVi1NfVLfUwZJYUt/Kl2JUnxa08xWIx6mIxqK1d6qHILOmeExERERFZWs5SD0BERERERERERESkHKm4KiIiIiIiIiIiIjIHKq6KiIiIiIiIiIiIzMGyL6523P9BkqkUyVSKzx1avPN/8P6OhT/5uEN8LpUimfocTyziVcpOx/18MJUi+cH7Wcx3fyE98bmZ/lucS6w7uP+DH2RR/xOcl7E5Xebrg/fz9Rnflys1xsW+xw7xuXK5j8fur1SK5CIGZuZ7YnFfv+Ic+tyE+2/yf4sT/76ca8yvzN+JZWriPZV6Tc6eGJc5/53Wwf0fnCbXpj7H118H8bky9+zr/e9FEREREVlOlnlxtYNv3/+18e9+9+DC/0u+5QNfJTMywlc/0LLg55aVaA8fHRkhM/JR3lTS8R3c/8FN/OzXZj7y9Wz3R0fIjIzw0T1LPZLFdIjPpW7ld5d6GCXq+Pb9PDT2zScPlkdBWGbpEKfGi0+T/76UxfY1Tp66+N0TBz95Ra5atyL+zbI8/l4UERERkfKxvIurh75S/Mf1pz/N78FlCgSXdnpM7qaY/vdTdelM7pYde/3FDqHxro37J3axLEA326SumEs7UyZ1JU3qjrl0jBd/drHzY/Lry6cjZPpxXxrfD16ccPH9nBzwS7plx+K5MHGcooPy/2/vfmKluu48gf8w2PxxbJLh2XlOTFBZPXoaudPTM+MmciS/h7JJL0CRW8ILHjKbbiP1IgtgQeKxF1jELDDSZBEJOhsiw8JIyQIWySaCZ02sdrvVakXWDN1plxycDsk8Oglx+GvHs7h/6tb/qvP+VL3H5yNFiql6t06de++pc7/3nHObRpq17rfiAvJCPP/EuI4WKwLjG3HzxsXsXIwjcbH4tzd2x/tNI5kqx9654y37pbq/Wuu6ZYRs67CorvXYoteIzT7nWPfXq8Hqy7Gj7bt2a39G5e14fd+FiDgSrxyJiHg53mwtV+VcOHe8c5002sdzlX3Tve3o1Z4u7Nge8tgoj63B2sa+x8XYuhDn3izauzejLVst6qVaX53+LUHvdrN9tHv5cfnnN9VxhzItbru8NBo3fN+ON9uy1Q7HWcd/q5qM3W8Ube178b2dERE743vvFf92KLa1nE8d+yN5PTbqsP3zhtt/3cq7gPa86+sr5XcRAIDVZFWHq8VIkFemD8UzXQKCvz/ePrrhpR2NC4F+r7d5+3jU9lVGy+74epzr8taX9u1rjAyLl2PHQi5Wr56L556obi/i/L4nmi5Iq+WKiIgL++Lr565GxGQ8s3tnNNVPcaG9c3c8M5kFHM1/fyGef2I8L1ir+pW70/49v+/r2f6dfCayammE8sVovl27n4nJyC4wdzRdFL8cOxZzmYKr5+K5HS1X3Rf2RW08ErgldiGe39f47uf3fT2eaxqNVD1nOowKfXlHc1A+UD2+HDuq59HLOxrnUL9zrN/rHQzdviyXt+eyujwyHYemj0REj5H/F/bF85Wq7fSdz+/bV9k33duOyWd2x66IOH/uzfIGQjaacmfsfiZ1pF3CsVEeW/3bxpT9Phbym45lXf/8/TgfEa8cOdJ4z/bpthuTjd/V9GHmvdvNq3HuufYR3i/tyI+ZvEyNY6S9TEveLi/UziPxSvW35er78XZE7DpyJHaVbyqOvQ4BeHHsLaKm/sjLO+K5556r1OGFeP7rzTcUh9t/nc/5l3Yktud9XwcAgOW1isPVYiTIkXhme8SXegYE1ZEdN+LmjTeiecZcv9cLV+Pc8eyKY9fp97L3Xtwe57tNTTtyMX9PfjH79vvJF39F6PfKxeYRgi8dzy94th+qlL/xmefzeYlFqFHUT3OIWAQcldGGF49ExMvx2lhfzPQv95cO3Wiql6xaiumarcFKa9CTH2M7T0c9//v66Z0RF/bF64sdrBTHSvG/Q9sjG6XUPDpptU31LM6jYr+cj7yuW8+ZPAwsz7t81Nb5fa83X9B3rMdmxTlUP70z/4g8MuhzjvV+fXscahm12/joQduX5dMUVnUI2Jo1yl/UWVs7W54jxfHaYSRsROOGxoX34/2IxQmT+h0bk7vjjeox8d7pLODKj63ebeMAbe/Yms5uOuZ1ne3zI/HMdPU92/Mbk8XyAc2/q2n6tZvV0ZfVY6YoQ16mC+fizY5lWsZ2Odm2/Lcl+07ZMbQzdk9va3pXebMh/51uPfYWVd42Fufw+Qvbs9/N4nwozsmB67fyu9ttqZuiPW455/qesz1fX/2/iwAAjJ/VG65WRl59KaJrQJCFrtnUsU5T0/q93uzn8f6FiIgjcbDozG/fm3fy25Ujf4qyLcD72QfHSzuKcuajOsoLolwxfbV1pFbTKM1GKJl9j+J7ZdOZN1b+/nx10bixM3i5i6nH7dVSCVaKoOfIoSz8ykcbxYV9Ucu3X4ySLQK5BSv3y44VOOV4oRqjFbdty06iMlT4wrbKCK+Iq+9nV/Xn9z2R11MxIioPZAaux0ZoNLmtOT3qd44NfA5WDNe+LJfWsGp715H/EdE4HyJicvehrC1ruVH0yqHdeRg0GbsPZcF453Ok5YZGPppyIWFS32OjlE8zbhmF2rttTNvv4yI7r16ON98uArNtsa3lPcUxeu7Nq402r/hdTTFEu5lNPW8f3d1UpjJo25uVaTna5UWwbdv2yL7D2/kxtT2+8IWWN7XMnsiOtYWM4u6u6I+U7V6xjye3RVNL2Ld+G+dw+bvbZdRw2Qdq+Yx+5+zg5zQAACyPVRuulg+HKMOUxnqHTaMt8xGdxWiN5vUQB3h97OUXG8WadK9vy0ZpXTzS8r5KqHGuCBEHuIBewGjbkcrLXawb9/q2NyojJCsqF7fnihFqA0yHXbzQuRjFdbEM4M/ve2IBT5O+1zRGIS9dPfa7oO/x+ji2L8WNqUo4Utx06Dgac4A2YJhQq3pDI2vHlyZMKo+Ncu3Y92NvdRRdo0RpbeMKCHrKuj5+PJuW3inErkzD//sh2sAUWbvZWFf053urI1c7l+ncEMfIWN0MLL/D8R7HVPVmQxGAL/6SAIulnAmzu+X39MK+qC3KOu3NDwEb/nUAAFgaqzNcvXouXuvx4N3qtl2fLAAAHFdJREFUWm2F4mKgCB1bp7X2ez3zhdiWT3ktA9zioVpLrBjZ15ia2jzFuHVNumLkR1V5oZ2vvda4gC6+V+s0v+xhRGN6nRf9y906Qu9q/LytWhoXt8/nD/gpp8MWo20q0yN7TTdfmOKhUHnQUE6JJaIx2qoxTbTxv+ZdkV6P/c6xfq/3LP9A7ctyaCxt0lGn+qr829Vzx7Ngdvu2pnahuoZqsf3t27pUSmWU8Y5FCJP6HRttU63z0bLNRerWNi5sv49c0YZduBDno9s+Kabh74sdrW3gQj6zW7vZthREMQOhc5mebz1GlrVdXoj89ymv+13bWoetZspjb0d2g3hJlgQYxhD1Wyy7k908qqwd2/cjep+zg7f3AACwPFZluFpcLLetr1iMWivDgPYndRfTxrOL536vt2pMeS2nq+14O3Z1WRZgeJVpdi1P6W1cgLW83jIErni97eFWERGTu+NgOXKzegHdYZrfOD3ZvDI9sflJ8IOWu3i9ffppRGWqc0TL6KLGBX7z5/cfodO2n7rVZdtTzPMytgVO+dTysdghI1CMAiunibZMRx24Hrvrd44Neg4Wx9tz5346ZPuyDMonxrffkCjWvW0PSBrLGhTtSlv5y3OkOMd6BXTFeZsZNEzqek71OzZyjTa7Q7jctW0cZr+Po2LJh4he+6RYszx722BLArTVd7kUx4DtZvl6+8OtIiK+tLcxwrj5GElvl5dX9TjvMfK2uNnQ733Lpl/95strVP6XtQtDlL3fOTvgOX3P/y4CALBsVmG4WqyJ1ymgKC4ki4Cg+uCDhl2n38tHP/R7vYPthypTfHfG9977duxewLcZ2OTueKN1OuvO01HPC/qlQxcr67rujO+9l3+vjmvQRtsF9OTuNyrfK9OzHsZE73Jvj0PVdQB2no56XofNIwcbAUTrMfWlQ+1LCbxycRFHrG0/1GEJhyNx8Y32NSzvbdUHRhUq9dS3HgfQ5xzr+3psj71Nx+Ijw7cvS6xxY6o9QCvahraR/ztPx/cqVdup/LtOn25pfzo83KaiCCwXJ0zqfWxM7v520z545WJ+TreM0u3WNvbf7+Ot6/eqqqwLvhjBf892c3J3fLt6nhy5mJ+7LcF+GTq2HyNL3i4vkvI473mTpxLCjsmSAL3rt9P5Nmz992nP+77udxEAgOW15pNPPvlkKTZcr9fjscnFuwq4+52vRETE/X/740Xb5lL4++P5+oRHLuZT5N6O45t2xEtxJC52elouwEp09Vw898S+OL/zdNS7hNRXzz0XtX0XYtfp94Z7YvcA22Y5+R0bpeTziIGtlD4mAACd/fLq1ajVakuy7YMHD/Z9z7ol+eR7WLb+3oXsQVrV2aULeboywD2kbR1URqt4yJnfsREoZuOMw5IAAABAJ6twWYDRmtz9RvsT51fQFFGA0cnWa6ztuxCx83R82yi9EcvXHc+mY8RFv2PL6+3j5TrFu05/e+yWNQAAADKWBQAA4J6ljwkAsLKNelkAI1cBAAAAABIIVwEAAAAAEghXAQAAAAASCFcBAAAAABIIVwEAAAAAEghXAQAAAAASCFcBAAAAABIIVwEAAAAAEghXAQAAAAASCFcBAAAAABIIVwEAAAAAEghXAQAAAAASCFcBAAAAABIIVwEAAAAAEqwbdQGGdfc7Xxl1EQAAAAAAjFwFAAAAAEixYkau3v+3Px51EQAAAAAASkauAgAAAAAkEK4CAAAAACQQrgIAAAAAJBCuAgAAAAAkEK4CAAAAACQQrgIAAAAAJBCuAgAAAAAkEK4CAAAAACQQrgIAAAAAJBCuAgAAAAAkEK4CAAAAACQQrgIAAAAAJBCuAgAAAAAkEK4CAAAAACQQrgIAAAAAJBCuAgAAAAAkEK4CAAAAACQQrgIAAAAAJBCuAgAAAAAkEK4CAAAAACQQrgIAAAAAJBCuAgAAAAAkEK4CAAAAACQQrgIAAAAAJBCuAgAAAAAkEK4CAAAAACQQrgIAAAAAJBCuAgAAAAAkEK4CAAAAACRYN+oCLLXLZ/bHa3PdX58+cDL2Ti1xIeYvxasvno16bU986/BMTCzxxy3U/KVj8c2z9Y6vtdZX8d7anqPxjZkl+GZtdXc5Xt9/IuZiOg6enI3F33VLvf1mS15/MR+Xjr0YZyq7M+WYX/pytn3gijpn7hVFe7os7eaSWt7zHKBV9/5pLWaPHo7l+KltbwtXWx9oiRV9lS4vr/zfSgBgUEauMpS5E/vj1UvzC9/Q/KV49dilWIQtLbQgcenYsViMrzR+2oPViGwfvn55NCVaqMtnVm7ZAaC/epx5cbX2S+4tcydWwX4cm/46AIy3VT9yteDu8fBaRxIUIwzqZ38Ul2eyEQ0TM4fj1MyQG758Jl44MRdR29P/vRMz8Y2Tw37AwAXJR2jUYrb8t6nYe/Jk7F2iT1xW8+/GT+oRURmBUoyUmXvncuydGuMTom2/N4Li6adGVioAWFTN/dPit64eP3l3PmaWfTTnKuoDLacOs2yy/tao9uMiGaa/DgD3uHsmXO2nCJ1qe/bE1rNnI5uplU/Nisq0n5YOVGOa7IGIEyeimOE1SJjbNv1++kCcmp0qXuwwLbrodFenjLWOTuwwlavoHOVSp19NzByOgx/sj9fm5uIfLs/G1FSXKV0dpkmV9VEtS/1sfHP/2ey1LY3vO7v1bJyZi6yu/zri77pND2/6Xs3T6DqWq3j/9IE4NRt5sBqRjRLZH2ea/r2lHtu+U5fXa3viW89+EN/sUq7urjXvx/JY6LTPh51K19hfU7Mn49Rs9bVOUwA7f2bvcg6+rcY5czS2/qDLtpqO/yfj3cpnzp3YH3OWCxhzlyvnV3S88Ky2f7U9R+Nv4rsdjune2xnoWOqwnekDBxb12wIsjol48ulaRL0e9Q+uRURL/yXX+tu/eG1h++942ran4+DJp+IfFm2Jgf593fZlFirvaer/tfZZqn2d/r9dg9ryeC0iWvbjINtv2tfTcfBAxGvVsne8Pui8nEPrdUbbtUnLcdXUZ+3WX5/qUNf6ZACwcsLVu9/5ytB/c//f/rj8/3Mn9sdc2zvaO2f1s9UALQ/doukN8XeXnmwLtOZOnGj57/0RPQLWjmttzZ2IF67kHZSJJ+PLtYh6/a14d34m6+gUIxFrT8eTHYPViIi5eG1/tHcom77Ci/FqpAWsRWfxytX5iKkOf99l/am5E8di69HD0XcMav1s4/tsnYyJuNrljXPxWlOV1+PMi2dicinWCOtQh1k9X2kPH+tn45ut5frupXiyT6ezfvZEc53NnYhXH8/2UXGh1Rj9MB/vvlWPiFp8+ckeWy2PoeL4X/g6br3KOay5Ey+2/kO8/tTgI8w/+s5X4u7Qn3pvqraFEQtvT3truXiMyM6LY1FefLVe8NXPvhh/V6sNvZ1C72OpfTut7XVKfQD3pqVtT4vf94ja41uyfxqiH7fQtrCX4bY9F68duxKtrXqa/n3d+UvHOqxfOxevnXkqCySnnorpmIu5uXfi8uxU3j9+Jyvv9LOdg9WIrr85g5S5bT8Osv35S/Fq075u7esOUYIOz09oujbp2Lft35fueP1SPxvfPDMZp2an/J4ylMH7lgDjb8WEq8umuPtaCQmLEQLltPimu9AtfxeVqdc/uBR/2alDNn8pvp93TBp3kfNOV/1s/PDyTOydag/V5t99KyvP009m27z8o6yzWfnsrIxz8f1LX41vzERc+sFc58+pTO1P0bEOutRHk4nZOHUgymlGjQ5l4y1Nd9bnu4Wr1ZEbRce7+N6DdIGnYu/JAxEdRi00my/rsDrioZjudeZHl2NmtrkW20bp1j+IPrUVnUZYlMsvPPl01KIe9bfejfmZmZhoC9m7mYiZwwfiSusI3QWNIulRzmE3Ve7/xoVT59B+ImYOH40olgXI6/fud5K+AEts/tIP8gvW1vOlaNsqF53lOZy1S/WhtlN5c69jqbiArhy7vR7aB7CcOt/8L26ezg/Xj1vKtjBl24vRzPbt6060L1FV9L+uXI35mIqJmIq/mI6Yq8y8uvxOXuKn8nk2w/zmtMpHdrabjr/K+6SDbP/yj/LBCW2zl4autPjh2ewmfNm/za9r2q5N2kYg56Y699cvv1P8meXWAKBqxYWrqXe4Bu0ElMHlxGRsjYh6ZXTgxGT2Lx23/2yjozL11T1Rmzsb9W6h2rUPys5To0xT8Zd7ajF3tl6uhznRFKo92TZacf7qlexPO3TqsvAz4kp1KnXTO65Et8GnC1KOlqyUaajpQtPxFwN11hod1q7T6BbFtbwOp+NgpfNZ7uPqKIi8XGX5i5ESA3xKbc9XG9so/67YR82jmJ9sDdl7ytdPaxqhMBevHXs8aQpX73IOua2y/I39Nwx3u/vrN4JkKerw2gdloxMvtBz82YV445xqnMON9m/w7TQOuF7HUtFOVo/diZlnY/psYwSRYwnoZ/na0+oN0GtD9eMW2hb2spTb7qV/X7dSAR1HY2aKflvWx474hyzpLPtsw/zmDKQltOy//YjiqxaBb8REzDw7HWe6fKeu5q9GtqlOM/Dya5NyNG+lPN2C1oqpp6Yj5uaajsfqNZbfUwZhhDOwGt036gKMv60xOapFhPJQLepvxbuXBx2tuLSKzmFjmlOriZg5fDJOnTwas8V8sPrZ+Ob+AZ/yXns8um05RREyR1Q66EtpkcufyS9koh4/effyYEsCtJqajVMnT8apA9PZf+ed64bsIi3TuJhLM9i2to7sxGK1cSwBK9X0gZPZ73P5v/RZRUvZFo5zOzt/6Vi8sH9/vHr1q819naqiTz33TlwulwR4anGWkqrtiW+dbOn7zr3TNhdqUVX7cWWYOozs5vupkweirK25E/HC/mNxab7Xn8221fHcif3xwrFL0evPAGC1W3EjV8dVdZpNMX2/a9C25fGoRUS9Zb2qH+ajtqp3rIvRAWdO5KFmZbRiOZK268jQ+diaZXKLM33n8pl8naXqiLNuspB1JhrTzson1Bfff0GFqS4B0Gltq1w5JazxnoYtZf10V7ynsnZXVKduLU7HvGlqfTm9rhHsl6OYizVPBwjZy+l+1ZEIXeu+HleKASDl5w9fzmG2NZyJ6DFwnDFSrMvcawRMcU41zuFG+zfMdgZRtJPVY7ecngkw1rYsWj9uKdvC5dh2975uYwp828yu5i3lfepiHdNazH61UaGL85tTXcaoeZbQINsvvmrZX64uTdWmMXK5vO4oi9GYfdd/rf18hlM0lrwq1/jv1V+fmo1TJ2ejsaxZ5RkRAHAPumfC1c5rWsWCL9xLHaYrVZcKaDIxE381fTZbl7W1XLU98ZeV4pShWvZi82jFqa/GbG0uznT67AMnY+9UYzpRp8/pNy28fvbFeKHDElJNU8Nb9ZiS1QiNyw9oPH00Ybhne/kaoW/ZGe+6DlbTlrJpU9MH4tRs62uVKVltU7maO+YLMxev7W+ut6Z6rjycKmKwJQHKY6fDFLRGKNy4cOt6jgxczmG3lWbuxP6Y82Taker5gMBiKmin8+Xo4ZiZqCzjUTmHa7XmaaYTfbczYGHL5Svaj12A8bawflyTpWwLO227Vhv4Rnrn/mbe1vft6xZ9jw5T4Fs09albblIv2m9OTMTMX++Jn7x4NuqVh+AOsv3GklMd+m3l5ovgtNf3bSy10/ae/Lqn+3q7HWZGlf31o7H1B13WgB3xzDoAGDXLAiyS6QOVqUDRf4TB1OzJ+NaelueoTh+IU60d5YmZ+Kti5k1bxyW7Qz7btpnKZ0/Ntk+PSg6majF79GTvB0ZNzcapo3vanhBb23O0UaZialbuytWUiUTTcbDpe7U8pGlqtqV+W98f0ZhuXxak85Smjt9pOg6eHKaz3Vttz4Gm/dh40E+jrDPPlgfCYEsCTMzEN6rTvQpNNxSyh15V39NalsHLOdy2hjX1VGXLbcsaMD6yh8U1H3fNF6cTM4ebzs/anqPxN08Pv53U8kwf6HBeAIyjRevHLWVb2Lrt6Th4+NnYuijb7tfXzcLMyi9KzB7N319/K96tduwqfer2m9SL9ZuTfc7f5L9x9bPfzafZD7D9iZn4Rmvftq3vOhV7W/qknfZj6+9s/say/zcxc7jj8gnTB6rlae2vR8wcPhkH2zuWcdANbwDucWs++eSTT5Ziw/V6PR6bnFy07RULX4/bQunZFJqlfWpm8RntgRv3lGJUsFGbDKhbuzna9rTy9OMOT0TWzgHjaDzb0zFRzlqqhIXlv7Xc/GY4RT0u1kw7GAPaTWAp/PLq1Ww25BI4ePBg3/fcM8sCrFjzl+L7cxFDP8CIVaax7tYgSwLA+Ko8abrD9EjtHMAKUy4L0Gka+iI9NAoAYIytuHD1vvvGayWDR/78a/G1z0Rse/S+WOyizf/0Qrz1fsSffe1rsevpnfFni/8YelaCaz+N89mBEF/b9XTs+qIDgf7++Mc/jroIXU3MHI6DH+zPH5BXSJx+CTAGxq1/urz+Szz/v/5n1H780/ht9Z+36bMs2KN/Hl/LLjTu8WMMAMbbigtXx83EF3fGri+uvG2zgmz5Yuza6UBgdZmaPdnhAXIArEibtsUzO7eNuhSrjz4gAKwIboECAAAAACQQrgIAAAAAJBCuAgAAAAAkEK4CAAAAACQQrgIAAAAAJBCuAgAAAAAkEK4CAAAAACQQrgIAAAAAJBCuAgAAAAAkEK4CAAAAACQQrgIAAAAAJFg36gIAAAAAAIybgwcP9n2PkasAAAAAAAmEqwAAAAAACYSrAAAAAAAJhKsAAAAAAAmEqwAAAAAACYSrAAAAAAAJhKsAAAAAAAmEqwAAAAAACYSrAAAAAAAJhKsAAAAAAAmEqwAAAAAACYSrAAAAAAAJhKsAAAAAAAmEqwAAAAAACYSrAAAAAAAJhKsAAAAAAAmEqwAAAAAACYSrAAAAAAAJhKsAAAAAAAmEqwAAAAAACYSrAAAAAAAJhKsAAAAAAAmEqwAAAAAACYSrAAAAAAAJhKsAAAAAAAmEqwAAAAAACYSrAAAAAAAJhKsAAAAAAAmEqwAAAAAACYSrAAAAAAAJhKsAAAAAAAmEqwAAAAAACYSrAAAAAAAJhKsAAAAAAAmEqwAAAAAACYSrAAAAAAAJhKsAAAAAAAmEqwAAAAAACYSrAAAAAAAJhKsAAAAAAAmEqwAAAAAACYSrAAAAAAAJhKsAAAAAAAmEqwAAAAAACYSrAAAAAAAJhKsAAAAAAAmEqwAAAAAACYSrAAAAAAAJhKsAAAAAAAmEqwAAAAAACYSrAAAAAAAJhKsAAAAAAAmEqwAAAAAACYSrAAAAAAAJhKsAAAAAAAmEqwAAAAAACYSrAAAAAAAJhKsAAAAAAAmEqwAAAAAACYSrAAAAAAAJhKsAAAAAAAmEqwAAAAAACYSrAAAAAAAJhKsAAAAAAAmEqwAAAAAACYSrAAAAAAAJhKsAAAAAAAmEqwAAAAAACYSrAAAAAAAJhKsAAAAAAAmEqwAAAAAACYSrAAAAAAAJhKsAAAAAAAmEqwAAAAAACYSrAAAAAAAJhKsAAAAAAAmEqwAAAAAACYSrAAAAAAAJhKsAAAAAAAmEqwAAAAAACYSrAAAAAAAJhKsAAAAAAAmEqwAAAAAACYSrAAAAAAAJhKsAAAAAAAmEqwAAAAAACYSrAAAAAAAJhKsAAAAAAAmEqwAAAAAACYSrAAAAAAAJhKsAAAAAAAmEqwAAAAAACYSrAAAAAAAJhKsAAAAAAAmEqwAAAAAACYSrAAAAAAAJhKsAAAAAAAmEqwAAAAAACYSrAAAAAAAJhKsAAAAAAAmEqwAAAAAACYSrAAAAAAAJhKsAAAAAAAmEqwAAAAAACYSrAAAAAAAJhKsAAAAAAAmEqwAAAAAACYSrAAAAAAAJhKsAAAAAAAmEqwAAAAAACYSrAAAAAAAJhKsAAAAAAAmEqwAAAAAACYSrAAAAAAAJhKsAAAAAAAmEqwAAAAAACYSrAAAAAAAJhKsAAAAAAAmEqwAAAAAACYSrAAAAAAAJhKsAAAAAAAmEqwAAAAAACYSrAAAAAAAJhKsAAAAAAAmEqwAAAAAACYSrAAAAAAAJ1o26ALCS3b59O/75n/8xIiL+9E//a2za9OCISwQAwL1M/xQAlpeRq5DoD3/4MP71X/5P+d//9m//Etd/f32EJQIA4F6mfwoAy8/IVRjCtWvzcf36b+Ohhx6O9es3xI2bN8rXbt68GR9/9FH86le/jP/4j2uxefOn43Ofe3yEpQUAYLXTPwWA0RKuwoCuXZuPa9d+HTdv3Ig7t2/HQw9vjs9/fmv84hdXIiLiscc+F9ev/y5+85tr8eGHv4+bN2/EmjVr4rHHPj/ikgMAsBrpnwLA6AlXYUDXr/8ubt7IRgLcunUz1q5bF7Xan5SvP/roZPzsZ5fjww9/HxERN278Iebnf63zCgDAktA/BYDRE67CgB566KG4c/tW3Lp1Mx5Yvz4efnhzrF27Nj7/+a3lezZv/nTcvHkjbtz4Q2zcsDE+85ktIywxAACrmf4pAIyecBUGcPPWzdi06cG4u/lurF23Lh5+eHM8+uhk2/s+97nHY82aNTE//+t4cNOn4sFPPRTXr/8uHn548whKDQDAaqV/CgDjQbgKfdy9eyd++e9X4vbtWzEx8dmo1f4k1q5d2/X9jz32+Xjk0c/Gv//ig/inf3w71m/YEP/9f2yPjRs2LmOpAQBYrfRPAWB83DfqAsC4+9nP/m/cvn0rIiLm538V8/O/6vs3v/z3X8TP/vVyRETcvnUr3vrfc0taRgAA7h36pwAwPoSrAAAAAAAJhKvQR632n2P9A+sjImLLlkfiP215pO/ffHbysag9kT2p9YH16+Mvtn95ScsIAMC9Q/8UAMaHNVehjw0bNsbkY4/Hxx9/HHfu3I5r87+OjRsfjM2bP93x/Tdv3og7d27Fpz+9Ob74Z/8t1q5dGw899NAylxoAgNVK/xQAxodwFQawadODcf3677KO6e1bcffu3VizJuLhh5s7sDdv3ohbN/8Qdz+6E+vW3R+f+tSDsXHjgyMqNQAAq5X+KQCMB8sCwIBu3Pgw7uQPDrh753Z8+OHv44+f/DGuX/9tXL/+2/j4jx/HnTu34u5HdyIi4qOP7sbtWzdHWWQAAFYx/VMAGD0jV2FAGzduirt378TdO3fi/vsfiPXrN8QfPvx9XP/db8r33Hff2li37v746KO7sXbtunhg/YYRlhgAgNVM/xQARk+4CgPavPkzsWbNmvjww9/Hpk0PxsaNm+L//fqX5evXf/eb2DLx2Vi3bl3cvnUzHli/ITZt+tQISwwAwGqmfwoAoydchSE8/PCny3Ws7ty5HWvXrouPP/4oIiLWrl0Xa9asiQ0bNlnHCgCAZaF/CgCjZc1VSPTAA+vjkc8+Vv73lkc+Gxs2bBxhiQAAuJfpnwLA8jNyFRZg3dp18fjW2qiLAQAAEaF/CgDLzchVAAAAAIAEwlUAAAAAgATCVQAAAACABMJVAAAAAIAEwlUAAAAAgATCVQAAAACABMJVAAAAAIAEwlUAAAAAgATCVQAAAACABMJVAAAAAIAEwlUAAAAAgATCVQAAAACABMJVAAAAAIAEwlUAAAAAgATCVQAAAACABMJVAAAAAIAEwlUAAAAAgATCVQAAAACABMJVAAAAAIAEwlUAAAAAgATCVQAAAACABP8f7yFk539wo3wAAAAASUVORK5CYII=" height="600" width="800" />]]>
  </system-out>
</testsuite> <!-- testcases.DahboardFeature -->
